#
# There is insufficient memory for the Java Runtime Environment to continue.
# Native memory allocation (malloc) failed to allocate 1803216 bytes for Chunk::new
# Possible reasons:
#   The system is out of physical RAM or swap space
#   In 32 bit mode, the process size limit was hit
# Possible solutions:
#   Reduce memory load on the system
#   Increase physical memory or swap space
#   Check if swap backing store is full
#   Use 64 bit Java on a 64 bit OS
#   Decrease Java heap size (-Xmx/-Xms)
#   Decrease number of Java threads
#   Decrease Java thread stack sizes (-Xss)
#   Set larger code cache with -XX:ReservedCodeCacheSize=
# This output file may be truncated or incomplete.
#
#  Out of Memory Error (allocation.cpp:390), pid=5848, tid=0x0000000000000308
#
# JRE version: OpenJDK Runtime Environment (8.0_152-b02) (build 1.8.0_152-release-1024-b02)
# Java VM: OpenJDK 64-Bit Server VM (25.152-b02 mixed mode windows-amd64 compressed oops)
# Failed to write core dump. Minidumps are not enabled by default on client versions of Windows
#

---------------  T H R E A D  ---------------

Current thread (0x00000000162e3000):  JavaThread "C2 CompilerThread1" daemon [_thread_in_native, id=776, stack(0x0000000017a30000,0x0000000017b30000)]

Stack: [0x0000000017a30000,0x0000000017b30000]
[error occurred during error reporting (printing stack bounds), id 0xc0000005]

Native frames: (J=compiled Java code, j=interpreted, Vv=VM code, C=native code)


Current CompileTask:
C2:  37939 4112   !   4       com.sun.beans.TypeResolver::resolve (274 bytes)


---------------  P R O C E S S  ---------------

Java Threads: ( => current thread )
  0x000000001b782800 JavaThread "Memory manager" [_thread_blocked, id=4196, stack(0x0000000020bf0000,0x0000000020cf0000)]
  0x000000001894a000 JavaThread "build operations Thread 4" [_thread_blocked, id=12212, stack(0x0000000020100000,0x0000000020200000)]
  0x0000000018949000 JavaThread "build operations Thread 3" [_thread_blocked, id=11100, stack(0x0000000020000000,0x0000000020100000)]
  0x000000001894e000 JavaThread "build operations Thread 2" [_thread_blocked, id=11728, stack(0x000000001ff00000,0x0000000020000000)]
  0x000000001894b000 JavaThread "build operations" [_thread_blocked, id=8328, stack(0x000000001fe00000,0x000000001ff00000)]
  0x000000001894e800 JavaThread "Cache worker for Artifact transforms cache (C:\Users\HP\.gradle\caches\transforms-1)" [_thread_blocked, id=12116, stack(0x000000001e590000,0x000000001e690000)]
  0x000000001b031800 JavaThread "Cache worker for file hash cache (H:\AndroidStudioProjects\LogInPage\.gradle\4.4\fileHashes)" [_thread_blocked, id=10660, stack(0x000000001be50000,0x000000001bf50000)]
  0x0000000017f97000 JavaThread "File lock request listener" [_thread_in_native, id=8060, stack(0x000000001ad80000,0x000000001ae80000)]
  0x000000001944d800 JavaThread "Cache worker for file hash cache (C:\Users\HP\.gradle\caches\4.4\fileHashes)" [_thread_blocked, id=10020, stack(0x000000001ac80000,0x000000001ad80000)]
  0x000000001915c000 JavaThread "Stdin handler" [_thread_blocked, id=11772, stack(0x000000001a980000,0x000000001aa80000)]
  0x000000001916b800 JavaThread "Asynchronous log dispatcher for DefaultDaemonConnection: socket connection from /127.0.0.1:4736 to /127.0.0.1:4737" [_thread_blocked, id=2424, stack(0x000000001a880000,0x000000001a980000)]
  0x0000000019166000 JavaThread "Daemon worker" [_thread_in_native, id=8224, stack(0x000000001a780000,0x000000001a880000)]
  0x000000001917e000 JavaThread "Cancel handler" [_thread_blocked, id=5456, stack(0x000000001a680000,0x000000001a780000)]
  0x000000001929b800 JavaThread "Handler for socket connection from /127.0.0.1:4736 to /127.0.0.1:4737" [_thread_in_native, id=324, stack(0x000000001a380000,0x000000001a480000)]
  0x0000000019298800 JavaThread "Daemon" [_thread_blocked, id=1728, stack(0x000000001a280000,0x000000001a380000)]
  0x0000000018fa2800 JavaThread "Daemon periodic checks" [_thread_blocked, id=8560, stack(0x000000001a180000,0x000000001a280000)]
  0x0000000019382000 JavaThread "Incoming local TCP Connector on port 4736" [_thread_in_native, id=4608, stack(0x0000000019f40000,0x000000001a040000)]
  0x0000000017c58800 JavaThread "Service Thread" daemon [_thread_blocked, id=5028, stack(0x0000000018030000,0x0000000018130000)]
  0x00000000162ea800 JavaThread "C1 CompilerThread2" daemon [_thread_blocked, id=10780, stack(0x0000000017b30000,0x0000000017c30000)]
=>0x00000000162e3000 JavaThread "C2 CompilerThread1" daemon [_thread_in_native, id=776, stack(0x0000000017a30000,0x0000000017b30000)]
  0x00000000162dd000 JavaThread "C2 CompilerThread0" daemon [_thread_in_native, id=6384, stack(0x0000000017930000,0x0000000017a30000)]
  0x00000000162db800 JavaThread "Attach Listener" daemon [_thread_blocked, id=7416, stack(0x0000000017830000,0x0000000017930000)]
  0x00000000162d8800 JavaThread "Signal Dispatcher" daemon [_thread_blocked, id=4872, stack(0x0000000017730000,0x0000000017830000)]
  0x000000000288c800 JavaThread "Finalizer" daemon [_thread_blocked, id=8736, stack(0x0000000017540000,0x0000000017640000)]
  0x0000000002881800 JavaThread "Reference Handler" daemon [_thread_blocked, id=5836, stack(0x0000000017440000,0x0000000017540000)]
  0x000000000296d800 JavaThread "main" [_thread_blocked, id=8832, stack(0x00000000025e0000,0x00000000026e0000)]

Other Threads:
  0x00000000162a6800 VMThread [stack: 0x0000000017340000,0x0000000017440000] [id=6960]
  0x000000001633e800 WatcherThread [stack: 0x0000000018130000,0x0000000018230000] [id=10232]

VM state:not at safepoint (normal execution)

VM Mutex/Monitor currently owned by a thread: None

Heap:
 PSYoungGen      total 152064K, used 22479K [0x00000000e0000000, 0x00000000ec400000, 0x0000000100000000)
  eden space 139776K, 7% used [0x00000000e0000000,0x00000000e09f6068,0x00000000e8880000)
  from space 12288K, 99% used [0x00000000e9680000,0x00000000ea27dc38,0x00000000ea280000)
  to   space 14336K, 0% used [0x00000000e8880000,0x00000000e8880000,0x00000000e9680000)
 ParOldGen       total 56320K, used 22193K [0x00000000a0000000, 0x00000000a3700000, 0x00000000e0000000)
  object space 56320K, 39% used [0x00000000a0000000,0x00000000a15ac608,0x00000000a3700000)
 Metaspace       used 42605K, capacity 43792K, committed 43864K, reserved 1087488K
  class space    used 5860K, capacity 6224K, committed 6232K, reserved 1048576K

Card table byte_map: [0x0000000011d30000,0x0000000012040000] byte_map_base: 0x0000000011830000

Marking Bits: (ParMarkBitMap*) 0x0000000064a04970
 Begin Bits: [0x0000000012640000, 0x0000000013e40000)
 End Bits:   [0x0000000013e40000, 0x0000000015640000)

Polling page: 0x00000000026e0000

CodeCache: size=245760Kb used=14247Kb max_used=14247Kb free=231512Kb
 bounds [0x0000000002970000, 0x0000000003770000, 0x0000000011970000]
 total_blobs=4604 nmethods=3885 adapters=631
 compilation: enabled

Compilation events (10 events):
Event: 37.655 Thread 0x00000000162ea800 4188       3       java.io.File::compareTo (9 bytes)
Event: 37.655 Thread 0x00000000162ea800 nmethod 4188 0x0000000003761290 code [0x0000000003761420, 0x00000000037617a8]
Event: 37.655 Thread 0x00000000162ea800 4189       3       java.io.WinNTFileSystem::compare (12 bytes)
Event: 37.656 Thread 0x00000000162ea800 nmethod 4189 0x00000000037619d0 code [0x0000000003761b60, 0x0000000003761e68]
Event: 37.656 Thread 0x00000000162ea800 4190       3       sun.nio.fs.WindowsPath::getFileSystem (5 bytes)
Event: 37.656 Thread 0x00000000162ea800 nmethod 4190 0x0000000003762010 code [0x0000000003762160, 0x0000000003762350]
Event: 37.656 Thread 0x00000000162ea800 4191       3       java.nio.file.Files::provider (10 bytes)
Event: 37.656 Thread 0x00000000162ea800 nmethod 4191 0x00000000037623d0 code [0x0000000003762540, 0x00000000037627f8]
Event: 37.880 Thread 0x00000000162ea800 4192       1       org.slf4j.impl.StaticLoggerBinder::getLoggerFactory (5 bytes)
Event: 37.880 Thread 0x00000000162ea800 nmethod 4192 0x00000000037628d0 code [0x0000000003762a20, 0x0000000003762b30]

GC Heap History (10 events):
Event: 15.295 GC heap before
{Heap before GC invocations=8 (full 1):
 PSYoungGen      total 72192K, used 5728K [0x00000000e0000000, 0x00000000e8e00000, 0x0000000100000000)
  eden space 64512K, 0% used [0x00000000e0000000,0x00000000e0000000,0x00000000e3f00000)
  from space 7680K, 74% used [0x00000000e3f00000,0x00000000e4498080,0x00000000e4680000)
  to   space 8192K, 0% used [0x00000000e8600000,0x00000000e8600000,0x00000000e8e00000)
 ParOldGen       total 44032K, used 7385K [0x00000000a0000000, 0x00000000a2b00000, 0x00000000e0000000)
  object space 44032K, 16% used [0x00000000a0000000,0x00000000a0736438,0x00000000a2b00000)
 Metaspace       used 20870K, capacity 21232K, committed 21248K, reserved 1067008K
  class space    used 2921K, capacity 3071K, committed 3072K, reserved 1048576K
Event: 15.464 GC heap after
Heap after GC invocations=8 (full 1):
 PSYoungGen      total 72192K, used 0K [0x00000000e0000000, 0x00000000e8e00000, 0x0000000100000000)
  eden space 64512K, 0% used [0x00000000e0000000,0x00000000e0000000,0x00000000e3f00000)
  from space 7680K, 0% used [0x00000000e3f00000,0x00000000e3f00000,0x00000000e4680000)
  to   space 8192K, 0% used [0x00000000e8600000,0x00000000e8600000,0x00000000e8e00000)
 ParOldGen       total 33792K, used 7926K [0x00000000a0000000, 0x00000000a2100000, 0x00000000e0000000)
  object space 33792K, 23% used [0x00000000a0000000,0x00000000a07bdab8,0x00000000a2100000)
 Metaspace       used 20870K, capacity 21232K, committed 21248K, reserved 1067008K
  class space    used 2921K, capacity 3071K, committed 3072K, reserved 1048576K
}
Event: 24.287 GC heap before
{Heap before GC invocations=9 (full 1):
 PSYoungGen      total 72192K, used 64512K [0x00000000e0000000, 0x00000000e8e00000, 0x0000000100000000)
  eden space 64512K, 100% used [0x00000000e0000000,0x00000000e3f00000,0x00000000e3f00000)
  from space 7680K, 0% used [0x00000000e3f00000,0x00000000e3f00000,0x00000000e4680000)
  to   space 8192K, 0% used [0x00000000e8600000,0x00000000e8600000,0x00000000e8e00000)
 ParOldGen       total 33792K, used 7926K [0x00000000a0000000, 0x00000000a2100000, 0x00000000e0000000)
  object space 33792K, 23% used [0x00000000a0000000,0x00000000a07bdab8,0x00000000a2100000)
 Metaspace       used 26473K, capacity 26912K, committed 27136K, reserved 1073152K
  class space    used 3637K, capacity 3805K, committed 3840K, reserved 1048576K
Event: 24.314 GC heap after
Heap after GC invocations=9 (full 1):
 PSYoungGen      total 112128K, used 6642K [0x00000000e0000000, 0x00000000e8c80000, 0x0000000100000000)
  eden space 105472K, 0% used [0x00000000e0000000,0x00000000e0000000,0x00000000e6700000)
  from space 6656K, 99% used [0x00000000e8600000,0x00000000e8c7c808,0x00000000e8c80000)
  to   space 8704K, 0% used [0x00000000e7b80000,0x00000000e7b80000,0x00000000e8400000)
 ParOldGen       total 33792K, used 7926K [0x00000000a0000000, 0x00000000a2100000, 0x00000000e0000000)
  object space 33792K, 23% used [0x00000000a0000000,0x00000000a07bdab8,0x00000000a2100000)
 Metaspace       used 26473K, capacity 26912K, committed 27136K, reserved 1073152K
  class space    used 3637K, capacity 3805K, committed 3840K, reserved 1048576K
}
Event: 32.841 GC heap before
{Heap before GC invocations=10 (full 1):
 PSYoungGen      total 112128K, used 107279K [0x00000000e0000000, 0x00000000e8c80000, 0x0000000100000000)
  eden space 105472K, 95% used [0x00000000e0000000,0x00000000e6247490,0x00000000e6700000)
  from space 6656K, 99% used [0x00000000e8600000,0x00000000e8c7c808,0x00000000e8c80000)
  to   space 8704K, 0% used [0x00000000e7b80000,0x00000000e7b80000,0x00000000e8400000)
 ParOldGen       total 33792K, used 7926K [0x00000000a0000000, 0x00000000a2100000, 0x00000000e0000000)
  object space 33792K, 23% used [0x00000000a0000000,0x00000000a07bdab8,0x00000000a2100000)
 Metaspace       used 34386K, capacity 35268K, committed 35416K, reserved 1079296K
  class space    used 4812K, capacity 5123K, committed 5208K, reserved 1048576K
Event: 32.867 GC heap after
Heap after GC invocations=10 (full 1):
 PSYoungGen      total 135168K, used 8704K [0x00000000e0000000, 0x00000000ea280000, 0x0000000100000000)
  eden space 126464K, 0% used [0x00000000e0000000,0x00000000e0000000,0x00000000e7b80000)
  from space 8704K, 100% used [0x00000000e7b80000,0x00000000e8400000,0x00000000e8400000)
  to   space 12288K, 0% used [0x00000000e9680000,0x00000000e9680000,0x00000000ea280000)
 ParOldGen       total 33792K, used 13397K [0x00000000a0000000, 0x00000000a2100000, 0x00000000e0000000)
  object space 33792K, 39% used [0x00000000a0000000,0x00000000a0d15518,0x00000000a2100000)
 Metaspace       used 34386K, capacity 35268K, committed 35416K, reserved 1079296K
  class space    used 4812K, capacity 5123K, committed 5208K, reserved 1048576K
}
Event: 32.867 GC heap before
{Heap before GC invocations=11 (full 2):
 PSYoungGen      total 135168K, used 8704K [0x00000000e0000000, 0x00000000ea280000, 0x0000000100000000)
  eden space 126464K, 0% used [0x00000000e0000000,0x00000000e0000000,0x00000000e7b80000)
  from space 8704K, 100% used [0x00000000e7b80000,0x00000000e8400000,0x00000000e8400000)
  to   space 12288K, 0% used [0x00000000e9680000,0x00000000e9680000,0x00000000ea280000)
 ParOldGen       total 33792K, used 13397K [0x00000000a0000000, 0x00000000a2100000, 0x00000000e0000000)
  object space 33792K, 39% used [0x00000000a0000000,0x00000000a0d15518,0x00000000a2100000)
 Metaspace       used 34386K, capacity 35268K, committed 35416K, reserved 1079296K
  class space    used 4812K, capacity 5123K, committed 5208K, reserved 1048576K
Event: 32.988 GC heap after
Heap after GC invocations=11 (full 2):
 PSYoungGen      total 135168K, used 0K [0x00000000e0000000, 0x00000000ea280000, 0x0000000100000000)
  eden space 126464K, 0% used [0x00000000e0000000,0x00000000e0000000,0x00000000e7b80000)
  from space 8704K, 0% used [0x00000000e7b80000,0x00000000e7b80000,0x00000000e8400000)
  to   space 12288K, 0% used [0x00000000e9680000,0x00000000e9680000,0x00000000ea280000)
 ParOldGen       total 56320K, used 20523K [0x00000000a0000000, 0x00000000a3700000, 0x00000000e0000000)
  object space 56320K, 36% used [0x00000000a0000000,0x00000000a140af88,0x00000000a3700000)
 Metaspace       used 34386K, capacity 35268K, committed 35416K, reserved 1079296K
  class space    used 4812K, capacity 5123K, committed 5208K, reserved 1048576K
}
Event: 37.123 GC heap before
{Heap before GC invocations=12 (full 2):
 PSYoungGen      total 135168K, used 126464K [0x00000000e0000000, 0x00000000ea280000, 0x0000000100000000)
  eden space 126464K, 100% used [0x00000000e0000000,0x00000000e7b80000,0x00000000e7b80000)
  from space 8704K, 0% used [0x00000000e7b80000,0x00000000e7b80000,0x00000000e8400000)
  to   space 12288K, 0% used [0x00000000e9680000,0x00000000e9680000,0x00000000ea280000)
 ParOldGen       total 56320K, used 20523K [0x00000000a0000000, 0x00000000a3700000, 0x00000000e0000000)
  object space 56320K, 36% used [0x00000000a0000000,0x00000000a140af88,0x00000000a3700000)
 Metaspace       used 41578K, capacity 42684K, committed 42968K, reserved 1085440K
  class space    used 5704K, capacity 6052K, committed 6104K, reserved 1048576K
Event: 37.161 GC heap after
Heap after GC invocations=12 (full 2):
 PSYoungGen      total 152064K, used 12279K [0x00000000e0000000, 0x00000000ec400000, 0x0000000100000000)
  eden space 139776K, 0% used [0x00000000e0000000,0x00000000e0000000,0x00000000e8880000)
  from space 12288K, 99% used [0x00000000e9680000,0x00000000ea27dc38,0x00000000ea280000)
  to   space 14336K, 0% used [0x00000000e8880000,0x00000000e8880000,0x00000000e9680000)
 ParOldGen       total 56320K, used 22193K [0x00000000a0000000, 0x00000000a3700000, 0x00000000e0000000)
  object space 56320K, 39% used [0x00000000a0000000,0x00000000a15ac608,0x00000000a3700000)
 Metaspace       used 41578K, capacity 42684K, committed 42968K, reserved 1085440K
  class space    used 5704K, capacity 6052K, committed 6104K, reserved 1048576K
}

Deoptimization events (10 events):
Event: 35.099 Thread 0x0000000019166000 Uncommon trap: reason=unstable_if action=reinterpret pc=0x0000000003496708 method=java.util.jar.JarFile$JarFileEntry.getCodeSigners()[Ljava/security/CodeSigner; @ 24
Event: 35.102 Thread 0x0000000019166000 Uncommon trap: reason=unstable_if action=reinterpret pc=0x0000000003128f2c method=java.security.CodeSource.getCertificates()[Ljava/security/cert/Certificate; @ 22
Event: 35.103 Thread 0x0000000019166000 Uncommon trap: reason=unstable_if action=reinterpret pc=0x00000000034a9534 method=java.security.CodeSource.matchCerts(Ljava/security/CodeSource;Z)Z @ 11
Event: 35.145 Thread 0x0000000019166000 Uncommon trap: reason=unstable_if action=reinterpret pc=0x00000000033f3e78 method=java.util.LinkedHashMap.get(Ljava/lang/Object;)Ljava/lang/Object; @ 20
Event: 35.259 Thread 0x0000000019166000 Uncommon trap: reason=unstable_if action=reinterpret pc=0x00000000034841a8 method=java.security.CodeSource.matchCerts(Ljava/security/CodeSource;Z)Z @ 11
Event: 36.909 Thread 0x0000000019166000 Uncommon trap: reason=unstable_if action=reinterpret pc=0x00000000032c4308 method=groovy.lang.MetaClassImpl.checkIfStdMethod(Lgroovy/lang/MetaMethod;)V @ 167
Event: 36.977 Thread 0x0000000019166000 Uncommon trap: reason=bimorphic action=maybe_recompile pc=0x0000000003272e3c method=org.codehaus.groovy.runtime.metaclass.MetaMethodIndex.addMethodToList(Ljava/lang/Object;Lgroovy/lang/MetaMethod;)Ljava/lang/Object; @ 102
Event: 36.977 Thread 0x0000000019166000 Uncommon trap: reason=bimorphic action=maybe_recompile pc=0x0000000003272e3c method=org.codehaus.groovy.runtime.metaclass.MetaMethodIndex.addMethodToList(Ljava/lang/Object;Lgroovy/lang/MetaMethod;)Ljava/lang/Object; @ 102
Event: 36.977 Thread 0x0000000019166000 Uncommon trap: reason=bimorphic action=maybe_recompile pc=0x0000000003272e3c method=org.codehaus.groovy.runtime.metaclass.MetaMethodIndex.addMethodToList(Ljava/lang/Object;Lgroovy/lang/MetaMethod;)Ljava/lang/Object; @ 102
Event: 36.977 Thread 0x0000000019166000 Uncommon trap: reason=unstable_if action=reinterpret pc=0x0000000003330f2c method=groovy.lang.MetaClassImpl$1MOPIter.methodNameAction(Ljava/lang/Class;Lorg/codehaus/groovy/runtime/metaclass/MetaMethodIndex$Entry;)V @ 259

Classes redefined (0 events):
No events

Internal exceptions (10 events):
Event: 37.647 Thread 0x0000000019166000 Exception <a 'sun/nio/fs/WindowsException'> (0x00000000e078a990) thrown at [D:\src\AOSP-openjdk-cygwin\jdk8u\hotspot\src\share\vm\prims\jni.cpp, line 709]
Event: 37.649 Thread 0x0000000019166000 Exception <a 'sun/nio/fs/WindowsException'> (0x00000000e078e150) thrown at [D:\src\AOSP-openjdk-cygwin\jdk8u\hotspot\src\share\vm\prims\jni.cpp, line 709]
Event: 37.649 Thread 0x0000000019166000 Exception <a 'sun/nio/fs/WindowsException'> (0x00000000e078ec80) thrown at [D:\src\AOSP-openjdk-cygwin\jdk8u\hotspot\src\share\vm\prims\jni.cpp, line 709]
Event: 37.649 Thread 0x0000000019166000 Exception <a 'sun/nio/fs/WindowsException'> (0x00000000e07907f8) thrown at [D:\src\AOSP-openjdk-cygwin\jdk8u\hotspot\src\share\vm\prims\jni.cpp, line 709]
Event: 37.650 Thread 0x0000000019166000 Exception <a 'sun/nio/fs/WindowsException'> (0x00000000e0791360) thrown at [D:\src\AOSP-openjdk-cygwin\jdk8u\hotspot\src\share\vm\prims\jni.cpp, line 709]
Event: 37.651 Thread 0x0000000019166000 Exception <a 'sun/nio/fs/WindowsException'> (0x00000000e07944c0) thrown at [D:\src\AOSP-openjdk-cygwin\jdk8u\hotspot\src\share\vm\prims\jni.cpp, line 709]
Event: 37.651 Thread 0x0000000019166000 Exception <a 'sun/nio/fs/WindowsException'> (0x00000000e0794fd8) thrown at [D:\src\AOSP-openjdk-cygwin\jdk8u\hotspot\src\share\vm\prims\jni.cpp, line 709]
Event: 37.651 Thread 0x0000000019166000 Exception <a 'sun/nio/fs/WindowsException'> (0x00000000e0796b28) thrown at [D:\src\AOSP-openjdk-cygwin\jdk8u\hotspot\src\share\vm\prims\jni.cpp, line 709]
Event: 37.651 Thread 0x0000000019166000 Exception <a 'sun/nio/fs/WindowsException'> (0x00000000e0797680) thrown at [D:\src\AOSP-openjdk-cygwin\jdk8u\hotspot\src\share\vm\prims\jni.cpp, line 709]
Event: 37.880 Thread 0x0000000019166000 Exception <a 'java/lang/ClassNotFoundException': com/sun/org/glassfish/hk2/osgiresourcelocator/ServiceLoader> (0x00000000e07ee028) thrown at [D:\src\AOSP-openjdk-cygwin\jdk8u\hotspot\src\share\vm\classfile\systemDictionary.cpp, line 210]

Events (10 events):
Event: 37.722 loading class javax/xml/bind/JAXBContext
Event: 37.723 loading class javax/xml/bind/JAXBContext done
Event: 37.723 loading class javax/xml/bind/ContextFinder
Event: 37.725 loading class javax/xml/bind/ContextFinder done
Event: 37.725 loading class javax/xml/bind/GetPropertyAction
Event: 37.859 loading class javax/xml/bind/GetPropertyAction done
Event: 37.859 loading class java/util/logging/LogRecord
Event: 37.878 loading class java/util/logging/LogRecord done
Event: 37.880 loading class com/sun/org/glassfish/hk2/osgiresourcelocator/ServiceLoader
Event: 37.880 loading class com/sun/org/glassfish/hk2/osgiresourcelocator/ServiceLoader done


Dynamic libraries:
0x00007ff6f6180000 - 0x00007ff6f61b1000 	C:\Program Files (x86)\Android\Android Studio\jre\bin\java.exe
0x00007ffc49700000 - 0x00007ffc498e1000 	C:\WINDOWS\SYSTEM32\ntdll.dll
0x00007ffc40fb0000 - 0x00007ffc40fc4000 	C:\Program Files\AVAST Software\Avast\x64\aswhooka.dll
0x00007ffc47f40000 - 0x00007ffc47ff2000 	C:\WINDOWS\System32\KERNEL32.DLL
0x00007ffc465c0000 - 0x00007ffc46833000 	C:\WINDOWS\System32\KERNELBASE.dll
0x00007ffc47e90000 - 0x00007ffc47f31000 	C:\WINDOWS\System32\ADVAPI32.dll
0x00007ffc47490000 - 0x00007ffc4752e000 	C:\WINDOWS\System32\msvcrt.dll
0x00007ffc46fe0000 - 0x00007ffc4703b000 	C:\WINDOWS\System32\sechost.dll
0x00007ffc494a0000 - 0x00007ffc495c4000 	C:\WINDOWS\System32\RPCRT4.dll
0x00007ffc46ba0000 - 0x00007ffc46d30000 	C:\WINDOWS\System32\USER32.dll
0x00007ffc45b50000 - 0x00007ffc45b70000 	C:\WINDOWS\System32\win32u.dll
0x00007ffc47540000 - 0x00007ffc47568000 	C:\WINDOWS\System32\GDI32.dll
0x00007ffc46940000 - 0x00007ffc46ad2000 	C:\WINDOWS\System32\gdi32full.dll
0x00007ffc45e10000 - 0x00007ffc45eaf000 	C:\WINDOWS\System32\msvcp_win.dll
0x00007ffc46840000 - 0x00007ffc4693a000 	C:\WINDOWS\System32\ucrtbase.dll
0x00007ffc31930000 - 0x00007ffc31b99000 	C:\WINDOWS\WinSxS\amd64_microsoft.windows.common-controls_6595b64144ccf1df_6.0.17134.407_none_fb449d63306391e9\COMCTL32.dll
0x00007ffc478d0000 - 0x00007ffc47bf2000 	C:\WINDOWS\System32\combase.dll
0x00007ffc45ad0000 - 0x00007ffc45b4a000 	C:\WINDOWS\System32\bcryptPrimitives.dll
0x00007ffc495d0000 - 0x00007ffc495fd000 	C:\WINDOWS\System32\IMM32.DLL
0x0000000064080000 - 0x0000000064152000 	C:\Program Files (x86)\Android\Android Studio\jre\jre\bin\msvcr100.dll
0x0000000064240000 - 0x0000000064a7f000 	C:\Program Files (x86)\Android\Android Studio\jre\jre\bin\server\jvm.dll
0x00007ffc47530000 - 0x00007ffc47538000 	C:\WINDOWS\System32\PSAPI.DLL
0x00007ffc338d0000 - 0x00007ffc338d9000 	C:\WINDOWS\SYSTEM32\WSOCK32.dll
0x00007ffc47860000 - 0x00007ffc478cc000 	C:\WINDOWS\System32\WS2_32.dll
0x00007ffc41710000 - 0x00007ffc41733000 	C:\WINDOWS\SYSTEM32\WINMM.dll
0x00007ffc3a770000 - 0x00007ffc3a77a000 	C:\WINDOWS\SYSTEM32\VERSION.dll
0x00007ffc416e0000 - 0x00007ffc4170a000 	C:\WINDOWS\SYSTEM32\WINMMBASE.dll
0x00007ffc46b40000 - 0x00007ffc46b89000 	C:\WINDOWS\System32\cfgmgr32.dll
0x00007ffc42410000 - 0x00007ffc4241f000 	C:\Program Files (x86)\Android\Android Studio\jre\jre\bin\verify.dll
0x00007ffc3fdf0000 - 0x00007ffc3fe19000 	C:\Program Files (x86)\Android\Android Studio\jre\jre\bin\java.dll
0x00007ffc422a0000 - 0x00007ffc422b6000 	C:\Program Files (x86)\Android\Android Studio\jre\jre\bin\zip.dll
0x00007ffc48000000 - 0x00007ffc4943f000 	C:\WINDOWS\System32\SHELL32.dll
0x00007ffc47de0000 - 0x00007ffc47e89000 	C:\WINDOWS\System32\shcore.dll
0x00007ffc45eb0000 - 0x00007ffc465bd000 	C:\WINDOWS\System32\windows.storage.dll
0x00007ffc46f80000 - 0x00007ffc46fd1000 	C:\WINDOWS\System32\shlwapi.dll
0x00007ffc45ab0000 - 0x00007ffc45ac1000 	C:\WINDOWS\System32\kernel.appcore.dll
0x00007ffc45a90000 - 0x00007ffc45aaf000 	C:\WINDOWS\System32\profapi.dll
0x00007ffc45a20000 - 0x00007ffc45a6c000 	C:\WINDOWS\System32\powrprof.dll
0x00007ffc45a10000 - 0x00007ffc45a1a000 	C:\WINDOWS\System32\FLTLIB.DLL
0x00007ffc410a0000 - 0x00007ffc410ba000 	C:\Program Files (x86)\Android\Android Studio\jre\jre\bin\net.dll
0x00007ffc45290000 - 0x00007ffc452f6000 	C:\WINDOWS\system32\mswsock.dll
0x00007ffc3fdd0000 - 0x00007ffc3fde1000 	C:\Program Files (x86)\Android\Android Studio\jre\jre\bin\nio.dll
0x00007ffc437b0000 - 0x00007ffc437ce000 	C:\Users\HP\.gradle\native\25\windows-amd64\native-platform.dll
0x00007ffc42400000 - 0x00007ffc4240d000 	C:\Program Files (x86)\Android\Android Studio\jre\jre\bin\management.dll
0x00007ffc45440000 - 0x00007ffc45457000 	C:\WINDOWS\SYSTEM32\CRYPTSP.dll
0x00007ffc44e10000 - 0x00007ffc44e43000 	C:\WINDOWS\system32\rsaenh.dll
0x00007ffc45570000 - 0x00007ffc45595000 	C:\WINDOWS\SYSTEM32\bcrypt.dll
0x00007ffc45910000 - 0x00007ffc45938000 	C:\WINDOWS\SYSTEM32\USERENV.dll
0x00007ffc45460000 - 0x00007ffc4546b000 	C:\WINDOWS\SYSTEM32\CRYPTBASE.dll
0x00007ffc45000000 - 0x00007ffc45038000 	C:\WINDOWS\SYSTEM32\IPHLPAPI.DLL
0x00007ffc46b90000 - 0x00007ffc46b98000 	C:\WINDOWS\System32\NSI.dll
0x00007ffc3bac0000 - 0x00007ffc3bad6000 	C:\WINDOWS\SYSTEM32\dhcpcsvc6.DLL
0x00007ffc3bb90000 - 0x00007ffc3bbaa000 	C:\WINDOWS\SYSTEM32\dhcpcsvc.DLL

VM Arguments:
jvm_args: -Xmx1536m -Dfile.encoding=windows-1252 -Duser.country=US -Duser.language=en -Duser.variant 
java_command: org.gradle.launcher.daemon.bootstrap.GradleDaemon 4.4
java_class_path (initial): C:\Users\HP\.gradle\wrapper\dists\gradle-4.4-all\9br9xq1tocpiv8o6njlyu5op1\gradle-4.4\lib\gradle-launcher-4.4.jar
Launcher Type: SUN_STANDARD

Environment Variables:
PATH=C:\Program Files (x86)\Common Files\Oracle\Java\javapath;C:\Program Files (x86)\Common Files\ArcSoft\Bin;C:\Program Files (x86)\Intel\iCLS Client\;C:\Program Files\Intel\iCLS Client\;C:\WINDOWS\system32;C:\WINDOWS;C:\WINDOWS\System32\Wbem;C:\WINDOWS\System32\WindowsPowerShell\v1.0\;C:\Program Files (x86)\Intel\Intel(R) Management Engine Components\DAL;C:\Program Files\Intel\Intel(R) Management Engine Components\DAL;C:\Program Files (x86)\Intel\Intel(R) Management Engine Components\IPT;C:\Program Files\Intel\Intel(R) Management Engine Components\IPT;c:\Program Files\Intel\WiFi\bin\;c:\Program Files\Common Files\Intel\WirelessCommon\;C:\Program Files (x86)\GtkSharp\2.12\bin;C:\WINDOWS\System32\OpenSSH\;C:\Users\HP\AppData\Local\Android\Sdk;C:\Program Files (x86)\Java\jdk1.6.0_18\bin;%USERPROFILE%\AppData\Local\Microsoft\WindowsApps;
USERNAME=HP
OS=Windows_NT
PROCESSOR_IDENTIFIER=Intel64 Family 6 Model 61 Stepping 4, GenuineIntel



---------------  S Y S T E M  ---------------

OS: Windows 10.0 , 64 bit Build 17134 (10.0.17134.1)

CPU:total 4 (initial active 4) (2 cores per cpu, 2 threads per core) family 6 model 61 stepping 4, cmov, cx8, fxsr, mmx, sse, sse2, sse3, ssse3, sse4.1, sse4.2, popcnt, avx, avx2, aes, clmul, erms, 3dnowpref, lzcnt, ht, tsc, tscinvbit, bmi1, bmi2, adx

Memory: 4k page, physical 4082796k(403244k free), swap 4082796k(2264k free)

vm_info: OpenJDK 64-Bit Server VM (25.152-b02) for windows-amd64 JRE (1.8.0_152-release-1024-b02), built by "builder" with MS VC++ 10.0 (VS2010)

time: Thu Dec 27 13:07:27 2018
elapsed time: 37 seconds (0d 0h 0m 37s)

