#
# There is insufficient memory for the Java Runtime Environment to continue.
# Native memory allocation (malloc) failed to allocate 1363504 bytes for Chunk::new
# Possible reasons:
#   The system is out of physical RAM or swap space
#   In 32 bit mode, the process size limit was hit
# Possible solutions:
#   Reduce memory load on the system
#   Increase physical memory or swap space
#   Check if swap backing store is full
#   Use 64 bit Java on a 64 bit OS
#   Decrease Java heap size (-Xmx/-Xms)
#   Decrease number of Java threads
#   Decrease Java thread stack sizes (-Xss)
#   Set larger code cache with -XX:ReservedCodeCacheSize=
# This output file may be truncated or incomplete.
#
#  Out of Memory Error (allocation.cpp:390), pid=9316, tid=0x0000000000002688
#
# JRE version: OpenJDK Runtime Environment (8.0_152-b02) (build 1.8.0_152-release-1024-b02)
# Java VM: OpenJDK 64-Bit Server VM (25.152-b02 mixed mode windows-amd64 compressed oops)
# Failed to write core dump. Minidumps are not enabled by default on client versions of Windows
#

---------------  T H R E A D  ---------------

Current thread (0x00000000160ba800):  JavaThread "C2 CompilerThread0" daemon [_thread_in_native, id=9864, stack(0x0000000017720000,0x0000000017820000)]

Stack: [0x0000000017720000,0x0000000017820000]
[error occurred during error reporting (printing stack bounds), id 0xc0000005]

Native frames: (J=compiled Java code, j=interpreted, Vv=VM code, C=native code)


Current CompileTask:
C2:  73714 11844       4       com.android.tools.r8.org.objectweb.asm.ClassReader::readCode (3575 bytes)


---------------  P R O C E S S  ---------------

Java Threads: ( => current thread )
  0x00000000191eb800 JavaThread "pool-4-thread-2" [_thread_blocked, id=4724, stack(0x0000000025d60000,0x0000000025e60000)]
  0x00000000191ea000 JavaThread "pool-6-thread-2" [_thread_blocked, id=1776, stack(0x0000000025c60000,0x0000000025d60000)]
  0x00000000191f0800 JavaThread "pool-5-thread-2" [_thread_in_native, id=160, stack(0x0000000025b60000,0x0000000025c60000)]
  0x00000000191ec800 JavaThread "pool-4-thread-1" [_thread_blocked, id=10624, stack(0x0000000025a60000,0x0000000025b60000)]
  0x00000000191eb000 JavaThread "pool-6-thread-1" [_thread_blocked, id=8964, stack(0x0000000025960000,0x0000000025a60000)]
  0x00000000191ef800 JavaThread "pool-5-thread-1" [_thread_blocked, id=6444, stack(0x0000000025860000,0x0000000025960000)]
  0x00000000191f1000 JavaThread "ForkJoinPool.commonPool-worker-3" daemon [_thread_blocked, id=4960, stack(0x0000000025760000,0x0000000025860000)]
  0x00000000191ef000 JavaThread "ForkJoinPool.commonPool-worker-2" daemon [_thread_blocked, id=8552, stack(0x0000000025660000,0x0000000025760000)]
  0x00000000191ee000 JavaThread "ForkJoinPool.commonPool-worker-1" daemon [_thread_blocked, id=6908, stack(0x0000000025560000,0x0000000025660000)]
  0x00000000191e9800 JavaThread "Cache worker for Java compile cache (H:\AndroidStudioProjects\LogInPage\.gradle\4.4\javaCompile)" [_thread_blocked, id=5204, stack(0x0000000025460000,0x0000000025560000)]
  0x000000001c12a800 JavaThread "Java2D Disposer" daemon [_thread_blocked, id=9256, stack(0x0000000023b60000,0x0000000023c60000)]
  0x000000001c128000 JavaThread "Worker Daemon Execution Thread 7" [_thread_blocked, id=11244, stack(0x0000000023490000,0x0000000023590000)]
  0x000000001c127800 JavaThread "Worker Daemon Execution Thread 6" [_thread_blocked, id=6172, stack(0x0000000023390000,0x0000000023490000)]
  0x000000001c126800 JavaThread "Worker Daemon Execution Thread 5" [_thread_blocked, id=8688, stack(0x0000000023290000,0x0000000023390000)]
  0x000000001c123800 JavaThread "Worker Daemon Execution Thread 4" [_thread_blocked, id=11216, stack(0x0000000023190000,0x0000000023290000)]
  0x000000001c125000 JavaThread "Worker Daemon Execution Thread 3" [_thread_blocked, id=10848, stack(0x0000000023090000,0x0000000023190000)]
  0x000000001c124800 JavaThread "Worker Daemon Execution Thread 2" [_thread_blocked, id=2332, stack(0x0000000022f90000,0x0000000023090000)]
  0x000000001c11f000 JavaThread "Worker Daemon Execution" [_thread_blocked, id=8356, stack(0x0000000022e90000,0x0000000022f90000)]
  0x000000001c11e800 JavaThread "Task worker for ':' Thread 3" [_thread_blocked, id=5436, stack(0x0000000022990000,0x0000000022a90000)]
  0x000000001c11c000 JavaThread "Task worker for ':' Thread 2" [_thread_blocked, id=7872, stack(0x0000000022890000,0x0000000022990000)]
  0x000000001c120800 JavaThread "Task worker for ':'" [_thread_blocked, id=7252, stack(0x0000000022790000,0x0000000022890000)]
  0x000000001c11d800 JavaThread "Cache worker for Build Output Cleanup Cache (H:\AndroidStudioProjects\LogInPage\.gradle\buildOutputCleanup)" [_thread_blocked, id=5116, stack(0x0000000022690000,0x0000000022790000)]
  0x000000001c120000 JavaThread "Cache worker for task history cache (H:\AndroidStudioProjects\LogInPage\.gradle\4.4\taskHistory)" [_thread_blocked, id=8736, stack(0x00000000213a0000,0x00000000214a0000)]
  0x000000001c123000 JavaThread "Cache worker for file content cache (H:\AndroidStudioProjects\LogInPage\.gradle\4.4\fileContent)" [_thread_blocked, id=5484, stack(0x0000000020880000,0x0000000020980000)]
  0x000000001d47a800 JavaThread "Memory manager" [_thread_blocked, id=8024, stack(0x0000000020580000,0x0000000020680000)]
  0x000000001d47b800 JavaThread "build operations Thread 4" [_thread_blocked, id=6028, stack(0x000000001fbe0000,0x000000001fce0000)]
  0x000000001d47c000 JavaThread "build operations Thread 3" [_thread_blocked, id=6400, stack(0x000000001fae0000,0x000000001fbe0000)]
  0x000000001d47e800 JavaThread "build operations Thread 2" [_thread_blocked, id=8072, stack(0x000000001f9e0000,0x000000001fae0000)]
  0x000000001d479000 JavaThread "build operations" [_thread_blocked, id=8036, stack(0x000000001e6e0000,0x000000001e7e0000)]
  0x000000001d47a000 JavaThread "Cache worker for Artifact transforms cache (C:\Users\HP\.gradle\caches\transforms-1)" [_thread_blocked, id=8148, stack(0x000000001e4e0000,0x000000001e5e0000)]
  0x000000001aa88800 JavaThread "Cache worker for file hash cache (H:\AndroidStudioProjects\LogInPage\.gradle\4.4\fileHashes)" [_thread_blocked, id=8028, stack(0x000000001cc10000,0x000000001cd10000)]
  0x0000000019272800 JavaThread "File lock request listener" [_thread_in_native, id=3828, stack(0x000000001bb40000,0x000000001bc40000)]
  0x0000000019235800 JavaThread "Cache worker for file hash cache (C:\Users\HP\.gradle\caches\4.4\fileHashes)" [_thread_blocked, id=7464, stack(0x000000001ba40000,0x000000001bb40000)]
  0x0000000019023000 JavaThread "Asynchronous log dispatcher for DefaultDaemonConnection: socket connection from /127.0.0.1:2415 to /127.0.0.1:2416" [_thread_blocked, id=5464, stack(0x000000001a670000,0x000000001a770000)]
  0x0000000019027800 JavaThread "Daemon worker" [_thread_blocked, id=9912, stack(0x000000001a570000,0x000000001a670000)]
  0x0000000018e3b000 JavaThread "Cancel handler" [_thread_blocked, id=10668, stack(0x000000001a470000,0x000000001a570000)]
  0x0000000019006000 JavaThread "Handler for socket connection from /127.0.0.1:2415 to /127.0.0.1:2416" [_thread_in_native, id=9260, stack(0x000000001a170000,0x000000001a270000)]
  0x0000000019083000 JavaThread "Daemon" [_thread_blocked, id=1084, stack(0x000000001a070000,0x000000001a170000)]
  0x000000001906f800 JavaThread "Daemon periodic checks" [_thread_blocked, id=7576, stack(0x0000000019f70000,0x000000001a070000)]
  0x000000001908d800 JavaThread "Incoming local TCP Connector on port 2415" [_thread_in_native, id=7532, stack(0x0000000019d30000,0x0000000019e30000)]
  0x0000000017a40800 JavaThread "Service Thread" daemon [_thread_blocked, id=8364, stack(0x0000000017e20000,0x0000000017f20000)]
  0x00000000160cc000 JavaThread "C1 CompilerThread2" daemon [_thread_blocked, id=4872, stack(0x0000000017920000,0x0000000017a20000)]
  0x00000000160c2000 JavaThread "C2 CompilerThread1" daemon [_thread_in_native, id=5492, stack(0x0000000017820000,0x0000000017920000)]
=>0x00000000160ba800 JavaThread "C2 CompilerThread0" daemon [_thread_in_native, id=9864, stack(0x0000000017720000,0x0000000017820000)]
  0x00000000160b9800 JavaThread "Attach Listener" daemon [_thread_blocked, id=8272, stack(0x0000000017620000,0x0000000017720000)]
  0x00000000160b8800 JavaThread "Signal Dispatcher" daemon [_thread_blocked, id=5836, stack(0x0000000017520000,0x0000000017620000)]
  0x000000000274c800 JavaThread "Finalizer" daemon [_thread_blocked, id=3848, stack(0x0000000017330000,0x0000000017430000)]
  0x0000000002741800 JavaThread "Reference Handler" daemon [_thread_blocked, id=3104, stack(0x0000000017230000,0x0000000017330000)]
  0x000000000254e000 JavaThread "main" [_thread_blocked, id=4552, stack(0x0000000002550000,0x0000000002650000)]

Other Threads:
  0x0000000016087000 VMThread [stack: 0x0000000017130000,0x0000000017230000] [id=9388]
  0x0000000017a52000 WatcherThread [stack: 0x0000000017f20000,0x0000000018020000] [id=10384]

VM state:not at safepoint (normal execution)

VM Mutex/Monitor currently owned by a thread: None

Heap:
 PSYoungGen      total 206848K, used 185966K [0x00000000e0000000, 0x00000000ef480000, 0x0000000100000000)
  eden space 186880K, 93% used [0x00000000e0000000,0x00000000eaa0fa40,0x00000000eb680000)
  from space 19968K, 59% used [0x00000000eb680000,0x00000000ec20bdc8,0x00000000eca00000)
  to   space 19968K, 0% used [0x00000000ee100000,0x00000000ee100000,0x00000000ef480000)
 ParOldGen       total 100352K, used 48702K [0x00000000a0000000, 0x00000000a6200000, 0x00000000e0000000)
  object space 100352K, 48% used [0x00000000a0000000,0x00000000a2f8fbb8,0x00000000a6200000)
 Metaspace       used 70480K, capacity 72747K, committed 73088K, reserved 1112064K
  class space    used 9192K, capacity 9738K, committed 9856K, reserved 1048576K

Card table byte_map: [0x0000000011b10000,0x0000000011e20000] byte_map_base: 0x0000000011610000

Marking Bits: (ParMarkBitMap*) 0x0000000064a04970
 Begin Bits: [0x0000000012420000, 0x0000000013c20000)
 End Bits:   [0x0000000013c20000, 0x0000000015420000)

Polling page: 0x0000000000a60000

CodeCache: size=245760Kb used=35146Kb max_used=35146Kb free=210614Kb
 bounds [0x0000000002750000, 0x00000000049d0000, 0x0000000011750000]
 total_blobs=11020 nmethods=10098 adapters=833
 compilation: enabled

Compilation events (10 events):
Event: 73.539 Thread 0x00000000160cc000 11953       1       java.util.stream.Sink::end (1 bytes)
Event: 73.539 Thread 0x00000000160cc000 nmethod 11953 0x00000000049c7390 code [0x00000000049c74e0, 0x00000000049c75f0]
Event: 73.565 Thread 0x00000000160cc000 11954       1       com.google.common.collect.RegularImmutableSet::size (6 bytes)
Event: 73.565 Thread 0x00000000160cc000 nmethod 11954 0x00000000049c7650 code [0x00000000049c77a0, 0x00000000049c78b0]
Event: 73.585 Thread 0x00000000160cc000 11955       3       java.util.concurrent.locks.AbstractQueuedSynchronizer::acquireShared (14 bytes)
Event: 73.586 Thread 0x00000000160cc000 nmethod 11955 0x00000000049c7950 code [0x00000000049c7ac0, 0x00000000049c7d58]
Event: 73.591 Thread 0x00000000160cc000 11956       3       sun.nio.fs.WindowsSecurityDescriptor::release (75 bytes)
Event: 73.592 Thread 0x00000000160cc000 nmethod 11956 0x00000000049c7e10 code [0x00000000049c8000, 0x00000000049c8858]
Event: 73.609 Thread 0x00000000160cc000 11957       3       java.util.concurrent.atomic.AtomicReference::<init> (5 bytes)
Event: 73.609 Thread 0x00000000160cc000 nmethod 11957 0x00000000049c8b50 code [0x00000000049c8ca0, 0x00000000049c8e50]

GC Heap History (10 events):
Event: 28.271 GC heap before
{Heap before GC invocations=16 (full 2):
 PSYoungGen      total 127488K, used 127485K [0x00000000e0000000, 0x00000000eb600000, 0x0000000100000000)
  eden space 117248K, 100% used [0x00000000e0000000,0x00000000e7280000,0x00000000e7280000)
  from space 10240K, 99% used [0x00000000e7280000,0x00000000e7c7f620,0x00000000e7c80000)
  to   space 14848K, 0% used [0x00000000ea780000,0x00000000ea780000,0x00000000eb600000)
 ParOldGen       total 51712K, used 24760K [0x00000000a0000000, 0x00000000a3280000, 0x00000000e0000000)
  object space 51712K, 47% used [0x00000000a0000000,0x00000000a182e3d8,0x00000000a3280000)
 Metaspace       used 54894K, capacity 56631K, committed 56832K, reserved 1097728K
  class space    used 7492K, capacity 7928K, committed 7936K, reserved 1048576K
Event: 28.302 GC heap after
Heap after GC invocations=16 (full 2):
 PSYoungGen      total 165376K, used 10722K [0x00000000e0000000, 0x00000000eb380000, 0x0000000100000000)
  eden space 153088K, 0% used [0x00000000e0000000,0x00000000e0000000,0x00000000e9580000)
  from space 12288K, 87% used [0x00000000ea780000,0x00000000eb1f8ba0,0x00000000eb380000)
  to   space 15360K, 0% used [0x00000000e9580000,0x00000000e9580000,0x00000000ea480000)
 ParOldGen       total 51712K, used 31263K [0x00000000a0000000, 0x00000000a3280000, 0x00000000e0000000)
  object space 51712K, 60% used [0x00000000a0000000,0x00000000a1e87ee8,0x00000000a3280000)
 Metaspace       used 54894K, capacity 56631K, committed 56832K, reserved 1097728K
  class space    used 7492K, capacity 7928K, committed 7936K, reserved 1048576K
}
Event: 32.454 GC heap before
{Heap before GC invocations=17 (full 2):
 PSYoungGen      total 165376K, used 121101K [0x00000000e0000000, 0x00000000eb380000, 0x0000000100000000)
  eden space 153088K, 72% used [0x00000000e0000000,0x00000000e6bca948,0x00000000e9580000)
  from space 12288K, 87% used [0x00000000ea780000,0x00000000eb1f8ba0,0x00000000eb380000)
  to   space 15360K, 0% used [0x00000000e9580000,0x00000000e9580000,0x00000000ea480000)
 ParOldGen       total 51712K, used 31263K [0x00000000a0000000, 0x00000000a3280000, 0x00000000e0000000)
  object space 51712K, 60% used [0x00000000a0000000,0x00000000a1e87ee8,0x00000000a3280000)
 Metaspace       used 57218K, capacity 58935K, committed 59028K, reserved 1099776K
  class space    used 7701K, capacity 8144K, committed 8192K, reserved 1048576K
Event: 32.500 GC heap after
Heap after GC invocations=17 (full 2):
 PSYoungGen      total 168448K, used 15356K [0x00000000e0000000, 0x00000000eec00000, 0x0000000100000000)
  eden space 153088K, 0% used [0x00000000e0000000,0x00000000e0000000,0x00000000e9580000)
  from space 15360K, 99% used [0x00000000e9580000,0x00000000ea47f3f0,0x00000000ea480000)
  to   space 20992K, 0% used [0x00000000ed780000,0x00000000ed780000,0x00000000eec00000)
 ParOldGen       total 51712K, used 39253K [0x00000000a0000000, 0x00000000a3280000, 0x00000000e0000000)
  object space 51712K, 75% used [0x00000000a0000000,0x00000000a2655658,0x00000000a3280000)
 Metaspace       used 57218K, capacity 58935K, committed 59028K, reserved 1099776K
  class space    used 7701K, capacity 8144K, committed 8192K, reserved 1048576K
}
Event: 32.500 GC heap before
{Heap before GC invocations=18 (full 3):
 PSYoungGen      total 168448K, used 15356K [0x00000000e0000000, 0x00000000eec00000, 0x0000000100000000)
  eden space 153088K, 0% used [0x00000000e0000000,0x00000000e0000000,0x00000000e9580000)
  from space 15360K, 99% used [0x00000000e9580000,0x00000000ea47f3f0,0x00000000ea480000)
  to   space 20992K, 0% used [0x00000000ed780000,0x00000000ed780000,0x00000000eec00000)
 ParOldGen       total 51712K, used 39253K [0x00000000a0000000, 0x00000000a3280000, 0x00000000e0000000)
  object space 51712K, 75% used [0x00000000a0000000,0x00000000a2655658,0x00000000a3280000)
 Metaspace       used 57218K, capacity 58935K, committed 59028K, reserved 1099776K
  class space    used 7701K, capacity 8144K, committed 8192K, reserved 1048576K
Event: 32.943 GC heap after
Heap after GC invocations=18 (full 3):
 PSYoungGen      total 168448K, used 0K [0x00000000e0000000, 0x00000000eec00000, 0x0000000100000000)
  eden space 153088K, 0% used [0x00000000e0000000,0x00000000e0000000,0x00000000e9580000)
  from space 15360K, 0% used [0x00000000e9580000,0x00000000e9580000,0x00000000ea480000)
  to   space 20992K, 0% used [0x00000000ed780000,0x00000000ed780000,0x00000000eec00000)
 ParOldGen       total 100352K, used 48678K [0x00000000a0000000, 0x00000000a6200000, 0x00000000e0000000)
  object space 100352K, 48% used [0x00000000a0000000,0x00000000a2f89bb8,0x00000000a6200000)
 Metaspace       used 57218K, capacity 58935K, committed 59028K, reserved 1099776K
  class space    used 7701K, capacity 8144K, committed 8192K, reserved 1048576K
}
Event: 49.531 GC heap before
{Heap before GC invocations=19 (full 3):
 PSYoungGen      total 168448K, used 153088K [0x00000000e0000000, 0x00000000eec00000, 0x0000000100000000)
  eden space 153088K, 100% used [0x00000000e0000000,0x00000000e9580000,0x00000000e9580000)
  from space 15360K, 0% used [0x00000000e9580000,0x00000000e9580000,0x00000000ea480000)
  to   space 20992K, 0% used [0x00000000ed780000,0x00000000ed780000,0x00000000eec00000)
 ParOldGen       total 100352K, used 48678K [0x00000000a0000000, 0x00000000a6200000, 0x00000000e0000000)
  object space 100352K, 48% used [0x00000000a0000000,0x00000000a2f89bb8,0x00000000a6200000)
 Metaspace       used 59887K, capacity 61675K, committed 61952K, reserved 1103872K
  class space    used 7967K, capacity 8372K, committed 8448K, reserved 1048576K
Event: 49.553 GC heap after
Heap after GC invocations=19 (full 3):
 PSYoungGen      total 192512K, used 5649K [0x00000000e0000000, 0x00000000edd80000, 0x0000000100000000)
  eden space 186368K, 0% used [0x00000000e0000000,0x00000000e0000000,0x00000000eb600000)
  from space 6144K, 91% used [0x00000000ed780000,0x00000000edd04760,0x00000000edd80000)
  to   space 19968K, 0% used [0x00000000eb680000,0x00000000eb680000,0x00000000eca00000)
 ParOldGen       total 100352K, used 48686K [0x00000000a0000000, 0x00000000a6200000, 0x00000000e0000000)
  object space 100352K, 48% used [0x00000000a0000000,0x00000000a2f8bbb8,0x00000000a6200000)
 Metaspace       used 59887K, capacity 61675K, committed 61952K, reserved 1103872K
  class space    used 7967K, capacity 8372K, committed 8448K, reserved 1048576K
}
Event: 60.248 GC heap before
{Heap before GC invocations=20 (full 3):
 PSYoungGen      total 192512K, used 192017K [0x00000000e0000000, 0x00000000edd80000, 0x0000000100000000)
  eden space 186368K, 100% used [0x00000000e0000000,0x00000000eb600000,0x00000000eb600000)
  from space 6144K, 91% used [0x00000000ed780000,0x00000000edd04760,0x00000000edd80000)
  to   space 19968K, 0% used [0x00000000eb680000,0x00000000eb680000,0x00000000eca00000)
 ParOldGen       total 100352K, used 48686K [0x00000000a0000000, 0x00000000a6200000, 0x00000000e0000000)
  object space 100352K, 48% used [0x00000000a0000000,0x00000000a2f8bbb8,0x00000000a6200000)
 Metaspace       used 65955K, capacity 67859K, committed 67968K, reserved 1107968K
  class space    used 8621K, capacity 9088K, committed 9088K, reserved 1048576K
Event: 60.277 GC heap after
Heap after GC invocations=20 (full 3):
 PSYoungGen      total 206848K, used 11823K [0x00000000e0000000, 0x00000000ef480000, 0x0000000100000000)
  eden space 186880K, 0% used [0x00000000e0000000,0x00000000e0000000,0x00000000eb680000)
  from space 19968K, 59% used [0x00000000eb680000,0x00000000ec20bdc8,0x00000000eca00000)
  to   space 19968K, 0% used [0x00000000ee100000,0x00000000ee100000,0x00000000ef480000)
 ParOldGen       total 100352K, used 48702K [0x00000000a0000000, 0x00000000a6200000, 0x00000000e0000000)
  object space 100352K, 48% used [0x00000000a0000000,0x00000000a2f8fbb8,0x00000000a6200000)
 Metaspace       used 65955K, capacity 67859K, committed 67968K, reserved 1107968K
  class space    used 8621K, capacity 9088K, committed 9088K, reserved 1048576K
}

Deoptimization events (10 events):
Event: 72.304 Thread 0x00000000191ef000 Uncommon trap: reason=bimorphic action=maybe_recompile pc=0x0000000003da2310 method=com.google.common.collect.RegularImmutableMap.fromEntryArray(I[Ljava/util/Map$Entry;)Lcom/google/common/collect/RegularImmutableMap; @ 70
Event: 72.312 Thread 0x00000000191ee000 Uncommon trap: reason=bimorphic action=maybe_recompile pc=0x00000000046c4b44 method=java.util.zip.InflaterInputStream.fill()V @ 19
Event: 72.312 Thread 0x00000000191ef000 Uncommon trap: reason=bimorphic action=maybe_recompile pc=0x00000000046c4b44 method=java.util.zip.InflaterInputStream.fill()V @ 19
Event: 72.312 Thread 0x00000000191f1000 Uncommon trap: reason=bimorphic action=maybe_recompile pc=0x00000000046c4b44 method=java.util.zip.InflaterInputStream.fill()V @ 19
Event: 72.312 Thread 0x00000000191ef000 Uncommon trap: reason=bimorphic action=maybe_recompile pc=0x00000000046c4b44 method=java.util.zip.InflaterInputStream.fill()V @ 19
Event: 72.312 Thread 0x00000000191f1000 Uncommon trap: reason=bimorphic action=maybe_recompile pc=0x00000000046c4b44 method=java.util.zip.InflaterInputStream.fill()V @ 19
Event: 72.936 Thread 0x00000000191f0800 Uncommon trap: reason=unstable_if action=reinterpret pc=0x0000000002bafd54 method=java.util.concurrent.ConcurrentHashMap.addCount(JI)V @ 168
Event: 72.936 Thread 0x00000000191ef800 Uncommon trap: reason=unstable_if action=reinterpret pc=0x0000000002bb3c8c method=java.util.concurrent.ConcurrentHashMap.transfer([Ljava/util/concurrent/ConcurrentHashMap$Node;[Ljava/util/concurrent/ConcurrentHashMap$Node;)V @ 34
Event: 72.936 Thread 0x00000000191f0800 Uncommon trap: reason=unstable_if action=reinterpret pc=0x0000000002bb3cbc method=java.util.concurrent.ConcurrentHashMap.transfer([Ljava/util/concurrent/ConcurrentHashMap$Node;[Ljava/util/concurrent/ConcurrentHashMap$Node;)V @ 277
Event: 73.051 Thread 0x00000000191eb000 Uncommon trap: reason=unstable_if action=reinterpret pc=0x0000000002bb1ce8 method=java.util.concurrent.ConcurrentHashMap.transfer([Ljava/util/concurrent/ConcurrentHashMap$Node;[Ljava/util/concurrent/ConcurrentHashMap$Node;)V @ 277

Classes redefined (0 events):
No events

Internal exceptions (10 events):
Event: 73.532 Thread 0x0000000019027800 Exception <a 'sun/nio/fs/WindowsException'> (0x00000000ea5e2e00) thrown at [D:\src\AOSP-openjdk-cygwin\jdk8u\hotspot\src\share\vm\prims\jni.cpp, line 709]
Event: 73.549 Thread 0x0000000019027800 Exception <a 'sun/nio/fs/WindowsException'> (0x00000000ea60d6c8) thrown at [D:\src\AOSP-openjdk-cygwin\jdk8u\hotspot\src\share\vm\prims\jni.cpp, line 709]
Event: 73.550 Thread 0x0000000019027800 Exception <a 'sun/nio/fs/WindowsException'> (0x00000000ea60e5c8) thrown at [D:\src\AOSP-openjdk-cygwin\jdk8u\hotspot\src\share\vm\prims\jni.cpp, line 709]
Event: 73.550 Thread 0x0000000019027800 Exception <a 'sun/nio/fs/WindowsException'> (0x00000000ea610688) thrown at [D:\src\AOSP-openjdk-cygwin\jdk8u\hotspot\src\share\vm\prims\jni.cpp, line 709]
Event: 73.576 Thread 0x0000000019027800 Exception <a 'sun/nio/fs/WindowsException'> (0x00000000ea63b120) thrown at [D:\src\AOSP-openjdk-cygwin\jdk8u\hotspot\src\share\vm\prims\jni.cpp, line 709]
Event: 73.576 Thread 0x0000000019027800 Exception <a 'sun/nio/fs/WindowsException'> (0x00000000ea63c020) thrown at [D:\src\AOSP-openjdk-cygwin\jdk8u\hotspot\src\share\vm\prims\jni.cpp, line 709]
Event: 73.576 Thread 0x0000000019027800 Exception <a 'sun/nio/fs/WindowsException'> (0x00000000ea63e0e0) thrown at [D:\src\AOSP-openjdk-cygwin\jdk8u\hotspot\src\share\vm\prims\jni.cpp, line 709]
Event: 73.600 Thread 0x0000000019027800 Exception <a 'sun/nio/fs/WindowsException'> (0x00000000ea8b5ba8) thrown at [D:\src\AOSP-openjdk-cygwin\jdk8u\hotspot\src\share\vm\prims\jni.cpp, line 709]
Event: 73.600 Thread 0x0000000019027800 Exception <a 'sun/nio/fs/WindowsException'> (0x00000000ea8b6aa8) thrown at [D:\src\AOSP-openjdk-cygwin\jdk8u\hotspot\src\share\vm\prims\jni.cpp, line 709]
Event: 73.601 Thread 0x0000000019027800 Exception <a 'sun/nio/fs/WindowsException'> (0x00000000ea8b8b68) thrown at [D:\src\AOSP-openjdk-cygwin\jdk8u\hotspot\src\share\vm\prims\jni.cpp, line 709]

Events (10 events):
Event: 73.677 loading class com/android/tools/r8/it/unimi/dsi/fastutil/ints/AbstractIntCollection done
Event: 73.681 loading class com/android/tools/r8/it/unimi/dsi/fastutil/ints/IntIterator
Event: 73.681 loading class com/android/tools/r8/it/unimi/dsi/fastutil/ints/IntIterator done
Event: 73.681 loading class com/android/tools/r8/it/unimi/dsi/fastutil/ints/IntArrays
Event: 73.681 loading class com/android/tools/r8/it/unimi/dsi/fastutil/ints/IntArrays done
Event: 73.684 loading class com/android/tools/r8/it/unimi/dsi/fastutil/Hash$Strategy
Event: 73.684 loading class com/android/tools/r8/it/unimi/dsi/fastutil/Hash$Strategy done
Event: 73.685 loading class com/android/tools/r8/it/unimi/dsi/fastutil/ints/IntArrays$ForkJoinQuickSortComp
Event: 73.685 loading class com/android/tools/r8/it/unimi/dsi/fastutil/ints/IntArrays$ForkJoinQuickSortComp done
Event: 73.686 loading class java/util/concurrent/RecursiveAction


Dynamic libraries:
0x00007ff7970f0000 - 0x00007ff797121000 	C:\Program Files (x86)\Android\Android Studio\jre\bin\java.exe
0x00007ffc49700000 - 0x00007ffc498e1000 	C:\WINDOWS\SYSTEM32\ntdll.dll
0x00007ffc40fb0000 - 0x00007ffc40fc4000 	C:\Program Files\AVAST Software\Avast\x64\aswhooka.dll
0x00007ffc47f40000 - 0x00007ffc47ff2000 	C:\WINDOWS\System32\KERNEL32.DLL
0x00007ffc465c0000 - 0x00007ffc46833000 	C:\WINDOWS\System32\KERNELBASE.dll
0x00007ffc47e90000 - 0x00007ffc47f31000 	C:\WINDOWS\System32\ADVAPI32.dll
0x00007ffc47490000 - 0x00007ffc4752e000 	C:\WINDOWS\System32\msvcrt.dll
0x00007ffc46fe0000 - 0x00007ffc4703b000 	C:\WINDOWS\System32\sechost.dll
0x00007ffc494a0000 - 0x00007ffc495c4000 	C:\WINDOWS\System32\RPCRT4.dll
0x00007ffc46ba0000 - 0x00007ffc46d30000 	C:\WINDOWS\System32\USER32.dll
0x00007ffc45b50000 - 0x00007ffc45b70000 	C:\WINDOWS\System32\win32u.dll
0x00007ffc47540000 - 0x00007ffc47568000 	C:\WINDOWS\System32\GDI32.dll
0x00007ffc46940000 - 0x00007ffc46ad2000 	C:\WINDOWS\System32\gdi32full.dll
0x00007ffc45e10000 - 0x00007ffc45eaf000 	C:\WINDOWS\System32\msvcp_win.dll
0x00007ffc46840000 - 0x00007ffc4693a000 	C:\WINDOWS\System32\ucrtbase.dll
0x00007ffc31930000 - 0x00007ffc31b99000 	C:\WINDOWS\WinSxS\amd64_microsoft.windows.common-controls_6595b64144ccf1df_6.0.17134.407_none_fb449d63306391e9\COMCTL32.dll
0x00007ffc478d0000 - 0x00007ffc47bf2000 	C:\WINDOWS\System32\combase.dll
0x00007ffc45ad0000 - 0x00007ffc45b4a000 	C:\WINDOWS\System32\bcryptPrimitives.dll
0x00007ffc495d0000 - 0x00007ffc495fd000 	C:\WINDOWS\System32\IMM32.DLL
0x0000000064080000 - 0x0000000064152000 	C:\Program Files (x86)\Android\Android Studio\jre\jre\bin\msvcr100.dll
0x0000000064240000 - 0x0000000064a7f000 	C:\Program Files (x86)\Android\Android Studio\jre\jre\bin\server\jvm.dll
0x00007ffc47530000 - 0x00007ffc47538000 	C:\WINDOWS\System32\PSAPI.DLL
0x00007ffc338d0000 - 0x00007ffc338d9000 	C:\WINDOWS\SYSTEM32\WSOCK32.dll
0x00007ffc47860000 - 0x00007ffc478cc000 	C:\WINDOWS\System32\WS2_32.dll
0x00007ffc41710000 - 0x00007ffc41733000 	C:\WINDOWS\SYSTEM32\WINMM.dll
0x00007ffc3a770000 - 0x00007ffc3a77a000 	C:\WINDOWS\SYSTEM32\VERSION.dll
0x00007ffc416e0000 - 0x00007ffc4170a000 	C:\WINDOWS\SYSTEM32\WINMMBASE.dll
0x00007ffc46b40000 - 0x00007ffc46b89000 	C:\WINDOWS\System32\cfgmgr32.dll
0x00007ffc35360000 - 0x00007ffc3536f000 	C:\Program Files (x86)\Android\Android Studio\jre\jre\bin\verify.dll
0x00007ffc35330000 - 0x00007ffc35359000 	C:\Program Files (x86)\Android\Android Studio\jre\jre\bin\java.dll
0x00007ffc35310000 - 0x00007ffc35326000 	C:\Program Files (x86)\Android\Android Studio\jre\jre\bin\zip.dll
0x00007ffc48000000 - 0x00007ffc4943f000 	C:\WINDOWS\System32\SHELL32.dll
0x00007ffc47de0000 - 0x00007ffc47e89000 	C:\WINDOWS\System32\shcore.dll
0x00007ffc45eb0000 - 0x00007ffc465bd000 	C:\WINDOWS\System32\windows.storage.dll
0x00007ffc46f80000 - 0x00007ffc46fd1000 	C:\WINDOWS\System32\shlwapi.dll
0x00007ffc45ab0000 - 0x00007ffc45ac1000 	C:\WINDOWS\System32\kernel.appcore.dll
0x00007ffc45a90000 - 0x00007ffc45aaf000 	C:\WINDOWS\System32\profapi.dll
0x00007ffc45a20000 - 0x00007ffc45a6c000 	C:\WINDOWS\System32\powrprof.dll
0x00007ffc45a10000 - 0x00007ffc45a1a000 	C:\WINDOWS\System32\FLTLIB.DLL
0x00007ffc352f0000 - 0x00007ffc3530a000 	C:\Program Files (x86)\Android\Android Studio\jre\jre\bin\net.dll
0x00007ffc45290000 - 0x00007ffc452f6000 	C:\WINDOWS\system32\mswsock.dll
0x00007ffc338a0000 - 0x00007ffc338b1000 	C:\Program Files (x86)\Android\Android Studio\jre\jre\bin\nio.dll
0x00007ffc3a1f0000 - 0x00007ffc3a20e000 	C:\Users\HP\.gradle\native\25\windows-amd64\native-platform.dll
0x00007ffc352e0000 - 0x00007ffc352ed000 	C:\Program Files (x86)\Android\Android Studio\jre\jre\bin\management.dll
0x00007ffc45440000 - 0x00007ffc45457000 	C:\WINDOWS\SYSTEM32\CRYPTSP.dll
0x00007ffc44e10000 - 0x00007ffc44e43000 	C:\WINDOWS\system32\rsaenh.dll
0x00007ffc45570000 - 0x00007ffc45595000 	C:\WINDOWS\SYSTEM32\bcrypt.dll
0x00007ffc45910000 - 0x00007ffc45938000 	C:\WINDOWS\SYSTEM32\USERENV.dll
0x00007ffc45460000 - 0x00007ffc4546b000 	C:\WINDOWS\SYSTEM32\CRYPTBASE.dll
0x00007ffc45000000 - 0x00007ffc45038000 	C:\WINDOWS\SYSTEM32\IPHLPAPI.DLL
0x00007ffc46b90000 - 0x00007ffc46b98000 	C:\WINDOWS\System32\NSI.dll
0x00007ffc3bac0000 - 0x00007ffc3bad6000 	C:\WINDOWS\SYSTEM32\dhcpcsvc6.DLL
0x00007ffc3bb90000 - 0x00007ffc3bbaa000 	C:\WINDOWS\SYSTEM32\dhcpcsvc.DLL
0x00007ffc32990000 - 0x00007ffc32b26000 	C:\Program Files (x86)\Android\Android Studio\jre\jre\bin\awt.dll
0x00007ffc49600000 - 0x00007ffc496c2000 	C:\WINDOWS\System32\OLEAUT32.dll
0x00007ffc42b10000 - 0x00007ffc430d7000 	C:\WINDOWS\SYSTEM32\d2d1.dll
0x00007ffc437d0000 - 0x00007ffc4385b000 	C:\WINDOWS\SYSTEM32\apphelp.dll
0x00007ffc43bd0000 - 0x00007ffc43bf9000 	C:\WINDOWS\system32\DWMAPI.DLL
0x00007ffc43940000 - 0x00007ffc439d8000 	C:\WINDOWS\system32\uxtheme.dll

VM Arguments:
jvm_args: -Xmx1536m -Dfile.encoding=windows-1252 -Duser.country=US -Duser.language=en -Duser.variant 
java_command: org.gradle.launcher.daemon.bootstrap.GradleDaemon 4.4
java_class_path (initial): C:\Users\HP\.gradle\wrapper\dists\gradle-4.4-all\9br9xq1tocpiv8o6njlyu5op1\gradle-4.4\lib\gradle-launcher-4.4.jar
Launcher Type: SUN_STANDARD

Environment Variables:
PATH=C:\Program Files (x86)\Common Files\Oracle\Java\javapath;C:\Program Files (x86)\Common Files\ArcSoft\Bin;C:\Program Files (x86)\Intel\iCLS Client\;C:\Program Files\Intel\iCLS Client\;C:\WINDOWS\system32;C:\WINDOWS;C:\WINDOWS\System32\Wbem;C:\WINDOWS\System32\WindowsPowerShell\v1.0\;C:\Program Files (x86)\Intel\Intel(R) Management Engine Components\DAL;C:\Program Files\Intel\Intel(R) Management Engine Components\DAL;C:\Program Files (x86)\Intel\Intel(R) Management Engine Components\IPT;C:\Program Files\Intel\Intel(R) Management Engine Components\IPT;c:\Program Files\Intel\WiFi\bin\;c:\Program Files\Common Files\Intel\WirelessCommon\;C:\Program Files (x86)\GtkSharp\2.12\bin;C:\WINDOWS\System32\OpenSSH\;C:\Users\HP\AppData\Local\Android\Sdk;C:\Program Files (x86)\Java\jdk1.6.0_18\bin;%USERPROFILE%\AppData\Local\Microsoft\WindowsApps;
USERNAME=HP
OS=Windows_NT
PROCESSOR_IDENTIFIER=Intel64 Family 6 Model 61 Stepping 4, GenuineIntel



---------------  S Y S T E M  ---------------

OS: Windows 10.0 , 64 bit Build 17134 (10.0.17134.1)

CPU:total 4 (initial active 4) (2 cores per cpu, 2 threads per core) family 6 model 61 stepping 4, cmov, cx8, fxsr, mmx, sse, sse2, sse3, ssse3, sse4.1, sse4.2, popcnt, avx, avx2, aes, clmul, erms, 3dnowpref, lzcnt, ht, tsc, tscinvbit, bmi1, bmi2, adx

Memory: 4k page, physical 4082796k(280400k free), swap 4082796k(5336k free)

vm_info: OpenJDK 64-Bit Server VM (25.152-b02) for windows-amd64 JRE (1.8.0_152-release-1024-b02), built by "builder" with MS VC++ 10.0 (VS2010)

time: Tue Dec 25 17:06:45 2018
elapsed time: 73 seconds (0d 0h 1m 13s)

