#
# There is insufficient memory for the Java Runtime Environment to continue.
# Native memory allocation (malloc) failed to allocate 920656 bytes for Chunk::new
# Possible reasons:
#   The system is out of physical RAM or swap space
#   In 32 bit mode, the process size limit was hit
# Possible solutions:
#   Reduce memory load on the system
#   Increase physical memory or swap space
#   Check if swap backing store is full
#   Use 64 bit Java on a 64 bit OS
#   Decrease Java heap size (-Xmx/-Xms)
#   Decrease number of Java threads
#   Decrease Java thread stack sizes (-Xss)
#   Set larger code cache with -XX:ReservedCodeCacheSize=
# This output file may be truncated or incomplete.
#
#  Out of Memory Error (allocation.cpp:390), pid=3204, tid=0x0000000000002a04
#
# JRE version: OpenJDK Runtime Environment (8.0_152-b01) (build 1.8.0_152-release-1248-b01)
# Java VM: OpenJDK 64-Bit Server VM (25.152-b01 mixed mode windows-amd64 compressed oops)
# Failed to write core dump. Minidumps are not enabled by default on client versions of Windows
#

---------------  T H R E A D  ---------------

Current thread (0x0000000015d7c800):  JavaThread "C2 CompilerThread1" daemon [_thread_in_native, id=10756, stack(0x00000000174d0000,0x00000000175d0000)]

Stack: [0x00000000174d0000,0x00000000175d0000]
[error occurred during error reporting (printing stack bounds), id 0xc0000005]

Native frames: (J=compiled Java code, j=interpreted, Vv=VM code, C=native code)


Current CompileTask:
C2:  68943 6024   !   4       java.io.ObjectOutputStream::writeObject0 (619 bytes)


---------------  P R O C E S S  ---------------

Java Threads: ( => current thread )
  0x0000000018ee8800 JavaThread "Cache worker for Build Output Cleanup Cache (H:\AndroidStudioProjects\LogInPage\.gradle\buildOutputCleanup)" [_thread_blocked, id=9564, stack(0x0000000022110000,0x0000000022210000)]
  0x0000000018ee8000 JavaThread "Cache worker for task history cache (H:\AndroidStudioProjects\LogInPage\.gradle\4.10.1\taskHistory)" [_thread_blocked, id=9820, stack(0x0000000022010000,0x0000000022110000)]
  0x000000001937e000 JavaThread "Task worker for ':' Thread 3" [_thread_blocked, id=9812, stack(0x0000000021f10000,0x0000000022010000)]
  0x000000001937b000 JavaThread "Task worker for ':' Thread 2" [_thread_blocked, id=9808, stack(0x0000000021e10000,0x0000000021f10000)]
  0x000000001937a800 JavaThread "Task worker for ':'" [_thread_blocked, id=9568, stack(0x0000000021d10000,0x0000000021e10000)]
  0x0000000019379000 JavaThread "Cache worker for file content cache (H:\AndroidStudioProjects\LogInPage\.gradle\4.10.1\fileContent)" [_thread_blocked, id=6176, stack(0x0000000021c10000,0x0000000021d10000)]
  0x0000000019379800 JavaThread "Cache worker for file content cache (C:\Users\HP\.gradle\caches\4.10.1\fileContent)" [_thread_blocked, id=8428, stack(0x0000000021b10000,0x0000000021c10000)]
  0x000000001937c800 JavaThread "Memory manager" [_thread_blocked, id=7364, stack(0x000000001ffa0000,0x00000000200a0000)]
  0x000000001937f800 JavaThread "Build operations Thread 4" [_thread_blocked, id=10164, stack(0x000000001efa0000,0x000000001f0a0000)]
  0x000000001937f000 JavaThread "Build operations Thread 3" [_thread_blocked, id=10160, stack(0x000000001eea0000,0x000000001efa0000)]
  0x000000001a71a800 JavaThread "Build operations Thread 2" [_thread_blocked, id=9908, stack(0x000000001eda0000,0x000000001eea0000)]
  0x000000001a71c000 JavaThread "Build operations" [_thread_blocked, id=11088, stack(0x000000001eca0000,0x000000001eda0000)]
  0x000000001a721800 JavaThread "Cache worker for Artifact transforms cache (C:\Users\HP\.gradle\caches\transforms-1)" [_thread_blocked, id=9340, stack(0x000000001e870000,0x000000001e970000)]
  0x000000001a720800 JavaThread "Cache worker for cache directory md-rule (C:\Users\HP\.gradle\caches\4.10.1\md-rule)" [_thread_blocked, id=2168, stack(0x000000001e770000,0x000000001e870000)]
  0x000000001a71b800 JavaThread "Cache worker for cache directory md-supplier (C:\Users\HP\.gradle\caches\4.10.1\md-supplier)" [_thread_blocked, id=8776, stack(0x000000001cbc0000,0x000000001ccc0000)]
  0x000000001a71d800 JavaThread "Cache worker for journal cache (C:\Users\HP\.gradle\caches\journal-1)" [_thread_blocked, id=1272, stack(0x000000001c9c0000,0x000000001cac0000)]
  0x000000001a71d000 JavaThread "Cache worker for file hash cache (H:\AndroidStudioProjects\LogInPage\.gradle\4.10.1\fileHashes)" [_thread_blocked, id=6224, stack(0x000000001c8c0000,0x000000001c9c0000)]
  0x0000000017938000 JavaThread "File lock request listener" [_thread_in_native, id=6228, stack(0x000000001b7f0000,0x000000001b8f0000)]
  0x000000001a97c000 JavaThread "Cache worker for file hash cache (C:\Users\HP\.gradle\caches\4.10.1\fileHashes)" [_thread_blocked, id=8308, stack(0x000000001b6f0000,0x000000001b7f0000)]
  0x0000000017f9c000 JavaThread "Stdin handler" [_thread_blocked, id=8400, stack(0x000000001a420000,0x000000001a520000)]
  0x0000000017f9b800 JavaThread "Asynchronous log dispatcher for DefaultDaemonConnection: socket connection from /127.0.0.1:1754 to /127.0.0.1:1755" [_thread_blocked, id=6760, stack(0x000000001a320000,0x000000001a420000)]
  0x0000000017f04800 JavaThread "Daemon worker" [_thread_in_native, id=8652, stack(0x000000001a020000,0x000000001a120000)]
  0x0000000017f03800 JavaThread "Cancel handler" [_thread_blocked, id=5052, stack(0x0000000019f20000,0x000000001a020000)]
  0x0000000017eeb800 JavaThread "Handler for socket connection from /127.0.0.1:1754 to /127.0.0.1:1755" [_thread_in_native, id=2444, stack(0x0000000019e20000,0x0000000019f20000)]
  0x00000000177b1000 JavaThread "Daemon" [_thread_blocked, id=4496, stack(0x0000000019d20000,0x0000000019e20000)]
  0x00000000177aa000 JavaThread "Daemon periodic checks" [_thread_blocked, id=10596, stack(0x0000000019c20000,0x0000000019d20000)]
  0x000000001778f000 JavaThread "Incoming local TCP Connector on port 1754" [_thread_in_native, id=10684, stack(0x00000000199e0000,0x0000000019ae0000)]
  0x00000000176f1000 JavaThread "Service Thread" daemon [_thread_blocked, id=1584, stack(0x0000000017ad0000,0x0000000017bd0000)]
  0x0000000015da8800 JavaThread "C1 CompilerThread2" daemon [_thread_blocked, id=10000, stack(0x00000000175d0000,0x00000000176d0000)]
=>0x0000000015d7c800 JavaThread "C2 CompilerThread1" daemon [_thread_in_native, id=10756, stack(0x00000000174d0000,0x00000000175d0000)]
  0x0000000015d78000 JavaThread "C2 CompilerThread0" daemon [_thread_blocked, id=11132, stack(0x00000000173d0000,0x00000000174d0000)]
  0x0000000015d86000 JavaThread "Attach Listener" daemon [_thread_blocked, id=6220, stack(0x00000000172d0000,0x00000000173d0000)]
  0x0000000015d85000 JavaThread "Signal Dispatcher" daemon [_thread_blocked, id=10296, stack(0x00000000171d0000,0x00000000172d0000)]
  0x000000000240b800 JavaThread "Finalizer" daemon [_thread_blocked, id=4612, stack(0x0000000016fe0000,0x00000000170e0000)]
  0x0000000002400800 JavaThread "Reference Handler" daemon [_thread_blocked, id=10256, stack(0x0000000016ee0000,0x0000000016fe0000)]
  0x000000000218e000 JavaThread "main" [_thread_blocked, id=9608, stack(0x0000000002210000,0x0000000002310000)]

Other Threads:
  0x0000000015d46000 VMThread [stack: 0x0000000016de0000,0x0000000016ee0000] [id=10388]
  0x0000000015dde000 WatcherThread [stack: 0x0000000017bd0000,0x0000000017cd0000] [id=6436]

VM state:not at safepoint (normal execution)

VM Mutex/Monitor currently owned by a thread: None

Heap:
 PSYoungGen      total 65024K, used 26605K [0x00000000e0000000, 0x00000000e5580000, 0x0000000100000000)
  eden space 56832K, 46% used [0x00000000e0000000,0x00000000e19fb740,0x00000000e3780000)
  from space 8192K, 0% used [0x00000000e4080000,0x00000000e4080000,0x00000000e4880000)
  to   space 9216K, 0% used [0x00000000e3780000,0x00000000e3780000,0x00000000e4080000)
 ParOldGen       total 43008K, used 34579K [0x00000000a0000000, 0x00000000a2a00000, 0x00000000e0000000)
  object space 43008K, 80% used [0x00000000a0000000,0x00000000a21c4f90,0x00000000a2a00000)
 Metaspace       used 58906K, capacity 60648K, committed 60848K, reserved 1101824K
  class space    used 8055K, capacity 8518K, committed 8624K, reserved 1048576K

Card table byte_map: [0x00000000117d0000,0x0000000011ae0000] byte_map_base: 0x00000000112d0000

Marking Bits: (ParMarkBitMap*) 0x0000000060085aa0
 Begin Bits: [0x00000000120e0000, 0x00000000138e0000)
 End Bits:   [0x00000000138e0000, 0x00000000150e0000)

Polling page: 0x00000000008b0000

CodeCache: size=245760Kb used=18692Kb max_used=19410Kb free=227067Kb
 bounds [0x0000000002410000, 0x0000000003720000, 0x0000000011410000]
 total_blobs=6383 nmethods=5599 adapters=697
 compilation: enabled

Compilation events (10 events):
Event: 68.880 Thread 0x0000000015da8800 6205       1       org.gradle.api.internal.artifacts.transform.ConsumerProvidedVariantFinder$AttributeSpecificCache::access$200 (5 bytes)
Event: 68.880 Thread 0x0000000015da8800 nmethod 6205 0x0000000003116590 code [0x00000000031166e0, 0x00000000031167d0]
Event: 68.880 Thread 0x0000000015da8800 6204       1       org.gradle.api.internal.artifacts.transform.UserCodeBackedTransformer::getTo (5 bytes)
Event: 68.880 Thread 0x0000000015da8800 nmethod 6204 0x000000000254a510 code [0x000000000254a660, 0x000000000254a770]
Event: 68.880 Thread 0x0000000015da8800 6201       1       org.gradle.api.internal.artifacts.transform.ConsumerProvidedVariantFinder$AttributeSpecificCache::access$000 (5 bytes)
Event: 68.880 Thread 0x0000000015da8800 nmethod 6201 0x0000000002781d10 code [0x0000000002781e60, 0x0000000002781f50]
Event: 68.880 Thread 0x0000000015da8800 6202       1       org.gradle.api.internal.artifacts.transform.ConsumerVariantMatchResult::getMatches (5 bytes)
Event: 68.880 Thread 0x0000000015da8800 nmethod 6202 0x000000000294ad10 code [0x000000000294ae60, 0x000000000294af70]
Event: 68.880 Thread 0x0000000015da8800 6203       1       org.gradle.internal.Pair::getLeft (5 bytes)
Event: 68.880 Thread 0x0000000015da8800 nmethod 6203 0x00000000029f2150 code [0x00000000029f22a0, 0x00000000029f23b0]

GC Heap History (10 events):
Event: 57.668 GC heap before
{Heap before GC invocations=23 (full 2):
 PSYoungGen      total 53248K, used 53231K [0x00000000e0000000, 0x00000000e4300000, 0x0000000100000000)
  eden space 47104K, 100% used [0x00000000e0000000,0x00000000e2e00000,0x00000000e2e00000)
  from space 6144K, 99% used [0x00000000e3680000,0x00000000e3c7bcc0,0x00000000e3c80000)
  to   space 8704K, 0% used [0x00000000e2e00000,0x00000000e2e00000,0x00000000e3680000)
 ParOldGen       total 43008K, used 21333K [0x00000000a0000000, 0x00000000a2a00000, 0x00000000e0000000)
  object space 43008K, 49% used [0x00000000a0000000,0x00000000a14d55d0,0x00000000a2a00000)
 Metaspace       used 44639K, capacity 45584K, committed 45872K, reserved 1089536K
  class space    used 6104K, capacity 6433K, committed 6448K, reserved 1048576K
Event: 57.681 GC heap after
Heap after GC invocations=23 (full 2):
 PSYoungGen      total 55808K, used 4959K [0x00000000e0000000, 0x00000000e4900000, 0x0000000100000000)
  eden space 47104K, 0% used [0x00000000e0000000,0x00000000e0000000,0x00000000e2e00000)
  from space 8704K, 56% used [0x00000000e2e00000,0x00000000e32d7f20,0x00000000e3680000)
  to   space 8704K, 0% used [0x00000000e4080000,0x00000000e4080000,0x00000000e4900000)
 ParOldGen       total 43008K, used 25393K [0x00000000a0000000, 0x00000000a2a00000, 0x00000000e0000000)
  object space 43008K, 59% used [0x00000000a0000000,0x00000000a18cc620,0x00000000a2a00000)
 Metaspace       used 44639K, capacity 45584K, committed 45872K, reserved 1089536K
  class space    used 6104K, capacity 6433K, committed 6448K, reserved 1048576K
}
Event: 61.719 GC heap before
{Heap before GC invocations=24 (full 2):
 PSYoungGen      total 55808K, used 52063K [0x00000000e0000000, 0x00000000e4900000, 0x0000000100000000)
  eden space 47104K, 100% used [0x00000000e0000000,0x00000000e2e00000,0x00000000e2e00000)
  from space 8704K, 56% used [0x00000000e2e00000,0x00000000e32d7f20,0x00000000e3680000)
  to   space 8704K, 0% used [0x00000000e4080000,0x00000000e4080000,0x00000000e4900000)
 ParOldGen       total 43008K, used 25393K [0x00000000a0000000, 0x00000000a2a00000, 0x00000000e0000000)
  object space 43008K, 59% used [0x00000000a0000000,0x00000000a18cc620,0x00000000a2a00000)
 Metaspace       used 50999K, capacity 52238K, committed 52400K, reserved 1093632K
  class space    used 6885K, capacity 7246K, committed 7344K, reserved 1048576K
Event: 61.736 GC heap after
Heap after GC invocations=24 (full 2):
 PSYoungGen      total 65024K, used 5243K [0x00000000e0000000, 0x00000000e4880000, 0x0000000100000000)
  eden space 56832K, 0% used [0x00000000e0000000,0x00000000e0000000,0x00000000e3780000)
  from space 8192K, 64% used [0x00000000e4080000,0x00000000e459eef8,0x00000000e4880000)
  to   space 8704K, 0% used [0x00000000e3780000,0x00000000e3780000,0x00000000e4000000)
 ParOldGen       total 43008K, used 28467K [0x00000000a0000000, 0x00000000a2a00000, 0x00000000e0000000)
  object space 43008K, 66% used [0x00000000a0000000,0x00000000a1bcce40,0x00000000a2a00000)
 Metaspace       used 50999K, capacity 52238K, committed 52400K, reserved 1093632K
  class space    used 6885K, capacity 7246K, committed 7344K, reserved 1048576K
}
Event: 63.960 GC heap before
{Heap before GC invocations=25 (full 2):
 PSYoungGen      total 65024K, used 62075K [0x00000000e0000000, 0x00000000e4880000, 0x0000000100000000)
  eden space 56832K, 100% used [0x00000000e0000000,0x00000000e3780000,0x00000000e3780000)
  from space 8192K, 64% used [0x00000000e4080000,0x00000000e459eef8,0x00000000e4880000)
  to   space 8704K, 0% used [0x00000000e3780000,0x00000000e3780000,0x00000000e4000000)
 ParOldGen       total 43008K, used 28467K [0x00000000a0000000, 0x00000000a2a00000, 0x00000000e0000000)
  object space 43008K, 66% used [0x00000000a0000000,0x00000000a1bcce40,0x00000000a2a00000)
 Metaspace       used 54720K, capacity 56070K, committed 56240K, reserved 1097728K
  class space    used 7428K, capacity 7804K, committed 7856K, reserved 1048576K
Event: 63.985 GC heap after
Heap after GC invocations=25 (full 2):
 PSYoungGen      total 65536K, used 7301K [0x00000000e0000000, 0x00000000e4880000, 0x0000000100000000)
  eden space 56832K, 0% used [0x00000000e0000000,0x00000000e0000000,0x00000000e3780000)
  from space 8704K, 83% used [0x00000000e3780000,0x00000000e3ea16c8,0x00000000e4000000)
  to   space 8192K, 0% used [0x00000000e4080000,0x00000000e4080000,0x00000000e4880000)
 ParOldGen       total 43008K, used 30390K [0x00000000a0000000, 0x00000000a2a00000, 0x00000000e0000000)
  object space 43008K, 70% used [0x00000000a0000000,0x00000000a1dad870,0x00000000a2a00000)
 Metaspace       used 54720K, capacity 56070K, committed 56240K, reserved 1097728K
  class space    used 7428K, capacity 7804K, committed 7856K, reserved 1048576K
}
Event: 66.239 GC heap before
{Heap before GC invocations=26 (full 2):
 PSYoungGen      total 65536K, used 56221K [0x00000000e0000000, 0x00000000e4880000, 0x0000000100000000)
  eden space 56832K, 86% used [0x00000000e0000000,0x00000000e2fc6020,0x00000000e3780000)
  from space 8704K, 83% used [0x00000000e3780000,0x00000000e3ea16c8,0x00000000e4000000)
  to   space 8192K, 0% used [0x00000000e4080000,0x00000000e4080000,0x00000000e4880000)
 ParOldGen       total 43008K, used 30390K [0x00000000a0000000, 0x00000000a2a00000, 0x00000000e0000000)
  object space 43008K, 70% used [0x00000000a0000000,0x00000000a1dad870,0x00000000a2a00000)
 Metaspace       used 57506K, capacity 59068K, committed 59160K, reserved 1099776K
  class space    used 7876K, capacity 8331K, committed 8368K, reserved 1048576K
Event: 66.253 GC heap after
Heap after GC invocations=26 (full 2):
 PSYoungGen      total 65024K, used 5171K [0x00000000e0000000, 0x00000000e5580000, 0x0000000100000000)
  eden space 56832K, 0% used [0x00000000e0000000,0x00000000e0000000,0x00000000e3780000)
  from space 8192K, 63% used [0x00000000e4080000,0x00000000e458ccc0,0x00000000e4880000)
  to   space 9216K, 0% used [0x00000000e3780000,0x00000000e3780000,0x00000000e4080000)
 ParOldGen       total 43008K, used 33918K [0x00000000a0000000, 0x00000000a2a00000, 0x00000000e0000000)
  object space 43008K, 78% used [0x00000000a0000000,0x00000000a211f8b0,0x00000000a2a00000)
 Metaspace       used 57506K, capacity 59068K, committed 59160K, reserved 1099776K
  class space    used 7876K, capacity 8331K, committed 8368K, reserved 1048576K
}
Event: 66.253 GC heap before
{Heap before GC invocations=27 (full 3):
 PSYoungGen      total 65024K, used 5171K [0x00000000e0000000, 0x00000000e5580000, 0x0000000100000000)
  eden space 56832K, 0% used [0x00000000e0000000,0x00000000e0000000,0x00000000e3780000)
  from space 8192K, 63% used [0x00000000e4080000,0x00000000e458ccc0,0x00000000e4880000)
  to   space 9216K, 0% used [0x00000000e3780000,0x00000000e3780000,0x00000000e4080000)
 ParOldGen       total 43008K, used 33918K [0x00000000a0000000, 0x00000000a2a00000, 0x00000000e0000000)
  object space 43008K, 78% used [0x00000000a0000000,0x00000000a211f8b0,0x00000000a2a00000)
 Metaspace       used 57506K, capacity 59068K, committed 59160K, reserved 1099776K
  class space    used 7876K, capacity 8331K, committed 8368K, reserved 1048576K
Event: 66.939 GC heap after
Heap after GC invocations=27 (full 3):
 PSYoungGen      total 65024K, used 0K [0x00000000e0000000, 0x00000000e5580000, 0x0000000100000000)
  eden space 56832K, 0% used [0x00000000e0000000,0x00000000e0000000,0x00000000e3780000)
  from space 8192K, 0% used [0x00000000e4080000,0x00000000e4080000,0x00000000e4880000)
  to   space 9216K, 0% used [0x00000000e3780000,0x00000000e3780000,0x00000000e4080000)
 ParOldGen       total 43008K, used 34579K [0x00000000a0000000, 0x00000000a2a00000, 0x00000000e0000000)
  object space 43008K, 80% used [0x00000000a0000000,0x00000000a21c4f90,0x00000000a2a00000)
 Metaspace       used 57506K, capacity 59068K, committed 59160K, reserved 1099776K
  class space    used 7876K, capacity 8331K, committed 8368K, reserved 1048576K
}

Deoptimization events (10 events):
Event: 68.456 Thread 0x0000000017f04800 Uncommon trap: reason=class_check action=maybe_recompile pc=0x000000000253bedc method=com.google.common.io.CountingInputStream.read()I @ 4
Event: 68.456 Thread 0x0000000017f04800 Uncommon trap: reason=class_check action=maybe_recompile pc=0x000000000253bedc method=com.google.common.io.CountingInputStream.read()I @ 4
Event: 68.456 Thread 0x0000000017f04800 Uncommon trap: reason=class_check action=maybe_recompile pc=0x00000000029b0ca4 method=com.google.common.io.CountingInputStream.read([BII)I @ 7
Event: 68.456 Thread 0x0000000017f04800 Uncommon trap: reason=class_check action=maybe_recompile pc=0x00000000029b0ca4 method=com.google.common.io.CountingInputStream.read([BII)I @ 7
Event: 68.466 Thread 0x0000000017f04800 Uncommon trap: reason=class_check action=maybe_recompile pc=0x00000000029b0ca4 method=com.google.common.io.CountingInputStream.read([BII)I @ 7
Event: 68.689 Thread 0x0000000017f04800 Uncommon trap: reason=bimorphic action=maybe_recompile pc=0x000000000361592c method=org.codehaus.groovy.util.SingleKeyHashMap.get(Ljava/lang/Object;)Ljava/lang/Object; @ 43
Event: 68.689 Thread 0x0000000017f04800 Uncommon trap: reason=bimorphic action=maybe_recompile pc=0x000000000361592c method=org.codehaus.groovy.util.SingleKeyHashMap.get(Ljava/lang/Object;)Ljava/lang/Object; @ 43
Event: 68.690 Thread 0x0000000017f04800 Uncommon trap: reason=unstable_if action=reinterpret pc=0x00000000034bb6d8 method=groovy.lang.MetaClassImpl.checkIfStdMethod(Lgroovy/lang/MetaMethod;)V @ 167
Event: 68.696 Thread 0x0000000017f04800 Uncommon trap: reason=unstable_if action=reinterpret pc=0x000000000347f61c method=groovy.lang.MetaClassImpl.checkIfStdMethod(Lgroovy/lang/MetaMethod;)V @ 167
Event: 68.700 Thread 0x0000000017f04800 Uncommon trap: reason=unstable_if action=reinterpret pc=0x000000000349da1c method=groovy.lang.MetaClassImpl.filterPropertyMethod(Ljava/lang/Object;ZZ)Ljava/lang/Object; @ 60

Classes redefined (0 events):
No events

Internal exceptions (10 events):
Event: 67.459 Thread 0x0000000017f04800 Exception <a 'java/lang/ClassNotFoundException': com/google/gms/googleservices/GoogleServicesPlugin$VersionRangeBeanInfo> (0x00000000e0765d58) thrown at [D:\src\AOSP-openjdk-cygwin\jdk8u\hotspot\src\share\vm\classfile\systemDictionary.cpp, line 210]
Event: 67.460 Thread 0x0000000017f04800 Exception <a 'java/lang/ClassNotFoundException': com/google/gms/googleservices/GoogleServicesPlugin$VersionRangeCustomizer> (0x00000000e0782708) thrown at [D:\src\AOSP-openjdk-cygwin\jdk8u\hotspot\src\share\vm\classfile\systemDictionary.cpp, line 210]
Event: 68.360 Thread 0x0000000017f04800 Exception <a 'java/lang/ClassNotFoundException': org/codehaus/groovy/util/HashCodeHelperBeanInfo> (0x00000000e0ea9560) thrown at [D:\src\AOSP-openjdk-cygwin\jdk8u\hotspot\src\share\vm\classfile\systemDictionary.cpp, line 210]
Event: 68.361 Thread 0x0000000017f04800 Exception <a 'java/lang/ClassNotFoundException': org/codehaus/groovy/util/HashCodeHelperCustomizer> (0x00000000e0edfbe8) thrown at [D:\src\AOSP-openjdk-cygwin\jdk8u\hotspot\src\share\vm\classfile\systemDictionary.cpp, line 210]
Event: 68.363 Thread 0x0000000017f04800 Exception <a 'java/lang/ClassNotFoundException': java/lang/BooleanBeanInfo> (0x00000000e0f1b3e0) thrown at [D:\src\AOSP-openjdk-cygwin\jdk8u\hotspot\src\share\vm\classfile\systemDictionary.cpp, line 210]
Event: 68.364 Thread 0x0000000017f04800 Exception <a 'java/lang/ClassNotFoundException': java/lang/BooleanCustomizer> (0x00000000e0f24728) thrown at [D:\src\AOSP-openjdk-cygwin\jdk8u\hotspot\src\share\vm\classfile\systemDictionary.cpp, line 210]
Event: 68.697 Thread 0x0000000017f04800 Exception <a 'java/lang/ClassNotFoundException': java/lang/IntegerBeanInfo> (0x00000000e15b1060) thrown at [D:\src\AOSP-openjdk-cygwin\jdk8u\hotspot\src\share\vm\classfile\systemDictionary.cpp, line 210]
Event: 68.698 Thread 0x0000000017f04800 Exception <a 'java/lang/ClassNotFoundException': java/lang/NumberBeanInfo> (0x00000000e15ba408) thrown at [D:\src\AOSP-openjdk-cygwin\jdk8u\hotspot\src\share\vm\classfile\systemDictionary.cpp, line 210]
Event: 68.699 Thread 0x0000000017f04800 Exception <a 'java/lang/ClassNotFoundException': java/lang/NumberCustomizer> (0x00000000e15c3830) thrown at [D:\src\AOSP-openjdk-cygwin\jdk8u\hotspot\src\share\vm\classfile\systemDictionary.cpp, line 210]
Event: 68.699 Thread 0x0000000017f04800 Exception <a 'java/lang/ClassNotFoundException': java/lang/IntegerCustomizer> (0x00000000e15d0758) thrown at [D:\src\AOSP-openjdk-cygwin\jdk8u\hotspot\src\share\vm\classfile\systemDictionary.cpp, line 210]

Events (10 events):
Event: 68.868 loading class org/gradle/api/internal/artifacts/transform/ConsumerVariantMatchResult$ConsumerVariant
Event: 68.868 loading class org/gradle/api/internal/artifacts/transform/ConsumerVariantMatchResult$ConsumerVariant done
Event: 68.869 loading class org/gradle/api/internal/artifacts/transform/ChainedTransformer
Event: 68.869 loading class org/gradle/api/internal/artifacts/transform/ChainedTransformer done
Event: 68.869 loading class org/gradle/api/internal/artifacts/transform/ConsumerProvidedResolvedVariant
Event: 68.869 loading class org/gradle/api/internal/artifacts/transform/ConsumerProvidedResolvedVariant done
Event: 68.874 loading class org/gradle/api/internal/file/collections/DirectoryWalker
Event: 68.874 loading class org/gradle/api/internal/file/collections/DirectoryWalker done
Event: 68.875 loading class org/gradle/api/internal/file/collections/DefaultDirectoryWalkerFactory
Event: 68.875 loading class org/gradle/api/internal/file/collections/DefaultDirectoryWalkerFactory done


Dynamic libraries:
0x00007ff65cb60000 - 0x00007ff65cb91000 	C:\Program Files (x86)\Android\Android Studio\jre\bin\java.exe
0x00007ffee1410000 - 0x00007ffee15f1000 	C:\WINDOWS\SYSTEM32\ntdll.dll
0x00007ffecd550000 - 0x00007ffecd562000 	C:\Program Files\AVAST Software\Avast\aswhook.dll
0x00007ffee1190000 - 0x00007ffee1242000 	C:\WINDOWS\System32\KERNEL32.DLL
0x00007ffede3b0000 - 0x00007ffede623000 	C:\WINDOWS\System32\KERNELBASE.dll
0x00007ffee07a0000 - 0x00007ffee0841000 	C:\WINDOWS\System32\ADVAPI32.dll
0x00007ffee10f0000 - 0x00007ffee118e000 	C:\WINDOWS\System32\msvcrt.dll
0x00007ffee0eb0000 - 0x00007ffee0f0b000 	C:\WINDOWS\System32\sechost.dll
0x00007ffee0a50000 - 0x00007ffee0b74000 	C:\WINDOWS\System32\RPCRT4.dll
0x00007ffee1250000 - 0x00007ffee13e0000 	C:\WINDOWS\System32\USER32.dll
0x00007ffede290000 - 0x00007ffede2b0000 	C:\WINDOWS\System32\win32u.dll
0x00007ffee0f10000 - 0x00007ffee0f38000 	C:\WINDOWS\System32\GDI32.dll
0x00007ffeddef0000 - 0x00007ffede082000 	C:\WINDOWS\System32\gdi32full.dll
0x00007ffede310000 - 0x00007ffede3af000 	C:\WINDOWS\System32\msvcp_win.dll
0x00007ffede090000 - 0x00007ffede18a000 	C:\WINDOWS\System32\ucrtbase.dll
0x00007ffecdf40000 - 0x00007ffece1a9000 	C:\WINDOWS\WinSxS\amd64_microsoft.windows.common-controls_6595b64144ccf1df_6.0.17134.523_none_fb409dd930672a56\COMCTL32.dll
0x00007ffee0b80000 - 0x00007ffee0ea2000 	C:\WINDOWS\System32\combase.dll
0x00007ffede820000 - 0x00007ffede89a000 	C:\WINDOWS\System32\bcryptPrimitives.dll
0x00007ffee06f0000 - 0x00007ffee071d000 	C:\WINDOWS\System32\IMM32.DLL
0x000000005f700000 - 0x000000005f7d2000 	C:\Program Files (x86)\Android\Android Studio\jre\jre\bin\msvcr100.dll
0x000000005f8c0000 - 0x0000000060101000 	C:\Program Files (x86)\Android\Android Studio\jre\jre\bin\server\jvm.dll
0x00007ffee0520000 - 0x00007ffee0528000 	C:\WINDOWS\System32\PSAPI.DLL
0x00007ffec25f0000 - 0x00007ffec25f9000 	C:\WINDOWS\SYSTEM32\WSOCK32.dll
0x00007ffee0730000 - 0x00007ffee079c000 	C:\WINDOWS\System32\WS2_32.dll
0x00007ffed9fa0000 - 0x00007ffed9fc3000 	C:\WINDOWS\SYSTEM32\WINMM.dll
0x00007ffed34a0000 - 0x00007ffed34aa000 	C:\WINDOWS\SYSTEM32\VERSION.dll
0x00007ffed9f70000 - 0x00007ffed9f9a000 	C:\WINDOWS\SYSTEM32\WINMMBASE.dll
0x00007ffede240000 - 0x00007ffede289000 	C:\WINDOWS\System32\cfgmgr32.dll
0x00007ffecdbe0000 - 0x00007ffecdbef000 	C:\Program Files (x86)\Android\Android Studio\jre\jre\bin\verify.dll
0x00007ffeb50a0000 - 0x00007ffeb50c9000 	C:\Program Files (x86)\Android\Android Studio\jre\jre\bin\java.dll
0x00007ffeb5080000 - 0x00007ffeb5096000 	C:\Program Files (x86)\Android\Android Studio\jre\jre\bin\zip.dll
0x00007ffedeff0000 - 0x00007ffee0430000 	C:\WINDOWS\System32\SHELL32.dll
0x00007ffee0f40000 - 0x00007ffee0fe9000 	C:\WINDOWS\System32\shcore.dll
0x00007ffedd7e0000 - 0x00007ffeddeed000 	C:\WINDOWS\System32\windows.storage.dll
0x00007ffee09f0000 - 0x00007ffee0a41000 	C:\WINDOWS\System32\shlwapi.dll
0x00007ffedd790000 - 0x00007ffedd7a1000 	C:\WINDOWS\System32\kernel.appcore.dll
0x00007ffedd7c0000 - 0x00007ffedd7df000 	C:\WINDOWS\System32\profapi.dll
0x00007ffedd720000 - 0x00007ffedd76c000 	C:\WINDOWS\System32\powrprof.dll
0x00007ffedd7b0000 - 0x00007ffedd7ba000 	C:\WINDOWS\System32\FLTLIB.DLL
0x00007ffeaafd0000 - 0x00007ffeaafea000 	C:\Program Files (x86)\Android\Android Studio\jre\jre\bin\net.dll
0x00007ffedcfa0000 - 0x00007ffedd006000 	C:\WINDOWS\system32\mswsock.dll
0x00007ffe93b90000 - 0x00007ffe93ba1000 	C:\Program Files (x86)\Android\Android Studio\jre\jre\bin\nio.dll
0x00007ffed9b20000 - 0x00007ffed9b3e000 	C:\Users\HP\.gradle\native\25\windows-amd64\native-platform.dll
0x00007ffebeac0000 - 0x00007ffebeacd000 	C:\Program Files (x86)\Android\Android Studio\jre\jre\bin\management.dll
0x00007ffedd150000 - 0x00007ffedd167000 	C:\WINDOWS\SYSTEM32\CRYPTSP.dll
0x00007ffedcb20000 - 0x00007ffedcb53000 	C:\WINDOWS\system32\rsaenh.dll
0x00007ffedd280000 - 0x00007ffedd2a5000 	C:\WINDOWS\SYSTEM32\bcrypt.dll
0x00007ffedd650000 - 0x00007ffedd678000 	C:\WINDOWS\SYSTEM32\USERENV.dll
0x00007ffedd170000 - 0x00007ffedd17b000 	C:\WINDOWS\SYSTEM32\CRYPTBASE.dll
0x00007ffedcd20000 - 0x00007ffedcd58000 	C:\WINDOWS\SYSTEM32\IPHLPAPI.DLL
0x00007ffee0720000 - 0x00007ffee0728000 	C:\WINDOWS\System32\NSI.dll
0x00007ffed37a0000 - 0x00007ffed37b6000 	C:\WINDOWS\SYSTEM32\dhcpcsvc6.DLL
0x00007ffed3870000 - 0x00007ffed388a000 	C:\WINDOWS\SYSTEM32\dhcpcsvc.DLL

VM Arguments:
jvm_args: -Xmx1536m -Dfile.encoding=windows-1252 -Duser.country=US -Duser.language=en -Duser.variant 
java_command: org.gradle.launcher.daemon.bootstrap.GradleDaemon 4.10.1
java_class_path (initial): C:\Users\HP\.gradle\wrapper\dists\gradle-4.10.1-all\455itskqi2qtf0v2sja68alqd\gradle-4.10.1\lib\gradle-launcher-4.10.1.jar
Launcher Type: SUN_STANDARD

Environment Variables:
PATH=C:\Program Files (x86)\Common Files\Oracle\Java\javapath;C:\Program Files (x86)\Common Files\ArcSoft\Bin;C:\Program Files (x86)\Intel\iCLS Client\;C:\Program Files\Intel\iCLS Client\;C:\WINDOWS\system32;C:\WINDOWS;C:\WINDOWS\System32\Wbem;C:\WINDOWS\System32\WindowsPowerShell\v1.0\;C:\Program Files (x86)\Intel\Intel(R) Management Engine Components\DAL;C:\Program Files\Intel\Intel(R) Management Engine Components\DAL;C:\Program Files (x86)\Intel\Intel(R) Management Engine Components\IPT;C:\Program Files\Intel\Intel(R) Management Engine Components\IPT;c:\Program Files\Intel\WiFi\bin\;c:\Program Files\Common Files\Intel\WirelessCommon\;C:\Program Files (x86)\GtkSharp\2.12\bin;C:\WINDOWS\System32\OpenSSH\;C:\Users\HP\AppData\Local\Android\Sdk;C:\Program Files (x86)\Java\jdk1.6.0_18\bin;%USERPROFILE%\AppData\Local\Microsoft\WindowsApps;
USERNAME=HP
OS=Windows_NT
PROCESSOR_IDENTIFIER=Intel64 Family 6 Model 61 Stepping 4, GenuineIntel



---------------  S Y S T E M  ---------------

OS: Windows 10.0 , 64 bit Build 17134 (10.0.17134.1)

CPU:total 4 (initial active 4) (2 cores per cpu, 2 threads per core) family 6 model 61 stepping 4, cmov, cx8, fxsr, mmx, sse, sse2, sse3, ssse3, sse4.1, sse4.2, popcnt, avx, avx2, aes, clmul, erms, 3dnowpref, lzcnt, ht, tsc, tscinvbit, bmi1, bmi2, adx

Memory: 4k page, physical 4082796k(266492k free), swap 4082796k(5312k free)

vm_info: OpenJDK 64-Bit Server VM (25.152-b01) for windows-amd64 JRE (1.8.0_152-release-1248-b01), built by "builder" with MS VC++ 10.0 (VS2010)

time: Thu Jan 24 02:12:36 2019
elapsed time: 69 seconds (0d 0h 1m 9s)

