#
# There is insufficient memory for the Java Runtime Environment to continue.
# Native memory allocation (malloc) failed to allocate 1253408 bytes for Chunk::new
# Possible reasons:
#   The system is out of physical RAM or swap space
#   In 32 bit mode, the process size limit was hit
# Possible solutions:
#   Reduce memory load on the system
#   Increase physical memory or swap space
#   Check if swap backing store is full
#   Use 64 bit Java on a 64 bit OS
#   Decrease Java heap size (-Xmx/-Xms)
#   Decrease number of Java threads
#   Decrease Java thread stack sizes (-Xss)
#   Set larger code cache with -XX:ReservedCodeCacheSize=
# This output file may be truncated or incomplete.
#
#  Out of Memory Error (allocation.cpp:390), pid=9836, tid=0x00000000000029b0
#
# JRE version: OpenJDK Runtime Environment (8.0_152-b01) (build 1.8.0_152-release-1248-b01)
# Java VM: OpenJDK 64-Bit Server VM (25.152-b01 mixed mode windows-amd64 compressed oops)
# Failed to write core dump. Minidumps are not enabled by default on client versions of Windows
#

---------------  T H R E A D  ---------------

Current thread (0x00000000169ea000):  JavaThread "C2 CompilerThread0" daemon [_thread_in_native, id=10672, stack(0x0000000017f60000,0x0000000018060000)]

Stack: [0x0000000017f60000,0x0000000018060000]
[error occurred during error reporting (printing stack bounds), id 0xc0000005]

Native frames: (J=compiled Java code, j=interpreted, Vv=VM code, C=native code)


Current CompileTask:
C2:2532724 14872   !   4       org.gradle.internal.operations.DefaultBuildOperationExecutor::execute (336 bytes)


---------------  P R O C E S S  ---------------

Java Threads: ( => current thread )
  0x000000001e212000 JavaThread "Cache worker for Build Output Cleanup Cache (H:\AndroidStudioProjects\LogInPage\.gradle\buildOutputCleanup)" [_thread_blocked, id=2848, stack(0x000000002c5c0000,0x000000002c6c0000)]
  0x000000001e213800 JavaThread "Cache worker for task history cache (H:\AndroidStudioProjects\LogInPage\.gradle\4.10.1\taskHistory)" [_thread_blocked, id=4732, stack(0x000000002c4c0000,0x000000002c5c0000)]
  0x000000001e210800 JavaThread "Task worker for ':' Thread 3" [_thread_blocked, id=2268, stack(0x000000002c3c0000,0x000000002c4c0000)]
  0x000000001e20f000 JavaThread "Task worker for ':' Thread 2" [_thread_blocked, id=1492, stack(0x000000002c2c0000,0x000000002c3c0000)]
  0x000000001e210000 JavaThread "Task worker for ':'" [_thread_blocked, id=2836, stack(0x000000002c1c0000,0x000000002c2c0000)]
  0x000000001e207800 JavaThread "Cache worker for file content cache (H:\AndroidStudioProjects\LogInPage\.gradle\4.10.1\fileContent)" [_thread_blocked, id=4928, stack(0x000000002c0c0000,0x000000002c1c0000)]
  0x000000001e20e800 JavaThread "Build operations Thread 4" [_thread_blocked, id=6464, stack(0x000000002bfc0000,0x000000002c0c0000)]
  0x000000001e20d800 JavaThread "Build operations Thread 3" [_thread_blocked, id=4648, stack(0x000000002bec0000,0x000000002bfc0000)]
  0x000000001e20d000 JavaThread "Build operations Thread 2" [_thread_in_native, id=5612, stack(0x000000002bdc0000,0x000000002bec0000)]
  0x000000001e20b000 JavaThread "Build operations" [_thread_blocked, id=8304, stack(0x000000002bcc0000,0x000000002bdc0000)]
  0x000000001e209800 JavaThread "Cache worker for cache directory md-rule (C:\Users\HP\.gradle\caches\4.10.1\md-rule)" [_thread_blocked, id=8764, stack(0x000000002bbc0000,0x000000002bcc0000)]
  0x000000001e209000 JavaThread "Cache worker for cache directory md-supplier (C:\Users\HP\.gradle\caches\4.10.1\md-supplier)" [_thread_blocked, id=5788, stack(0x000000002bac0000,0x000000002bbc0000)]
  0x000000001e20c000 JavaThread "Cache worker for file hash cache (H:\AndroidStudioProjects\LogInPage\.gradle\4.10.1\fileHashes)" [_thread_blocked, id=2176, stack(0x000000002b9c0000,0x000000002bac0000)]
  0x000000001e20a800 JavaThread "Stdin handler" [_thread_blocked, id=4748, stack(0x000000002b8c0000,0x000000002b9c0000)]
  0x000000001b43f000 JavaThread "Asynchronous log dispatcher for DefaultDaemonConnection: socket connection from /127.0.0.1:2324 to /127.0.0.1:2524" [_thread_blocked, id=4704, stack(0x000000002b7c0000,0x000000002b8c0000)]
  0x000000001b43f800 JavaThread "Daemon worker Thread 3" [_thread_blocked, id=8360, stack(0x000000002b6c0000,0x000000002b7c0000)]
  0x000000001b43c000 JavaThread "Cancel handler" [_thread_blocked, id=2504, stack(0x000000002b5c0000,0x000000002b6c0000)]
  0x000000001b43e000 JavaThread "Handler for socket connection from /127.0.0.1:2324 to /127.0.0.1:2524" [_thread_in_native, id=2608, stack(0x000000002b4c0000,0x000000002b5c0000)]
  0x000000001b441000 JavaThread "Daemon Thread 3" [_thread_blocked, id=6084, stack(0x000000002b3c0000,0x000000002b4c0000)]
  0x000000001e208000 JavaThread "pool-1-thread-1" [_thread_blocked, id=9540, stack(0x0000000026f90000,0x0000000027090000)]
  0x0000000018a67000 JavaThread "Cache worker for Java compile cache (C:\Users\HP\.gradle\caches\4.10.1\javaCompile)" [_thread_blocked, id=5796, stack(0x0000000024550000,0x0000000024650000)]
  0x0000000018a64000 JavaThread "Cache worker for file content cache (C:\Users\HP\.gradle\caches\4.10.1\fileContent)" [_thread_blocked, id=4284, stack(0x0000000020fd0000,0x00000000210d0000)]
  0x0000000018a68800 JavaThread "Memory manager" [_thread_blocked, id=2492, stack(0x000000001fcb0000,0x000000001fdb0000)]
  0x000000001b43b000 JavaThread "Cache worker for Artifact transforms cache (C:\Users\HP\.gradle\caches\transforms-1)" [_thread_blocked, id=5260, stack(0x000000001f5b0000,0x000000001f6b0000)]
  0x000000001b440800 JavaThread "Cache worker for journal cache (C:\Users\HP\.gradle\caches\journal-1)" [_thread_blocked, id=1656, stack(0x000000001d910000,0x000000001da10000)]
  0x000000001b26e000 JavaThread "File lock request listener" [_thread_in_native, id=1100, stack(0x000000001c380000,0x000000001c480000)]
  0x000000001b1dd800 JavaThread "Cache worker for file hash cache (C:\Users\HP\.gradle\caches\4.10.1\fileHashes)" [_thread_blocked, id=3236, stack(0x000000001c280000,0x000000001c380000)]
  0x00000000194e9000 JavaThread "Daemon periodic checks" [_thread_blocked, id=11056, stack(0x000000001a7b0000,0x000000001a8b0000)]
  0x00000000194e7000 JavaThread "Incoming local TCP Connector on port 2324" [_thread_in_native, id=8724, stack(0x000000001a570000,0x000000001a670000)]
  0x0000000018289800 JavaThread "Service Thread" daemon [_thread_blocked, id=5748, stack(0x0000000018660000,0x0000000018760000)]
  0x00000000169fa000 JavaThread "C1 CompilerThread2" daemon [_thread_blocked, id=11232, stack(0x0000000018160000,0x0000000018260000)]
  0x00000000169ee000 JavaThread "C2 CompilerThread1" daemon [_thread_in_native, id=2360, stack(0x0000000018060000,0x0000000018160000)]
=>0x00000000169ea000 JavaThread "C2 CompilerThread0" daemon [_thread_in_native, id=10672, stack(0x0000000017f60000,0x0000000018060000)]
  0x00000000169f9800 JavaThread "Attach Listener" daemon [_thread_blocked, id=9948, stack(0x0000000017e60000,0x0000000017f60000)]
  0x00000000169f6000 JavaThread "Signal Dispatcher" daemon [_thread_blocked, id=4352, stack(0x0000000017d60000,0x0000000017e60000)]
  0x0000000002fbd000 JavaThread "Finalizer" daemon [_thread_blocked, id=11024, stack(0x0000000017c60000,0x0000000017d60000)]
  0x0000000002fb1000 JavaThread "Reference Handler" daemon [_thread_blocked, id=3084, stack(0x0000000017b60000,0x0000000017c60000)]
  0x000000000307e000 JavaThread "main" [_thread_blocked, id=9432, stack(0x0000000002d60000,0x0000000002e60000)]

Other Threads:
  0x00000000169b7000 VMThread [stack: 0x0000000017a60000,0x0000000017b60000] [id=5932]
  0x0000000016a4e800 WatcherThread [stack: 0x0000000018760000,0x0000000018860000] [id=7660]

VM state:not at safepoint (normal execution)

VM Mutex/Monitor currently owned by a thread: None

Heap:
 PSYoungGen      total 232448K, used 67225K [0x00000000e0000000, 0x00000000f1b00000, 0x0000000100000000)
  eden space 178176K, 33% used [0x00000000e0000000,0x00000000e3982588,0x00000000eae00000)
  from space 54272K, 15% used [0x00000000ee600000,0x00000000eee24070,0x00000000f1b00000)
  to   space 55808K, 0% used [0x00000000eae00000,0x00000000eae00000,0x00000000ee480000)
 ParOldGen       total 163840K, used 115338K [0x00000000a0000000, 0x00000000aa000000, 0x00000000e0000000)
  object space 163840K, 70% used [0x00000000a0000000,0x00000000a70a2b98,0x00000000aa000000)
 Metaspace       used 82304K, capacity 85260K, committed 85424K, reserved 1124352K
  class space    used 10731K, capacity 11400K, committed 11440K, reserved 1048576K

Card table byte_map: [0x0000000012440000,0x0000000012750000] byte_map_base: 0x0000000011f40000

Marking Bits: (ParMarkBitMap*) 0x00000000536f5aa0
 Begin Bits: [0x0000000012d50000, 0x0000000014550000)
 End Bits:   [0x0000000014550000, 0x0000000015d50000)

Polling page: 0x0000000001270000

CodeCache: size=245760Kb used=38825Kb max_used=39077Kb free=206934Kb
 bounds [0x0000000003080000, 0x00000000056f0000, 0x0000000012080000]
 total_blobs=13033 nmethods=12178 adapters=766
 compilation: enabled

Compilation events (10 events):
Event: 2532.612 Thread 0x00000000169fa000 15032       3       org.gradle.api.internal.artifacts.ivyservice.modulecache.artifacts.DefaultModuleArtifactCache$ArtifactAtRepositoryKeySerializer::write (25 bytes)
Event: 2532.613 Thread 0x00000000169fa000 nmethod 15032 0x0000000005501390 code [0x0000000005501520, 0x0000000005501878]
Event: 2532.613 Thread 0x00000000169fa000 15033       3       org.gradle.api.internal.artifacts.metadata.ComponentArtifactIdentifierSerializer::write (10 bytes)
Event: 2532.613 Thread 0x00000000169fa000 nmethod 15033 0x00000000048ee4d0 code [0x00000000048ee640, 0x00000000048ee8c8]
Event: 2532.613 Thread 0x00000000169fa000 15034       3       org.gradle.api.internal.artifacts.metadata.ComponentArtifactIdentifierSerializer::write (66 bytes)
Event: 2532.614 Thread 0x00000000169fa000 nmethod 15034 0x00000000048ed9d0 code [0x00000000048edba0, 0x00000000048ee248]
Event: 2532.614 Thread 0x00000000169fa000 15035       3       org.gradle.api.internal.artifacts.ivyservice.modulecache.artifacts.DefaultModuleArtifactCache$CachedArtifactSerializer::read (6 bytes)
Event: 2532.614 Thread 0x00000000169fa000 nmethod 15035 0x0000000004efec90 code [0x0000000004efee00, 0x0000000004efefa8]
Event: 2532.614 Thread 0x00000000169fa000 15036       3       org.gradle.api.internal.artifacts.ivyservice.modulecache.artifacts.DefaultModuleArtifactCache$CachedArtifactSerializer::read (127 bytes)
Event: 2532.616 Thread 0x00000000169fa000 nmethod 15036 0x0000000004245450 code [0x00000000042456e0, 0x0000000004246778]

GC Heap History (10 events):
Event: 990.349 GC heap before
{Heap before GC invocations=29 (full 4):
 PSYoungGen      total 177152K, used 163835K [0x00000000e0000000, 0x00000000ed180000, 0x0000000100000000)
  eden space 141824K, 100% used [0x00000000e0000000,0x00000000e8a80000,0x00000000e8a80000)
  from space 35328K, 62% used [0x00000000eaf00000,0x00000000ec47ec58,0x00000000ed180000)
  to   space 36352K, 0% used [0x00000000e8a80000,0x00000000e8a80000,0x00000000eae00000)
 ParOldGen       total 163840K, used 100791K [0x00000000a0000000, 0x00000000aa000000, 0x00000000e0000000)
  object space 163840K, 61% used [0x00000000a0000000,0x00000000a626ded0,0x00000000aa000000)
 Metaspace       used 81468K, capacity 84462K, committed 84656K, reserved 1122304K
  class space    used 10722K, capacity 11387K, committed 11440K, reserved 1048576K
Event: 990.373 GC heap after
Heap after GC invocations=29 (full 4):
 PSYoungGen      total 178176K, used 9363K [0x00000000e0000000, 0x00000000edf00000, 0x0000000100000000)
  eden space 141824K, 0% used [0x00000000e0000000,0x00000000e0000000,0x00000000e8a80000)
  from space 36352K, 25% used [0x00000000e8a80000,0x00000000e93a4f70,0x00000000eae00000)
  to   space 34816K, 0% used [0x00000000ebd00000,0x00000000ebd00000,0x00000000edf00000)
 ParOldGen       total 163840K, used 100799K [0x00000000a0000000, 0x00000000aa000000, 0x00000000e0000000)
  object space 163840K, 61% used [0x00000000a0000000,0x00000000a626fed0,0x00000000aa000000)
 Metaspace       used 81468K, capacity 84462K, committed 84656K, reserved 1122304K
  class space    used 10722K, capacity 11387K, committed 11440K, reserved 1048576K
}
Event: 995.584 GC heap before
{Heap before GC invocations=30 (full 4):
 PSYoungGen      total 178176K, used 151187K [0x00000000e0000000, 0x00000000edf00000, 0x0000000100000000)
  eden space 141824K, 100% used [0x00000000e0000000,0x00000000e8a80000,0x00000000e8a80000)
  from space 36352K, 25% used [0x00000000e8a80000,0x00000000e93a4f70,0x00000000eae00000)
  to   space 34816K, 0% used [0x00000000ebd00000,0x00000000ebd00000,0x00000000edf00000)
 ParOldGen       total 163840K, used 100799K [0x00000000a0000000, 0x00000000aa000000, 0x00000000e0000000)
  object space 163840K, 61% used [0x00000000a0000000,0x00000000a626fed0,0x00000000aa000000)
 Metaspace       used 81841K, capacity 84800K, committed 84912K, reserved 1122304K
  class space    used 10723K, capacity 11388K, committed 11440K, reserved 1048576K
Event: 995.666 GC heap after
Heap after GC invocations=30 (full 4):
 PSYoungGen      total 189952K, used 28275K [0x00000000e0000000, 0x00000000ee580000, 0x0000000100000000)
  eden space 155136K, 0% used [0x00000000e0000000,0x00000000e0000000,0x00000000e9780000)
  from space 34816K, 81% used [0x00000000ebd00000,0x00000000ed89cdb8,0x00000000edf00000)
  to   space 38400K, 0% used [0x00000000e9780000,0x00000000e9780000,0x00000000ebd00000)
 ParOldGen       total 163840K, used 100799K [0x00000000a0000000, 0x00000000aa000000, 0x00000000e0000000)
  object space 163840K, 61% used [0x00000000a0000000,0x00000000a626fed0,0x00000000aa000000)
 Metaspace       used 81841K, capacity 84800K, committed 84912K, reserved 1122304K
  class space    used 10723K, capacity 11388K, committed 11440K, reserved 1048576K
}
Event: 1000.122 GC heap before
{Heap before GC invocations=31 (full 4):
 PSYoungGen      total 189952K, used 183411K [0x00000000e0000000, 0x00000000ee580000, 0x0000000100000000)
  eden space 155136K, 100% used [0x00000000e0000000,0x00000000e9780000,0x00000000e9780000)
  from space 34816K, 81% used [0x00000000ebd00000,0x00000000ed89cdb8,0x00000000edf00000)
  to   space 38400K, 0% used [0x00000000e9780000,0x00000000e9780000,0x00000000ebd00000)
 ParOldGen       total 163840K, used 100799K [0x00000000a0000000, 0x00000000aa000000, 0x00000000e0000000)
  object space 163840K, 61% used [0x00000000a0000000,0x00000000a626fed0,0x00000000aa000000)
 Metaspace       used 81869K, capacity 84800K, committed 84912K, reserved 1122304K
  class space    used 10724K, capacity 11388K, committed 11440K, reserved 1048576K
Event: 1000.381 GC heap after
Heap after GC invocations=31 (full 4):
 PSYoungGen      total 193536K, used 38368K [0x00000000e0000000, 0x00000000f1e80000, 0x0000000100000000)
  eden space 155136K, 0% used [0x00000000e0000000,0x00000000e0000000,0x00000000e9780000)
  from space 38400K, 99% used [0x00000000e9780000,0x00000000ebcf81b8,0x00000000ebd00000)
  to   space 57856K, 0% used [0x00000000ee600000,0x00000000ee600000,0x00000000f1e80000)
 ParOldGen       total 163840K, used 135236K [0x00000000a0000000, 0x00000000aa000000, 0x00000000e0000000)
  object space 163840K, 82% used [0x00000000a0000000,0x00000000a84113a0,0x00000000aa000000)
 Metaspace       used 81869K, capacity 84800K, committed 84912K, reserved 1122304K
  class space    used 10724K, capacity 11388K, committed 11440K, reserved 1048576K
}
Event: 1000.381 GC heap before
{Heap before GC invocations=32 (full 5):
 PSYoungGen      total 193536K, used 38368K [0x00000000e0000000, 0x00000000f1e80000, 0x0000000100000000)
  eden space 155136K, 0% used [0x00000000e0000000,0x00000000e0000000,0x00000000e9780000)
  from space 38400K, 99% used [0x00000000e9780000,0x00000000ebcf81b8,0x00000000ebd00000)
  to   space 57856K, 0% used [0x00000000ee600000,0x00000000ee600000,0x00000000f1e80000)
 ParOldGen       total 163840K, used 135236K [0x00000000a0000000, 0x00000000aa000000, 0x00000000e0000000)
  object space 163840K, 82% used [0x00000000a0000000,0x00000000a84113a0,0x00000000aa000000)
 Metaspace       used 81869K, capacity 84800K, committed 84912K, reserved 1122304K
  class space    used 10724K, capacity 11388K, committed 11440K, reserved 1048576K
Event: 1001.465 GC heap after
Heap after GC invocations=32 (full 5):
 PSYoungGen      total 193536K, used 0K [0x00000000e0000000, 0x00000000f1e80000, 0x0000000100000000)
  eden space 155136K, 0% used [0x00000000e0000000,0x00000000e0000000,0x00000000e9780000)
  from space 38400K, 0% used [0x00000000e9780000,0x00000000e9780000,0x00000000ebd00000)
  to   space 57856K, 0% used [0x00000000ee600000,0x00000000ee600000,0x00000000f1e80000)
 ParOldGen       total 163840K, used 115330K [0x00000000a0000000, 0x00000000aa000000, 0x00000000e0000000)
  object space 163840K, 70% used [0x00000000a0000000,0x00000000a70a0b98,0x00000000aa000000)
 Metaspace       used 81869K, capacity 84800K, committed 84912K, reserved 1122304K
  class space    used 10724K, capacity 11388K, committed 11440K, reserved 1048576K
}
Event: 1004.738 GC heap before
{Heap before GC invocations=33 (full 5):
 PSYoungGen      total 193536K, used 155136K [0x00000000e0000000, 0x00000000f1e80000, 0x0000000100000000)
  eden space 155136K, 100% used [0x00000000e0000000,0x00000000e9780000,0x00000000e9780000)
  from space 38400K, 0% used [0x00000000e9780000,0x00000000e9780000,0x00000000ebd00000)
  to   space 57856K, 0% used [0x00000000ee600000,0x00000000ee600000,0x00000000f1e80000)
 ParOldGen       total 163840K, used 115330K [0x00000000a0000000, 0x00000000aa000000, 0x00000000e0000000)
  object space 163840K, 70% used [0x00000000a0000000,0x00000000a70a0b98,0x00000000aa000000)
 Metaspace       used 81940K, capacity 84938K, committed 85168K, reserved 1122304K
  class space    used 10725K, capacity 11389K, committed 11440K, reserved 1048576K
Event: 1004.759 GC heap after
Heap after GC invocations=33 (full 5):
 PSYoungGen      total 232448K, used 8336K [0x00000000e0000000, 0x00000000f1b00000, 0x0000000100000000)
  eden space 178176K, 0% used [0x00000000e0000000,0x00000000e0000000,0x00000000eae00000)
  from space 54272K, 15% used [0x00000000ee600000,0x00000000eee24070,0x00000000f1b00000)
  to   space 55808K, 0% used [0x00000000eae00000,0x00000000eae00000,0x00000000ee480000)
 ParOldGen       total 163840K, used 115338K [0x00000000a0000000, 0x00000000aa000000, 0x00000000e0000000)
  object space 163840K, 70% used [0x00000000a0000000,0x00000000a70a2b98,0x00000000aa000000)
 Metaspace       used 81940K, capacity 84938K, committed 85168K, reserved 1122304K
  class space    used 10725K, capacity 11389K, committed 11440K, reserved 1048576K
}

Deoptimization events (10 events):
Event: 1004.015 Thread 0x0000000018a73000 Uncommon trap: reason=speculate_class_check action=maybe_recompile pc=0x000000000454fb54 method=java.lang.StringCoding.encode(Ljava/nio/charset/Charset;[CII)[B @ 91
Event: 1004.046 Thread 0x0000000018a73000 Uncommon trap: reason=speculate_class_check action=maybe_recompile pc=0x00000000056c4918 method=java.lang.StringCoding.encode(Ljava/nio/charset/Charset;[CII)[B @ 99
Event: 1004.046 Thread 0x0000000018a73000 Uncommon trap: reason=speculate_class_check action=maybe_recompile pc=0x00000000056c4918 method=java.lang.StringCoding.encode(Ljava/nio/charset/Charset;[CII)[B @ 99
Event: 1004.568 Thread 0x0000000018a73000 Uncommon trap: reason=class_check action=maybe_recompile pc=0x0000000004b01cc0 method=com.android.tools.build.apkzlib.zip.ZipField.checkVerifiesInvariants(J)V @ 25
Event: 1004.984 Thread 0x000000001e208000 Uncommon trap: reason=class_check action=maybe_recompile pc=0x0000000004e6f530 method=java.util.concurrent.FutureTask.run()V @ 42
Event: 1005.028 Thread 0x000000001e20a800 Uncommon trap: reason=unstable_if action=reinterpret pc=0x000000000399cdf8 method=com.esotericsoftware.kryo.io.Input.require(I)I @ 117
Event: 2530.815 Thread 0x000000001b43e000 Uncommon trap: reason=class_check action=maybe_recompile pc=0x0000000004a0e960 method=java.lang.reflect.Array.newInstance(Ljava/lang/Class;I)Ljava/lang/Object; @ 2
Event: 2531.615 Thread 0x000000001b43f800 Uncommon trap: reason=unstable_if action=reinterpret pc=0x00000000055bd084 method=java.util.stream.StreamOpFlag.fromCharacteristics(Ljava/util/Spliterator;)I @ 10
Event: 2531.617 Thread 0x000000001b43f800 Uncommon trap: reason=unstable_if action=reinterpret pc=0x00000000055bfbb4 method=java.util.stream.MatchOps$BooleanTerminalSink.<init>(Ljava/util/stream/MatchOps$MatchKind;)V @ 9
Event: 2531.618 Thread 0x000000001b43f800 Uncommon trap: reason=bimorphic action=maybe_recompile pc=0x00000000055bee4c method=java.util.stream.MatchOps$1MatchSink.accept(Ljava/lang/Object;)V @ 12

Classes redefined (0 events):
No events

Internal exceptions (10 events):
Event: 2531.591 Thread 0x000000001b43f800 Exception <a 'sun/nio/fs/WindowsException'> (0x00000000e256b0a8) thrown at [D:\src\AOSP-openjdk-cygwin\jdk8u\hotspot\src\share\vm\prims\jni.cpp, line 709]
Event: 2531.591 Thread 0x000000001b43f800 Exception <a 'sun/nio/fs/WindowsException'> (0x00000000e256bdf8) thrown at [D:\src\AOSP-openjdk-cygwin\jdk8u\hotspot\src\share\vm\prims\jni.cpp, line 709]
Event: 2531.595 Thread 0x000000001b43f800 Exception <a 'sun/nio/fs/WindowsException'> (0x00000000e256ee28) thrown at [D:\src\AOSP-openjdk-cygwin\jdk8u\hotspot\src\share\vm\prims\jni.cpp, line 709]
Event: 2531.595 Thread 0x000000001b43f800 Exception <a 'sun/nio/fs/WindowsException'> (0x00000000e256fba8) thrown at [D:\src\AOSP-openjdk-cygwin\jdk8u\hotspot\src\share\vm\prims\jni.cpp, line 709]
Event: 2531.595 Thread 0x000000001b43f800 Exception <a 'sun/nio/fs/WindowsException'> (0x00000000e2571d28) thrown at [D:\src\AOSP-openjdk-cygwin\jdk8u\hotspot\src\share\vm\prims\jni.cpp, line 709]
Event: 2531.595 Thread 0x000000001b43f800 Exception <a 'sun/nio/fs/WindowsException'> (0x00000000e2572ae8) thrown at [D:\src\AOSP-openjdk-cygwin\jdk8u\hotspot\src\share\vm\prims\jni.cpp, line 709]
Event: 2531.596 Thread 0x000000001b43f800 Exception <a 'sun/nio/fs/WindowsException'> (0x00000000e2575fa8) thrown at [D:\src\AOSP-openjdk-cygwin\jdk8u\hotspot\src\share\vm\prims\jni.cpp, line 709]
Event: 2531.596 Thread 0x000000001b43f800 Exception <a 'sun/nio/fs/WindowsException'> (0x00000000e2576ca8) thrown at [D:\src\AOSP-openjdk-cygwin\jdk8u\hotspot\src\share\vm\prims\jni.cpp, line 709]
Event: 2531.597 Thread 0x000000001b43f800 Exception <a 'sun/nio/fs/WindowsException'> (0x00000000e2578db0) thrown at [D:\src\AOSP-openjdk-cygwin\jdk8u\hotspot\src\share\vm\prims\jni.cpp, line 709]
Event: 2531.597 Thread 0x000000001b43f800 Exception <a 'sun/nio/fs/WindowsException'> (0x00000000e2579af0) thrown at [D:\src\AOSP-openjdk-cygwin\jdk8u\hotspot\src\share\vm\prims\jni.cpp, line 709]

Events (10 events):
Event: 2531.903 Executing VM operation: RevokeBias
Event: 2531.904 Executing VM operation: RevokeBias done
Event: 2531.905 Executing VM operation: RevokeBias
Event: 2531.906 Executing VM operation: RevokeBias done
Event: 2531.914 Executing VM operation: RevokeBias
Event: 2531.914 Executing VM operation: RevokeBias done
Event: 2532.002 Executing VM operation: RevokeBias
Event: 2532.003 Executing VM operation: RevokeBias done
Event: 2532.587 Executing VM operation: RevokeBias
Event: 2532.588 Executing VM operation: RevokeBias done


Dynamic libraries:
0x00007ff65c0f0000 - 0x00007ff65c121000 	C:\Program Files (x86)\Android\Android Studio\jre\bin\java.exe
0x00007ff8b11a0000 - 0x00007ff8b1381000 	C:\WINDOWS\SYSTEM32\ntdll.dll
0x00007ff8647b0000 - 0x00007ff8647c2000 	C:\Program Files\AVAST Software\Avast\aswhook.dll
0x00007ff8ae7c0000 - 0x00007ff8ae872000 	C:\WINDOWS\System32\KERNEL32.DLL
0x00007ff8ade70000 - 0x00007ff8ae0e3000 	C:\WINDOWS\System32\KERNELBASE.dll
0x00007ff8afab0000 - 0x00007ff8afb51000 	C:\WINDOWS\System32\ADVAPI32.dll
0x00007ff8ae880000 - 0x00007ff8ae91e000 	C:\WINDOWS\System32\msvcrt.dll
0x00007ff8ae720000 - 0x00007ff8ae77b000 	C:\WINDOWS\System32\sechost.dll
0x00007ff8b0fa0000 - 0x00007ff8b10c4000 	C:\WINDOWS\System32\RPCRT4.dll
0x00007ff8aec40000 - 0x00007ff8aedd0000 	C:\WINDOWS\System32\USER32.dll
0x00007ff8ade50000 - 0x00007ff8ade70000 	C:\WINDOWS\System32\win32u.dll
0x00007ff8aea70000 - 0x00007ff8aea98000 	C:\WINDOWS\System32\GDI32.dll
0x00007ff8ae240000 - 0x00007ff8ae3d2000 	C:\WINDOWS\System32\gdi32full.dll
0x00007ff8ad570000 - 0x00007ff8ad60f000 	C:\WINDOWS\System32\msvcp_win.dll
0x00007ff8ae0f0000 - 0x00007ff8ae1ea000 	C:\WINDOWS\System32\ucrtbase.dll
0x00007ff89e010000 - 0x00007ff89e279000 	C:\WINDOWS\WinSxS\amd64_microsoft.windows.common-controls_6595b64144ccf1df_6.0.17134.523_none_fb409dd930672a56\COMCTL32.dll
0x00007ff8af260000 - 0x00007ff8af582000 	C:\WINDOWS\System32\combase.dll
0x00007ff8ad610000 - 0x00007ff8ad68a000 	C:\WINDOWS\System32\bcryptPrimitives.dll
0x00007ff8aea40000 - 0x00007ff8aea6d000 	C:\WINDOWS\System32\IMM32.DLL
0x0000000052d70000 - 0x0000000052e42000 	C:\Program Files (x86)\Android\Android Studio\jre\jre\bin\msvcr100.dll
0x0000000052f30000 - 0x0000000053771000 	C:\Program Files (x86)\Android\Android Studio\jre\jre\bin\server\jvm.dll
0x00007ff8ae780000 - 0x00007ff8ae788000 	C:\WINDOWS\System32\PSAPI.DLL
0x00007ff89dc00000 - 0x00007ff89dc09000 	C:\WINDOWS\SYSTEM32\WSOCK32.dll
0x00007ff8ae920000 - 0x00007ff8ae98c000 	C:\WINDOWS\System32\WS2_32.dll
0x00007ff8a63a0000 - 0x00007ff8a63c3000 	C:\WINDOWS\SYSTEM32\WINMM.dll
0x00007ff8a1a30000 - 0x00007ff8a1a3a000 	C:\WINDOWS\SYSTEM32\VERSION.dll
0x00007ff8a6370000 - 0x00007ff8a639a000 	C:\WINDOWS\SYSTEM32\WINMMBASE.dll
0x00007ff8ae1f0000 - 0x00007ff8ae239000 	C:\WINDOWS\System32\cfgmgr32.dll
0x00007ff8a19e0000 - 0x00007ff8a19ef000 	C:\Program Files (x86)\Android\Android Studio\jre\jre\bin\verify.dll
0x00007ff8a1840000 - 0x00007ff8a1869000 	C:\Program Files (x86)\Android\Android Studio\jre\jre\bin\java.dll
0x00007ff8a19c0000 - 0x00007ff8a19d6000 	C:\Program Files (x86)\Android\Android Studio\jre\jre\bin\zip.dll
0x00007ff8afb60000 - 0x00007ff8b0fa0000 	C:\WINDOWS\System32\SHELL32.dll
0x00007ff8ae990000 - 0x00007ff8aea39000 	C:\WINDOWS\System32\shcore.dll
0x00007ff8ad740000 - 0x00007ff8ade4d000 	C:\WINDOWS\System32\windows.storage.dll
0x00007ff8afa50000 - 0x00007ff8afaa1000 	C:\WINDOWS\System32\shlwapi.dll
0x00007ff8ad550000 - 0x00007ff8ad561000 	C:\WINDOWS\System32\kernel.appcore.dll
0x00007ff8ad500000 - 0x00007ff8ad51f000 	C:\WINDOWS\System32\profapi.dll
0x00007ff8ad4b0000 - 0x00007ff8ad4fc000 	C:\WINDOWS\System32\powrprof.dll
0x00007ff8ad520000 - 0x00007ff8ad52a000 	C:\WINDOWS\System32\FLTLIB.DLL
0x00007ff8a1820000 - 0x00007ff8a183a000 	C:\Program Files (x86)\Android\Android Studio\jre\jre\bin\net.dll
0x00007ff8accd0000 - 0x00007ff8acd36000 	C:\WINDOWS\system32\mswsock.dll
0x00007ff8a16a0000 - 0x00007ff8a16b1000 	C:\Program Files (x86)\Android\Android Studio\jre\jre\bin\nio.dll
0x00007ff8a1660000 - 0x00007ff8a167e000 	C:\Users\HP\.gradle\native\25\windows-amd64\native-platform.dll
0x00007ff8a1720000 - 0x00007ff8a172d000 	C:\Program Files (x86)\Android\Android Studio\jre\jre\bin\management.dll
0x00007ff8ace80000 - 0x00007ff8ace97000 	C:\WINDOWS\SYSTEM32\CRYPTSP.dll
0x00007ff8ac8b0000 - 0x00007ff8ac8e3000 	C:\WINDOWS\system32\rsaenh.dll
0x00007ff8ad010000 - 0x00007ff8ad035000 	C:\WINDOWS\SYSTEM32\bcrypt.dll
0x00007ff8ad3b0000 - 0x00007ff8ad3d8000 	C:\WINDOWS\SYSTEM32\USERENV.dll
0x00007ff8acea0000 - 0x00007ff8aceab000 	C:\WINDOWS\SYSTEM32\CRYPTBASE.dll
0x00007ff8aca50000 - 0x00007ff8aca88000 	C:\WINDOWS\SYSTEM32\IPHLPAPI.DLL
0x00007ff8ae790000 - 0x00007ff8ae798000 	C:\WINDOWS\System32\NSI.dll
0x00007ff8a5b40000 - 0x00007ff8a5b56000 	C:\WINDOWS\SYSTEM32\dhcpcsvc6.DLL
0x00007ff8a5db0000 - 0x00007ff8a5dca000 	C:\WINDOWS\SYSTEM32\dhcpcsvc.DLL

VM Arguments:
jvm_args: -Xmx1536m -Dfile.encoding=windows-1252 -Duser.country=US -Duser.language=en -Duser.variant 
java_command: org.gradle.launcher.daemon.bootstrap.GradleDaemon 4.10.1
java_class_path (initial): C:\Users\HP\.gradle\wrapper\dists\gradle-4.10.1-all\455itskqi2qtf0v2sja68alqd\gradle-4.10.1\lib\gradle-launcher-4.10.1.jar
Launcher Type: SUN_STANDARD

Environment Variables:
PATH=C:\Program Files (x86)\Common Files\Oracle\Java\javapath;C:\Program Files (x86)\Common Files\ArcSoft\Bin;C:\Program Files (x86)\Intel\iCLS Client\;C:\Program Files\Intel\iCLS Client\;C:\WINDOWS\system32;C:\WINDOWS;C:\WINDOWS\System32\Wbem;C:\WINDOWS\System32\WindowsPowerShell\v1.0\;C:\Program Files (x86)\Intel\Intel(R) Management Engine Components\DAL;C:\Program Files\Intel\Intel(R) Management Engine Components\DAL;C:\Program Files (x86)\Intel\Intel(R) Management Engine Components\IPT;C:\Program Files\Intel\Intel(R) Management Engine Components\IPT;c:\Program Files\Intel\WiFi\bin\;c:\Program Files\Common Files\Intel\WirelessCommon\;C:\Program Files (x86)\GtkSharp\2.12\bin;C:\WINDOWS\System32\OpenSSH\;C:\Users\HP\AppData\Local\Android\Sdk;C:\Program Files (x86)\Java\jdk1.6.0_18\bin;%USERPROFILE%\AppData\Local\Microsoft\WindowsApps;
USERNAME=HP
OS=Windows_NT
PROCESSOR_IDENTIFIER=Intel64 Family 6 Model 61 Stepping 4, GenuineIntel



---------------  S Y S T E M  ---------------

OS: Windows 10.0 , 64 bit Build 17134 (10.0.17134.1)

CPU:total 4 (initial active 4) (2 cores per cpu, 2 threads per core) family 6 model 61 stepping 4, cmov, cx8, fxsr, mmx, sse, sse2, sse3, ssse3, sse4.1, sse4.2, popcnt, avx, avx2, aes, clmul, erms, 3dnowpref, lzcnt, ht, tsc, tscinvbit, bmi1, bmi2, adx

Memory: 4k page, physical 4082796k(379860k free), swap 4082796k(5484k free)

vm_info: OpenJDK 64-Bit Server VM (25.152-b01) for windows-amd64 JRE (1.8.0_152-release-1248-b01), built by "builder" with MS VC++ 10.0 (VS2010)

time: Wed Jan 23 13:51:16 2019
elapsed time: 2532 seconds (0d 0h 42m 12s)

