#
# There is insufficient memory for the Java Runtime Environment to continue.
# Native memory allocation (malloc) failed to allocate 2518576 bytes for Chunk::new
# Possible reasons:
#   The system is out of physical RAM or swap space
#   In 32 bit mode, the process size limit was hit
# Possible solutions:
#   Reduce memory load on the system
#   Increase physical memory or swap space
#   Check if swap backing store is full
#   Use 64 bit Java on a 64 bit OS
#   Decrease Java heap size (-Xmx/-Xms)
#   Decrease number of Java threads
#   Decrease Java thread stack sizes (-Xss)
#   Set larger code cache with -XX:ReservedCodeCacheSize=
# This output file may be truncated or incomplete.
#
#  Out of Memory Error (allocation.cpp:390), pid=4956, tid=0x0000000000001fb8
#
# JRE version: OpenJDK Runtime Environment (8.0_152-b02) (build 1.8.0_152-release-1024-b02)
# Java VM: OpenJDK 64-Bit Server VM (25.152-b02 mixed mode windows-amd64 compressed oops)
# Failed to write core dump. Minidumps are not enabled by default on client versions of Windows
#

---------------  T H R E A D  ---------------

Current thread (0x00000000166d1000):  JavaThread "C2 CompilerThread1" daemon [_thread_in_native, id=8120, stack(0x0000000017e10000,0x0000000017f10000)]

Stack: [0x0000000017e10000,0x0000000017f10000]
[error occurred during error reporting (printing stack bounds), id 0xc0000005]

Native frames: (J=compiled Java code, j=interpreted, Vv=VM code, C=native code)


Current CompileTask:
C2:  23898 3616       4       org.gradle.model.internal.type.ModelType::wrap (219 bytes)


---------------  P R O C E S S  ---------------

Java Threads: ( => current thread )
  0x000000001c0de800 JavaThread "Memory manager" [_thread_blocked, id=8420, stack(0x0000000020b50000,0x0000000020c50000)]
  0x000000001c0d7000 JavaThread "build operations Thread 4" [_thread_blocked, id=8572, stack(0x0000000020450000,0x0000000020550000)]
  0x000000001c0dc800 JavaThread "build operations Thread 3" [_thread_blocked, id=7428, stack(0x0000000020350000,0x0000000020450000)]
  0x0000000018f37800 JavaThread "build operations Thread 2" [_thread_blocked, id=8564, stack(0x0000000020250000,0x0000000020350000)]
  0x0000000018f3c800 JavaThread "build operations" [_thread_blocked, id=8560, stack(0x000000001fed0000,0x000000001ffd0000)]
  0x0000000018f39800 JavaThread "Cache worker for Artifact transforms cache (C:\Users\HP\.gradle\caches\transforms-1)" [_thread_blocked, id=8544, stack(0x000000001ead0000,0x000000001ebd0000)]
  0x0000000018f3e000 JavaThread "Cache worker for file hash cache (H:\AndroidStudioProjects\LogInPage\.gradle\4.4\fileHashes)" [_thread_blocked, id=8508, stack(0x000000001c230000,0x000000001c330000)]
  0x000000001973c000 JavaThread "File lock request listener" [_thread_in_native, id=8548, stack(0x000000001b160000,0x000000001b260000)]
  0x0000000018d03000 JavaThread "Cache worker for file hash cache (C:\Users\HP\.gradle\caches\4.4\fileHashes)" [_thread_blocked, id=8624, stack(0x000000001b060000,0x000000001b160000)]
  0x00000000187f6800 JavaThread "Stdin handler" [_thread_blocked, id=9764, stack(0x000000001ad60000,0x000000001ae60000)]
  0x00000000188c5800 JavaThread "Asynchronous log dispatcher for DefaultDaemonConnection: socket connection from /127.0.0.1:1722 to /127.0.0.1:1723" [_thread_blocked, id=8504, stack(0x000000001ac60000,0x000000001ad60000)]
  0x00000000187f3800 JavaThread "Daemon worker" [_thread_in_Java, id=9720, stack(0x000000001ab60000,0x000000001ac60000)]
  0x00000000188c8000 JavaThread "Cancel handler" [_thread_blocked, id=9164, stack(0x000000001aa60000,0x000000001ab60000)]
  0x0000000018862800 JavaThread "Handler for socket connection from /127.0.0.1:1722 to /127.0.0.1:1723" [_thread_in_native, id=9176, stack(0x000000001a760000,0x000000001a860000)]
  0x0000000018861800 JavaThread "Daemon" [_thread_blocked, id=8884, stack(0x000000001a660000,0x000000001a760000)]
  0x0000000019521000 JavaThread "Daemon periodic checks" [_thread_blocked, id=5776, stack(0x000000001a560000,0x000000001a660000)]
  0x00000000187f8000 JavaThread "Incoming local TCP Connector on port 1722" [_thread_in_native, id=1268, stack(0x000000001a320000,0x000000001a420000)]
  0x0000000016729000 JavaThread "Service Thread" daemon [_thread_blocked, id=8108, stack(0x0000000018410000,0x0000000018510000)]
  0x00000000166d2000 JavaThread "C1 CompilerThread2" daemon [_thread_blocked, id=8104, stack(0x0000000017f10000,0x0000000018010000)]
=>0x00000000166d1000 JavaThread "C2 CompilerThread1" daemon [_thread_in_native, id=8120, stack(0x0000000017e10000,0x0000000017f10000)]
  0x00000000166c9800 JavaThread "C2 CompilerThread0" daemon [_thread_in_native, id=7972, stack(0x0000000017d10000,0x0000000017e10000)]
  0x00000000166c8800 JavaThread "Attach Listener" daemon [_thread_blocked, id=8012, stack(0x0000000017c10000,0x0000000017d10000)]
  0x00000000166c7800 JavaThread "Signal Dispatcher" daemon [_thread_blocked, id=7880, stack(0x0000000017b10000,0x0000000017c10000)]
  0x0000000002d5c800 JavaThread "Finalizer" daemon [_thread_blocked, id=8184, stack(0x0000000017920000,0x0000000017a20000)]
  0x0000000002d51800 JavaThread "Reference Handler" daemon [_thread_blocked, id=4732, stack(0x0000000017820000,0x0000000017920000)]
  0x0000000002b0d800 JavaThread "main" [_thread_blocked, id=8872, stack(0x0000000002b60000,0x0000000002c60000)]

Other Threads:
  0x0000000016696800 VMThread [stack: 0x0000000017720000,0x0000000017820000] [id=8428]
  0x000000001672b000 WatcherThread [stack: 0x0000000018510000,0x0000000018610000] [id=8132]

VM state:not at safepoint (normal execution)

VM Mutex/Monitor currently owned by a thread:  ([mutex/lock_event])
[0x0000000002c60e50] CompiledIC_lock - owner thread: 0x0000000000000000

Heap:
 PSYoungGen      total 92160K, used 10416K [0x00000000e0000000, 0x00000000e7800000, 0x0000000100000000)
  eden space 82944K, 1% used [0x00000000e0000000,0x00000000e0180508,0x00000000e5100000)
  from space 9216K, 96% used [0x00000000e6f00000,0x00000000e77abdd8,0x00000000e7800000)
  to   space 9728K, 0% used [0x00000000e5100000,0x00000000e5100000,0x00000000e5a80000)
 ParOldGen       total 57344K, used 16208K [0x00000000a0000000, 0x00000000a3800000, 0x00000000e0000000)
  object space 57344K, 28% used [0x00000000a0000000,0x00000000a0fd40b0,0x00000000a3800000)
 Metaspace       used 39784K, capacity 40611K, committed 40792K, reserved 1085440K
  class space    used 5400K, capacity 5678K, committed 5760K, reserved 1048576K

Card table byte_map: [0x0000000012120000,0x0000000012430000] byte_map_base: 0x0000000011c20000

Marking Bits: (ParMarkBitMap*) 0x000000006cbc4970
 Begin Bits: [0x0000000012a30000, 0x0000000014230000)
 End Bits:   [0x0000000014230000, 0x0000000015a30000)

Polling page: 0x0000000002a80000

CodeCache: size=245760Kb used=12334Kb max_used=12375Kb free=233425Kb
 bounds [0x0000000002d60000, 0x0000000003990000, 0x0000000011d60000]
 total_blobs=4288 nmethods=3576 adapters=624
 compilation: enabled

Compilation events (10 events):
Event: 23.488 Thread 0x00000000166c9800 3870       4       java.util.HashMap::tableSizeFor (59 bytes)
Event: 23.488 Thread 0x00000000166c9800 nmethod 3870 0x0000000003918810 code [0x0000000003918940, 0x00000000039189d8]
Event: 23.489 Thread 0x00000000166c9800 3878       4       java.util.HashMap::<init> (98 bytes)
Event: 23.491 Thread 0x00000000166c9800 nmethod 3878 0x0000000002e91e90 code [0x0000000002e91fe0, 0x0000000002e92178]
Event: 23.491 Thread 0x00000000166c9800 3881       4       java.lang.reflect.Method::getGenericParameterTypes (5 bytes)
Event: 23.515 Thread 0x00000000166c9800 nmethod 3881 0x000000000395c190 code [0x000000000395c340, 0x000000000395caf8]
Event: 23.516 Thread 0x00000000166c9800 3882       4       java.beans.FeatureDescriptor::getClass0 (22 bytes)
Event: 23.517 Thread 0x00000000166c9800 nmethod 3882 0x0000000002edf6d0 code [0x0000000002edf820, 0x0000000002edf8d8]
Event: 23.517 Thread 0x00000000166c9800 3869       4       java.lang.Class::checkMemberAccess (49 bytes)
Event: 23.518 Thread 0x00000000166c9800 nmethod 3869 0x0000000002f85390 code [0x0000000002f854c0, 0x0000000002f85558]

GC Heap History (10 events):
Event: 9.043 GC heap before
{Heap before GC invocations=9 (full 1):
 PSYoungGen      total 72704K, used 4778K [0x00000000e0000000, 0x00000000e4e00000, 0x0000000100000000)
  eden space 65536K, 0% used [0x00000000e0000000,0x00000000e0000000,0x00000000e4000000)
  from space 7168K, 66% used [0x00000000e4700000,0x00000000e4baab90,0x00000000e4e00000)
  to   space 7168K, 0% used [0x00000000e4000000,0x00000000e4000000,0x00000000e4700000)
 ParOldGen       total 44032K, used 7353K [0x00000000a0000000, 0x00000000a2b00000, 0x00000000e0000000)
  object space 44032K, 16% used [0x00000000a0000000,0x00000000a072e4b0,0x00000000a2b00000)
 Metaspace       used 20815K, capacity 21200K, committed 21248K, reserved 1067008K
  class space    used 2903K, capacity 3038K, committed 3072K, reserved 1048576K
Event: 9.155 GC heap after
Heap after GC invocations=9 (full 1):
 PSYoungGen      total 72704K, used 0K [0x00000000e0000000, 0x00000000e4e00000, 0x0000000100000000)
  eden space 65536K, 0% used [0x00000000e0000000,0x00000000e0000000,0x00000000e4000000)
  from space 7168K, 0% used [0x00000000e4700000,0x00000000e4700000,0x00000000e4e00000)
  to   space 7168K, 0% used [0x00000000e4000000,0x00000000e4000000,0x00000000e4700000)
 ParOldGen       total 34816K, used 7824K [0x00000000a0000000, 0x00000000a2200000, 0x00000000e0000000)
  object space 34816K, 22% used [0x00000000a0000000,0x00000000a07a42f0,0x00000000a2200000)
 Metaspace       used 20815K, capacity 21200K, committed 21248K, reserved 1067008K
  class space    used 2903K, capacity 3038K, committed 3072K, reserved 1048576K
}
Event: 12.227 GC heap before
{Heap before GC invocations=10 (full 1):
 PSYoungGen      total 72704K, used 65536K [0x00000000e0000000, 0x00000000e4e00000, 0x0000000100000000)
  eden space 65536K, 100% used [0x00000000e0000000,0x00000000e4000000,0x00000000e4000000)
  from space 7168K, 0% used [0x00000000e4700000,0x00000000e4700000,0x00000000e4e00000)
  to   space 7168K, 0% used [0x00000000e4000000,0x00000000e4000000,0x00000000e4700000)
 ParOldGen       total 34816K, used 7824K [0x00000000a0000000, 0x00000000a2200000, 0x00000000e0000000)
  object space 34816K, 22% used [0x00000000a0000000,0x00000000a07a42f0,0x00000000a2200000)
 Metaspace       used 26615K, capacity 27056K, committed 27136K, reserved 1073152K
  class space    used 3670K, capacity 3829K, committed 3840K, reserved 1048576K
Event: 12.241 GC heap after
Heap after GC invocations=10 (full 1):
 PSYoungGen      total 72704K, used 7158K [0x00000000e0000000, 0x00000000e6300000, 0x0000000100000000)
  eden space 65536K, 0% used [0x00000000e0000000,0x00000000e0000000,0x00000000e4000000)
  from space 7168K, 99% used [0x00000000e4000000,0x00000000e46fd8e8,0x00000000e4700000)
  to   space 8192K, 0% used [0x00000000e5b00000,0x00000000e5b00000,0x00000000e6300000)
 ParOldGen       total 34816K, used 7936K [0x00000000a0000000, 0x00000000a2200000, 0x00000000e0000000)
  object space 34816K, 22% used [0x00000000a0000000,0x00000000a07c02e8,0x00000000a2200000)
 Metaspace       used 26615K, capacity 27056K, committed 27136K, reserved 1073152K
  class space    used 3670K, capacity 3829K, committed 3840K, reserved 1048576K
}
Event: 18.245 GC heap before
{Heap before GC invocations=11 (full 1):
 PSYoungGen      total 72704K, used 72694K [0x00000000e0000000, 0x00000000e6300000, 0x0000000100000000)
  eden space 65536K, 100% used [0x00000000e0000000,0x00000000e4000000,0x00000000e4000000)
  from space 7168K, 99% used [0x00000000e4000000,0x00000000e46fd8e8,0x00000000e4700000)
  to   space 8192K, 0% used [0x00000000e5b00000,0x00000000e5b00000,0x00000000e6300000)
 ParOldGen       total 34816K, used 7936K [0x00000000a0000000, 0x00000000a2200000, 0x00000000e0000000)
  object space 34816K, 22% used [0x00000000a0000000,0x00000000a07c02e8,0x00000000a2200000)
 Metaspace       used 30000K, capacity 30622K, committed 30848K, reserved 1075200K
  class space    used 4199K, capacity 4418K, committed 4480K, reserved 1048576K
Event: 18.265 GC heap after
Heap after GC invocations=11 (full 1):
 PSYoungGen      total 91136K, used 8172K [0x00000000e0000000, 0x00000000e6400000, 0x0000000100000000)
  eden space 82944K, 0% used [0x00000000e0000000,0x00000000e0000000,0x00000000e5100000)
  from space 8192K, 99% used [0x00000000e5b00000,0x00000000e62fb0c8,0x00000000e6300000)
  to   space 9728K, 0% used [0x00000000e5100000,0x00000000e5100000,0x00000000e5a80000)
 ParOldGen       total 34816K, used 8962K [0x00000000a0000000, 0x00000000a2200000, 0x00000000e0000000)
  object space 34816K, 25% used [0x00000000a0000000,0x00000000a08c0970,0x00000000a2200000)
 Metaspace       used 30000K, capacity 30622K, committed 30848K, reserved 1075200K
  class space    used 4199K, capacity 4418K, committed 4480K, reserved 1048576K
}
Event: 20.232 GC heap before
{Heap before GC invocations=12 (full 1):
 PSYoungGen      total 91136K, used 33463K [0x00000000e0000000, 0x00000000e6400000, 0x0000000100000000)
  eden space 82944K, 30% used [0x00000000e0000000,0x00000000e18b2e08,0x00000000e5100000)
  from space 8192K, 99% used [0x00000000e5b00000,0x00000000e62fb0c8,0x00000000e6300000)
  to   space 9728K, 0% used [0x00000000e5100000,0x00000000e5100000,0x00000000e5a80000)
 ParOldGen       total 34816K, used 8962K [0x00000000a0000000, 0x00000000a2200000, 0x00000000e0000000)
  object space 34816K, 25% used [0x00000000a0000000,0x00000000a08c0970,0x00000000a2200000)
 Metaspace       used 34602K, capacity 35261K, committed 35416K, reserved 1079296K
  class space    used 4767K, capacity 4992K, committed 4992K, reserved 1048576K
Event: 20.247 GC heap after
Heap after GC invocations=12 (full 1):
 PSYoungGen      total 92672K, used 3819K [0x00000000e0000000, 0x00000000e7800000, 0x0000000100000000)
  eden space 82944K, 0% used [0x00000000e0000000,0x00000000e0000000,0x00000000e5100000)
  from space 9728K, 39% used [0x00000000e5100000,0x00000000e54bac18,0x00000000e5a80000)
  to   space 9216K, 0% used [0x00000000e6f00000,0x00000000e6f00000,0x00000000e7800000)
 ParOldGen       total 34816K, used 14912K [0x00000000a0000000, 0x00000000a2200000, 0x00000000e0000000)
  object space 34816K, 42% used [0x00000000a0000000,0x00000000a0e90060,0x00000000a2200000)
 Metaspace       used 34602K, capacity 35261K, committed 35416K, reserved 1079296K
  class space    used 4767K, capacity 4992K, committed 4992K, reserved 1048576K
}
Event: 20.247 GC heap before
{Heap before GC invocations=13 (full 2):
 PSYoungGen      total 92672K, used 3819K [0x00000000e0000000, 0x00000000e7800000, 0x0000000100000000)
  eden space 82944K, 0% used [0x00000000e0000000,0x00000000e0000000,0x00000000e5100000)
  from space 9728K, 39% used [0x00000000e5100000,0x00000000e54bac18,0x00000000e5a80000)
  to   space 9216K, 0% used [0x00000000e6f00000,0x00000000e6f00000,0x00000000e7800000)
 ParOldGen       total 34816K, used 14912K [0x00000000a0000000, 0x00000000a2200000, 0x00000000e0000000)
  object space 34816K, 42% used [0x00000000a0000000,0x00000000a0e90060,0x00000000a2200000)
 Metaspace       used 34602K, capacity 35261K, committed 35416K, reserved 1079296K
  class space    used 4767K, capacity 4992K, committed 4992K, reserved 1048576K
Event: 20.335 GC heap after
Heap after GC invocations=13 (full 2):
 PSYoungGen      total 92672K, used 0K [0x00000000e0000000, 0x00000000e7800000, 0x0000000100000000)
  eden space 82944K, 0% used [0x00000000e0000000,0x00000000e0000000,0x00000000e5100000)
  from space 9728K, 0% used [0x00000000e5100000,0x00000000e5100000,0x00000000e5a80000)
  to   space 9216K, 0% used [0x00000000e6f00000,0x00000000e6f00000,0x00000000e7800000)
 ParOldGen       total 57344K, used 16200K [0x00000000a0000000, 0x00000000a3800000, 0x00000000e0000000)
  object space 57344K, 28% used [0x00000000a0000000,0x00000000a0fd20b0,0x00000000a3800000)
 Metaspace       used 34602K, capacity 35261K, committed 35416K, reserved 1079296K
  class space    used 4767K, capacity 4992K, committed 4992K, reserved 1048576K
}

Deoptimization events (10 events):
Event: 21.521 Thread 0x00000000187f3800 Uncommon trap: reason=unstable_if action=reinterpret pc=0x00000000037db278 method=java.lang.reflect.Modifier.toString(I)Ljava/lang/String; @ 123
Event: 21.521 Thread 0x00000000187f3800 Uncommon trap: reason=unstable_if action=reinterpret pc=0x00000000037d5af0 method=java.lang.reflect.Modifier.toString(I)Ljava/lang/String; @ 123
Event: 21.947 Thread 0x00000000187f3800 Uncommon trap: reason=unstable_if action=reinterpret pc=0x000000000357e74c method=java.util.jar.Attributes$Name.isDigit(C)Z @ 3
Event: 21.964 Thread 0x00000000187f3800 Uncommon trap: reason=unstable_if action=reinterpret pc=0x00000000032cd160 method=java.lang.ThreadLocal.get()Ljava/lang/Object; @ 11
Event: 22.030 Thread 0x00000000187f3800 Uncommon trap: reason=unstable_if action=reinterpret pc=0x00000000038b251c method=java.util.HashMap.putVal(ILjava/lang/Object;Ljava/lang/Object;ZZ)Ljava/lang/Object; @ 236
Event: 22.080 Thread 0x00000000187f3800 Uncommon trap: reason=unstable_if action=reinterpret pc=0x0000000002e6a5fc method=java.lang.CharacterDataLatin1.isWhitespace(I)Z @ 14
Event: 22.222 Thread 0x00000000187f3800 Uncommon trap: reason=unstable_if action=reinterpret pc=0x0000000003765564 method=java.util.jar.JarFile.getInputStream(Ljava/util/zip/ZipEntry;)Ljava/io/InputStream; @ 37
Event: 22.275 Thread 0x00000000187f3800 Uncommon trap: reason=unstable_if action=reinterpret pc=0x00000000032c90ac method=java.security.CodeSource.getCertificates()[Ljava/security/cert/Certificate; @ 22
Event: 22.277 Thread 0x00000000187f3800 Uncommon trap: reason=unstable_if action=reinterpret pc=0x00000000037382d4 method=java.security.CodeSource.matchCerts(Ljava/security/CodeSource;Z)Z @ 11
Event: 22.322 Thread 0x00000000187f3800 Uncommon trap: reason=unstable_if action=reinterpret pc=0x000000000374c5f8 method=java.util.LinkedHashMap.get(Ljava/lang/Object;)Ljava/lang/Object; @ 20

Classes redefined (0 events):
No events

Internal exceptions (10 events):
Event: 18.547 Thread 0x00000000187f3800 Exception <a 'java/lang/ClassNotFoundException': build_eez03ylpb54ozjs9yjojbc45sBeanInfo> (0x00000000e01f2850) thrown at [D:\src\AOSP-openjdk-cygwin\jdk8u\hotspot\src\share\vm\classfile\systemDictionary.cpp, line 210]
Event: 18.547 Thread 0x00000000187f3800 Exception <a 'java/lang/ClassNotFoundException': build_eez03ylpb54ozjs9yjojbc45sCustomizer> (0x00000000e01fccd8) thrown at [D:\src\AOSP-openjdk-cygwin\jdk8u\hotspot\src\share\vm\classfile\systemDictionary.cpp, line 210]
Event: 18.553 Thread 0x00000000187f3800 Exception <a 'java/lang/ClassNotFoundException': org/gradle/api/internal/plugins/DefaultObjectConfigurationActionBeanInfo> (0x00000000e0261f28) thrown at [D:\src\AOSP-openjdk-cygwin\jdk8u\hotspot\src\share\vm\classfile\systemDictionary.cpp, line 210]
Event: 18.554 Thread 0x00000000187f3800 Exception <a 'java/lang/ClassNotFoundException': org/gradle/api/internal/plugins/DefaultObjectConfigurationActionCustomizer> (0x00000000e0298428) thrown at [D:\src\AOSP-openjdk-cygwin\jdk8u\hotspot\src\share\vm\classfile\systemDictionary.cpp, line 210]
Event: 20.738 Thread 0x00000000187f3800 Exception <a 'sun/nio/fs/WindowsException'> (0x00000000e05d7db8) thrown at [D:\src\AOSP-openjdk-cygwin\jdk8u\hotspot\src\share\vm\prims\jni.cpp, line 709]
Event: 21.964 Thread 0x00000000187f3800 Implicit null exception at 0x00000000032ccc28 to 0x00000000032cd149
Event: 22.942 Thread 0x00000000187f3800 Exception <a 'java/lang/ClassNotFoundException': com/android/build/gradle/internal/api/DefaultAndroidSourceSet_DecoratedBeanInfo> (0x00000000e4a4dc90) thrown at [D:\src\AOSP-openjdk-cygwin\jdk8u\hotspot\src\share\vm\classfile\systemDictionary.cpp, line 21
Event: 22.942 Thread 0x00000000187f3800 Exception <a 'java/lang/ClassNotFoundException': com/android/build/gradle/internal/api/DefaultAndroidSourceSetBeanInfo> (0x00000000e4a666e8) thrown at [D:\src\AOSP-openjdk-cygwin\jdk8u\hotspot\src\share\vm\classfile\systemDictionary.cpp, line 210]
Event: 22.943 Thread 0x00000000187f3800 Exception <a 'java/lang/ClassNotFoundException': com/android/build/gradle/internal/api/DefaultAndroidSourceSetCustomizer> (0x00000000e4a7f580) thrown at [D:\src\AOSP-openjdk-cygwin\jdk8u\hotspot\src\share\vm\classfile\systemDictionary.cpp, line 210]
Event: 22.946 Thread 0x00000000187f3800 Exception <a 'java/lang/ClassNotFoundException': com/android/build/gradle/internal/api/DefaultAndroidSourceSet_DecoratedCustomizer> (0x00000000e4adb0f8) thrown at [D:\src\AOSP-openjdk-cygwin\jdk8u\hotspot\src\share\vm\classfile\systemDictionary.cpp, line 

Events (10 events):
Event: 23.690 loading class com/android/build/gradle/internal/transforms/FixStackFramesTransform
Event: 23.690 loading class com/android/build/gradle/internal/transforms/FixStackFramesTransform done
Event: 23.693 loading class com/android/build/gradle/internal/transforms/DesugarTransform
Event: 23.693 loading class com/android/build/gradle/internal/transforms/DesugarTransform done
Event: 23.706 loading class com/android/build/gradle/tasks/ProcessAndroidResources
Event: 23.706 loading class com/android/build/gradle/tasks/ProcessAndroidResources done
Event: 23.708 loading class com/android/build/gradle/internal/res/GenerateLibraryRFileTask
Event: 23.708 loading class com/android/build/gradle/internal/res/GenerateLibraryRFileTask done
Event: 23.710 loading class com/android/build/gradle/internal/res/LinkApplicationAndroidResourcesTask
Event: 23.710 loading class com/android/build/gradle/internal/res/LinkApplicationAndroidResourcesTask done


Dynamic libraries:
0x00007ff60ad60000 - 0x00007ff60ad91000 	C:\Program Files (x86)\Android\Android Studio\jre\bin\java.exe
0x00007ff8bf660000 - 0x00007ff8bf841000 	C:\WINDOWS\SYSTEM32\ntdll.dll
0x00007ff88f3e0000 - 0x00007ff88f3f2000 	C:\Program Files\AVAST Software\Avast\aswhook.dll
0x00007ff8bd310000 - 0x00007ff8bd3c2000 	C:\WINDOWS\System32\KERNEL32.DLL
0x00007ff8bbad0000 - 0x00007ff8bbd43000 	C:\WINDOWS\System32\KERNELBASE.dll
0x00007ff8bcb00000 - 0x00007ff8bcba1000 	C:\WINDOWS\System32\ADVAPI32.dll
0x00007ff8bd070000 - 0x00007ff8bd10e000 	C:\WINDOWS\System32\msvcrt.dll
0x00007ff8bd240000 - 0x00007ff8bd29b000 	C:\WINDOWS\System32\sechost.dll
0x00007ff8bd110000 - 0x00007ff8bd234000 	C:\WINDOWS\System32\RPCRT4.dll
0x00007ff8bf040000 - 0x00007ff8bf1d0000 	C:\WINDOWS\System32\USER32.dll
0x00007ff8bc1e0000 - 0x00007ff8bc200000 	C:\WINDOWS\System32\win32u.dll
0x00007ff8bece0000 - 0x00007ff8bed08000 	C:\WINDOWS\System32\GDI32.dll
0x00007ff8bc040000 - 0x00007ff8bc1d2000 	C:\WINDOWS\System32\gdi32full.dll
0x00007ff8bba30000 - 0x00007ff8bbacf000 	C:\WINDOWS\System32\msvcp_win.dll
0x00007ff8bbf40000 - 0x00007ff8bc03a000 	C:\WINDOWS\System32\ucrtbase.dll
0x00007ff8a9b80000 - 0x00007ff8a9de9000 	C:\WINDOWS\WinSxS\amd64_microsoft.windows.common-controls_6595b64144ccf1df_6.0.17134.523_none_fb409dd930672a56\COMCTL32.dll
0x00007ff8bf280000 - 0x00007ff8bf5a2000 	C:\WINDOWS\System32\combase.dll
0x00007ff8bc200000 - 0x00007ff8bc27a000 	C:\WINDOWS\System32\bcryptPrimitives.dll
0x00007ff8bd400000 - 0x00007ff8bd42d000 	C:\WINDOWS\System32\IMM32.DLL
0x000000006c240000 - 0x000000006c312000 	C:\Program Files (x86)\Android\Android Studio\jre\jre\bin\msvcr100.dll
0x000000006c400000 - 0x000000006cc3f000 	C:\Program Files (x86)\Android\Android Studio\jre\jre\bin\server\jvm.dll
0x00007ff8bd3f0000 - 0x00007ff8bd3f8000 	C:\WINDOWS\System32\PSAPI.DLL
0x00007ff8abe60000 - 0x00007ff8abe69000 	C:\WINDOWS\SYSTEM32\WSOCK32.dll
0x00007ff8bd2a0000 - 0x00007ff8bd30c000 	C:\WINDOWS\System32\WS2_32.dll
0x00007ff8b81f0000 - 0x00007ff8b8213000 	C:\WINDOWS\SYSTEM32\WINMM.dll
0x00007ff8b16e0000 - 0x00007ff8b16ea000 	C:\WINDOWS\SYSTEM32\VERSION.dll
0x00007ff8b81c0000 - 0x00007ff8b81ea000 	C:\WINDOWS\SYSTEM32\WINMMBASE.dll
0x00007ff8bc990000 - 0x00007ff8bc9d9000 	C:\WINDOWS\System32\cfgmgr32.dll
0x00007ff8a8ba0000 - 0x00007ff8a8baf000 	C:\Program Files (x86)\Android\Android Studio\jre\jre\bin\verify.dll
0x00007ff872980000 - 0x00007ff8729a9000 	C:\Program Files (x86)\Android\Android Studio\jre\jre\bin\java.dll
0x00007ff884b70000 - 0x00007ff884b86000 	C:\Program Files (x86)\Android\Android Studio\jre\jre\bin\zip.dll
0x00007ff8bd8a0000 - 0x00007ff8bece0000 	C:\WINDOWS\System32\SHELL32.dll
0x00007ff8bf1d0000 - 0x00007ff8bf279000 	C:\WINDOWS\System32\shcore.dll
0x00007ff8bc280000 - 0x00007ff8bc98d000 	C:\WINDOWS\System32\windows.storage.dll
0x00007ff8bed70000 - 0x00007ff8bedc1000 	C:\WINDOWS\System32\shlwapi.dll
0x00007ff8bba10000 - 0x00007ff8bba21000 	C:\WINDOWS\System32\kernel.appcore.dll
0x00007ff8bb9d0000 - 0x00007ff8bb9ef000 	C:\WINDOWS\System32\profapi.dll
0x00007ff8bb970000 - 0x00007ff8bb9bc000 	C:\WINDOWS\System32\powrprof.dll
0x00007ff8bb9c0000 - 0x00007ff8bb9ca000 	C:\WINDOWS\System32\FLTLIB.DLL
0x00007ff8b24d0000 - 0x00007ff8b24ea000 	C:\Program Files (x86)\Android\Android Studio\jre\jre\bin\net.dll
0x00007ff8bb1f0000 - 0x00007ff8bb256000 	C:\WINDOWS\system32\mswsock.dll
0x00007ff8b2270000 - 0x00007ff8b2281000 	C:\Program Files (x86)\Android\Android Studio\jre\jre\bin\nio.dll
0x00007ff8b7f10000 - 0x00007ff8b7f2e000 	C:\Users\HP\.gradle\native\25\windows-amd64\native-platform.dll
0x00007ff8ad510000 - 0x00007ff8ad51d000 	C:\Program Files (x86)\Android\Android Studio\jre\jre\bin\management.dll
0x00007ff8bb3a0000 - 0x00007ff8bb3b7000 	C:\WINDOWS\SYSTEM32\CRYPTSP.dll
0x00007ff8badd0000 - 0x00007ff8bae03000 	C:\WINDOWS\system32\rsaenh.dll
0x00007ff8bb4d0000 - 0x00007ff8bb4f5000 	C:\WINDOWS\SYSTEM32\bcrypt.dll
0x00007ff8bb8a0000 - 0x00007ff8bb8c8000 	C:\WINDOWS\SYSTEM32\USERENV.dll
0x00007ff8bb3c0000 - 0x00007ff8bb3cb000 	C:\WINDOWS\SYSTEM32\CRYPTBASE.dll
0x00007ff8baf70000 - 0x00007ff8bafa8000 	C:\WINDOWS\SYSTEM32\IPHLPAPI.DLL
0x00007ff8bcbb0000 - 0x00007ff8bcbb8000 	C:\WINDOWS\System32\NSI.dll
0x00007ff8b1b40000 - 0x00007ff8b1b56000 	C:\WINDOWS\SYSTEM32\dhcpcsvc6.DLL
0x00007ff8b1f50000 - 0x00007ff8b1f6a000 	C:\WINDOWS\SYSTEM32\dhcpcsvc.DLL

VM Arguments:
jvm_args: -Xmx1536m -Dfile.encoding=windows-1252 -Duser.country=US -Duser.language=en -Duser.variant 
java_command: org.gradle.launcher.daemon.bootstrap.GradleDaemon 4.4
java_class_path (initial): C:\Users\HP\.gradle\wrapper\dists\gradle-4.4-all\9br9xq1tocpiv8o6njlyu5op1\gradle-4.4\lib\gradle-launcher-4.4.jar
Launcher Type: SUN_STANDARD

Environment Variables:
PATH=C:\Program Files (x86)\Common Files\Oracle\Java\javapath;C:\Program Files (x86)\Common Files\ArcSoft\Bin;C:\Program Files (x86)\Intel\iCLS Client\;C:\Program Files\Intel\iCLS Client\;C:\WINDOWS\system32;C:\WINDOWS;C:\WINDOWS\System32\Wbem;C:\WINDOWS\System32\WindowsPowerShell\v1.0\;C:\Program Files (x86)\Intel\Intel(R) Management Engine Components\DAL;C:\Program Files\Intel\Intel(R) Management Engine Components\DAL;C:\Program Files (x86)\Intel\Intel(R) Management Engine Components\IPT;C:\Program Files\Intel\Intel(R) Management Engine Components\IPT;c:\Program Files\Intel\WiFi\bin\;c:\Program Files\Common Files\Intel\WirelessCommon\;C:\Program Files (x86)\GtkSharp\2.12\bin;C:\WINDOWS\System32\OpenSSH\;C:\Users\HP\AppData\Local\Android\Sdk;C:\Program Files (x86)\Java\jdk1.6.0_18\bin;%USERPROFILE%\AppData\Local\Microsoft\WindowsApps;
USERNAME=HP
OS=Windows_NT
PROCESSOR_IDENTIFIER=Intel64 Family 6 Model 61 Stepping 4, GenuineIntel



---------------  S Y S T E M  ---------------

OS: Windows 10.0 , 64 bit Build 17134 (10.0.17134.1)

CPU:total 4 (initial active 4) (2 cores per cpu, 2 threads per core) family 6 model 61 stepping 4, cmov, cx8, fxsr, mmx, sse, sse2, sse3, ssse3, sse4.1, sse4.2, popcnt, avx, avx2, aes, clmul, erms, 3dnowpref, lzcnt, ht, tsc, tscinvbit, bmi1, bmi2, adx

Memory: 4k page, physical 4082796k(233072k free), swap 4082796k(5640k free)

vm_info: OpenJDK 64-Bit Server VM (25.152-b02) for windows-amd64 JRE (1.8.0_152-release-1024-b02), built by "builder" with MS VC++ 10.0 (VS2010)

time: Fri Jan 18 17:15:48 2019
elapsed time: 23 seconds (0d 0h 0m 23s)

