#
# There is insufficient memory for the Java Runtime Environment to continue.
# Native memory allocation (malloc) failed to allocate 990096 bytes for Chunk::new
# Possible reasons:
#   The system is out of physical RAM or swap space
#   The process is running with CompressedOops enabled, and the Java Heap may be blocking the growth of the native heap
# Possible solutions:
#   Reduce memory load on the system
#   Increase physical memory or swap space
#   Check if swap backing store is full
#   Decrease Java heap size (-Xmx/-Xms)
#   Decrease number of Java threads
#   Decrease Java thread stack sizes (-Xss)
#   Set larger code cache with -XX:ReservedCodeCacheSize=
#   JVM is running with Unscaled Compressed Oops mode in which the Java heap is
#     placed in the first 4GB address space. The Java Heap base address is the
#     maximum limit for the native heap growth. Please use -XX:HeapBaseMinAddress
#     to set the Java Heap base and to place the Java Heap above 4GB virtual address.
# This output file may be truncated or incomplete.
#
#  Out of Memory Error (allocation.cpp:390), pid=9324, tid=0x0000000000001454
#
# JRE version: Java(TM) SE Runtime Environment (8.0_201-b09) (build 1.8.0_201-b09)
# Java VM: Java HotSpot(TM) 64-Bit Server VM (25.201-b09 mixed mode windows-amd64 compressed oops)
# Failed to write core dump. Minidumps are not enabled by default on client versions of Windows
#

---------------  T H R E A D  ---------------

Current thread (0x0000000014eeb800):  JavaThread "C2 CompilerThread1" daemon [_thread_in_native, id=5204, stack(0x0000000016620000,0x0000000016720000)]

Stack: [0x0000000016620000,0x0000000016720000]
[error occurred during error reporting (printing stack bounds), id 0xc0000005]

Native frames: (J=compiled Java code, j=interpreted, Vv=VM code, C=native code)


Current CompileTask:
C2:  33421 4983       4       java.io.ObjectOutputStream::writeClassDesc (60 bytes)


---------------  P R O C E S S  ---------------

Java Threads: ( => current thread )
  0x000000001b8f1800 JavaThread "Build operations Thread 4" [_thread_blocked, id=11528, stack(0x000000001e090000,0x000000001e190000)]
  0x000000001b8ed000 JavaThread "Build operations Thread 3" [_thread_blocked, id=10428, stack(0x000000001df90000,0x000000001e090000)]
  0x000000001b8f0800 JavaThread "Build operations Thread 2" [_thread_blocked, id=12104, stack(0x000000001de90000,0x000000001df90000)]
  0x000000001b8ee800 JavaThread "Build operations" [_thread_blocked, id=7528, stack(0x000000001dd90000,0x000000001de90000)]
  0x0000000017a15800 JavaThread "Cache worker for Artifact transforms cache (C:\Users\HP\.gradle\caches\transforms-1)" [_thread_blocked, id=8220, stack(0x000000001ca10000,0x000000001cb10000)]
  0x0000000017a13800 JavaThread "Cache worker for cache directory md-rule (C:\Users\HP\.gradle\caches\4.10.1\md-rule)" [_thread_blocked, id=7532, stack(0x000000001c910000,0x000000001ca10000)]
  0x0000000017a16800 JavaThread "Cache worker for cache directory md-supplier (C:\Users\HP\.gradle\caches\4.10.1\md-supplier)" [_thread_blocked, id=2624, stack(0x000000001c810000,0x000000001c910000)]
  0x0000000017a18000 JavaThread "Cache worker for journal cache (C:\Users\HP\.gradle\caches\journal-1)" [_thread_blocked, id=9592, stack(0x000000001bd10000,0x000000001be10000)]
  0x0000000017a12000 JavaThread "Cache worker for file hash cache (H:\AndroidStudioProjects\LogInPage\.gradle\4.10.1\fileHashes)" [_thread_blocked, id=5868, stack(0x000000001bb10000,0x000000001bc10000)]
  0x0000000017a19000 JavaThread "File lock request listener" [_thread_in_native, id=7744, stack(0x000000001aa40000,0x000000001ab40000)]
  0x0000000017a17800 JavaThread "Cache worker for file hash cache (C:\Users\HP\.gradle\caches\4.10.1\fileHashes)" [_thread_blocked, id=10584, stack(0x000000001a940000,0x000000001aa40000)]
  0x0000000017c38800 JavaThread "Stdin handler" [_thread_blocked, id=11396, stack(0x0000000019670000,0x0000000019770000)]
  0x0000000017c28000 JavaThread "Asynchronous log dispatcher for DefaultDaemonConnection: socket connection from /127.0.0.1:1752 to /127.0.0.1:1753" [_thread_blocked, id=9088, stack(0x0000000019570000,0x0000000019670000)]
  0x0000000017c25800 JavaThread "Daemon worker" [_thread_in_native, id=4716, stack(0x0000000019270000,0x0000000019370000)]
  0x0000000017c24800 JavaThread "Cancel handler" [_thread_blocked, id=11372, stack(0x0000000019170000,0x0000000019270000)]
  0x0000000017f81800 JavaThread "Handler for socket connection from /127.0.0.1:1752 to /127.0.0.1:1753" [_thread_in_native, id=9836, stack(0x0000000019070000,0x0000000019170000)]
  0x0000000017f7e800 JavaThread "Daemon" [_thread_blocked, id=5536, stack(0x0000000018f70000,0x0000000019070000)]
  0x0000000016e30800 JavaThread "Daemon periodic checks" [_thread_blocked, id=5748, stack(0x0000000018e70000,0x0000000018f70000)]
  0x0000000017e4e800 JavaThread "Incoming local TCP Connector on port 1752" [_thread_in_native, id=5952, stack(0x0000000018c30000,0x0000000018d30000)]
  0x0000000017045000 JavaThread "Daemon health stats" [_thread_blocked, id=1556, stack(0x00000000185f0000,0x00000000186f0000)]
  0x0000000016843000 JavaThread "Service Thread" daemon [_thread_blocked, id=5800, stack(0x0000000016c20000,0x0000000016d20000)]
  0x0000000014ef5000 JavaThread "C1 CompilerThread2" daemon [_thread_blocked, id=5984, stack(0x0000000016720000,0x0000000016820000)]
=>0x0000000014eeb800 JavaThread "C2 CompilerThread1" daemon [_thread_in_native, id=5204, stack(0x0000000016620000,0x0000000016720000)]
  0x0000000014ee7800 JavaThread "C2 CompilerThread0" daemon [_thread_in_native, id=8464, stack(0x0000000016520000,0x0000000016620000)]
  0x0000000014ee5800 JavaThread "Attach Listener" daemon [_thread_blocked, id=8544, stack(0x0000000016420000,0x0000000016520000)]
  0x0000000014ee4800 JavaThread "Signal Dispatcher" daemon [_thread_blocked, id=7552, stack(0x0000000016320000,0x0000000016420000)]
  0x000000000280d800 JavaThread "Finalizer" daemon [_thread_blocked, id=7824, stack(0x0000000016130000,0x0000000016230000)]
  0x0000000014eca000 JavaThread "Reference Handler" daemon [_thread_blocked, id=11276, stack(0x0000000016030000,0x0000000016130000)]
  0x0000000002713000 JavaThread "main" [_thread_blocked, id=9356, stack(0x0000000002610000,0x0000000002710000)]

Other Threads:
  0x0000000014ea7800 VMThread [stack: 0x0000000015f30000,0x0000000016030000] [id=4640]
  0x0000000014f3e800 WatcherThread [stack: 0x0000000016d20000,0x0000000016e20000] [id=6656]

VM state:not at safepoint (normal execution)

VM Mutex/Monitor currently owned by a thread: None

heap address: 0x00000000c0000000, size: 1024 MB, Compressed Oops mode: 32-bit
Narrow klass base: 0x0000000000000000, Narrow klass shift: 3
Compressed class space size: 1073741824 Address: 0x0000000100000000

Heap:
 PSYoungGen      total 59904K, used 53682K [0x00000000eab00000, 0x00000000efe80000, 0x0000000100000000)
  eden space 46080K, 93% used [0x00000000eab00000,0x00000000ed4f73e0,0x00000000ed800000)
  from space 13824K, 77% used [0x00000000ed800000,0x00000000ee275810,0x00000000ee580000)
  to   space 14336K, 0% used [0x00000000ef080000,0x00000000ef080000,0x00000000efe80000)
 ParOldGen       total 57856K, used 24263K [0x00000000c0000000, 0x00000000c3880000, 0x00000000eab00000)
  object space 57856K, 41% used [0x00000000c0000000,0x00000000c17b1e68,0x00000000c3880000)
 Metaspace       used 54435K, capacity 55628K, committed 55808K, reserved 1097728K
  class space    used 7555K, capacity 7932K, committed 7936K, reserved 1048576K

Card table byte_map: [0x0000000011bd0000,0x0000000011de0000] byte_map_base: 0x00000000115d0000

Marking Bits: (ParMarkBitMap*) 0x0000000064034ce0
 Begin Bits: [0x0000000012340000, 0x0000000013340000)
 End Bits:   [0x0000000013340000, 0x0000000014340000)

Polling page: 0x0000000002530000

CodeCache: size=245760Kb used=16303Kb max_used=16303Kb free=229456Kb
 bounds [0x0000000002810000, 0x0000000003810000, 0x0000000011810000]
 total_blobs=5502 nmethods=4724 adapters=689
 compilation: enabled

Compilation events (10 events):
Event: 32.516 Thread 0x0000000014ef5000 5024       1       java.util.stream.Collectors$CollectorImpl::characteristics (5 bytes)
Event: 32.516 Thread 0x0000000014ef5000 nmethod 5024 0x00000000037b9b10 code [0x00000000037b9c60, 0x00000000037b9d70]
Event: 32.520 Thread 0x0000000014ef5000 5025       3       org.gradle.api.internal.project.BuildOperationCrossProjectConfigurator::executeActionWithMutation (11 bytes)
Event: 32.521 Thread 0x0000000014ef5000 nmethod 5025 0x00000000037b9dd0 code [0x00000000037b9f40, 0x00000000037ba1d0]
Event: 32.633 Thread 0x0000000014ee7800 5026       4       java.util.Arrays::hashCode (56 bytes)
Event: 32.636 Thread 0x0000000014ee7800 nmethod 5026 0x00000000037bd090 code [0x00000000037bd1e0, 0x00000000037bd318]
Event: 32.636 Thread 0x0000000014ee7800 5027       4       org.objectweb.asm.MethodWriter::visitMethodInsn (191 bytes)
Event: 32.665 Thread 0x0000000014ee7800 nmethod 5027 0x00000000037bf790 code [0x00000000037bf960, 0x00000000037c05a0]
Event: 32.681 Thread 0x0000000014ee7800 5028       4       jdk.internal.org.objectweb.asm.Item::isEqualTo (354 bytes)
Event: 32.694 Thread 0x0000000014ee7800 nmethod 5028 0x00000000037bbed0 code [0x00000000037bc180, 0x00000000037bcbf8]

GC Heap History (10 events):
Event: 24.739 GC heap before
{Heap before GC invocations=21 (full 2):
 PSYoungGen      total 40448K, used 32568K [0x00000000eab00000, 0x00000000edf00000, 0x0000000100000000)
  eden space 32768K, 99% used [0x00000000eab00000,0x00000000ecace3a8,0x00000000ecb00000)
  from space 7680K, 0% used [0x00000000ed400000,0x00000000ed400000,0x00000000edb80000)
  to   space 9216K, 0% used [0x00000000ecb00000,0x00000000ecb00000,0x00000000ed400000)
 ParOldGen       total 57856K, used 16342K [0x00000000c0000000, 0x00000000c3880000, 0x00000000eab00000)
  object space 57856K, 28% used [0x00000000c0000000,0x00000000c0ff59e0,0x00000000c3880000)
 Metaspace       used 38625K, capacity 39166K, committed 39552K, reserved 1083392K
  class space    used 5404K, capacity 5633K, committed 5760K, reserved 1048576K
Event: 24.749 GC heap after
Heap after GC invocations=21 (full 2):
 PSYoungGen      total 41984K, used 6076K [0x00000000eab00000, 0x00000000ee380000, 0x0000000100000000)
  eden space 32768K, 0% used [0x00000000eab00000,0x00000000eab00000,0x00000000ecb00000)
  from space 9216K, 65% used [0x00000000ecb00000,0x00000000ed0ef1e0,0x00000000ed400000)
  to   space 9216K, 0% used [0x00000000eda80000,0x00000000eda80000,0x00000000ee380000)
 ParOldGen       total 57856K, used 16350K [0x00000000c0000000, 0x00000000c3880000, 0x00000000eab00000)
  object space 57856K, 28% used [0x00000000c0000000,0x00000000c0ff79e0,0x00000000c3880000)
 Metaspace       used 38625K, capacity 39166K, committed 39552K, reserved 1083392K
  class space    used 5404K, capacity 5633K, committed 5760K, reserved 1048576K
}
Event: 25.836 GC heap before
{Heap before GC invocations=22 (full 2):
 PSYoungGen      total 41984K, used 38844K [0x00000000eab00000, 0x00000000ee380000, 0x0000000100000000)
  eden space 32768K, 100% used [0x00000000eab00000,0x00000000ecb00000,0x00000000ecb00000)
  from space 9216K, 65% used [0x00000000ecb00000,0x00000000ed0ef1e0,0x00000000ed400000)
  to   space 9216K, 0% used [0x00000000eda80000,0x00000000eda80000,0x00000000ee380000)
 ParOldGen       total 57856K, used 16350K [0x00000000c0000000, 0x00000000c3880000, 0x00000000eab00000)
  object space 57856K, 28% used [0x00000000c0000000,0x00000000c0ff79e0,0x00000000c3880000)
 Metaspace       used 41216K, capacity 41838K, committed 42112K, reserved 1085440K
  class space    used 5683K, capacity 5897K, committed 6016K, reserved 1048576K
Event: 25.847 GC heap after
Heap after GC invocations=22 (full 2):
 PSYoungGen      total 48128K, used 7539K [0x00000000eab00000, 0x00000000ee480000, 0x0000000100000000)
  eden space 38912K, 0% used [0x00000000eab00000,0x00000000eab00000,0x00000000ed100000)
  from space 9216K, 81% used [0x00000000eda80000,0x00000000ee1dcdb0,0x00000000ee380000)
  to   space 9728K, 0% used [0x00000000ed100000,0x00000000ed100000,0x00000000eda80000)
 ParOldGen       total 57856K, used 16358K [0x00000000c0000000, 0x00000000c3880000, 0x00000000eab00000)
  object space 57856K, 28% used [0x00000000c0000000,0x00000000c0ff99e0,0x00000000c3880000)
 Metaspace       used 41216K, capacity 41838K, committed 42112K, reserved 1085440K
  class space    used 5683K, capacity 5897K, committed 6016K, reserved 1048576K
}
Event: 26.633 GC heap before
{Heap before GC invocations=23 (full 2):
 PSYoungGen      total 48128K, used 46451K [0x00000000eab00000, 0x00000000ee480000, 0x0000000100000000)
  eden space 38912K, 100% used [0x00000000eab00000,0x00000000ed100000,0x00000000ed100000)
  from space 9216K, 81% used [0x00000000eda80000,0x00000000ee1dcdb0,0x00000000ee380000)
  to   space 9728K, 0% used [0x00000000ed100000,0x00000000ed100000,0x00000000eda80000)
 ParOldGen       total 57856K, used 16358K [0x00000000c0000000, 0x00000000c3880000, 0x00000000eab00000)
  object space 57856K, 28% used [0x00000000c0000000,0x00000000c0ff99e0,0x00000000c3880000)
 Metaspace       used 42223K, capacity 42984K, committed 43264K, reserved 1087488K
  class space    used 5842K, capacity 6103K, committed 6144K, reserved 1048576K
Event: 26.657 GC heap after
Heap after GC invocations=23 (full 2):
 PSYoungGen      total 48640K, used 9712K [0x00000000eab00000, 0x00000000ef080000, 0x0000000100000000)
  eden space 38912K, 0% used [0x00000000eab00000,0x00000000eab00000,0x00000000ed100000)
  from space 9728K, 99% used [0x00000000ed100000,0x00000000eda7c1b8,0x00000000eda80000)
  to   space 11264K, 0% used [0x00000000ee580000,0x00000000ee580000,0x00000000ef080000)
 ParOldGen       total 57856K, used 16905K [0x00000000c0000000, 0x00000000c3880000, 0x00000000eab00000)
  object space 57856K, 29% used [0x00000000c0000000,0x00000000c10824a0,0x00000000c3880000)
 Metaspace       used 42223K, capacity 42984K, committed 43264K, reserved 1087488K
  class space    used 5842K, capacity 6103K, committed 6144K, reserved 1048576K
}
Event: 29.074 GC heap before
{Heap before GC invocations=24 (full 2):
 PSYoungGen      total 48640K, used 48624K [0x00000000eab00000, 0x00000000ef080000, 0x0000000100000000)
  eden space 38912K, 100% used [0x00000000eab00000,0x00000000ed100000,0x00000000ed100000)
  from space 9728K, 99% used [0x00000000ed100000,0x00000000eda7c1b8,0x00000000eda80000)
  to   space 11264K, 0% used [0x00000000ee580000,0x00000000ee580000,0x00000000ef080000)
 ParOldGen       total 57856K, used 16905K [0x00000000c0000000, 0x00000000c3880000, 0x00000000eab00000)
  object space 57856K, 29% used [0x00000000c0000000,0x00000000c10824a0,0x00000000c3880000)
 Metaspace       used 47956K, capacity 48868K, committed 49280K, reserved 1091584K
  class space    used 6643K, capacity 6935K, committed 7040K, reserved 1048576K
Event: 29.096 GC heap after
Heap after GC invocations=24 (full 2):
 PSYoungGen      total 57344K, used 11260K [0x00000000eab00000, 0x00000000ef580000, 0x0000000100000000)
  eden space 46080K, 0% used [0x00000000eab00000,0x00000000eab00000,0x00000000ed800000)
  from space 11264K, 99% used [0x00000000ee580000,0x00000000ef07f338,0x00000000ef080000)
  to   space 13824K, 0% used [0x00000000ed800000,0x00000000ed800000,0x00000000ee580000)
 ParOldGen       total 57856K, used 19251K [0x00000000c0000000, 0x00000000c3880000, 0x00000000eab00000)
  object space 57856K, 33% used [0x00000000c0000000,0x00000000c12cccf0,0x00000000c3880000)
 Metaspace       used 47956K, capacity 48868K, committed 49280K, reserved 1091584K
  class space    used 6643K, capacity 6935K, committed 7040K, reserved 1048576K
}
Event: 31.164 GC heap before
{Heap before GC invocations=25 (full 2):
 PSYoungGen      total 57344K, used 57340K [0x00000000eab00000, 0x00000000ef580000, 0x0000000100000000)
  eden space 46080K, 100% used [0x00000000eab00000,0x00000000ed800000,0x00000000ed800000)
  from space 11264K, 99% used [0x00000000ee580000,0x00000000ef07f338,0x00000000ef080000)
  to   space 13824K, 0% used [0x00000000ed800000,0x00000000ed800000,0x00000000ee580000)
 ParOldGen       total 57856K, used 19251K [0x00000000c0000000, 0x00000000c3880000, 0x00000000eab00000)
  object space 57856K, 33% used [0x00000000c0000000,0x00000000c12cccf0,0x00000000c3880000)
 Metaspace       used 51737K, capacity 52894K, committed 53120K, reserved 1095680K
  class space    used 7156K, capacity 7506K, committed 7552K, reserved 1048576K
Event: 31.190 GC heap after
Heap after GC invocations=25 (full 2):
 PSYoungGen      total 59904K, used 10710K [0x00000000eab00000, 0x00000000efe80000, 0x0000000100000000)
  eden space 46080K, 0% used [0x00000000eab00000,0x00000000eab00000,0x00000000ed800000)
  from space 13824K, 77% used [0x00000000ed800000,0x00000000ee275810,0x00000000ee580000)
  to   space 14336K, 0% used [0x00000000ef080000,0x00000000ef080000,0x00000000efe80000)
 ParOldGen       total 57856K, used 24263K [0x00000000c0000000, 0x00000000c3880000, 0x00000000eab00000)
  object space 57856K, 41% used [0x00000000c0000000,0x00000000c17b1e68,0x00000000c3880000)
 Metaspace       used 51737K, capacity 52894K, committed 53120K, reserved 1095680K
  class space    used 7156K, capacity 7506K, committed 7552K, reserved 1048576K
}

Deoptimization events (10 events):
Event: 26.584 Thread 0x0000000017c25800 Uncommon trap: reason=unstable_if action=reinterpret pc=0x00000000033cd2a8 method=org.codehaus.groovy.runtime.metaclass.MetaMethodIndex.isNonRealMethod(Lgroovy/lang/MetaMethod;)Z @ 4
Event: 26.584 Thread 0x0000000017c25800 Uncommon trap: reason=unstable_if action=reinterpret pc=0x00000000031a6468 method=groovy.lang.MetaClassImpl$1MOPIter.methodNameAction(Ljava/lang/Class;Lorg/codehaus/groovy/runtime/metaclass/MetaMethodIndex$Entry;)V @ 259
Event: 26.628 Thread 0x0000000017c25800 Uncommon trap: reason=unstable_if action=reinterpret pc=0x00000000033548f0 method=java.lang.ClassLoader.checkCerts(Ljava/lang/String;Ljava/security/CodeSource;)V @ 29
Event: 26.628 Thread 0x0000000017c25800 Uncommon trap: reason=unstable_if action=reinterpret pc=0x0000000003341408 method=java.lang.ClassLoader.postDefineClass(Ljava/lang/Class;Ljava/security/ProtectionDomain;)V @ 4
Event: 26.660 Thread 0x0000000017c25800 Uncommon trap: reason=unstable_if action=reinterpret pc=0x0000000002c61d60 method=java.util.WeakHashMap.expungeStaleEntries()V @ 66
Event: 28.859 Thread 0x0000000017c25800 Uncommon trap: reason=unstable_if action=reinterpret pc=0x0000000002d2a260 method=java.util.WeakHashMap.remove(Ljava/lang/Object;)Ljava/lang/Object; @ 94
Event: 28.900 Thread 0x0000000017c25800 Uncommon trap: reason=unstable_if action=reinterpret pc=0x0000000002de96a8 method=java.util.regex.Pattern$BmpCharProperty.match(Ljava/util/regex/Matcher;ILjava/lang/CharSequence;)Z @ 34
Event: 29.530 Thread 0x0000000017c25800 Uncommon trap: reason=unstable_if action=reinterpret pc=0x0000000003581e74 method=com.sun.org.apache.xerces.internal.impl.XMLEntityScanner.checkBeforeLoad(Lcom/sun/xml/internal/stream/Entity$ScannedEntity;II)I @ 18
Event: 29.552 Thread 0x0000000017c25800 Uncommon trap: reason=unstable_if action=reinterpret pc=0x00000000035c3218 method=com.sun.org.apache.xerces.internal.impl.XMLEntityScanner.scanContent(Lcom/sun/org/apache/xerces/internal/xni/XMLString;)I @ 44
Event: 30.935 Thread 0x0000000017c25800 Uncommon trap: reason=unstable_if action=reinterpret pc=0x0000000002dc24e4 method=java.lang.String.lastIndexOf([CII[CIII)I @ 17

Classes redefined (0 events):
No events

Internal exceptions (10 events):
Event: 29.465 Thread 0x0000000017c25800 Exception <a 'sun/nio/fs/WindowsException'> (0x00000000eb8c7888) thrown at [C:\re\workspace\8-2-build-windows-amd64-cygwin\jdk8u201\12322\hotspot\src\share\vm\prims\jni.cpp, line 709]
Event: 29.467 Thread 0x0000000017c25800 Exception <a 'sun/nio/fs/WindowsException'> (0x00000000eb8cad28) thrown at [C:\re\workspace\8-2-build-windows-amd64-cygwin\jdk8u201\12322\hotspot\src\share\vm\prims\jni.cpp, line 709]
Event: 29.467 Thread 0x0000000017c25800 Exception <a 'sun/nio/fs/WindowsException'> (0x00000000eb8cba28) thrown at [C:\re\workspace\8-2-build-windows-amd64-cygwin\jdk8u201\12322\hotspot\src\share\vm\prims\jni.cpp, line 709]
Event: 29.467 Thread 0x0000000017c25800 Exception <a 'sun/nio/fs/WindowsException'> (0x00000000eb8cdb30) thrown at [C:\re\workspace\8-2-build-windows-amd64-cygwin\jdk8u201\12322\hotspot\src\share\vm\prims\jni.cpp, line 709]
Event: 29.468 Thread 0x0000000017c25800 Exception <a 'sun/nio/fs/WindowsException'> (0x00000000eb8ce870) thrown at [C:\re\workspace\8-2-build-windows-amd64-cygwin\jdk8u201\12322\hotspot\src\share\vm\prims\jni.cpp, line 709]
Event: 29.646 Thread 0x0000000017c25800 Exception <a 'java/lang/NoSuchMethodError': java.lang.Object.lambda$comparing$77a9974f$1(Ljava/util/function/Function;Ljava/lang/Object;Ljava/lang/Object;)I> (0x00000000eba86c30) thrown at [C:\re\workspace\8-2-build-windows-amd64-cygwin\jdk8u201\12322\hot
Event: 29.648 Thread 0x0000000017c25800 Exception <a 'java/lang/NoSuchMethodError': java.lang.Object.lambda$thenComparing$36697e65$1(Ljava/util/Comparator;Ljava/lang/Object;Ljava/lang/Object;)I> (0x00000000eba924a0) thrown at [C:\re\workspace\8-2-build-windows-amd64-cygwin\jdk8u201\12322\hotspo
Event: 29.734 Thread 0x0000000017c25800 Exception <a 'java/lang/NoSuchMethodError': java.lang.Object.lambda$maxBy$1(Ljava/util/Comparator;Ljava/lang/Object;Ljava/lang/Object;)Ljava/lang/Object;> (0x00000000ebc054c0) thrown at [C:\re\workspace\8-2-build-windows-amd64-cygwin\jdk8u201\12322\hotspo
Event: 30.368 Thread 0x0000000017c25800 Exception <a 'java/lang/ClassNotFoundException': org/gradle/api/plugins/BasePluginConventionBeanInfo> (0x00000000ec211500) thrown at [C:\re\workspace\8-2-build-windows-amd64-cygwin\jdk8u201\12322\hotspot\src\share\vm\classfile\systemDictionary.cpp, line 2
Event: 30.369 Thread 0x0000000017c25800 Exception <a 'java/lang/ClassNotFoundException': org/gradle/api/plugins/BasePluginConventionCustomizer> (0x00000000ec238478) thrown at [C:\re\workspace\8-2-build-windows-amd64-cygwin\jdk8u201\12322\hotspot\src\share\vm\classfile\systemDictionary.cpp, line

Events (10 events):
Event: 32.680 loading class com/android/build/gradle/internal/core/GradleVariantConfiguration done
Event: 32.681 loading class com/android/ide/common/build/ApkData
Event: 32.681 loading class com/android/ide/common/build/ApkData done
Event: 32.681 loading class com/android/build/gradle/internal/core/GradleVariantConfiguration
Event: 32.681 loading class com/android/build/gradle/internal/core/GradleVariantConfiguration done
Event: 32.681 loading class com/android/builder/core/VariantAttributesProvider$SerializableIntSupplier
Event: 32.681 loading class com/android/builder/core/VariantAttributesProvider$SerializableIntSupplier done
Event: 32.682 loading class com/android/builder/core/VariantAttributesProvider$SerializableStringSupplier
Event: 32.682 loading class com/android/builder/core/VariantAttributesProvider$SerializableStringSupplier done
Event: 32.684 loading class java/lang/invoke/SerializedLambda


Dynamic libraries:
0x00007ff6788c0000 - 0x00007ff6788f7000 	C:\Program Files\Java\jdk1.8.0_201\bin\java.exe
0x00007ffe470d0000 - 0x00007ffe472b1000 	C:\WINDOWS\SYSTEM32\ntdll.dll
0x00007ffe328c0000 - 0x00007ffe328d2000 	C:\Program Files\AVAST Software\Avast\aswhook.dll
0x00007ffe46990000 - 0x00007ffe46a42000 	C:\WINDOWS\System32\KERNEL32.DLL
0x00007ffe440e0000 - 0x00007ffe44353000 	C:\WINDOWS\System32\KERNELBASE.dll
0x00007ffe46be0000 - 0x00007ffe46c81000 	C:\WINDOWS\System32\ADVAPI32.dll
0x00007ffe46360000 - 0x00007ffe463fe000 	C:\WINDOWS\System32\msvcrt.dll
0x00007ffe44750000 - 0x00007ffe447ab000 	C:\WINDOWS\System32\sechost.dll
0x00007ffe44850000 - 0x00007ffe44974000 	C:\WINDOWS\System32\RPCRT4.dll
0x00007ffe445c0000 - 0x00007ffe44750000 	C:\WINDOWS\System32\USER32.dll
0x00007ffe44470000 - 0x00007ffe44490000 	C:\WINDOWS\System32\win32u.dll
0x00007ffe47070000 - 0x00007ffe47098000 	C:\WINDOWS\System32\GDI32.dll
0x00007ffe43f40000 - 0x00007ffe440d2000 	C:\WINDOWS\System32\gdi32full.dll
0x00007ffe43690000 - 0x00007ffe4372f000 	C:\WINDOWS\System32\msvcp_win.dll
0x00007ffe43e40000 - 0x00007ffe43f3a000 	C:\WINDOWS\System32\ucrtbase.dll
0x00007ffe33b80000 - 0x00007ffe33de9000 	C:\WINDOWS\WinSxS\amd64_microsoft.windows.common-controls_6595b64144ccf1df_6.0.17134.523_none_fb409dd930672a56\COMCTL32.dll
0x00007ffe46c90000 - 0x00007ffe46fb2000 	C:\WINDOWS\System32\combase.dll
0x00007ffe44490000 - 0x00007ffe4450a000 	C:\WINDOWS\System32\bcryptPrimitives.dll
0x00007ffe46a50000 - 0x00007ffe46a7d000 	C:\WINDOWS\System32\IMM32.DLL
0x00000000640c0000 - 0x0000000064191000 	C:\Program Files\Java\jdk1.8.0_201\jre\bin\msvcr100.dll
0x0000000063810000 - 0x00000000640b4000 	C:\Program Files\Java\jdk1.8.0_201\jre\bin\server\jvm.dll
0x00007ffe46920000 - 0x00007ffe46928000 	C:\WINDOWS\System32\PSAPI.DLL
0x00007ffe2cd80000 - 0x00007ffe2cd89000 	C:\WINDOWS\SYSTEM32\WSOCK32.dll
0x00007ffe46400000 - 0x00007ffe4646c000 	C:\WINDOWS\System32\WS2_32.dll
0x00007ffe3fc60000 - 0x00007ffe3fc83000 	C:\WINDOWS\SYSTEM32\WINMM.dll
0x00007ffe37e70000 - 0x00007ffe37e7a000 	C:\WINDOWS\SYSTEM32\VERSION.dll
0x00007ffe3fc30000 - 0x00007ffe3fc5a000 	C:\WINDOWS\SYSTEM32\WINMMBASE.dll
0x00007ffe44510000 - 0x00007ffe44559000 	C:\WINDOWS\System32\cfgmgr32.dll
0x00007ffe3f710000 - 0x00007ffe3f71f000 	C:\Program Files\Java\jdk1.8.0_201\jre\bin\verify.dll
0x00007ffe3b5f0000 - 0x00007ffe3b619000 	C:\Program Files\Java\jdk1.8.0_201\jre\bin\java.dll
0x00007ffe3bcb0000 - 0x00007ffe3bcc6000 	C:\Program Files\Java\jdk1.8.0_201\jre\bin\zip.dll
0x00007ffe44f20000 - 0x00007ffe46360000 	C:\WINDOWS\System32\SHELL32.dll
0x00007ffe46fc0000 - 0x00007ffe47069000 	C:\WINDOWS\System32\shcore.dll
0x00007ffe43730000 - 0x00007ffe43e3d000 	C:\WINDOWS\System32\windows.storage.dll
0x00007ffe46930000 - 0x00007ffe46981000 	C:\WINDOWS\System32\shlwapi.dll
0x00007ffe43480000 - 0x00007ffe43491000 	C:\WINDOWS\System32\kernel.appcore.dll
0x00007ffe43440000 - 0x00007ffe4345f000 	C:\WINDOWS\System32\profapi.dll
0x00007ffe433f0000 - 0x00007ffe4343c000 	C:\WINDOWS\System32\powrprof.dll
0x00007ffe433e0000 - 0x00007ffe433ea000 	C:\WINDOWS\System32\FLTLIB.DLL
0x00007ffe36f90000 - 0x00007ffe36faa000 	C:\Program Files\Java\jdk1.8.0_201\jre\bin\net.dll
0x00007ffe375c0000 - 0x00007ffe37789000 	C:\WINDOWS\SYSTEM32\urlmon.dll
0x00007ffe35670000 - 0x00007ffe35915000 	C:\WINDOWS\SYSTEM32\iertutil.dll
0x00007ffe42dd0000 - 0x00007ffe42ddb000 	C:\WINDOWS\SYSTEM32\CRYPTBASE.DLL
0x00007ffe42c00000 - 0x00007ffe42c66000 	C:\WINDOWS\system32\mswsock.dll
0x00007ffe331d0000 - 0x00007ffe331e1000 	C:\Program Files\Java\jdk1.8.0_201\jre\bin\nio.dll
0x00007ffe3bce0000 - 0x00007ffe3bcfe000 	C:\Users\HP\.gradle\native\25\windows-amd64\native-platform.dll
0x00007ffe3b8c0000 - 0x00007ffe3b8cd000 	C:\Program Files\Java\jdk1.8.0_201\jre\bin\management.dll
0x00007ffe42db0000 - 0x00007ffe42dc7000 	C:\WINDOWS\SYSTEM32\CRYPTSP.dll
0x00007ffe427e0000 - 0x00007ffe42813000 	C:\WINDOWS\system32\rsaenh.dll
0x00007ffe42f40000 - 0x00007ffe42f65000 	C:\WINDOWS\SYSTEM32\bcrypt.dll
0x00007ffe43310000 - 0x00007ffe43338000 	C:\WINDOWS\SYSTEM32\USERENV.dll
0x00007ffe42980000 - 0x00007ffe429b8000 	C:\WINDOWS\SYSTEM32\IPHLPAPI.DLL
0x00007ffe465e0000 - 0x00007ffe465e8000 	C:\WINDOWS\System32\NSI.dll
0x00007ffe39a30000 - 0x00007ffe39a46000 	C:\WINDOWS\SYSTEM32\dhcpcsvc6.DLL
0x00007ffe39c10000 - 0x00007ffe39c2a000 	C:\WINDOWS\SYSTEM32\dhcpcsvc.DLL

VM Arguments:
jvm_args: -XX:MaxPermSize=512m -Xmx1024m -Dfile.encoding=windows-1252 -Duser.country=US -Duser.language=en -Duser.variant 
java_command: org.gradle.launcher.daemon.bootstrap.GradleDaemon 4.10.1
java_class_path (initial): C:\Users\HP\.gradle\wrapper\dists\gradle-4.10.1-all\455itskqi2qtf0v2sja68alqd\gradle-4.10.1\lib\gradle-launcher-4.10.1.jar
Launcher Type: SUN_STANDARD

Environment Variables:
JAVA_HOME=C:\Program Files\Java\jdk1.8.0_201
PATH=C:\Program Files (x86)\Common Files\Oracle\Java\javapath;C:\Program Files (x86)\Common Files\ArcSoft\Bin;C:\Program Files (x86)\Intel\iCLS Client\;C:\Program Files\Intel\iCLS Client\;C:\WINDOWS\system32;C:\WINDOWS;C:\WINDOWS\System32\Wbem;C:\WINDOWS\System32\WindowsPowerShell\v1.0\;C:\Program Files (x86)\Intel\Intel(R) Management Engine Components\DAL;C:\Program Files\Intel\Intel(R) Management Engine Components\DAL;C:\Program Files (x86)\Intel\Intel(R) Management Engine Components\IPT;C:\Program Files\Intel\Intel(R) Management Engine Components\IPT;c:\Program Files\Intel\WiFi\bin\;c:\Program Files\Common Files\Intel\WirelessCommon\;C:\Program Files (x86)\GtkSharp\2.12\bin;C:\WINDOWS\System32\OpenSSH\;C:\Users\HP\AppData\Local\Android\Sdk;C:\Program Files\Java\jdk1.8.0_201bin;C:\Program Files\Java\jdk1.8.0_201\bin;C:\Program Files\Java\jre1.8.0_201\bin;C:\Program Files (x86)\Git\cmd;C:\Program Files\Java\jdk1.8.0_201\bin;C:\Users\HP\AppData\Local\Microsoft\WindowsApps;
USERNAME=HP
OS=Windows_NT
PROCESSOR_IDENTIFIER=Intel64 Family 6 Model 61 Stepping 4, GenuineIntel



---------------  S Y S T E M  ---------------

OS: Windows 10.0 , 64 bit Build 17134 (10.0.17134.1)

CPU:total 4 (initial active 4) (2 cores per cpu, 2 threads per core) family 6 model 61 stepping 4, cmov, cx8, fxsr, mmx, sse, sse2, sse3, ssse3, sse4.1, sse4.2, popcnt, avx, avx2, aes, clmul, erms, 3dnowpref, lzcnt, ht, tsc, tscinvbit, bmi1, bmi2, adx

Memory: 4k page, physical 4082796k(239016k free), swap 4082796k(1572k free)

vm_info: Java HotSpot(TM) 64-Bit Server VM (25.201-b09) for windows-amd64 JRE (1.8.0_201-b09), built on Dec 15 2018 18:36:39 by "java_re" with MS VC++ 10.0 (VS2010)

time: Thu Feb 07 02:06:26 2019
timezone: Bangladesh Standard Time
elapsed time: 34 seconds (0d 0h 0m 34s)

