#
# There is insufficient memory for the Java Runtime Environment to continue.
# Native memory allocation (malloc) failed to allocate 48544 bytes for Chunk::new
# Possible reasons:
#   The system is out of physical RAM or swap space
#   In 32 bit mode, the process size limit was hit
# Possible solutions:
#   Reduce memory load on the system
#   Increase physical memory or swap space
#   Check if swap backing store is full
#   Use 64 bit Java on a 64 bit OS
#   Decrease Java heap size (-Xmx/-Xms)
#   Decrease number of Java threads
#   Decrease Java thread stack sizes (-Xss)
#   Set larger code cache with -XX:ReservedCodeCacheSize=
# This output file may be truncated or incomplete.
#
#  Out of Memory Error (allocation.cpp:390), pid=2076, tid=0x0000000000000f04
#
# JRE version: OpenJDK Runtime Environment (8.0_152-b02) (build 1.8.0_152-release-1024-b02)
# Java VM: OpenJDK 64-Bit Server VM (25.152-b02 mixed mode windows-amd64 compressed oops)
# Failed to write core dump. Minidumps are not enabled by default on client versions of Windows
#

---------------  T H R E A D  ---------------

Current thread (0x0000000015fdf000):  JavaThread "C2 CompilerThread1" daemon [_thread_in_native, id=3844, stack(0x0000000017730000,0x0000000017830000)]

Stack: [0x0000000017730000,0x0000000017830000]
[error occurred during error reporting (printing stack bounds), id 0xc0000005]

Native frames: (J=compiled Java code, j=interpreted, Vv=VM code, C=native code)


Current CompileTask:
C2: 398557 14377       4       com.android.tools.r8.ir.optimize.MoveEliminator::shouldBeEliminated (265 bytes)


---------------  P R O C E S S  ---------------

Java Threads: ( => current thread )
  0x000000001c8c1000 JavaThread "pool-6-thread-2" [_thread_blocked, id=8760, stack(0x0000000029c00000,0x0000000029d00000)]
  0x000000001c8bc800 JavaThread "pool-6-thread-1" [_thread_blocked, id=1532, stack(0x0000000029b00000,0x0000000029c00000)]
  0x000000001c8bf800 JavaThread "pool-7-thread-2" [_thread_blocked, id=8128, stack(0x0000000029a00000,0x0000000029b00000)]
  0x000000001c8be800 JavaThread "pool-8-thread-2" [_thread_blocked, id=7648, stack(0x0000000029900000,0x0000000029a00000)]
  0x000000001c8c0000 JavaThread "pool-8-thread-1" [_thread_blocked, id=9664, stack(0x0000000029800000,0x0000000029900000)]
  0x000000001c8bb800 JavaThread "pool-7-thread-1" [_thread_blocked, id=8108, stack(0x0000000029700000,0x0000000029800000)]
  0x000000001bfe1800 JavaThread "ForkJoinPool.commonPool-worker-0" daemon [_thread_in_vm, id=7088, stack(0x0000000029600000,0x0000000029700000)]
  0x000000001c758800 JavaThread "ForkJoinPool.commonPool-worker-3" daemon [_thread_blocked, id=5824, stack(0x0000000029500000,0x0000000029600000)]
  0x000000001c75b000 JavaThread "ForkJoinPool.commonPool-worker-2" daemon [_thread_blocked, id=9544, stack(0x0000000029400000,0x0000000029500000)]
  0x000000001c757000 JavaThread "Cache worker for Java compile cache (H:\AndroidStudioProjects\LogInPage\.gradle\4.4\javaCompile)" [_thread_blocked, id=8856, stack(0x0000000029300000,0x0000000029400000)]
  0x000000001c756800 JavaThread "Task worker for ':' Thread 3" [_thread_blocked, id=1064, stack(0x0000000027800000,0x0000000027900000)]
  0x000000001c755800 JavaThread "Task worker for ':' Thread 2" [_thread_blocked, id=996, stack(0x0000000027700000,0x0000000027800000)]
  0x000000001c755000 JavaThread "Task worker for ':'" [_thread_blocked, id=9684, stack(0x0000000027600000,0x0000000027700000)]
  0x000000001c75b800 JavaThread "Cache worker for Build Output Cleanup Cache (H:\AndroidStudioProjects\LogInPage\.gradle\buildOutputCleanup)" [_thread_blocked, id=4472, stack(0x0000000027500000,0x0000000027600000)]
  0x000000001c75a000 JavaThread "Cache worker for task history cache (H:\AndroidStudioProjects\LogInPage\.gradle\4.4\taskHistory)" [_thread_blocked, id=6732, stack(0x0000000027400000,0x0000000027500000)]
  0x000000001c759800 JavaThread "Cache worker for file content cache (H:\AndroidStudioProjects\LogInPage\.gradle\4.4\fileContent)" [_thread_blocked, id=8660, stack(0x0000000027300000,0x0000000027400000)]
  0x000000001c752800 JavaThread "build operations Thread 4" [_thread_blocked, id=6540, stack(0x0000000027200000,0x0000000027300000)]
  0x000000001c752000 JavaThread "build operations Thread 3" [_thread_blocked, id=6336, stack(0x0000000027100000,0x0000000027200000)]
  0x000000001c74e000 JavaThread "build operations Thread 2" [_thread_blocked, id=8040, stack(0x0000000027000000,0x0000000027100000)]
  0x000000001c750800 JavaThread "build operations" [_thread_blocked, id=9780, stack(0x0000000026f00000,0x0000000027000000)]
  0x000000001c751000 JavaThread "Cache worker for Artifact transforms cache (C:\Users\HP\.gradle\caches\transforms-1)" [_thread_blocked, id=3004, stack(0x0000000026e00000,0x0000000026f00000)]
  0x000000001bfda800 JavaThread "Cache worker for file hash cache (H:\AndroidStudioProjects\LogInPage\.gradle\4.4\fileHashes)" [_thread_blocked, id=1844, stack(0x0000000026d00000,0x0000000026e00000)]
  0x000000001bfe0000 JavaThread "Asynchronous log dispatcher for DefaultDaemonConnection: socket connection from /127.0.0.1:1817 to /127.0.0.1:1837" [_thread_blocked, id=1860, stack(0x0000000026b00000,0x0000000026c00000)]
  0x000000001bfdf000 JavaThread "Daemon worker Thread 2" [_thread_blocked, id=3220, stack(0x0000000026a00000,0x0000000026b00000)]
  0x000000001bfdc000 JavaThread "Cancel handler" [_thread_blocked, id=5668, stack(0x0000000026900000,0x0000000026a00000)]
  0x000000001bfde800 JavaThread "Handler for socket connection from /127.0.0.1:1817 to /127.0.0.1:1837" [_thread_in_native, id=7772, stack(0x0000000026800000,0x0000000026900000)]
  0x000000001bfe0800 JavaThread "Daemon Thread 2" [_thread_blocked, id=6628, stack(0x0000000026700000,0x0000000026800000)]
  0x000000001bfdd000 JavaThread "Memory manager" [_thread_blocked, id=1252, stack(0x0000000020600000,0x0000000020700000)]
  0x000000001936f000 JavaThread "File lock request listener" [_thread_in_native, id=8644, stack(0x000000001aa80000,0x000000001ab80000)]
  0x0000000018fbe800 JavaThread "Cache worker for file hash cache (C:\Users\HP\.gradle\caches\4.4\fileHashes)" [_thread_blocked, id=5560, stack(0x000000001a980000,0x000000001aa80000)]
  0x0000000018e68800 JavaThread "Daemon periodic checks" [_thread_blocked, id=9344, stack(0x0000000019e80000,0x0000000019f80000)]
  0x0000000018e18000 JavaThread "Incoming local TCP Connector on port 1817" [_thread_in_native, id=10216, stack(0x0000000019c40000,0x0000000019d40000)]
  0x000000001603e800 JavaThread "Service Thread" daemon [_thread_blocked, id=5264, stack(0x0000000017d30000,0x0000000017e30000)]
  0x0000000015feb800 JavaThread "C1 CompilerThread2" daemon [_thread_in_native, id=1112, stack(0x0000000017830000,0x0000000017930000)]
=>0x0000000015fdf000 JavaThread "C2 CompilerThread1" daemon [_thread_in_native, id=3844, stack(0x0000000017730000,0x0000000017830000)]
  0x0000000015fd7800 JavaThread "C2 CompilerThread0" daemon [_thread_in_native, id=8096, stack(0x0000000017630000,0x0000000017730000)]
  0x0000000015fe6000 JavaThread "Attach Listener" daemon [_thread_blocked, id=3264, stack(0x0000000017530000,0x0000000017630000)]
  0x0000000015fe4800 JavaThread "Signal Dispatcher" daemon [_thread_blocked, id=2488, stack(0x0000000017430000,0x0000000017530000)]
  0x000000000266c800 JavaThread "Finalizer" daemon [_thread_blocked, id=7912, stack(0x0000000017240000,0x0000000017340000)]
  0x0000000002661800 JavaThread "Reference Handler" daemon [_thread_blocked, id=7352, stack(0x0000000017140000,0x0000000017240000)]
  0x00000000023cd800 JavaThread "main" [_thread_blocked, id=4772, stack(0x0000000002470000,0x0000000002570000)]

Other Threads:
  0x0000000015fa7000 VMThread [stack: 0x0000000017040000,0x0000000017140000] [id=5516]
  0x000000001795d800 WatcherThread [stack: 0x0000000017e30000,0x0000000017f30000] [id=8832]

VM state:not at safepoint (normal execution)

VM Mutex/Monitor currently owned by a thread: None

Heap:
 PSYoungGen      total 211968K, used 102066K [0x00000000e0000000, 0x00000000eef80000, 0x0000000100000000)
  eden space 188928K, 41% used [0x00000000e0000000,0x00000000e4d34430,0x00000000eb880000)
  from space 23040K, 99% used [0x00000000ed300000,0x00000000ee978530,0x00000000ee980000)
  to   space 27136K, 0% used [0x00000000eb880000,0x00000000eb880000,0x00000000ed300000)
 ParOldGen       total 115200K, used 51966K [0x00000000a0000000, 0x00000000a7080000, 0x00000000e0000000)
  object space 115200K, 45% used [0x00000000a0000000,0x00000000a32bfa98,0x00000000a7080000)
 Metaspace       used 77983K, capacity 81498K, committed 81752K, reserved 1120256K
  class space    used 10226K, capacity 11076K, committed 11096K, reserved 1048576K

Card table byte_map: [0x0000000011a30000,0x0000000011d40000] byte_map_base: 0x0000000011530000

Marking Bits: (ParMarkBitMap*) 0x000000005f484970
 Begin Bits: [0x0000000012340000, 0x0000000013b40000)
 End Bits:   [0x0000000013b40000, 0x0000000015340000)

Polling page: 0x0000000000a70000

CodeCache: size=245760Kb used=39855Kb max_used=39855Kb free=205904Kb
 bounds [0x0000000002670000, 0x0000000004d90000, 0x0000000011670000]
 total_blobs=12500 nmethods=11677 adapters=734
 compilation: enabled

Compilation events (10 events):
Event: 398.446 Thread 0x0000000015feb800 nmethod 14403 0x0000000004d83fd0 code [0x0000000004d84140, 0x0000000004d845d0]
Event: 398.446 Thread 0x0000000015feb800 14399       3       com.android.tools.r8.ir.optimize.DeadCodeRemover::removeDeadInstructions (143 bytes)
Event: 398.451 Thread 0x0000000015feb800 nmethod 14399 0x0000000004d846d0 code [0x0000000004d84a60, 0x0000000004d86ca8]
Event: 398.451 Thread 0x0000000015feb800 14407       3       com.android.tools.r8.it.unimi.dsi.fastutil.HashCommon::nextPowerOfTwo (53 bytes)
Event: 398.451 Thread 0x0000000015feb800 nmethod 14407 0x0000000004d88090 code [0x0000000004d881e0, 0x0000000004d883d0]
Event: 398.451 Thread 0x0000000015feb800 14405       3       com.android.tools.r8.it.unimi.dsi.fastutil.ints.Int2ReferenceOpenHashMap::<init> (105 bytes)
Event: 398.452 Thread 0x0000000015feb800 nmethod 14405 0x0000000004d88450 code [0x0000000004d88680, 0x0000000004d88f78]
Event: 398.452 Thread 0x0000000015feb800 14402       3       com.android.tools.r8.ir.code.IRCode::computeNormalExitBlocks (55 bytes)
Event: 398.454 Thread 0x0000000015feb800 nmethod 14402 0x0000000004d89350 code [0x0000000004d895c0, 0x0000000004d8a408]
Event: 398.454 Thread 0x0000000015feb800 14395       3       com.android.tools.r8.ir.conversion.JarSourceCode::updateState (2555 bytes)

GC Heap History (10 events):
Event: 56.152 GC heap before
{Heap before GC invocations=19 (full 3):
 PSYoungGen      total 179200K, used 2240K [0x00000000e0000000, 0x00000000ec980000, 0x0000000100000000)
  eden space 155136K, 0% used [0x00000000e0000000,0x00000000e0000000,0x00000000e9780000)
  from space 24064K, 9% used [0x00000000eb200000,0x00000000eb430000,0x00000000ec980000)
  to   space 25600K, 0% used [0x00000000e9780000,0x00000000e9780000,0x00000000eb080000)
 ParOldGen       total 59392K, used 58467K [0x00000000a0000000, 0x00000000a3a00000, 0x00000000e0000000)
  object space 59392K, 98% used [0x00000000a0000000,0x00000000a3918cc0,0x00000000a3a00000)
 Metaspace       used 56759K, capacity 58848K, committed 58968K, reserved 1099776K
  class space    used 7869K, capacity 8451K, committed 8536K, reserved 1048576K
Event: 56.669 GC heap after
Heap after GC invocations=19 (full 3):
 PSYoungGen      total 179200K, used 0K [0x00000000e0000000, 0x00000000ec980000, 0x0000000100000000)
  eden space 155136K, 0% used [0x00000000e0000000,0x00000000e0000000,0x00000000e9780000)
  from space 24064K, 0% used [0x00000000eb200000,0x00000000eb200000,0x00000000ec980000)
  to   space 25600K, 0% used [0x00000000e9780000,0x00000000e9780000,0x00000000eb080000)
 ParOldGen       total 115200K, used 51169K [0x00000000a0000000, 0x00000000a7080000, 0x00000000e0000000)
  object space 115200K, 44% used [0x00000000a0000000,0x00000000a31f8670,0x00000000a7080000)
 Metaspace       used 56759K, capacity 58848K, committed 58968K, reserved 1099776K
  class space    used 7869K, capacity 8451K, committed 8536K, reserved 1048576K
}
Event: 83.044 GC heap before
{Heap before GC invocations=20 (full 3):
 PSYoungGen      total 179200K, used 155136K [0x00000000e0000000, 0x00000000ec980000, 0x0000000100000000)
  eden space 155136K, 100% used [0x00000000e0000000,0x00000000e9780000,0x00000000e9780000)
  from space 24064K, 0% used [0x00000000eb200000,0x00000000eb200000,0x00000000ec980000)
  to   space 25600K, 0% used [0x00000000e9780000,0x00000000e9780000,0x00000000eb080000)
 ParOldGen       total 115200K, used 51169K [0x00000000a0000000, 0x00000000a7080000, 0x00000000e0000000)
  object space 115200K, 44% used [0x00000000a0000000,0x00000000a31f8670,0x00000000a7080000)
 Metaspace       used 61122K, capacity 63586K, committed 63832K, reserved 1103872K
  class space    used 8304K, capacity 8946K, committed 9048K, reserved 1048576K
Event: 83.070 GC heap after
Heap after GC invocations=20 (full 3):
 PSYoungGen      total 180736K, used 10960K [0x00000000e0000000, 0x00000000ede80000, 0x0000000100000000)
  eden space 155136K, 0% used [0x00000000e0000000,0x00000000e0000000,0x00000000e9780000)
  from space 25600K, 42% used [0x00000000e9780000,0x00000000ea234188,0x00000000eb080000)
  to   space 24576K, 0% used [0x00000000ec680000,0x00000000ec680000,0x00000000ede80000)
 ParOldGen       total 115200K, used 51177K [0x00000000a0000000, 0x00000000a7080000, 0x00000000e0000000)
  object space 115200K, 44% used [0x00000000a0000000,0x00000000a31fa670,0x00000000a7080000)
 Metaspace       used 61122K, capacity 63586K, committed 63832K, reserved 1103872K
  class space    used 8304K, capacity 8946K, committed 9048K, reserved 1048576K
}
Event: 332.300 GC heap before
{Heap before GC invocations=21 (full 3):
 PSYoungGen      total 180736K, used 166096K [0x00000000e0000000, 0x00000000ede80000, 0x0000000100000000)
  eden space 155136K, 100% used [0x00000000e0000000,0x00000000e9780000,0x00000000e9780000)
  from space 25600K, 42% used [0x00000000e9780000,0x00000000ea234188,0x00000000eb080000)
  to   space 24576K, 0% used [0x00000000ec680000,0x00000000ec680000,0x00000000ede80000)
 ParOldGen       total 115200K, used 51177K [0x00000000a0000000, 0x00000000a7080000, 0x00000000e0000000)
  object space 115200K, 44% used [0x00000000a0000000,0x00000000a31fa670,0x00000000a7080000)
 Metaspace       used 64730K, capacity 67402K, committed 67544K, reserved 1107968K
  class space    used 8658K, capacity 9340K, committed 9432K, reserved 1048576K
Event: 332.324 GC heap after
Heap after GC invocations=21 (full 3):
 PSYoungGen      total 193024K, used 8218K [0x00000000e0000000, 0x00000000ed880000, 0x0000000100000000)
  eden space 174592K, 0% used [0x00000000e0000000,0x00000000e0000000,0x00000000eaa80000)
  from space 18432K, 44% used [0x00000000ec680000,0x00000000ece86a90,0x00000000ed880000)
  to   space 23552K, 0% used [0x00000000eaa80000,0x00000000eaa80000,0x00000000ec180000)
 ParOldGen       total 115200K, used 51185K [0x00000000a0000000, 0x00000000a7080000, 0x00000000e0000000)
  object space 115200K, 44% used [0x00000000a0000000,0x00000000a31fc670,0x00000000a7080000)
 Metaspace       used 64730K, capacity 67402K, committed 67544K, reserved 1107968K
  class space    used 8658K, capacity 9340K, committed 9432K, reserved 1048576K
}
Event: 374.592 GC heap before
{Heap before GC invocations=22 (full 3):
 PSYoungGen      total 193024K, used 182810K [0x00000000e0000000, 0x00000000ed880000, 0x0000000100000000)
  eden space 174592K, 100% used [0x00000000e0000000,0x00000000eaa80000,0x00000000eaa80000)
  from space 18432K, 44% used [0x00000000ec680000,0x00000000ece86a90,0x00000000ed880000)
  to   space 23552K, 0% used [0x00000000eaa80000,0x00000000eaa80000,0x00000000ec180000)
 ParOldGen       total 115200K, used 51185K [0x00000000a0000000, 0x00000000a7080000, 0x00000000e0000000)
  object space 115200K, 44% used [0x00000000a0000000,0x00000000a31fc670,0x00000000a7080000)
 Metaspace       used 65173K, capacity 67906K, committed 68056K, reserved 1107968K
  class space    used 8680K, capacity 9368K, committed 9432K, reserved 1048576K
Event: 374.615 GC heap after
Heap after GC invocations=22 (full 3):
 PSYoungGen      total 198144K, used 12097K [0x00000000e0000000, 0x00000000ee980000, 0x0000000100000000)
  eden space 174592K, 0% used [0x00000000e0000000,0x00000000e0000000,0x00000000eaa80000)
  from space 23552K, 51% used [0x00000000eaa80000,0x00000000eb6506f0,0x00000000ec180000)
  to   space 23040K, 0% used [0x00000000ed300000,0x00000000ed300000,0x00000000ee980000)
 ParOldGen       total 115200K, used 51193K [0x00000000a0000000, 0x00000000a7080000, 0x00000000e0000000)
  object space 115200K, 44% used [0x00000000a0000000,0x00000000a31fe670,0x00000000a7080000)
 Metaspace       used 65173K, capacity 67906K, committed 68056K, reserved 1107968K
  class space    used 8680K, capacity 9368K, committed 9432K, reserved 1048576K
}
Event: 392.993 GC heap before
{Heap before GC invocations=23 (full 3):
 PSYoungGen      total 198144K, used 186689K [0x00000000e0000000, 0x00000000ee980000, 0x0000000100000000)
  eden space 174592K, 100% used [0x00000000e0000000,0x00000000eaa80000,0x00000000eaa80000)
  from space 23552K, 51% used [0x00000000eaa80000,0x00000000eb6506f0,0x00000000ec180000)
  to   space 23040K, 0% used [0x00000000ed300000,0x00000000ed300000,0x00000000ee980000)
 ParOldGen       total 115200K, used 51193K [0x00000000a0000000, 0x00000000a7080000, 0x00000000e0000000)
  object space 115200K, 44% used [0x00000000a0000000,0x00000000a31fe670,0x00000000a7080000)
 Metaspace       used 71286K, capacity 74078K, committed 74328K, reserved 1114112K
  class space    used 9316K, capacity 10018K, committed 10072K, reserved 1048576K
Event: 393.034 GC heap after
Heap after GC invocations=23 (full 3):
 PSYoungGen      total 211968K, used 23009K [0x00000000e0000000, 0x00000000eef80000, 0x0000000100000000)
  eden space 188928K, 0% used [0x00000000e0000000,0x00000000e0000000,0x00000000eb880000)
  from space 23040K, 99% used [0x00000000ed300000,0x00000000ee978530,0x00000000ee980000)
  to   space 27136K, 0% used [0x00000000eb880000,0x00000000eb880000,0x00000000ed300000)
 ParOldGen       total 115200K, used 51966K [0x00000000a0000000, 0x00000000a7080000, 0x00000000e0000000)
  object space 115200K, 45% used [0x00000000a0000000,0x00000000a32bfa98,0x00000000a7080000)
 Metaspace       used 71286K, capacity 74078K, committed 74328K, reserved 1114112K
  class space    used 9316K, capacity 10018K, committed 10072K, reserved 1048576K
}

Deoptimization events (10 events):
Event: 397.540 Thread 0x000000001c8be800 Uncommon trap: reason=predicate action=maybe_recompile pc=0x00000000027a61b0 method=java.util.LinkedList.remove(Ljava/lang/Object;)Z @ 48
Event: 398.286 Thread 0x000000001c8be800 Uncommon trap: reason=class_check action=maybe_recompile pc=0x00000000046f4640 method=com.android.tools.r8.ir.regalloc.LiveIntervals.getType()Lcom/android/tools/r8/ir/code/ValueType; @ 4
Event: 398.286 Thread 0x000000001c8be800 Uncommon trap: reason=class_check action=maybe_recompile pc=0x00000000046f4640 method=com.android.tools.r8.ir.regalloc.LiveIntervals.getType()Lcom/android/tools/r8/ir/code/ValueType; @ 4
Event: 398.288 Thread 0x000000001c8be800 Uncommon trap: reason=class_check action=maybe_recompile pc=0x00000000046f4640 method=com.android.tools.r8.ir.regalloc.LiveIntervals.getType()Lcom/android/tools/r8/ir/code/ValueType; @ 4
Event: 398.288 Thread 0x000000001c8bf800 Uncommon trap: reason=class_check action=maybe_recompile pc=0x00000000046f4640 method=com.android.tools.r8.ir.regalloc.LiveIntervals.getType()Lcom/android/tools/r8/ir/code/ValueType; @ 4
Event: 398.429 Thread 0x000000001c8c0000 Uncommon trap: reason=unstable_if action=reinterpret pc=0x0000000004cbe204 method=com.android.tools.r8.org.objectweb.asm.tree.InsnList.get(I)Lcom/android/tools/r8/org/objectweb/asm/tree/AbstractInsnNode; @ 24
Event: 398.439 Thread 0x000000001c8c0000 Uncommon trap: reason=unstable_if action=reinterpret pc=0x000000000481c630 method=java.lang.StrictMath.floorOrCeil(DDDD)D @ 8
Event: 398.439 Thread 0x000000001c8c0000 Uncommon trap: reason=unstable_if action=reinterpret pc=0x0000000003cea8c4 method=com.android.tools.r8.it.unimi.dsi.fastutil.HashCommon.nextPowerOfTwo(J)J @ 3
Event: 398.440 Thread 0x000000001c8c0000 Uncommon trap: reason=unstable_if action=reinterpret pc=0x00000000045ac8e4 method=java.lang.StrictMath.floorOrCeil(DDDD)D @ 8
Event: 398.440 Thread 0x000000001c8c0000 Uncommon trap: reason=unstable_if action=reinterpret pc=0x00000000043ef8dc method=java.lang.StrictMath.floorOrCeil(DDDD)D @ 8

Classes redefined (0 events):
No events

Internal exceptions (10 events):
Event: 383.636 Thread 0x000000001c755000 Implicit null exception at 0x000000000457ecef to 0x000000000457f2fd
Event: 392.553 Thread 0x000000001c755000 Exception <a 'java/lang/NoSuchMethodError': <clinit>> (0x00000000ea68de58) thrown at [D:\src\AOSP-openjdk-cygwin\jdk8u\hotspot\src\share\vm\prims\jni.cpp, line 1613]
Event: 396.037 Thread 0x000000001bfe1800 Exception <a 'java/lang/NoSuchMethodError': java.lang.Object.lambda$and$0(Ljava/util/function/Predicate;Ljava/lang/Object;)Z> (0x00000000e1b42b20) thrown at [D:\src\AOSP-openjdk-cygwin\jdk8u\hotspot\src\share\vm\interpreter\linkResolver.cpp, line 584]
Event: 396.037 Thread 0x000000001c758800 Exception <a 'java/lang/NoSuchMethodError': java.lang.Object.lambda$and$0(Ljava/util/function/Predicate;Ljava/lang/Object;)Z> (0x00000000e1b71fd0) thrown at [D:\src\AOSP-openjdk-cygwin\jdk8u\hotspot\src\share\vm\interpreter\linkResolver.cpp, line 584]
Event: 396.037 Thread 0x000000001c75b000 Exception <a 'java/lang/NoSuchMethodError': java.lang.Object.lambda$and$0(Ljava/util/function/Predicate;Ljava/lang/Object;)Z> (0x00000000e1ba5070) thrown at [D:\src\AOSP-openjdk-cygwin\jdk8u\hotspot\src\share\vm\interpreter\linkResolver.cpp, line 584]
Event: 396.100 Thread 0x000000001c75b000 Exception <a 'java/lang/NoSuchMethodError': java.lang.Object.lambda$static$0(Ljava/lang/String;)Z> (0x00000000e1bb0510) thrown at [D:\src\AOSP-openjdk-cygwin\jdk8u\hotspot\src\share\vm\interpreter\linkResolver.cpp, line 584]
Event: 396.352 Thread 0x000000001c75b000 Exception <a 'sun/nio/fs/WindowsException'> (0x00000000e1faeb50) thrown at [D:\src\AOSP-openjdk-cygwin\jdk8u\hotspot\src\share\vm\prims\jni.cpp, line 709]
Event: 396.352 Thread 0x000000001bfe1800 Exception <a 'sun/nio/fs/WindowsException'> (0x00000000e1f4f828) thrown at [D:\src\AOSP-openjdk-cygwin\jdk8u\hotspot\src\share\vm\prims\jni.cpp, line 709]
Event: 396.352 Thread 0x000000001c758800 Exception <a 'sun/nio/fs/WindowsException'> (0x00000000e1f77a60) thrown at [D:\src\AOSP-openjdk-cygwin\jdk8u\hotspot\src\share\vm\prims\jni.cpp, line 709]
Event: 398.429 Thread 0x000000001c8c0000 Implicit null exception at 0x0000000004cbe19c to 0x0000000004cbe1f1

Events (10 events):
Event: 398.439 Thread 0x000000001c8c0000 DEOPT UNPACKING pc=0x00000000026b557b sp=0x00000000298fea80 mode 2
Event: 398.439 Thread 0x000000001c8c0000 Uncommon trap: trap_request=0xffffff65 fr.pc=0x0000000003cea8c4
Event: 398.439 Thread 0x000000001c8c0000 DEOPT PACKING pc=0x0000000003cea8c4 sp=0x00000000298febf0
Event: 398.439 Thread 0x000000001c8c0000 DEOPT UNPACKING pc=0x00000000026b557b sp=0x00000000298feb98 mode 2
Event: 398.440 Thread 0x000000001c8c0000 Uncommon trap: trap_request=0xffffff65 fr.pc=0x00000000045ac8e4
Event: 398.440 Thread 0x000000001c8c0000 DEOPT PACKING pc=0x00000000045ac8e4 sp=0x00000000298fecc0
Event: 398.440 Thread 0x000000001c8c0000 DEOPT UNPACKING pc=0x00000000026b557b sp=0x00000000298fead0 mode 2
Event: 398.440 Thread 0x000000001c8c0000 Uncommon trap: trap_request=0xffffff65 fr.pc=0x00000000043ef8dc
Event: 398.440 Thread 0x000000001c8c0000 DEOPT PACKING pc=0x00000000043ef8dc sp=0x00000000298fec20
Event: 398.440 Thread 0x000000001c8c0000 DEOPT UNPACKING pc=0x00000000026b557b sp=0x00000000298feb60 mode 2


Dynamic libraries:
0x00007ff704530000 - 0x00007ff704561000 	C:\Program Files (x86)\Android\Android Studio\jre\bin\java.exe
0x00007fff3e860000 - 0x00007fff3ea41000 	C:\WINDOWS\SYSTEM32\ntdll.dll
0x00007fff24b20000 - 0x00007fff24b34000 	C:\Program Files\AVAST Software\Avast\x64\aswhooka.dll
0x00007fff3da40000 - 0x00007fff3daf2000 	C:\WINDOWS\System32\KERNEL32.DLL
0x00007fff3ac30000 - 0x00007fff3aea3000 	C:\WINDOWS\System32\KERNELBASE.dll
0x00007fff3bf80000 - 0x00007fff3c021000 	C:\WINDOWS\System32\ADVAPI32.dll
0x00007fff3d540000 - 0x00007fff3d5de000 	C:\WINDOWS\System32\msvcrt.dll
0x00007fff3de30000 - 0x00007fff3de8b000 	C:\WINDOWS\System32\sechost.dll
0x00007fff3d800000 - 0x00007fff3d924000 	C:\WINDOWS\System32\RPCRT4.dll
0x00007fff3bd50000 - 0x00007fff3bee0000 	C:\WINDOWS\System32\USER32.dll
0x00007fff3bae0000 - 0x00007fff3bb00000 	C:\WINDOWS\System32\win32u.dll
0x00007fff3da10000 - 0x00007fff3da38000 	C:\WINDOWS\System32\GDI32.dll
0x00007fff3aeb0000 - 0x00007fff3b042000 	C:\WINDOWS\System32\gdi32full.dll
0x00007fff3b9f0000 - 0x00007fff3ba8f000 	C:\WINDOWS\System32\msvcp_win.dll
0x00007fff3b0d0000 - 0x00007fff3b1ca000 	C:\WINDOWS\System32\ucrtbase.dll
0x00007fff27140000 - 0x00007fff273a9000 	C:\WINDOWS\WinSxS\amd64_microsoft.windows.common-controls_6595b64144ccf1df_6.0.17134.523_none_fb409dd930672a56\COMCTL32.dll
0x00007fff3db00000 - 0x00007fff3de22000 	C:\WINDOWS\System32\combase.dll
0x00007fff3b050000 - 0x00007fff3b0ca000 	C:\WINDOWS\System32\bcryptPrimitives.dll
0x00007fff3e440000 - 0x00007fff3e46d000 	C:\WINDOWS\System32\IMM32.DLL
0x000000005eb00000 - 0x000000005ebd2000 	C:\Program Files (x86)\Android\Android Studio\jre\jre\bin\msvcr100.dll
0x000000005ecc0000 - 0x000000005f4ff000 	C:\Program Files (x86)\Android\Android Studio\jre\jre\bin\server\jvm.dll
0x00007fff3e5f0000 - 0x00007fff3e5f8000 	C:\WINDOWS\System32\PSAPI.DLL
0x00007fff241e0000 - 0x00007fff241e9000 	C:\WINDOWS\SYSTEM32\WSOCK32.dll
0x00007fff3d5f0000 - 0x00007fff3d65c000 	C:\WINDOWS\System32\WS2_32.dll
0x00007fff387e0000 - 0x00007fff38803000 	C:\WINDOWS\SYSTEM32\WINMM.dll
0x00007fff2fba0000 - 0x00007fff2fbaa000 	C:\WINDOWS\SYSTEM32\VERSION.dll
0x00007fff387b0000 - 0x00007fff387da000 	C:\WINDOWS\SYSTEM32\WINMMBASE.dll
0x00007fff3ba90000 - 0x00007fff3bad9000 	C:\WINDOWS\System32\cfgmgr32.dll
0x00007fff31d20000 - 0x00007fff31d2f000 	C:\Program Files (x86)\Android\Android Studio\jre\jre\bin\verify.dll
0x00007fff2d3b0000 - 0x00007fff2d3d9000 	C:\Program Files (x86)\Android\Android Studio\jre\jre\bin\java.dll
0x00007fff2cdb0000 - 0x00007fff2cdc6000 	C:\Program Files (x86)\Android\Android Studio\jre\jre\bin\zip.dll
0x00007fff3c050000 - 0x00007fff3d490000 	C:\WINDOWS\System32\SHELL32.dll
0x00007fff3d490000 - 0x00007fff3d539000 	C:\WINDOWS\System32\shcore.dll
0x00007fff3b2e0000 - 0x00007fff3b9ed000 	C:\WINDOWS\System32\windows.storage.dll
0x00007fff3bcf0000 - 0x00007fff3bd41000 	C:\WINDOWS\System32\shlwapi.dll
0x00007fff3aba0000 - 0x00007fff3abb1000 	C:\WINDOWS\System32\kernel.appcore.dll
0x00007fff3ab80000 - 0x00007fff3ab9f000 	C:\WINDOWS\System32\profapi.dll
0x00007fff3abe0000 - 0x00007fff3ac2c000 	C:\WINDOWS\System32\powrprof.dll
0x00007fff3ab70000 - 0x00007fff3ab7a000 	C:\WINDOWS\System32\FLTLIB.DLL
0x00007fff2b080000 - 0x00007fff2b09a000 	C:\Program Files (x86)\Android\Android Studio\jre\jre\bin\net.dll
0x00007fff3a3f0000 - 0x00007fff3a456000 	C:\WINDOWS\system32\mswsock.dll
0x00007fff2b060000 - 0x00007fff2b071000 	C:\Program Files (x86)\Android\Android Studio\jre\jre\bin\nio.dll
0x00007fff32ed0000 - 0x00007fff32eee000 	C:\Users\HP\.gradle\native\25\windows-amd64\native-platform.dll
0x00007fff2e9b0000 - 0x00007fff2e9bd000 	C:\Program Files (x86)\Android\Android Studio\jre\jre\bin\management.dll
0x00007fff3a5a0000 - 0x00007fff3a5b7000 	C:\WINDOWS\SYSTEM32\CRYPTSP.dll
0x00007fff39f70000 - 0x00007fff39fa3000 	C:\WINDOWS\system32\rsaenh.dll
0x00007fff3a6d0000 - 0x00007fff3a6f5000 	C:\WINDOWS\SYSTEM32\bcrypt.dll
0x00007fff3aaa0000 - 0x00007fff3aac8000 	C:\WINDOWS\SYSTEM32\USERENV.dll
0x00007fff3a5c0000 - 0x00007fff3a5cb000 	C:\WINDOWS\SYSTEM32\CRYPTBASE.dll
0x00007fff3a170000 - 0x00007fff3a1a8000 	C:\WINDOWS\SYSTEM32\IPHLPAPI.DLL
0x00007fff3d5e0000 - 0x00007fff3d5e8000 	C:\WINDOWS\System32\NSI.dll
0x00007fff305e0000 - 0x00007fff305f6000 	C:\WINDOWS\SYSTEM32\dhcpcsvc6.DLL
0x00007fff307d0000 - 0x00007fff307ea000 	C:\WINDOWS\SYSTEM32\dhcpcsvc.DLL

VM Arguments:
jvm_args: -Xmx1536m -Dfile.encoding=windows-1252 -Duser.country=US -Duser.language=en -Duser.variant 
java_command: org.gradle.launcher.daemon.bootstrap.GradleDaemon 4.4
java_class_path (initial): C:\Users\HP\.gradle\wrapper\dists\gradle-4.4-all\9br9xq1tocpiv8o6njlyu5op1\gradle-4.4\lib\gradle-launcher-4.4.jar
Launcher Type: SUN_STANDARD

Environment Variables:
PATH=C:\Program Files (x86)\Common Files\Oracle\Java\javapath;C:\Program Files (x86)\Common Files\ArcSoft\Bin;C:\Program Files (x86)\Intel\iCLS Client\;C:\Program Files\Intel\iCLS Client\;C:\WINDOWS\system32;C:\WINDOWS;C:\WINDOWS\System32\Wbem;C:\WINDOWS\System32\WindowsPowerShell\v1.0\;C:\Program Files (x86)\Intel\Intel(R) Management Engine Components\DAL;C:\Program Files\Intel\Intel(R) Management Engine Components\DAL;C:\Program Files (x86)\Intel\Intel(R) Management Engine Components\IPT;C:\Program Files\Intel\Intel(R) Management Engine Components\IPT;c:\Program Files\Intel\WiFi\bin\;c:\Program Files\Common Files\Intel\WirelessCommon\;C:\Program Files (x86)\GtkSharp\2.12\bin;C:\WINDOWS\System32\OpenSSH\;C:\Users\HP\AppData\Local\Android\Sdk;C:\Program Files (x86)\Java\jdk1.6.0_18\bin;%USERPROFILE%\AppData\Local\Microsoft\WindowsApps;
USERNAME=HP
OS=Windows_NT
PROCESSOR_IDENTIFIER=Intel64 Family 6 Model 61 Stepping 4, GenuineIntel



---------------  S Y S T E M  ---------------

OS: Windows 10.0 , 64 bit Build 17134 (10.0.17134.1)

CPU:total 4 (initial active 4) (2 cores per cpu, 2 threads per core) family 6 model 61 stepping 4, cmov, cx8, fxsr, mmx, sse, sse2, sse3, ssse3, sse4.1, sse4.2, popcnt, avx, avx2, aes, clmul, erms, 3dnowpref, lzcnt, ht, tsc, tscinvbit, bmi1, bmi2, adx

Memory: 4k page, physical 4082796k(296620k free), swap 4082796k(4160k free)

vm_info: OpenJDK 64-Bit Server VM (25.152-b02) for windows-amd64 JRE (1.8.0_152-release-1024-b02), built by "builder" with MS VC++ 10.0 (VS2010)

time: Tue Jan 15 11:25:08 2019
elapsed time: 398 seconds (0d 0h 6m 38s)

