#
# There is insufficient memory for the Java Runtime Environment to continue.
# Native memory allocation (malloc) failed to allocate 131088 bytes for Chunk::new
# Possible reasons:
#   The system is out of physical RAM or swap space
#   In 32 bit mode, the process size limit was hit
# Possible solutions:
#   Reduce memory load on the system
#   Increase physical memory or swap space
#   Check if swap backing store is full
#   Use 64 bit Java on a 64 bit OS
#   Decrease Java heap size (-Xmx/-Xms)
#   Decrease number of Java threads
#   Decrease Java thread stack sizes (-Xss)
#   Set larger code cache with -XX:ReservedCodeCacheSize=
# This output file may be truncated or incomplete.
#
#  Out of Memory Error (allocation.cpp:390), pid=896, tid=0x0000000000002bdc
#
# JRE version: OpenJDK Runtime Environment (8.0_152-b02) (build 1.8.0_152-release-1024-b02)
# Java VM: OpenJDK 64-Bit Server VM (25.152-b02 mixed mode windows-amd64 compressed oops)
# Failed to write core dump. Minidumps are not enabled by default on client versions of Windows
#

---------------  T H R E A D  ---------------

Current thread (0x0000000015b7f000):  JavaThread "C2 CompilerThread1" daemon [_thread_in_native, id=11228, stack(0x00000000172d0000,0x00000000173d0000)]

Stack: [0x00000000172d0000,0x00000000173d0000]
[error occurred during error reporting (printing stack bounds), id 0xc0000005]

Native frames: (J=compiled Java code, j=interpreted, Vv=VM code, C=native code)


Current CompileTask:
C2:  46251 8251       4       org.gradle.api.internal.artifacts.transform.DefaultTransformedFileCache::getResult (69 bytes)


---------------  P R O C E S S  ---------------

Java Threads: ( => current thread )
  0x000000001ec9b000 JavaThread "Cache worker for Java compile cache (H:\AndroidStudioProjects\LogInPage\.gradle\4.4\javaCompile)" [_thread_blocked, id=5952, stack(0x0000000021c50000,0x0000000021d50000)]
  0x000000001ec97800 JavaThread "Task worker for ':' Thread 3" [_thread_blocked, id=8268, stack(0x0000000021a50000,0x0000000021b50000)]
  0x000000001ec96000 JavaThread "Task worker for ':' Thread 2" [_thread_blocked, id=9200, stack(0x0000000021950000,0x0000000021a50000)]
  0x000000001ec9c000 JavaThread "Task worker for ':'" [_thread_blocked, id=11336, stack(0x0000000021850000,0x0000000021950000)]
  0x000000001ec9a800 JavaThread "Cache worker for Build Output Cleanup Cache (H:\AndroidStudioProjects\LogInPage\.gradle\buildOutputCleanup)" [_thread_blocked, id=9276, stack(0x0000000021320000,0x0000000021420000)]
  0x000000001ec99000 JavaThread "Cache worker for task history cache (H:\AndroidStudioProjects\LogInPage\.gradle\4.4\taskHistory)" [_thread_blocked, id=11208, stack(0x0000000020670000,0x0000000020770000)]
  0x000000001ec96800 JavaThread "Cache worker for file content cache (H:\AndroidStudioProjects\LogInPage\.gradle\4.4\fileContent)" [_thread_blocked, id=4324, stack(0x0000000020350000,0x0000000020450000)]
  0x000000001af7b000 JavaThread "Memory manager" [_thread_blocked, id=4316, stack(0x0000000020050000,0x0000000020150000)]
  0x000000001af76000 JavaThread "build operations Thread 4" [_thread_blocked, id=4268, stack(0x000000001f950000,0x000000001fa50000)]
  0x000000001af75000 JavaThread "build operations Thread 3" [_thread_blocked, id=1968, stack(0x000000001f850000,0x000000001f950000)]
  0x000000001af7a800 JavaThread "build operations Thread 2" [_thread_blocked, id=5356, stack(0x000000001f750000,0x000000001f850000)]
  0x000000001af79800 JavaThread "build operations" [_thread_in_native, id=5352, stack(0x000000001e3d0000,0x000000001e4d0000)]
  0x000000001af77800 JavaThread "Cache worker for Artifact transforms cache (C:\Users\HP\.gradle\caches\transforms-1)" [_thread_blocked, id=4608, stack(0x000000001ddd0000,0x000000001ded0000)]
  0x000000001a967000 JavaThread "Cache worker for file hash cache (H:\AndroidStudioProjects\LogInPage\.gradle\4.4\fileHashes)" [_thread_blocked, id=11220, stack(0x000000001b6f0000,0x000000001b7f0000)]
  0x0000000019170000 JavaThread "File lock request listener" [_thread_in_native, id=3908, stack(0x000000001b5f0000,0x000000001b6f0000)]
  0x0000000017ec3800 JavaThread "Cache worker for file hash cache (C:\Users\HP\.gradle\caches\4.4\fileHashes)" [_thread_blocked, id=9536, stack(0x000000001a520000,0x000000001a620000)]
  0x0000000018b50000 JavaThread "Stdin handler" [_thread_blocked, id=7540, stack(0x000000001a220000,0x000000001a320000)]
  0x0000000018b46000 JavaThread "Asynchronous log dispatcher for DefaultDaemonConnection: socket connection from /127.0.0.1:3740 to /127.0.0.1:3741" [_thread_blocked, id=3416, stack(0x000000001a120000,0x000000001a220000)]
  0x0000000018ada800 JavaThread "Daemon worker" [_thread_blocked, id=7716, stack(0x000000001a020000,0x000000001a120000)]
  0x0000000018b53000 JavaThread "Cancel handler" [_thread_blocked, id=1348, stack(0x0000000019f20000,0x000000001a020000)]
  0x0000000018785000 JavaThread "Handler for socket connection from /127.0.0.1:3740 to /127.0.0.1:3741" [_thread_in_native, id=7684, stack(0x0000000019c20000,0x0000000019d20000)]
  0x00000000189cf800 JavaThread "Daemon" [_thread_blocked, id=892, stack(0x0000000019b20000,0x0000000019c20000)]
  0x000000001876b000 JavaThread "Daemon periodic checks" [_thread_blocked, id=868, stack(0x0000000019a20000,0x0000000019b20000)]
  0x0000000018765000 JavaThread "Incoming local TCP Connector on port 3740" [_thread_in_native, id=11256, stack(0x00000000197e0000,0x00000000198e0000)]
  0x0000000015bde800 JavaThread "Service Thread" daemon [_thread_blocked, id=6140, stack(0x00000000178d0000,0x00000000179d0000)]
  0x0000000015b8c000 JavaThread "C1 CompilerThread2" daemon [_thread_blocked, id=10256, stack(0x00000000173d0000,0x00000000174d0000)]
=>0x0000000015b7f000 JavaThread "C2 CompilerThread1" daemon [_thread_in_native, id=11228, stack(0x00000000172d0000,0x00000000173d0000)]
  0x0000000015b77800 JavaThread "C2 CompilerThread0" daemon [_thread_in_native, id=3660, stack(0x00000000171d0000,0x00000000172d0000)]
  0x0000000015b86000 JavaThread "Attach Listener" daemon [_thread_blocked, id=3128, stack(0x00000000170d0000,0x00000000171d0000)]
  0x0000000015b84800 JavaThread "Signal Dispatcher" daemon [_thread_blocked, id=2776, stack(0x0000000016fd0000,0x00000000170d0000)]
  0x000000000220c800 JavaThread "Finalizer" daemon [_thread_blocked, id=1468, stack(0x0000000016de0000,0x0000000016ee0000)]
  0x0000000002201800 JavaThread "Reference Handler" daemon [_thread_blocked, id=11592, stack(0x0000000016ce0000,0x0000000016de0000)]
  0x000000000053e000 JavaThread "main" [_thread_blocked, id=6432, stack(0x0000000001fd0000,0x00000000020d0000)]

Other Threads:
  0x0000000015b46800 VMThread [stack: 0x0000000016be0000,0x0000000016ce0000] [id=11964]
  0x00000000174fe000 WatcherThread [stack: 0x00000000179d0000,0x0000000017ad0000] [id=9360]

VM state:not at safepoint (normal execution)

VM Mutex/Monitor currently owned by a thread: None

Heap:
 PSYoungGen      total 101888K, used 14393K [0x00000000e0000000, 0x00000000e8280000, 0x0000000100000000)
  eden space 85504K, 2% used [0x00000000e0000000,0x00000000e0229c88,0x00000000e5380000)
  from space 16384K, 74% used [0x00000000e5380000,0x00000000e5f64788,0x00000000e6380000)
  to   space 17408K, 0% used [0x00000000e7180000,0x00000000e7180000,0x00000000e8280000)
 ParOldGen       total 114176K, used 43620K [0x00000000a0000000, 0x00000000a6f80000, 0x00000000e0000000)
  object space 114176K, 38% used [0x00000000a0000000,0x00000000a2a99368,0x00000000a6f80000)
 Metaspace       used 60120K, capacity 62115K, committed 62484K, reserved 1103872K
  class space    used 8185K, capacity 8641K, committed 8764K, reserved 1048576K

Card table byte_map: [0x00000000115d0000,0x00000000118e0000] byte_map_base: 0x00000000110d0000

Marking Bits: (ParMarkBitMap*) 0x0000000070304970
 Begin Bits: [0x0000000011ee0000, 0x00000000136e0000)
 End Bits:   [0x00000000136e0000, 0x0000000014ee0000)

Polling page: 0x0000000000500000

CodeCache: size=245760Kb used=24653Kb max_used=24676Kb free=221107Kb
 bounds [0x0000000002210000, 0x0000000003a50000, 0x0000000011210000]
 total_blobs=8110 nmethods=7323 adapters=699
 compilation: enabled

Compilation events (10 events):
Event: 45.900 Thread 0x0000000015b77800 nmethod 8246 0x0000000003a39810 code [0x0000000003a39ac0, 0x0000000003a3ab80]
Event: 45.900 Thread 0x0000000015b77800 8248       4       org.gradle.internal.logging.console.BuildLogLevelFilterRenderer::onOutput (53 bytes)
Event: 45.927 Thread 0x0000000015b7f000 nmethod 8247 0x0000000003a34890 code [0x0000000003a34b40, 0x0000000003a35a60]
Event: 45.939 Thread 0x0000000015b7f000 8249       4       org.gradle.internal.logging.console.AbstractUserInputRenderer::onOutput (63 bytes)
Event: 45.955 Thread 0x0000000015b77800 nmethod 8248 0x0000000003a3eed0 code [0x0000000003a3f160, 0x0000000003a40418]
Event: 45.972 Thread 0x0000000015b77800 8250       4       org.gradle.api.internal.artifacts.transform.DefaultVariantTransformRegistration::transform (9 bytes)
Event: 45.994 Thread 0x0000000015b7f000 nmethod 8249 0x0000000003a44550 code [0x0000000003a44800, 0x0000000003a45bd8]
Event: 45.995 Thread 0x0000000015b7f000 8251       4       org.gradle.api.internal.artifacts.transform.DefaultTransformedFileCache::getResult (69 bytes)
Event: 46.157 Thread 0x0000000015b8c000 8254       3       java.util.zip.Inflater::finalize (5 bytes)
Event: 46.157 Thread 0x0000000015b8c000 nmethod 8254 0x0000000003a2ff50 code [0x0000000003a300c0, 0x0000000003a30268]

GC Heap History (10 events):
Event: 31.403 GC heap before
{Heap before GC invocations=20 (full 2):
 PSYoungGen      total 80384K, used 76075K [0x00000000e0000000, 0x00000000e6500000, 0x0000000100000000)
  eden space 67584K, 100% used [0x00000000e0000000,0x00000000e4200000,0x00000000e4200000)
  from space 12800K, 66% used [0x00000000e4200000,0x00000000e4a4aeb8,0x00000000e4e80000)
  to   space 12800K, 0% used [0x00000000e5880000,0x00000000e5880000,0x00000000e6500000)
 ParOldGen       total 67584K, used 34051K [0x00000000a0000000, 0x00000000a4200000, 0x00000000e0000000)
  object space 67584K, 50% used [0x00000000a0000000,0x00000000a2140c38,0x00000000a4200000)
 Metaspace       used 54087K, capacity 55851K, committed 56024K, reserved 1097728K
  class space    used 7442K, capacity 7933K, committed 7936K, reserved 1048576K
Event: 31.425 GC heap after
Heap after GC invocations=20 (full 2):
 PSYoungGen      total 89088K, used 12147K [0x00000000e0000000, 0x00000000e6700000, 0x0000000100000000)
  eden space 76288K, 0% used [0x00000000e0000000,0x00000000e0000000,0x00000000e4a80000)
  from space 12800K, 94% used [0x00000000e5880000,0x00000000e645cf38,0x00000000e6500000)
  to   space 14336K, 0% used [0x00000000e4a80000,0x00000000e4a80000,0x00000000e5880000)
 ParOldGen       total 67584K, used 34059K [0x00000000a0000000, 0x00000000a4200000, 0x00000000e0000000)
  object space 67584K, 50% used [0x00000000a0000000,0x00000000a2142c38,0x00000000a4200000)
 Metaspace       used 54087K, capacity 55851K, committed 56024K, reserved 1097728K
  class space    used 7442K, capacity 7933K, committed 7936K, reserved 1048576K
}
Event: 37.893 GC heap before
{Heap before GC invocations=21 (full 2):
 PSYoungGen      total 89088K, used 88435K [0x00000000e0000000, 0x00000000e6700000, 0x0000000100000000)
  eden space 76288K, 100% used [0x00000000e0000000,0x00000000e4a80000,0x00000000e4a80000)
  from space 12800K, 94% used [0x00000000e5880000,0x00000000e645cf38,0x00000000e6500000)
  to   space 14336K, 0% used [0x00000000e4a80000,0x00000000e4a80000,0x00000000e5880000)
 ParOldGen       total 67584K, used 34059K [0x00000000a0000000, 0x00000000a4200000, 0x00000000e0000000)
  object space 67584K, 50% used [0x00000000a0000000,0x00000000a2142c38,0x00000000a4200000)
 Metaspace       used 54869K, capacity 56725K, committed 56920K, reserved 1097728K
  class space    used 7547K, capacity 8046K, committed 8064K, reserved 1048576K
Event: 37.917 GC heap after
Heap after GC invocations=21 (full 2):
 PSYoungGen      total 90624K, used 14331K [0x00000000e0000000, 0x00000000e7380000, 0x0000000100000000)
  eden space 76288K, 0% used [0x00000000e0000000,0x00000000e0000000,0x00000000e4a80000)
  from space 14336K, 99% used [0x00000000e4a80000,0x00000000e587ede0,0x00000000e5880000)
  to   space 16384K, 0% used [0x00000000e6380000,0x00000000e6380000,0x00000000e7380000)
 ParOldGen       total 67584K, used 34202K [0x00000000a0000000, 0x00000000a4200000, 0x00000000e0000000)
  object space 67584K, 50% used [0x00000000a0000000,0x00000000a2166bd8,0x00000000a4200000)
 Metaspace       used 54869K, capacity 56725K, committed 56920K, reserved 1097728K
  class space    used 7547K, capacity 8046K, committed 8064K, reserved 1048576K
}
Event: 38.886 GC heap before
{Heap before GC invocations=22 (full 2):
 PSYoungGen      total 90624K, used 35228K [0x00000000e0000000, 0x00000000e7380000, 0x0000000100000000)
  eden space 76288K, 27% used [0x00000000e0000000,0x00000000e14684d8,0x00000000e4a80000)
  from space 14336K, 99% used [0x00000000e4a80000,0x00000000e587ede0,0x00000000e5880000)
  to   space 16384K, 0% used [0x00000000e6380000,0x00000000e6380000,0x00000000e7380000)
 ParOldGen       total 67584K, used 34202K [0x00000000a0000000, 0x00000000a4200000, 0x00000000e0000000)
  object space 67584K, 50% used [0x00000000a0000000,0x00000000a2166bd8,0x00000000a4200000)
 Metaspace       used 57022K, capacity 58953K, committed 59028K, reserved 1099776K
  class space    used 7855K, capacity 8342K, committed 8380K, reserved 1048576K
Event: 38.919 GC heap after
Heap after GC invocations=22 (full 2):
 PSYoungGen      total 101888K, used 9744K [0x00000000e0000000, 0x00000000e7780000, 0x0000000100000000)
  eden space 85504K, 0% used [0x00000000e0000000,0x00000000e0000000,0x00000000e5380000)
  from space 16384K, 59% used [0x00000000e6380000,0x00000000e6d04118,0x00000000e7380000)
  to   space 16384K, 0% used [0x00000000e5380000,0x00000000e5380000,0x00000000e6380000)
 ParOldGen       total 67584K, used 44321K [0x00000000a0000000, 0x00000000a4200000, 0x00000000e0000000)
  object space 67584K, 65% used [0x00000000a0000000,0x00000000a2b48470,0x00000000a4200000)
 Metaspace       used 57022K, capacity 58953K, committed 59028K, reserved 1099776K
  class space    used 7855K, capacity 8342K, committed 8380K, reserved 1048576K
}
Event: 38.919 GC heap before
{Heap before GC invocations=23 (full 3):
 PSYoungGen      total 101888K, used 9744K [0x00000000e0000000, 0x00000000e7780000, 0x0000000100000000)
  eden space 85504K, 0% used [0x00000000e0000000,0x00000000e0000000,0x00000000e5380000)
  from space 16384K, 59% used [0x00000000e6380000,0x00000000e6d04118,0x00000000e7380000)
  to   space 16384K, 0% used [0x00000000e5380000,0x00000000e5380000,0x00000000e6380000)
 ParOldGen       total 67584K, used 44321K [0x00000000a0000000, 0x00000000a4200000, 0x00000000e0000000)
  object space 67584K, 65% used [0x00000000a0000000,0x00000000a2b48470,0x00000000a4200000)
 Metaspace       used 57022K, capacity 58953K, committed 59028K, reserved 1099776K
  class space    used 7855K, capacity 8342K, committed 8380K, reserved 1048576K
Event: 39.298 GC heap after
Heap after GC invocations=23 (full 3):
 PSYoungGen      total 101888K, used 0K [0x00000000e0000000, 0x00000000e7780000, 0x0000000100000000)
  eden space 85504K, 0% used [0x00000000e0000000,0x00000000e0000000,0x00000000e5380000)
  from space 16384K, 0% used [0x00000000e6380000,0x00000000e6380000,0x00000000e7380000)
  to   space 16384K, 0% used [0x00000000e5380000,0x00000000e5380000,0x00000000e6380000)
 ParOldGen       total 114176K, used 43612K [0x00000000a0000000, 0x00000000a6f80000, 0x00000000e0000000)
  object space 114176K, 38% used [0x00000000a0000000,0x00000000a2a97368,0x00000000a6f80000)
 Metaspace       used 57022K, capacity 58953K, committed 59028K, reserved 1099776K
  class space    used 7855K, capacity 8342K, committed 8380K, reserved 1048576K
}
Event: 46.106 GC heap before
{Heap before GC invocations=24 (full 3):
 PSYoungGen      total 101888K, used 85504K [0x00000000e0000000, 0x00000000e7780000, 0x0000000100000000)
  eden space 85504K, 100% used [0x00000000e0000000,0x00000000e5380000,0x00000000e5380000)
  from space 16384K, 0% used [0x00000000e6380000,0x00000000e6380000,0x00000000e7380000)
  to   space 16384K, 0% used [0x00000000e5380000,0x00000000e5380000,0x00000000e6380000)
 ParOldGen       total 114176K, used 43612K [0x00000000a0000000, 0x00000000a6f80000, 0x00000000e0000000)
  object space 114176K, 38% used [0x00000000a0000000,0x00000000a2a97368,0x00000000a6f80000)
 Metaspace       used 60120K, capacity 62115K, committed 62484K, reserved 1103872K
  class space    used 8185K, capacity 8641K, committed 8764K, reserved 1048576K
Event: 46.136 GC heap after
Heap after GC invocations=24 (full 3):
 PSYoungGen      total 101888K, used 12177K [0x00000000e0000000, 0x00000000e8280000, 0x0000000100000000)
  eden space 85504K, 0% used [0x00000000e0000000,0x00000000e0000000,0x00000000e5380000)
  from space 16384K, 74% used [0x00000000e5380000,0x00000000e5f64788,0x00000000e6380000)
  to   space 17408K, 0% used [0x00000000e7180000,0x00000000e7180000,0x00000000e8280000)
 ParOldGen       total 114176K, used 43620K [0x00000000a0000000, 0x00000000a6f80000, 0x00000000e0000000)
  object space 114176K, 38% used [0x00000000a0000000,0x00000000a2a99368,0x00000000a6f80000)
 Metaspace       used 60120K, capacity 62115K, committed 62484K, reserved 1103872K
  class space    used 8185K, capacity 8641K, committed 8764K, reserved 1048576K
}

Deoptimization events (10 events):
Event: 42.880 Thread 0x000000001ec9c000 Uncommon trap: reason=bimorphic action=maybe_recompile pc=0x000000000388dbc8 method=com.sun.tools.javac.code.Types$18.visitClassType(Lcom/sun/tools/javac/code/Type$ClassType;Ljava/lang/Void;)Lcom/sun/tools/javac/code/Type; @ 19
Event: 42.881 Thread 0x000000001ec9c000 Uncommon trap: reason=bimorphic action=maybe_recompile pc=0x00000000038de3dc method=com.sun.tools.javac.code.Types$19.visitClassType(Lcom/sun/tools/javac/code/Type$ClassType;Ljava/lang/Void;)Lcom/sun/tools/javac/util/List; @ 46
Event: 43.040 Thread 0x000000001ec9c000 Uncommon trap: reason=unstable_if action=reinterpret pc=0x00000000037cb5f0 method=com.sun.tools.javac.util.BaseFileManager.getKind(Ljava/lang/String;)Ljavax/tools/JavaFileObject$Kind; @ 10
Event: 43.045 Thread 0x000000001ec9c000 Uncommon trap: reason=unstable_if action=reinterpret pc=0x0000000003671968 method=org.gradle.internal.logging.sink.OutputEventRenderer$4.onOutput(Lorg/gradle/internal/logging/events/OutputEvent;)V @ 7
Event: 43.879 Thread 0x000000001ec9c000 Uncommon trap: reason=unstable_if action=reinterpret pc=0x0000000002878e7c method=com.google.common.collect.MapMakerInternalMap$Segment.getEntry(Ljava/lang/Object;I)Lcom/google/common/collect/MapMakerInternalMap$ReferenceEntry; @ 40
Event: 43.955 Thread 0x000000001ec99000 Uncommon trap: reason=unstable_if action=reinterpret pc=0x0000000003514518 method=com.esotericsoftware.kryo.io.Output.writeBytes([BII)V @ 61
Event: 43.973 Thread 0x000000001ec9c000 Uncommon trap: reason=unstable_if action=reinterpret pc=0x00000000027a16c8 method=com.google.common.collect.MapMakerInternalMap$Segment.drainKeyReferenceQueue()V @ 11
Event: 43.974 Thread 0x000000001ec9c000 Uncommon trap: reason=unstable_if action=reinterpret pc=0x000000000283bf90 method=com.google.common.collect.MapMakerInternalMap$Segment.drainKeyReferenceQueue()V @ 11
Event: 45.652 Thread 0x000000001ec9c000 Uncommon trap: reason=class_check action=maybe_recompile pc=0x0000000003a2ada4 method=java.security.MessageDigest$Delegate.clone()Ljava/lang/Object; @ 4
Event: 45.652 Thread 0x000000001ec9c000 Uncommon trap: reason=class_check action=maybe_recompile pc=0x0000000003a2ada4 method=java.security.MessageDigest$Delegate.clone()Ljava/lang/Object; @ 4

Classes redefined (0 events):
No events

Internal exceptions (10 events):
Event: 28.287 Thread 0x000000001ec96000 Exception <a 'java/lang/ClassNotFoundException': org/gradle/api/internal/artifacts/DefaultModuleVersionIdentifierBeanInfo> (0x00000000e29f2ba0) thrown at [D:\src\AOSP-openjdk-cygwin\jdk8u\hotspot\src\share\vm\classfile\systemDictionary.cpp, line 210]
Event: 28.288 Thread 0x000000001ec96000 Exception <a 'java/lang/ClassNotFoundException': org/gradle/api/internal/artifacts/DefaultModuleVersionIdentifierCustomizer> (0x00000000e2a1c2a8) thrown at [D:\src\AOSP-openjdk-cygwin\jdk8u\hotspot\src\share\vm\classfile\systemDictionary.cpp, line 210]
Event: 28.309 Thread 0x000000001ec96000 Exception <a 'java/lang/ClassNotFoundException': java/lang/IntegerBeanInfo> (0x00000000e2ab5a70) thrown at [D:\src\AOSP-openjdk-cygwin\jdk8u\hotspot\src\share\vm\classfile\systemDictionary.cpp, line 210]
Event: 28.309 Thread 0x000000001ec96000 Exception <a 'java/lang/ClassNotFoundException': java/lang/NumberBeanInfo> (0x00000000e2abc978) thrown at [D:\src\AOSP-openjdk-cygwin\jdk8u\hotspot\src\share\vm\classfile\systemDictionary.cpp, line 210]
Event: 28.310 Thread 0x000000001ec96000 Exception <a 'java/lang/ClassNotFoundException': java/lang/NumberCustomizer> (0x00000000e2ac38a0) thrown at [D:\src\AOSP-openjdk-cygwin\jdk8u\hotspot\src\share\vm\classfile\systemDictionary.cpp, line 210]
Event: 28.310 Thread 0x000000001ec96000 Exception <a 'java/lang/ClassNotFoundException': java/lang/IntegerCustomizer> (0x00000000e2ace1f0) thrown at [D:\src\AOSP-openjdk-cygwin\jdk8u\hotspot\src\share\vm\classfile\systemDictionary.cpp, line 210]
Event: 33.355 Thread 0x000000001ec9c000 Exception <a 'java/lang/NoSuchMethodError': <clinit>> (0x00000000e160c5a8) thrown at [D:\src\AOSP-openjdk-cygwin\jdk8u\hotspot\src\share\vm\prims\jni.cpp, line 1613]
Event: 33.356 Thread 0x000000001ec9c000 Exception <a 'java/lang/NoSuchMethodError': <clinit>> (0x00000000e16161a8) thrown at [D:\src\AOSP-openjdk-cygwin\jdk8u\hotspot\src\share\vm\prims\jni.cpp, line 1613]
Event: 41.135 Thread 0x000000001ec9c000 Implicit null exception at 0x00000000036d026f to 0x00000000036d087d
Event: 43.964 Thread 0x000000001ec9c000 Exception <a 'java/lang/NoSuchMethodError': <clinit>> (0x00000000e3a9ae68) thrown at [D:\src\AOSP-openjdk-cygwin\jdk8u\hotspot\src\share\vm\prims\jni.cpp, line 1613]

Events (10 events):
Event: 46.154 Executing VM operation: RevokeBias done
Event: 46.154 Executing VM operation: RevokeBias
Event: 46.154 Executing VM operation: RevokeBias done
Event: 46.154 Executing VM operation: BulkRevokeBias
Event: 46.156 Executing VM operation: BulkRevokeBias done
Event: 46.157 Thread 0x0000000015b8c000 flushing nmethod 0x0000000002328d90
Event: 46.157 Thread 0x0000000015b8c000 flushing nmethod 0x000000000232c750
Event: 46.157 Thread 0x0000000015b8c000 flushing nmethod 0x000000000233d090
Event: 46.157 Thread 0x0000000015b8c000 flushing nmethod 0x0000000002345390
Event: 46.157 Thread 0x0000000015b8c000 flushing nmethod 0x0000000002363f50


Dynamic libraries:
0x00007ff7fef50000 - 0x00007ff7fef81000 	C:\Program Files (x86)\Android\Android Studio\jre\bin\java.exe
0x00007ffde0990000 - 0x00007ffde0b71000 	C:\WINDOWS\SYSTEM32\ntdll.dll
0x00007ffd93cb0000 - 0x00007ffd93cc4000 	C:\Program Files\AVAST Software\Avast\x64\aswhooka.dll
0x00007ffdde5f0000 - 0x00007ffdde6a2000 	C:\WINDOWS\System32\KERNEL32.DLL
0x00007ffdddaa0000 - 0x00007ffdddd13000 	C:\WINDOWS\System32\KERNELBASE.dll
0x00007ffddde50000 - 0x00007ffdddef1000 	C:\WINDOWS\System32\ADVAPI32.dll
0x00007ffdde930000 - 0x00007ffdde9ce000 	C:\WINDOWS\System32\msvcrt.dll
0x00007ffde0900000 - 0x00007ffde095b000 	C:\WINDOWS\System32\sechost.dll
0x00007ffddea40000 - 0x00007ffddeb64000 	C:\WINDOWS\System32\RPCRT4.dll
0x00007ffdde400000 - 0x00007ffdde590000 	C:\WINDOWS\System32\USER32.dll
0x00007ffddd190000 - 0x00007ffddd1b0000 	C:\WINDOWS\System32\win32u.dll
0x00007ffde0600000 - 0x00007ffde0628000 	C:\WINDOWS\System32\GDI32.dll
0x00007ffddcf50000 - 0x00007ffddd0e2000 	C:\WINDOWS\System32\gdi32full.dll
0x00007ffddd0f0000 - 0x00007ffddd18f000 	C:\WINDOWS\System32\msvcp_win.dll
0x00007ffdddd20000 - 0x00007ffddde1a000 	C:\WINDOWS\System32\ucrtbase.dll
0x00007ffdcd690000 - 0x00007ffdcd8f9000 	C:\WINDOWS\WinSxS\amd64_microsoft.windows.common-controls_6595b64144ccf1df_6.0.17134.472_none_fb3f9af53068156d\COMCTL32.dll
0x00007ffde02d0000 - 0x00007ffde05f2000 	C:\WINDOWS\System32\combase.dll
0x00007ffddd9c0000 - 0x00007ffddda3a000 	C:\WINDOWS\System32\bcryptPrimitives.dll
0x00007ffddde20000 - 0x00007ffddde4d000 	C:\WINDOWS\System32\IMM32.DLL
0x0000000070a80000 - 0x0000000070b52000 	C:\Program Files (x86)\Android\Android Studio\jre\jre\bin\msvcr100.dll
0x000000006fb40000 - 0x000000007037f000 	C:\Program Files (x86)\Android\Android Studio\jre\jre\bin\server\jvm.dll
0x00007ffdde350000 - 0x00007ffdde358000 	C:\WINDOWS\System32\PSAPI.DLL
0x00007ffda8db0000 - 0x00007ffda8db9000 	C:\WINDOWS\SYSTEM32\WSOCK32.dll
0x00007ffdde860000 - 0x00007ffdde8cc000 	C:\WINDOWS\System32\WS2_32.dll
0x00007ffdd6f50000 - 0x00007ffdd6f73000 	C:\WINDOWS\SYSTEM32\WINMM.dll
0x00007ffdd1df0000 - 0x00007ffdd1dfa000 	C:\WINDOWS\SYSTEM32\VERSION.dll
0x00007ffdd6f20000 - 0x00007ffdd6f4a000 	C:\WINDOWS\SYSTEM32\WINMMBASE.dll
0x00007ffddd970000 - 0x00007ffddd9b9000 	C:\WINDOWS\System32\cfgmgr32.dll
0x00007ffdd0c80000 - 0x00007ffdd0c8f000 	C:\Program Files (x86)\Android\Android Studio\jre\jre\bin\verify.dll
0x00007ffdccf00000 - 0x00007ffdccf29000 	C:\Program Files (x86)\Android\Android Studio\jre\jre\bin\java.dll
0x00007ffdcd090000 - 0x00007ffdcd0a6000 	C:\Program Files (x86)\Android\Android Studio\jre\jre\bin\zip.dll
0x00007ffddeb70000 - 0x00007ffddffb0000 	C:\WINDOWS\System32\SHELL32.dll
0x00007ffddffb0000 - 0x00007ffde0059000 	C:\WINDOWS\System32\shcore.dll
0x00007ffddd1b0000 - 0x00007ffddd8bd000 	C:\WINDOWS\System32\windows.storage.dll
0x00007ffdde8d0000 - 0x00007ffdde921000 	C:\WINDOWS\System32\shlwapi.dll
0x00007ffddcd00000 - 0x00007ffddcd11000 	C:\WINDOWS\System32\kernel.appcore.dll
0x00007ffddcd20000 - 0x00007ffddcd3f000 	C:\WINDOWS\System32\profapi.dll
0x00007ffddccb0000 - 0x00007ffddccfc000 	C:\WINDOWS\System32\powrprof.dll
0x00007ffddcca0000 - 0x00007ffddccaa000 	C:\WINDOWS\System32\FLTLIB.DLL
0x00007ffdc79a0000 - 0x00007ffdc79ba000 	C:\Program Files (x86)\Android\Android Studio\jre\jre\bin\net.dll
0x00007ffddc4c0000 - 0x00007ffddc526000 	C:\WINDOWS\system32\mswsock.dll
0x00007ffdc5e40000 - 0x00007ffdc5e51000 	C:\Program Files (x86)\Android\Android Studio\jre\jre\bin\nio.dll
0x00007ffdd8190000 - 0x00007ffdd81ae000 	C:\Users\HP\.gradle\native\25\windows-amd64\native-platform.dll
0x00007ffdd5130000 - 0x00007ffdd513d000 	C:\Program Files (x86)\Android\Android Studio\jre\jre\bin\management.dll
0x00007ffddc6d0000 - 0x00007ffddc6e7000 	C:\WINDOWS\SYSTEM32\CRYPTSP.dll
0x00007ffddc0a0000 - 0x00007ffddc0d3000 	C:\WINDOWS\system32\rsaenh.dll
0x00007ffddc800000 - 0x00007ffddc825000 	C:\WINDOWS\SYSTEM32\bcrypt.dll
0x00007ffddcbd0000 - 0x00007ffddcbf8000 	C:\WINDOWS\SYSTEM32\USERENV.dll
0x00007ffddc6f0000 - 0x00007ffddc6fb000 	C:\WINDOWS\SYSTEM32\CRYPTBASE.dll
0x00007ffddc240000 - 0x00007ffddc278000 	C:\WINDOWS\SYSTEM32\IPHLPAPI.DLL
0x00007ffdde6b0000 - 0x00007ffdde6b8000 	C:\WINDOWS\System32\NSI.dll
0x00007ffdd3790000 - 0x00007ffdd37a6000 	C:\WINDOWS\SYSTEM32\dhcpcsvc6.DLL
0x00007ffdd6cc0000 - 0x00007ffdd6cda000 	C:\WINDOWS\SYSTEM32\dhcpcsvc.DLL

VM Arguments:
jvm_args: -Xmx1536m -Dfile.encoding=windows-1252 -Duser.country=US -Duser.language=en -Duser.variant 
java_command: org.gradle.launcher.daemon.bootstrap.GradleDaemon 4.4
java_class_path (initial): C:\Users\HP\.gradle\wrapper\dists\gradle-4.4-all\9br9xq1tocpiv8o6njlyu5op1\gradle-4.4\lib\gradle-launcher-4.4.jar
Launcher Type: SUN_STANDARD

Environment Variables:
PATH=C:\Program Files (x86)\Common Files\Oracle\Java\javapath;C:\Program Files (x86)\Common Files\ArcSoft\Bin;C:\Program Files (x86)\Intel\iCLS Client\;C:\Program Files\Intel\iCLS Client\;C:\WINDOWS\system32;C:\WINDOWS;C:\WINDOWS\System32\Wbem;C:\WINDOWS\System32\WindowsPowerShell\v1.0\;C:\Program Files (x86)\Intel\Intel(R) Management Engine Components\DAL;C:\Program Files\Intel\Intel(R) Management Engine Components\DAL;C:\Program Files (x86)\Intel\Intel(R) Management Engine Components\IPT;C:\Program Files\Intel\Intel(R) Management Engine Components\IPT;c:\Program Files\Intel\WiFi\bin\;c:\Program Files\Common Files\Intel\WirelessCommon\;C:\Program Files (x86)\GtkSharp\2.12\bin;C:\WINDOWS\System32\OpenSSH\;C:\Users\HP\AppData\Local\Android\Sdk;C:\Program Files (x86)\Java\jdk1.6.0_18\bin;%USERPROFILE%\AppData\Local\Microsoft\WindowsApps;
USERNAME=HP
OS=Windows_NT
PROCESSOR_IDENTIFIER=Intel64 Family 6 Model 61 Stepping 4, GenuineIntel



---------------  S Y S T E M  ---------------

OS: Windows 10.0 , 64 bit Build 17134 (10.0.17134.1)

CPU:total 4 (initial active 4) (2 cores per cpu, 2 threads per core) family 6 model 61 stepping 4, cmov, cx8, fxsr, mmx, sse, sse2, sse3, ssse3, sse4.1, sse4.2, popcnt, avx, avx2, aes, clmul, erms, 3dnowpref, lzcnt, ht, tsc, tscinvbit, bmi1, bmi2, adx

Memory: 4k page, physical 4082796k(278836k free), swap 4082796k(3648k free)

vm_info: OpenJDK 64-Bit Server VM (25.152-b02) for windows-amd64 JRE (1.8.0_152-release-1024-b02), built by "builder" with MS VC++ 10.0 (VS2010)

time: Thu Jan 10 20:04:19 2019
elapsed time: 46 seconds (0d 0h 0m 46s)

