#
# There is insufficient memory for the Java Runtime Environment to continue.
# Native memory allocation (malloc) failed to allocate 2033936 bytes for Chunk::new
# Possible reasons:
#   The system is out of physical RAM or swap space
#   In 32 bit mode, the process size limit was hit
# Possible solutions:
#   Reduce memory load on the system
#   Increase physical memory or swap space
#   Check if swap backing store is full
#   Use 64 bit Java on a 64 bit OS
#   Decrease Java heap size (-Xmx/-Xms)
#   Decrease number of Java threads
#   Decrease Java thread stack sizes (-Xss)
#   Set larger code cache with -XX:ReservedCodeCacheSize=
# This output file may be truncated or incomplete.
#
#  Out of Memory Error (allocation.cpp:390), pid=8700, tid=0x0000000000002b74
#
# JRE version: OpenJDK Runtime Environment (8.0_152-b02) (build 1.8.0_152-release-1024-b02)
# Java VM: OpenJDK 64-Bit Server VM (25.152-b02 mixed mode windows-amd64 compressed oops)
# Failed to write core dump. Minidumps are not enabled by default on client versions of Windows
#

---------------  T H R E A D  ---------------

Current thread (0x00000000163c0000):  JavaThread "C2 CompilerThread1" daemon [_thread_in_native, id=11124, stack(0x0000000017b20000,0x0000000017c20000)]

Stack: [0x0000000017b20000,0x0000000017c20000]
[error occurred during error reporting (printing stack bounds), id 0xc0000005]

Native frames: (J=compiled Java code, j=interpreted, Vv=VM code, C=native code)


Current CompileTask:
C2:6834678 17174  s    4       java.lang.reflect.Field::declaredAnnotations (59 bytes)


---------------  P R O C E S S  ---------------

Java Threads: ( => current thread )
  0x00000000197d9000 JavaThread "build operations Thread 4" [_thread_blocked, id=8704, stack(0x0000000030170000,0x0000000030270000)]
  0x00000000197e0000 JavaThread "build operations Thread 3" [_thread_blocked, id=3064, stack(0x0000000030070000,0x0000000030170000)]
  0x00000000197df000 JavaThread "build operations Thread 2" [_thread_blocked, id=5024, stack(0x000000002ff70000,0x0000000030070000)]
  0x00000000197dd800 JavaThread "build operations" [_thread_blocked, id=5844, stack(0x000000002fe70000,0x000000002ff70000)]
  0x00000000197d6000 JavaThread "Cache worker for Artifact transforms cache (C:\Users\HP\.gradle\caches\transforms-1)" [_thread_blocked, id=9124, stack(0x000000002fd70000,0x000000002fe70000)]
  0x00000000197d4800 JavaThread "Cache worker for file hash cache (H:\AndroidStudioProjects\LogInPage\.gradle\4.4\fileHashes)" [_thread_blocked, id=1144, stack(0x000000002fc70000,0x000000002fd70000)]
  0x00000000197d5800 JavaThread "Stdin handler" [_thread_blocked, id=10988, stack(0x000000002fb70000,0x000000002fc70000)]
  0x00000000197d7800 JavaThread "Asynchronous log dispatcher for DefaultDaemonConnection: socket connection from /127.0.0.1:3876 to /127.0.0.1:4085" [_thread_blocked, id=6472, stack(0x000000002fa70000,0x000000002fb70000)]
  0x00000000197db800 JavaThread "Daemon worker Thread 7" [_thread_in_Java, id=9984, stack(0x000000002f970000,0x000000002fa70000)]
  0x00000000197d3000 JavaThread "Cancel handler" [_thread_blocked, id=1248, stack(0x000000002f870000,0x000000002f970000)]
  0x00000000197da000 JavaThread "Handler for socket connection from /127.0.0.1:3876 to /127.0.0.1:4085" [_thread_in_native, id=10696, stack(0x000000002f770000,0x000000002f870000)]
  0x00000000197d7000 JavaThread "Daemon Thread 7" [_thread_blocked, id=2776, stack(0x000000002f670000,0x000000002f770000)]
  0x000000001c496000 JavaThread "Memory manager" [_thread_blocked, id=10704, stack(0x00000000208e0000,0x00000000209e0000)]
  0x0000000019aee000 JavaThread "File lock request listener" [_thread_in_native, id=1332, stack(0x000000001be40000,0x000000001bf40000)]
  0x0000000019455800 JavaThread "Cache worker for file hash cache (C:\Users\HP\.gradle\caches\4.4\fileHashes)" [_thread_blocked, id=12056, stack(0x000000001bd40000,0x000000001be40000)]
  0x0000000019233800 JavaThread "Daemon periodic checks" [_thread_blocked, id=8468, stack(0x000000001a270000,0x000000001a370000)]
  0x0000000019232800 JavaThread "Incoming local TCP Connector on port 3876" [_thread_in_native, id=6580, stack(0x000000001a030000,0x000000001a130000)]
  0x0000000017d50800 JavaThread "Service Thread" daemon [_thread_blocked, id=5256, stack(0x0000000018120000,0x0000000018220000)]
  0x00000000163c8800 JavaThread "C1 CompilerThread2" daemon [_thread_blocked, id=2508, stack(0x0000000017c20000,0x0000000017d20000)]
=>0x00000000163c0000 JavaThread "C2 CompilerThread1" daemon [_thread_in_native, id=11124, stack(0x0000000017b20000,0x0000000017c20000)]
  0x00000000163b9800 JavaThread "C2 CompilerThread0" daemon [_thread_in_native, id=10056, stack(0x0000000017a20000,0x0000000017b20000)]
  0x00000000163b8000 JavaThread "Attach Listener" daemon [_thread_blocked, id=11516, stack(0x0000000017920000,0x0000000017a20000)]
  0x00000000163c7000 JavaThread "Signal Dispatcher" daemon [_thread_blocked, id=1032, stack(0x0000000017820000,0x0000000017920000)]
  0x000000000299d800 JavaThread "Finalizer" daemon [_thread_blocked, id=2840, stack(0x0000000017630000,0x0000000017730000)]
  0x0000000002991800 JavaThread "Reference Handler" daemon [_thread_blocked, id=10444, stack(0x0000000017530000,0x0000000017630000)]
  0x0000000002a4d800 JavaThread "main" [_thread_blocked, id=11092, stack(0x0000000002750000,0x0000000002850000)]

Other Threads:
  0x0000000016386800 VMThread [stack: 0x0000000017430000,0x0000000017530000] [id=11568]
  0x0000000017d53000 WatcherThread [stack: 0x0000000018220000,0x0000000018320000] [id=1088]

VM state:not at safepoint (normal execution)

VM Mutex/Monitor currently owned by a thread: None

Heap:
 PSYoungGen      total 147968K, used 136487K [0x00000000e0000000, 0x00000000ec980000, 0x0000000100000000)
  eden space 121344K, 91% used [0x00000000e0000000,0x00000000e6bd73e8,0x00000000e7680000)
  from space 26624K, 98% used [0x00000000e7a00000,0x00000000e938d168,0x00000000e9400000)
  to   space 42496K, 0% used [0x00000000ea000000,0x00000000ea000000,0x00000000ec980000)
 ParOldGen       total 200192K, used 103103K [0x00000000a0000000, 0x00000000ac380000, 0x00000000e0000000)
  object space 200192K, 51% used [0x00000000a0000000,0x00000000a64afcb0,0x00000000ac380000)
 Metaspace       used 83253K, capacity 88653K, committed 88920K, reserved 1126400K
  class space    used 10918K, capacity 12128K, committed 12160K, reserved 1048576K

Card table byte_map: [0x0000000011e10000,0x0000000012120000] byte_map_base: 0x0000000011910000

Marking Bits: (ParMarkBitMap*) 0x0000000070304970
 Begin Bits: [0x0000000012720000, 0x0000000013f20000)
 End Bits:   [0x0000000013f20000, 0x0000000015720000)

Polling page: 0x00000000009f0000

CodeCache: size=245760Kb used=47980Kb max_used=48272Kb free=197779Kb
 bounds [0x0000000002a50000, 0x00000000059d0000, 0x0000000011a50000]
 total_blobs=14671 nmethods=13799 adapters=784
 compilation: enabled

Compilation events (10 events):
Event: 6834.481 Thread 0x00000000163c8800 17254       3       com.android.build.gradle.AppExtension_Decorated::getDataBinding (38 bytes)
Event: 6834.482 Thread 0x00000000163b9800 nmethod 17253 0x0000000004bb5f50 code [0x0000000004bb60a0, 0x0000000004bb6258]
Event: 6834.482 Thread 0x00000000163c8800 nmethod 17254 0x0000000004b47510 code [0x0000000004b476e0, 0x0000000004b47dc8]
Event: 6834.482 Thread 0x00000000163c8800 17255       3       com.android.build.gradle.internal.dsl.DataBindingOptions_Decorated::isEnabled (43 bytes)
Event: 6834.483 Thread 0x00000000163c8800 nmethod 17255 0x0000000004bb3e10 code [0x0000000004bb3fe0, 0x0000000004bb4828]
Event: 6834.484 Thread 0x00000000163b9800 17256       4       org.gradle.internal.MutableActionSet::execute (9 bytes)
Event: 6834.485 Thread 0x00000000163b9800 nmethod 17256 0x0000000002d384d0 code [0x0000000002d38600, 0x0000000002d38678]
Event: 6834.488 Thread 0x00000000163b9800 17257       4       org.gradle.api.internal.file.AbstractFileResolver::validate (184 bytes)
Event: 6834.488 Thread 0x00000000163c8800 17258       3       com.android.build.gradle.internal.scope.VariantScopeImpl::getGeneratedResourcesDir (35 bytes)
Event: 6834.492 Thread 0x00000000163c8800 nmethod 17258 0x0000000003a4c3d0 code [0x0000000003a4c6e0, 0x0000000003a4e288]

GC Heap History (10 events):
Event: 3124.317 GC heap before
{Heap before GC invocations=27 (full 4):
 PSYoungGen      total 176640K, used 167127K [0x00000000e0000000, 0x00000000ed500000, 0x0000000100000000)
  eden space 141312K, 100% used [0x00000000e0000000,0x00000000e8a00000,0x00000000e8a00000)
  from space 35328K, 73% used [0x00000000eb280000,0x00000000ecbb5dc0,0x00000000ed500000)
  to   space 38400K, 0% used [0x00000000e8a00000,0x00000000e8a00000,0x00000000eaf80000)
 ParOldGen       total 200192K, used 103063K [0x00000000a0000000, 0x00000000ac380000, 0x00000000e0000000)
  object space 200192K, 51% used [0x00000000a0000000,0x00000000a64a5cb0,0x00000000ac380000)
 Metaspace       used 80720K, capacity 85137K, committed 85464K, reserved 1122304K
  class space    used 10660K, capacity 11669K, committed 11776K, reserved 1048576K
Event: 3124.361 GC heap after
Heap after GC invocations=27 (full 4):
 PSYoungGen      total 161280K, used 24196K [0x00000000e0000000, 0x00000000ed180000, 0x0000000100000000)
  eden space 136704K, 0% used [0x00000000e0000000,0x00000000e0000000,0x00000000e8580000)
  from space 24576K, 98% used [0x00000000e8a00000,0x00000000ea1a1148,0x00000000ea200000)
  to   space 38912K, 0% used [0x00000000eab80000,0x00000000eab80000,0x00000000ed180000)
 ParOldGen       total 200192K, used 103071K [0x00000000a0000000, 0x00000000ac380000, 0x00000000e0000000)
  object space 200192K, 51% used [0x00000000a0000000,0x00000000a64a7cb0,0x00000000ac380000)
 Metaspace       used 80720K, capacity 85137K, committed 85464K, reserved 1122304K
  class space    used 10660K, capacity 11669K, committed 11776K, reserved 1048576K
}
Event: 3364.234 GC heap before
{Heap before GC invocations=28 (full 4):
 PSYoungGen      total 161280K, used 160900K [0x00000000e0000000, 0x00000000ed180000, 0x0000000100000000)
  eden space 136704K, 100% used [0x00000000e0000000,0x00000000e8580000,0x00000000e8580000)
  from space 24576K, 98% used [0x00000000e8a00000,0x00000000ea1a1148,0x00000000ea200000)
  to   space 38912K, 0% used [0x00000000eab80000,0x00000000eab80000,0x00000000ed180000)
 ParOldGen       total 200192K, used 103071K [0x00000000a0000000, 0x00000000ac380000, 0x00000000e0000000)
  object space 200192K, 51% used [0x00000000a0000000,0x00000000a64a7cb0,0x00000000ac380000)
 Metaspace       used 81171K, capacity 85889K, committed 86104K, reserved 1124352K
  class space    used 10713K, capacity 11796K, committed 11904K, reserved 1048576K
Event: 3364.278 GC heap after
Heap after GC invocations=28 (full 4):
 PSYoungGen      total 169472K, used 26048K [0x00000000e0000000, 0x00000000ecf80000, 0x0000000100000000)
  eden space 132608K, 0% used [0x00000000e0000000,0x00000000e0000000,0x00000000e8180000)
  from space 36864K, 70% used [0x00000000eab80000,0x00000000ec4f0138,0x00000000ecf80000)
  to   space 39936K, 0% used [0x00000000e8180000,0x00000000e8180000,0x00000000ea880000)
 ParOldGen       total 200192K, used 103079K [0x00000000a0000000, 0x00000000ac380000, 0x00000000e0000000)
  object space 200192K, 51% used [0x00000000a0000000,0x00000000a64a9cb0,0x00000000ac380000)
 Metaspace       used 81171K, capacity 85889K, committed 86104K, reserved 1124352K
  class space    used 10713K, capacity 11796K, committed 11904K, reserved 1048576K
}
Event: 3381.163 GC heap before
{Heap before GC invocations=29 (full 4):
 PSYoungGen      total 169472K, used 158656K [0x00000000e0000000, 0x00000000ecf80000, 0x0000000100000000)
  eden space 132608K, 100% used [0x00000000e0000000,0x00000000e8180000,0x00000000e8180000)
  from space 36864K, 70% used [0x00000000eab80000,0x00000000ec4f0138,0x00000000ecf80000)
  to   space 39936K, 0% used [0x00000000e8180000,0x00000000e8180000,0x00000000ea880000)
 ParOldGen       total 200192K, used 103079K [0x00000000a0000000, 0x00000000ac380000, 0x00000000e0000000)
  object space 200192K, 51% used [0x00000000a0000000,0x00000000a64a9cb0,0x00000000ac380000)
 Metaspace       used 82179K, capacity 86995K, committed 87256K, reserved 1124352K
  class space    used 10819K, capacity 11913K, committed 12032K, reserved 1048576K
Event: 3381.201 GC heap after
Heap after GC invocations=29 (full 4):
 PSYoungGen      total 157184K, used 28553K [0x00000000e0000000, 0x00000000ecf80000, 0x0000000100000000)
  eden space 128512K, 0% used [0x00000000e0000000,0x00000000e0000000,0x00000000e7d80000)
  from space 28672K, 99% used [0x00000000e8180000,0x00000000e9d62488,0x00000000e9d80000)
  to   space 41984K, 0% used [0x00000000ea680000,0x00000000ea680000,0x00000000ecf80000)
 ParOldGen       total 200192K, used 103087K [0x00000000a0000000, 0x00000000ac380000, 0x00000000e0000000)
  object space 200192K, 51% used [0x00000000a0000000,0x00000000a64abcb0,0x00000000ac380000)
 Metaspace       used 82179K, capacity 86995K, committed 87256K, reserved 1124352K
  class space    used 10819K, capacity 11913K, committed 12032K, reserved 1048576K
}
Event: 3716.294 GC heap before
{Heap before GC invocations=30 (full 4):
 PSYoungGen      total 157184K, used 157065K [0x00000000e0000000, 0x00000000ecf80000, 0x0000000100000000)
  eden space 128512K, 100% used [0x00000000e0000000,0x00000000e7d80000,0x00000000e7d80000)
  from space 28672K, 99% used [0x00000000e8180000,0x00000000e9d62488,0x00000000e9d80000)
  to   space 41984K, 0% used [0x00000000ea680000,0x00000000ea680000,0x00000000ecf80000)
 ParOldGen       total 200192K, used 103087K [0x00000000a0000000, 0x00000000ac380000, 0x00000000e0000000)
  object space 200192K, 51% used [0x00000000a0000000,0x00000000a64abcb0,0x00000000ac380000)
 Metaspace       used 82866K, capacity 88069K, committed 88408K, reserved 1126400K
  class space    used 10896K, capacity 12073K, committed 12160K, reserved 1048576K
Event: 3716.335 GC heap after
Heap after GC invocations=30 (full 4):
 PSYoungGen      total 164352K, used 27233K [0x00000000e0000000, 0x00000000ecd00000, 0x0000000100000000)
  eden space 124928K, 0% used [0x00000000e0000000,0x00000000e0000000,0x00000000e7a00000)
  from space 39424K, 69% used [0x00000000ea680000,0x00000000ec1187d8,0x00000000ecd00000)
  to   space 42496K, 0% used [0x00000000e7a00000,0x00000000e7a00000,0x00000000ea380000)
 ParOldGen       total 200192K, used 103095K [0x00000000a0000000, 0x00000000ac380000, 0x00000000e0000000)
  object space 200192K, 51% used [0x00000000a0000000,0x00000000a64adcb0,0x00000000ac380000)
 Metaspace       used 82866K, capacity 88069K, committed 88408K, reserved 1126400K
  class space    used 10896K, capacity 12073K, committed 12160K, reserved 1048576K
}
Event: 3725.489 GC heap before
{Heap before GC invocations=31 (full 4):
 PSYoungGen      total 164352K, used 152161K [0x00000000e0000000, 0x00000000ecd00000, 0x0000000100000000)
  eden space 124928K, 100% used [0x00000000e0000000,0x00000000e7a00000,0x00000000e7a00000)
  from space 39424K, 69% used [0x00000000ea680000,0x00000000ec1187d8,0x00000000ecd00000)
  to   space 42496K, 0% used [0x00000000e7a00000,0x00000000e7a00000,0x00000000ea380000)
 ParOldGen       total 200192K, used 103095K [0x00000000a0000000, 0x00000000ac380000, 0x00000000e0000000)
  object space 200192K, 51% used [0x00000000a0000000,0x00000000a64adcb0,0x00000000ac380000)
 Metaspace       used 82981K, capacity 88353K, committed 88664K, reserved 1126400K
  class space    used 10898K, capacity 12077K, committed 12160K, reserved 1048576K
Event: 3725.524 GC heap after
Heap after GC invocations=31 (full 4):
 PSYoungGen      total 147968K, used 26164K [0x00000000e0000000, 0x00000000ec980000, 0x0000000100000000)
  eden space 121344K, 0% used [0x00000000e0000000,0x00000000e0000000,0x00000000e7680000)
  from space 26624K, 98% used [0x00000000e7a00000,0x00000000e938d168,0x00000000e9400000)
  to   space 42496K, 0% used [0x00000000ea000000,0x00000000ea000000,0x00000000ec980000)
 ParOldGen       total 200192K, used 103103K [0x00000000a0000000, 0x00000000ac380000, 0x00000000e0000000)
  object space 200192K, 51% used [0x00000000a0000000,0x00000000a64afcb0,0x00000000ac380000)
 Metaspace       used 82981K, capacity 88353K, committed 88664K, reserved 1126400K
  class space    used 10898K, capacity 12077K, committed 12160K, reserved 1048576K
}

Deoptimization events (10 events):
Event: 3728.037 Thread 0x000000001cbe7800 Uncommon trap: reason=class_check action=maybe_recompile pc=0x0000000004acbd58 method=com.android.ide.common.symbols.Symbol$Companion.createSymbol(Lcom/android/resources/ResourceAccessibility;Lcom/android/resources/ResourceType;Ljava/lang/String;Lcom/andr
Event: 3728.037 Thread 0x000000001cbe7800 Uncommon trap: reason=class_check action=maybe_recompile pc=0x0000000004acbd58 method=com.android.ide.common.symbols.Symbol$Companion.createSymbol(Lcom/android/resources/ResourceAccessibility;Lcom/android/resources/ResourceType;Ljava/lang/String;Lcom/andr
Event: 6832.686 Thread 0x00000000197db800 Uncommon trap: reason=array_check action=maybe_recompile pc=0x0000000004961d60 method=com.google.common.collect.ImmutableSet.construct(I[Ljava/lang/Object;)Lcom/google/common/collect/ImmutableSet; @ 122
Event: 6832.687 Thread 0x00000000197db800 Uncommon trap: reason=array_check action=maybe_recompile pc=0x0000000004961d60 method=com.google.common.collect.ImmutableSet.construct(I[Ljava/lang/Object;)Lcom/google/common/collect/ImmutableSet; @ 122
Event: 6832.687 Thread 0x00000000197db800 Uncommon trap: reason=array_check action=maybe_recompile pc=0x0000000004961d60 method=com.google.common.collect.ImmutableSet.construct(I[Ljava/lang/Object;)Lcom/google/common/collect/ImmutableSet; @ 122
Event: 6832.687 Thread 0x00000000197db800 Uncommon trap: reason=array_check action=maybe_recompile pc=0x0000000004961d60 method=com.google.common.collect.ImmutableSet.construct(I[Ljava/lang/Object;)Lcom/google/common/collect/ImmutableSet; @ 122
Event: 6834.032 Thread 0x00000000197db800 Uncommon trap: reason=array_check action=maybe_recompile pc=0x000000000594a844 method=com.google.common.collect.RegularImmutableMap.fromEntryArray(I[Ljava/util/Map$Entry;)Lcom/google/common/collect/RegularImmutableMap; @ 200
Event: 6834.054 Thread 0x00000000197db800 Uncommon trap: reason=array_check action=maybe_recompile pc=0x000000000594a844 method=com.google.common.collect.RegularImmutableMap.fromEntryArray(I[Ljava/util/Map$Entry;)Lcom/google/common/collect/RegularImmutableMap; @ 200
Event: 6834.054 Thread 0x00000000197db800 Uncommon trap: reason=array_check action=maybe_recompile pc=0x000000000594a844 method=com.google.common.collect.RegularImmutableMap.fromEntryArray(I[Ljava/util/Map$Entry;)Lcom/google/common/collect/RegularImmutableMap; @ 200
Event: 6834.055 Thread 0x00000000197db800 Uncommon trap: reason=array_check action=maybe_recompile pc=0x000000000594a844 method=com.google.common.collect.RegularImmutableMap.fromEntryArray(I[Ljava/util/Map$Entry;)Lcom/google/common/collect/RegularImmutableMap; @ 200

Classes redefined (0 events):
No events

Internal exceptions (10 events):
Event: 6834.179 Thread 0x00000000197db800 Exception <a 'sun/nio/fs/WindowsException'> (0x00000000e5892f58) thrown at [D:\src\AOSP-openjdk-cygwin\jdk8u\hotspot\src\share\vm\prims\jni.cpp, line 709]
Event: 6834.179 Thread 0x00000000197db800 Exception <a 'sun/nio/fs/WindowsException'> (0x00000000e5893ac0) thrown at [D:\src\AOSP-openjdk-cygwin\jdk8u\hotspot\src\share\vm\prims\jni.cpp, line 709]
Event: 6834.180 Thread 0x00000000197db800 Exception <a 'sun/nio/fs/WindowsException'> (0x00000000e5896538) thrown at [D:\src\AOSP-openjdk-cygwin\jdk8u\hotspot\src\share\vm\prims\jni.cpp, line 709]
Event: 6834.180 Thread 0x00000000197db800 Exception <a 'sun/nio/fs/WindowsException'> (0x00000000e58970d0) thrown at [D:\src\AOSP-openjdk-cygwin\jdk8u\hotspot\src\share\vm\prims\jni.cpp, line 709]
Event: 6834.180 Thread 0x00000000197db800 Exception <a 'sun/nio/fs/WindowsException'> (0x00000000e5898c98) thrown at [D:\src\AOSP-openjdk-cygwin\jdk8u\hotspot\src\share\vm\prims\jni.cpp, line 709]
Event: 6834.180 Thread 0x00000000197db800 Exception <a 'sun/nio/fs/WindowsException'> (0x00000000e5899870) thrown at [D:\src\AOSP-openjdk-cygwin\jdk8u\hotspot\src\share\vm\prims\jni.cpp, line 709]
Event: 6834.192 Thread 0x00000000197db800 Exception <a 'sun/nio/fs/WindowsException'> (0x00000000e589c7c8) thrown at [D:\src\AOSP-openjdk-cygwin\jdk8u\hotspot\src\share\vm\prims\jni.cpp, line 709]
Event: 6834.192 Thread 0x00000000197db800 Exception <a 'sun/nio/fs/WindowsException'> (0x00000000e589d2e0) thrown at [D:\src\AOSP-openjdk-cygwin\jdk8u\hotspot\src\share\vm\prims\jni.cpp, line 709]
Event: 6834.192 Thread 0x00000000197db800 Exception <a 'sun/nio/fs/WindowsException'> (0x00000000e589ee30) thrown at [D:\src\AOSP-openjdk-cygwin\jdk8u\hotspot\src\share\vm\prims\jni.cpp, line 709]
Event: 6834.193 Thread 0x00000000197db800 Exception <a 'sun/nio/fs/WindowsException'> (0x00000000e589f988) thrown at [D:\src\AOSP-openjdk-cygwin\jdk8u\hotspot\src\share\vm\prims\jni.cpp, line 709]

Events (10 events):
Event: 6834.489 Executing VM operation: RevokeBias
Event: 6834.489 Executing VM operation: RevokeBias done
Event: 6834.489 Executing VM operation: RevokeBias
Event: 6834.489 Executing VM operation: RevokeBias done
Event: 6834.489 Executing VM operation: RevokeBias
Event: 6834.490 Executing VM operation: RevokeBias done
Event: 6834.490 Executing VM operation: RevokeBias
Event: 6834.491 Executing VM operation: RevokeBias done
Event: 6834.491 Executing VM operation: BulkRevokeBias
Event: 6834.491 Executing VM operation: BulkRevokeBias done


Dynamic libraries:
0x00007ff7fef50000 - 0x00007ff7fef81000 	C:\Program Files (x86)\Android\Android Studio\jre\bin\java.exe
0x00007ffde0990000 - 0x00007ffde0b71000 	C:\WINDOWS\SYSTEM32\ntdll.dll
0x00007ffd93cb0000 - 0x00007ffd93cc4000 	C:\Program Files\AVAST Software\Avast\x64\aswhooka.dll
0x00007ffdde5f0000 - 0x00007ffdde6a2000 	C:\WINDOWS\System32\KERNEL32.DLL
0x00007ffdddaa0000 - 0x00007ffdddd13000 	C:\WINDOWS\System32\KERNELBASE.dll
0x00007ffddde50000 - 0x00007ffdddef1000 	C:\WINDOWS\System32\ADVAPI32.dll
0x00007ffdde930000 - 0x00007ffdde9ce000 	C:\WINDOWS\System32\msvcrt.dll
0x00007ffde0900000 - 0x00007ffde095b000 	C:\WINDOWS\System32\sechost.dll
0x00007ffddea40000 - 0x00007ffddeb64000 	C:\WINDOWS\System32\RPCRT4.dll
0x00007ffdde400000 - 0x00007ffdde590000 	C:\WINDOWS\System32\USER32.dll
0x00007ffddd190000 - 0x00007ffddd1b0000 	C:\WINDOWS\System32\win32u.dll
0x00007ffde0600000 - 0x00007ffde0628000 	C:\WINDOWS\System32\GDI32.dll
0x00007ffddcf50000 - 0x00007ffddd0e2000 	C:\WINDOWS\System32\gdi32full.dll
0x00007ffddd0f0000 - 0x00007ffddd18f000 	C:\WINDOWS\System32\msvcp_win.dll
0x00007ffdddd20000 - 0x00007ffddde1a000 	C:\WINDOWS\System32\ucrtbase.dll
0x00007ffdcd690000 - 0x00007ffdcd8f9000 	C:\WINDOWS\WinSxS\amd64_microsoft.windows.common-controls_6595b64144ccf1df_6.0.17134.472_none_fb3f9af53068156d\COMCTL32.dll
0x00007ffde02d0000 - 0x00007ffde05f2000 	C:\WINDOWS\System32\combase.dll
0x00007ffddd9c0000 - 0x00007ffddda3a000 	C:\WINDOWS\System32\bcryptPrimitives.dll
0x00007ffddde20000 - 0x00007ffddde4d000 	C:\WINDOWS\System32\IMM32.DLL
0x0000000070a80000 - 0x0000000070b52000 	C:\Program Files (x86)\Android\Android Studio\jre\jre\bin\msvcr100.dll
0x000000006fb40000 - 0x000000007037f000 	C:\Program Files (x86)\Android\Android Studio\jre\jre\bin\server\jvm.dll
0x00007ffdde350000 - 0x00007ffdde358000 	C:\WINDOWS\System32\PSAPI.DLL
0x00007ffda8db0000 - 0x00007ffda8db9000 	C:\WINDOWS\SYSTEM32\WSOCK32.dll
0x00007ffdde860000 - 0x00007ffdde8cc000 	C:\WINDOWS\System32\WS2_32.dll
0x00007ffdd6f50000 - 0x00007ffdd6f73000 	C:\WINDOWS\SYSTEM32\WINMM.dll
0x00007ffdd1df0000 - 0x00007ffdd1dfa000 	C:\WINDOWS\SYSTEM32\VERSION.dll
0x00007ffdd6f20000 - 0x00007ffdd6f4a000 	C:\WINDOWS\SYSTEM32\WINMMBASE.dll
0x00007ffddd970000 - 0x00007ffddd9b9000 	C:\WINDOWS\System32\cfgmgr32.dll
0x00007ffdd6df0000 - 0x00007ffdd6dff000 	C:\Program Files (x86)\Android\Android Studio\jre\jre\bin\verify.dll
0x00007ffdd0ca0000 - 0x00007ffdd0cc9000 	C:\Program Files (x86)\Android\Android Studio\jre\jre\bin\java.dll
0x00007ffdd1bc0000 - 0x00007ffdd1bd6000 	C:\Program Files (x86)\Android\Android Studio\jre\jre\bin\zip.dll
0x00007ffddeb70000 - 0x00007ffddffb0000 	C:\WINDOWS\System32\SHELL32.dll
0x00007ffddffb0000 - 0x00007ffde0059000 	C:\WINDOWS\System32\shcore.dll
0x00007ffddd1b0000 - 0x00007ffddd8bd000 	C:\WINDOWS\System32\windows.storage.dll
0x00007ffdde8d0000 - 0x00007ffdde921000 	C:\WINDOWS\System32\shlwapi.dll
0x00007ffddcd00000 - 0x00007ffddcd11000 	C:\WINDOWS\System32\kernel.appcore.dll
0x00007ffddcd20000 - 0x00007ffddcd3f000 	C:\WINDOWS\System32\profapi.dll
0x00007ffddccb0000 - 0x00007ffddccfc000 	C:\WINDOWS\System32\powrprof.dll
0x00007ffddcca0000 - 0x00007ffddccaa000 	C:\WINDOWS\System32\FLTLIB.DLL
0x00007ffdd0c80000 - 0x00007ffdd0c9a000 	C:\Program Files (x86)\Android\Android Studio\jre\jre\bin\net.dll
0x00007ffddc4c0000 - 0x00007ffddc526000 	C:\WINDOWS\system32\mswsock.dll
0x00007ffdd04c0000 - 0x00007ffdd04d1000 	C:\Program Files (x86)\Android\Android Studio\jre\jre\bin\nio.dll
0x00007ffdd6f80000 - 0x00007ffdd6f9e000 	C:\Users\HP\.gradle\native\25\windows-amd64\native-platform.dll
0x00007ffdd6de0000 - 0x00007ffdd6ded000 	C:\Program Files (x86)\Android\Android Studio\jre\jre\bin\management.dll
0x00007ffddc6d0000 - 0x00007ffddc6e7000 	C:\WINDOWS\SYSTEM32\CRYPTSP.dll
0x00007ffddc0a0000 - 0x00007ffddc0d3000 	C:\WINDOWS\system32\rsaenh.dll
0x00007ffddc800000 - 0x00007ffddc825000 	C:\WINDOWS\SYSTEM32\bcrypt.dll
0x00007ffddcbd0000 - 0x00007ffddcbf8000 	C:\WINDOWS\SYSTEM32\USERENV.dll
0x00007ffddc6f0000 - 0x00007ffddc6fb000 	C:\WINDOWS\SYSTEM32\CRYPTBASE.dll
0x00007ffddc240000 - 0x00007ffddc278000 	C:\WINDOWS\SYSTEM32\IPHLPAPI.DLL
0x00007ffdde6b0000 - 0x00007ffdde6b8000 	C:\WINDOWS\System32\NSI.dll
0x00007ffdd3790000 - 0x00007ffdd37a6000 	C:\WINDOWS\SYSTEM32\dhcpcsvc6.DLL
0x00007ffdd6cc0000 - 0x00007ffdd6cda000 	C:\WINDOWS\SYSTEM32\dhcpcsvc.DLL
0x00007ffdd1f00000 - 0x00007ffdd1f24000 	C:\Program Files (x86)\Android\Android Studio\jre\jre\bin\sunec.dll
0x00007ffddc290000 - 0x00007ffddc34e000 	C:\WINDOWS\SYSTEM32\DNSAPI.dll
0x00007ffdcdfb0000 - 0x00007ffdcdfba000 	C:\Windows\System32\rasadhlp.dll
0x00007ffdbf440000 - 0x00007ffdbf4b2000 	C:\WINDOWS\System32\fwpuclnt.dll
0x00007ffdd81a0000 - 0x00007ffdd81ab000 	C:\Program Files (x86)\Android\Android Studio\jre\jre\bin\sunmscapi.dll
0x00007ffddcd60000 - 0x00007ffddcf42000 	C:\WINDOWS\System32\CRYPT32.dll
0x00007ffddcd40000 - 0x00007ffddcd52000 	C:\WINDOWS\System32\MSASN1.dll

VM Arguments:
jvm_args: -Xmx1536m -Dfile.encoding=windows-1252 -Duser.country=US -Duser.language=en -Duser.variant 
java_command: org.gradle.launcher.daemon.bootstrap.GradleDaemon 4.4
java_class_path (initial): C:\Users\HP\.gradle\wrapper\dists\gradle-4.4-all\9br9xq1tocpiv8o6njlyu5op1\gradle-4.4\lib\gradle-launcher-4.4.jar
Launcher Type: SUN_STANDARD

Environment Variables:
PATH=C:\Program Files (x86)\Common Files\Oracle\Java\javapath;C:\Program Files (x86)\Common Files\ArcSoft\Bin;C:\Program Files (x86)\Intel\iCLS Client\;C:\Program Files\Intel\iCLS Client\;C:\WINDOWS\system32;C:\WINDOWS;C:\WINDOWS\System32\Wbem;C:\WINDOWS\System32\WindowsPowerShell\v1.0\;C:\Program Files (x86)\Intel\Intel(R) Management Engine Components\DAL;C:\Program Files\Intel\Intel(R) Management Engine Components\DAL;C:\Program Files (x86)\Intel\Intel(R) Management Engine Components\IPT;C:\Program Files\Intel\Intel(R) Management Engine Components\IPT;c:\Program Files\Intel\WiFi\bin\;c:\Program Files\Common Files\Intel\WirelessCommon\;C:\Program Files (x86)\GtkSharp\2.12\bin;C:\WINDOWS\System32\OpenSSH\;C:\Users\HP\AppData\Local\Android\Sdk;C:\Program Files (x86)\Java\jdk1.6.0_18\bin;%USERPROFILE%\AppData\Local\Microsoft\WindowsApps;
USERNAME=HP
OS=Windows_NT
PROCESSOR_IDENTIFIER=Intel64 Family 6 Model 61 Stepping 4, GenuineIntel



---------------  S Y S T E M  ---------------

OS: Windows 10.0 , 64 bit Build 17134 (10.0.17134.1)

CPU:total 4 (initial active 4) (2 cores per cpu, 2 threads per core) family 6 model 61 stepping 4, cmov, cx8, fxsr, mmx, sse, sse2, sse3, ssse3, sse4.1, sse4.2, popcnt, avx, avx2, aes, clmul, erms, 3dnowpref, lzcnt, ht, tsc, tscinvbit, bmi1, bmi2, adx

Memory: 4k page, physical 4082796k(319980k free), swap 4082796k(6688k free)

vm_info: OpenJDK 64-Bit Server VM (25.152-b02) for windows-amd64 JRE (1.8.0_152-release-1024-b02), built by "builder" with MS VC++ 10.0 (VS2010)

time: Thu Jan 10 22:01:15 2019
elapsed time: 6834 seconds (0d 1h 53m 54s)

