#
# There is insufficient memory for the Java Runtime Environment to continue.
# Native memory allocation (malloc) failed to allocate 1844768 bytes for Chunk::new
# Possible reasons:
#   The system is out of physical RAM or swap space
#   In 32 bit mode, the process size limit was hit
# Possible solutions:
#   Reduce memory load on the system
#   Increase physical memory or swap space
#   Check if swap backing store is full
#   Use 64 bit Java on a 64 bit OS
#   Decrease Java heap size (-Xmx/-Xms)
#   Decrease number of Java threads
#   Decrease Java thread stack sizes (-Xss)
#   Set larger code cache with -XX:ReservedCodeCacheSize=
# This output file may be truncated or incomplete.
#
#  Out of Memory Error (allocation.cpp:390), pid=10660, tid=0x00000000000007c8
#
# JRE version: OpenJDK Runtime Environment (8.0_152-b02) (build 1.8.0_152-release-1024-b02)
# Java VM: OpenJDK 64-Bit Server VM (25.152-b02 mixed mode windows-amd64 compressed oops)
# Failed to write core dump. Minidumps are not enabled by default on client versions of Windows
#

---------------  T H R E A D  ---------------

Current thread (0x00000000167e1800):  JavaThread "C2 CompilerThread1" daemon [_thread_in_native, id=1992, stack(0x0000000017f40000,0x0000000018040000)]

Stack: [0x0000000017f40000,0x0000000018040000]
[error occurred during error reporting (printing stack bounds), id 0xc0000005]

Native frames: (J=compiled Java code, j=interpreted, Vv=VM code, C=native code)


Current CompileTask:
C2:   8921 1370   !   4       java.net.URLClassLoader$1::run (63 bytes)


---------------  P R O C E S S  ---------------

Java Threads: ( => current thread )
  0x000000001bb3d800 JavaThread "File lock request listener" [_thread_in_native, id=5156, stack(0x000000001d390000,0x000000001d490000)]
  0x000000001c045000 JavaThread "Cache worker for file hash cache (C:\Users\HP\.gradle\caches\4.4\fileHashes)" [_thread_blocked, id=8704, stack(0x000000001d290000,0x000000001d390000)]
  0x00000000182a1800 JavaThread "Stdin handler" [_thread_blocked, id=2380, stack(0x000000001ae90000,0x000000001af90000)]
  0x00000000182a0800 JavaThread "Asynchronous log dispatcher for DefaultDaemonConnection: socket connection from /127.0.0.1:3134 to /127.0.0.1:3135" [_thread_blocked, id=9044, stack(0x000000001ad90000,0x000000001ae90000)]
  0x0000000018d1a000 JavaThread "Daemon worker" [_thread_in_native, id=6252, stack(0x000000001ac90000,0x000000001ad90000)]
  0x0000000018aae800 JavaThread "Cancel handler" [_thread_blocked, id=5740, stack(0x000000001ab90000,0x000000001ac90000)]
  0x0000000018275000 JavaThread "Handler for socket connection from /127.0.0.1:3134 to /127.0.0.1:3135" [_thread_in_native, id=716, stack(0x000000001a890000,0x000000001a990000)]
  0x0000000018994000 JavaThread "Daemon" [_thread_blocked, id=8916, stack(0x000000001a790000,0x000000001a890000)]
  0x000000001826e000 JavaThread "Daemon periodic checks" [_thread_blocked, id=6452, stack(0x000000001a690000,0x000000001a790000)]
  0x000000001969c800 JavaThread "Incoming local TCP Connector on port 3134" [_thread_in_native, id=7576, stack(0x000000001a450000,0x000000001a550000)]
  0x000000001816b000 JavaThread "Service Thread" daemon [_thread_blocked, id=3028, stack(0x0000000018540000,0x0000000018640000)]
  0x00000000167f5800 JavaThread "C1 CompilerThread2" daemon [_thread_blocked, id=8132, stack(0x0000000018040000,0x0000000018140000)]
=>0x00000000167e1800 JavaThread "C2 CompilerThread1" daemon [_thread_in_native, id=1992, stack(0x0000000017f40000,0x0000000018040000)]
  0x00000000167db000 JavaThread "C2 CompilerThread0" daemon [_thread_in_native, id=7272, stack(0x0000000017e40000,0x0000000017f40000)]
  0x00000000167d9800 JavaThread "Attach Listener" daemon [_thread_blocked, id=10580, stack(0x0000000017d40000,0x0000000017e40000)]
  0x00000000167e8800 JavaThread "Signal Dispatcher" daemon [_thread_blocked, id=10816, stack(0x0000000017c40000,0x0000000017d40000)]
  0x0000000002e6c800 JavaThread "Finalizer" daemon [_thread_blocked, id=10984, stack(0x0000000017a50000,0x0000000017b50000)]
  0x0000000002e61800 JavaThread "Reference Handler" daemon [_thread_blocked, id=4684, stack(0x0000000017950000,0x0000000017a50000)]
  0x0000000002d6e000 JavaThread "main" [_thread_blocked, id=3536, stack(0x0000000002c20000,0x0000000002d20000)]

Other Threads:
  0x00000000167a6800 VMThread [stack: 0x0000000017850000,0x0000000017950000] [id=10344]
  0x000000001817c800 WatcherThread [stack: 0x0000000018640000,0x0000000018740000] [id=9916]

VM state:not at safepoint (normal execution)

VM Mutex/Monitor currently owned by a thread: None

Heap:
 PSYoungGen      total 35328K, used 34515K [0x00000000e0000000, 0x00000000e2500000, 0x0000000100000000)
  eden space 32768K, 97% used [0x00000000e0000000,0x00000000e1f38de8,0x00000000e2000000)
  from space 2560K, 99% used [0x00000000e2280000,0x00000000e24fc010,0x00000000e2500000)
  to   space 2560K, 0% used [0x00000000e2000000,0x00000000e2000000,0x00000000e2280000)
 ParOldGen       total 44032K, used 2950K [0x00000000a0000000, 0x00000000a2b00000, 0x00000000e0000000)
  object space 44032K, 6% used [0x00000000a0000000,0x00000000a02e1ae0,0x00000000a2b00000)
 Metaspace       used 14340K, capacity 14668K, committed 14976K, reserved 1062912K
  class space    used 1999K, capacity 2116K, committed 2176K, reserved 1048576K

Card table byte_map: [0x0000000012230000,0x0000000012540000] byte_map_base: 0x0000000011d30000

Marking Bits: (ParMarkBitMap*) 0x000000006ee34970
 Begin Bits: [0x0000000012b40000, 0x0000000014340000)
 End Bits:   [0x0000000014340000, 0x0000000015b40000)

Polling page: 0x0000000001100000

CodeCache: size=245760Kb used=4756Kb max_used=4756Kb free=241003Kb
 bounds [0x0000000002e70000, 0x0000000003320000, 0x0000000011e70000]
 total_blobs=1712 nmethods=1345 adapters=280
 compilation: enabled

Compilation events (10 events):
Event: 8.223 Thread 0x00000000167f5800 1371       3       java.util.regex.ASCII::isType (15 bytes)
Event: 8.223 Thread 0x00000000167f5800 nmethod 1371 0x000000000330ae10 code [0x000000000330af80, 0x000000000330b1f0]
Event: 8.223 Thread 0x00000000167f5800 1372       3       java.util.regex.ASCII::getType (17 bytes)
Event: 8.223 Thread 0x00000000167f5800 nmethod 1372 0x000000000330aa10 code [0x000000000330ab80, 0x000000000330ad50]
Event: 8.225 Thread 0x00000000167f5800 1373       3       java.lang.ReflectiveOperationException::<init> (7 bytes)
Event: 8.225 Thread 0x00000000167f5800 nmethod 1373 0x000000000330a5d0 code [0x000000000330a740, 0x000000000330a928]
Event: 8.225 Thread 0x00000000167f5800 1374       3       java.lang.Exception::<init> (7 bytes)
Event: 8.225 Thread 0x00000000167f5800 nmethod 1374 0x000000000330a1d0 code [0x000000000330a340, 0x000000000330a4c8]
Event: 8.681 Thread 0x00000000167f5800 1375       1       java.util.HashMap::afterNodeAccess (1 bytes)
Event: 8.681 Thread 0x00000000167f5800 nmethod 1375 0x000000000331b210 code [0x000000000331b360, 0x000000000331b470]

GC Heap History (8 events):
Event: 1.639 GC heap before
{Heap before GC invocations=1 (full 0):
 PSYoungGen      total 18944K, used 16384K [0x00000000e0000000, 0x00000000e1500000, 0x0000000100000000)
  eden space 16384K, 100% used [0x00000000e0000000,0x00000000e1000000,0x00000000e1000000)
  from space 2560K, 0% used [0x00000000e1280000,0x00000000e1280000,0x00000000e1500000)
  to   space 2560K, 0% used [0x00000000e1000000,0x00000000e1000000,0x00000000e1280000)
 ParOldGen       total 44032K, used 0K [0x00000000a0000000, 0x00000000a2b00000, 0x00000000e0000000)
  object space 44032K, 0% used [0x00000000a0000000,0x00000000a0000000,0x00000000a2b00000)
 Metaspace       used 5734K, capacity 5854K, committed 5888K, reserved 1056768K
  class space    used 700K, capacity 747K, committed 768K, reserved 1048576K
Event: 1.649 GC heap after
Heap after GC invocations=1 (full 0):
 PSYoungGen      total 18944K, used 2552K [0x00000000e0000000, 0x00000000e1500000, 0x0000000100000000)
  eden space 16384K, 0% used [0x00000000e0000000,0x00000000e0000000,0x00000000e1000000)
  from space 2560K, 99% used [0x00000000e1000000,0x00000000e127e020,0x00000000e1280000)
  to   space 2560K, 0% used [0x00000000e1280000,0x00000000e1280000,0x00000000e1500000)
 ParOldGen       total 44032K, used 386K [0x00000000a0000000, 0x00000000a2b00000, 0x00000000e0000000)
  object space 44032K, 0% used [0x00000000a0000000,0x00000000a0060bd0,0x00000000a2b00000)
 Metaspace       used 5734K, capacity 5854K, committed 5888K, reserved 1056768K
  class space    used 700K, capacity 747K, committed 768K, reserved 1048576K
}
Event: 2.539 GC heap before
{Heap before GC invocations=2 (full 0):
 PSYoungGen      total 18944K, used 18936K [0x00000000e0000000, 0x00000000e1500000, 0x0000000100000000)
  eden space 16384K, 100% used [0x00000000e0000000,0x00000000e1000000,0x00000000e1000000)
  from space 2560K, 99% used [0x00000000e1000000,0x00000000e127e020,0x00000000e1280000)
  to   space 2560K, 0% used [0x00000000e1280000,0x00000000e1280000,0x00000000e1500000)
 ParOldGen       total 44032K, used 386K [0x00000000a0000000, 0x00000000a2b00000, 0x00000000e0000000)
  object space 44032K, 0% used [0x00000000a0000000,0x00000000a0060bd0,0x00000000a2b00000)
 Metaspace       used 6583K, capacity 6766K, committed 7040K, reserved 1056768K
  class space    used 804K, capacity 875K, committed 896K, reserved 1048576K
Event: 2.602 GC heap after
Heap after GC invocations=2 (full 0):
 PSYoungGen      total 18944K, used 2409K [0x00000000e0000000, 0x00000000e2500000, 0x0000000100000000)
  eden space 16384K, 0% used [0x00000000e0000000,0x00000000e0000000,0x00000000e1000000)
  from space 2560K, 94% used [0x00000000e1280000,0x00000000e14da650,0x00000000e1500000)
  to   space 2560K, 0% used [0x00000000e1000000,0x00000000e1000000,0x00000000e1280000)
 ParOldGen       total 44032K, used 386K [0x00000000a0000000, 0x00000000a2b00000, 0x00000000e0000000)
  object space 44032K, 0% used [0x00000000a0000000,0x00000000a0060bd0,0x00000000a2b00000)
 Metaspace       used 6583K, capacity 6766K, committed 7040K, reserved 1056768K
  class space    used 804K, capacity 875K, committed 896K, reserved 1048576K
}
Event: 3.424 GC heap before
{Heap before GC invocations=3 (full 0):
 PSYoungGen      total 18944K, used 18793K [0x00000000e0000000, 0x00000000e2500000, 0x0000000100000000)
  eden space 16384K, 100% used [0x00000000e0000000,0x00000000e1000000,0x00000000e1000000)
  from space 2560K, 94% used [0x00000000e1280000,0x00000000e14da650,0x00000000e1500000)
  to   space 2560K, 0% used [0x00000000e1000000,0x00000000e1000000,0x00000000e1280000)
 ParOldGen       total 44032K, used 386K [0x00000000a0000000, 0x00000000a2b00000, 0x00000000e0000000)
  object space 44032K, 0% used [0x00000000a0000000,0x00000000a0060bd0,0x00000000a2b00000)
 Metaspace       used 6972K, capacity 7112K, committed 7424K, reserved 1056768K
  class space    used 880K, capacity 948K, committed 1024K, reserved 1048576K
Event: 3.430 GC heap after
Heap after GC invocations=3 (full 0):
 PSYoungGen      total 18944K, used 2544K [0x00000000e0000000, 0x00000000e2500000, 0x0000000100000000)
  eden space 16384K, 0% used [0x00000000e0000000,0x00000000e0000000,0x00000000e1000000)
  from space 2560K, 99% used [0x00000000e1000000,0x00000000e127c010,0x00000000e1280000)
  to   space 2560K, 0% used [0x00000000e2280000,0x00000000e2280000,0x00000000e2500000)
 ParOldGen       total 44032K, used 663K [0x00000000a0000000, 0x00000000a2b00000, 0x00000000e0000000)
  object space 44032K, 1% used [0x00000000a0000000,0x00000000a00a5c70,0x00000000a2b00000)
 Metaspace       used 6972K, capacity 7112K, committed 7424K, reserved 1056768K
  class space    used 880K, capacity 948K, committed 1024K, reserved 1048576K
}
Event: 6.546 GC heap before
{Heap before GC invocations=4 (full 0):
 PSYoungGen      total 18944K, used 18928K [0x00000000e0000000, 0x00000000e2500000, 0x0000000100000000)
  eden space 16384K, 100% used [0x00000000e0000000,0x00000000e1000000,0x00000000e1000000)
  from space 2560K, 99% used [0x00000000e1000000,0x00000000e127c010,0x00000000e1280000)
  to   space 2560K, 0% used [0x00000000e2280000,0x00000000e2280000,0x00000000e2500000)
 ParOldGen       total 44032K, used 663K [0x00000000a0000000, 0x00000000a2b00000, 0x00000000e0000000)
  object space 44032K, 1% used [0x00000000a0000000,0x00000000a00a5c70,0x00000000a2b00000)
 Metaspace       used 11487K, capacity 11780K, committed 11904K, reserved 1058816K
  class space    used 1516K, capacity 1628K, committed 1664K, reserved 1048576K
Event: 6.556 GC heap after
Heap after GC invocations=4 (full 0):
 PSYoungGen      total 35328K, used 2544K [0x00000000e0000000, 0x00000000e2500000, 0x0000000100000000)
  eden space 32768K, 0% used [0x00000000e0000000,0x00000000e0000000,0x00000000e2000000)
  from space 2560K, 99% used [0x00000000e2280000,0x00000000e24fc010,0x00000000e2500000)
  to   space 2560K, 0% used [0x00000000e2000000,0x00000000e2000000,0x00000000e2280000)
 ParOldGen       total 44032K, used 2950K [0x00000000a0000000, 0x00000000a2b00000, 0x00000000e0000000)
  object space 44032K, 6% used [0x00000000a0000000,0x00000000a02e1ae0,0x00000000a2b00000)
 Metaspace       used 11487K, capacity 11780K, committed 11904K, reserved 1058816K
  class space    used 1516K, capacity 1628K, committed 1664K, reserved 1048576K
}

Deoptimization events (10 events):
Event: 3.984 Thread 0x0000000002d6e000 Uncommon trap: reason=bimorphic action=maybe_recompile pc=0x00000000031a2b1c method=java.util.HashMap.putVal(ILjava/lang/Object;Ljava/lang/Object;ZZ)Ljava/lang/Object; @ 203
Event: 4.499 Thread 0x0000000002d6e000 Uncommon trap: reason=unstable_if action=reinterpret pc=0x0000000003118818 method=java.io.WinNTFileSystem.normalize(Ljava/lang/String;)Ljava/lang/String; @ 128
Event: 4.499 Thread 0x0000000002d6e000 Uncommon trap: reason=unstable_if action=reinterpret pc=0x0000000003187688 method=java.io.WinNTFileSystem.normalize(Ljava/lang/String;II)Ljava/lang/String; @ 90
Event: 6.561 Thread 0x0000000018275000 Uncommon trap: reason=unstable_if action=reinterpret pc=0x00000000032191e0 method=java.util.concurrent.ConcurrentHashMap.putVal(Ljava/lang/Object;Ljava/lang/Object;Z)Ljava/lang/Object; @ 206
Event: 6.721 Thread 0x0000000018d1a000 Uncommon trap: reason=bimorphic action=maybe_recompile pc=0x00000000031a2008 method=java.util.HashMap.putVal(ILjava/lang/Object;Ljava/lang/Object;ZZ)Ljava/lang/Object; @ 253
Event: 6.722 Thread 0x0000000018d1a000 Uncommon trap: reason=bimorphic action=maybe_recompile pc=0x00000000031a2008 method=java.util.HashMap.putVal(ILjava/lang/Object;Ljava/lang/Object;ZZ)Ljava/lang/Object; @ 253
Event: 6.722 Thread 0x0000000018d1a000 Uncommon trap: reason=bimorphic action=maybe_recompile pc=0x00000000031999d4 method=java.util.HashMap.putVal(ILjava/lang/Object;Ljava/lang/Object;ZZ)Ljava/lang/Object; @ 253
Event: 6.778 Thread 0x0000000018d1a000 Uncommon trap: reason=class_check action=maybe_recompile pc=0x000000000310e698 method=java.util.regex.Matcher.match(II)Z @ 86
Event: 8.222 Thread 0x0000000018d1a000 Uncommon trap: reason=class_check action=maybe_recompile pc=0x000000000310e698 method=java.util.regex.Matcher.match(II)Z @ 86
Event: 8.224 Thread 0x0000000018d1a000 Uncommon trap: reason=class_check action=maybe_recompile pc=0x00000000030d77dc method=java.util.regex.Matcher.match(II)Z @ 86

Classes redefined (0 events):
No events

Internal exceptions (10 events):
Event: 6.590 Thread 0x0000000018275000 Exception <a 'java/lang/NoSuchMethodError': <clinit>> (0x00000000e006b100) thrown at [D:\src\AOSP-openjdk-cygwin\jdk8u\hotspot\src\share\vm\prims\jni.cpp, line 1613]
Event: 6.591 Thread 0x0000000018275000 Exception <a 'java/lang/NoSuchMethodError': <clinit>> (0x00000000e0074758) thrown at [D:\src\AOSP-openjdk-cygwin\jdk8u\hotspot\src\share\vm\prims\jni.cpp, line 1613]
Event: 6.593 Thread 0x0000000018275000 Exception <a 'java/lang/NoSuchMethodError': <clinit>> (0x00000000e007ed98) thrown at [D:\src\AOSP-openjdk-cygwin\jdk8u\hotspot\src\share\vm\prims\jni.cpp, line 1613]
Event: 6.607 Thread 0x0000000018275000 Exception <a 'java/lang/NoSuchMethodError': <clinit>> (0x00000000e00d6438) thrown at [D:\src\AOSP-openjdk-cygwin\jdk8u\hotspot\src\share\vm\prims\jni.cpp, line 1613]
Event: 6.637 Thread 0x0000000018275000 Exception <a 'java/lang/NoSuchMethodError': <clinit>> (0x00000000e0104da8) thrown at [D:\src\AOSP-openjdk-cygwin\jdk8u\hotspot\src\share\vm\prims\jni.cpp, line 1613]
Event: 6.655 Thread 0x0000000018275000 Exception <a 'java/lang/NoSuchMethodError': <clinit>> (0x00000000e013ab30) thrown at [D:\src\AOSP-openjdk-cygwin\jdk8u\hotspot\src\share\vm\prims\jni.cpp, line 1613]
Event: 6.659 Thread 0x0000000018275000 Exception <a 'java/lang/NoSuchMethodError': <clinit>> (0x00000000e0148678) thrown at [D:\src\AOSP-openjdk-cygwin\jdk8u\hotspot\src\share\vm\prims\jni.cpp, line 1613]
Event: 6.668 Thread 0x0000000018275000 Exception <a 'java/lang/NoSuchMethodError': <clinit>> (0x00000000e016aa30) thrown at [D:\src\AOSP-openjdk-cygwin\jdk8u\hotspot\src\share\vm\prims\jni.cpp, line 1613]
Event: 6.696 Thread 0x0000000018d1a000 Exception <a 'java/lang/NoSuchMethodError': <clinit>> (0x00000000e02ba458) thrown at [D:\src\AOSP-openjdk-cygwin\jdk8u\hotspot\src\share\vm\prims\jni.cpp, line 1613]
Event: 6.699 Thread 0x0000000018d1a000 Exception <a 'java/lang/NoSuchMethodError': <clinit>> (0x00000000e02c26e0) thrown at [D:\src\AOSP-openjdk-cygwin\jdk8u\hotspot\src\share\vm\prims\jni.cpp, line 1613]

Events (10 events):
Event: 8.807 loading class java/util/concurrent/locks/ReadWriteLock
Event: 8.807 loading class java/util/concurrent/locks/ReadWriteLock done
Event: 8.808 loading class com/google/common/util/concurrent/Striped$1
Event: 8.808 loading class com/google/common/util/concurrent/Striped$1 done
Event: 8.809 loading class com/google/common/math/IntMath
Event: 8.809 loading class com/google/common/math/IntMath done
Event: 8.864 loading class com/google/common/math/MathPreconditions
Event: 8.864 loading class com/google/common/math/MathPreconditions done
Event: 8.866 loading class com/google/common/math/IntMath$1
Event: 8.866 loading class com/google/common/math/IntMath$1 done


Dynamic libraries:
0x00007ff618b80000 - 0x00007ff618bb1000 	C:\Program Files (x86)\Android\Android Studio\jre\bin\java.exe
0x00007ffc1d6f0000 - 0x00007ffc1d8d1000 	C:\WINDOWS\SYSTEM32\ntdll.dll
0x00007ffc01c50000 - 0x00007ffc01c64000 	C:\Program Files\AVAST Software\Avast\x64\aswhooka.dll
0x00007ffc1ab80000 - 0x00007ffc1ac32000 	C:\WINDOWS\System32\KERNEL32.DLL
0x00007ffc1a280000 - 0x00007ffc1a4f3000 	C:\WINDOWS\System32\KERNELBASE.dll
0x00007ffc1d290000 - 0x00007ffc1d331000 	C:\WINDOWS\System32\ADVAPI32.dll
0x00007ffc1cd70000 - 0x00007ffc1ce0e000 	C:\WINDOWS\System32\msvcrt.dll
0x00007ffc1d660000 - 0x00007ffc1d6bb000 	C:\WINDOWS\System32\sechost.dll
0x00007ffc1d350000 - 0x00007ffc1d474000 	C:\WINDOWS\System32\RPCRT4.dll
0x00007ffc1ac40000 - 0x00007ffc1add0000 	C:\WINDOWS\System32\USER32.dll
0x00007ffc1a840000 - 0x00007ffc1a860000 	C:\WINDOWS\System32\win32u.dll
0x00007ffc1d260000 - 0x00007ffc1d288000 	C:\WINDOWS\System32\GDI32.dll
0x00007ffc1a600000 - 0x00007ffc1a792000 	C:\WINDOWS\System32\gdi32full.dll
0x00007ffc1a7a0000 - 0x00007ffc1a83f000 	C:\WINDOWS\System32\msvcp_win.dll
0x00007ffc1a500000 - 0x00007ffc1a5fa000 	C:\WINDOWS\System32\ucrtbase.dll
0x00007ffc01930000 - 0x00007ffc01b99000 	C:\WINDOWS\WinSxS\amd64_microsoft.windows.common-controls_6595b64144ccf1df_6.0.17134.523_none_fb409dd930672a56\COMCTL32.dll
0x00007ffc1b180000 - 0x00007ffc1b4a2000 	C:\WINDOWS\System32\combase.dll
0x00007ffc1ab00000 - 0x00007ffc1ab7a000 	C:\WINDOWS\System32\bcryptPrimitives.dll
0x00007ffc1b0a0000 - 0x00007ffc1b0cd000 	C:\WINDOWS\System32\IMM32.DLL
0x000000006e4b0000 - 0x000000006e582000 	C:\Program Files (x86)\Android\Android Studio\jre\jre\bin\msvcr100.dll
0x000000006e670000 - 0x000000006eeaf000 	C:\Program Files (x86)\Android\Android Studio\jre\jre\bin\server\jvm.dll
0x00007ffc1b670000 - 0x00007ffc1b678000 	C:\WINDOWS\System32\PSAPI.DLL
0x00007ffc02050000 - 0x00007ffc02059000 	C:\WINDOWS\SYSTEM32\WSOCK32.dll
0x00007ffc1d500000 - 0x00007ffc1d56c000 	C:\WINDOWS\System32\WS2_32.dll
0x00007ffc157c0000 - 0x00007ffc157e3000 	C:\WINDOWS\SYSTEM32\WINMM.dll
0x00007ffc0ed50000 - 0x00007ffc0ed5a000 	C:\WINDOWS\SYSTEM32\VERSION.dll
0x00007ffc15790000 - 0x00007ffc157ba000 	C:\WINDOWS\SYSTEM32\WINMMBASE.dll
0x00007ffc1aab0000 - 0x00007ffc1aaf9000 	C:\WINDOWS\System32\cfgmgr32.dll
0x00007ffc133c0000 - 0x00007ffc133cf000 	C:\Program Files (x86)\Android\Android Studio\jre\jre\bin\verify.dll
0x00007ffc02600000 - 0x00007ffc02629000 	C:\Program Files (x86)\Android\Android Studio\jre\jre\bin\java.dll
0x00007ffc0d820000 - 0x00007ffc0d836000 	C:\Program Files (x86)\Android\Android Studio\jre\jre\bin\zip.dll
0x00007ffc1b930000 - 0x00007ffc1cd70000 	C:\WINDOWS\System32\SHELL32.dll
0x00007ffc1b0d0000 - 0x00007ffc1b179000 	C:\WINDOWS\System32\shcore.dll
0x00007ffc19ac0000 - 0x00007ffc1a1cd000 	C:\WINDOWS\System32\windows.storage.dll
0x00007ffc1d480000 - 0x00007ffc1d4d1000 	C:\WINDOWS\System32\shlwapi.dll
0x00007ffc19aa0000 - 0x00007ffc19ab1000 	C:\WINDOWS\System32\kernel.appcore.dll
0x00007ffc19a80000 - 0x00007ffc19a9f000 	C:\WINDOWS\System32\profapi.dll
0x00007ffc19a30000 - 0x00007ffc19a7c000 	C:\WINDOWS\System32\powrprof.dll
0x00007ffc19a00000 - 0x00007ffc19a0a000 	C:\WINDOWS\System32\FLTLIB.DLL
0x00007ffc070c0000 - 0x00007ffc070da000 	C:\Program Files (x86)\Android\Android Studio\jre\jre\bin\net.dll
0x00007ffc19220000 - 0x00007ffc19286000 	C:\WINDOWS\system32\mswsock.dll
0x00007ffc025b0000 - 0x00007ffc025c1000 	C:\Program Files (x86)\Android\Android Studio\jre\jre\bin\nio.dll
0x00007ffc0af90000 - 0x00007ffc0afae000 	C:\Users\HP\.gradle\native\25\windows-amd64\native-platform.dll
0x00007ffc11420000 - 0x00007ffc1142d000 	C:\Program Files (x86)\Android\Android Studio\jre\jre\bin\management.dll
0x00007ffc19430000 - 0x00007ffc19447000 	C:\WINDOWS\SYSTEM32\CRYPTSP.dll
0x00007ffc18e00000 - 0x00007ffc18e33000 	C:\WINDOWS\system32\rsaenh.dll
0x00007ffc19560000 - 0x00007ffc19585000 	C:\WINDOWS\SYSTEM32\bcrypt.dll
0x00007ffc19900000 - 0x00007ffc19928000 	C:\WINDOWS\SYSTEM32\USERENV.dll
0x00007ffc19550000 - 0x00007ffc1955b000 	C:\WINDOWS\SYSTEM32\CRYPTBASE.dll
0x00007ffc18fa0000 - 0x00007ffc18fd8000 	C:\WINDOWS\SYSTEM32\IPHLPAPI.DLL
0x00007ffc1d340000 - 0x00007ffc1d348000 	C:\WINDOWS\System32\NSI.dll
0x00007ffc0fa60000 - 0x00007ffc0fa76000 	C:\WINDOWS\SYSTEM32\dhcpcsvc6.DLL
0x00007ffc0ff60000 - 0x00007ffc0ff7a000 	C:\WINDOWS\SYSTEM32\dhcpcsvc.DLL

VM Arguments:
jvm_args: -Xmx1536m -Dfile.encoding=windows-1252 -Duser.country=US -Duser.language=en -Duser.variant 
java_command: org.gradle.launcher.daemon.bootstrap.GradleDaemon 4.4
java_class_path (initial): C:\Users\HP\.gradle\wrapper\dists\gradle-4.4-all\9br9xq1tocpiv8o6njlyu5op1\gradle-4.4\lib\gradle-launcher-4.4.jar
Launcher Type: SUN_STANDARD

Environment Variables:
PATH=C:\Program Files (x86)\Common Files\Oracle\Java\javapath;C:\Program Files (x86)\Common Files\ArcSoft\Bin;C:\Program Files (x86)\Intel\iCLS Client\;C:\Program Files\Intel\iCLS Client\;C:\WINDOWS\system32;C:\WINDOWS;C:\WINDOWS\System32\Wbem;C:\WINDOWS\System32\WindowsPowerShell\v1.0\;C:\Program Files (x86)\Intel\Intel(R) Management Engine Components\DAL;C:\Program Files\Intel\Intel(R) Management Engine Components\DAL;C:\Program Files (x86)\Intel\Intel(R) Management Engine Components\IPT;C:\Program Files\Intel\Intel(R) Management Engine Components\IPT;c:\Program Files\Intel\WiFi\bin\;c:\Program Files\Common Files\Intel\WirelessCommon\;C:\Program Files (x86)\GtkSharp\2.12\bin;C:\WINDOWS\System32\OpenSSH\;C:\Users\HP\AppData\Local\Android\Sdk;C:\Program Files (x86)\Java\jdk1.6.0_18\bin;%USERPROFILE%\AppData\Local\Microsoft\WindowsApps;
USERNAME=HP
OS=Windows_NT
PROCESSOR_IDENTIFIER=Intel64 Family 6 Model 61 Stepping 4, GenuineIntel



---------------  S Y S T E M  ---------------

OS: Windows 10.0 , 64 bit Build 17134 (10.0.17134.1)

CPU:total 4 (initial active 4) (2 cores per cpu, 2 threads per core) family 6 model 61 stepping 4, cmov, cx8, fxsr, mmx, sse, sse2, sse3, ssse3, sse4.1, sse4.2, popcnt, avx, avx2, aes, clmul, erms, 3dnowpref, lzcnt, ht, tsc, tscinvbit, bmi1, bmi2, adx

Memory: 4k page, physical 4082796k(331556k free), swap 4082796k(4916k free)

vm_info: OpenJDK 64-Bit Server VM (25.152-b02) for windows-amd64 JRE (1.8.0_152-release-1024-b02), built by "builder" with MS VC++ 10.0 (VS2010)

time: Sun Jan 13 20:16:09 2019
elapsed time: 8 seconds (0d 0h 0m 8s)

