#
# There is insufficient memory for the Java Runtime Environment to continue.
# Native memory allocation (malloc) failed to allocate 1258256 bytes for Chunk::new
# Possible reasons:
#   The system is out of physical RAM or swap space
#   In 32 bit mode, the process size limit was hit
# Possible solutions:
#   Reduce memory load on the system
#   Increase physical memory or swap space
#   Check if swap backing store is full
#   Use 64 bit Java on a 64 bit OS
#   Decrease Java heap size (-Xmx/-Xms)
#   Decrease number of Java threads
#   Decrease Java thread stack sizes (-Xss)
#   Set larger code cache with -XX:ReservedCodeCacheSize=
# This output file may be truncated or incomplete.
#
#  Out of Memory Error (allocation.cpp:390), pid=1228, tid=0x000000000000247c
#
# JRE version: OpenJDK Runtime Environment (8.0_152-b02) (build 1.8.0_152-release-1024-b02)
# Java VM: OpenJDK 64-Bit Server VM (25.152-b02 mixed mode windows-amd64 compressed oops)
# Failed to write core dump. Minidumps are not enabled by default on client versions of Windows
#

---------------  T H R E A D  ---------------

Current thread (0x0000000016a6b000):  JavaThread "C2 CompilerThread0" daemon [_thread_in_native, id=9340, stack(0x00000000180d0000,0x00000000181d0000)]

Stack: [0x00000000180d0000,0x00000000181d0000]
[error occurred during error reporting (printing stack bounds), id 0xc0000005]

Native frames: (J=compiled Java code, j=interpreted, Vv=VM code, C=native code)


Current CompileTask:
C2:  10837 1350       4       java.net.URLClassLoader$1::run (5 bytes)


---------------  P R O C E S S  ---------------

Java Threads: ( => current thread )
  0x000000001bd6c800 JavaThread "File lock request listener" [_thread_in_native, id=9608, stack(0x000000001d5f0000,0x000000001d6f0000)]
  0x0000000018b81800 JavaThread "Cache worker for file hash cache (C:\Users\HP\.gradle\caches\4.4\fileHashes)" [_thread_blocked, id=11108, stack(0x000000001d3c0000,0x000000001d4c0000)]
  0x0000000018d3b800 JavaThread "Stdin handler" [_thread_blocked, id=11672, stack(0x000000001b120000,0x000000001b220000)]
  0x0000000018d3a800 JavaThread "Asynchronous log dispatcher for DefaultDaemonConnection: socket connection from /127.0.0.1:2402 to /127.0.0.1:2403" [_thread_blocked, id=9096, stack(0x000000001b020000,0x000000001b120000)]
  0x0000000018c89000 JavaThread "Daemon worker" [_thread_in_native, id=11936, stack(0x000000001af20000,0x000000001b020000)]
  0x0000000018c88000 JavaThread "Cancel handler" [_thread_blocked, id=848, stack(0x000000001ae20000,0x000000001af20000)]
  0x0000000018cb2800 JavaThread "Handler for socket connection from /127.0.0.1:2402 to /127.0.0.1:2403" [_thread_in_native, id=868, stack(0x000000001ab20000,0x000000001ac20000)]
  0x0000000018caf000 JavaThread "Daemon" [_thread_blocked, id=3800, stack(0x000000001aa20000,0x000000001ab20000)]
  0x0000000018c29800 JavaThread "Daemon periodic checks" [_thread_blocked, id=8252, stack(0x000000001a920000,0x000000001aa20000)]
  0x00000000196f7000 JavaThread "Incoming local TCP Connector on port 2402" [_thread_in_native, id=9804, stack(0x000000001a6e0000,0x000000001a7e0000)]
  0x00000000183f8800 JavaThread "Service Thread" daemon [_thread_blocked, id=8316, stack(0x00000000187d0000,0x00000000188d0000)]
  0x0000000016a7f000 JavaThread "C1 CompilerThread2" daemon [_thread_blocked, id=11552, stack(0x00000000182d0000,0x00000000183d0000)]
  0x0000000016a71800 JavaThread "C2 CompilerThread1" daemon [_thread_in_native, id=9220, stack(0x00000000181d0000,0x00000000182d0000)]
=>0x0000000016a6b000 JavaThread "C2 CompilerThread0" daemon [_thread_in_native, id=9340, stack(0x00000000180d0000,0x00000000181d0000)]
  0x0000000016a69800 JavaThread "Attach Listener" daemon [_thread_blocked, id=3316, stack(0x0000000017fd0000,0x00000000180d0000)]
  0x0000000016a78800 JavaThread "Signal Dispatcher" daemon [_thread_blocked, id=7112, stack(0x0000000017ed0000,0x0000000017fd0000)]
  0x00000000030fc800 JavaThread "Finalizer" daemon [_thread_blocked, id=4480, stack(0x0000000017ce0000,0x0000000017de0000)]
  0x00000000030f1800 JavaThread "Reference Handler" daemon [_thread_blocked, id=7056, stack(0x0000000017be0000,0x0000000017ce0000)]
  0x0000000002ffe000 JavaThread "main" [_thread_blocked, id=11688, stack(0x0000000002ea0000,0x0000000002fa0000)]

Other Threads:
  0x0000000016a37000 VMThread [stack: 0x0000000017ae0000,0x0000000017be0000] [id=3188]
  0x0000000016acc000 WatcherThread [stack: 0x00000000188d0000,0x00000000189d0000] [id=7024]

VM state:not at safepoint (normal execution)

VM Mutex/Monitor currently owned by a thread: None

Heap:
 PSYoungGen      total 18944K, used 16305K [0x00000000e0000000, 0x00000000e2100000, 0x0000000100000000)
  eden space 16384K, 83% used [0x00000000e0000000,0x00000000e0d704a0,0x00000000e1000000)
  from space 2560K, 99% used [0x00000000e1000000,0x00000000e127c010,0x00000000e1280000)
  to   space 5632K, 0% used [0x00000000e1b80000,0x00000000e1b80000,0x00000000e2100000)
 ParOldGen       total 44032K, used 4818K [0x00000000a0000000, 0x00000000a2b00000, 0x00000000e0000000)
  object space 44032K, 10% used [0x00000000a0000000,0x00000000a04b4828,0x00000000a2b00000)
 Metaspace       used 14289K, capacity 14582K, committed 14720K, reserved 1062912K
  class space    used 1993K, capacity 2123K, committed 2176K, reserved 1048576K

Card table byte_map: [0x00000000124c0000,0x00000000127d0000] byte_map_base: 0x0000000011fc0000

Marking Bits: (ParMarkBitMap*) 0x0000000067674970
 Begin Bits: [0x0000000012dd0000, 0x00000000145d0000)
 End Bits:   [0x00000000145d0000, 0x0000000015dd0000)

Polling page: 0x0000000001300000

CodeCache: size=245760Kb used=4638Kb max_used=4638Kb free=241121Kb
 bounds [0x0000000003100000, 0x0000000003590000, 0x0000000012100000]
 total_blobs=1691 nmethods=1323 adapters=281
 compilation: enabled

Compilation events (10 events):
Event: 10.464 Thread 0x0000000016a7f000 1349       3       java.lang.Class::isAnnotation (17 bytes)
Event: 10.464 Thread 0x0000000016a7f000 nmethod 1349 0x0000000003588a50 code [0x0000000003588bc0, 0x0000000003588e28]
Event: 10.481 Thread 0x0000000016a6b000 1350       4       java.net.URLClassLoader$1::run (5 bytes)
Event: 10.481 Thread 0x0000000016a71800 1351   !   4       java.net.URLClassLoader$1::run (63 bytes)
Event: 10.743 Thread 0x0000000016a7f000 1352       3       java.lang.Class::privateGetDeclaredFields (67 bytes)
Event: 10.744 Thread 0x0000000016a7f000 nmethod 1352 0x0000000003588ed0 code [0x00000000035890c0, 0x00000000035899e8]
Event: 10.744 Thread 0x0000000016a7f000 1353       3       java.lang.reflect.Field::<init> (44 bytes)
Event: 10.744 Thread 0x0000000016a7f000 nmethod 1353 0x0000000003589d90 code [0x0000000003589f00, 0x000000000358a190]
Event: 10.794 Thread 0x0000000016a7f000 1354       1       java.util.HashMap::afterNodeAccess (1 bytes)
Event: 10.794 Thread 0x0000000016a7f000 nmethod 1354 0x000000000358a290 code [0x000000000358a3e0, 0x000000000358a4f0]

GC Heap History (10 events):
Event: 1.636 GC heap before
{Heap before GC invocations=1 (full 0):
 PSYoungGen      total 18944K, used 16384K [0x00000000e0000000, 0x00000000e1500000, 0x0000000100000000)
  eden space 16384K, 100% used [0x00000000e0000000,0x00000000e1000000,0x00000000e1000000)
  from space 2560K, 0% used [0x00000000e1280000,0x00000000e1280000,0x00000000e1500000)
  to   space 2560K, 0% used [0x00000000e1000000,0x00000000e1000000,0x00000000e1280000)
 ParOldGen       total 44032K, used 0K [0x00000000a0000000, 0x00000000a2b00000, 0x00000000e0000000)
  object space 44032K, 0% used [0x00000000a0000000,0x00000000a0000000,0x00000000a2b00000)
 Metaspace       used 5748K, capacity 5862K, committed 5888K, reserved 1056768K
  class space    used 700K, capacity 747K, committed 768K, reserved 1048576K
Event: 1.653 GC heap after
Heap after GC invocations=1 (full 0):
 PSYoungGen      total 18944K, used 2554K [0x00000000e0000000, 0x00000000e2500000, 0x0000000100000000)
  eden space 16384K, 0% used [0x00000000e0000000,0x00000000e0000000,0x00000000e1000000)
  from space 2560K, 99% used [0x00000000e1000000,0x00000000e127ea78,0x00000000e1280000)
  to   space 2560K, 0% used [0x00000000e2280000,0x00000000e2280000,0x00000000e2500000)
 ParOldGen       total 44032K, used 385K [0x00000000a0000000, 0x00000000a2b00000, 0x00000000e0000000)
  object space 44032K, 0% used [0x00000000a0000000,0x00000000a0060648,0x00000000a2b00000)
 Metaspace       used 5748K, capacity 5862K, committed 5888K, reserved 1056768K
  class space    used 700K, capacity 747K, committed 768K, reserved 1048576K
}
Event: 2.657 GC heap before
{Heap before GC invocations=2 (full 0):
 PSYoungGen      total 18944K, used 18938K [0x00000000e0000000, 0x00000000e2500000, 0x0000000100000000)
  eden space 16384K, 100% used [0x00000000e0000000,0x00000000e1000000,0x00000000e1000000)
  from space 2560K, 99% used [0x00000000e1000000,0x00000000e127ea78,0x00000000e1280000)
  to   space 2560K, 0% used [0x00000000e2280000,0x00000000e2280000,0x00000000e2500000)
 ParOldGen       total 44032K, used 385K [0x00000000a0000000, 0x00000000a2b00000, 0x00000000e0000000)
  object space 44032K, 0% used [0x00000000a0000000,0x00000000a0060648,0x00000000a2b00000)
 Metaspace       used 6585K, capacity 6766K, committed 7040K, reserved 1056768K
  class space    used 803K, capacity 875K, committed 896K, reserved 1048576K
Event: 2.662 GC heap after
Heap after GC invocations=2 (full 0):
 PSYoungGen      total 18944K, used 2393K [0x00000000e0000000, 0x00000000e2500000, 0x0000000100000000)
  eden space 16384K, 0% used [0x00000000e0000000,0x00000000e0000000,0x00000000e1000000)
  from space 2560K, 93% used [0x00000000e2280000,0x00000000e24d6640,0x00000000e2500000)
  to   space 2560K, 0% used [0x00000000e1000000,0x00000000e1000000,0x00000000e1280000)
 ParOldGen       total 44032K, used 393K [0x00000000a0000000, 0x00000000a2b00000, 0x00000000e0000000)
  object space 44032K, 0% used [0x00000000a0000000,0x00000000a0062648,0x00000000a2b00000)
 Metaspace       used 6585K, capacity 6766K, committed 7040K, reserved 1056768K
  class space    used 803K, capacity 875K, committed 896K, reserved 1048576K
}
Event: 3.005 GC heap before
{Heap before GC invocations=3 (full 0):
 PSYoungGen      total 18944K, used 18777K [0x00000000e0000000, 0x00000000e2500000, 0x0000000100000000)
  eden space 16384K, 100% used [0x00000000e0000000,0x00000000e1000000,0x00000000e1000000)
  from space 2560K, 93% used [0x00000000e2280000,0x00000000e24d6640,0x00000000e2500000)
  to   space 2560K, 0% used [0x00000000e1000000,0x00000000e1000000,0x00000000e1280000)
 ParOldGen       total 44032K, used 393K [0x00000000a0000000, 0x00000000a2b00000, 0x00000000e0000000)
  object space 44032K, 0% used [0x00000000a0000000,0x00000000a0062648,0x00000000a2b00000)
 Metaspace       used 6955K, capacity 7112K, committed 7424K, reserved 1056768K
  class space    used 880K, capacity 948K, committed 1024K, reserved 1048576K
Event: 3.011 GC heap after
Heap after GC invocations=3 (full 0):
 PSYoungGen      total 18944K, used 2544K [0x00000000e0000000, 0x00000000e2300000, 0x0000000100000000)
  eden space 16384K, 0% used [0x00000000e0000000,0x00000000e0000000,0x00000000e1000000)
  from space 2560K, 99% used [0x00000000e1000000,0x00000000e127c010,0x00000000e1280000)
  to   space 2560K, 0% used [0x00000000e2080000,0x00000000e2080000,0x00000000e2300000)
 ParOldGen       total 44032K, used 682K [0x00000000a0000000, 0x00000000a2b00000, 0x00000000e0000000)
  object space 44032K, 1% used [0x00000000a0000000,0x00000000a00aa8c8,0x00000000a2b00000)
 Metaspace       used 6955K, capacity 7112K, committed 7424K, reserved 1056768K
  class space    used 880K, capacity 948K, committed 1024K, reserved 1048576K
}
Event: 7.962 GC heap before
{Heap before GC invocations=4 (full 0):
 PSYoungGen      total 18944K, used 18928K [0x00000000e0000000, 0x00000000e2300000, 0x0000000100000000)
  eden space 16384K, 100% used [0x00000000e0000000,0x00000000e1000000,0x00000000e1000000)
  from space 2560K, 99% used [0x00000000e1000000,0x00000000e127c010,0x00000000e1280000)
  to   space 2560K, 0% used [0x00000000e2080000,0x00000000e2080000,0x00000000e2300000)
 ParOldGen       total 44032K, used 682K [0x00000000a0000000, 0x00000000a2b00000, 0x00000000e0000000)
  object space 44032K, 1% used [0x00000000a0000000,0x00000000a00aa8c8,0x00000000a2b00000)
 Metaspace       used 11695K, capacity 12022K, committed 12160K, reserved 1060864K
  class space    used 1546K, capacity 1647K, committed 1664K, reserved 1048576K
Event: 7.993 GC heap after
Heap after GC invocations=4 (full 0):
 PSYoungGen      total 18944K, used 2544K [0x00000000e0000000, 0x00000000e2300000, 0x0000000100000000)
  eden space 16384K, 0% used [0x00000000e0000000,0x00000000e0000000,0x00000000e1000000)
  from space 2560K, 99% used [0x00000000e2080000,0x00000000e22fc010,0x00000000e2300000)
  to   space 2560K, 0% used [0x00000000e1000000,0x00000000e1000000,0x00000000e1280000)
 ParOldGen       total 44032K, used 3079K [0x00000000a0000000, 0x00000000a2b00000, 0x00000000e0000000)
  object space 44032K, 6% used [0x00000000a0000000,0x00000000a0301e48,0x00000000a2b00000)
 Metaspace       used 11695K, capacity 12022K, committed 12160K, reserved 1060864K
  class space    used 1546K, capacity 1647K, committed 1664K, reserved 1048576K
}
Event: 9.834 GC heap before
{Heap before GC invocations=5 (full 0):
 PSYoungGen      total 18944K, used 18928K [0x00000000e0000000, 0x00000000e2300000, 0x0000000100000000)
  eden space 16384K, 100% used [0x00000000e0000000,0x00000000e1000000,0x00000000e1000000)
  from space 2560K, 99% used [0x00000000e2080000,0x00000000e22fc010,0x00000000e2300000)
  to   space 2560K, 0% used [0x00000000e1000000,0x00000000e1000000,0x00000000e1280000)
 ParOldGen       total 44032K, used 3079K [0x00000000a0000000, 0x00000000a2b00000, 0x00000000e0000000)
  object space 44032K, 6% used [0x00000000a0000000,0x00000000a0301e48,0x00000000a2b00000)
 Metaspace       used 13055K, capacity 13426K, committed 13568K, reserved 1060864K
  class space    used 1783K, capacity 1929K, committed 2048K, reserved 1048576K
Event: 9.857 GC heap after
Heap after GC invocations=5 (full 0):
 PSYoungGen      total 18944K, used 2544K [0x00000000e0000000, 0x00000000e2100000, 0x0000000100000000)
  eden space 16384K, 0% used [0x00000000e0000000,0x00000000e0000000,0x00000000e1000000)
  from space 2560K, 99% used [0x00000000e1000000,0x00000000e127c010,0x00000000e1280000)
  to   space 5632K, 0% used [0x00000000e1b80000,0x00000000e1b80000,0x00000000e2100000)
 ParOldGen       total 44032K, used 4818K [0x00000000a0000000, 0x00000000a2b00000, 0x00000000e0000000)
  object space 44032K, 10% used [0x00000000a0000000,0x00000000a04b4828,0x00000000a2b00000)
 Metaspace       used 13055K, capacity 13426K, committed 13568K, reserved 1060864K
  class space    used 1783K, capacity 1929K, committed 2048K, reserved 1048576K
}

Deoptimization events (10 events):
Event: 3.397 Thread 0x0000000002ffe000 Uncommon trap: reason=bimorphic action=maybe_recompile pc=0x0000000003427ad8 method=java.util.HashMap.putVal(ILjava/lang/Object;Ljava/lang/Object;ZZ)Ljava/lang/Object; @ 203
Event: 3.963 Thread 0x0000000002ffe000 Uncommon trap: reason=unstable_if action=reinterpret pc=0x00000000033acd40 method=java.io.WinNTFileSystem.normalize(Ljava/lang/String;)Ljava/lang/String; @ 128
Event: 3.963 Thread 0x0000000002ffe000 Uncommon trap: reason=unstable_if action=reinterpret pc=0x0000000003416a28 method=java.io.WinNTFileSystem.normalize(Ljava/lang/String;II)Ljava/lang/String; @ 90
Event: 7.763 Thread 0x0000000018cb2800 Uncommon trap: reason=unstable_if action=reinterpret pc=0x0000000003492fa0 method=java.util.concurrent.ConcurrentHashMap.putVal(Ljava/lang/Object;Ljava/lang/Object;Z)Ljava/lang/Object; @ 206
Event: 8.286 Thread 0x0000000018c89000 Uncommon trap: reason=bimorphic action=maybe_recompile pc=0x0000000003427568 method=java.util.HashMap.putVal(ILjava/lang/Object;Ljava/lang/Object;ZZ)Ljava/lang/Object; @ 253
Event: 8.286 Thread 0x0000000018c89000 Uncommon trap: reason=bimorphic action=maybe_recompile pc=0x0000000003427568 method=java.util.HashMap.putVal(ILjava/lang/Object;Ljava/lang/Object;ZZ)Ljava/lang/Object; @ 253
Event: 8.287 Thread 0x0000000018c89000 Uncommon trap: reason=bimorphic action=maybe_recompile pc=0x0000000003431114 method=java.util.HashMap.putVal(ILjava/lang/Object;Ljava/lang/Object;ZZ)Ljava/lang/Object; @ 253
Event: 8.365 Thread 0x0000000018c89000 Uncommon trap: reason=class_check action=maybe_recompile pc=0x00000000033a7e98 method=java.util.regex.Matcher.match(II)Z @ 86
Event: 10.485 Thread 0x0000000018c89000 Uncommon trap: reason=class_check action=maybe_recompile pc=0x00000000033a7e98 method=java.util.regex.Matcher.match(II)Z @ 86
Event: 10.485 Thread 0x0000000018c89000 Uncommon trap: reason=class_check action=maybe_recompile pc=0x000000000337301c method=java.util.regex.Matcher.match(II)Z @ 86

Classes redefined (0 events):
No events

Internal exceptions (10 events):
Event: 7.926 Thread 0x0000000018cb2800 Exception <a 'java/lang/NoSuchMethodError': <clinit>> (0x00000000e0fd0490) thrown at [D:\src\AOSP-openjdk-cygwin\jdk8u\hotspot\src\share\vm\prims\jni.cpp, line 1613]
Event: 7.953 Thread 0x0000000018cb2800 Exception <a 'java/lang/NoSuchMethodError': <clinit>> (0x00000000e0fe7f50) thrown at [D:\src\AOSP-openjdk-cygwin\jdk8u\hotspot\src\share\vm\prims\jni.cpp, line 1613]
Event: 7.955 Thread 0x0000000018cb2800 Exception <a 'java/lang/NoSuchMethodError': <clinit>> (0x00000000e0ff0a38) thrown at [D:\src\AOSP-openjdk-cygwin\jdk8u\hotspot\src\share\vm\prims\jni.cpp, line 1613]
Event: 7.995 Thread 0x0000000018cb2800 Exception <a 'java/lang/NoSuchMethodError': <clinit>> (0x00000000e00020b0) thrown at [D:\src\AOSP-openjdk-cygwin\jdk8u\hotspot\src\share\vm\prims\jni.cpp, line 1613]
Event: 8.089 Thread 0x0000000018cb2800 Exception <a 'java/lang/NoSuchMethodError': <clinit>> (0x00000000e007b410) thrown at [D:\src\AOSP-openjdk-cygwin\jdk8u\hotspot\src\share\vm\prims\jni.cpp, line 1613]
Event: 8.098 Thread 0x0000000018cb2800 Exception <a 'java/lang/NoSuchMethodError': <clinit>> (0x00000000e009ed98) thrown at [D:\src\AOSP-openjdk-cygwin\jdk8u\hotspot\src\share\vm\prims\jni.cpp, line 1613]
Event: 8.121 Thread 0x0000000018cb2800 Exception <a 'java/lang/NoSuchMethodError': <clinit>> (0x00000000e00b9cd0) thrown at [D:\src\AOSP-openjdk-cygwin\jdk8u\hotspot\src\share\vm\prims\jni.cpp, line 1613]
Event: 8.127 Thread 0x0000000018cb2800 Exception <a 'java/lang/NoSuchMethodError': <clinit>> (0x00000000e00dc840) thrown at [D:\src\AOSP-openjdk-cygwin\jdk8u\hotspot\src\share\vm\prims\jni.cpp, line 1613]
Event: 8.187 Thread 0x0000000018c89000 Exception <a 'java/lang/NoSuchMethodError': <clinit>> (0x00000000e01bba20) thrown at [D:\src\AOSP-openjdk-cygwin\jdk8u\hotspot\src\share\vm\prims\jni.cpp, line 1613]
Event: 8.190 Thread 0x0000000018c89000 Exception <a 'java/lang/NoSuchMethodError': <clinit>> (0x00000000e01c3ca8) thrown at [D:\src\AOSP-openjdk-cygwin\jdk8u\hotspot\src\share\vm\prims\jni.cpp, line 1613]

Events (10 events):
Event: 10.785 loading class org/gradle/cache/internal/locklistener/DefaultFileLockContentionHandler$1 done
Event: 10.787 Thread 0x000000001bd6c800 Thread added: 0x000000001bd6c800
Event: 10.787 loading class org/gradle/cache/internal/locklistener/DefaultFileLockContentionHandler$ContendedAction
Event: 10.787 loading class org/gradle/cache/internal/locklistener/DefaultFileLockContentionHandler$ContendedAction done
Event: 10.792 loading class org/gradle/cache/internal/DefaultCacheAccess$IndexedCacheEntry
Event: 10.792 loading class org/gradle/cache/internal/DefaultCacheAccess$IndexedCacheEntry done
Event: 10.793 loading class org/gradle/cache/internal/DefaultCacheAccess$InvalidCacheReuseException
Event: 10.793 loading class org/gradle/cache/internal/DefaultCacheAccess$InvalidCacheReuseException done
Event: 10.794 loading class org/gradle/api/internal/changedetection/state/DefaultFileSystemMirror
Event: 10.794 loading class org/gradle/api/internal/changedetection/state/DefaultFileSystemMirror done


Dynamic libraries:
0x00007ff6d7840000 - 0x00007ff6d7871000 	C:\Program Files (x86)\Android\Android Studio\jre\bin\java.exe
0x00007fff893f0000 - 0x00007fff895d1000 	C:\WINDOWS\SYSTEM32\ntdll.dll
0x00007fff62e30000 - 0x00007fff62e44000 	C:\Program Files\AVAST Software\Avast\x64\aswhooka.dll
0x00007fff872c0000 - 0x00007fff87372000 	C:\WINDOWS\System32\KERNEL32.DLL
0x00007fff85870000 - 0x00007fff85ae3000 	C:\WINDOWS\System32\KERNELBASE.dll
0x00007fff86950000 - 0x00007fff869f1000 	C:\WINDOWS\System32\ADVAPI32.dll
0x00007fff86a00000 - 0x00007fff86a9e000 	C:\WINDOWS\System32\msvcrt.dll
0x00007fff86c70000 - 0x00007fff86ccb000 	C:\WINDOWS\System32\sechost.dll
0x00007fff89290000 - 0x00007fff893b4000 	C:\WINDOWS\System32\RPCRT4.dll
0x00007fff88820000 - 0x00007fff889b0000 	C:\WINDOWS\System32\USER32.dll
0x00007fff86860000 - 0x00007fff86880000 	C:\WINDOWS\System32\win32u.dll
0x00007fff891c0000 - 0x00007fff891e8000 	C:\WINDOWS\System32\GDI32.dll
0x00007fff85eb0000 - 0x00007fff86042000 	C:\WINDOWS\System32\gdi32full.dll
0x00007fff867c0000 - 0x00007fff8685f000 	C:\WINDOWS\System32\msvcp_win.dll
0x00007fff85db0000 - 0x00007fff85eaa000 	C:\WINDOWS\System32\ucrtbase.dll
0x00007fff717a0000 - 0x00007fff71a09000 	C:\WINDOWS\WinSxS\amd64_microsoft.windows.common-controls_6595b64144ccf1df_6.0.17134.407_none_fb449d63306391e9\COMCTL32.dll
0x00007fff88b40000 - 0x00007fff88e62000 	C:\WINDOWS\System32\combase.dll
0x00007fff85d30000 - 0x00007fff85daa000 	C:\WINDOWS\System32\bcryptPrimitives.dll
0x00007fff88b10000 - 0x00007fff88b3d000 	C:\WINDOWS\System32\IMM32.DLL
0x0000000066cf0000 - 0x0000000066dc2000 	C:\Program Files (x86)\Android\Android Studio\jre\jre\bin\msvcr100.dll
0x0000000066eb0000 - 0x00000000676ef000 	C:\Program Files (x86)\Android\Android Studio\jre\jre\bin\server\jvm.dll
0x00007fff86c60000 - 0x00007fff86c68000 	C:\WINDOWS\System32\PSAPI.DLL
0x00007fff735a0000 - 0x00007fff735a9000 	C:\WINDOWS\SYSTEM32\WSOCK32.dll
0x00007fff87250000 - 0x00007fff872bc000 	C:\WINDOWS\System32\WS2_32.dll
0x00007fff81fd0000 - 0x00007fff81ff3000 	C:\WINDOWS\SYSTEM32\WINMM.dll
0x00007fff78ea0000 - 0x00007fff78eaa000 	C:\WINDOWS\SYSTEM32\VERSION.dll
0x00007fff81fa0000 - 0x00007fff81fca000 	C:\WINDOWS\SYSTEM32\WINMMBASE.dll
0x00007fff85af0000 - 0x00007fff85b39000 	C:\WINDOWS\System32\cfgmgr32.dll
0x00007fff7dda0000 - 0x00007fff7ddaf000 	C:\Program Files (x86)\Android\Android Studio\jre\jre\bin\verify.dll
0x00007fff7dd50000 - 0x00007fff7dd79000 	C:\Program Files (x86)\Android\Android Studio\jre\jre\bin\java.dll
0x00007fff7b870000 - 0x00007fff7b886000 	C:\Program Files (x86)\Android\Android Studio\jre\jre\bin\zip.dll
0x00007fff87380000 - 0x00007fff887bf000 	C:\WINDOWS\System32\SHELL32.dll
0x00007fff86cd0000 - 0x00007fff86d79000 	C:\WINDOWS\System32\shcore.dll
0x00007fff86050000 - 0x00007fff8675d000 	C:\WINDOWS\System32\windows.storage.dll
0x00007fff890e0000 - 0x00007fff89131000 	C:\WINDOWS\System32\shlwapi.dll
0x00007fff857a0000 - 0x00007fff857b1000 	C:\WINDOWS\System32\kernel.appcore.dll
0x00007fff85760000 - 0x00007fff8577f000 	C:\WINDOWS\System32\profapi.dll
0x00007fff85700000 - 0x00007fff8574c000 	C:\WINDOWS\System32\powrprof.dll
0x00007fff85750000 - 0x00007fff8575a000 	C:\WINDOWS\System32\FLTLIB.DLL
0x00007fff7b850000 - 0x00007fff7b86a000 	C:\Program Files (x86)\Android\Android Studio\jre\jre\bin\net.dll
0x00007fff84f20000 - 0x00007fff84f86000 	C:\WINDOWS\system32\mswsock.dll
0x00007fff7b830000 - 0x00007fff7b841000 	C:\Program Files (x86)\Android\Android Studio\jre\jre\bin\nio.dll
0x00007fff76f10000 - 0x00007fff76f2e000 	C:\Users\HP\.gradle\native\25\windows-amd64\native-platform.dll
0x00007fff7b820000 - 0x00007fff7b82d000 	C:\Program Files (x86)\Android\Android Studio\jre\jre\bin\management.dll
0x00007fff850d0000 - 0x00007fff850e7000 	C:\WINDOWS\SYSTEM32\CRYPTSP.dll
0x00007fff84b00000 - 0x00007fff84b33000 	C:\WINDOWS\system32\rsaenh.dll
0x00007fff85200000 - 0x00007fff85225000 	C:\WINDOWS\SYSTEM32\bcrypt.dll
0x00007fff85630000 - 0x00007fff85658000 	C:\WINDOWS\SYSTEM32\USERENV.dll
0x00007fff850f0000 - 0x00007fff850fb000 	C:\WINDOWS\SYSTEM32\CRYPTBASE.dll
0x00007fff84ca0000 - 0x00007fff84cd8000 	C:\WINDOWS\SYSTEM32\IPHLPAPI.DLL
0x00007fff891a0000 - 0x00007fff891a8000 	C:\WINDOWS\System32\NSI.dll
0x00007fff7d3f0000 - 0x00007fff7d406000 	C:\WINDOWS\SYSTEM32\dhcpcsvc6.DLL
0x00007fff7ce50000 - 0x00007fff7ce6a000 	C:\WINDOWS\SYSTEM32\dhcpcsvc.DLL

VM Arguments:
jvm_args: -Xmx1536m -Dfile.encoding=windows-1252 -Duser.country=US -Duser.language=en -Duser.variant 
java_command: org.gradle.launcher.daemon.bootstrap.GradleDaemon 4.4
java_class_path (initial): C:\Users\HP\.gradle\wrapper\dists\gradle-4.4-all\9br9xq1tocpiv8o6njlyu5op1\gradle-4.4\lib\gradle-launcher-4.4.jar
Launcher Type: SUN_STANDARD

Environment Variables:
PATH=C:\Program Files (x86)\Common Files\Oracle\Java\javapath;C:\Program Files (x86)\Common Files\ArcSoft\Bin;C:\Program Files (x86)\Intel\iCLS Client\;C:\Program Files\Intel\iCLS Client\;C:\WINDOWS\system32;C:\WINDOWS;C:\WINDOWS\System32\Wbem;C:\WINDOWS\System32\WindowsPowerShell\v1.0\;C:\Program Files (x86)\Intel\Intel(R) Management Engine Components\DAL;C:\Program Files\Intel\Intel(R) Management Engine Components\DAL;C:\Program Files (x86)\Intel\Intel(R) Management Engine Components\IPT;C:\Program Files\Intel\Intel(R) Management Engine Components\IPT;c:\Program Files\Intel\WiFi\bin\;c:\Program Files\Common Files\Intel\WirelessCommon\;C:\Program Files (x86)\GtkSharp\2.12\bin;C:\WINDOWS\System32\OpenSSH\;C:\Users\HP\AppData\Local\Android\Sdk;C:\Program Files (x86)\Java\jdk1.6.0_18\bin;%USERPROFILE%\AppData\Local\Microsoft\WindowsApps;
USERNAME=HP
OS=Windows_NT
PROCESSOR_IDENTIFIER=Intel64 Family 6 Model 61 Stepping 4, GenuineIntel



---------------  S Y S T E M  ---------------

OS: Windows 10.0 , 64 bit Build 17134 (10.0.17134.1)

CPU:total 4 (initial active 4) (2 cores per cpu, 2 threads per core) family 6 model 61 stepping 4, cmov, cx8, fxsr, mmx, sse, sse2, sse3, ssse3, sse4.1, sse4.2, popcnt, avx, avx2, aes, clmul, erms, 3dnowpref, lzcnt, ht, tsc, tscinvbit, bmi1, bmi2, adx

Memory: 4k page, physical 4082796k(322268k free), swap 4082796k(4716k free)

vm_info: OpenJDK 64-Bit Server VM (25.152-b02) for windows-amd64 JRE (1.8.0_152-release-1024-b02), built by "builder" with MS VC++ 10.0 (VS2010)

time: Tue Dec 25 14:21:37 2018
elapsed time: 10 seconds (0d 0h 0m 10s)

