#
# There is insufficient memory for the Java Runtime Environment to continue.
# Native memory allocation (malloc) failed to allocate 641616 bytes for Chunk::new
# Possible reasons:
#   The system is out of physical RAM or swap space
#   In 32 bit mode, the process size limit was hit
# Possible solutions:
#   Reduce memory load on the system
#   Increase physical memory or swap space
#   Check if swap backing store is full
#   Use 64 bit Java on a 64 bit OS
#   Decrease Java heap size (-Xmx/-Xms)
#   Decrease number of Java threads
#   Decrease Java thread stack sizes (-Xss)
#   Set larger code cache with -XX:ReservedCodeCacheSize=
# This output file may be truncated or incomplete.
#
#  Out of Memory Error (allocation.cpp:390), pid=4668, tid=0x0000000000001610
#
# JRE version: OpenJDK Runtime Environment (8.0_152-b01) (build 1.8.0_152-release-1248-b01)
# Java VM: OpenJDK 64-Bit Server VM (25.152-b01 mixed mode windows-amd64 compressed oops)
# Failed to write core dump. Minidumps are not enabled by default on client versions of Windows
#

---------------  T H R E A D  ---------------

Current thread (0x000000001605f000):  JavaThread "C2 CompilerThread1" daemon [_thread_in_native, id=5648, stack(0x00000000177b0000,0x00000000178b0000)]

Stack: [0x00000000177b0000,0x00000000178b0000]
[error occurred during error reporting (printing stack bounds), id 0xc0000005]

Native frames: (J=compiled Java code, j=interpreted, Vv=VM code, C=native code)


Current CompileTask:
C2:5367150 15051       4       org.gradle.internal.service.DefaultServiceRegistry$OwnServices$ProviderAnalyser::analyseType (78 bytes)


---------------  P R O C E S S  ---------------

Java Threads: ( => current thread )
  0x000000001cb17800 JavaThread "Cache worker for file hash cache (H:\AndroidStudioProjects\LogInPage\.gradle\4.10.1\fileHashes)" [_thread_blocked, id=9808, stack(0x000000002a820000,0x000000002a920000)]
  0x000000001cb0f800 JavaThread "Stdin handler" [_thread_blocked, id=4648, stack(0x000000002a720000,0x000000002a820000)]
  0x000000001cb14800 JavaThread "Asynchronous log dispatcher for DefaultDaemonConnection: socket connection from /127.0.0.1:2153 to /127.0.0.1:2456" [_thread_blocked, id=10920, stack(0x000000002a620000,0x000000002a720000)]
  0x000000001cb0d000 JavaThread "Daemon worker Thread 3" [_thread_in_Java, id=4996, stack(0x000000002a520000,0x000000002a620000)]
  0x000000001cb0e800 JavaThread "Cancel handler" [_thread_blocked, id=2872, stack(0x000000002a420000,0x000000002a520000)]
  0x000000001cb10000 JavaThread "Handler for socket connection from /127.0.0.1:2153 to /127.0.0.1:2456" [_thread_in_native, id=8404, stack(0x000000002a320000,0x000000002a420000)]
  0x000000001cb12800 JavaThread "Daemon Thread 3" [_thread_blocked, id=7744, stack(0x000000002a220000,0x000000002a320000)]
  0x000000001cb16000 JavaThread "Cache worker for Java compile cache (C:\Users\HP\.gradle\caches\4.10.1\javaCompile)" [_thread_blocked, id=9108, stack(0x0000000029720000,0x0000000029820000)]
  0x000000001ace9800 JavaThread "pool-1-thread-1" [_thread_blocked, id=1780, stack(0x0000000026fb0000,0x00000000270b0000)]
  0x000000001d065800 JavaThread "Cache worker for file content cache (C:\Users\HP\.gradle\caches\4.10.1\fileContent)" [_thread_blocked, id=9224, stack(0x0000000022ed0000,0x0000000022fd0000)]
  0x000000001d064000 JavaThread "Memory manager" [_thread_blocked, id=7840, stack(0x0000000022dd0000,0x0000000022ed0000)]
  0x000000001af51800 JavaThread "Cache worker for Artifact transforms cache (C:\Users\HP\.gradle\caches\transforms-1)" [_thread_blocked, id=8304, stack(0x000000001ee10000,0x000000001ef10000)]
  0x000000001af54800 JavaThread "Cache worker for journal cache (C:\Users\HP\.gradle\caches\journal-1)" [_thread_blocked, id=9028, stack(0x000000001e120000,0x000000001e220000)]
  0x000000001a8d5800 JavaThread "File lock request listener" [_thread_in_native, id=3372, stack(0x000000001bad0000,0x000000001bbd0000)]
  0x000000001a8d5000 JavaThread "Cache worker for file hash cache (C:\Users\HP\.gradle\caches\4.10.1\fileHashes)" [_thread_blocked, id=8396, stack(0x000000001b9d0000,0x000000001bad0000)]
  0x0000000018f60000 JavaThread "Daemon periodic checks" [_thread_blocked, id=4156, stack(0x0000000019f00000,0x000000001a000000)]
  0x0000000018e80800 JavaThread "Incoming local TCP Connector on port 2153" [_thread_in_native, id=3100, stack(0x0000000019cc0000,0x0000000019dc0000)]
  0x00000000179d0800 JavaThread "Service Thread" daemon [_thread_blocked, id=5884, stack(0x0000000017db0000,0x0000000017eb0000)]
  0x0000000016069800 JavaThread "C1 CompilerThread2" daemon [_thread_blocked, id=3796, stack(0x00000000178b0000,0x00000000179b0000)]
=>0x000000001605f000 JavaThread "C2 CompilerThread1" daemon [_thread_in_native, id=5648, stack(0x00000000177b0000,0x00000000178b0000)]
  0x000000001605a000 JavaThread "C2 CompilerThread0" daemon [_thread_in_native, id=6016, stack(0x00000000176b0000,0x00000000177b0000)]
  0x0000000016068000 JavaThread "Attach Listener" daemon [_thread_blocked, id=3076, stack(0x00000000175b0000,0x00000000176b0000)]
  0x0000000016067000 JavaThread "Signal Dispatcher" daemon [_thread_blocked, id=2104, stack(0x00000000174b0000,0x00000000175b0000)]
  0x00000000026ed000 JavaThread "Finalizer" daemon [_thread_blocked, id=6656, stack(0x00000000172c0000,0x00000000173c0000)]
  0x00000000026e2000 JavaThread "Reference Handler" daemon [_thread_blocked, id=3972, stack(0x00000000171c0000,0x00000000172c0000)]
  0x00000000025ee000 JavaThread "main" [_thread_blocked, id=2612, stack(0x00000000024c0000,0x00000000025c0000)]

Other Threads:
  0x0000000016027000 VMThread [stack: 0x00000000170c0000,0x00000000171c0000] [id=6088]
  0x00000000179e1000 WatcherThread [stack: 0x0000000017eb0000,0x0000000017fb0000] [id=5188]

VM state:not at safepoint (normal execution)

VM Mutex/Monitor currently owned by a thread: None

Heap:
 PSYoungGen      total 134144K, used 59170K [0x00000000e0000000, 0x00000000edb80000, 0x0000000100000000)
  eden space 90624K, 65% used [0x00000000e0000000,0x00000000e39c8be8,0x00000000e5880000)
  from space 43520K, 0% used [0x00000000e5880000,0x00000000e5880000,0x00000000e8300000)
  to   space 60928K, 0% used [0x00000000ea000000,0x00000000ea000000,0x00000000edb80000)
 ParOldGen       total 145920K, used 71204K [0x00000000a0000000, 0x00000000a8e80000, 0x00000000e0000000)
  object space 145920K, 48% used [0x00000000a0000000,0x00000000a45892f0,0x00000000a8e80000)
 Metaspace       used 83344K, capacity 86244K, committed 86960K, reserved 1124352K
  class space    used 10884K, capacity 11505K, committed 11696K, reserved 1048576K

Card table byte_map: [0x0000000011ab0000,0x0000000011dc0000] byte_map_base: 0x00000000115b0000

Marking Bits: (ParMarkBitMap*) 0x0000000063705aa0
 Begin Bits: [0x00000000123c0000, 0x0000000013bc0000)
 End Bits:   [0x0000000013bc0000, 0x00000000153c0000)

Polling page: 0x0000000000a40000

CodeCache: size=245760Kb used=37623Kb max_used=38295Kb free=208136Kb
 bounds [0x00000000026f0000, 0x0000000004cc0000, 0x00000000116f0000]
 total_blobs=12882 nmethods=12018 adapters=776
 compilation: enabled

Compilation events (10 events):
Event: 5366.788 Thread 0x000000001605f000 15051       4       org.gradle.internal.service.DefaultServiceRegistry$OwnServices$ProviderAnalyser::analyseType (78 bytes)
Event: 5366.788 Thread 0x0000000016069800 nmethod 15050 0x00000000031e2310 code [0x00000000031e2480, 0x00000000031e27c8]
Event: 5366.978 Thread 0x000000001605a000 nmethod 15045 0x00000000038c6490 code [0x00000000038c6780, 0x00000000038c9750]
Event: 5366.980 Thread 0x0000000016069800 15052       3       org.gradle.internal.service.DefaultServiceRegistry$OwnServices::getAll (44 bytes)
Event: 5366.981 Thread 0x0000000016069800 nmethod 15052 0x0000000003dab7d0 code [0x0000000003dab9c0, 0x0000000003dac2a8]
Event: 5366.981 Thread 0x0000000016069800 15054       3       com.google.common.collect.AbstractSetMultimap::<init> (6 bytes)
Event: 5366.982 Thread 0x0000000016069800 nmethod 15054 0x000000000406d4d0 code [0x000000000406d680, 0x000000000406db18]
Event: 5366.982 Thread 0x0000000016069800 15053       3       org.gradle.internal.service.DefaultServiceRegistry::getFactoryService (15 bytes)
Event: 5366.982 Thread 0x0000000016069800 nmethod 15053 0x00000000039414d0 code [0x0000000003941640, 0x0000000003941898]
Event: 5367.009 Thread 0x0000000016069800 15055       3       org.gradle.internal.service.DefaultServiceRegistry::add (23 bytes)

GC Heap History (10 events):
Event: 5219.706 GC heap before
{Heap before GC invocations=46 (full 4):
 PSYoungGen      total 128000K, used 98256K [0x00000000e0000000, 0x00000000ea700000, 0x0000000100000000)
  eden space 88576K, 99% used [0x00000000e0000000,0x00000000e567a528,0x00000000e5680000)
  from space 39424K, 24% used [0x00000000e5680000,0x00000000e5ff9cf0,0x00000000e7d00000)
  to   space 36864K, 0% used [0x00000000e8300000,0x00000000e8300000,0x00000000ea700000)
 ParOldGen       total 145920K, used 69436K [0x00000000a0000000, 0x00000000a8e80000, 0x00000000e0000000)
  object space 145920K, 47% used [0x00000000a0000000,0x00000000a43cf0e8,0x00000000a8e80000)
 Metaspace       used 83529K, capacity 86762K, committed 86960K, reserved 1124352K
  class space    used 10957K, capacity 11639K, committed 11696K, reserved 1048576K
Event: 5219.755 GC heap after
Heap after GC invocations=46 (full 4):
 PSYoungGen      total 127488K, used 35552K [0x00000000e0000000, 0x00000000eb300000, 0x0000000100000000)
  eden space 90624K, 0% used [0x00000000e0000000,0x00000000e0000000,0x00000000e5880000)
  from space 36864K, 96% used [0x00000000e8300000,0x00000000ea5b8278,0x00000000ea700000)
  to   space 43520K, 0% used [0x00000000e5880000,0x00000000e5880000,0x00000000e8300000)
 ParOldGen       total 145920K, used 69444K [0x00000000a0000000, 0x00000000a8e80000, 0x00000000e0000000)
  object space 145920K, 47% used [0x00000000a0000000,0x00000000a43d10e8,0x00000000a8e80000)
 Metaspace       used 83529K, capacity 86762K, committed 86960K, reserved 1124352K
  class space    used 10957K, capacity 11639K, committed 11696K, reserved 1048576K
}
Event: 5221.668 GC heap before
{Heap before GC invocations=47 (full 4):
 PSYoungGen      total 127488K, used 126176K [0x00000000e0000000, 0x00000000eb300000, 0x0000000100000000)
  eden space 90624K, 100% used [0x00000000e0000000,0x00000000e5880000,0x00000000e5880000)
  from space 36864K, 96% used [0x00000000e8300000,0x00000000ea5b8278,0x00000000ea700000)
  to   space 43520K, 0% used [0x00000000e5880000,0x00000000e5880000,0x00000000e8300000)
 ParOldGen       total 145920K, used 69444K [0x00000000a0000000, 0x00000000a8e80000, 0x00000000e0000000)
  object space 145920K, 47% used [0x00000000a0000000,0x00000000a43d10e8,0x00000000a8e80000)
 Metaspace       used 83550K, capacity 86762K, committed 86960K, reserved 1124352K
  class space    used 10957K, capacity 11639K, committed 11696K, reserved 1048576K
Event: 5221.895 GC heap after
Heap after GC invocations=47 (full 4):
 PSYoungGen      total 134144K, used 43509K [0x00000000e0000000, 0x00000000eb300000, 0x0000000100000000)
  eden space 90624K, 0% used [0x00000000e0000000,0x00000000e0000000,0x00000000e5880000)
  from space 43520K, 99% used [0x00000000e5880000,0x00000000e82fd518,0x00000000e8300000)
  to   space 36864K, 0% used [0x00000000e8300000,0x00000000e8300000,0x00000000ea700000)
 ParOldGen       total 145920K, used 89861K [0x00000000a0000000, 0x00000000a8e80000, 0x00000000e0000000)
  object space 145920K, 61% used [0x00000000a0000000,0x00000000a57c14a8,0x00000000a8e80000)
 Metaspace       used 83550K, capacity 86762K, committed 86960K, reserved 1124352K
  class space    used 10957K, capacity 11639K, committed 11696K, reserved 1048576K
}
Event: 5223.377 GC heap before
{Heap before GC invocations=48 (full 4):
 PSYoungGen      total 134144K, used 134133K [0x00000000e0000000, 0x00000000eb300000, 0x0000000100000000)
  eden space 90624K, 100% used [0x00000000e0000000,0x00000000e5880000,0x00000000e5880000)
  from space 43520K, 99% used [0x00000000e5880000,0x00000000e82fd518,0x00000000e8300000)
  to   space 36864K, 0% used [0x00000000e8300000,0x00000000e8300000,0x00000000ea700000)
 ParOldGen       total 145920K, used 89861K [0x00000000a0000000, 0x00000000a8e80000, 0x00000000e0000000)
  object space 145920K, 61% used [0x00000000a0000000,0x00000000a57c14a8,0x00000000a8e80000)
 Metaspace       used 83568K, capacity 86762K, committed 86960K, reserved 1124352K
  class space    used 10957K, capacity 11639K, committed 11696K, reserved 1048576K
Event: 5223.475 GC heap after
Heap after GC invocations=48 (full 4):
 PSYoungGen      total 127488K, used 36836K [0x00000000e0000000, 0x00000000eb300000, 0x0000000100000000)
  eden space 90624K, 0% used [0x00000000e0000000,0x00000000e0000000,0x00000000e5880000)
  from space 36864K, 99% used [0x00000000e8300000,0x00000000ea6f9350,0x00000000ea700000)
  to   space 43520K, 0% used [0x00000000e5880000,0x00000000e5880000,0x00000000e8300000)
 ParOldGen       total 145920K, used 95917K [0x00000000a0000000, 0x00000000a8e80000, 0x00000000e0000000)
  object space 145920K, 65% used [0x00000000a0000000,0x00000000a5dab720,0x00000000a8e80000)
 Metaspace       used 83568K, capacity 86762K, committed 86960K, reserved 1124352K
  class space    used 10957K, capacity 11639K, committed 11696K, reserved 1048576K
}
Event: 5224.766 GC heap before
{Heap before GC invocations=49 (full 4):
 PSYoungGen      total 127488K, used 126962K [0x00000000e0000000, 0x00000000eb300000, 0x0000000100000000)
  eden space 90624K, 99% used [0x00000000e0000000,0x00000000e58034c8,0x00000000e5880000)
  from space 36864K, 99% used [0x00000000e8300000,0x00000000ea6f9350,0x00000000ea700000)
  to   space 43520K, 0% used [0x00000000e5880000,0x00000000e5880000,0x00000000e8300000)
 ParOldGen       total 145920K, used 95917K [0x00000000a0000000, 0x00000000a8e80000, 0x00000000e0000000)
  object space 145920K, 65% used [0x00000000a0000000,0x00000000a5dab720,0x00000000a8e80000)
 Metaspace       used 83591K, capacity 86762K, committed 86960K, reserved 1124352K
  class space    used 10957K, capacity 11639K, committed 11696K, reserved 1048576K
Event: 5224.849 GC heap after
Heap after GC invocations=49 (full 4):
 PSYoungGen      total 134144K, used 24462K [0x00000000e0000000, 0x00000000edb80000, 0x0000000100000000)
  eden space 90624K, 0% used [0x00000000e0000000,0x00000000e0000000,0x00000000e5880000)
  from space 43520K, 56% used [0x00000000e5880000,0x00000000e7063888,0x00000000e8300000)
  to   space 60928K, 0% used [0x00000000ea000000,0x00000000ea000000,0x00000000edb80000)
 ParOldGen       total 145920K, used 132082K [0x00000000a0000000, 0x00000000a8e80000, 0x00000000e0000000)
  object space 145920K, 90% used [0x00000000a0000000,0x00000000a80fc898,0x00000000a8e80000)
 Metaspace       used 83591K, capacity 86762K, committed 86960K, reserved 1124352K
  class space    used 10957K, capacity 11639K, committed 11696K, reserved 1048576K
}
Event: 5224.849 GC heap before
{Heap before GC invocations=50 (full 5):
 PSYoungGen      total 134144K, used 24462K [0x00000000e0000000, 0x00000000edb80000, 0x0000000100000000)
  eden space 90624K, 0% used [0x00000000e0000000,0x00000000e0000000,0x00000000e5880000)
  from space 43520K, 56% used [0x00000000e5880000,0x00000000e7063888,0x00000000e8300000)
  to   space 60928K, 0% used [0x00000000ea000000,0x00000000ea000000,0x00000000edb80000)
 ParOldGen       total 145920K, used 132082K [0x00000000a0000000, 0x00000000a8e80000, 0x00000000e0000000)
  object space 145920K, 90% used [0x00000000a0000000,0x00000000a80fc898,0x00000000a8e80000)
 Metaspace       used 83591K, capacity 86762K, committed 86960K, reserved 1124352K
  class space    used 10957K, capacity 11639K, committed 11696K, reserved 1048576K
Event: 5225.199 GC heap after
Heap after GC invocations=50 (full 5):
 PSYoungGen      total 134144K, used 0K [0x00000000e0000000, 0x00000000edb80000, 0x0000000100000000)
  eden space 90624K, 0% used [0x00000000e0000000,0x00000000e0000000,0x00000000e5880000)
  from space 43520K, 0% used [0x00000000e5880000,0x00000000e5880000,0x00000000e8300000)
  to   space 60928K, 0% used [0x00000000ea000000,0x00000000ea000000,0x00000000edb80000)
 ParOldGen       total 145920K, used 71204K [0x00000000a0000000, 0x00000000a8e80000, 0x00000000e0000000)
  object space 145920K, 48% used [0x00000000a0000000,0x00000000a45892f0,0x00000000a8e80000)
 Metaspace       used 82565K, capacity 85250K, committed 86960K, reserved 1124352K
  class space    used 10762K, capacity 11347K, committed 11696K, reserved 1048576K
}

Deoptimization events (10 events):
Event: 5366.680 Thread 0x000000001cb0d000 Uncommon trap: reason=array_check action=maybe_recompile pc=0x0000000004744a68 method=com.google.common.collect.ImmutableSet.construct(I[Ljava/lang/Object;)Lcom/google/common/collect/ImmutableSet; @ 122
Event: 5366.683 Thread 0x000000001cb0d000 Uncommon trap: reason=array_check action=maybe_recompile pc=0x0000000004744a68 method=com.google.common.collect.ImmutableSet.construct(I[Ljava/lang/Object;)Lcom/google/common/collect/ImmutableSet; @ 122
Event: 5366.685 Thread 0x000000001cb0d000 Uncommon trap: reason=array_check action=maybe_recompile pc=0x0000000004744a68 method=com.google.common.collect.ImmutableSet.construct(I[Ljava/lang/Object;)Lcom/google/common/collect/ImmutableSet; @ 122
Event: 5366.687 Thread 0x000000001cb0d000 Uncommon trap: reason=array_check action=maybe_recompile pc=0x0000000004744a68 method=com.google.common.collect.ImmutableSet.construct(I[Ljava/lang/Object;)Lcom/google/common/collect/ImmutableSet; @ 122
Event: 5366.704 Thread 0x000000001cb0d000 Uncommon trap: reason=unstable_if action=reinterpret pc=0x00000000043eb6c0 method=java.lang.ref.SoftReference.get()Ljava/lang/Object; @ 6
Event: 5366.705 Thread 0x000000001cb0d000 Uncommon trap: reason=unstable_if action=reinterpret pc=0x0000000003106320 method=java.lang.ref.SoftReference.get()Ljava/lang/Object; @ 6
Event: 5366.705 Thread 0x000000001cb0d000 Uncommon trap: reason=unstable_if action=reinterpret pc=0x0000000003371844 method=java.lang.ref.SoftReference.get()Ljava/lang/Object; @ 6
Event: 5366.710 Thread 0x000000001cb0d000 Uncommon trap: reason=unstable_if action=reinterpret pc=0x00000000033517d4 method=java.lang.ref.SoftReference.get()Ljava/lang/Object; @ 6
Event: 5366.712 Thread 0x000000001cb0d000 Uncommon trap: reason=unstable_if action=reinterpret pc=0x0000000002c3be28 method=java.lang.ref.SoftReference.get()Ljava/lang/Object; @ 6
Event: 5366.712 Thread 0x000000001cb0d000 Uncommon trap: reason=unstable_if action=reinterpret pc=0x00000000036b04d4 method=java.lang.ref.SoftReference.get()Ljava/lang/Object; @ 6

Classes redefined (0 events):
No events

Internal exceptions (10 events):
Event: 5366.685 Thread 0x000000001cb0d000 Exception <a 'java/lang/NoSuchMethodError': <clinit>> (0x00000000e3656780) thrown at [D:\src\AOSP-openjdk-cygwin\jdk8u\hotspot\src\share\vm\prims\jni.cpp, line 1613]
Event: 5366.686 Thread 0x000000001cb0d000 Exception <a 'java/lang/NoSuchMethodError': <clinit>> (0x00000000e36604b8) thrown at [D:\src\AOSP-openjdk-cygwin\jdk8u\hotspot\src\share\vm\prims\jni.cpp, line 1613]
Event: 5366.695 Thread 0x000000001cb0d000 Exception <a 'java/lang/NoSuchMethodError': <clinit>> (0x00000000e36b24e8) thrown at [D:\src\AOSP-openjdk-cygwin\jdk8u\hotspot\src\share\vm\prims\jni.cpp, line 1613]
Event: 5366.696 Thread 0x000000001cb0d000 Exception <a 'java/lang/NoSuchMethodError': <clinit>> (0x00000000e36b63c8) thrown at [D:\src\AOSP-openjdk-cygwin\jdk8u\hotspot\src\share\vm\prims\jni.cpp, line 1613]
Event: 5366.696 Thread 0x000000001cb0d000 Exception <a 'java/lang/NoSuchMethodError': <clinit>> (0x00000000e36b7f40) thrown at [D:\src\AOSP-openjdk-cygwin\jdk8u\hotspot\src\share\vm\prims\jni.cpp, line 1613]
Event: 5366.696 Thread 0x000000001cb0d000 Exception <a 'java/lang/NoSuchMethodError': <clinit>> (0x00000000e36b9710) thrown at [D:\src\AOSP-openjdk-cygwin\jdk8u\hotspot\src\share\vm\prims\jni.cpp, line 1613]
Event: 5366.696 Thread 0x000000001cb0d000 Exception <a 'java/lang/NoSuchMethodError': <clinit>> (0x00000000e36bad90) thrown at [D:\src\AOSP-openjdk-cygwin\jdk8u\hotspot\src\share\vm\prims\jni.cpp, line 1613]
Event: 5366.710 Thread 0x000000001cb0d000 Implicit null exception at 0x0000000003350db7 to 0x00000000033517b5
Event: 5366.712 Thread 0x000000001cb0d000 Implicit null exception at 0x0000000002c3b7a3 to 0x0000000002c3be15
Event: 5366.712 Thread 0x000000001cb0d000 Implicit null exception at 0x00000000036afab7 to 0x00000000036b04b5

Events (10 events):
Event: 5366.789 Thread 0x0000000016069800 flushing nmethod 0x00000000046d6050
Event: 5366.790 Thread 0x0000000016069800 flushing nmethod 0x00000000048b9cd0
Event: 5366.978 Thread 0x000000001605a000 flushing nmethod 0x00000000049426d0
Event: 5366.979 Thread 0x000000001605a000 flushing nmethod 0x00000000049bacd0
Event: 5366.979 Thread 0x000000001605a000 flushing nmethod 0x00000000049be110
Event: 5366.979 Thread 0x000000001605a000 flushing nmethod 0x0000000004a04b10
Event: 5366.990 Executing VM operation: RevokeBias
Event: 5366.991 Executing VM operation: RevokeBias done
Event: 5366.991 Executing VM operation: RevokeBias
Event: 5366.991 Executing VM operation: RevokeBias done


Dynamic libraries:
0x00007ff6958c0000 - 0x00007ff6958f1000 	C:\Program Files (x86)\Android\Android Studio\jre\bin\java.exe
0x00007ffc68360000 - 0x00007ffc68541000 	C:\WINDOWS\SYSTEM32\ntdll.dll
0x00007ffc60f50000 - 0x00007ffc60f62000 	C:\Program Files\AVAST Software\Avast\aswhook.dll
0x00007ffc66e10000 - 0x00007ffc66ec2000 	C:\WINDOWS\System32\KERNEL32.DLL
0x00007ffc650b0000 - 0x00007ffc65323000 	C:\WINDOWS\System32\KERNELBASE.dll
0x00007ffc65860000 - 0x00007ffc65901000 	C:\WINDOWS\System32\ADVAPI32.dll
0x00007ffc65910000 - 0x00007ffc659ae000 	C:\WINDOWS\System32\msvcrt.dll
0x00007ffc67bb0000 - 0x00007ffc67c0b000 	C:\WINDOWS\System32\sechost.dll
0x00007ffc67db0000 - 0x00007ffc67ed4000 	C:\WINDOWS\System32\RPCRT4.dll
0x00007ffc673c0000 - 0x00007ffc67550000 	C:\WINDOWS\System32\USER32.dll
0x00007ffc64830000 - 0x00007ffc64850000 	C:\WINDOWS\System32\win32u.dll
0x00007ffc657f0000 - 0x00007ffc65818000 	C:\WINDOWS\System32\GDI32.dll
0x00007ffc65330000 - 0x00007ffc654c2000 	C:\WINDOWS\System32\gdi32full.dll
0x00007ffc64f60000 - 0x00007ffc64fff000 	C:\WINDOWS\System32\msvcp_win.dll
0x00007ffc64730000 - 0x00007ffc6482a000 	C:\WINDOWS\System32\ucrtbase.dll
0x00007ffc551a0000 - 0x00007ffc55409000 	C:\WINDOWS\WinSxS\amd64_microsoft.windows.common-controls_6595b64144ccf1df_6.0.17134.523_none_fb409dd930672a56\COMCTL32.dll
0x00007ffc676a0000 - 0x00007ffc679c2000 	C:\WINDOWS\System32\combase.dll
0x00007ffc654d0000 - 0x00007ffc6554a000 	C:\WINDOWS\System32\bcryptPrimitives.dll
0x00007ffc65830000 - 0x00007ffc6585d000 	C:\WINDOWS\System32\IMM32.DLL
0x0000000062d80000 - 0x0000000062e52000 	C:\Program Files (x86)\Android\Android Studio\jre\jre\bin\msvcr100.dll
0x0000000062f40000 - 0x0000000063781000 	C:\Program Files (x86)\Android\Android Studio\jre\jre\bin\server\jvm.dll
0x00007ffc65820000 - 0x00007ffc65828000 	C:\WINDOWS\System32\PSAPI.DLL
0x00007ffc54270000 - 0x00007ffc54279000 	C:\WINDOWS\SYSTEM32\WSOCK32.dll
0x00007ffc679e0000 - 0x00007ffc67a4c000 	C:\WINDOWS\System32\WS2_32.dll
0x00007ffc5fcc0000 - 0x00007ffc5fce3000 	C:\WINDOWS\SYSTEM32\WINMM.dll
0x00007ffc57990000 - 0x00007ffc5799a000 	C:\WINDOWS\SYSTEM32\VERSION.dll
0x00007ffc5fc90000 - 0x00007ffc5fcba000 	C:\WINDOWS\SYSTEM32\WINMMBASE.dll
0x00007ffc65060000 - 0x00007ffc650a9000 	C:\WINDOWS\System32\cfgmgr32.dll
0x00007ffc605c0000 - 0x00007ffc605cf000 	C:\Program Files (x86)\Android\Android Studio\jre\jre\bin\verify.dll
0x00007ffc58e60000 - 0x00007ffc58e89000 	C:\Program Files (x86)\Android\Android Studio\jre\jre\bin\java.dll
0x00007ffc5f610000 - 0x00007ffc5f626000 	C:\Program Files (x86)\Android\Android Studio\jre\jre\bin\zip.dll
0x00007ffc659b0000 - 0x00007ffc66df0000 	C:\WINDOWS\System32\SHELL32.dll
0x00007ffc67310000 - 0x00007ffc673b9000 	C:\WINDOWS\System32\shcore.dll
0x00007ffc64850000 - 0x00007ffc64f5d000 	C:\WINDOWS\System32\windows.storage.dll
0x00007ffc67b50000 - 0x00007ffc67ba1000 	C:\WINDOWS\System32\shlwapi.dll
0x00007ffc646f0000 - 0x00007ffc64701000 	C:\WINDOWS\System32\kernel.appcore.dll
0x00007ffc646d0000 - 0x00007ffc646ef000 	C:\WINDOWS\System32\profapi.dll
0x00007ffc64680000 - 0x00007ffc646cc000 	C:\WINDOWS\System32\powrprof.dll
0x00007ffc64670000 - 0x00007ffc6467a000 	C:\WINDOWS\System32\FLTLIB.DLL
0x00007ffc5fee0000 - 0x00007ffc5fefa000 	C:\Program Files (x86)\Android\Android Studio\jre\jre\bin\net.dll
0x00007ffc63ef0000 - 0x00007ffc63f56000 	C:\WINDOWS\system32\mswsock.dll
0x00007ffc5f1a0000 - 0x00007ffc5f1b1000 	C:\Program Files (x86)\Android\Android Studio\jre\jre\bin\nio.dll
0x00007ffc60610000 - 0x00007ffc6062e000 	C:\Users\HP\.gradle\native\25\windows-amd64\native-platform.dll
0x00007ffc605b0000 - 0x00007ffc605bd000 	C:\Program Files (x86)\Android\Android Studio\jre\jre\bin\management.dll
0x00007ffc640a0000 - 0x00007ffc640b7000 	C:\WINDOWS\SYSTEM32\CRYPTSP.dll
0x00007ffc63a70000 - 0x00007ffc63aa3000 	C:\WINDOWS\system32\rsaenh.dll
0x00007ffc641d0000 - 0x00007ffc641f5000 	C:\WINDOWS\SYSTEM32\bcrypt.dll
0x00007ffc64570000 - 0x00007ffc64598000 	C:\WINDOWS\SYSTEM32\USERENV.dll
0x00007ffc640c0000 - 0x00007ffc640cb000 	C:\WINDOWS\SYSTEM32\CRYPTBASE.dll
0x00007ffc63c70000 - 0x00007ffc63ca8000 	C:\WINDOWS\SYSTEM32\IPHLPAPI.DLL
0x00007ffc679d0000 - 0x00007ffc679d8000 	C:\WINDOWS\System32\NSI.dll
0x00007ffc5a750000 - 0x00007ffc5a766000 	C:\WINDOWS\SYSTEM32\dhcpcsvc6.DLL
0x00007ffc5ad10000 - 0x00007ffc5ad2a000 	C:\WINDOWS\SYSTEM32\dhcpcsvc.DLL

VM Arguments:
jvm_args: -Xmx1536m -Dfile.encoding=windows-1252 -Duser.country=US -Duser.language=en -Duser.variant 
java_command: org.gradle.launcher.daemon.bootstrap.GradleDaemon 4.10.1
java_class_path (initial): C:\Users\HP\.gradle\wrapper\dists\gradle-4.10.1-all\455itskqi2qtf0v2sja68alqd\gradle-4.10.1\lib\gradle-launcher-4.10.1.jar
Launcher Type: SUN_STANDARD

Environment Variables:
PATH=C:\Program Files (x86)\Common Files\Oracle\Java\javapath;C:\Program Files (x86)\Common Files\ArcSoft\Bin;C:\Program Files (x86)\Intel\iCLS Client\;C:\Program Files\Intel\iCLS Client\;C:\WINDOWS\system32;C:\WINDOWS;C:\WINDOWS\System32\Wbem;C:\WINDOWS\System32\WindowsPowerShell\v1.0\;C:\Program Files (x86)\Intel\Intel(R) Management Engine Components\DAL;C:\Program Files\Intel\Intel(R) Management Engine Components\DAL;C:\Program Files (x86)\Intel\Intel(R) Management Engine Components\IPT;C:\Program Files\Intel\Intel(R) Management Engine Components\IPT;c:\Program Files\Intel\WiFi\bin\;c:\Program Files\Common Files\Intel\WirelessCommon\;C:\Program Files (x86)\GtkSharp\2.12\bin;C:\WINDOWS\System32\OpenSSH\;C:\Users\HP\AppData\Local\Android\Sdk;C:\Program Files (x86)\Java\jdk1.6.0_18\bin;%USERPROFILE%\AppData\Local\Microsoft\WindowsApps;
USERNAME=HP
OS=Windows_NT
PROCESSOR_IDENTIFIER=Intel64 Family 6 Model 61 Stepping 4, GenuineIntel



---------------  S Y S T E M  ---------------

OS: Windows 10.0 , 64 bit Build 17134 (10.0.17134.1)

CPU:total 4 (initial active 4) (2 cores per cpu, 2 threads per core) family 6 model 61 stepping 4, cmov, cx8, fxsr, mmx, sse, sse2, sse3, ssse3, sse4.1, sse4.2, popcnt, avx, avx2, aes, clmul, erms, 3dnowpref, lzcnt, ht, tsc, tscinvbit, bmi1, bmi2, adx

Memory: 4k page, physical 4082796k(274368k free), swap 4082796k(5408k free)

vm_info: OpenJDK 64-Bit Server VM (25.152-b01) for windows-amd64 JRE (1.8.0_152-release-1248-b01), built by "builder" with MS VC++ 10.0 (VS2010)

time: Wed Jan 23 19:55:16 2019
elapsed time: 5367 seconds (0d 1h 29m 27s)

