#
# There is insufficient memory for the Java Runtime Environment to continue.
# Native memory allocation (malloc) failed to allocate 262160 bytes for Chunk::new
# Possible reasons:
#   The system is out of physical RAM or swap space
#   In 32 bit mode, the process size limit was hit
# Possible solutions:
#   Reduce memory load on the system
#   Increase physical memory or swap space
#   Check if swap backing store is full
#   Use 64 bit Java on a 64 bit OS
#   Decrease Java heap size (-Xmx/-Xms)
#   Decrease number of Java threads
#   Decrease Java thread stack sizes (-Xss)
#   Set larger code cache with -XX:ReservedCodeCacheSize=
# This output file may be truncated or incomplete.
#
#  Out of Memory Error (allocation.cpp:390), pid=5928, tid=0x0000000000002e04
#
# JRE version: OpenJDK Runtime Environment (8.0_152-b02) (build 1.8.0_152-release-1024-b02)
# Java VM: OpenJDK 64-Bit Server VM (25.152-b02 mixed mode windows-amd64 compressed oops)
# Failed to write core dump. Minidumps are not enabled by default on client versions of Windows
#

---------------  T H R E A D  ---------------

Current thread (0x000000001632d000):  JavaThread "C2 CompilerThread0" daemon [_thread_in_native, id=11780, stack(0x0000000017980000,0x0000000017a80000)]

Stack: [0x0000000017980000,0x0000000017a80000]
[error occurred during error reporting (printing stack bounds), id 0xc0000005]

Native frames: (J=compiled Java code, j=interpreted, Vv=VM code, C=native code)


Current CompileTask:
C2:   7266 1445   !   4       java.net.URLClassLoader$1::run (63 bytes)


---------------  P R O C E S S  ---------------

Java Threads: ( => current thread )
  0x000000001afbc800 JavaThread "Cache worker for file hash cache (H:\AndroidStudioProjects\LogInPage\.gradle\4.4\fileHashes)" [_thread_blocked, id=8804, stack(0x000000001bea0000,0x000000001bfa0000)]
  0x00000000196d3000 JavaThread "File lock request listener" [_thread_in_native, id=7612, stack(0x000000001add0000,0x000000001aed0000)]
  0x0000000019397800 JavaThread "Cache worker for file hash cache (C:\Users\HP\.gradle\caches\4.4\fileHashes)" [_thread_blocked, id=11612, stack(0x000000001acd0000,0x000000001add0000)]
  0x0000000018954000 JavaThread "Stdin handler" [_thread_blocked, id=240, stack(0x000000001a9d0000,0x000000001aad0000)]
  0x0000000018953000 JavaThread "Asynchronous log dispatcher for DefaultDaemonConnection: socket connection from /127.0.0.1:2114 to /127.0.0.1:2115" [_thread_blocked, id=5080, stack(0x000000001a8d0000,0x000000001a9d0000)]
  0x00000000185cf800 JavaThread "Daemon worker" [_thread_in_native, id=7820, stack(0x000000001a7d0000,0x000000001a8d0000)]
  0x0000000017e16000 JavaThread "Cancel handler" [_thread_blocked, id=6520, stack(0x000000001a6d0000,0x000000001a7d0000)]
  0x0000000017db6000 JavaThread "Handler for socket connection from /127.0.0.1:2114 to /127.0.0.1:2115" [_thread_in_native, id=7812, stack(0x000000001a3d0000,0x000000001a4d0000)]
  0x0000000017db5800 JavaThread "Daemon" [_thread_blocked, id=760, stack(0x000000001a2d0000,0x000000001a3d0000)]
  0x00000000193b7000 JavaThread "Daemon periodic checks" [_thread_blocked, id=7832, stack(0x000000001a1d0000,0x000000001a2d0000)]
  0x00000000193b5000 JavaThread "Incoming local TCP Connector on port 2114" [_thread_in_native, id=6548, stack(0x0000000019f90000,0x000000001a090000)]
  0x0000000017ca8800 JavaThread "Service Thread" daemon [_thread_blocked, id=11328, stack(0x0000000018080000,0x0000000018180000)]
  0x000000001633b000 JavaThread "C1 CompilerThread2" daemon [_thread_blocked, id=10712, stack(0x0000000017b80000,0x0000000017c80000)]
  0x0000000016333000 JavaThread "C2 CompilerThread1" daemon [_thread_in_native, id=9476, stack(0x0000000017a80000,0x0000000017b80000)]
=>0x000000001632d000 JavaThread "C2 CompilerThread0" daemon [_thread_in_native, id=11780, stack(0x0000000017980000,0x0000000017a80000)]
  0x000000001632b800 JavaThread "Attach Listener" daemon [_thread_blocked, id=11832, stack(0x0000000017880000,0x0000000017980000)]
  0x0000000016328800 JavaThread "Signal Dispatcher" daemon [_thread_blocked, id=1696, stack(0x0000000017780000,0x0000000017880000)]
  0x00000000029bc800 JavaThread "Finalizer" daemon [_thread_blocked, id=12184, stack(0x0000000017590000,0x0000000017690000)]
  0x00000000029b1800 JavaThread "Reference Handler" daemon [_thread_blocked, id=10660, stack(0x0000000017490000,0x0000000017590000)]
  0x0000000000cfe000 JavaThread "main" [_thread_blocked, id=11904, stack(0x0000000002720000,0x0000000002820000)]

Other Threads:
  0x00000000162f7000 VMThread [stack: 0x0000000017390000,0x0000000017490000] [id=8660]
  0x0000000017cb3000 WatcherThread [stack: 0x0000000018180000,0x0000000018280000] [id=11432]

VM state:not at safepoint (normal execution)

VM Mutex/Monitor currently owned by a thread: None

Heap:
 PSYoungGen      total 35328K, used 12106K [0x00000000e0000000, 0x00000000e2500000, 0x0000000100000000)
  eden space 32768K, 29% used [0x00000000e0000000,0x00000000e095a998,0x00000000e2000000)
  from space 2560K, 98% used [0x00000000e2280000,0x00000000e24f8020,0x00000000e2500000)
  to   space 2560K, 0% used [0x00000000e2000000,0x00000000e2000000,0x00000000e2280000)
 ParOldGen       total 44032K, used 7051K [0x00000000a0000000, 0x00000000a2b00000, 0x00000000e0000000)
  object space 44032K, 16% used [0x00000000a0000000,0x00000000a06e2f30,0x00000000a2b00000)
 Metaspace       used 15423K, capacity 15724K, committed 15872K, reserved 1062912K
  class space    used 2179K, capacity 2276K, committed 2304K, reserved 1048576K

Card table byte_map: [0x0000000011d80000,0x0000000012090000] byte_map_base: 0x0000000011880000

Marking Bits: (ParMarkBitMap*) 0x0000000052f84970
 Begin Bits: [0x0000000012690000, 0x0000000013e90000)
 End Bits:   [0x0000000013e90000, 0x0000000015690000)

Polling page: 0x0000000000fd0000

CodeCache: size=245760Kb used=4819Kb max_used=4819Kb free=240940Kb
 bounds [0x00000000029c0000, 0x0000000002e80000, 0x00000000119c0000]
 total_blobs=1786 nmethods=1414 adapters=285
 compilation: enabled

Compilation events (10 events):
Event: 7.158 Thread 0x000000001633b000 nmethod 1441 0x0000000002e737d0 code [0x0000000002e73940, 0x0000000002e73ac8]
Event: 7.158 Thread 0x000000001633b000 1442       3       sun.misc.ProxyGenerator::access$700 (7 bytes)
Event: 7.158 Thread 0x000000001633b000 nmethod 1442 0x0000000002e73350 code [0x0000000002e734c0, 0x0000000002e736a8]
Event: 7.159 Thread 0x000000001633b000 1443       3       java.lang.reflect.Constructor::setConstructorAccessor (21 bytes)
Event: 7.159 Thread 0x000000001633b000 nmethod 1443 0x0000000002e72d10 code [0x0000000002e72e80, 0x0000000002e73228]
Event: 7.162 Thread 0x000000001633b000 1444       3       java.util.ArrayList::toArray (60 bytes)
Event: 7.162 Thread 0x000000001633b000 nmethod 1444 0x0000000002e773d0 code [0x0000000002e77560, 0x0000000002e77b18]
Event: 7.163 Thread 0x000000001632d000 1445   !   4       java.net.URLClassLoader$1::run (63 bytes)
Event: 7.165 Thread 0x000000001633b000 1446       3       java.util.ArrayList::isEmpty (13 bytes)
Event: 7.165 Thread 0x000000001633b000 nmethod 1446 0x0000000002e77c50 code [0x0000000002e77da0, 0x0000000002e77f50]

GC Heap History (8 events):
Event: 1.432 GC heap before
{Heap before GC invocations=1 (full 0):
 PSYoungGen      total 18944K, used 16384K [0x00000000e0000000, 0x00000000e1500000, 0x0000000100000000)
  eden space 16384K, 100% used [0x00000000e0000000,0x00000000e1000000,0x00000000e1000000)
  from space 2560K, 0% used [0x00000000e1280000,0x00000000e1280000,0x00000000e1500000)
  to   space 2560K, 0% used [0x00000000e1000000,0x00000000e1000000,0x00000000e1280000)
 ParOldGen       total 44032K, used 0K [0x00000000a0000000, 0x00000000a2b00000, 0x00000000e0000000)
  object space 44032K, 0% used [0x00000000a0000000,0x00000000a0000000,0x00000000a2b00000)
 Metaspace       used 5728K, capacity 5854K, committed 5888K, reserved 1056768K
  class space    used 700K, capacity 747K, committed 768K, reserved 1048576K
Event: 1.471 GC heap after
Heap after GC invocations=1 (full 0):
 PSYoungGen      total 18944K, used 2536K [0x00000000e0000000, 0x00000000e2500000, 0x0000000100000000)
  eden space 16384K, 0% used [0x00000000e0000000,0x00000000e0000000,0x00000000e1000000)
  from space 2560K, 99% used [0x00000000e1000000,0x00000000e127a250,0x00000000e1280000)
  to   space 2560K, 0% used [0x00000000e2280000,0x00000000e2280000,0x00000000e2500000)
 ParOldGen       total 44032K, used 382K [0x00000000a0000000, 0x00000000a2b00000, 0x00000000e0000000)
  object space 44032K, 0% used [0x00000000a0000000,0x00000000a005f9d8,0x00000000a2b00000)
 Metaspace       used 5728K, capacity 5854K, committed 5888K, reserved 1056768K
  class space    used 700K, capacity 747K, committed 768K, reserved 1048576K
}
Event: 2.668 GC heap before
{Heap before GC invocations=2 (full 0):
 PSYoungGen      total 18944K, used 18920K [0x00000000e0000000, 0x00000000e2500000, 0x0000000100000000)
  eden space 16384K, 100% used [0x00000000e0000000,0x00000000e1000000,0x00000000e1000000)
  from space 2560K, 99% used [0x00000000e1000000,0x00000000e127a250,0x00000000e1280000)
  to   space 2560K, 0% used [0x00000000e2280000,0x00000000e2280000,0x00000000e2500000)
 ParOldGen       total 44032K, used 382K [0x00000000a0000000, 0x00000000a2b00000, 0x00000000e0000000)
  object space 44032K, 0% used [0x00000000a0000000,0x00000000a005f9d8,0x00000000a2b00000)
 Metaspace       used 6580K, capacity 6766K, committed 7040K, reserved 1056768K
  class space    used 803K, capacity 875K, committed 896K, reserved 1048576K
Event: 2.685 GC heap after
Heap after GC invocations=2 (full 0):
 PSYoungGen      total 35328K, used 2452K [0x00000000e0000000, 0x00000000e2500000, 0x0000000100000000)
  eden space 32768K, 0% used [0x00000000e0000000,0x00000000e0000000,0x00000000e2000000)
  from space 2560K, 95% used [0x00000000e2280000,0x00000000e24e5148,0x00000000e2500000)
  to   space 2560K, 0% used [0x00000000e2000000,0x00000000e2000000,0x00000000e2280000)
 ParOldGen       total 44032K, used 390K [0x00000000a0000000, 0x00000000a2b00000, 0x00000000e0000000)
  object space 44032K, 0% used [0x00000000a0000000,0x00000000a00619d8,0x00000000a2b00000)
 Metaspace       used 6580K, capacity 6766K, committed 7040K, reserved 1056768K
  class space    used 803K, capacity 875K, committed 896K, reserved 1048576K
}
Event: 5.805 GC heap before
{Heap before GC invocations=3 (full 0):
 PSYoungGen      total 35328K, used 35220K [0x00000000e0000000, 0x00000000e2500000, 0x0000000100000000)
  eden space 32768K, 100% used [0x00000000e0000000,0x00000000e2000000,0x00000000e2000000)
  from space 2560K, 95% used [0x00000000e2280000,0x00000000e24e5148,0x00000000e2500000)
  to   space 2560K, 0% used [0x00000000e2000000,0x00000000e2000000,0x00000000e2280000)
 ParOldGen       total 44032K, used 390K [0x00000000a0000000, 0x00000000a2b00000, 0x00000000e0000000)
  object space 44032K, 0% used [0x00000000a0000000,0x00000000a00619d8,0x00000000a2b00000)
 Metaspace       used 11614K, capacity 11944K, committed 12160K, reserved 1060864K
  class space    used 1533K, capacity 1634K, committed 1664K, reserved 1048576K
Event: 5.818 GC heap after
Heap after GC invocations=3 (full 0):
 PSYoungGen      total 35328K, used 2528K [0x00000000e0000000, 0x00000000e2500000, 0x0000000100000000)
  eden space 32768K, 0% used [0x00000000e0000000,0x00000000e0000000,0x00000000e2000000)
  from space 2560K, 98% used [0x00000000e2000000,0x00000000e2278020,0x00000000e2280000)
  to   space 2560K, 0% used [0x00000000e2280000,0x00000000e2280000,0x00000000e2500000)
 ParOldGen       total 44032K, used 3414K [0x00000000a0000000, 0x00000000a2b00000, 0x00000000e0000000)
  object space 44032K, 7% used [0x00000000a0000000,0x00000000a0355ac0,0x00000000a2b00000)
 Metaspace       used 11614K, capacity 11944K, committed 12160K, reserved 1060864K
  class space    used 1533K, capacity 1634K, committed 1664K, reserved 1048576K
}
Event: 6.727 GC heap before
{Heap before GC invocations=4 (full 0):
 PSYoungGen      total 35328K, used 35296K [0x00000000e0000000, 0x00000000e2500000, 0x0000000100000000)
  eden space 32768K, 100% used [0x00000000e0000000,0x00000000e2000000,0x00000000e2000000)
  from space 2560K, 98% used [0x00000000e2000000,0x00000000e2278020,0x00000000e2280000)
  to   space 2560K, 0% used [0x00000000e2280000,0x00000000e2280000,0x00000000e2500000)
 ParOldGen       total 44032K, used 3414K [0x00000000a0000000, 0x00000000a2b00000, 0x00000000e0000000)
  object space 44032K, 7% used [0x00000000a0000000,0x00000000a0355ac0,0x00000000a2b00000)
 Metaspace       used 14359K, capacity 14668K, committed 14976K, reserved 1062912K
  class space    used 2011K, capacity 2116K, committed 2176K, reserved 1048576K
Event: 6.765 GC heap after
Heap after GC invocations=4 (full 0):
 PSYoungGen      total 35328K, used 2528K [0x00000000e0000000, 0x00000000e2500000, 0x0000000100000000)
  eden space 32768K, 0% used [0x00000000e0000000,0x00000000e0000000,0x00000000e2000000)
  from space 2560K, 98% used [0x00000000e2280000,0x00000000e24f8020,0x00000000e2500000)
  to   space 2560K, 0% used [0x00000000e2000000,0x00000000e2000000,0x00000000e2280000)
 ParOldGen       total 44032K, used 7051K [0x00000000a0000000, 0x00000000a2b00000, 0x00000000e0000000)
  object space 44032K, 16% used [0x00000000a0000000,0x00000000a06e2f30,0x00000000a2b00000)
 Metaspace       used 14359K, capacity 14668K, committed 14976K, reserved 1062912K
  class space    used 2011K, capacity 2116K, committed 2176K, reserved 1048576K
}

Deoptimization events (10 events):
Event: 3.279 Thread 0x0000000000cfe000 Uncommon trap: reason=bimorphic action=maybe_recompile pc=0x0000000002c441bc method=java.util.HashMap.putVal(ILjava/lang/Object;Ljava/lang/Object;ZZ)Ljava/lang/Object; @ 91
Event: 3.656 Thread 0x0000000000cfe000 Uncommon trap: reason=bimorphic action=maybe_recompile pc=0x0000000002ce4648 method=java.util.HashMap.putVal(ILjava/lang/Object;Ljava/lang/Object;ZZ)Ljava/lang/Object; @ 203
Event: 4.043 Thread 0x0000000000cfe000 Uncommon trap: reason=unstable_if action=reinterpret pc=0x0000000002c882f4 method=java.io.WinNTFileSystem.normalize(Ljava/lang/String;)Ljava/lang/String; @ 128
Event: 4.043 Thread 0x0000000000cfe000 Uncommon trap: reason=unstable_if action=reinterpret pc=0x0000000002cdd9cc method=java.io.WinNTFileSystem.normalize(Ljava/lang/String;II)Ljava/lang/String; @ 90
Event: 5.766 Thread 0x0000000017db6000 Uncommon trap: reason=unstable_if action=reinterpret pc=0x0000000002d45ea0 method=java.util.concurrent.ConcurrentHashMap.putVal(Ljava/lang/Object;Ljava/lang/Object;Z)Ljava/lang/Object; @ 206
Event: 5.986 Thread 0x00000000185cf800 Uncommon trap: reason=bimorphic action=maybe_recompile pc=0x0000000002ce3fa8 method=java.util.HashMap.putVal(ILjava/lang/Object;Ljava/lang/Object;ZZ)Ljava/lang/Object; @ 253
Event: 5.987 Thread 0x00000000185cf800 Uncommon trap: reason=bimorphic action=maybe_recompile pc=0x0000000002ce3fa8 method=java.util.HashMap.putVal(ILjava/lang/Object;Ljava/lang/Object;ZZ)Ljava/lang/Object; @ 253
Event: 6.031 Thread 0x00000000185cf800 Uncommon trap: reason=class_check action=maybe_recompile pc=0x0000000002c34d9c method=java.util.regex.Matcher.match(II)Z @ 86
Event: 6.607 Thread 0x00000000185cf800 Uncommon trap: reason=class_check action=maybe_recompile pc=0x0000000002c34d9c method=java.util.regex.Matcher.match(II)Z @ 86
Event: 6.777 Thread 0x00000000185cf800 Uncommon trap: reason=unstable_if action=reinterpret pc=0x0000000002ad9534 method=java.lang.String.lastIndexOf([CII[CIII)I @ 66

Classes redefined (0 events):
No events

Internal exceptions (10 events):
Event: 5.823 Thread 0x0000000017db6000 Exception <a 'java/lang/NoSuchMethodError': <clinit>> (0x00000000e001c328) thrown at [D:\src\AOSP-openjdk-cygwin\jdk8u\hotspot\src\share\vm\prims\jni.cpp, line 1613]
Event: 5.825 Thread 0x0000000017db6000 Exception <a 'java/lang/NoSuchMethodError': <clinit>> (0x00000000e0025980) thrown at [D:\src\AOSP-openjdk-cygwin\jdk8u\hotspot\src\share\vm\prims\jni.cpp, line 1613]
Event: 5.827 Thread 0x0000000017db6000 Exception <a 'java/lang/NoSuchMethodError': <clinit>> (0x00000000e002ffd8) thrown at [D:\src\AOSP-openjdk-cygwin\jdk8u\hotspot\src\share\vm\prims\jni.cpp, line 1613]
Event: 5.841 Thread 0x0000000017db6000 Exception <a 'java/lang/NoSuchMethodError': <clinit>> (0x00000000e00aa408) thrown at [D:\src\AOSP-openjdk-cygwin\jdk8u\hotspot\src\share\vm\prims\jni.cpp, line 1613]
Event: 5.856 Thread 0x0000000017db6000 Exception <a 'java/lang/NoSuchMethodError': <clinit>> (0x00000000e00d8d10) thrown at [D:\src\AOSP-openjdk-cygwin\jdk8u\hotspot\src\share\vm\prims\jni.cpp, line 1613]
Event: 5.871 Thread 0x0000000017db6000 Exception <a 'java/lang/NoSuchMethodError': <clinit>> (0x00000000e010ea98) thrown at [D:\src\AOSP-openjdk-cygwin\jdk8u\hotspot\src\share\vm\prims\jni.cpp, line 1613]
Event: 5.895 Thread 0x0000000017db6000 Exception <a 'java/lang/NoSuchMethodError': <clinit>> (0x00000000e011c580) thrown at [D:\src\AOSP-openjdk-cygwin\jdk8u\hotspot\src\share\vm\prims\jni.cpp, line 1613]
Event: 5.901 Thread 0x0000000017db6000 Exception <a 'java/lang/NoSuchMethodError': <clinit>> (0x00000000e013ed40) thrown at [D:\src\AOSP-openjdk-cygwin\jdk8u\hotspot\src\share\vm\prims\jni.cpp, line 1613]
Event: 5.965 Thread 0x00000000185cf800 Exception <a 'java/lang/NoSuchMethodError': <clinit>> (0x00000000e02a3308) thrown at [D:\src\AOSP-openjdk-cygwin\jdk8u\hotspot\src\share\vm\prims\jni.cpp, line 1613]
Event: 5.967 Thread 0x00000000185cf800 Exception <a 'java/lang/NoSuchMethodError': <clinit>> (0x00000000e02ab590) thrown at [D:\src\AOSP-openjdk-cygwin\jdk8u\hotspot\src\share\vm\prims\jni.cpp, line 1613]

Events (10 events):
Event: 7.205 loading class org/objectweb/asm/FieldVisitor
Event: 7.205 loading class org/objectweb/asm/FieldVisitor done
Event: 7.206 loading class org/objectweb/asm/FieldWriter
Event: 7.206 loading class org/objectweb/asm/FieldWriter done
Event: 7.208 loading class org/objectweb/asm/ByteVector
Event: 7.208 loading class org/objectweb/asm/ByteVector done
Event: 7.209 loading class org/objectweb/asm/Item
Event: 7.209 loading class org/objectweb/asm/Item done
Event: 7.212 loading class org/gradle/api/internal/AsmBackedClassGenerator$ClassBuilderImpl$1
Event: 7.212 loading class org/gradle/api/internal/AsmBackedClassGenerator$ClassBuilderImpl$1 done


Dynamic libraries:
0x00007ff6c6d10000 - 0x00007ff6c6d41000 	C:\Program Files (x86)\Android\Android Studio\jre\bin\java.exe
0x00007ffae3730000 - 0x00007ffae3911000 	C:\WINDOWS\SYSTEM32\ntdll.dll
0x00007ffabc1b0000 - 0x00007ffabc1c4000 	C:\Program Files\AVAST Software\Avast\x64\aswhooka.dll
0x00007ffae21f0000 - 0x00007ffae22a2000 	C:\WINDOWS\System32\KERNEL32.DLL
0x00007ffadfd00000 - 0x00007ffadff73000 	C:\WINDOWS\System32\KERNELBASE.dll
0x00007ffae1a10000 - 0x00007ffae1ab1000 	C:\WINDOWS\System32\ADVAPI32.dll
0x00007ffae1b20000 - 0x00007ffae1bbe000 	C:\WINDOWS\System32\msvcrt.dll
0x00007ffae0e00000 - 0x00007ffae0e5b000 	C:\WINDOWS\System32\sechost.dll
0x00007ffae0ee0000 - 0x00007ffae1004000 	C:\WINDOWS\System32\RPCRT4.dll
0x00007ffae13f0000 - 0x00007ffae1580000 	C:\WINDOWS\System32\USER32.dll
0x00007ffadfc60000 - 0x00007ffadfc80000 	C:\WINDOWS\System32\win32u.dll
0x00007ffae0da0000 - 0x00007ffae0dc8000 	C:\WINDOWS\System32\GDI32.dll
0x00007ffae0a20000 - 0x00007ffae0bb2000 	C:\WINDOWS\System32\gdi32full.dll
0x00007ffae0270000 - 0x00007ffae030f000 	C:\WINDOWS\System32\msvcp_win.dll
0x00007ffae0170000 - 0x00007ffae026a000 	C:\WINDOWS\System32\ucrtbase.dll
0x00007ffad0d30000 - 0x00007ffad0f99000 	C:\WINDOWS\WinSxS\amd64_microsoft.windows.common-controls_6595b64144ccf1df_6.0.17134.407_none_fb449d63306391e9\COMCTL32.dll
0x00007ffae16e0000 - 0x00007ffae1a02000 	C:\WINDOWS\System32\combase.dll
0x00007ffadfc80000 - 0x00007ffadfcfa000 	C:\WINDOWS\System32\bcryptPrimitives.dll
0x00007ffae0dd0000 - 0x00007ffae0dfd000 	C:\WINDOWS\System32\IMM32.DLL
0x0000000052600000 - 0x00000000526d2000 	C:\Program Files (x86)\Android\Android Studio\jre\jre\bin\msvcr100.dll
0x00000000527c0000 - 0x0000000052fff000 	C:\Program Files (x86)\Android\Android Studio\jre\jre\bin\server\jvm.dll
0x00007ffae1010000 - 0x00007ffae1018000 	C:\WINDOWS\System32\PSAPI.DLL
0x00007ffac7710000 - 0x00007ffac7719000 	C:\WINDOWS\SYSTEM32\WSOCK32.dll
0x00007ffae1c60000 - 0x00007ffae1ccc000 	C:\WINDOWS\System32\WS2_32.dll
0x00007ffadace0000 - 0x00007ffadad03000 	C:\WINDOWS\SYSTEM32\WINMM.dll
0x00007ffad4a00000 - 0x00007ffad4a0a000 	C:\WINDOWS\SYSTEM32\VERSION.dll
0x00007ffadacb0000 - 0x00007ffadacda000 	C:\WINDOWS\SYSTEM32\WINMMBASE.dll
0x00007ffadfb00000 - 0x00007ffadfb49000 	C:\WINDOWS\System32\cfgmgr32.dll
0x00007ffad8890000 - 0x00007ffad889f000 	C:\Program Files (x86)\Android\Android Studio\jre\jre\bin\verify.dll
0x00007ffad4980000 - 0x00007ffad49a9000 	C:\Program Files (x86)\Android\Android Studio\jre\jre\bin\java.dll
0x00007ffad8860000 - 0x00007ffad8876000 	C:\Program Files (x86)\Android\Android Studio\jre\jre\bin\zip.dll
0x00007ffae22b0000 - 0x00007ffae36ef000 	C:\WINDOWS\System32\SHELL32.dll
0x00007ffae1240000 - 0x00007ffae12e9000 	C:\WINDOWS\System32\shcore.dll
0x00007ffae0310000 - 0x00007ffae0a1d000 	C:\WINDOWS\System32\windows.storage.dll
0x00007ffae1ac0000 - 0x00007ffae1b11000 	C:\WINDOWS\System32\shlwapi.dll
0x00007ffadfac0000 - 0x00007ffadfad1000 	C:\WINDOWS\System32\kernel.appcore.dll
0x00007ffadfae0000 - 0x00007ffadfaff000 	C:\WINDOWS\System32\profapi.dll
0x00007ffadfa40000 - 0x00007ffadfa8c000 	C:\WINDOWS\System32\powrprof.dll
0x00007ffadfa90000 - 0x00007ffadfa9a000 	C:\WINDOWS\System32\FLTLIB.DLL
0x00007ffad4960000 - 0x00007ffad497a000 	C:\Program Files (x86)\Android\Android Studio\jre\jre\bin\net.dll
0x00007ffadf2c0000 - 0x00007ffadf326000 	C:\WINDOWS\system32\mswsock.dll
0x00007ffad4940000 - 0x00007ffad4951000 	C:\Program Files (x86)\Android\Android Studio\jre\jre\bin\nio.dll
0x00007ffada490000 - 0x00007ffada4ae000 	C:\Users\HP\.gradle\native\25\windows-amd64\native-platform.dll
0x00007ffad87b0000 - 0x00007ffad87bd000 	C:\Program Files (x86)\Android\Android Studio\jre\jre\bin\management.dll
0x00007ffadf470000 - 0x00007ffadf487000 	C:\WINDOWS\SYSTEM32\CRYPTSP.dll
0x00007ffadee40000 - 0x00007ffadee73000 	C:\WINDOWS\system32\rsaenh.dll
0x00007ffadf5a0000 - 0x00007ffadf5c5000 	C:\WINDOWS\SYSTEM32\bcrypt.dll
0x00007ffadf970000 - 0x00007ffadf998000 	C:\WINDOWS\SYSTEM32\USERENV.dll
0x00007ffadf490000 - 0x00007ffadf49b000 	C:\WINDOWS\SYSTEM32\CRYPTBASE.dll
0x00007ffadf040000 - 0x00007ffadf078000 	C:\WINDOWS\SYSTEM32\IPHLPAPI.DLL
0x00007ffae13e0000 - 0x00007ffae13e8000 	C:\WINDOWS\System32\NSI.dll
0x00007ffad5af0000 - 0x00007ffad5b06000 	C:\WINDOWS\SYSTEM32\dhcpcsvc6.DLL
0x00007ffad5e00000 - 0x00007ffad5e1a000 	C:\WINDOWS\SYSTEM32\dhcpcsvc.DLL

VM Arguments:
jvm_args: -Xmx1536m -Dfile.encoding=windows-1252 -Duser.country=US -Duser.language=en -Duser.variant 
java_command: org.gradle.launcher.daemon.bootstrap.GradleDaemon 4.4
java_class_path (initial): C:\Users\HP\.gradle\wrapper\dists\gradle-4.4-all\9br9xq1tocpiv8o6njlyu5op1\gradle-4.4\lib\gradle-launcher-4.4.jar
Launcher Type: SUN_STANDARD

Environment Variables:
PATH=C:\Program Files (x86)\Common Files\Oracle\Java\javapath;C:\Program Files (x86)\Common Files\ArcSoft\Bin;C:\Program Files (x86)\Intel\iCLS Client\;C:\Program Files\Intel\iCLS Client\;C:\WINDOWS\system32;C:\WINDOWS;C:\WINDOWS\System32\Wbem;C:\WINDOWS\System32\WindowsPowerShell\v1.0\;C:\Program Files (x86)\Intel\Intel(R) Management Engine Components\DAL;C:\Program Files\Intel\Intel(R) Management Engine Components\DAL;C:\Program Files (x86)\Intel\Intel(R) Management Engine Components\IPT;C:\Program Files\Intel\Intel(R) Management Engine Components\IPT;c:\Program Files\Intel\WiFi\bin\;c:\Program Files\Common Files\Intel\WirelessCommon\;C:\Program Files (x86)\GtkSharp\2.12\bin;C:\WINDOWS\System32\OpenSSH\;C:\Users\HP\AppData\Local\Android\Sdk;C:\Program Files (x86)\Java\jdk1.6.0_18\bin;%USERPROFILE%\AppData\Local\Microsoft\WindowsApps;
USERNAME=HP
OS=Windows_NT
PROCESSOR_IDENTIFIER=Intel64 Family 6 Model 61 Stepping 4, GenuineIntel



---------------  S Y S T E M  ---------------

OS: Windows 10.0 , 64 bit Build 17134 (10.0.17134.1)

CPU:total 4 (initial active 4) (2 cores per cpu, 2 threads per core) family 6 model 61 stepping 4, cmov, cx8, fxsr, mmx, sse, sse2, sse3, ssse3, sse4.1, sse4.2, popcnt, avx, avx2, aes, clmul, erms, 3dnowpref, lzcnt, ht, tsc, tscinvbit, bmi1, bmi2, adx

Memory: 4k page, physical 4082796k(278484k free), swap 4082796k(3184k free)

vm_info: OpenJDK 64-Bit Server VM (25.152-b02) for windows-amd64 JRE (1.8.0_152-release-1024-b02), built by "builder" with MS VC++ 10.0 (VS2010)

time: Fri Dec 28 11:59:42 2018
elapsed time: 7 seconds (0d 0h 0m 7s)

