#
# There is insufficient memory for the Java Runtime Environment to continue.
# Native memory allocation (malloc) failed to allocate 2155056 bytes for Chunk::new
# Possible reasons:
#   The system is out of physical RAM or swap space
#   In 32 bit mode, the process size limit was hit
# Possible solutions:
#   Reduce memory load on the system
#   Increase physical memory or swap space
#   Check if swap backing store is full
#   Use 64 bit Java on a 64 bit OS
#   Decrease Java heap size (-Xmx/-Xms)
#   Decrease number of Java threads
#   Decrease Java thread stack sizes (-Xss)
#   Set larger code cache with -XX:ReservedCodeCacheSize=
# This output file may be truncated or incomplete.
#
#  Out of Memory Error (allocation.cpp:390), pid=5872, tid=0x0000000000001a98
#
# JRE version: OpenJDK Runtime Environment (8.0_152-b02) (build 1.8.0_152-release-1024-b02)
# Java VM: OpenJDK 64-Bit Server VM (25.152-b02 mixed mode windows-amd64 compressed oops)
# Failed to write core dump. Minidumps are not enabled by default on client versions of Windows
#

---------------  T H R E A D  ---------------

Current thread (0x000000001635b800):  JavaThread "C2 CompilerThread0" daemon [_thread_in_native, id=6808, stack(0x00000000178c0000,0x00000000179c0000)]

Stack: [0x00000000178c0000,0x00000000179c0000]
[error occurred during error reporting (printing stack bounds), id 0xc0000005]

Native frames: (J=compiled Java code, j=interpreted, Vv=VM code, C=native code)


Current CompileTask:
C2:1843663 18949       4       com.android.ide.common.res2.NodeUtils::updateNamespace (161 bytes)


---------------  P R O C E S S  ---------------

Java Threads: ( => current thread )
  0x00000000196ef800 JavaThread "pool-10-thread-1" [_thread_blocked, id=8492, stack(0x0000000034500000,0x0000000034600000)]
  0x0000000017e09800 JavaThread "stdout" daemon [_thread_in_native, id=3800, stack(0x0000000034400000,0x0000000034500000)]
  0x0000000017e04800 JavaThread "stderr" daemon [_thread_in_native, id=10760, stack(0x0000000034300000,0x0000000034400000)]
  0x0000000017e06800 JavaThread "stdout" daemon [_thread_in_native, id=828, stack(0x0000000034200000,0x0000000034300000)]
  0x0000000017e06000 JavaThread "stderr" daemon [_thread_in_native, id=8680, stack(0x0000000034100000,0x0000000034200000)]
  0x0000000017e02000 JavaThread "stdout" daemon [_thread_in_native, id=276, stack(0x0000000034000000,0x0000000034100000)]
  0x0000000017e08000 JavaThread "stderr" daemon [_thread_in_native, id=5340, stack(0x0000000033f00000,0x0000000034000000)]
  0x0000000017e03800 JavaThread "stdout" daemon [_thread_in_native, id=1084, stack(0x0000000033e00000,0x0000000033f00000)]
  0x0000000017e09000 JavaThread "stderr" daemon [_thread_in_native, id=4500, stack(0x0000000033d00000,0x0000000033e00000)]
  0x0000000017e07800 JavaThread "queued-resource-processor_20" daemon [_thread_blocked, id=10064, stack(0x0000000033c00000,0x0000000033d00000)]
  0x0000000017e05000 JavaThread "queued-resource-processor_19" daemon [_thread_blocked, id=4384, stack(0x0000000033b00000,0x0000000033c00000)]
  0x0000000017dfa800 JavaThread "queued-resource-processor_18" daemon [_thread_blocked, id=10596, stack(0x0000000033a00000,0x0000000033b00000)]
  0x0000000017e01800 JavaThread "queued-resource-processor_17" daemon [_thread_blocked, id=560, stack(0x0000000033900000,0x0000000033a00000)]
  0x0000000017dfd800 JavaThread "Worker Daemon Execution Thread 9" [_thread_blocked, id=6728, stack(0x0000000033800000,0x0000000033900000)]
  0x0000000017dfc000 JavaThread "Worker Daemon Execution Thread 8" [_thread_blocked, id=3144, stack(0x0000000033700000,0x0000000033800000)]
  0x0000000017dfc800 JavaThread "Worker Daemon Execution Thread 7" [_thread_blocked, id=8516, stack(0x0000000033600000,0x0000000033700000)]
  0x0000000017dfe800 JavaThread "Worker Daemon Execution Thread 6" [_thread_blocked, id=1268, stack(0x0000000033500000,0x0000000033600000)]
  0x0000000017e00000 JavaThread "Worker Daemon Execution Thread 5" [_thread_blocked, id=1744, stack(0x0000000033400000,0x0000000033500000)]
  0x0000000017e00800 JavaThread "Worker Daemon Execution Thread 4" [_thread_blocked, id=9468, stack(0x0000000033300000,0x0000000033400000)]
  0x0000000017dfb000 JavaThread "Worker Daemon Execution Thread 3" [_thread_blocked, id=1980, stack(0x0000000033200000,0x0000000033300000)]
  0x000000001ca43800 JavaThread "Worker Daemon Execution Thread 2" [_thread_blocked, id=6836, stack(0x0000000033100000,0x0000000033200000)]
  0x000000001ca42000 JavaThread "Worker Daemon Execution" [_thread_blocked, id=2192, stack(0x0000000033000000,0x0000000033100000)]
  0x000000001ca44800 JavaThread "Task worker for ':' Thread 3" [_thread_blocked, id=2776, stack(0x0000000032f00000,0x0000000033000000)]
  0x000000001ca43000 JavaThread "Task worker for ':' Thread 2" [_thread_blocked, id=9464, stack(0x0000000032e00000,0x0000000032f00000)]
  0x000000001ca3d000 JavaThread "Task worker for ':'" [_thread_blocked, id=9716, stack(0x0000000032d00000,0x0000000032e00000)]
  0x000000001ca40000 JavaThread "Cache worker for Build Output Cleanup Cache (H:\AndroidStudioProjects\LogInPage\.gradle\buildOutputCleanup)" [_thread_blocked, id=8420, stack(0x0000000032c00000,0x0000000032d00000)]
  0x000000001ca3a800 JavaThread "Cache worker for task history cache (H:\AndroidStudioProjects\LogInPage\.gradle\4.4\taskHistory)" [_thread_blocked, id=10408, stack(0x0000000032b00000,0x0000000032c00000)]
  0x000000001ca41800 JavaThread "Cache worker for file content cache (H:\AndroidStudioProjects\LogInPage\.gradle\4.4\fileContent)" [_thread_blocked, id=912, stack(0x0000000032a00000,0x0000000032b00000)]
  0x000000001ca3f000 JavaThread "build operations Thread 4" [_thread_blocked, id=6104, stack(0x0000000032900000,0x0000000032a00000)]
  0x000000001ca3d800 JavaThread "build operations Thread 3" [_thread_blocked, id=6840, stack(0x0000000032800000,0x0000000032900000)]
  0x000000001ca3e800 JavaThread "build operations Thread 2" [_thread_blocked, id=8708, stack(0x0000000032700000,0x0000000032800000)]
  0x000000001ca35800 JavaThread "build operations" [_thread_blocked, id=5000, stack(0x0000000032600000,0x0000000032700000)]
  0x000000001ca3a000 JavaThread "Cache worker for Artifact transforms cache (C:\Users\HP\.gradle\caches\transforms-1)" [_thread_blocked, id=8860, stack(0x0000000032500000,0x0000000032600000)]
  0x000000001ca3c000 JavaThread "Cache worker for file hash cache (H:\AndroidStudioProjects\LogInPage\.gradle\4.4\fileHashes)" [_thread_blocked, id=2028, stack(0x0000000032400000,0x0000000032500000)]
  0x000000001ca37800 JavaThread "Stdin handler" [_thread_blocked, id=11092, stack(0x0000000032300000,0x0000000032400000)]
  0x000000001ca37000 JavaThread "Asynchronous log dispatcher for DefaultDaemonConnection: socket connection from /127.0.0.1:2319 to /127.0.0.1:2700" [_thread_blocked, id=8032, stack(0x0000000032200000,0x0000000032300000)]
  0x000000001ca3b800 JavaThread "Daemon worker Thread 6" [_thread_blocked, id=2320, stack(0x0000000032100000,0x0000000032200000)]
  0x000000001ca36000 JavaThread "Cancel handler" [_thread_blocked, id=8956, stack(0x0000000032000000,0x0000000032100000)]
  0x000000001ca39000 JavaThread "Handler for socket connection from /127.0.0.1:2319 to /127.0.0.1:2700" [_thread_in_native, id=4548, stack(0x0000000031f00000,0x0000000032000000)]
  0x000000001ca38800 JavaThread "Daemon Thread 6" [_thread_blocked, id=10872, stack(0x0000000031e00000,0x0000000031f00000)]
  0x00000000196f0000 JavaThread "Java2D Disposer" daemon [_thread_blocked, id=3792, stack(0x0000000030200000,0x0000000030300000)]
  0x000000001ccab800 JavaThread "Memory manager" [_thread_blocked, id=10568, stack(0x00000000207e0000,0x00000000208e0000)]
  0x000000001917f000 JavaThread "File lock request listener" [_thread_in_native, id=7172, stack(0x000000001ad10000,0x000000001ae10000)]
  0x0000000019263000 JavaThread "Cache worker for file hash cache (C:\Users\HP\.gradle\caches\4.4\fileHashes)" [_thread_blocked, id=11156, stack(0x000000001ac10000,0x000000001ad10000)]
  0x00000000192cf800 JavaThread "Daemon periodic checks" [_thread_blocked, id=4420, stack(0x000000001a110000,0x000000001a210000)]
  0x00000000192ad800 JavaThread "Incoming local TCP Connector on port 2319" [_thread_in_native, id=10876, stack(0x0000000019ed0000,0x0000000019fd0000)]
  0x0000000017be8800 JavaThread "Service Thread" daemon [_thread_blocked, id=6716, stack(0x0000000017fc0000,0x00000000180c0000)]
  0x000000001636a000 JavaThread "C1 CompilerThread2" daemon [_thread_blocked, id=9908, stack(0x0000000017ac0000,0x0000000017bc0000)]
  0x0000000016361800 JavaThread "C2 CompilerThread1" daemon [_thread_blocked, id=3896, stack(0x00000000179c0000,0x0000000017ac0000)]
=>0x000000001635b800 JavaThread "C2 CompilerThread0" daemon [_thread_in_native, id=6808, stack(0x00000000178c0000,0x00000000179c0000)]
  0x000000001635a000 JavaThread "Attach Listener" daemon [_thread_blocked, id=10300, stack(0x00000000177c0000,0x00000000178c0000)]
  0x0000000016358800 JavaThread "Signal Dispatcher" daemon [_thread_blocked, id=7528, stack(0x00000000176c0000,0x00000000177c0000)]
  0x00000000028ec800 JavaThread "Finalizer" daemon [_thread_blocked, id=2588, stack(0x00000000175c0000,0x00000000176c0000)]
  0x00000000028e1800 JavaThread "Reference Handler" daemon [_thread_blocked, id=8232, stack(0x00000000174c0000,0x00000000175c0000)]
  0x00000000029ee000 JavaThread "main" [_thread_blocked, id=5856, stack(0x0000000002660000,0x0000000002760000)]

Other Threads:
  0x0000000016326800 VMThread [stack: 0x00000000173c0000,0x00000000174c0000] [id=6656]
  0x0000000017bf2800 WatcherThread [stack: 0x00000000180c0000,0x00000000181c0000] [id=4880]

VM state:not at safepoint (normal execution)

VM Mutex/Monitor currently owned by a thread: None

Heap:
 PSYoungGen      total 221696K, used 123730K [0x00000000e0000000, 0x00000000efa00000, 0x0000000100000000)
  eden space 191488K, 56% used [0x00000000e0000000,0x00000000e69be5d8,0x00000000ebb00000)
  from space 30208K, 51% used [0x00000000edc80000,0x00000000eeb96408,0x00000000efa00000)
  to   space 32256K, 0% used [0x00000000ebb00000,0x00000000ebb00000,0x00000000eda80000)
 ParOldGen       total 198656K, used 157471K [0x00000000a0000000, 0x00000000ac200000, 0x00000000e0000000)
  object space 198656K, 79% used [0x00000000a0000000,0x00000000a99c7e20,0x00000000ac200000)
 Metaspace       used 85387K, capacity 89247K, committed 89560K, reserved 1126400K
  class space    used 10890K, capacity 11709K, committed 11776K, reserved 1048576K

Card table byte_map: [0x0000000011db0000,0x00000000120c0000] byte_map_base: 0x00000000118b0000

Marking Bits: (ParMarkBitMap*) 0x0000000054ae4970
 Begin Bits: [0x00000000126c0000, 0x0000000013ec0000)
 End Bits:   [0x0000000013ec0000, 0x00000000156c0000)

Polling page: 0x0000000000d40000

CodeCache: size=245760Kb used=51540Kb max_used=51558Kb free=194219Kb
 bounds [0x00000000029f0000, 0x0000000005ca0000, 0x00000000119f0000]
 total_blobs=16052 nmethods=15077 adapters=887
 compilation: enabled

Compilation events (10 events):
Event: 1843.029 Thread 0x000000001635b800 18949       4       com.android.ide.common.res2.NodeUtils::updateNamespace (161 bytes)
Event: 1843.094 Thread 0x0000000016361800 nmethod 18951 0x0000000005c5f750 code [0x0000000005c5f9c0, 0x0000000005c61168]
Event: 1843.094 Thread 0x0000000016361800 18952       4       com.android.ide.common.blame.SourceFilePosition::equals (55 bytes)
Event: 1843.125 Thread 0x0000000016361800 nmethod 18952 0x0000000005c64090 code [0x0000000005c64240, 0x0000000005c64960]
Event: 1843.125 Thread 0x0000000016361800 18953       4       com.android.utils.XmlUtils::getSourceFilePosition (33 bytes)
Event: 1843.137 Thread 0x0000000016361800 nmethod 18953 0x0000000005c5eed0 code [0x0000000005c5f060, 0x0000000005c5f3a8]
Event: 1843.137 Thread 0x0000000016361800 18954       4       com.android.utils.PositionXmlParser::getPositionHelper (757 bytes)
Event: 1843.142 Thread 0x0000000016361800 nmethod 18954 0x0000000005c4ff90 code [0x0000000005c50100, 0x0000000005c502d8]
Event: 1843.142 Thread 0x0000000016361800 18947       4       com.android.ide.common.res2.NodeUtils::adoptNode (15 bytes)
Event: 1843.253 Thread 0x0000000016361800 nmethod 18947 0x0000000005c8d710 code [0x0000000005c8d960, 0x0000000005c8f8d0]

GC Heap History (10 events):
Event: 1733.154 GC heap before
{Heap before GC invocations=36 (full 4):
 PSYoungGen      total 159744K, used 122677K [0x00000000e0000000, 0x00000000edc00000, 0x0000000100000000)
  eden space 120832K, 100% used [0x00000000e0000000,0x00000000e7600000,0x00000000e7600000)
  from space 38912K, 4% used [0x00000000e7600000,0x00000000e77cd648,0x00000000e9c00000)
  to   space 38912K, 0% used [0x00000000eb600000,0x00000000eb600000,0x00000000edc00000)
 ParOldGen       total 198656K, used 129357K [0x00000000a0000000, 0x00000000ac200000, 0x00000000e0000000)
  object space 198656K, 65% used [0x00000000a0000000,0x00000000a7e53660,0x00000000ac200000)
 Metaspace       used 82231K, capacity 85883K, committed 86232K, reserved 1124352K
  class space    used 10621K, capacity 11385K, committed 11520K, reserved 1048576K
Event: 1733.171 GC heap after
Heap after GC invocations=36 (full 4):
 PSYoungGen      total 182272K, used 1472K [0x00000000e0000000, 0x00000000eda00000, 0x0000000100000000)
  eden space 145408K, 0% used [0x00000000e0000000,0x00000000e0000000,0x00000000e8e00000)
  from space 36864K, 3% used [0x00000000eb600000,0x00000000eb770000,0x00000000eda00000)
  to   space 38912K, 0% used [0x00000000e8e00000,0x00000000e8e00000,0x00000000eb400000)
 ParOldGen       total 198656K, used 129773K [0x00000000a0000000, 0x00000000ac200000, 0x00000000e0000000)
  object space 198656K, 65% used [0x00000000a0000000,0x00000000a7ebb6c0,0x00000000ac200000)
 Metaspace       used 82231K, capacity 85883K, committed 86232K, reserved 1124352K
  class space    used 10621K, capacity 11385K, committed 11520K, reserved 1048576K
}
Event: 1747.610 GC heap before
{Heap before GC invocations=37 (full 4):
 PSYoungGen      total 182272K, used 146880K [0x00000000e0000000, 0x00000000eda00000, 0x0000000100000000)
  eden space 145408K, 100% used [0x00000000e0000000,0x00000000e8e00000,0x00000000e8e00000)
  from space 36864K, 3% used [0x00000000eb600000,0x00000000eb770000,0x00000000eda00000)
  to   space 38912K, 0% used [0x00000000e8e00000,0x00000000e8e00000,0x00000000eb400000)
 ParOldGen       total 198656K, used 129773K [0x00000000a0000000, 0x00000000ac200000, 0x00000000e0000000)
  object space 198656K, 65% used [0x00000000a0000000,0x00000000a7ebb6c0,0x00000000ac200000)
 Metaspace       used 82775K, capacity 86451K, committed 86744K, reserved 1124352K
  class space    used 10644K, capacity 11415K, committed 11520K, reserved 1048576K
Event: 1747.640 GC heap after
Heap after GC invocations=37 (full 4):
 PSYoungGen      total 184320K, used 14637K [0x00000000e0000000, 0x00000000eec00000, 0x0000000100000000)
  eden space 145408K, 0% used [0x00000000e0000000,0x00000000e0000000,0x00000000e8e00000)
  from space 38912K, 37% used [0x00000000e8e00000,0x00000000e9c4b7b8,0x00000000eb400000)
  to   space 36864K, 0% used [0x00000000ec800000,0x00000000ec800000,0x00000000eec00000)
 ParOldGen       total 198656K, used 130213K [0x00000000a0000000, 0x00000000ac200000, 0x00000000e0000000)
  object space 198656K, 65% used [0x00000000a0000000,0x00000000a7f29728,0x00000000ac200000)
 Metaspace       used 82775K, capacity 86451K, committed 86744K, reserved 1124352K
  class space    used 10644K, capacity 11415K, committed 11520K, reserved 1048576K
}
Event: 1749.767 GC heap before
{Heap before GC invocations=38 (full 4):
 PSYoungGen      total 184320K, used 160045K [0x00000000e0000000, 0x00000000eec00000, 0x0000000100000000)
  eden space 145408K, 100% used [0x00000000e0000000,0x00000000e8e00000,0x00000000e8e00000)
  from space 38912K, 37% used [0x00000000e8e00000,0x00000000e9c4b7b8,0x00000000eb400000)
  to   space 36864K, 0% used [0x00000000ec800000,0x00000000ec800000,0x00000000eec00000)
 ParOldGen       total 198656K, used 130213K [0x00000000a0000000, 0x00000000ac200000, 0x00000000e0000000)
  object space 198656K, 65% used [0x00000000a0000000,0x00000000a7f29728,0x00000000ac200000)
 Metaspace       used 84249K, capacity 88041K, committed 88152K, reserved 1126400K
  class space    used 10800K, capacity 11628K, committed 11648K, reserved 1048576K
Event: 1749.855 GC heap after
Heap after GC invocations=38 (full 4):
 PSYoungGen      total 201728K, used 11287K [0x00000000e0000000, 0x00000000ee880000, 0x0000000100000000)
  eden space 168448K, 0% used [0x00000000e0000000,0x00000000e0000000,0x00000000ea480000)
  from space 33280K, 33% used [0x00000000ec800000,0x00000000ed305ff8,0x00000000ee880000)
  to   space 34816K, 0% used [0x00000000ea480000,0x00000000ea480000,0x00000000ec680000)
 ParOldGen       total 198656K, used 144482K [0x00000000a0000000, 0x00000000ac200000, 0x00000000e0000000)
  object space 198656K, 72% used [0x00000000a0000000,0x00000000a8d18ad0,0x00000000ac200000)
 Metaspace       used 84249K, capacity 88041K, committed 88152K, reserved 1126400K
  class space    used 10800K, capacity 11628K, committed 11648K, reserved 1048576K
}
Event: 1836.422 GC heap before
{Heap before GC invocations=39 (full 4):
 PSYoungGen      total 201728K, used 179735K [0x00000000e0000000, 0x00000000ee880000, 0x0000000100000000)
  eden space 168448K, 100% used [0x00000000e0000000,0x00000000ea480000,0x00000000ea480000)
  from space 33280K, 33% used [0x00000000ec800000,0x00000000ed305ff8,0x00000000ee880000)
  to   space 34816K, 0% used [0x00000000ea480000,0x00000000ea480000,0x00000000ec680000)
 ParOldGen       total 198656K, used 144482K [0x00000000a0000000, 0x00000000ac200000, 0x00000000e0000000)
  object space 198656K, 72% used [0x00000000a0000000,0x00000000a8d18ad0,0x00000000ac200000)
 Metaspace       used 85283K, capacity 89183K, committed 89304K, reserved 1126400K
  class space    used 10890K, capacity 11709K, committed 11776K, reserved 1048576K
Event: 1836.451 GC heap after
Heap after GC invocations=39 (full 4):
 PSYoungGen      total 203264K, used 8656K [0x00000000e0000000, 0x00000000efd00000, 0x0000000100000000)
  eden space 168448K, 0% used [0x00000000e0000000,0x00000000e0000000,0x00000000ea480000)
  from space 34816K, 24% used [0x00000000ea480000,0x00000000eacf4060,0x00000000ec680000)
  to   space 33280K, 0% used [0x00000000edc80000,0x00000000edc80000,0x00000000efd00000)
 ParOldGen       total 198656K, used 149514K [0x00000000a0000000, 0x00000000ac200000, 0x00000000e0000000)
  object space 198656K, 75% used [0x00000000a0000000,0x00000000a9202a48,0x00000000ac200000)
 Metaspace       used 85283K, capacity 89183K, committed 89304K, reserved 1126400K
  class space    used 10890K, capacity 11709K, committed 11776K, reserved 1048576K
}
Event: 1841.272 GC heap before
{Heap before GC invocations=40 (full 4):
 PSYoungGen      total 203264K, used 177104K [0x00000000e0000000, 0x00000000efd00000, 0x0000000100000000)
  eden space 168448K, 100% used [0x00000000e0000000,0x00000000ea480000,0x00000000ea480000)
  from space 34816K, 24% used [0x00000000ea480000,0x00000000eacf4060,0x00000000ec680000)
  to   space 33280K, 0% used [0x00000000edc80000,0x00000000edc80000,0x00000000efd00000)
 ParOldGen       total 198656K, used 149514K [0x00000000a0000000, 0x00000000ac200000, 0x00000000e0000000)
  object space 198656K, 75% used [0x00000000a0000000,0x00000000a9202a48,0x00000000ac200000)
 Metaspace       used 85341K, capacity 89183K, committed 89304K, reserved 1126400K
  class space    used 10890K, capacity 11709K, committed 11776K, reserved 1048576K
Event: 1841.331 GC heap after
Heap after GC invocations=40 (full 4):
 PSYoungGen      total 221696K, used 15449K [0x00000000e0000000, 0x00000000efa00000, 0x0000000100000000)
  eden space 191488K, 0% used [0x00000000e0000000,0x00000000e0000000,0x00000000ebb00000)
  from space 30208K, 51% used [0x00000000edc80000,0x00000000eeb96408,0x00000000efa00000)
  to   space 32256K, 0% used [0x00000000ebb00000,0x00000000ebb00000,0x00000000eda80000)
 ParOldGen       total 198656K, used 157471K [0x00000000a0000000, 0x00000000ac200000, 0x00000000e0000000)
  object space 198656K, 79% used [0x00000000a0000000,0x00000000a99c7e20,0x00000000ac200000)
 Metaspace       used 85341K, capacity 89183K, committed 89304K, reserved 1126400K
  class space    used 10890K, capacity 11709K, committed 11776K, reserved 1048576K
}

Deoptimization events (10 events):
Event: 1843.012 Thread 0x000000001ca3d000 Uncommon trap: reason=unstable_if action=reinterpret pc=0x0000000004731d90 method=com.sun.org.apache.xerces.internal.dom.NodeImpl.setOwnerDocument(Lcom/sun/org/apache/xerces/internal/dom/CoreDocumentImpl;)V @ 4
Event: 1843.012 Thread 0x000000001ca3d000 Uncommon trap: reason=unstable_if action=reinterpret pc=0x0000000003fecaac method=com.sun.org.apache.xerces.internal.dom.NodeImpl.setOwnerDocument(Lcom/sun/org/apache/xerces/internal/dom/CoreDocumentImpl;)V @ 4
Event: 1843.012 Thread 0x000000001ca3d000 Uncommon trap: reason=unstable_if action=reinterpret pc=0x0000000003842d48 method=com.sun.org.apache.xerces.internal.dom.NodeImpl.setOwnerDocument(Lcom/sun/org/apache/xerces/internal/dom/CoreDocumentImpl;)V @ 4
Event: 1843.015 Thread 0x000000001ca3d000 Uncommon trap: reason=unstable_if action=reinterpret pc=0x00000000038c69a8 method=com.sun.org.apache.xerces.internal.dom.ChildNode.getParentNode()Lorg/w3c/dom/Node; @ 4
Event: 1843.020 Thread 0x000000001ca3d000 Uncommon trap: reason=class_check action=maybe_recompile pc=0x0000000005bae700 method=com.android.ide.common.res2.NodeUtils.processSingleNodeNamespace(Lorg/w3c/dom/Node;Lorg/w3c/dom/Document;)Z @ 100
Event: 1843.020 Thread 0x000000001ca3d000 Uncommon trap: reason=class_check action=maybe_recompile pc=0x0000000005bae3f8 method=com.android.ide.common.res2.NodeUtils.processSingleNodeNamespace(Lorg/w3c/dom/Node;Lorg/w3c/dom/Document;)Z @ 100
Event: 1843.020 Thread 0x000000001ca3d000 Uncommon trap: reason=class_check action=maybe_recompile pc=0x0000000005bae700 method=com.android.ide.common.res2.NodeUtils.processSingleNodeNamespace(Lorg/w3c/dom/Node;Lorg/w3c/dom/Document;)Z @ 100
Event: 1843.020 Thread 0x000000001ca3d000 Uncommon trap: reason=class_check action=maybe_recompile pc=0x0000000005bae3f8 method=com.android.ide.common.res2.NodeUtils.processSingleNodeNamespace(Lorg/w3c/dom/Node;Lorg/w3c/dom/Document;)Z @ 100
Event: 1843.022 Thread 0x000000001ca3d000 Uncommon trap: reason=class_check action=maybe_recompile pc=0x00000000038c8190 method=com.android.ide.common.res2.NodeUtils.processSingleNodeNamespace(Lorg/w3c/dom/Node;Lorg/w3c/dom/Document;)Z @ 100
Event: 1843.469 Thread 0x0000000017dfa800 Uncommon trap: reason=unstable_if action=reinterpret pc=0x0000000002e6405c method=java.util.concurrent.ConcurrentHashMap.addCount(JI)V @ 34

Classes redefined (0 events):
No events

Internal exceptions (10 events):
Event: 1833.349 Thread 0x000000001ca3b800 Exception <a 'sun/nio/fs/WindowsException'> (0x00000000e761b670) thrown at [D:\src\AOSP-openjdk-cygwin\jdk8u\hotspot\src\share\vm\prims\jni.cpp, line 709]
Event: 1833.349 Thread 0x000000001ca3b800 Exception <a 'sun/nio/fs/WindowsException'> (0x00000000e761c1d8) thrown at [D:\src\AOSP-openjdk-cygwin\jdk8u\hotspot\src\share\vm\prims\jni.cpp, line 709]
Event: 1833.350 Thread 0x000000001ca3b800 Exception <a 'sun/nio/fs/WindowsException'> (0x00000000e761ec50) thrown at [D:\src\AOSP-openjdk-cygwin\jdk8u\hotspot\src\share\vm\prims\jni.cpp, line 709]
Event: 1833.350 Thread 0x000000001ca3b800 Exception <a 'sun/nio/fs/WindowsException'> (0x00000000e761f7e8) thrown at [D:\src\AOSP-openjdk-cygwin\jdk8u\hotspot\src\share\vm\prims\jni.cpp, line 709]
Event: 1833.350 Thread 0x000000001ca3b800 Exception <a 'sun/nio/fs/WindowsException'> (0x00000000e76213b0) thrown at [D:\src\AOSP-openjdk-cygwin\jdk8u\hotspot\src\share\vm\prims\jni.cpp, line 709]
Event: 1833.350 Thread 0x000000001ca3b800 Exception <a 'sun/nio/fs/WindowsException'> (0x00000000e7621f88) thrown at [D:\src\AOSP-openjdk-cygwin\jdk8u\hotspot\src\share\vm\prims\jni.cpp, line 709]
Event: 1833.355 Thread 0x000000001ca3b800 Exception <a 'sun/nio/fs/WindowsException'> (0x00000000e7624e70) thrown at [D:\src\AOSP-openjdk-cygwin\jdk8u\hotspot\src\share\vm\prims\jni.cpp, line 709]
Event: 1833.355 Thread 0x000000001ca3b800 Exception <a 'sun/nio/fs/WindowsException'> (0x00000000e7625988) thrown at [D:\src\AOSP-openjdk-cygwin\jdk8u\hotspot\src\share\vm\prims\jni.cpp, line 709]
Event: 1833.355 Thread 0x000000001ca3b800 Exception <a 'sun/nio/fs/WindowsException'> (0x00000000e76274d8) thrown at [D:\src\AOSP-openjdk-cygwin\jdk8u\hotspot\src\share\vm\prims\jni.cpp, line 709]
Event: 1833.355 Thread 0x000000001ca3b800 Exception <a 'sun/nio/fs/WindowsException'> (0x00000000e7628030) thrown at [D:\src\AOSP-openjdk-cygwin\jdk8u\hotspot\src\share\vm\prims\jni.cpp, line 709]

Events (10 events):
Event: 1843.108 Thread 0x0000000017e02000 Thread added: 0x0000000017e02000
Event: 1843.122 Thread 0x0000000017e06000 Thread added: 0x0000000017e06000
Event: 1843.122 Thread 0x0000000017e06800 Thread added: 0x0000000017e06800
Event: 1843.135 Thread 0x0000000017e04800 Thread added: 0x0000000017e04800
Event: 1843.135 Thread 0x0000000017e09800 Thread added: 0x0000000017e09800
Event: 1843.469 Thread 0x0000000017dfa800 Uncommon trap: trap_request=0xffffff65 fr.pc=0x0000000002e6405c
Event: 1843.469 Executing VM operation: RevokeBias
Event: 1843.470 Executing VM operation: RevokeBias done
Event: 1843.470 Thread 0x0000000017dfa800 DEOPT PACKING pc=0x0000000002e6405c sp=0x0000000033aff1b0
Event: 1843.470 Thread 0x0000000017dfa800 DEOPT UNPACKING pc=0x0000000002a3557b sp=0x0000000033aff0f8 mode 2


Dynamic libraries:
0x00007ff62c300000 - 0x00007ff62c331000 	C:\Program Files (x86)\Android\Android Studio\jre\bin\java.exe
0x00007ffe13090000 - 0x00007ffe13271000 	C:\WINDOWS\SYSTEM32\ntdll.dll
0x00007ffe0bb90000 - 0x00007ffe0bba2000 	C:\Program Files\AVAST Software\Avast\aswhook.dll
0x00007ffe10530000 - 0x00007ffe105e2000 	C:\WINDOWS\System32\KERNEL32.DLL
0x00007ffe0ff00000 - 0x00007ffe10173000 	C:\WINDOWS\System32\KERNELBASE.dll
0x00007ffe12c20000 - 0x00007ffe12cc1000 	C:\WINDOWS\System32\ADVAPI32.dll
0x00007ffe12f20000 - 0x00007ffe12fbe000 	C:\WINDOWS\System32\msvcrt.dll
0x00007ffe107a0000 - 0x00007ffe107fb000 	C:\WINDOWS\System32\sechost.dll
0x00007ffe12dc0000 - 0x00007ffe12ee4000 	C:\WINDOWS\System32\RPCRT4.dll
0x00007ffe12210000 - 0x00007ffe123a0000 	C:\WINDOWS\System32\USER32.dll
0x00007ffe0f720000 - 0x00007ffe0f740000 	C:\WINDOWS\System32\win32u.dll
0x00007ffe12ef0000 - 0x00007ffe12f18000 	C:\WINDOWS\System32\GDI32.dll
0x00007ffe10380000 - 0x00007ffe10512000 	C:\WINDOWS\System32\gdi32full.dll
0x00007ffe10180000 - 0x00007ffe1021f000 	C:\WINDOWS\System32\msvcp_win.dll
0x00007ffe10280000 - 0x00007ffe1037a000 	C:\WINDOWS\System32\ucrtbase.dll
0x00007ffdffdf0000 - 0x00007ffe00059000 	C:\WINDOWS\WinSxS\amd64_microsoft.windows.common-controls_6595b64144ccf1df_6.0.17134.523_none_fb409dd930672a56\COMCTL32.dll
0x00007ffe10800000 - 0x00007ffe10b22000 	C:\WINDOWS\System32\combase.dll
0x00007ffe0f460000 - 0x00007ffe0f4da000 	C:\WINDOWS\System32\bcryptPrimitives.dll
0x00007ffe12110000 - 0x00007ffe1213d000 	C:\WINDOWS\System32\IMM32.DLL
0x0000000054160000 - 0x0000000054232000 	C:\Program Files (x86)\Android\Android Studio\jre\jre\bin\msvcr100.dll
0x0000000054320000 - 0x0000000054b5f000 	C:\Program Files (x86)\Android\Android Studio\jre\jre\bin\server\jvm.dll
0x00007ffe12cd0000 - 0x00007ffe12cd8000 	C:\WINDOWS\System32\PSAPI.DLL
0x00007ffe00560000 - 0x00007ffe00569000 	C:\WINDOWS\SYSTEM32\WSOCK32.dll
0x00007ffe121a0000 - 0x00007ffe1220c000 	C:\WINDOWS\System32\WS2_32.dll
0x00007ffe09600000 - 0x00007ffe09623000 	C:\WINDOWS\SYSTEM32\WINMM.dll
0x00007ffe04130000 - 0x00007ffe0413a000 	C:\WINDOWS\SYSTEM32\VERSION.dll
0x00007ffe095d0000 - 0x00007ffe095fa000 	C:\WINDOWS\SYSTEM32\WINMMBASE.dll
0x00007ffe0f4e0000 - 0x00007ffe0f529000 	C:\WINDOWS\System32\cfgmgr32.dll
0x00007ffe0a6e0000 - 0x00007ffe0a6ef000 	C:\Program Files (x86)\Android\Android Studio\jre\jre\bin\verify.dll
0x00007ffe093f0000 - 0x00007ffe09419000 	C:\Program Files (x86)\Android\Android Studio\jre\jre\bin\java.dll
0x00007ffe09960000 - 0x00007ffe09976000 	C:\Program Files (x86)\Android\Android Studio\jre\jre\bin\zip.dll
0x00007ffe10c20000 - 0x00007ffe12060000 	C:\WINDOWS\System32\SHELL32.dll
0x00007ffe12060000 - 0x00007ffe12109000 	C:\WINDOWS\System32\shcore.dll
0x00007ffe0f7f0000 - 0x00007ffe0fefd000 	C:\WINDOWS\System32\windows.storage.dll
0x00007ffe12ce0000 - 0x00007ffe12d31000 	C:\WINDOWS\System32\shlwapi.dll
0x00007ffe0f440000 - 0x00007ffe0f451000 	C:\WINDOWS\System32\kernel.appcore.dll
0x00007ffe0f3d0000 - 0x00007ffe0f3ef000 	C:\WINDOWS\System32\profapi.dll
0x00007ffe0f3f0000 - 0x00007ffe0f43c000 	C:\WINDOWS\System32\powrprof.dll
0x00007ffe0f3a0000 - 0x00007ffe0f3aa000 	C:\WINDOWS\System32\FLTLIB.DLL
0x00007ffe098d0000 - 0x00007ffe098ea000 	C:\Program Files (x86)\Android\Android Studio\jre\jre\bin\net.dll
0x00007ffe0ec20000 - 0x00007ffe0ec86000 	C:\WINDOWS\system32\mswsock.dll
0x00007ffe094f0000 - 0x00007ffe09501000 	C:\Program Files (x86)\Android\Android Studio\jre\jre\bin\nio.dll
0x00007ffe096d0000 - 0x00007ffe096ee000 	C:\Users\HP\.gradle\native\25\windows-amd64\native-platform.dll
0x00007ffe09be0000 - 0x00007ffe09bed000 	C:\Program Files (x86)\Android\Android Studio\jre\jre\bin\management.dll
0x00007ffe0edd0000 - 0x00007ffe0ede7000 	C:\WINDOWS\SYSTEM32\CRYPTSP.dll
0x00007ffe0e7a0000 - 0x00007ffe0e7d3000 	C:\WINDOWS\system32\rsaenh.dll
0x00007ffe0ef00000 - 0x00007ffe0ef25000 	C:\WINDOWS\SYSTEM32\bcrypt.dll
0x00007ffe0f2a0000 - 0x00007ffe0f2c8000 	C:\WINDOWS\SYSTEM32\USERENV.dll
0x00007ffe0edf0000 - 0x00007ffe0edfb000 	C:\WINDOWS\SYSTEM32\CRYPTBASE.dll
0x00007ffe0e9a0000 - 0x00007ffe0e9d8000 	C:\WINDOWS\SYSTEM32\IPHLPAPI.DLL
0x00007ffe10790000 - 0x00007ffe10798000 	C:\WINDOWS\System32\NSI.dll
0x00007ffe078c0000 - 0x00007ffe078d6000 	C:\WINDOWS\SYSTEM32\dhcpcsvc6.DLL
0x00007ffe094a0000 - 0x00007ffe094ba000 	C:\WINDOWS\SYSTEM32\dhcpcsvc.DLL
0x00007ffe036a0000 - 0x00007ffe036c4000 	C:\Program Files (x86)\Android\Android Studio\jre\jre\bin\sunec.dll
0x00007ffe0e9f0000 - 0x00007ffe0eaae000 	C:\WINDOWS\SYSTEM32\DNSAPI.dll
0x00007ffe033b0000 - 0x00007ffe033ba000 	C:\Windows\System32\rasadhlp.dll
0x00007ffdf0720000 - 0x00007ffdf0792000 	C:\WINDOWS\System32\fwpuclnt.dll
0x00007ffe0ac50000 - 0x00007ffe0ac5b000 	C:\Program Files (x86)\Android\Android Studio\jre\jre\bin\sunmscapi.dll
0x00007ffe0f530000 - 0x00007ffe0f712000 	C:\WINDOWS\System32\CRYPT32.dll
0x00007ffe0f3b0000 - 0x00007ffe0f3c2000 	C:\WINDOWS\System32\MSASN1.dll
0x00007ffdff380000 - 0x00007ffdff516000 	C:\Program Files (x86)\Android\Android Studio\jre\jre\bin\awt.dll
0x00007ffe12b50000 - 0x00007ffe12c12000 	C:\WINDOWS\System32\OLEAUT32.dll
0x00007ffe0c450000 - 0x00007ffe0ca17000 	C:\WINDOWS\SYSTEM32\d2d1.dll
0x00007ffe0d100000 - 0x00007ffe0d18b000 	C:\WINDOWS\SYSTEM32\apphelp.dll
0x00007ffe0d510000 - 0x00007ffe0d539000 	C:\WINDOWS\system32\DWMAPI.DLL
0x00007ffe0d280000 - 0x00007ffe0d318000 	C:\WINDOWS\system32\uxtheme.dll

VM Arguments:
jvm_args: -Xmx1536m -Dfile.encoding=windows-1252 -Duser.country=US -Duser.language=en -Duser.variant 
java_command: org.gradle.launcher.daemon.bootstrap.GradleDaemon 4.4
java_class_path (initial): C:\Users\HP\.gradle\wrapper\dists\gradle-4.4-all\9br9xq1tocpiv8o6njlyu5op1\gradle-4.4\lib\gradle-launcher-4.4.jar
Launcher Type: SUN_STANDARD

Environment Variables:
PATH=C:\Program Files (x86)\Common Files\Oracle\Java\javapath;C:\Program Files (x86)\Common Files\ArcSoft\Bin;C:\Program Files (x86)\Intel\iCLS Client\;C:\Program Files\Intel\iCLS Client\;C:\WINDOWS\system32;C:\WINDOWS;C:\WINDOWS\System32\Wbem;C:\WINDOWS\System32\WindowsPowerShell\v1.0\;C:\Program Files (x86)\Intel\Intel(R) Management Engine Components\DAL;C:\Program Files\Intel\Intel(R) Management Engine Components\DAL;C:\Program Files (x86)\Intel\Intel(R) Management Engine Components\IPT;C:\Program Files\Intel\Intel(R) Management Engine Components\IPT;c:\Program Files\Intel\WiFi\bin\;c:\Program Files\Common Files\Intel\WirelessCommon\;C:\Program Files (x86)\GtkSharp\2.12\bin;C:\WINDOWS\System32\OpenSSH\;C:\Users\HP\AppData\Local\Android\Sdk;C:\Program Files (x86)\Java\jdk1.6.0_18\bin;%USERPROFILE%\AppData\Local\Microsoft\WindowsApps;
USERNAME=HP
OS=Windows_NT
PROCESSOR_IDENTIFIER=Intel64 Family 6 Model 61 Stepping 4, GenuineIntel



---------------  S Y S T E M  ---------------

OS: Windows 10.0 , 64 bit Build 17134 (10.0.17134.1)

CPU:total 4 (initial active 4) (2 cores per cpu, 2 threads per core) family 6 model 61 stepping 4, cmov, cx8, fxsr, mmx, sse, sse2, sse3, ssse3, sse4.1, sse4.2, popcnt, avx, avx2, aes, clmul, erms, 3dnowpref, lzcnt, ht, tsc, tscinvbit, bmi1, bmi2, adx

Memory: 4k page, physical 4082796k(285096k free), swap 4082796k(4512k free)

vm_info: OpenJDK 64-Bit Server VM (25.152-b02) for windows-amd64 JRE (1.8.0_152-release-1024-b02), built by "builder" with MS VC++ 10.0 (VS2010)

time: Tue Jan 22 02:19:02 2019
elapsed time: 1843 seconds (0d 0h 30m 43s)

