#
# There is insufficient memory for the Java Runtime Environment to continue.
# Native memory allocation (malloc) failed to allocate 1119232 bytes for Chunk::new
# Possible reasons:
#   The system is out of physical RAM or swap space
#   In 32 bit mode, the process size limit was hit
# Possible solutions:
#   Reduce memory load on the system
#   Increase physical memory or swap space
#   Check if swap backing store is full
#   Use 64 bit Java on a 64 bit OS
#   Decrease Java heap size (-Xmx/-Xms)
#   Decrease number of Java threads
#   Decrease Java thread stack sizes (-Xss)
#   Set larger code cache with -XX:ReservedCodeCacheSize=
# This output file may be truncated or incomplete.
#
#  Out of Memory Error (allocation.cpp:390), pid=6456, tid=0x000000000000207c
#
# JRE version: OpenJDK Runtime Environment (8.0_152-b02) (build 1.8.0_152-release-1024-b02)
# Java VM: OpenJDK 64-Bit Server VM (25.152-b02 mixed mode windows-amd64 compressed oops)
# Failed to write core dump. Minidumps are not enabled by default on client versions of Windows
#

---------------  T H R E A D  ---------------

Current thread (0x000000001618e800):  JavaThread "C2 CompilerThread1" daemon [_thread_in_native, id=8316, stack(0x00000000178d0000,0x00000000179d0000)]

Stack: [0x00000000178d0000,0x00000000179d0000]
[error occurred during error reporting (printing stack bounds), id 0xc0000005]

Native frames: (J=compiled Java code, j=interpreted, Vv=VM code, C=native code)


Current CompileTask:
C2: 222090 11475       4       org.gradle.api.internal.artifacts.transform.DefaultVariantTransformRegistration::transform (9 bytes)


---------------  P R O C E S S  ---------------

Java Threads: ( => current thread )
  0x000000001865e000 JavaThread "Cache worker for Java compile cache (H:\AndroidStudioProjects\LogInPage\.gradle\4.4\javaCompile)" [_thread_blocked, id=6136, stack(0x0000000025bd0000,0x0000000025cd0000)]
  0x000000001863d800 JavaThread "Task worker for ':' Thread 3" [_thread_blocked, id=5592, stack(0x00000000240d0000,0x00000000241d0000)]
  0x000000001df2f800 JavaThread "Task worker for ':' Thread 2" [_thread_blocked, id=5596, stack(0x0000000023fd0000,0x00000000240d0000)]
  0x000000001df2e000 JavaThread "Task worker for ':'" [_thread_blocked, id=5468, stack(0x0000000023ed0000,0x0000000023fd0000)]
  0x000000001df2e800 JavaThread "Cache worker for Build Output Cleanup Cache (H:\AndroidStudioProjects\LogInPage\.gradle\buildOutputCleanup)" [_thread_blocked, id=7164, stack(0x0000000023dd0000,0x0000000023ed0000)]
  0x000000001df2d000 JavaThread "Cache worker for task history cache (H:\AndroidStudioProjects\LogInPage\.gradle\4.4\taskHistory)" [_thread_blocked, id=11100, stack(0x0000000023cd0000,0x0000000023dd0000)]
  0x000000001df2c800 JavaThread "Cache worker for file content cache (H:\AndroidStudioProjects\LogInPage\.gradle\4.4\fileContent)" [_thread_blocked, id=5352, stack(0x0000000023bd0000,0x0000000023cd0000)]
  0x000000001df24000 JavaThread "build operations Thread 4" [_thread_blocked, id=1448, stack(0x0000000023ad0000,0x0000000023bd0000)]
  0x000000001df2a000 JavaThread "build operations Thread 3" [_thread_blocked, id=7016, stack(0x00000000239d0000,0x0000000023ad0000)]
  0x000000001df29800 JavaThread "build operations Thread 2" [_thread_blocked, id=5580, stack(0x00000000238d0000,0x00000000239d0000)]
  0x000000001df28800 JavaThread "build operations" [_thread_blocked, id=4288, stack(0x00000000237d0000,0x00000000238d0000)]
  0x000000001df28000 JavaThread "Cache worker for Artifact transforms cache (C:\Users\HP\.gradle\caches\transforms-1)" [_thread_blocked, id=10464, stack(0x00000000236d0000,0x00000000237d0000)]
  0x000000001df26800 JavaThread "Cache worker for file hash cache (H:\AndroidStudioProjects\LogInPage\.gradle\4.4\fileHashes)" [_thread_blocked, id=7544, stack(0x00000000235d0000,0x00000000236d0000)]
  0x000000001df25800 JavaThread "Asynchronous log dispatcher for DefaultDaemonConnection: socket connection from /127.0.0.1:1712 to /127.0.0.1:1742" [_thread_blocked, id=10944, stack(0x00000000233d0000,0x00000000234d0000)]
  0x000000001df22800 JavaThread "Cancel handler" [_thread_blocked, id=2780, stack(0x00000000232d0000,0x00000000233d0000)]
  0x000000001df20800 JavaThread "Handler for socket connection from /127.0.0.1:1712 to /127.0.0.1:1742" [_thread_in_native, id=10924, stack(0x00000000231d0000,0x00000000232d0000)]
  0x000000001865f000 JavaThread "Memory manager" [_thread_blocked, id=3044, stack(0x0000000020780000,0x0000000020880000)]
  0x000000001894d800 JavaThread "File lock request listener" [_thread_in_native, id=10504, stack(0x000000001ac20000,0x000000001ad20000)]
  0x000000001828d000 JavaThread "Cache worker for file hash cache (C:\Users\HP\.gradle\caches\4.4\fileHashes)" [_thread_blocked, id=2012, stack(0x000000001ab20000,0x000000001ac20000)]
  0x00000000182a6000 JavaThread "Daemon worker" [_thread_in_native, id=10972, stack(0x000000001a620000,0x000000001a720000)]
  0x0000000017c66000 JavaThread "Daemon" [_thread_blocked, id=7236, stack(0x000000001a120000,0x000000001a220000)]
  0x0000000018428800 JavaThread "Daemon periodic checks" [_thread_blocked, id=6028, stack(0x000000001a020000,0x000000001a120000)]
  0x0000000017c73800 JavaThread "Incoming local TCP Connector on port 1712" [_thread_in_native, id=6048, stack(0x0000000019de0000,0x0000000019ee0000)]
  0x0000000017af9800 JavaThread "Service Thread" daemon [_thread_blocked, id=6032, stack(0x0000000017ed0000,0x0000000017fd0000)]
  0x00000000161e9800 JavaThread "C1 CompilerThread2" daemon [_thread_blocked, id=9480, stack(0x00000000179d0000,0x0000000017ad0000)]
=>0x000000001618e800 JavaThread "C2 CompilerThread1" daemon [_thread_in_native, id=8316, stack(0x00000000178d0000,0x00000000179d0000)]
  0x0000000016189000 JavaThread "C2 CompilerThread0" daemon [_thread_in_native, id=10804, stack(0x00000000177d0000,0x00000000178d0000)]
  0x0000000016188000 JavaThread "Attach Listener" daemon [_thread_blocked, id=11204, stack(0x00000000176d0000,0x00000000177d0000)]
  0x0000000016196800 JavaThread "Signal Dispatcher" daemon [_thread_blocked, id=6700, stack(0x00000000175d0000,0x00000000176d0000)]
  0x000000000281c000 JavaThread "Finalizer" daemon [_thread_blocked, id=10256, stack(0x00000000173e0000,0x00000000174e0000)]
  0x0000000002811000 JavaThread "Reference Handler" daemon [_thread_blocked, id=6732, stack(0x00000000172e0000,0x00000000173e0000)]
  0x000000000267d800 JavaThread "main" [_thread_blocked, id=5280, stack(0x0000000002570000,0x0000000002670000)]

Other Threads:
  0x0000000016156800 VMThread [stack: 0x00000000171e0000,0x00000000172e0000] [id=2756]
  0x00000000161ee000 WatcherThread [stack: 0x0000000017fd0000,0x00000000180d0000] [id=6852]

VM state:not at safepoint (normal execution)

VM Mutex/Monitor currently owned by a thread: None

Heap:
 PSYoungGen      total 135680K, used 30807K [0x00000000e0000000, 0x00000000ea080000, 0x0000000100000000)
  eden space 118784K, 16% used [0x00000000e0000000,0x00000000e12ef498,0x00000000e7400000)
  from space 16896K, 67% used [0x00000000e7400000,0x00000000e7f26a10,0x00000000e8480000)
  to   space 17408K, 0% used [0x00000000e8f80000,0x00000000e8f80000,0x00000000ea080000)
 ParOldGen       total 56832K, used 41866K [0x00000000a0000000, 0x00000000a3780000, 0x00000000e0000000)
  object space 56832K, 73% used [0x00000000a0000000,0x00000000a28e2a80,0x00000000a3780000)
 Metaspace       used 67072K, capacity 69293K, committed 69336K, reserved 1110016K
  class space    used 8691K, capacity 9206K, committed 9216K, reserved 1048576K

Card table byte_map: [0x0000000011be0000,0x0000000011ef0000] byte_map_base: 0x00000000116e0000

Marking Bits: (ParMarkBitMap*) 0x0000000070de4970
 Begin Bits: [0x00000000124f0000, 0x0000000013cf0000)
 End Bits:   [0x0000000013cf0000, 0x00000000154f0000)

Polling page: 0x0000000000c50000

CodeCache: size=245760Kb used=34229Kb max_used=34229Kb free=211530Kb
 bounds [0x0000000002820000, 0x00000000049e0000, 0x0000000011820000]
 total_blobs=10517 nmethods=9719 adapters=710
 compilation: enabled

Compilation events (10 events):
Event: 221.733 Thread 0x00000000161e9800 11496       3       org.gradle.api.internal.changedetection.state.FileCollectionVisitingSnapshotBuilder::<init> (10 bytes)
Event: 221.733 Thread 0x00000000161e9800 nmethod 11496 0x00000000033e3950 code [0x00000000033e3aa0, 0x00000000033e3c70]
Event: 221.882 Thread 0x00000000161e9800 11498   !   3       org.gradle.api.tasks.util.internal.CachingPatternSpecFactory::createSpec (55 bytes)
Event: 221.884 Thread 0x00000000161e9800 nmethod 11498 0x00000000033e1e10 code [0x00000000033e2060, 0x00000000033e2df8]
Event: 221.884 Thread 0x00000000161e9800 11499       3       org.gradle.api.tasks.util.internal.CachingPatternSpecFactory$SpecKey::<init> (8 bytes)
Event: 221.885 Thread 0x00000000161e9800 nmethod 11499 0x0000000003ef4610 code [0x0000000003ef4780, 0x0000000003ef4908]
Event: 221.885 Thread 0x00000000161e9800 11500       3       org.gradle.api.tasks.util.internal.CachingPatternSpecFactory$SpecKey::<init> (49 bytes)
Event: 221.886 Thread 0x00000000161e9800 nmethod 11500 0x0000000003ef39d0 code [0x0000000003ef3b80, 0x0000000003ef4388]
Event: 221.888 Thread 0x00000000161e9800 11501       3       com.google.common.cache.LocalCache$EntryFactory$1::newEntry (12 bytes)
Event: 221.888 Thread 0x00000000161e9800 nmethod 11501 0x0000000003ef3310 code [0x0000000003ef3480, 0x0000000003ef37f0]

GC Heap History (10 events):
Event: 83.934 GC heap before
{Heap before GC invocations=21 (full 3):
 PSYoungGen      total 119296K, used 5050K [0x00000000e0000000, 0x00000000e8380000, 0x0000000100000000)
  eden space 109056K, 0% used [0x00000000e0000000,0x00000000e0000000,0x00000000e6a80000)
  from space 10240K, 49% used [0x00000000e7980000,0x00000000e7e6eb78,0x00000000e8380000)
  to   space 12800K, 0% used [0x00000000e6a80000,0x00000000e6a80000,0x00000000e7700000)
 ParOldGen       total 56832K, used 44411K [0x00000000a0000000, 0x00000000a3780000, 0x00000000e0000000)
  object space 56832K, 78% used [0x00000000a0000000,0x00000000a2b5ec18,0x00000000a3780000)
 Metaspace       used 56975K, capacity 59007K, committed 59028K, reserved 1099776K
  class space    used 7651K, capacity 8171K, committed 8192K, reserved 1048576K
Event: 84.622 GC heap after
Heap after GC invocations=21 (full 3):
 PSYoungGen      total 119296K, used 0K [0x00000000e0000000, 0x00000000e8380000, 0x0000000100000000)
  eden space 109056K, 0% used [0x00000000e0000000,0x00000000e0000000,0x00000000e6a80000)
  from space 10240K, 0% used [0x00000000e7980000,0x00000000e7980000,0x00000000e8380000)
  to   space 12800K, 0% used [0x00000000e6a80000,0x00000000e6a80000,0x00000000e7700000)
 ParOldGen       total 56832K, used 35706K [0x00000000a0000000, 0x00000000a3780000, 0x00000000e0000000)
  object space 56832K, 62% used [0x00000000a0000000,0x00000000a22de9a0,0x00000000a3780000)
 Metaspace       used 56975K, capacity 59007K, committed 59028K, reserved 1099776K
  class space    used 7651K, capacity 8171K, committed 8192K, reserved 1048576K
}
Event: 109.932 GC heap before
{Heap before GC invocations=22 (full 3):
 PSYoungGen      total 119296K, used 108584K [0x00000000e0000000, 0x00000000e8380000, 0x0000000100000000)
  eden space 109056K, 99% used [0x00000000e0000000,0x00000000e6a0a220,0x00000000e6a80000)
  from space 10240K, 0% used [0x00000000e7980000,0x00000000e7980000,0x00000000e8380000)
  to   space 12800K, 0% used [0x00000000e6a80000,0x00000000e6a80000,0x00000000e7700000)
 ParOldGen       total 56832K, used 35706K [0x00000000a0000000, 0x00000000a3780000, 0x00000000e0000000)
  object space 56832K, 62% used [0x00000000a0000000,0x00000000a22de9a0,0x00000000a3780000)
 Metaspace       used 59245K, capacity 61359K, committed 61656K, reserved 1101824K
  class space    used 7874K, capacity 8395K, committed 8448K, reserved 1048576K
Event: 109.963 GC heap after
Heap after GC invocations=22 (full 3):
 PSYoungGen      total 121856K, used 12778K [0x00000000e0000000, 0x00000000e9880000, 0x0000000100000000)
  eden space 109056K, 0% used [0x00000000e0000000,0x00000000e0000000,0x00000000e6a80000)
  from space 12800K, 99% used [0x00000000e6a80000,0x00000000e76faa20,0x00000000e7700000)
  to   space 17408K, 0% used [0x00000000e8780000,0x00000000e8780000,0x00000000e9880000)
 ParOldGen       total 56832K, used 42892K [0x00000000a0000000, 0x00000000a3780000, 0x00000000e0000000)
  object space 56832K, 75% used [0x00000000a0000000,0x00000000a29e3230,0x00000000a3780000)
 Metaspace       used 59245K, capacity 61359K, committed 61656K, reserved 1101824K
  class space    used 7874K, capacity 8395K, committed 8448K, reserved 1048576K
}
Event: 192.234 GC heap before
{Heap before GC invocations=23 (full 3):
 PSYoungGen      total 121856K, used 121834K [0x00000000e0000000, 0x00000000e9880000, 0x0000000100000000)
  eden space 109056K, 100% used [0x00000000e0000000,0x00000000e6a80000,0x00000000e6a80000)
  from space 12800K, 99% used [0x00000000e6a80000,0x00000000e76faa20,0x00000000e7700000)
  to   space 17408K, 0% used [0x00000000e8780000,0x00000000e8780000,0x00000000e9880000)
 ParOldGen       total 56832K, used 42892K [0x00000000a0000000, 0x00000000a3780000, 0x00000000e0000000)
  object space 56832K, 75% used [0x00000000a0000000,0x00000000a29e3230,0x00000000a3780000)
 Metaspace       used 61229K, capacity 63437K, committed 63704K, reserved 1103872K
  class space    used 8087K, capacity 8620K, committed 8704K, reserved 1048576K
Event: 192.265 GC heap after
Heap after GC invocations=23 (full 3):
 PSYoungGen      total 132608K, used 5196K [0x00000000e0000000, 0x00000000e9500000, 0x0000000100000000)
  eden space 118784K, 0% used [0x00000000e0000000,0x00000000e0000000,0x00000000e7400000)
  from space 13824K, 37% used [0x00000000e8780000,0x00000000e8c93370,0x00000000e9500000)
  to   space 16896K, 0% used [0x00000000e7400000,0x00000000e7400000,0x00000000e8480000)
 ParOldGen       total 56832K, used 54224K [0x00000000a0000000, 0x00000000a3780000, 0x00000000e0000000)
  object space 56832K, 95% used [0x00000000a0000000,0x00000000a34f4050,0x00000000a3780000)
 Metaspace       used 61229K, capacity 63437K, committed 63704K, reserved 1103872K
  class space    used 8087K, capacity 8620K, committed 8704K, reserved 1048576K
}
Event: 192.265 GC heap before
{Heap before GC invocations=24 (full 4):
 PSYoungGen      total 132608K, used 5196K [0x00000000e0000000, 0x00000000e9500000, 0x0000000100000000)
  eden space 118784K, 0% used [0x00000000e0000000,0x00000000e0000000,0x00000000e7400000)
  from space 13824K, 37% used [0x00000000e8780000,0x00000000e8c93370,0x00000000e9500000)
  to   space 16896K, 0% used [0x00000000e7400000,0x00000000e7400000,0x00000000e8480000)
 ParOldGen       total 56832K, used 54224K [0x00000000a0000000, 0x00000000a3780000, 0x00000000e0000000)
  object space 56832K, 95% used [0x00000000a0000000,0x00000000a34f4050,0x00000000a3780000)
 Metaspace       used 61229K, capacity 63437K, committed 63704K, reserved 1103872K
  class space    used 8087K, capacity 8620K, committed 8704K, reserved 1048576K
Event: 192.483 GC heap after
Heap after GC invocations=24 (full 4):
 PSYoungGen      total 132608K, used 0K [0x00000000e0000000, 0x00000000e9500000, 0x0000000100000000)
  eden space 118784K, 0% used [0x00000000e0000000,0x00000000e0000000,0x00000000e7400000)
  from space 13824K, 0% used [0x00000000e8780000,0x00000000e8780000,0x00000000e9500000)
  to   space 16896K, 0% used [0x00000000e7400000,0x00000000e7400000,0x00000000e8480000)
 ParOldGen       total 56832K, used 41850K [0x00000000a0000000, 0x00000000a3780000, 0x00000000e0000000)
  object space 56832K, 73% used [0x00000000a0000000,0x00000000a28dea80,0x00000000a3780000)
 Metaspace       used 61229K, capacity 63437K, committed 63704K, reserved 1103872K
  class space    used 8087K, capacity 8620K, committed 8704K, reserved 1048576K
}
Event: 220.053 GC heap before
{Heap before GC invocations=25 (full 4):
 PSYoungGen      total 132608K, used 118784K [0x00000000e0000000, 0x00000000e9500000, 0x0000000100000000)
  eden space 118784K, 100% used [0x00000000e0000000,0x00000000e7400000,0x00000000e7400000)
  from space 13824K, 0% used [0x00000000e8780000,0x00000000e8780000,0x00000000e9500000)
  to   space 16896K, 0% used [0x00000000e7400000,0x00000000e7400000,0x00000000e8480000)
 ParOldGen       total 56832K, used 41850K [0x00000000a0000000, 0x00000000a3780000, 0x00000000e0000000)
  object space 56832K, 73% used [0x00000000a0000000,0x00000000a28dea80,0x00000000a3780000)
 Metaspace       used 66954K, capacity 69153K, committed 69336K, reserved 1110016K
  class space    used 8686K, capacity 9204K, committed 9216K, reserved 1048576K
Event: 220.076 GC heap after
Heap after GC invocations=25 (full 4):
 PSYoungGen      total 135680K, used 11418K [0x00000000e0000000, 0x00000000ea080000, 0x0000000100000000)
  eden space 118784K, 0% used [0x00000000e0000000,0x00000000e0000000,0x00000000e7400000)
  from space 16896K, 67% used [0x00000000e7400000,0x00000000e7f26a10,0x00000000e8480000)
  to   space 17408K, 0% used [0x00000000e8f80000,0x00000000e8f80000,0x00000000ea080000)
 ParOldGen       total 56832K, used 41866K [0x00000000a0000000, 0x00000000a3780000, 0x00000000e0000000)
  object space 56832K, 73% used [0x00000000a0000000,0x00000000a28e2a80,0x00000000a3780000)
 Metaspace       used 66954K, capacity 69153K, committed 69336K, reserved 1110016K
  class space    used 8686K, capacity 9204K, committed 9216K, reserved 1048576K
}

Deoptimization events (10 events):
Event: 206.535 Thread 0x00000000182a6000 Uncommon trap: reason=class_check action=maybe_recompile pc=0x0000000004509a68 method=com.sun.tools.javac.comp.Check.checkType(Lcom/sun/tools/javac/util/JCDiagnostic$DiagnosticPosition;Lcom/sun/tools/javac/code/Type;Lcom/sun/tools/javac/code/Type;Lcom/sun
Event: 206.565 Thread 0x00000000182a6000 Uncommon trap: reason=bimorphic action=maybe_recompile pc=0x0000000004427e9c method=com.sun.tools.javac.code.Types$UnaryVisitor.visit(Lcom/sun/tools/javac/code/Type;)Ljava/lang/Object; @ 3
Event: 206.575 Thread 0x00000000182a6000 Uncommon trap: reason=bimorphic action=maybe_recompile pc=0x0000000004427e9c method=com.sun.tools.javac.code.Types$UnaryVisitor.visit(Lcom/sun/tools/javac/code/Type;)Ljava/lang/Object; @ 3
Event: 206.738 Thread 0x00000000182a6000 Uncommon trap: reason=unstable_if action=reinterpret pc=0x00000000045b4290 method=com.sun.tools.javac.jvm.ClassReader.sigToType()Lcom/sun/tools/javac/code/Type; @ 288
Event: 206.750 Thread 0x00000000182a6000 Uncommon trap: reason=class_check action=maybe_recompile pc=0x000000000460eff4 method=com.sun.tools.javac.code.Types$SameTypeVisitor.visitType(Lcom/sun/tools/javac/code/Type;Lcom/sun/tools/javac/code/Type;)Ljava/lang/Boolean; @ 31
Event: 209.027 Thread 0x00000000182a6000 Uncommon trap: reason=unstable_if action=reinterpret pc=0x000000000435a2f0 method=com.sun.tools.javac.util.BaseFileManager.getKind(Ljava/lang/String;)Ljavax/tools/JavaFileObject$Kind; @ 10
Event: 209.031 Thread 0x00000000182a6000 Uncommon trap: reason=unstable_if action=reinterpret pc=0x000000000380b7b4 method=java.io.PrintWriter.newLine()V @ 26
Event: 221.584 Thread 0x00000000182a6000 Uncommon trap: reason=class_check action=maybe_recompile pc=0x0000000003f49348 method=org.gradle.api.specs.NotSpec.isSatisfiedBy(Ljava/lang/Object;)Z @ 5
Event: 221.584 Thread 0x00000000182a6000 Uncommon trap: reason=class_check action=maybe_recompile pc=0x0000000003f49348 method=org.gradle.api.specs.NotSpec.isSatisfiedBy(Ljava/lang/Object;)Z @ 5
Event: 221.586 Thread 0x00000000182a6000 Uncommon trap: reason=class_check action=maybe_recompile pc=0x0000000003f49348 method=org.gradle.api.specs.NotSpec.isSatisfiedBy(Ljava/lang/Object;)Z @ 5

Classes redefined (0 events):
No events

Internal exceptions (10 events):
Event: 97.951 Thread 0x00000000182a6000 Exception <a 'java/lang/NoSuchMethodError': <clinit>> (0x00000000e2b9a158) thrown at [D:\src\AOSP-openjdk-cygwin\jdk8u\hotspot\src\share\vm\prims\jni.cpp, line 1613]
Event: 97.971 Thread 0x00000000182a6000 Exception <a 'java/lang/NoSuchMethodError': <clinit>> (0x00000000e2ba4e80) thrown at [D:\src\AOSP-openjdk-cygwin\jdk8u\hotspot\src\share\vm\prims\jni.cpp, line 1613]
Event: 102.754 Thread 0x00000000182a6000 Implicit null exception at 0x0000000004028e3c to 0x0000000004029041
Event: 102.769 Thread 0x00000000182a6000 Implicit null exception at 0x00000000040464b5 to 0x0000000004046539
Event: 102.835 Thread 0x00000000182a6000 Implicit null exception at 0x000000000406ec1e to 0x000000000406f1a1
Event: 114.033 Thread 0x00000000182a6000 Implicit null exception at 0x00000000041fd196 to 0x00000000041fd55d
Event: 130.491 Thread 0x000000001865c800 Exception <a 'java/lang/NoSuchMethodError': java.lang.Object.lambda$negate$1(Ljava/lang/Object;)Z> (0x00000000e3a53e58) thrown at [D:\src\AOSP-openjdk-cygwin\jdk8u\hotspot\src\share\vm\interpreter\linkResolver.cpp, line 584]
Event: 176.396 Thread 0x00000000182a6000 Exception <a 'java/lang/NoSuchMethodError': java.lang.Object.lambda$comparingInt$7b0bb60$1(Ljava/util/function/ToIntFunction;Ljava/lang/Object;Ljava/lang/Object;)I> (0x00000000e3cf3d38) thrown at [D:\src\AOSP-openjdk-cygwin\jdk8u\hotspot\src\share\vm\inte
Event: 204.040 Thread 0x00000000182a6000 Implicit null exception at 0x0000000003167eef to 0x00000000031684fd
Event: 220.926 Thread 0x00000000182a6000 Exception <a 'java/lang/NoSuchMethodError': <clinit>> (0x00000000e0461718) thrown at [D:\src\AOSP-openjdk-cygwin\jdk8u\hotspot\src\share\vm\prims\jni.cpp, line 1613]

Events (10 events):
Event: 221.467 loading class org/gradle/api/internal/file/AbstractFileTree$FilteredFileTreeImpl done
Event: 221.584 Thread 0x00000000182a6000 Uncommon trap: trap_request=0xffffffde fr.pc=0x0000000003f49348
Event: 221.584 Thread 0x00000000182a6000 DEOPT PACKING pc=0x0000000003f49348 sp=0x000000001a71b370
Event: 221.584 Thread 0x00000000182a6000 DEOPT UNPACKING pc=0x000000000286557b sp=0x000000001a71b320 mode 2
Event: 221.584 Thread 0x00000000182a6000 Uncommon trap: trap_request=0xffffffde fr.pc=0x0000000003f49348
Event: 221.584 Thread 0x00000000182a6000 DEOPT PACKING pc=0x0000000003f49348 sp=0x000000001a71b370
Event: 221.585 Thread 0x00000000182a6000 DEOPT UNPACKING pc=0x000000000286557b sp=0x000000001a71b320 mode 2
Event: 221.586 Thread 0x00000000182a6000 Uncommon trap: trap_request=0xffffffde fr.pc=0x0000000003f49348
Event: 221.587 Thread 0x00000000182a6000 DEOPT PACKING pc=0x0000000003f49348 sp=0x000000001a71b370
Event: 221.587 Thread 0x00000000182a6000 DEOPT UNPACKING pc=0x000000000286557b sp=0x000000001a71b320 mode 2


Dynamic libraries:
0x00007ff630230000 - 0x00007ff630261000 	C:\Program Files (x86)\Android\Android Studio\jre\bin\java.exe
0x00007ffde0990000 - 0x00007ffde0b71000 	C:\WINDOWS\SYSTEM32\ntdll.dll
0x00007ffd93cb0000 - 0x00007ffd93cc4000 	C:\Program Files\AVAST Software\Avast\x64\aswhooka.dll
0x00007ffdde5f0000 - 0x00007ffdde6a2000 	C:\WINDOWS\System32\KERNEL32.DLL
0x00007ffdddaa0000 - 0x00007ffdddd13000 	C:\WINDOWS\System32\KERNELBASE.dll
0x00007ffddde50000 - 0x00007ffdddef1000 	C:\WINDOWS\System32\ADVAPI32.dll
0x00007ffdde930000 - 0x00007ffdde9ce000 	C:\WINDOWS\System32\msvcrt.dll
0x00007ffde0900000 - 0x00007ffde095b000 	C:\WINDOWS\System32\sechost.dll
0x00007ffddea40000 - 0x00007ffddeb64000 	C:\WINDOWS\System32\RPCRT4.dll
0x00007ffdde400000 - 0x00007ffdde590000 	C:\WINDOWS\System32\USER32.dll
0x00007ffddd190000 - 0x00007ffddd1b0000 	C:\WINDOWS\System32\win32u.dll
0x00007ffde0600000 - 0x00007ffde0628000 	C:\WINDOWS\System32\GDI32.dll
0x00007ffddcf50000 - 0x00007ffddd0e2000 	C:\WINDOWS\System32\gdi32full.dll
0x00007ffddd0f0000 - 0x00007ffddd18f000 	C:\WINDOWS\System32\msvcp_win.dll
0x00007ffdddd20000 - 0x00007ffddde1a000 	C:\WINDOWS\System32\ucrtbase.dll
0x00007ffdcd690000 - 0x00007ffdcd8f9000 	C:\WINDOWS\WinSxS\amd64_microsoft.windows.common-controls_6595b64144ccf1df_6.0.17134.472_none_fb3f9af53068156d\COMCTL32.dll
0x00007ffde02d0000 - 0x00007ffde05f2000 	C:\WINDOWS\System32\combase.dll
0x00007ffddd9c0000 - 0x00007ffddda3a000 	C:\WINDOWS\System32\bcryptPrimitives.dll
0x00007ffddde20000 - 0x00007ffddde4d000 	C:\WINDOWS\System32\IMM32.DLL
0x00000000702a0000 - 0x0000000070372000 	C:\Program Files (x86)\Android\Android Studio\jre\jre\bin\msvcr100.dll
0x0000000070620000 - 0x0000000070e5f000 	C:\Program Files (x86)\Android\Android Studio\jre\jre\bin\server\jvm.dll
0x00007ffdde350000 - 0x00007ffdde358000 	C:\WINDOWS\System32\PSAPI.DLL
0x00007ffda8db0000 - 0x00007ffda8db9000 	C:\WINDOWS\SYSTEM32\WSOCK32.dll
0x00007ffdde860000 - 0x00007ffdde8cc000 	C:\WINDOWS\System32\WS2_32.dll
0x00007ffdd6f50000 - 0x00007ffdd6f73000 	C:\WINDOWS\SYSTEM32\WINMM.dll
0x00007ffdd1df0000 - 0x00007ffdd1dfa000 	C:\WINDOWS\SYSTEM32\VERSION.dll
0x00007ffdd6f20000 - 0x00007ffdd6f4a000 	C:\WINDOWS\SYSTEM32\WINMMBASE.dll
0x00007ffddd970000 - 0x00007ffddd9b9000 	C:\WINDOWS\System32\cfgmgr32.dll
0x00007ffd96330000 - 0x00007ffd9633f000 	C:\Program Files (x86)\Android\Android Studio\jre\jre\bin\verify.dll
0x00007ffd96300000 - 0x00007ffd96329000 	C:\Program Files (x86)\Android\Android Studio\jre\jre\bin\java.dll
0x00007ffd962e0000 - 0x00007ffd962f6000 	C:\Program Files (x86)\Android\Android Studio\jre\jre\bin\zip.dll
0x00007ffddeb70000 - 0x00007ffddffb0000 	C:\WINDOWS\System32\SHELL32.dll
0x00007ffddffb0000 - 0x00007ffde0059000 	C:\WINDOWS\System32\shcore.dll
0x00007ffddd1b0000 - 0x00007ffddd8bd000 	C:\WINDOWS\System32\windows.storage.dll
0x00007ffdde8d0000 - 0x00007ffdde921000 	C:\WINDOWS\System32\shlwapi.dll
0x00007ffddcd00000 - 0x00007ffddcd11000 	C:\WINDOWS\System32\kernel.appcore.dll
0x00007ffddcd20000 - 0x00007ffddcd3f000 	C:\WINDOWS\System32\profapi.dll
0x00007ffddccb0000 - 0x00007ffddccfc000 	C:\WINDOWS\System32\powrprof.dll
0x00007ffddcca0000 - 0x00007ffddccaa000 	C:\WINDOWS\System32\FLTLIB.DLL
0x00007ffd96260000 - 0x00007ffd9627a000 	C:\Program Files (x86)\Android\Android Studio\jre\jre\bin\net.dll
0x00007ffddc4c0000 - 0x00007ffddc526000 	C:\WINDOWS\system32\mswsock.dll
0x00007ffd96240000 - 0x00007ffd96251000 	C:\Program Files (x86)\Android\Android Studio\jre\jre\bin\nio.dll
0x00007ffdd95f0000 - 0x00007ffdd960e000 	C:\Users\HP\.gradle\native\25\windows-amd64\native-platform.dll
0x00007ffdd5130000 - 0x00007ffdd513d000 	C:\Program Files (x86)\Android\Android Studio\jre\jre\bin\management.dll
0x00007ffddc6d0000 - 0x00007ffddc6e7000 	C:\WINDOWS\SYSTEM32\CRYPTSP.dll
0x00007ffddc0a0000 - 0x00007ffddc0d3000 	C:\WINDOWS\system32\rsaenh.dll
0x00007ffddc800000 - 0x00007ffddc825000 	C:\WINDOWS\SYSTEM32\bcrypt.dll
0x00007ffddcbd0000 - 0x00007ffddcbf8000 	C:\WINDOWS\SYSTEM32\USERENV.dll
0x00007ffddc6f0000 - 0x00007ffddc6fb000 	C:\WINDOWS\SYSTEM32\CRYPTBASE.dll
0x00007ffddc240000 - 0x00007ffddc278000 	C:\WINDOWS\SYSTEM32\IPHLPAPI.DLL
0x00007ffdde6b0000 - 0x00007ffdde6b8000 	C:\WINDOWS\System32\NSI.dll
0x00007ffdd3790000 - 0x00007ffdd37a6000 	C:\WINDOWS\SYSTEM32\dhcpcsvc6.DLL
0x00007ffdd6cc0000 - 0x00007ffdd6cda000 	C:\WINDOWS\SYSTEM32\dhcpcsvc.DLL

VM Arguments:
jvm_args: -Xmx1536m -Dfile.encoding=windows-1252 -Duser.country=US -Duser.language=en -Duser.variant 
java_command: org.gradle.launcher.daemon.bootstrap.GradleDaemon 4.4
java_class_path (initial): C:\Users\HP\.gradle\wrapper\dists\gradle-4.4-all\9br9xq1tocpiv8o6njlyu5op1\gradle-4.4\lib\gradle-launcher-4.4.jar
Launcher Type: SUN_STANDARD

Environment Variables:
PATH=C:\Program Files (x86)\Common Files\Oracle\Java\javapath;C:\Program Files (x86)\Common Files\ArcSoft\Bin;C:\Program Files (x86)\Intel\iCLS Client\;C:\Program Files\Intel\iCLS Client\;C:\WINDOWS\system32;C:\WINDOWS;C:\WINDOWS\System32\Wbem;C:\WINDOWS\System32\WindowsPowerShell\v1.0\;C:\Program Files (x86)\Intel\Intel(R) Management Engine Components\DAL;C:\Program Files\Intel\Intel(R) Management Engine Components\DAL;C:\Program Files (x86)\Intel\Intel(R) Management Engine Components\IPT;C:\Program Files\Intel\Intel(R) Management Engine Components\IPT;c:\Program Files\Intel\WiFi\bin\;c:\Program Files\Common Files\Intel\WirelessCommon\;C:\Program Files (x86)\GtkSharp\2.12\bin;C:\WINDOWS\System32\OpenSSH\;C:\Users\HP\AppData\Local\Android\Sdk;C:\Program Files (x86)\Java\jdk1.6.0_18\bin;%USERPROFILE%\AppData\Local\Microsoft\WindowsApps;
USERNAME=HP
OS=Windows_NT
PROCESSOR_IDENTIFIER=Intel64 Family 6 Model 61 Stepping 4, GenuineIntel



---------------  S Y S T E M  ---------------

OS: Windows 10.0 , 64 bit Build 17134 (10.0.17134.1)

CPU:total 4 (initial active 4) (2 cores per cpu, 2 threads per core) family 6 model 61 stepping 4, cmov, cx8, fxsr, mmx, sse, sse2, sse3, ssse3, sse4.1, sse4.2, popcnt, avx, avx2, aes, clmul, erms, 3dnowpref, lzcnt, ht, tsc, tscinvbit, bmi1, bmi2, adx

Memory: 4k page, physical 4082796k(440156k free), swap 4082796k(4772k free)

vm_info: OpenJDK 64-Bit Server VM (25.152-b02) for windows-amd64 JRE (1.8.0_152-release-1024-b02), built by "builder" with MS VC++ 10.0 (VS2010)

time: Thu Jan 10 03:43:08 2019
elapsed time: 222 seconds (0d 0h 3m 42s)

