#
# There is insufficient memory for the Java Runtime Environment to continue.
# Native memory allocation (malloc) failed to allocate 75744 bytes for Chunk::new
# Possible reasons:
#   The system is out of physical RAM or swap space
#   In 32 bit mode, the process size limit was hit
# Possible solutions:
#   Reduce memory load on the system
#   Increase physical memory or swap space
#   Check if swap backing store is full
#   Use 64 bit Java on a 64 bit OS
#   Decrease Java heap size (-Xmx/-Xms)
#   Decrease number of Java threads
#   Decrease Java thread stack sizes (-Xss)
#   Set larger code cache with -XX:ReservedCodeCacheSize=
# This output file may be truncated or incomplete.
#
#  Out of Memory Error (allocation.cpp:390), pid=11980, tid=0x0000000000001bb8
#
# JRE version: OpenJDK Runtime Environment (8.0_152-b02) (build 1.8.0_152-release-1024-b02)
# Java VM: OpenJDK 64-Bit Server VM (25.152-b02 mixed mode windows-amd64 compressed oops)
# Failed to write core dump. Minidumps are not enabled by default on client versions of Windows
#

---------------  T H R E A D  ---------------

Current thread (0x0000000015b32000):  JavaThread "C2 CompilerThread1" daemon [_thread_in_native, id=7096, stack(0x0000000017280000,0x0000000017380000)]

Stack: [0x0000000017280000,0x0000000017380000]
[error occurred during error reporting (printing stack bounds), id 0xc0000005]

Native frames: (J=compiled Java code, j=interpreted, Vv=VM code, C=native code)


Current CompileTask:
C2:   5165 1381   !   4       java.net.URLClassLoader$1::run (63 bytes)


---------------  P R O C E S S  ---------------

Java Threads: ( => current thread )
  0x0000000018cc2000 JavaThread "File lock request listener" [_thread_in_native, id=11624, stack(0x000000001b5a0000,0x000000001b6a0000)]
  0x0000000019249800 JavaThread "Cache worker for file hash cache (C:\Users\HP\.gradle\caches\4.4\fileHashes)" [_thread_blocked, id=5440, stack(0x000000001b4a0000,0x000000001b5a0000)]
  0x0000000018ab3000 JavaThread "Stdin handler" [_thread_blocked, id=1596, stack(0x000000001a1d0000,0x000000001a2d0000)]
  0x0000000018a4a000 JavaThread "Asynchronous log dispatcher for DefaultDaemonConnection: socket connection from /127.0.0.1:14943 to /127.0.0.1:14944" [_thread_blocked, id=2884, stack(0x000000001a0d0000,0x000000001a1d0000)]
  0x0000000018ac7000 JavaThread "Daemon worker" [_thread_in_native, id=6452, stack(0x0000000019fd0000,0x000000001a0d0000)]
  0x0000000018ac6000 JavaThread "Cancel handler" [_thread_blocked, id=2996, stack(0x0000000019ed0000,0x0000000019fd0000)]
  0x0000000018a1b000 JavaThread "Handler for socket connection from /127.0.0.1:14943 to /127.0.0.1:14944" [_thread_in_native, id=6568, stack(0x0000000019bd0000,0x0000000019cd0000)]
  0x0000000018a6d800 JavaThread "Daemon" [_thread_blocked, id=11260, stack(0x0000000019ad0000,0x0000000019bd0000)]
  0x0000000018a5e000 JavaThread "Daemon periodic checks" [_thread_blocked, id=11736, stack(0x00000000199d0000,0x0000000019ad0000)]
  0x00000000189f6800 JavaThread "Incoming local TCP Connector on port 14943" [_thread_in_native, id=4308, stack(0x0000000019790000,0x0000000019890000)]
  0x0000000015b8d800 JavaThread "Service Thread" daemon [_thread_blocked, id=8888, stack(0x0000000017880000,0x0000000017980000)]
  0x0000000015b43000 JavaThread "C1 CompilerThread2" daemon [_thread_blocked, id=4132, stack(0x0000000017380000,0x0000000017480000)]
=>0x0000000015b32000 JavaThread "C2 CompilerThread1" daemon [_thread_in_native, id=7096, stack(0x0000000017280000,0x0000000017380000)]
  0x0000000015b2c000 JavaThread "C2 CompilerThread0" daemon [_thread_in_native, id=3040, stack(0x0000000017180000,0x0000000017280000)]
  0x0000000015b2a800 JavaThread "Attach Listener" daemon [_thread_blocked, id=6468, stack(0x0000000017080000,0x0000000017180000)]
  0x0000000015b29000 JavaThread "Signal Dispatcher" daemon [_thread_blocked, id=3612, stack(0x0000000016f80000,0x0000000017080000)]
  0x000000000213d800 JavaThread "Finalizer" daemon [_thread_blocked, id=7816, stack(0x0000000016d90000,0x0000000016e90000)]
  0x0000000002131800 JavaThread "Reference Handler" daemon [_thread_blocked, id=6888, stack(0x0000000016c90000,0x0000000016d90000)]
  0x00000000021bd800 JavaThread "main" [_thread_blocked, id=12284, stack(0x0000000001f10000,0x0000000002010000)]

Other Threads:
  0x0000000015af6000 VMThread [stack: 0x0000000016b90000,0x0000000016c90000] [id=3200]
  0x00000000174b4800 WatcherThread [stack: 0x0000000017980000,0x0000000017a80000] [id=3400]

VM state:not at safepoint (normal execution)

VM Mutex/Monitor currently owned by a thread: None

Heap:
 PSYoungGen      total 18944K, used 17568K [0x00000000e0000000, 0x00000000e1500000, 0x0000000100000000)
  eden space 16384K, 92% used [0x00000000e0000000,0x00000000e0edbe88,0x00000000e1000000)
  from space 2560K, 99% used [0x00000000e1000000,0x00000000e127c030,0x00000000e1280000)
  to   space 2560K, 0% used [0x00000000e1280000,0x00000000e1280000,0x00000000e1500000)
 ParOldGen       total 44032K, used 4703K [0x00000000a0000000, 0x00000000a2b00000, 0x00000000e0000000)
  object space 44032K, 10% used [0x00000000a0000000,0x00000000a0497ea0,0x00000000a2b00000)
 Metaspace       used 14374K, capacity 14710K, committed 14976K, reserved 1062912K
  class space    used 2008K, capacity 2123K, committed 2176K, reserved 1048576K

Card table byte_map: [0x0000000011580000,0x0000000011890000] byte_map_base: 0x0000000011080000

Marking Bits: (ParMarkBitMap*) 0x000000005d574970
 Begin Bits: [0x0000000011e90000, 0x0000000013690000)
 End Bits:   [0x0000000013690000, 0x0000000014e90000)

Polling page: 0x0000000000610000

CodeCache: size=245760Kb used=4743Kb max_used=4743Kb free=241016Kb
 bounds [0x00000000021c0000, 0x0000000002670000, 0x00000000111c0000]
 total_blobs=1757 nmethods=1389 adapters=281
 compilation: enabled

Compilation events (10 events):
Event: 5.093 Thread 0x0000000015b43000 1387       3       sun.reflect.ReflectionFactory::copyField (10 bytes)
Event: 5.094 Thread 0x0000000015b43000 nmethod 1387 0x0000000002662bd0 code [0x0000000002662d60, 0x0000000002663148]
Event: 5.094 Thread 0x0000000015b43000 1388       3       java.lang.reflect.ReflectAccess::copyField (5 bytes)
Event: 5.094 Thread 0x0000000015b43000 nmethod 1388 0x0000000002663310 code [0x0000000002663480, 0x0000000002663688]
Event: 5.094 Thread 0x0000000015b43000 1389       3       java.lang.reflect.Field::copy (76 bytes)
Event: 5.094 Thread 0x0000000015b43000 nmethod 1389 0x0000000002663750 code [0x00000000026638e0, 0x0000000002663c38]
Event: 5.094 Thread 0x0000000015b43000 1390       3       java.lang.reflect.Field::<init> (44 bytes)
Event: 5.095 Thread 0x0000000015b43000 nmethod 1390 0x0000000002663d50 code [0x0000000002663ec0, 0x0000000002664150]
Event: 5.096 Thread 0x0000000015b43000 1391       1       java.util.HashMap::afterNodeAccess (1 bytes)
Event: 5.097 Thread 0x0000000015b43000 nmethod 1391 0x0000000002664250 code [0x00000000026643a0, 0x00000000026644b0]

GC Heap History (10 events):
Event: 0.874 GC heap before
{Heap before GC invocations=1 (full 0):
 PSYoungGen      total 18944K, used 16384K [0x00000000e0000000, 0x00000000e1500000, 0x0000000100000000)
  eden space 16384K, 100% used [0x00000000e0000000,0x00000000e1000000,0x00000000e1000000)
  from space 2560K, 0% used [0x00000000e1280000,0x00000000e1280000,0x00000000e1500000)
  to   space 2560K, 0% used [0x00000000e1000000,0x00000000e1000000,0x00000000e1280000)
 ParOldGen       total 44032K, used 0K [0x00000000a0000000, 0x00000000a2b00000, 0x00000000e0000000)
  object space 44032K, 0% used [0x00000000a0000000,0x00000000a0000000,0x00000000a2b00000)
 Metaspace       used 5733K, capacity 5854K, committed 5888K, reserved 1056768K
  class space    used 700K, capacity 747K, committed 768K, reserved 1048576K
Event: 0.879 GC heap after
Heap after GC invocations=1 (full 0):
 PSYoungGen      total 18944K, used 2556K [0x00000000e0000000, 0x00000000e1500000, 0x0000000100000000)
  eden space 16384K, 0% used [0x00000000e0000000,0x00000000e0000000,0x00000000e1000000)
  from space 2560K, 99% used [0x00000000e1000000,0x00000000e127f280,0x00000000e1280000)
  to   space 2560K, 0% used [0x00000000e1280000,0x00000000e1280000,0x00000000e1500000)
 ParOldGen       total 44032K, used 359K [0x00000000a0000000, 0x00000000a2b00000, 0x00000000e0000000)
  object space 44032K, 0% used [0x00000000a0000000,0x00000000a0059d00,0x00000000a2b00000)
 Metaspace       used 5733K, capacity 5854K, committed 5888K, reserved 1056768K
  class space    used 700K, capacity 747K, committed 768K, reserved 1048576K
}
Event: 1.652 GC heap before
{Heap before GC invocations=2 (full 0):
 PSYoungGen      total 18944K, used 18940K [0x00000000e0000000, 0x00000000e1500000, 0x0000000100000000)
  eden space 16384K, 100% used [0x00000000e0000000,0x00000000e1000000,0x00000000e1000000)
  from space 2560K, 99% used [0x00000000e1000000,0x00000000e127f280,0x00000000e1280000)
  to   space 2560K, 0% used [0x00000000e1280000,0x00000000e1280000,0x00000000e1500000)
 ParOldGen       total 44032K, used 359K [0x00000000a0000000, 0x00000000a2b00000, 0x00000000e0000000)
  object space 44032K, 0% used [0x00000000a0000000,0x00000000a0059d00,0x00000000a2b00000)
 Metaspace       used 6586K, capacity 6766K, committed 7040K, reserved 1056768K
  class space    used 803K, capacity 875K, committed 896K, reserved 1048576K
Event: 1.658 GC heap after
Heap after GC invocations=2 (full 0):
 PSYoungGen      total 18944K, used 2420K [0x00000000e0000000, 0x00000000e1500000, 0x0000000100000000)
  eden space 16384K, 0% used [0x00000000e0000000,0x00000000e0000000,0x00000000e1000000)
  from space 2560K, 94% used [0x00000000e1280000,0x00000000e14dd128,0x00000000e1500000)
  to   space 2560K, 0% used [0x00000000e1000000,0x00000000e1000000,0x00000000e1280000)
 ParOldGen       total 44032K, used 367K [0x00000000a0000000, 0x00000000a2b00000, 0x00000000e0000000)
  object space 44032K, 0% used [0x00000000a0000000,0x00000000a005bd00,0x00000000a2b00000)
 Metaspace       used 6586K, capacity 6766K, committed 7040K, reserved 1056768K
  class space    used 803K, capacity 875K, committed 896K, reserved 1048576K
}
Event: 1.976 GC heap before
{Heap before GC invocations=3 (full 0):
 PSYoungGen      total 18944K, used 18804K [0x00000000e0000000, 0x00000000e1500000, 0x0000000100000000)
  eden space 16384K, 100% used [0x00000000e0000000,0x00000000e1000000,0x00000000e1000000)
  from space 2560K, 94% used [0x00000000e1280000,0x00000000e14dd128,0x00000000e1500000)
  to   space 2560K, 0% used [0x00000000e1000000,0x00000000e1000000,0x00000000e1280000)
 ParOldGen       total 44032K, used 367K [0x00000000a0000000, 0x00000000a2b00000, 0x00000000e0000000)
  object space 44032K, 0% used [0x00000000a0000000,0x00000000a005bd00,0x00000000a2b00000)
 Metaspace       used 6961K, capacity 7112K, committed 7424K, reserved 1056768K
  class space    used 880K, capacity 948K, committed 1024K, reserved 1048576K
Event: 1.980 GC heap after
Heap after GC invocations=3 (full 0):
 PSYoungGen      total 18944K, used 2528K [0x00000000e0000000, 0x00000000e1500000, 0x0000000100000000)
  eden space 16384K, 0% used [0x00000000e0000000,0x00000000e0000000,0x00000000e1000000)
  from space 2560K, 98% used [0x00000000e1000000,0x00000000e1278020,0x00000000e1280000)
  to   space 2560K, 0% used [0x00000000e1280000,0x00000000e1280000,0x00000000e1500000)
 ParOldGen       total 44032K, used 651K [0x00000000a0000000, 0x00000000a2b00000, 0x00000000e0000000)
  object space 44032K, 1% used [0x00000000a0000000,0x00000000a00a2e08,0x00000000a2b00000)
 Metaspace       used 6961K, capacity 7112K, committed 7424K, reserved 1056768K
  class space    used 880K, capacity 948K, committed 1024K, reserved 1048576K
}
Event: 4.396 GC heap before
{Heap before GC invocations=4 (full 0):
 PSYoungGen      total 18944K, used 18912K [0x00000000e0000000, 0x00000000e1500000, 0x0000000100000000)
  eden space 16384K, 100% used [0x00000000e0000000,0x00000000e1000000,0x00000000e1000000)
  from space 2560K, 98% used [0x00000000e1000000,0x00000000e1278020,0x00000000e1280000)
  to   space 2560K, 0% used [0x00000000e1280000,0x00000000e1280000,0x00000000e1500000)
 ParOldGen       total 44032K, used 651K [0x00000000a0000000, 0x00000000a2b00000, 0x00000000e0000000)
  object space 44032K, 1% used [0x00000000a0000000,0x00000000a00a2e08,0x00000000a2b00000)
 Metaspace       used 11384K, capacity 11650K, committed 11904K, reserved 1058816K
  class space    used 1510K, capacity 1627K, committed 1664K, reserved 1048576K
Event: 4.411 GC heap after
Heap after GC invocations=4 (full 0):
 PSYoungGen      total 18944K, used 2544K [0x00000000e0000000, 0x00000000e1500000, 0x0000000100000000)
  eden space 16384K, 0% used [0x00000000e0000000,0x00000000e0000000,0x00000000e1000000)
  from space 2560K, 99% used [0x00000000e1280000,0x00000000e14fc010,0x00000000e1500000)
  to   space 2560K, 0% used [0x00000000e1000000,0x00000000e1000000,0x00000000e1280000)
 ParOldGen       total 44032K, used 2925K [0x00000000a0000000, 0x00000000a2b00000, 0x00000000e0000000)
  object space 44032K, 6% used [0x00000000a0000000,0x00000000a02db720,0x00000000a2b00000)
 Metaspace       used 11384K, capacity 11650K, committed 11904K, reserved 1058816K
  class space    used 1510K, capacity 1627K, committed 1664K, reserved 1048576K
}
Event: 4.825 GC heap before
{Heap before GC invocations=5 (full 0):
 PSYoungGen      total 18944K, used 18928K [0x00000000e0000000, 0x00000000e1500000, 0x0000000100000000)
  eden space 16384K, 100% used [0x00000000e0000000,0x00000000e1000000,0x00000000e1000000)
  from space 2560K, 99% used [0x00000000e1280000,0x00000000e14fc010,0x00000000e1500000)
  to   space 2560K, 0% used [0x00000000e1000000,0x00000000e1000000,0x00000000e1280000)
 ParOldGen       total 44032K, used 2925K [0x00000000a0000000, 0x00000000a2b00000, 0x00000000e0000000)
  object space 44032K, 6% used [0x00000000a0000000,0x00000000a02db720,0x00000000a2b00000)
 Metaspace       used 13027K, capacity 13362K, committed 13568K, reserved 1060864K
  class space    used 1775K, capacity 1929K, committed 2048K, reserved 1048576K
Event: 4.835 GC heap after
Heap after GC invocations=5 (full 0):
 PSYoungGen      total 18944K, used 2544K [0x00000000e0000000, 0x00000000e1500000, 0x0000000100000000)
  eden space 16384K, 0% used [0x00000000e0000000,0x00000000e0000000,0x00000000e1000000)
  from space 2560K, 99% used [0x00000000e1000000,0x00000000e127c030,0x00000000e1280000)
  to   space 2560K, 0% used [0x00000000e1280000,0x00000000e1280000,0x00000000e1500000)
 ParOldGen       total 44032K, used 4703K [0x00000000a0000000, 0x00000000a2b00000, 0x00000000e0000000)
  object space 44032K, 10% used [0x00000000a0000000,0x00000000a0497ea0,0x00000000a2b00000)
 Metaspace       used 13027K, capacity 13362K, committed 13568K, reserved 1060864K
  class space    used 1775K, capacity 1929K, committed 2048K, reserved 1048576K
}

Deoptimization events (10 events):
Event: 2.032 Thread 0x00000000021bd800 Uncommon trap: reason=bimorphic action=maybe_recompile pc=0x0000000002443474 method=java.util.HashMap.putVal(ILjava/lang/Object;Ljava/lang/Object;ZZ)Ljava/lang/Object; @ 91
Event: 2.038 Thread 0x00000000021bd800 Uncommon trap: reason=bimorphic action=maybe_recompile pc=0x000000000243b5bc method=java.util.HashMap.putVal(ILjava/lang/Object;Ljava/lang/Object;ZZ)Ljava/lang/Object; @ 91
Event: 2.224 Thread 0x00000000021bd800 Uncommon trap: reason=bimorphic action=maybe_recompile pc=0x00000000024e8ef4 method=java.util.HashMap.putVal(ILjava/lang/Object;Ljava/lang/Object;ZZ)Ljava/lang/Object; @ 203
Event: 2.582 Thread 0x00000000021bd800 Uncommon trap: reason=unstable_if action=reinterpret pc=0x00000000024937d8 method=java.io.WinNTFileSystem.normalize(Ljava/lang/String;)Ljava/lang/String; @ 128
Event: 4.423 Thread 0x0000000018a1b000 Uncommon trap: reason=unstable_if action=reinterpret pc=0x0000000002546d60 method=java.util.concurrent.ConcurrentHashMap.putVal(Ljava/lang/Object;Ljava/lang/Object;Z)Ljava/lang/Object; @ 206
Event: 4.589 Thread 0x0000000018ac7000 Uncommon trap: reason=bimorphic action=maybe_recompile pc=0x00000000024e8854 method=java.util.HashMap.putVal(ILjava/lang/Object;Ljava/lang/Object;ZZ)Ljava/lang/Object; @ 253
Event: 4.589 Thread 0x0000000018ac7000 Uncommon trap: reason=bimorphic action=maybe_recompile pc=0x00000000024e8854 method=java.util.HashMap.putVal(ILjava/lang/Object;Ljava/lang/Object;ZZ)Ljava/lang/Object; @ 253
Event: 4.613 Thread 0x0000000018ac7000 Uncommon trap: reason=class_check action=maybe_recompile pc=0x0000000002460a98 method=java.util.regex.Matcher.match(II)Z @ 86
Event: 5.027 Thread 0x0000000018ac7000 Uncommon trap: reason=class_check action=maybe_recompile pc=0x0000000002460a98 method=java.util.regex.Matcher.match(II)Z @ 86
Event: 5.028 Thread 0x0000000018ac7000 Uncommon trap: reason=class_check action=maybe_recompile pc=0x0000000002429bdc method=java.util.regex.Matcher.match(II)Z @ 86

Classes redefined (0 events):
No events

Internal exceptions (10 events):
Event: 4.464 Thread 0x0000000018a1b000 Exception <a 'java/lang/NoSuchMethodError': <clinit>> (0x00000000e00c73c0) thrown at [D:\src\AOSP-openjdk-cygwin\jdk8u\hotspot\src\share\vm\prims\jni.cpp, line 1613]
Event: 4.465 Thread 0x0000000018a1b000 Exception <a 'java/lang/NoSuchMethodError': <clinit>> (0x00000000e00cfe88) thrown at [D:\src\AOSP-openjdk-cygwin\jdk8u\hotspot\src\share\vm\prims\jni.cpp, line 1613]
Event: 4.469 Thread 0x0000000018a1b000 Exception <a 'java/lang/NoSuchMethodError': <clinit>> (0x00000000e00e14c8) thrown at [D:\src\AOSP-openjdk-cygwin\jdk8u\hotspot\src\share\vm\prims\jni.cpp, line 1613]
Event: 4.507 Thread 0x0000000018a1b000 Exception <a 'java/lang/NoSuchMethodError': <clinit>> (0x00000000e0146d28) thrown at [D:\src\AOSP-openjdk-cygwin\jdk8u\hotspot\src\share\vm\prims\jni.cpp, line 1613]
Event: 4.514 Thread 0x0000000018a1b000 Exception <a 'java/lang/NoSuchMethodError': <clinit>> (0x00000000e016a3f8) thrown at [D:\src\AOSP-openjdk-cygwin\jdk8u\hotspot\src\share\vm\prims\jni.cpp, line 1613]
Event: 4.519 Thread 0x0000000018a1b000 Exception <a 'java/lang/NoSuchMethodError': <clinit>> (0x00000000e0193d08) thrown at [D:\src\AOSP-openjdk-cygwin\jdk8u\hotspot\src\share\vm\prims\jni.cpp, line 1613]
Event: 4.521 Thread 0x0000000018a1b000 Exception <a 'java/lang/NoSuchMethodError': <clinit>> (0x00000000e01a1870) thrown at [D:\src\AOSP-openjdk-cygwin\jdk8u\hotspot\src\share\vm\prims\jni.cpp, line 1613]
Event: 4.528 Thread 0x0000000018a1b000 Exception <a 'java/lang/NoSuchMethodError': <clinit>> (0x00000000e01c46a8) thrown at [D:\src\AOSP-openjdk-cygwin\jdk8u\hotspot\src\share\vm\prims\jni.cpp, line 1613]
Event: 4.569 Thread 0x0000000018ac7000 Exception <a 'java/lang/NoSuchMethodError': <clinit>> (0x00000000e029adb0) thrown at [D:\src\AOSP-openjdk-cygwin\jdk8u\hotspot\src\share\vm\prims\jni.cpp, line 1613]
Event: 4.570 Thread 0x0000000018ac7000 Exception <a 'java/lang/NoSuchMethodError': <clinit>> (0x00000000e02a3038) thrown at [D:\src\AOSP-openjdk-cygwin\jdk8u\hotspot\src\share\vm\prims\jni.cpp, line 1613]

Events (10 events):
Event: 5.106 loading class java/net/DatagramPacket$1
Event: 5.106 loading class java/net/DatagramPacket$1 done
Event: 5.107 Executing VM operation: RevokeBias
Event: 5.107 Executing VM operation: RevokeBias done
Event: 5.107 Executing VM operation: RevokeBias
Event: 5.108 Executing VM operation: RevokeBias done
Event: 5.115 loading class org/gradle/cache/internal/DefaultCacheAccess$IndexedCacheEntry
Event: 5.115 loading class org/gradle/cache/internal/DefaultCacheAccess$IndexedCacheEntry done
Event: 5.116 loading class org/gradle/cache/internal/DefaultCacheAccess$InvalidCacheReuseException
Event: 5.116 loading class org/gradle/cache/internal/DefaultCacheAccess$InvalidCacheReuseException done


Dynamic libraries:
0x00007ff6678d0000 - 0x00007ff667901000 	C:\Program Files (x86)\Android\Android Studio\jre\bin\java.exe
0x00007fff3f310000 - 0x00007fff3f4f1000 	C:\WINDOWS\SYSTEM32\ntdll.dll
0x00007ffef7a40000 - 0x00007ffef7a54000 	C:\Program Files\AVAST Software\Avast\x64\aswhooka.dll
0x00007fff3c8d0000 - 0x00007fff3c982000 	C:\WINDOWS\System32\KERNEL32.DLL
0x00007fff3ba90000 - 0x00007fff3bd03000 	C:\WINDOWS\System32\KERNELBASE.dll
0x00007fff3e5e0000 - 0x00007fff3e681000 	C:\WINDOWS\System32\ADVAPI32.dll
0x00007fff3d0d0000 - 0x00007fff3d16e000 	C:\WINDOWS\System32\msvcrt.dll
0x00007fff3c7a0000 - 0x00007fff3c7fb000 	C:\WINDOWS\System32\sechost.dll
0x00007fff3ee80000 - 0x00007fff3efa4000 	C:\WINDOWS\System32\RPCRT4.dll
0x00007fff3cdf0000 - 0x00007fff3cf80000 	C:\WINDOWS\System32\USER32.dll
0x00007fff3b6e0000 - 0x00007fff3b700000 	C:\WINDOWS\System32\win32u.dll
0x00007fff3d170000 - 0x00007fff3d198000 	C:\WINDOWS\System32\GDI32.dll
0x00007fff3c4d0000 - 0x00007fff3c662000 	C:\WINDOWS\System32\gdi32full.dll
0x00007fff3b9f0000 - 0x00007fff3ba8f000 	C:\WINDOWS\System32\msvcp_win.dll
0x00007fff3b8f0000 - 0x00007fff3b9ea000 	C:\WINDOWS\System32\ucrtbase.dll
0x00007fff2abf0000 - 0x00007fff2ae59000 	C:\WINDOWS\WinSxS\amd64_microsoft.windows.common-controls_6595b64144ccf1df_6.0.17134.523_none_fb409dd930672a56\COMCTL32.dll
0x00007fff3efb0000 - 0x00007fff3f2d2000 	C:\WINDOWS\System32\combase.dll
0x00007fff3c670000 - 0x00007fff3c6ea000 	C:\WINDOWS\System32\bcryptPrimitives.dll
0x00007fff3c990000 - 0x00007fff3c9bd000 	C:\WINDOWS\System32\IMM32.DLL
0x000000005d7c0000 - 0x000000005d892000 	C:\Program Files (x86)\Android\Android Studio\jre\jre\bin\msvcr100.dll
0x000000005cdb0000 - 0x000000005d5ef000 	C:\Program Files (x86)\Android\Android Studio\jre\jre\bin\server\jvm.dll
0x00007fff3e880000 - 0x00007fff3e888000 	C:\WINDOWS\System32\PSAPI.DLL
0x00007fff14210000 - 0x00007fff14219000 	C:\WINDOWS\SYSTEM32\WSOCK32.dll
0x00007fff3e690000 - 0x00007fff3e6fc000 	C:\WINDOWS\System32\WS2_32.dll
0x00007fff37300000 - 0x00007fff37323000 	C:\WINDOWS\SYSTEM32\WINMM.dll
0x00007fff311c0000 - 0x00007fff311ca000 	C:\WINDOWS\SYSTEM32\VERSION.dll
0x00007fff372d0000 - 0x00007fff372fa000 	C:\WINDOWS\SYSTEM32\WINMMBASE.dll
0x00007fff3c6f0000 - 0x00007fff3c739000 	C:\WINDOWS\System32\cfgmgr32.dll
0x00007fff360c0000 - 0x00007fff360cf000 	C:\Program Files (x86)\Android\Android Studio\jre\jre\bin\verify.dll
0x00007fff332d0000 - 0x00007fff332f9000 	C:\Program Files (x86)\Android\Android Studio\jre\jre\bin\java.dll
0x00007fff35620000 - 0x00007fff35636000 	C:\Program Files (x86)\Android\Android Studio\jre\jre\bin\zip.dll
0x00007fff3d1a0000 - 0x00007fff3e5e0000 	C:\WINDOWS\System32\SHELL32.dll
0x00007fff3cd40000 - 0x00007fff3cde9000 	C:\WINDOWS\System32\shcore.dll
0x00007fff3bd10000 - 0x00007fff3c41d000 	C:\WINDOWS\System32\windows.storage.dll
0x00007fff3d060000 - 0x00007fff3d0b1000 	C:\WINDOWS\System32\shlwapi.dll
0x00007fff3b620000 - 0x00007fff3b631000 	C:\WINDOWS\System32\kernel.appcore.dll
0x00007fff3b640000 - 0x00007fff3b65f000 	C:\WINDOWS\System32\profapi.dll
0x00007fff3b660000 - 0x00007fff3b6ac000 	C:\WINDOWS\System32\powrprof.dll
0x00007fff3b6d0000 - 0x00007fff3b6da000 	C:\WINDOWS\System32\FLTLIB.DLL
0x00007fff35360000 - 0x00007fff3537a000 	C:\Program Files (x86)\Android\Android Studio\jre\jre\bin\net.dll
0x00007fff3aea0000 - 0x00007fff3af06000 	C:\WINDOWS\system32\mswsock.dll
0x00007fff31c00000 - 0x00007fff31c11000 	C:\Program Files (x86)\Android\Android Studio\jre\jre\bin\nio.dll
0x00007fff36350000 - 0x00007fff3636e000 	C:\Users\HP\.gradle\native\25\windows-amd64\native-platform.dll
0x00007fff35a80000 - 0x00007fff35a8d000 	C:\Program Files (x86)\Android\Android Studio\jre\jre\bin\management.dll
0x00007fff3b050000 - 0x00007fff3b067000 	C:\WINDOWS\SYSTEM32\CRYPTSP.dll
0x00007fff3aa80000 - 0x00007fff3aab3000 	C:\WINDOWS\system32\rsaenh.dll
0x00007fff3b180000 - 0x00007fff3b1a5000 	C:\WINDOWS\SYSTEM32\bcrypt.dll
0x00007fff3b520000 - 0x00007fff3b548000 	C:\WINDOWS\SYSTEM32\USERENV.dll
0x00007fff3b070000 - 0x00007fff3b07b000 	C:\WINDOWS\SYSTEM32\CRYPTBASE.dll
0x00007fff3ac20000 - 0x00007fff3ac58000 	C:\WINDOWS\SYSTEM32\IPHLPAPI.DLL
0x00007fff3d0c0000 - 0x00007fff3d0c8000 	C:\WINDOWS\System32\NSI.dll
0x00007fff31840000 - 0x00007fff31856000 	C:\WINDOWS\SYSTEM32\dhcpcsvc6.DLL
0x00007fff31b10000 - 0x00007fff31b2a000 	C:\WINDOWS\SYSTEM32\dhcpcsvc.DLL

VM Arguments:
jvm_args: -Xmx1536m -Dfile.encoding=windows-1252 -Duser.country=US -Duser.language=en -Duser.variant 
java_command: org.gradle.launcher.daemon.bootstrap.GradleDaemon 4.4
java_class_path (initial): C:\Users\HP\.gradle\wrapper\dists\gradle-4.4-all\9br9xq1tocpiv8o6njlyu5op1\gradle-4.4\lib\gradle-launcher-4.4.jar
Launcher Type: SUN_STANDARD

Environment Variables:
PATH=C:\Program Files (x86)\Common Files\Oracle\Java\javapath;C:\Program Files (x86)\Common Files\ArcSoft\Bin;C:\Program Files (x86)\Intel\iCLS Client\;C:\Program Files\Intel\iCLS Client\;C:\WINDOWS\system32;C:\WINDOWS;C:\WINDOWS\System32\Wbem;C:\WINDOWS\System32\WindowsPowerShell\v1.0\;C:\Program Files (x86)\Intel\Intel(R) Management Engine Components\DAL;C:\Program Files\Intel\Intel(R) Management Engine Components\DAL;C:\Program Files (x86)\Intel\Intel(R) Management Engine Components\IPT;C:\Program Files\Intel\Intel(R) Management Engine Components\IPT;c:\Program Files\Intel\WiFi\bin\;c:\Program Files\Common Files\Intel\WirelessCommon\;C:\Program Files (x86)\GtkSharp\2.12\bin;C:\WINDOWS\System32\OpenSSH\;C:\Users\HP\AppData\Local\Android\Sdk;C:\Program Files (x86)\Java\jdk1.6.0_18\bin;%USERPROFILE%\AppData\Local\Microsoft\WindowsApps;
USERNAME=HP
OS=Windows_NT
PROCESSOR_IDENTIFIER=Intel64 Family 6 Model 61 Stepping 4, GenuineIntel



---------------  S Y S T E M  ---------------

OS: Windows 10.0 , 64 bit Build 17134 (10.0.17134.1)

CPU:total 4 (initial active 4) (2 cores per cpu, 2 threads per core) family 6 model 61 stepping 4, cmov, cx8, fxsr, mmx, sse, sse2, sse3, ssse3, sse4.1, sse4.2, popcnt, avx, avx2, aes, clmul, erms, 3dnowpref, lzcnt, ht, tsc, tscinvbit, bmi1, bmi2, adx

Memory: 4k page, physical 4082796k(330480k free), swap 4082796k(3812k free)

vm_info: OpenJDK 64-Bit Server VM (25.152-b02) for windows-amd64 JRE (1.8.0_152-release-1024-b02), built by "builder" with MS VC++ 10.0 (VS2010)

time: Thu Jan 17 04:25:04 2019
elapsed time: 5 seconds (0d 0h 0m 5s)

