#
# There is insufficient memory for the Java Runtime Environment to continue.
# Native memory allocation (malloc) failed to allocate 32784 bytes for Chunk::new
# Possible reasons:
#   The system is out of physical RAM or swap space
#   In 32 bit mode, the process size limit was hit
# Possible solutions:
#   Reduce memory load on the system
#   Increase physical memory or swap space
#   Check if swap backing store is full
#   Use 64 bit Java on a 64 bit OS
#   Decrease Java heap size (-Xmx/-Xms)
#   Decrease number of Java threads
#   Decrease Java thread stack sizes (-Xss)
#   Set larger code cache with -XX:ReservedCodeCacheSize=
# This output file may be truncated or incomplete.
#
#  Out of Memory Error (allocation.cpp:390), pid=7616, tid=0x00000000000020a0
#
# JRE version: OpenJDK Runtime Environment (8.0_152-b02) (build 1.8.0_152-release-1024-b02)
# Java VM: OpenJDK 64-Bit Server VM (25.152-b02 mixed mode windows-amd64 compressed oops)
# Failed to write core dump. Minidumps are not enabled by default on client versions of Windows
#

---------------  T H R E A D  ---------------

Current thread (0x0000000015c72800):  JavaThread "C2 CompilerThread1" daemon [_thread_in_native, id=8352, stack(0x00000000173c0000,0x00000000174c0000)]

Stack: [0x00000000173c0000,0x00000000174c0000]
[error occurred during error reporting (printing stack bounds), id 0xc0000005]

Native frames: (J=compiled Java code, j=interpreted, Vv=VM code, C=native code)


Current CompileTask:
C2: 266371 13998       4       java.io.ObjectStreamClass::writeNonProxy (161 bytes)


---------------  P R O C E S S  ---------------

Java Threads: ( => current thread )
  0x000000001848b800 JavaThread "build operations Thread 4" [_thread_in_native, id=3884, stack(0x00000000271a0000,0x00000000272a0000)]
  0x000000001848c800 JavaThread "build operations Thread 3" [_thread_blocked, id=7164, stack(0x00000000270a0000,0x00000000271a0000)]
  0x000000001848b000 JavaThread "build operations Thread 2" [_thread_blocked, id=9136, stack(0x0000000026fa0000,0x00000000270a0000)]
  0x000000001848a000 JavaThread "build operations" [_thread_blocked, id=8500, stack(0x0000000026ea0000,0x0000000026fa0000)]
  0x0000000018489800 JavaThread "Cache worker for Artifact transforms cache (C:\Users\HP\.gradle\caches\transforms-1)" [_thread_blocked, id=8316, stack(0x0000000026da0000,0x0000000026ea0000)]
  0x000000001847e000 JavaThread "Cache worker for file hash cache (H:\AndroidStudioProjects\LogInPage\.gradle\4.4\fileHashes)" [_thread_blocked, id=6288, stack(0x0000000026ca0000,0x0000000026da0000)]
  0x0000000018485000 JavaThread "Stdin handler" [_thread_blocked, id=7452, stack(0x0000000026ba0000,0x0000000026ca0000)]
  0x0000000018484000 JavaThread "Asynchronous log dispatcher for DefaultDaemonConnection: socket connection from /127.0.0.1:2132 to /127.0.0.1:2263" [_thread_blocked, id=7424, stack(0x0000000026aa0000,0x0000000026ba0000)]
  0x0000000018483800 JavaThread "Daemon worker Thread 2" [_thread_in_native, id=2188, stack(0x00000000269a0000,0x0000000026aa0000)]
  0x0000000018482800 JavaThread "Cancel handler" [_thread_blocked, id=9876, stack(0x00000000268a0000,0x00000000269a0000)]
  0x0000000018481000 JavaThread "Handler for socket connection from /127.0.0.1:2132 to /127.0.0.1:2263" [_thread_in_native, id=3112, stack(0x00000000267a0000,0x00000000268a0000)]
  0x0000000018482000 JavaThread "Daemon Thread 2" [_thread_blocked, id=2632, stack(0x00000000266a0000,0x00000000267a0000)]
  0x000000001c90d800 JavaThread "Memory manager" [_thread_blocked, id=6000, stack(0x0000000020380000,0x0000000020480000)]
  0x000000001929d800 JavaThread "File lock request listener" [_thread_in_native, id=856, stack(0x000000001b6e0000,0x000000001b7e0000)]
  0x0000000017ea6800 JavaThread "Cache worker for file hash cache (C:\Users\HP\.gradle\caches\4.4\fileHashes)" [_thread_blocked, id=10076, stack(0x000000001a610000,0x000000001a710000)]
  0x0000000018abd000 JavaThread "Daemon periodic checks" [_thread_blocked, id=1632, stack(0x0000000019b10000,0x0000000019c10000)]
  0x0000000018abc000 JavaThread "Incoming local TCP Connector on port 2132" [_thread_in_native, id=11144, stack(0x00000000198d0000,0x00000000199d0000)]
  0x00000000175f1800 JavaThread "Service Thread" daemon [_thread_blocked, id=7688, stack(0x00000000179c0000,0x0000000017ac0000)]
  0x0000000015c81800 JavaThread "C1 CompilerThread2" daemon [_thread_blocked, id=8088, stack(0x00000000174c0000,0x00000000175c0000)]
=>0x0000000015c72800 JavaThread "C2 CompilerThread1" daemon [_thread_in_native, id=8352, stack(0x00000000173c0000,0x00000000174c0000)]
  0x0000000015c6c800 JavaThread "C2 CompilerThread0" daemon [_thread_in_native, id=4844, stack(0x00000000172c0000,0x00000000173c0000)]
  0x0000000015c6b000 JavaThread "Attach Listener" daemon [_thread_blocked, id=2012, stack(0x00000000171c0000,0x00000000172c0000)]
  0x0000000015c69800 JavaThread "Signal Dispatcher" daemon [_thread_blocked, id=2760, stack(0x00000000170c0000,0x00000000171c0000)]
  0x00000000022fc800 JavaThread "Finalizer" daemon [_thread_blocked, id=1280, stack(0x0000000016ed0000,0x0000000016fd0000)]
  0x00000000022f1800 JavaThread "Reference Handler" daemon [_thread_blocked, id=1892, stack(0x0000000016dd0000,0x0000000016ed0000)]
  0x000000000214e000 JavaThread "main" [_thread_blocked, id=10760, stack(0x0000000002010000,0x0000000002110000)]

Other Threads:
  0x0000000015c35800 VMThread [stack: 0x0000000016cd0000,0x0000000016dd0000] [id=3376]
  0x0000000015cce800 WatcherThread [stack: 0x0000000017ac0000,0x0000000017bc0000] [id=6116]

VM state:not at safepoint (normal execution)

VM Mutex/Monitor currently owned by a thread: None

Heap:
 PSYoungGen      total 141312K, used 39806K [0x00000000e0000000, 0x00000000eba80000, 0x0000000100000000)
  eden space 98816K, 20% used [0x00000000e0000000,0x00000000e13ce6c8,0x00000000e6080000)
  from space 42496K, 45% used [0x00000000e6080000,0x00000000e7391460,0x00000000e8a00000)
  to   space 41472K, 0% used [0x00000000e9200000,0x00000000e9200000,0x00000000eba80000)
 ParOldGen       total 197632K, used 105962K [0x00000000a0000000, 0x00000000ac100000, 0x00000000e0000000)
  object space 197632K, 53% used [0x00000000a0000000,0x00000000a677ab90,0x00000000ac100000)
 Metaspace       used 77265K, capacity 80231K, committed 80728K, reserved 1120256K
  class space    used 10103K, capacity 10735K, committed 10880K, reserved 1048576K

Card table byte_map: [0x00000000116c0000,0x00000000119d0000] byte_map_base: 0x00000000111c0000

Marking Bits: (ParMarkBitMap*) 0x0000000076ac4970
 Begin Bits: [0x0000000011fd0000, 0x00000000137d0000)
 End Bits:   [0x00000000137d0000, 0x0000000014fd0000)

Polling page: 0x00000000001f0000

CodeCache: size=245760Kb used=36566Kb max_used=36945Kb free=209193Kb
 bounds [0x0000000002300000, 0x0000000004760000, 0x0000000011300000]
 total_blobs=12124 nmethods=11284 adapters=751
 compilation: enabled

Compilation events (10 events):
Event: 266.278 Thread 0x0000000015c81800 nmethod 13993 0x0000000004479ed0 code [0x000000000447a120, 0x000000000447b1c8]
Event: 266.278 Thread 0x0000000015c6c800 13994       4       org.gradle.internal.serialize.Serializers$StatefulSerializerAdapter$2::write (18 bytes)
Event: 266.279 Thread 0x0000000015c6c800 nmethod 13994 0x00000000044680d0 code [0x0000000004468220, 0x00000000044682e8]
Event: 266.281 Thread 0x0000000015c6c800 13995   !   4       org.gradle.internal.remote.internal.inet.SocketConnection::dispatch (134 bytes)
Event: 266.284 Thread 0x0000000015c6c800 nmethod 13995 0x00000000038e4510 code [0x00000000038e4680, 0x00000000038e4828]
Event: 266.286 Thread 0x0000000015c6c800 13996       4       java.io.ObjectOutputStream::writeNonProxyDesc (109 bytes)
Event: 266.312 Thread 0x0000000015c72800 nmethod 13992 0x0000000003eb8c90 code [0x0000000003eb8e60, 0x0000000003eb9eb8]
Event: 266.316 Thread 0x0000000015c72800 13997       4       java.util.HashMap::removeNode (291 bytes)
Event: 266.325 Thread 0x0000000015c72800 nmethod 13997 0x0000000003b31f10 code [0x0000000003b32080, 0x0000000003b324d8]
Event: 266.330 Thread 0x0000000015c72800 13998       4       java.io.ObjectStreamClass::writeNonProxy (161 bytes)

GC Heap History (10 events):
Event: 71.920 GC heap before
{Heap before GC invocations=33 (full 3):
 PSYoungGen      total 112640K, used 112459K [0x00000000e0000000, 0x00000000e9b80000, 0x0000000100000000)
  eden space 94208K, 99% used [0x00000000e0000000,0x00000000e5bd7228,0x00000000e5c00000)
  from space 18432K, 99% used [0x00000000e5c00000,0x00000000e6dfbbe0,0x00000000e6e00000)
  to   space 27648K, 0% used [0x00000000e8080000,0x00000000e8080000,0x00000000e9b80000)
 ParOldGen       total 97792K, used 74153K [0x00000000a0000000, 0x00000000a5f80000, 0x00000000e0000000)
  object space 97792K, 75% used [0x00000000a0000000,0x00000000a486a4f0,0x00000000a5f80000)
 Metaspace       used 72451K, capacity 75685K, committed 75864K, reserved 1114112K
  class space    used 9657K, capacity 10334K, committed 10368K, reserved 1048576K
Event: 72.032 GC heap after
Heap after GC invocations=33 (full 3):
 PSYoungGen      total 116224K, used 27616K [0x00000000e0000000, 0x00000000ebc00000, 0x0000000100000000)
  eden space 88576K, 0% used [0x00000000e0000000,0x00000000e0000000,0x00000000e5680000)
  from space 27648K, 99% used [0x00000000e8080000,0x00000000e9b780f0,0x00000000e9b80000)
  to   space 43008K, 0% used [0x00000000e5680000,0x00000000e5680000,0x00000000e8080000)
 ParOldGen       total 102912K, used 102909K [0x00000000a0000000, 0x00000000a6480000, 0x00000000e0000000)
  object space 102912K, 99% used [0x00000000a0000000,0x00000000a647f7c0,0x00000000a6480000)
 Metaspace       used 72451K, capacity 75685K, committed 75864K, reserved 1114112K
  class space    used 9657K, capacity 10334K, committed 10368K, reserved 1048576K
}
Event: 72.032 GC heap before
{Heap before GC invocations=34 (full 4):
 PSYoungGen      total 116224K, used 27616K [0x00000000e0000000, 0x00000000ebc00000, 0x0000000100000000)
  eden space 88576K, 0% used [0x00000000e0000000,0x00000000e0000000,0x00000000e5680000)
  from space 27648K, 99% used [0x00000000e8080000,0x00000000e9b780f0,0x00000000e9b80000)
  to   space 43008K, 0% used [0x00000000e5680000,0x00000000e5680000,0x00000000e8080000)
 ParOldGen       total 102912K, used 102909K [0x00000000a0000000, 0x00000000a6480000, 0x00000000e0000000)
  object space 102912K, 99% used [0x00000000a0000000,0x00000000a647f7c0,0x00000000a6480000)
 Metaspace       used 72451K, capacity 75685K, committed 75864K, reserved 1114112K
  class space    used 9657K, capacity 10334K, committed 10368K, reserved 1048576K
Event: 73.314 GC heap after
Heap after GC invocations=34 (full 4):
 PSYoungGen      total 116224K, used 3020K [0x00000000e0000000, 0x00000000ebc00000, 0x0000000100000000)
  eden space 88576K, 0% used [0x00000000e0000000,0x00000000e0000000,0x00000000e5680000)
  from space 27648K, 10% used [0x00000000e8080000,0x00000000e8373278,0x00000000e9b80000)
  to   space 43008K, 0% used [0x00000000e5680000,0x00000000e5680000,0x00000000e8080000)
 ParOldGen       total 197632K, used 102807K [0x00000000a0000000, 0x00000000ac100000, 0x00000000e0000000)
  object space 197632K, 52% used [0x00000000a0000000,0x00000000a6465cb0,0x00000000ac100000)
 Metaspace       used 72073K, capacity 74669K, committed 75864K, reserved 1114112K
  class space    used 9526K, capacity 10104K, committed 10368K, reserved 1048576K
}
Event: 74.314 GC heap before
{Heap before GC invocations=35 (full 4):
 PSYoungGen      total 116224K, used 91596K [0x00000000e0000000, 0x00000000ebc00000, 0x0000000100000000)
  eden space 88576K, 100% used [0x00000000e0000000,0x00000000e5680000,0x00000000e5680000)
  from space 27648K, 10% used [0x00000000e8080000,0x00000000e8373278,0x00000000e9b80000)
  to   space 43008K, 0% used [0x00000000e5680000,0x00000000e5680000,0x00000000e8080000)
 ParOldGen       total 197632K, used 102807K [0x00000000a0000000, 0x00000000ac100000, 0x00000000e0000000)
  object space 197632K, 52% used [0x00000000a0000000,0x00000000a6465cb0,0x00000000ac100000)
 Metaspace       used 72162K, capacity 74801K, committed 75864K, reserved 1114112K
  class space    used 9526K, capacity 10104K, committed 10368K, reserved 1048576K
Event: 74.375 GC heap after
Heap after GC invocations=35 (full 4):
 PSYoungGen      total 131584K, used 9420K [0x00000000e0000000, 0x00000000eb280000, 0x0000000100000000)
  eden space 88576K, 0% used [0x00000000e0000000,0x00000000e0000000,0x00000000e5680000)
  from space 43008K, 21% used [0x00000000e5680000,0x00000000e5fb32b0,0x00000000e8080000)
  to   space 41472K, 0% used [0x00000000e8a00000,0x00000000e8a00000,0x00000000eb280000)
 ParOldGen       total 197632K, used 105869K [0x00000000a0000000, 0x00000000ac100000, 0x00000000e0000000)
  object space 197632K, 53% used [0x00000000a0000000,0x00000000a6763778,0x00000000ac100000)
 Metaspace       used 72162K, capacity 74801K, committed 75864K, reserved 1114112K
  class space    used 9526K, capacity 10104K, committed 10368K, reserved 1048576K
}
Event: 77.400 GC heap before
{Heap before GC invocations=36 (full 4):
 PSYoungGen      total 131584K, used 97996K [0x00000000e0000000, 0x00000000eb280000, 0x0000000100000000)
  eden space 88576K, 100% used [0x00000000e0000000,0x00000000e5680000,0x00000000e5680000)
  from space 43008K, 21% used [0x00000000e5680000,0x00000000e5fb32b0,0x00000000e8080000)
  to   space 41472K, 0% used [0x00000000e8a00000,0x00000000e8a00000,0x00000000eb280000)
 ParOldGen       total 197632K, used 105922K [0x00000000a0000000, 0x00000000ac100000, 0x00000000e0000000)
  object space 197632K, 53% used [0x00000000a0000000,0x00000000a6770810,0x00000000ac100000)
 Metaspace       used 73826K, capacity 76623K, committed 77656K, reserved 1116160K
  class space    used 9732K, capacity 10351K, committed 10624K, reserved 1048576K
Event: 77.430 GC heap after
Heap after GC invocations=36 (full 4):
 PSYoungGen      total 140288K, used 24647K [0x00000000e0000000, 0x00000000eb400000, 0x0000000100000000)
  eden space 98816K, 0% used [0x00000000e0000000,0x00000000e0000000,0x00000000e6080000)
  from space 41472K, 59% used [0x00000000e8a00000,0x00000000ea211f40,0x00000000eb280000)
  to   space 42496K, 0% used [0x00000000e6080000,0x00000000e6080000,0x00000000e8a00000)
 ParOldGen       total 197632K, used 105930K [0x00000000a0000000, 0x00000000ac100000, 0x00000000e0000000)
  object space 197632K, 53% used [0x00000000a0000000,0x00000000a6772810,0x00000000ac100000)
 Metaspace       used 73826K, capacity 76623K, committed 77656K, reserved 1116160K
  class space    used 9732K, capacity 10351K, committed 10624K, reserved 1048576K
}
Event: 79.140 GC heap before
{Heap before GC invocations=37 (full 4):
 PSYoungGen      total 140288K, used 123463K [0x00000000e0000000, 0x00000000eb400000, 0x0000000100000000)
  eden space 98816K, 100% used [0x00000000e0000000,0x00000000e6080000,0x00000000e6080000)
  from space 41472K, 59% used [0x00000000e8a00000,0x00000000ea211f40,0x00000000eb280000)
  to   space 42496K, 0% used [0x00000000e6080000,0x00000000e6080000,0x00000000e8a00000)
 ParOldGen       total 197632K, used 105954K [0x00000000a0000000, 0x00000000ac100000, 0x00000000e0000000)
  object space 197632K, 53% used [0x00000000a0000000,0x00000000a6778b90,0x00000000ac100000)
 Metaspace       used 75809K, capacity 78655K, committed 79320K, reserved 1118208K
  class space    used 9992K, capacity 10575K, committed 10752K, reserved 1048576K
Event: 79.153 GC heap after
Heap after GC invocations=37 (full 4):
 PSYoungGen      total 141312K, used 19525K [0x00000000e0000000, 0x00000000eba80000, 0x0000000100000000)
  eden space 98816K, 0% used [0x00000000e0000000,0x00000000e0000000,0x00000000e6080000)
  from space 42496K, 45% used [0x00000000e6080000,0x00000000e7391460,0x00000000e8a00000)
  to   space 41472K, 0% used [0x00000000e9200000,0x00000000e9200000,0x00000000eba80000)
 ParOldGen       total 197632K, used 105962K [0x00000000a0000000, 0x00000000ac100000, 0x00000000e0000000)
  object space 197632K, 53% used [0x00000000a0000000,0x00000000a677ab90,0x00000000ac100000)
 Metaspace       used 75809K, capacity 78655K, committed 79320K, reserved 1118208K
  class space    used 9992K, capacity 10575K, committed 10752K, reserved 1048576K
}

Deoptimization events (10 events):
Event: 264.953 Thread 0x0000000018483800 Uncommon trap: reason=class_check action=maybe_recompile pc=0x0000000003ace91c method=org.gradle.api.internal.changedetection.state.CachingFileHasher.snapshot(Ljava/io/File;JJ)Lorg/gradle/api/internal/changedetection/state/CachingFileHasher$FileInfo; @ 14
Event: 264.953 Thread 0x0000000018483800 Uncommon trap: reason=class_check action=maybe_recompile pc=0x0000000003ace91c method=org.gradle.api.internal.changedetection.state.CachingFileHasher.snapshot(Ljava/io/File;JJ)Lorg/gradle/api/internal/changedetection/state/CachingFileHasher$FileInfo; @ 14
Event: 264.992 Thread 0x0000000018483800 Uncommon trap: reason=predicate action=maybe_recompile pc=0x0000000003acfaf4 method=com.google.common.collect.ImmutableSet.construct(I[Ljava/lang/Object;)Lcom/google/common/collect/ImmutableSet; @ 71
Event: 265.159 Thread 0x0000000018483800 Uncommon trap: reason=bimorphic action=maybe_recompile pc=0x0000000004101648 method=sun.reflect.GeneratedMethodAccessor3.invoke(Ljava/lang/Object;[Ljava/lang/Object;)Ljava/lang/Object; @ 48
Event: 265.185 Thread 0x0000000018483800 Uncommon trap: reason=bimorphic action=maybe_recompile pc=0x0000000004101648 method=sun.reflect.GeneratedMethodAccessor3.invoke(Ljava/lang/Object;[Ljava/lang/Object;)Ljava/lang/Object; @ 48
Event: 265.188 Thread 0x0000000018483800 Uncommon trap: reason=bimorphic action=maybe_recompile pc=0x0000000004101648 method=sun.reflect.GeneratedMethodAccessor3.invoke(Ljava/lang/Object;[Ljava/lang/Object;)Ljava/lang/Object; @ 48
Event: 265.191 Thread 0x0000000018483800 Uncommon trap: reason=bimorphic action=maybe_recompile pc=0x0000000003ab9398 method=sun.reflect.GeneratedMethodAccessor4.invoke(Ljava/lang/Object;[Ljava/lang/Object;)Ljava/lang/Object; @ 48
Event: 265.191 Thread 0x0000000018483800 Uncommon trap: reason=bimorphic action=maybe_recompile pc=0x0000000003ab9398 method=sun.reflect.GeneratedMethodAccessor4.invoke(Ljava/lang/Object;[Ljava/lang/Object;)Ljava/lang/Object; @ 48
Event: 265.195 Thread 0x0000000018483800 Uncommon trap: reason=bimorphic action=maybe_recompile pc=0x0000000003ab9398 method=sun.reflect.GeneratedMethodAccessor4.invoke(Ljava/lang/Object;[Ljava/lang/Object;)Ljava/lang/Object; @ 48
Event: 265.211 Thread 0x0000000018483800 Uncommon trap: reason=bimorphic action=maybe_recompile pc=0x0000000003ab9398 method=sun.reflect.GeneratedMethodAccessor4.invoke(Ljava/lang/Object;[Ljava/lang/Object;)Ljava/lang/Object; @ 48

Classes redefined (0 events):
No events

Internal exceptions (10 events):
Event: 79.469 Thread 0x000000001890b800 Exception <a 'java/lang/NoSuchMethodError': <clinit>> (0x00000000e075cd30) thrown at [D:\src\AOSP-openjdk-cygwin\jdk8u\hotspot\src\share\vm\prims\jni.cpp, line 1613]
Event: 79.483 Thread 0x000000001890b800 Exception <a 'java/lang/NoSuchMethodError': <clinit>> (0x00000000e076d0e0) thrown at [D:\src\AOSP-openjdk-cygwin\jdk8u\hotspot\src\share\vm\prims\jni.cpp, line 1613]
Event: 79.485 Thread 0x000000001890b800 Exception <a 'java/lang/NoSuchMethodError': <clinit>> (0x00000000e0771c10) thrown at [D:\src\AOSP-openjdk-cygwin\jdk8u\hotspot\src\share\vm\prims\jni.cpp, line 1613]
Event: 79.500 Thread 0x0000000018c2f000 Exception <a 'java/lang/NoSuchMethodError': <clinit>> (0x00000000e07f9960) thrown at [D:\src\AOSP-openjdk-cygwin\jdk8u\hotspot\src\share\vm\prims\jni.cpp, line 1613]
Event: 264.749 Thread 0x0000000018483800 Implicit null exception at 0x000000000379be5e to 0x000000000379bfed
Event: 265.024 Thread 0x0000000018483800 Exception <a 'java/lang/NoSuchMethodError': <clinit>> (0x00000000e0c76978) thrown at [D:\src\AOSP-openjdk-cygwin\jdk8u\hotspot\src\share\vm\prims\jni.cpp, line 1613]
Event: 265.090 Thread 0x0000000018483800 Exception <a 'java/lang/NoSuchMethodError': <clinit>> (0x00000000e0cbfa60) thrown at [D:\src\AOSP-openjdk-cygwin\jdk8u\hotspot\src\share\vm\prims\jni.cpp, line 1613]
Event: 265.157 Thread 0x0000000018483800 Exception <a 'java/lang/NoSuchMethodError': <clinit>> (0x00000000e0d37578) thrown at [D:\src\AOSP-openjdk-cygwin\jdk8u\hotspot\src\share\vm\prims\jni.cpp, line 1613]
Event: 265.157 Thread 0x0000000018483800 Exception <a 'java/lang/NoSuchMethodError': <clinit>> (0x00000000e0d3b1d0) thrown at [D:\src\AOSP-openjdk-cygwin\jdk8u\hotspot\src\share\vm\prims\jni.cpp, line 1613]
Event: 265.158 Thread 0x0000000018483800 Exception <a 'java/lang/NoSuchMethodError': <clinit>> (0x00000000e0d3ccd8) thrown at [D:\src\AOSP-openjdk-cygwin\jdk8u\hotspot\src\share\vm\prims\jni.cpp, line 1613]

Events (10 events):
Event: 266.130 Thread 0x000000001848c800 Thread added: 0x000000001848c800
Event: 266.130 Thread 0x000000001848b800 Thread added: 0x000000001848b800
Event: 266.133 Executing VM operation: RevokeBias
Event: 266.136 Executing VM operation: RevokeBias done
Event: 266.136 Executing VM operation: RevokeBias
Event: 266.137 Executing VM operation: RevokeBias done
Event: 266.137 Executing VM operation: RevokeBias
Event: 266.137 Executing VM operation: RevokeBias done
Event: 266.211 Executing VM operation: RevokeBias
Event: 266.211 Executing VM operation: RevokeBias done


Dynamic libraries:
0x00007ff7c9530000 - 0x00007ff7c9561000 	C:\Program Files (x86)\Android\Android Studio\jre\bin\java.exe
0x00007ffe70ec0000 - 0x00007ffe710a1000 	C:\WINDOWS\SYSTEM32\ntdll.dll
0x00007ffe38240000 - 0x00007ffe38254000 	C:\Program Files\AVAST Software\Avast\x64\aswhooka.dll
0x00007ffe70490000 - 0x00007ffe70542000 	C:\WINDOWS\System32\KERNEL32.DLL
0x00007ffe6d740000 - 0x00007ffe6d9b3000 	C:\WINDOWS\System32\KERNELBASE.dll
0x00007ffe70990000 - 0x00007ffe70a31000 	C:\WINDOWS\System32\ADVAPI32.dll
0x00007ffe707b0000 - 0x00007ffe7084e000 	C:\WINDOWS\System32\msvcrt.dll
0x00007ffe6ff90000 - 0x00007ffe6ffeb000 	C:\WINDOWS\System32\sechost.dll
0x00007ffe6e810000 - 0x00007ffe6e934000 	C:\WINDOWS\System32\RPCRT4.dll
0x00007ffe6e350000 - 0x00007ffe6e4e0000 	C:\WINDOWS\System32\USER32.dll
0x00007ffe6d720000 - 0x00007ffe6d740000 	C:\WINDOWS\System32\win32u.dll
0x00007ffe6e940000 - 0x00007ffe6e968000 	C:\WINDOWS\System32\GDI32.dll
0x00007ffe6d330000 - 0x00007ffe6d4c2000 	C:\WINDOWS\System32\gdi32full.dll
0x00007ffe6d290000 - 0x00007ffe6d32f000 	C:\WINDOWS\System32\msvcp_win.dll
0x00007ffe6e250000 - 0x00007ffe6e34a000 	C:\WINDOWS\System32\ucrtbase.dll
0x00007ffe5dde0000 - 0x00007ffe5e049000 	C:\WINDOWS\WinSxS\amd64_microsoft.windows.common-controls_6595b64144ccf1df_6.0.17134.472_none_fb3f9af53068156d\COMCTL32.dll
0x00007ffe6fff0000 - 0x00007ffe70312000 	C:\WINDOWS\System32\combase.dll
0x00007ffe6e180000 - 0x00007ffe6e1fa000 	C:\WINDOWS\System32\bcryptPrimitives.dll
0x00007ffe6ff50000 - 0x00007ffe6ff7d000 	C:\WINDOWS\System32\IMM32.DLL
0x0000000076140000 - 0x0000000076212000 	C:\Program Files (x86)\Android\Android Studio\jre\jre\bin\msvcr100.dll
0x0000000076300000 - 0x0000000076b3f000 	C:\Program Files (x86)\Android\Android Studio\jre\jre\bin\server\jvm.dll
0x00007ffe6ff80000 - 0x00007ffe6ff88000 	C:\WINDOWS\System32\PSAPI.DLL
0x00007ffe67cb0000 - 0x00007ffe67cb9000 	C:\WINDOWS\SYSTEM32\WSOCK32.dll
0x00007ffe70850000 - 0x00007ffe708bc000 	C:\WINDOWS\System32\WS2_32.dll
0x00007ffe67630000 - 0x00007ffe67653000 	C:\WINDOWS\SYSTEM32\WINMM.dll
0x00007ffe60690000 - 0x00007ffe6069a000 	C:\WINDOWS\SYSTEM32\VERSION.dll
0x00007ffe67600000 - 0x00007ffe6762a000 	C:\WINDOWS\SYSTEM32\WINMMBASE.dll
0x00007ffe6e200000 - 0x00007ffe6e249000 	C:\WINDOWS\System32\cfgmgr32.dll
0x00007ffe684b0000 - 0x00007ffe684bf000 	C:\Program Files (x86)\Android\Android Studio\jre\jre\bin\verify.dll
0x00007ffe5ec90000 - 0x00007ffe5ecb9000 	C:\Program Files (x86)\Android\Android Studio\jre\jre\bin\java.dll
0x00007ffe65f10000 - 0x00007ffe65f26000 	C:\Program Files (x86)\Android\Android Studio\jre\jre\bin\zip.dll
0x00007ffe6eb10000 - 0x00007ffe6ff50000 	C:\WINDOWS\System32\SHELL32.dll
0x00007ffe703e0000 - 0x00007ffe70489000 	C:\WINDOWS\System32\shcore.dll
0x00007ffe6da70000 - 0x00007ffe6e17d000 	C:\WINDOWS\System32\windows.storage.dll
0x00007ffe70320000 - 0x00007ffe70371000 	C:\WINDOWS\System32\shlwapi.dll
0x00007ffe6d270000 - 0x00007ffe6d281000 	C:\WINDOWS\System32\kernel.appcore.dll
0x00007ffe6d250000 - 0x00007ffe6d26f000 	C:\WINDOWS\System32\profapi.dll
0x00007ffe6d1d0000 - 0x00007ffe6d21c000 	C:\WINDOWS\System32\powrprof.dll
0x00007ffe6d220000 - 0x00007ffe6d22a000 	C:\WINDOWS\System32\FLTLIB.DLL
0x00007ffe5e5f0000 - 0x00007ffe5e60a000 	C:\Program Files (x86)\Android\Android Studio\jre\jre\bin\net.dll
0x00007ffe6ca50000 - 0x00007ffe6cab6000 	C:\WINDOWS\system32\mswsock.dll
0x00007ffe5e5d0000 - 0x00007ffe5e5e1000 	C:\Program Files (x86)\Android\Android Studio\jre\jre\bin\nio.dll
0x00007ffe68480000 - 0x00007ffe6849e000 	C:\Users\HP\.gradle\native\25\windows-amd64\native-platform.dll
0x00007ffe684a0000 - 0x00007ffe684ad000 	C:\Program Files (x86)\Android\Android Studio\jre\jre\bin\management.dll
0x00007ffe6cc00000 - 0x00007ffe6cc17000 	C:\WINDOWS\SYSTEM32\CRYPTSP.dll
0x00007ffe6c5d0000 - 0x00007ffe6c603000 	C:\WINDOWS\system32\rsaenh.dll
0x00007ffe6cd30000 - 0x00007ffe6cd55000 	C:\WINDOWS\SYSTEM32\bcrypt.dll
0x00007ffe6d0d0000 - 0x00007ffe6d0f8000 	C:\WINDOWS\SYSTEM32\USERENV.dll
0x00007ffe6cc20000 - 0x00007ffe6cc2b000 	C:\WINDOWS\SYSTEM32\CRYPTBASE.dll
0x00007ffe6c7d0000 - 0x00007ffe6c808000 	C:\WINDOWS\SYSTEM32\IPHLPAPI.DLL
0x00007ffe6e750000 - 0x00007ffe6e758000 	C:\WINDOWS\System32\NSI.dll
0x00007ffe630e0000 - 0x00007ffe630f6000 	C:\WINDOWS\SYSTEM32\dhcpcsvc6.DLL
0x00007ffe632d0000 - 0x00007ffe632ea000 	C:\WINDOWS\SYSTEM32\dhcpcsvc.DLL

VM Arguments:
jvm_args: -Xmx1536m -Dfile.encoding=windows-1252 -Duser.country=US -Duser.language=en -Duser.variant 
java_command: org.gradle.launcher.daemon.bootstrap.GradleDaemon 4.4
java_class_path (initial): C:\Users\HP\.gradle\wrapper\dists\gradle-4.4-all\9br9xq1tocpiv8o6njlyu5op1\gradle-4.4\lib\gradle-launcher-4.4.jar
Launcher Type: SUN_STANDARD

Environment Variables:
PATH=C:\Program Files (x86)\Common Files\Oracle\Java\javapath;C:\Program Files (x86)\Common Files\ArcSoft\Bin;C:\Program Files (x86)\Intel\iCLS Client\;C:\Program Files\Intel\iCLS Client\;C:\WINDOWS\system32;C:\WINDOWS;C:\WINDOWS\System32\Wbem;C:\WINDOWS\System32\WindowsPowerShell\v1.0\;C:\Program Files (x86)\Intel\Intel(R) Management Engine Components\DAL;C:\Program Files\Intel\Intel(R) Management Engine Components\DAL;C:\Program Files (x86)\Intel\Intel(R) Management Engine Components\IPT;C:\Program Files\Intel\Intel(R) Management Engine Components\IPT;c:\Program Files\Intel\WiFi\bin\;c:\Program Files\Common Files\Intel\WirelessCommon\;C:\Program Files (x86)\GtkSharp\2.12\bin;C:\WINDOWS\System32\OpenSSH\;C:\Users\HP\AppData\Local\Android\Sdk;C:\Program Files (x86)\Java\jdk1.6.0_18\bin;%USERPROFILE%\AppData\Local\Microsoft\WindowsApps;
USERNAME=HP
OS=Windows_NT
PROCESSOR_IDENTIFIER=Intel64 Family 6 Model 61 Stepping 4, GenuineIntel



---------------  S Y S T E M  ---------------

OS: Windows 10.0 , 64 bit Build 17134 (10.0.17134.1)

CPU:total 4 (initial active 4) (2 cores per cpu, 2 threads per core) family 6 model 61 stepping 4, cmov, cx8, fxsr, mmx, sse, sse2, sse3, ssse3, sse4.1, sse4.2, popcnt, avx, avx2, aes, clmul, erms, 3dnowpref, lzcnt, ht, tsc, tscinvbit, bmi1, bmi2, adx

Memory: 4k page, physical 4082796k(347772k free), swap 4082796k(3088k free)

vm_info: OpenJDK 64-Bit Server VM (25.152-b02) for windows-amd64 JRE (1.8.0_152-release-1024-b02), built by "builder" with MS VC++ 10.0 (VS2010)

time: Tue Jan 08 19:26:00 2019
elapsed time: 266 seconds (0d 0h 4m 26s)

