#
# There is insufficient memory for the Java Runtime Environment to continue.
# Native memory allocation (malloc) failed to allocate 52336 bytes for Chunk::new
# Possible reasons:
#   The system is out of physical RAM or swap space
#   In 32 bit mode, the process size limit was hit
# Possible solutions:
#   Reduce memory load on the system
#   Increase physical memory or swap space
#   Check if swap backing store is full
#   Use 64 bit Java on a 64 bit OS
#   Decrease Java heap size (-Xmx/-Xms)
#   Decrease number of Java threads
#   Decrease Java thread stack sizes (-Xss)
#   Set larger code cache with -XX:ReservedCodeCacheSize=
# This output file may be truncated or incomplete.
#
#  Out of Memory Error (allocation.cpp:390), pid=10888, tid=0x0000000000002e64
#
# JRE version: OpenJDK Runtime Environment (8.0_152-b02) (build 1.8.0_152-release-1024-b02)
# Java VM: OpenJDK 64-Bit Server VM (25.152-b02 mixed mode windows-amd64 compressed oops)
# Failed to write core dump. Minidumps are not enabled by default on client versions of Windows
#

---------------  T H R E A D  ---------------

Current thread (0x0000000015da2800):  JavaThread "C2 CompilerThread1" daemon [_thread_in_native, id=11876, stack(0x00000000174e0000,0x00000000175e0000)]

Stack: [0x00000000174e0000,0x00000000175e0000]
[error occurred during error reporting (printing stack bounds), id 0xc0000005]

Native frames: (J=compiled Java code, j=interpreted, Vv=VM code, C=native code)


Current CompileTask:
C2:1426189 8606   !   4       org.gradle.cache.internal.LockOnDemandCrossProcessCacheAccess::withFileLock (24 bytes)


---------------  P R O C E S S  ---------------

Java Threads: ( => current thread )
  0x00000000184e3800 JavaThread "build operations Thread 4" [_thread_blocked, id=6292, stack(0x00000000246f0000,0x00000000247f0000)]
  0x00000000184e4000 JavaThread "build operations Thread 3" [_thread_blocked, id=3804, stack(0x00000000245f0000,0x00000000246f0000)]
  0x00000000184e2000 JavaThread "build operations Thread 2" [_thread_blocked, id=9036, stack(0x00000000244f0000,0x00000000245f0000)]
  0x000000001c150000 JavaThread "build operations" [_thread_blocked, id=2972, stack(0x00000000243f0000,0x00000000244f0000)]
  0x000000001c14f000 JavaThread "Cache worker for Artifact transforms cache (C:\Users\HP\.gradle\caches\transforms-1)" [_thread_blocked, id=8832, stack(0x00000000242f0000,0x00000000243f0000)]
  0x000000001c14e800 JavaThread "Cache worker for file hash cache (H:\AndroidStudioProjects\LogInPage\.gradle\4.4\fileHashes)" [_thread_blocked, id=548, stack(0x00000000241f0000,0x00000000242f0000)]
  0x000000001c14d000 JavaThread "Stdin handler" [_thread_blocked, id=6752, stack(0x00000000240f0000,0x00000000241f0000)]
  0x000000001c154000 JavaThread "Asynchronous log dispatcher for DefaultDaemonConnection: socket connection from /127.0.0.1:12560 to /127.0.0.1:12657" [_thread_blocked, id=4920, stack(0x0000000023ff0000,0x00000000240f0000)]
  0x000000001c153000 JavaThread "Daemon worker Thread 2" [_thread_in_native_trans, id=11468, stack(0x0000000023ef0000,0x0000000023ff0000)]
  0x000000001c146000 JavaThread "Cancel handler" [_thread_blocked, id=11188, stack(0x0000000023df0000,0x0000000023ef0000)]
  0x000000001c145800 JavaThread "Handler for socket connection from /127.0.0.1:12560 to /127.0.0.1:12657" [_thread_in_native, id=11684, stack(0x0000000023cf0000,0x0000000023df0000)]
  0x000000001c14c000 JavaThread "Daemon Thread 2" [_thread_blocked, id=12080, stack(0x0000000023bf0000,0x0000000023cf0000)]
  0x000000001c14b800 JavaThread "Memory manager" [_thread_blocked, id=7936, stack(0x0000000020290000,0x0000000020390000)]
  0x0000000018ed2800 JavaThread "File lock request listener" [_thread_in_native, id=11768, stack(0x000000001a830000,0x000000001a930000)]
  0x0000000018abc800 JavaThread "Cache worker for file hash cache (C:\Users\HP\.gradle\caches\4.4\fileHashes)" [_thread_blocked, id=8228, stack(0x000000001a730000,0x000000001a830000)]
  0x0000000018dd7800 JavaThread "Daemon periodic checks" [_thread_blocked, id=12128, stack(0x0000000019c30000,0x0000000019d30000)]
  0x0000000018dd9000 JavaThread "Incoming local TCP Connector on port 12560" [_thread_in_native, id=7612, stack(0x00000000199f0000,0x0000000019af0000)]
  0x0000000017709800 JavaThread "Service Thread" daemon [_thread_blocked, id=6684, stack(0x0000000017ae0000,0x0000000017be0000)]
  0x0000000015da7000 JavaThread "C1 CompilerThread2" daemon [_thread_blocked, id=11412, stack(0x00000000175e0000,0x00000000176e0000)]
=>0x0000000015da2800 JavaThread "C2 CompilerThread1" daemon [_thread_in_native, id=11876, stack(0x00000000174e0000,0x00000000175e0000)]
  0x0000000015d9c800 JavaThread "C2 CompilerThread0" daemon [_thread_in_native, id=9864, stack(0x00000000173e0000,0x00000000174e0000)]
  0x0000000015d9b000 JavaThread "Attach Listener" daemon [_thread_blocked, id=7300, stack(0x00000000172e0000,0x00000000173e0000)]
  0x0000000015d99800 JavaThread "Signal Dispatcher" daemon [_thread_blocked, id=11320, stack(0x00000000171e0000,0x00000000172e0000)]
  0x000000000242c800 JavaThread "Finalizer" daemon [_thread_blocked, id=1924, stack(0x0000000016ff0000,0x00000000170f0000)]
  0x0000000002421800 JavaThread "Reference Handler" daemon [_thread_blocked, id=1644, stack(0x0000000016ef0000,0x0000000016ff0000)]
  0x000000000222d800 JavaThread "main" [_thread_blocked, id=6848, stack(0x0000000002230000,0x0000000002330000)]

Other Threads:
  0x0000000015d67000 VMThread [stack: 0x0000000016df0000,0x0000000016ef0000] [id=10856]
  0x0000000017715000 WatcherThread [stack: 0x0000000017be0000,0x0000000017ce0000] [id=11612]

VM state:not at safepoint (normal execution)

VM Mutex/Monitor currently owned by a thread: None

Heap:
 PSYoungGen      total 183296K, used 66224K [0x00000000e0000000, 0x00000000ec800000, 0x0000000100000000)
  eden space 167936K, 39% used [0x00000000e0000000,0x00000000e40ac250,0x00000000ea400000)
  from space 15360K, 0% used [0x00000000eb900000,0x00000000eb900000,0x00000000ec800000)
  to   space 18432K, 0% used [0x00000000ea400000,0x00000000ea400000,0x00000000eb600000)
 ParOldGen       total 98816K, used 37633K [0x00000000a0000000, 0x00000000a6080000, 0x00000000e0000000)
  object space 98816K, 38% used [0x00000000a0000000,0x00000000a24c04b0,0x00000000a6080000)
 Metaspace       used 59812K, capacity 61847K, committed 62040K, reserved 1103872K
  class space    used 7939K, capacity 8461K, committed 8576K, reserved 1048576K

Card table byte_map: [0x00000000117f0000,0x0000000011b00000] byte_map_base: 0x00000000112f0000

Marking Bits: (ParMarkBitMap*) 0x000000005d574970
 Begin Bits: [0x0000000012100000, 0x0000000013900000)
 End Bits:   [0x0000000013900000, 0x0000000015100000)

Polling page: 0x00000000008b0000

CodeCache: size=245760Kb used=23220Kb max_used=23826Kb free=222539Kb
 bounds [0x0000000002430000, 0x0000000003bb0000, 0x0000000011430000]
 total_blobs=7985 nmethods=7208 adapters=689
 compilation: enabled

Compilation events (10 events):
Event: 1426.071 Thread 0x0000000015da7000 nmethod 8604 0x0000000003168f10 code [0x0000000003169120, 0x0000000003169b28]
Event: 1426.096 Thread 0x0000000015da7000 8605       3       org.gradle.internal.hash.HashCode::equals (80 bytes)
Event: 1426.096 Thread 0x0000000015da7000 nmethod 8605 0x0000000003168690 code [0x0000000003168820, 0x0000000003168d50]
Event: 1426.100 Thread 0x0000000015da2800 8606   !   4       org.gradle.cache.internal.LockOnDemandCrossProcessCacheAccess::withFileLock (24 bytes)
Event: 1426.101 Thread 0x0000000015da7000 8607       3       org.gradle.api.internal.changedetection.state.RegularFileSnapshot::getName (8 bytes)
Event: 1426.102 Thread 0x0000000015da7000 nmethod 8607 0x0000000003161350 code [0x00000000031614c0, 0x0000000003161710]
Event: 1426.126 Thread 0x0000000015da7000 8608       3       java.util.Collections$UnmodifiableMap$UnmodifiableEntrySet$1::next (5 bytes)
Event: 1426.127 Thread 0x0000000015da7000 nmethod 8608 0x0000000003167bd0 code [0x0000000003167d80, 0x0000000003168398]
Event: 1426.127 Thread 0x0000000015da7000 8609       3       java.util.Collections$UnmodifiableMap$UnmodifiableEntrySet$UnmodifiableEntry::getKey (10 bytes)
Event: 1426.128 Thread 0x0000000015da7000 nmethod 8609 0x0000000003229410 code [0x0000000003229580, 0x00000000032297a8]

GC Heap History (10 events):
Event: 20.094 GC heap before
{Heap before GC invocations=15 (full 2):
 PSYoungGen      total 116736K, used 116586K [0x00000000e0000000, 0x00000000e7d80000, 0x0000000100000000)
  eden space 107520K, 100% used [0x00000000e0000000,0x00000000e6900000,0x00000000e6900000)
  from space 9216K, 98% used [0x00000000e7300000,0x00000000e7bda9e0,0x00000000e7c00000)
  to   space 10240K, 0% used [0x00000000e6900000,0x00000000e6900000,0x00000000e7300000)
 ParOldGen       total 56832K, used 16228K [0x00000000a0000000, 0x00000000a3780000, 0x00000000e0000000)
  object space 56832K, 28% used [0x00000000a0000000,0x00000000a0fd9390,0x00000000a3780000)
 Metaspace       used 49284K, capacity 50691K, committed 50904K, reserved 1093632K
  class space    used 6719K, capacity 7111K, committed 7168K, reserved 1048576K
Event: 20.136 GC heap after
Heap after GC invocations=15 (full 2):
 PSYoungGen      total 117760K, used 10237K [0x00000000e0000000, 0x00000000ea380000, 0x0000000100000000)
  eden space 107520K, 0% used [0x00000000e0000000,0x00000000e0000000,0x00000000e6900000)
  from space 10240K, 99% used [0x00000000e6900000,0x00000000e72ff500,0x00000000e7300000)
  to   space 14336K, 0% used [0x00000000e9580000,0x00000000e9580000,0x00000000ea380000)
 ParOldGen       total 56832K, used 23482K [0x00000000a0000000, 0x00000000a3780000, 0x00000000e0000000)
  object space 56832K, 41% used [0x00000000a0000000,0x00000000a16eeb48,0x00000000a3780000)
 Metaspace       used 49284K, capacity 50691K, committed 50904K, reserved 1093632K
  class space    used 6719K, capacity 7111K, committed 7168K, reserved 1048576K
}
Event: 25.259 GC heap before
{Heap before GC invocations=16 (full 2):
 PSYoungGen      total 117760K, used 117757K [0x00000000e0000000, 0x00000000ea380000, 0x0000000100000000)
  eden space 107520K, 100% used [0x00000000e0000000,0x00000000e6900000,0x00000000e6900000)
  from space 10240K, 99% used [0x00000000e6900000,0x00000000e72ff500,0x00000000e7300000)
  to   space 14336K, 0% used [0x00000000e9580000,0x00000000e9580000,0x00000000ea380000)
 ParOldGen       total 56832K, used 23482K [0x00000000a0000000, 0x00000000a3780000, 0x00000000e0000000)
  object space 56832K, 41% used [0x00000000a0000000,0x00000000a16eeb48,0x00000000a3780000)
 Metaspace       used 54098K, capacity 55855K, committed 56024K, reserved 1097728K
  class space    used 7441K, capacity 7933K, committed 7936K, reserved 1048576K
Event: 25.297 GC heap after
Heap after GC invocations=16 (full 2):
 PSYoungGen      total 147968K, used 14331K [0x00000000e0000000, 0x00000000eac00000, 0x0000000100000000)
  eden space 133632K, 0% used [0x00000000e0000000,0x00000000e0000000,0x00000000e8280000)
  from space 14336K, 99% used [0x00000000e9580000,0x00000000ea37ecf8,0x00000000ea380000)
  to   space 19456K, 0% used [0x00000000e8280000,0x00000000e8280000,0x00000000e9580000)
 ParOldGen       total 56832K, used 30817K [0x00000000a0000000, 0x00000000a3780000, 0x00000000e0000000)
  object space 56832K, 54% used [0x00000000a0000000,0x00000000a1e18768,0x00000000a3780000)
 Metaspace       used 54098K, capacity 55855K, committed 56024K, reserved 1097728K
  class space    used 7441K, capacity 7933K, committed 7936K, reserved 1048576K
}
Event: 31.635 GC heap before
{Heap before GC invocations=17 (full 2):
 PSYoungGen      total 147968K, used 147963K [0x00000000e0000000, 0x00000000eac00000, 0x0000000100000000)
  eden space 133632K, 100% used [0x00000000e0000000,0x00000000e8280000,0x00000000e8280000)
  from space 14336K, 99% used [0x00000000e9580000,0x00000000ea37ecf8,0x00000000ea380000)
  to   space 19456K, 0% used [0x00000000e8280000,0x00000000e8280000,0x00000000e9580000)
 ParOldGen       total 56832K, used 30817K [0x00000000a0000000, 0x00000000a3780000, 0x00000000e0000000)
  object space 56832K, 54% used [0x00000000a0000000,0x00000000a1e18768,0x00000000a3780000)
 Metaspace       used 56696K, capacity 58653K, committed 58968K, reserved 1099776K
  class space    used 7711K, capacity 8212K, committed 8320K, reserved 1048576K
Event: 31.696 GC heap after
Heap after GC invocations=17 (full 2):
 PSYoungGen      total 153088K, used 4713K [0x00000000e0000000, 0x00000000ecb80000, 0x0000000100000000)
  eden space 133632K, 0% used [0x00000000e0000000,0x00000000e0000000,0x00000000e8280000)
  from space 19456K, 24% used [0x00000000e8280000,0x00000000e871a5c0,0x00000000e9580000)
  to   space 18944K, 0% used [0x00000000eb900000,0x00000000eb900000,0x00000000ecb80000)
 ParOldGen       total 56832K, used 44178K [0x00000000a0000000, 0x00000000a3780000, 0x00000000e0000000)
  object space 56832K, 77% used [0x00000000a0000000,0x00000000a2b249d0,0x00000000a3780000)
 Metaspace       used 56696K, capacity 58653K, committed 58968K, reserved 1099776K
  class space    used 7711K, capacity 8212K, committed 8320K, reserved 1048576K
}
Event: 33.287 GC heap before
{Heap before GC invocations=18 (full 2):
 PSYoungGen      total 153088K, used 22508K [0x00000000e0000000, 0x00000000ecb80000, 0x0000000100000000)
  eden space 133632K, 13% used [0x00000000e0000000,0x00000000e1160af8,0x00000000e8280000)
  from space 19456K, 24% used [0x00000000e8280000,0x00000000e871a5c0,0x00000000e9580000)
  to   space 18944K, 0% used [0x00000000eb900000,0x00000000eb900000,0x00000000ecb80000)
 ParOldGen       total 56832K, used 44178K [0x00000000a0000000, 0x00000000a3780000, 0x00000000e0000000)
  object space 56832K, 77% used [0x00000000a0000000,0x00000000a2b249d0,0x00000000a3780000)
 Metaspace       used 56898K, capacity 58793K, committed 58968K, reserved 1099776K
  class space    used 7724K, capacity 8216K, committed 8320K, reserved 1048576K
Event: 33.295 GC heap after
Heap after GC invocations=18 (full 2):
 PSYoungGen      total 183296K, used 3809K [0x00000000e0000000, 0x00000000ec800000, 0x0000000100000000)
  eden space 167936K, 0% used [0x00000000e0000000,0x00000000e0000000,0x00000000ea400000)
  from space 15360K, 24% used [0x00000000eb900000,0x00000000ebcb8548,0x00000000ec800000)
  to   space 18432K, 0% used [0x00000000ea400000,0x00000000ea400000,0x00000000eb600000)
 ParOldGen       total 56832K, used 44186K [0x00000000a0000000, 0x00000000a3780000, 0x00000000e0000000)
  object space 56832K, 77% used [0x00000000a0000000,0x00000000a2b269d0,0x00000000a3780000)
 Metaspace       used 56898K, capacity 58793K, committed 58968K, reserved 1099776K
  class space    used 7724K, capacity 8216K, committed 8320K, reserved 1048576K
}
Event: 33.295 GC heap before
{Heap before GC invocations=19 (full 3):
 PSYoungGen      total 183296K, used 3809K [0x00000000e0000000, 0x00000000ec800000, 0x0000000100000000)
  eden space 167936K, 0% used [0x00000000e0000000,0x00000000e0000000,0x00000000ea400000)
  from space 15360K, 24% used [0x00000000eb900000,0x00000000ebcb8548,0x00000000ec800000)
  to   space 18432K, 0% used [0x00000000ea400000,0x00000000ea400000,0x00000000eb600000)
 ParOldGen       total 56832K, used 44186K [0x00000000a0000000, 0x00000000a3780000, 0x00000000e0000000)
  object space 56832K, 77% used [0x00000000a0000000,0x00000000a2b269d0,0x00000000a3780000)
 Metaspace       used 56898K, capacity 58793K, committed 58968K, reserved 1099776K
  class space    used 7724K, capacity 8216K, committed 8320K, reserved 1048576K
Event: 33.666 GC heap after
Heap after GC invocations=19 (full 3):
 PSYoungGen      total 183296K, used 0K [0x00000000e0000000, 0x00000000ec800000, 0x0000000100000000)
  eden space 167936K, 0% used [0x00000000e0000000,0x00000000e0000000,0x00000000ea400000)
  from space 15360K, 0% used [0x00000000eb900000,0x00000000eb900000,0x00000000ec800000)
  to   space 18432K, 0% used [0x00000000ea400000,0x00000000ea400000,0x00000000eb600000)
 ParOldGen       total 98816K, used 37633K [0x00000000a0000000, 0x00000000a6080000, 0x00000000e0000000)
  object space 98816K, 38% used [0x00000000a0000000,0x00000000a24c04b0,0x00000000a6080000)
 Metaspace       used 56898K, capacity 58793K, committed 58968K, reserved 1099776K
  class space    used 7724K, capacity 8216K, committed 8320K, reserved 1048576K
}

Deoptimization events (10 events):
Event: 42.798 Thread 0x0000000018ac4800 Uncommon trap: reason=bimorphic action=maybe_recompile pc=0x00000000039d5578 method=java.io.ObjectOutputStream$BlockDataOutputStream.write([BIIZ)V @ 23
Event: 42.799 Thread 0x0000000018ac4800 Uncommon trap: reason=bimorphic action=maybe_recompile pc=0x00000000039d5578 method=java.io.ObjectOutputStream$BlockDataOutputStream.write([BIIZ)V @ 23
Event: 42.799 Thread 0x0000000018ac4800 Uncommon trap: reason=bimorphic action=maybe_recompile pc=0x00000000039d5578 method=java.io.ObjectOutputStream$BlockDataOutputStream.write([BIIZ)V @ 23
Event: 42.912 Thread 0x0000000018b60800 Uncommon trap: reason=unstable_if action=reinterpret pc=0x0000000002d567b4 method=com.esotericsoftware.kryo.io.Input.require(I)I @ 117
Event: 73.252 Thread 0x0000000018dd7800 Uncommon trap: reason=bimorphic action=maybe_recompile pc=0x000000000395f820 method=java.util.HashMap.removeNode(ILjava/lang/Object;Ljava/lang/Object;ZZ)Ljava/util/HashMap$Node; @ 283
Event: 73.252 Thread 0x0000000018dd7800 Uncommon trap: reason=bimorphic action=maybe_recompile pc=0x000000000395f820 method=java.util.HashMap.removeNode(ILjava/lang/Object;Ljava/lang/Object;ZZ)Ljava/util/HashMap$Node; @ 283
Event: 1424.973 Thread 0x000000001c153000 Uncommon trap: reason=null_check action=make_not_entrant pc=0x0000000003979084 method=org.gradle.internal.serialize.DefaultSerializerRegistry$TaggedTypeSerializer.map(Ljava/lang/Class;)Lorg/gradle/internal/serialize/DefaultSerializerRegistry$TypeInfo; @ 1
Event: 1425.056 Thread 0x000000001c153000 Uncommon trap: reason=unstable_if action=reinterpret pc=0x00000000025cf418 method=java.lang.Long.stringSize(J)I @ 11
Event: 1425.189 Thread 0x000000001c153000 Uncommon trap: reason=class_check action=maybe_recompile pc=0x0000000003a4100c method=com.google.common.cache.LocalCache$LoadingValueReference.loadFuture(Ljava/lang/Object;Lcom/google/common/cache/CacheLoader;)Lcom/google/common/util/concurrent/Listenable
Event: 1425.192 Thread 0x000000001c153000 Uncommon trap: reason=class_check action=maybe_recompile pc=0x0000000003a4100c method=com.google.common.cache.LocalCache$LoadingValueReference.loadFuture(Ljava/lang/Object;Lcom/google/common/cache/CacheLoader;)Lcom/google/common/util/concurrent/Listenable

Classes redefined (0 events):
No events

Internal exceptions (10 events):
Event: 42.798 Thread 0x0000000018ac4800 Exception <a 'java/lang/NoSuchMethodError': <clinit>> (0x00000000e226ea18) thrown at [D:\src\AOSP-openjdk-cygwin\jdk8u\hotspot\src\share\vm\prims\jni.cpp, line 1613]
Event: 42.802 Thread 0x0000000018ac4800 Exception <a 'java/lang/NoSuchMethodError': <clinit>> (0x00000000e2290a18) thrown at [D:\src\AOSP-openjdk-cygwin\jdk8u\hotspot\src\share\vm\prims\jni.cpp, line 1613]
Event: 42.802 Thread 0x0000000018ac4800 Exception <a 'java/lang/NoSuchMethodError': <clinit>> (0x00000000e2296580) thrown at [D:\src\AOSP-openjdk-cygwin\jdk8u\hotspot\src\share\vm\prims\jni.cpp, line 1613]
Event: 42.804 Thread 0x0000000018ac4800 Exception <a 'java/lang/NoSuchMethodError': <clinit>> (0x00000000e22a9e60) thrown at [D:\src\AOSP-openjdk-cygwin\jdk8u\hotspot\src\share\vm\prims\jni.cpp, line 1613]
Event: 42.809 Thread 0x0000000018ac4800 Exception <a 'java/lang/NoSuchMethodError': <clinit>> (0x00000000e22e00c8) thrown at [D:\src\AOSP-openjdk-cygwin\jdk8u\hotspot\src\share\vm\prims\jni.cpp, line 1613]
Event: 42.809 Thread 0x0000000018ac4800 Exception <a 'java/lang/NoSuchMethodError': <clinit>> (0x00000000e22e1390) thrown at [D:\src\AOSP-openjdk-cygwin\jdk8u\hotspot\src\share\vm\prims\jni.cpp, line 1613]
Event: 42.811 Thread 0x0000000018ac4800 Exception <a 'java/lang/NoSuchMethodError': <clinit>> (0x00000000e22fb1a8) thrown at [D:\src\AOSP-openjdk-cygwin\jdk8u\hotspot\src\share\vm\prims\jni.cpp, line 1613]
Event: 42.818 Thread 0x0000000018ac4800 Exception <a 'java/lang/NoSuchMethodError': <clinit>> (0x00000000e2339480) thrown at [D:\src\AOSP-openjdk-cygwin\jdk8u\hotspot\src\share\vm\prims\jni.cpp, line 1613]
Event: 42.911 Thread 0x0000000018b60800 Exception <a 'java/lang/NoSuchMethodError': <clinit>> (0x00000000e24546a8) thrown at [D:\src\AOSP-openjdk-cygwin\jdk8u\hotspot\src\share\vm\prims\jni.cpp, line 1613]
Event: 1424.973 Thread 0x000000001c153000 Implicit null exception at 0x0000000003978ede to 0x000000000397906d

Events (10 events):
Event: 1425.816 Thread 0x00000000184e4000 Thread added: 0x00000000184e4000
Event: 1425.816 Thread 0x00000000184e3800 Thread added: 0x00000000184e3800
Event: 1425.823 Executing VM operation: RevokeBias
Event: 1425.826 Executing VM operation: RevokeBias done
Event: 1425.827 Executing VM operation: RevokeBias
Event: 1425.827 Executing VM operation: RevokeBias done
Event: 1425.827 Executing VM operation: RevokeBias
Event: 1425.828 Executing VM operation: RevokeBias done
Event: 1425.899 Executing VM operation: RevokeBias
Event: 1425.900 Executing VM operation: RevokeBias done


Dynamic libraries:
0x00007ff7371f0000 - 0x00007ff737221000 	C:\Program Files (x86)\Android\Android Studio\jre\bin\java.exe
0x00007fff3f310000 - 0x00007fff3f4f1000 	C:\WINDOWS\SYSTEM32\ntdll.dll
0x00007ffef7a40000 - 0x00007ffef7a54000 	C:\Program Files\AVAST Software\Avast\x64\aswhooka.dll
0x00007fff3c8d0000 - 0x00007fff3c982000 	C:\WINDOWS\System32\KERNEL32.DLL
0x00007fff3ba90000 - 0x00007fff3bd03000 	C:\WINDOWS\System32\KERNELBASE.dll
0x00007fff3e5e0000 - 0x00007fff3e681000 	C:\WINDOWS\System32\ADVAPI32.dll
0x00007fff3d0d0000 - 0x00007fff3d16e000 	C:\WINDOWS\System32\msvcrt.dll
0x00007fff3c7a0000 - 0x00007fff3c7fb000 	C:\WINDOWS\System32\sechost.dll
0x00007fff3ee80000 - 0x00007fff3efa4000 	C:\WINDOWS\System32\RPCRT4.dll
0x00007fff3cdf0000 - 0x00007fff3cf80000 	C:\WINDOWS\System32\USER32.dll
0x00007fff3b6e0000 - 0x00007fff3b700000 	C:\WINDOWS\System32\win32u.dll
0x00007fff3d170000 - 0x00007fff3d198000 	C:\WINDOWS\System32\GDI32.dll
0x00007fff3c4d0000 - 0x00007fff3c662000 	C:\WINDOWS\System32\gdi32full.dll
0x00007fff3b9f0000 - 0x00007fff3ba8f000 	C:\WINDOWS\System32\msvcp_win.dll
0x00007fff3b8f0000 - 0x00007fff3b9ea000 	C:\WINDOWS\System32\ucrtbase.dll
0x00007fff2abf0000 - 0x00007fff2ae59000 	C:\WINDOWS\WinSxS\amd64_microsoft.windows.common-controls_6595b64144ccf1df_6.0.17134.523_none_fb409dd930672a56\COMCTL32.dll
0x00007fff3efb0000 - 0x00007fff3f2d2000 	C:\WINDOWS\System32\combase.dll
0x00007fff3c670000 - 0x00007fff3c6ea000 	C:\WINDOWS\System32\bcryptPrimitives.dll
0x00007fff3c990000 - 0x00007fff3c9bd000 	C:\WINDOWS\System32\IMM32.DLL
0x000000005d7c0000 - 0x000000005d892000 	C:\Program Files (x86)\Android\Android Studio\jre\jre\bin\msvcr100.dll
0x000000005cdb0000 - 0x000000005d5ef000 	C:\Program Files (x86)\Android\Android Studio\jre\jre\bin\server\jvm.dll
0x00007fff3e880000 - 0x00007fff3e888000 	C:\WINDOWS\System32\PSAPI.DLL
0x00007fff14210000 - 0x00007fff14219000 	C:\WINDOWS\SYSTEM32\WSOCK32.dll
0x00007fff3e690000 - 0x00007fff3e6fc000 	C:\WINDOWS\System32\WS2_32.dll
0x00007fff37300000 - 0x00007fff37323000 	C:\WINDOWS\SYSTEM32\WINMM.dll
0x00007fff311c0000 - 0x00007fff311ca000 	C:\WINDOWS\SYSTEM32\VERSION.dll
0x00007fff372d0000 - 0x00007fff372fa000 	C:\WINDOWS\SYSTEM32\WINMMBASE.dll
0x00007fff3c6f0000 - 0x00007fff3c739000 	C:\WINDOWS\System32\cfgmgr32.dll
0x00007fff371e0000 - 0x00007fff371ef000 	C:\Program Files (x86)\Android\Android Studio\jre\jre\bin\verify.dll
0x00007fff35af0000 - 0x00007fff35b19000 	C:\Program Files (x86)\Android\Android Studio\jre\jre\bin\java.dll
0x00007fff35ad0000 - 0x00007fff35ae6000 	C:\Program Files (x86)\Android\Android Studio\jre\jre\bin\zip.dll
0x00007fff3d1a0000 - 0x00007fff3e5e0000 	C:\WINDOWS\System32\SHELL32.dll
0x00007fff3cd40000 - 0x00007fff3cde9000 	C:\WINDOWS\System32\shcore.dll
0x00007fff3bd10000 - 0x00007fff3c41d000 	C:\WINDOWS\System32\windows.storage.dll
0x00007fff3d060000 - 0x00007fff3d0b1000 	C:\WINDOWS\System32\shlwapi.dll
0x00007fff3b620000 - 0x00007fff3b631000 	C:\WINDOWS\System32\kernel.appcore.dll
0x00007fff3b640000 - 0x00007fff3b65f000 	C:\WINDOWS\System32\profapi.dll
0x00007fff3b660000 - 0x00007fff3b6ac000 	C:\WINDOWS\System32\powrprof.dll
0x00007fff3b6d0000 - 0x00007fff3b6da000 	C:\WINDOWS\System32\FLTLIB.DLL
0x00007fff359c0000 - 0x00007fff359da000 	C:\Program Files (x86)\Android\Android Studio\jre\jre\bin\net.dll
0x00007fff3aea0000 - 0x00007fff3af06000 	C:\WINDOWS\system32\mswsock.dll
0x00007fff35800000 - 0x00007fff35811000 	C:\Program Files (x86)\Android\Android Studio\jre\jre\bin\nio.dll
0x00007fff35b20000 - 0x00007fff35b3e000 	C:\Users\HP\.gradle\native\25\windows-amd64\native-platform.dll
0x00007fff36870000 - 0x00007fff3687d000 	C:\Program Files (x86)\Android\Android Studio\jre\jre\bin\management.dll
0x00007fff3b050000 - 0x00007fff3b067000 	C:\WINDOWS\SYSTEM32\CRYPTSP.dll
0x00007fff3aa80000 - 0x00007fff3aab3000 	C:\WINDOWS\system32\rsaenh.dll
0x00007fff3b180000 - 0x00007fff3b1a5000 	C:\WINDOWS\SYSTEM32\bcrypt.dll
0x00007fff3b520000 - 0x00007fff3b548000 	C:\WINDOWS\SYSTEM32\USERENV.dll
0x00007fff3b070000 - 0x00007fff3b07b000 	C:\WINDOWS\SYSTEM32\CRYPTBASE.dll
0x00007fff3ac20000 - 0x00007fff3ac58000 	C:\WINDOWS\SYSTEM32\IPHLPAPI.DLL
0x00007fff3d0c0000 - 0x00007fff3d0c8000 	C:\WINDOWS\System32\NSI.dll
0x00007fff31840000 - 0x00007fff31856000 	C:\WINDOWS\SYSTEM32\dhcpcsvc6.DLL
0x00007fff31b10000 - 0x00007fff31b2a000 	C:\WINDOWS\SYSTEM32\dhcpcsvc.DLL

VM Arguments:
jvm_args: -Xmx1536m -Dfile.encoding=windows-1252 -Duser.country=US -Duser.language=en -Duser.variant 
java_command: org.gradle.launcher.daemon.bootstrap.GradleDaemon 4.4
java_class_path (initial): C:\Users\HP\.gradle\wrapper\dists\gradle-4.4-all\9br9xq1tocpiv8o6njlyu5op1\gradle-4.4\lib\gradle-launcher-4.4.jar
Launcher Type: SUN_STANDARD

Environment Variables:
PATH=C:\Program Files (x86)\Common Files\Oracle\Java\javapath;C:\Program Files (x86)\Common Files\ArcSoft\Bin;C:\Program Files (x86)\Intel\iCLS Client\;C:\Program Files\Intel\iCLS Client\;C:\WINDOWS\system32;C:\WINDOWS;C:\WINDOWS\System32\Wbem;C:\WINDOWS\System32\WindowsPowerShell\v1.0\;C:\Program Files (x86)\Intel\Intel(R) Management Engine Components\DAL;C:\Program Files\Intel\Intel(R) Management Engine Components\DAL;C:\Program Files (x86)\Intel\Intel(R) Management Engine Components\IPT;C:\Program Files\Intel\Intel(R) Management Engine Components\IPT;c:\Program Files\Intel\WiFi\bin\;c:\Program Files\Common Files\Intel\WirelessCommon\;C:\Program Files (x86)\GtkSharp\2.12\bin;C:\WINDOWS\System32\OpenSSH\;C:\Users\HP\AppData\Local\Android\Sdk;C:\Program Files (x86)\Java\jdk1.6.0_18\bin;%USERPROFILE%\AppData\Local\Microsoft\WindowsApps;
USERNAME=HP
OS=Windows_NT
PROCESSOR_IDENTIFIER=Intel64 Family 6 Model 61 Stepping 4, GenuineIntel



---------------  S Y S T E M  ---------------

OS: Windows 10.0 , 64 bit Build 17134 (10.0.17134.1)

CPU:total 4 (initial active 4) (2 cores per cpu, 2 threads per core) family 6 model 61 stepping 4, cmov, cx8, fxsr, mmx, sse, sse2, sse3, ssse3, sse4.1, sse4.2, popcnt, avx, avx2, aes, clmul, erms, 3dnowpref, lzcnt, ht, tsc, tscinvbit, bmi1, bmi2, adx

Memory: 4k page, physical 4082796k(291512k free), swap 4082796k(3804k free)

vm_info: OpenJDK 64-Bit Server VM (25.152-b02) for windows-amd64 JRE (1.8.0_152-release-1024-b02), built by "builder" with MS VC++ 10.0 (VS2010)

time: Thu Jan 17 00:58:35 2019
elapsed time: 1426 seconds (0d 0h 23m 46s)

