#
# There is insufficient memory for the Java Runtime Environment to continue.
# Native memory allocation (malloc) failed to allocate 1582736 bytes for Chunk::new
# Possible reasons:
#   The system is out of physical RAM or swap space
#   In 32 bit mode, the process size limit was hit
# Possible solutions:
#   Reduce memory load on the system
#   Increase physical memory or swap space
#   Check if swap backing store is full
#   Use 64 bit Java on a 64 bit OS
#   Decrease Java heap size (-Xmx/-Xms)
#   Decrease number of Java threads
#   Decrease Java thread stack sizes (-Xss)
#   Set larger code cache with -XX:ReservedCodeCacheSize=
# This output file may be truncated or incomplete.
#
#  Out of Memory Error (allocation.cpp:390), pid=8756, tid=0x0000000000001ad4
#
# JRE version: OpenJDK Runtime Environment (8.0_152-b01) (build 1.8.0_152-release-1248-b01)
# Java VM: OpenJDK 64-Bit Server VM (25.152-b01 mixed mode windows-amd64 compressed oops)
# Failed to write core dump. Minidumps are not enabled by default on client versions of Windows
#

---------------  T H R E A D  ---------------

Current thread (0x000000001608a000):  JavaThread "C2 CompilerThread0" daemon [_thread_in_native, id=6868, stack(0x00000000176e0000,0x00000000177e0000)]

Stack: [0x00000000176e0000,0x00000000177e0000]
[error occurred during error reporting (printing stack bounds), id 0xc0000005]

Native frames: (J=compiled Java code, j=interpreted, Vv=VM code, C=native code)


Current CompileTask:
C2:  73005 11874       4       org.gradle.api.internal.attributes.DefaultImmutableAttributesFactory::concat (120 bytes)


---------------  P R O C E S S  ---------------

Java Threads: ( => current thread )
  0x000000001b426800 JavaThread "Cache worker for Build Output Cleanup Cache (H:\AndroidStudioProjects\LogInPage\.gradle\buildOutputCleanup)" [_thread_blocked, id=9348, stack(0x0000000029150000,0x0000000029250000)]
  0x000000001b32a800 JavaThread "Cache worker for task history cache (H:\AndroidStudioProjects\LogInPage\.gradle\4.10.1\taskHistory)" [_thread_blocked, id=2204, stack(0x0000000029050000,0x0000000029150000)]
  0x000000001b32b800 JavaThread "Task worker for ':' Thread 3" [_thread_blocked, id=7484, stack(0x0000000028f50000,0x0000000029050000)]
  0x000000001b32a000 JavaThread "Task worker for ':' Thread 2" [_thread_in_native, id=3388, stack(0x0000000028e50000,0x0000000028f50000)]
  0x000000001b329000 JavaThread "Task worker for ':'" [_thread_blocked, id=4044, stack(0x0000000028d50000,0x0000000028e50000)]
  0x000000001b325800 JavaThread "Cache worker for file content cache (H:\AndroidStudioProjects\LogInPage\.gradle\4.10.1\fileContent)" [_thread_blocked, id=5416, stack(0x0000000028c50000,0x0000000028d50000)]
  0x000000001b327000 JavaThread "Build operations Thread 4" [_thread_blocked, id=4596, stack(0x0000000028b50000,0x0000000028c50000)]
  0x000000001b326000 JavaThread "Build operations Thread 3" [_thread_blocked, id=9188, stack(0x0000000028a50000,0x0000000028b50000)]
  0x000000001b328800 JavaThread "Build operations Thread 2" [_thread_blocked, id=4620, stack(0x0000000028950000,0x0000000028a50000)]
  0x000000001b31f000 JavaThread "Build operations" [_thread_blocked, id=3376, stack(0x0000000027790000,0x0000000027890000)]
  0x000000001b31d000 JavaThread "Cache worker for cache directory md-rule (C:\Users\HP\.gradle\caches\4.10.1\md-rule)" [_thread_blocked, id=10108, stack(0x0000000027690000,0x0000000027790000)]
  0x000000001b321800 JavaThread "Cache worker for cache directory md-supplier (C:\Users\HP\.gradle\caches\4.10.1\md-supplier)" [_thread_blocked, id=2468, stack(0x0000000026520000,0x0000000026620000)]
  0x000000001b31c000 JavaThread "Cache worker for file hash cache (H:\AndroidStudioProjects\LogInPage\.gradle\4.10.1\fileHashes)" [_thread_blocked, id=8328, stack(0x0000000026420000,0x0000000026520000)]
  0x000000001b31e800 JavaThread "Stdin handler" [_thread_blocked, id=1000, stack(0x0000000026320000,0x0000000026420000)]
  0x000000001b320800 JavaThread "Asynchronous log dispatcher for DefaultDaemonConnection: socket connection from /127.0.0.1:2786 to /127.0.0.1:2801" [_thread_blocked, id=3352, stack(0x0000000026220000,0x0000000026320000)]
  0x000000001b322800 JavaThread "Cancel handler" [_thread_blocked, id=6284, stack(0x0000000026120000,0x0000000026220000)]
  0x000000001b323000 JavaThread "Handler for socket connection from /127.0.0.1:2786 to /127.0.0.1:2801" [_thread_in_native, id=2288, stack(0x0000000026020000,0x0000000026120000)]
  0x000000001b320000 JavaThread "pool-1-thread-1" [_thread_blocked, id=6012, stack(0x0000000025f20000,0x0000000026020000)]
  0x000000001b424000 JavaThread "Cache worker for file content cache (C:\Users\HP\.gradle\caches\4.10.1\fileContent)" [_thread_blocked, id=7308, stack(0x0000000022d70000,0x0000000022e70000)]
  0x000000001b427000 JavaThread "Memory manager" [_thread_blocked, id=6928, stack(0x00000000217b0000,0x00000000218b0000)]
  0x000000001b616000 JavaThread "Cache worker for Artifact transforms cache (C:\Users\HP\.gradle\caches\transforms-1)" [_thread_blocked, id=4952, stack(0x000000001fac0000,0x000000001fbc0000)]
  0x000000001b615800 JavaThread "Cache worker for journal cache (C:\Users\HP\.gradle\caches\journal-1)" [_thread_blocked, id=4144, stack(0x000000001e400000,0x000000001e500000)]
  0x000000001b613000 JavaThread "File lock request listener" [_thread_in_native, id=3728, stack(0x000000001cad0000,0x000000001cbd0000)]
  0x000000001b334000 JavaThread "Cache worker for file hash cache (C:\Users\HP\.gradle\caches\4.10.1\fileHashes)" [_thread_blocked, id=5688, stack(0x000000001c9d0000,0x000000001cad0000)]
  0x000000001866e000 JavaThread "Daemon worker" [_thread_blocked, id=9936, stack(0x000000001a330000,0x000000001a430000)]
  0x0000000017b34000 JavaThread "Daemon" [_thread_blocked, id=4588, stack(0x000000001a030000,0x000000001a130000)]
  0x0000000017b29800 JavaThread "Daemon periodic checks" [_thread_blocked, id=1780, stack(0x0000000019f30000,0x000000001a030000)]
  0x0000000018545000 JavaThread "Incoming local TCP Connector on port 2786" [_thread_in_native, id=9940, stack(0x0000000019cf0000,0x0000000019df0000)]
  0x00000000179e6800 JavaThread "Service Thread" daemon [_thread_blocked, id=9972, stack(0x0000000017de0000,0x0000000017ee0000)]
  0x00000000160eb800 JavaThread "C1 CompilerThread2" daemon [_thread_blocked, id=3556, stack(0x00000000178e0000,0x00000000179e0000)]
  0x000000001608e800 JavaThread "C2 CompilerThread1" daemon [_thread_blocked, id=7404, stack(0x00000000177e0000,0x00000000178e0000)]
=>0x000000001608a000 JavaThread "C2 CompilerThread0" daemon [_thread_in_native, id=6868, stack(0x00000000176e0000,0x00000000177e0000)]
  0x0000000016089000 JavaThread "Attach Listener" daemon [_thread_blocked, id=3612, stack(0x00000000175e0000,0x00000000176e0000)]
  0x0000000016096000 JavaThread "Signal Dispatcher" daemon [_thread_blocked, id=3432, stack(0x00000000174e0000,0x00000000175e0000)]
  0x0000000002716000 JavaThread "Finalizer" daemon [_thread_blocked, id=1596, stack(0x00000000172f0000,0x00000000173f0000)]
  0x0000000002710800 JavaThread "Reference Handler" daemon [_thread_blocked, id=2580, stack(0x00000000171f0000,0x00000000172f0000)]
  0x000000000261e000 JavaThread "main" [_thread_blocked, id=7288, stack(0x0000000002500000,0x0000000002600000)]

Other Threads:
  0x0000000016056000 VMThread [stack: 0x00000000170f0000,0x00000000171f0000] [id=3964]
  0x00000000179e8800 WatcherThread [stack: 0x0000000017ee0000,0x0000000017fe0000] [id=9300]

VM state:not at safepoint (normal execution)

VM Mutex/Monitor currently owned by a thread: None

Heap:
 PSYoungGen      total 232960K, used 97910K [0x00000000e0000000, 0x00000000f0680000, 0x0000000100000000)
  eden space 197120K, 49% used [0x00000000e0000000,0x00000000e5f07440,0x00000000ec080000)
  from space 35840K, 1% used [0x00000000ec080000,0x00000000ec1166e0,0x00000000ee380000)
  to   space 34304K, 0% used [0x00000000ee500000,0x00000000ee500000,0x00000000f0680000)
 ParOldGen       total 183296K, used 120061K [0x00000000a0000000, 0x00000000ab300000, 0x00000000e0000000)
  object space 183296K, 65% used [0x00000000a0000000,0x00000000a753f760,0x00000000ab300000)
 Metaspace       used 72503K, capacity 74994K, committed 75264K, reserved 1114112K
  class space    used 9525K, capacity 10121K, committed 10240K, reserved 1048576K

Card table byte_map: [0x0000000011ae0000,0x0000000011df0000] byte_map_base: 0x00000000115e0000

Marking Bits: (ParMarkBitMap*) 0x00000000715b5aa0
 Begin Bits: [0x00000000123f0000, 0x0000000013bf0000)
 End Bits:   [0x0000000013bf0000, 0x00000000153f0000)

Polling page: 0x00000000005f0000

CodeCache: size=245760Kb used=30163Kb max_used=30176Kb free=215597Kb
 bounds [0x0000000002720000, 0x00000000044c0000, 0x0000000011720000]
 total_blobs=10710 nmethods=9878 adapters=744
 compilation: enabled

Compilation events (10 events):
Event: 72.646 Thread 0x00000000160eb800 nmethod 11922 0x00000000044b0dd0 code [0x00000000044b0f40, 0x00000000044b10e8]
Event: 72.663 Thread 0x00000000160eb800 11923       3       org.gradle.internal.resources.ExclusiveAccessResourceLock::doIsLocked (8 bytes)
Event: 72.663 Thread 0x00000000160eb800 nmethod 11923 0x00000000044b1190 code [0x00000000044b1300, 0x00000000044b1710]
Event: 72.670 Thread 0x00000000160eb800 11924   !   3       org.gradle.internal.resources.DefaultResourceLockCoordinationService$DefaultResourceLockState::releaseLocks (76 bytes)
Event: 72.671 Thread 0x00000000160eb800 nmethod 11924 0x00000000044b1850 code [0x00000000044b1a20, 0x00000000044b2188]
Event: 72.709 Thread 0x000000001608e800 nmethod 11901 0x00000000044b6c10 code [0x00000000044b6e00, 0x00000000044b8878]
Event: 72.709 Thread 0x000000001608e800 11907 %     4       sun.nio.cs.UTF_8$Decoder::decodeArrayLoop @ 73 (691 bytes)
Event: 72.775 Thread 0x000000001608e800 nmethod 11907% 0x00000000044b9f50 code [0x00000000044ba220, 0x00000000044bb3d0]
Event: 72.775 Thread 0x000000001608e800 11918       4       org.codehaus.groovy.runtime.metaclass.MethodMetaProperty$GetBeanMethodMetaProperty::getProperty (12 bytes)
Event: 72.792 Thread 0x000000001608e800 nmethod 11918 0x00000000044bcb50 code [0x00000000044bcd40, 0x00000000044bd4f0]

GC Heap History (10 events):
Event: 54.893 GC heap before
{Heap before GC invocations=29 (full 4):
 PSYoungGen      total 169472K, used 157618K [0x00000000e0000000, 0x00000000ecf00000, 0x0000000100000000)
  eden space 134144K, 99% used [0x00000000e0000000,0x00000000e828d648,0x00000000e8300000)
  from space 35328K, 67% used [0x00000000ea780000,0x00000000ebedf440,0x00000000eca00000)
  to   space 37376K, 0% used [0x00000000e8300000,0x00000000e8300000,0x00000000ea780000)
 ParOldGen       total 183296K, used 102857K [0x00000000a0000000, 0x00000000ab300000, 0x00000000e0000000)
  object space 183296K, 56% used [0x00000000a0000000,0x00000000a6472538,0x00000000ab300000)
 Metaspace       used 69059K, capacity 71354K, committed 71552K, reserved 1112064K
  class space    used 9275K, capacity 9833K, committed 9856K, reserved 1048576K
Event: 54.908 GC heap after
Heap after GC invocations=29 (full 4):
 PSYoungGen      total 171520K, used 17389K [0x00000000e0000000, 0x00000000ee400000, 0x0000000100000000)
  eden space 134144K, 0% used [0x00000000e0000000,0x00000000e0000000,0x00000000e8300000)
  from space 37376K, 46% used [0x00000000e8300000,0x00000000e93fb7c0,0x00000000ea780000)
  to   space 36352K, 0% used [0x00000000ec080000,0x00000000ec080000,0x00000000ee400000)
 ParOldGen       total 183296K, used 102865K [0x00000000a0000000, 0x00000000ab300000, 0x00000000e0000000)
  object space 183296K, 56% used [0x00000000a0000000,0x00000000a6474538,0x00000000ab300000)
 Metaspace       used 69059K, capacity 71354K, committed 71552K, reserved 1112064K
  class space    used 9275K, capacity 9833K, committed 9856K, reserved 1048576K
}
Event: 54.934 GC heap before
{Heap before GC invocations=30 (full 4):
 PSYoungGen      total 171520K, used 151110K [0x00000000e0000000, 0x00000000ee400000, 0x0000000100000000)
  eden space 134144K, 99% used [0x00000000e0000000,0x00000000e82963e0,0x00000000e8300000)
  from space 37376K, 46% used [0x00000000e8300000,0x00000000e93fb7c0,0x00000000ea780000)
  to   space 36352K, 0% used [0x00000000ec080000,0x00000000ec080000,0x00000000ee400000)
 ParOldGen       total 183296K, used 102865K [0x00000000a0000000, 0x00000000ab300000, 0x00000000e0000000)
  object space 183296K, 56% used [0x00000000a0000000,0x00000000a6474538,0x00000000ab300000)
 Metaspace       used 69062K, capacity 71354K, committed 71552K, reserved 1112064K
  class space    used 9275K, capacity 9833K, committed 9856K, reserved 1048576K
Event: 54.948 GC heap after
Heap after GC invocations=30 (full 4):
 PSYoungGen      total 197120K, used 96K [0x00000000e0000000, 0x00000000ee900000, 0x0000000100000000)
  eden space 160768K, 0% used [0x00000000e0000000,0x00000000e0000000,0x00000000e9d00000)
  from space 36352K, 0% used [0x00000000ec080000,0x00000000ec098000,0x00000000ee400000)
  to   space 36352K, 0% used [0x00000000e9d00000,0x00000000e9d00000,0x00000000ec080000)
 ParOldGen       total 183296K, used 119981K [0x00000000a0000000, 0x00000000ab300000, 0x00000000e0000000)
  object space 183296K, 65% used [0x00000000a0000000,0x00000000a752b760,0x00000000ab300000)
 Metaspace       used 69062K, capacity 71354K, committed 71552K, reserved 1112064K
  class space    used 9275K, capacity 9833K, committed 9856K, reserved 1048576K
}
Event: 54.999 GC heap before
{Heap before GC invocations=31 (full 4):
 PSYoungGen      total 197120K, used 160184K [0x00000000e0000000, 0x00000000ee900000, 0x0000000100000000)
  eden space 160768K, 99% used [0x00000000e0000000,0x00000000e9c56050,0x00000000e9d00000)
  from space 36352K, 0% used [0x00000000ec080000,0x00000000ec098000,0x00000000ee400000)
  to   space 36352K, 0% used [0x00000000e9d00000,0x00000000e9d00000,0x00000000ec080000)
 ParOldGen       total 183296K, used 119981K [0x00000000a0000000, 0x00000000ab300000, 0x00000000e0000000)
  object space 183296K, 65% used [0x00000000a0000000,0x00000000a752b760,0x00000000ab300000)
 Metaspace       used 69067K, capacity 71354K, committed 71552K, reserved 1112064K
  class space    used 9275K, capacity 9833K, committed 9856K, reserved 1048576K
Event: 55.005 GC heap after
Heap after GC invocations=31 (full 4):
 PSYoungGen      total 197120K, used 64K [0x00000000e0000000, 0x00000000f0880000, 0x0000000100000000)
  eden space 160768K, 0% used [0x00000000e0000000,0x00000000e0000000,0x00000000e9d00000)
  from space 36352K, 0% used [0x00000000e9d00000,0x00000000e9d10000,0x00000000ec080000)
  to   space 36352K, 0% used [0x00000000ee500000,0x00000000ee500000,0x00000000f0880000)
 ParOldGen       total 183296K, used 120005K [0x00000000a0000000, 0x00000000ab300000, 0x00000000e0000000)
  object space 183296K, 65% used [0x00000000a0000000,0x00000000a7531760,0x00000000ab300000)
 Metaspace       used 69067K, capacity 71354K, committed 71552K, reserved 1112064K
  class space    used 9275K, capacity 9833K, committed 9856K, reserved 1048576K
}
Event: 55.070 GC heap before
{Heap before GC invocations=32 (full 4):
 PSYoungGen      total 197120K, used 160432K [0x00000000e0000000, 0x00000000f0880000, 0x0000000100000000)
  eden space 160768K, 99% used [0x00000000e0000000,0x00000000e9c9c290,0x00000000e9d00000)
  from space 36352K, 0% used [0x00000000e9d00000,0x00000000e9d10000,0x00000000ec080000)
  to   space 36352K, 0% used [0x00000000ee500000,0x00000000ee500000,0x00000000f0880000)
 ParOldGen       total 183296K, used 120005K [0x00000000a0000000, 0x00000000ab300000, 0x00000000e0000000)
  object space 183296K, 65% used [0x00000000a0000000,0x00000000a7531760,0x00000000ab300000)
 Metaspace       used 69068K, capacity 71354K, committed 71552K, reserved 1112064K
  class space    used 9275K, capacity 9833K, committed 9856K, reserved 1048576K
Event: 55.074 GC heap after
Heap after GC invocations=32 (full 4):
 PSYoungGen      total 231424K, used 96K [0x00000000e0000000, 0x00000000f0680000, 0x0000000100000000)
  eden space 197120K, 0% used [0x00000000e0000000,0x00000000e0000000,0x00000000ec080000)
  from space 34304K, 0% used [0x00000000ee500000,0x00000000ee518000,0x00000000f0680000)
  to   space 35840K, 0% used [0x00000000ec080000,0x00000000ec080000,0x00000000ee380000)
 ParOldGen       total 183296K, used 120029K [0x00000000a0000000, 0x00000000ab300000, 0x00000000e0000000)
  object space 183296K, 65% used [0x00000000a0000000,0x00000000a7537760,0x00000000ab300000)
 Metaspace       used 69068K, capacity 71354K, committed 71552K, reserved 1112064K
  class space    used 9275K, capacity 9833K, committed 9856K, reserved 1048576K
}
Event: 55.557 GC heap before
{Heap before GC invocations=33 (full 4):
 PSYoungGen      total 231424K, used 197216K [0x00000000e0000000, 0x00000000f0680000, 0x0000000100000000)
  eden space 197120K, 100% used [0x00000000e0000000,0x00000000ec080000,0x00000000ec080000)
  from space 34304K, 0% used [0x00000000ee500000,0x00000000ee518000,0x00000000f0680000)
  to   space 35840K, 0% used [0x00000000ec080000,0x00000000ec080000,0x00000000ee380000)
 ParOldGen       total 183296K, used 120029K [0x00000000a0000000, 0x00000000ab300000, 0x00000000e0000000)
  object space 183296K, 65% used [0x00000000a0000000,0x00000000a7537760,0x00000000ab300000)
 Metaspace       used 69394K, capacity 71776K, committed 71936K, reserved 1112064K
  class space    used 9322K, capacity 9880K, committed 9984K, reserved 1048576K
Event: 55.561 GC heap after
Heap after GC invocations=33 (full 4):
 PSYoungGen      total 232960K, used 601K [0x00000000e0000000, 0x00000000f0680000, 0x0000000100000000)
  eden space 197120K, 0% used [0x00000000e0000000,0x00000000e0000000,0x00000000ec080000)
  from space 35840K, 1% used [0x00000000ec080000,0x00000000ec1166e0,0x00000000ee380000)
  to   space 34304K, 0% used [0x00000000ee500000,0x00000000ee500000,0x00000000f0680000)
 ParOldGen       total 183296K, used 120061K [0x00000000a0000000, 0x00000000ab300000, 0x00000000e0000000)
  object space 183296K, 65% used [0x00000000a0000000,0x00000000a753f760,0x00000000ab300000)
 Metaspace       used 69394K, capacity 71776K, committed 71936K, reserved 1112064K
  class space    used 9322K, capacity 9880K, committed 9984K, reserved 1048576K
}

Deoptimization events (10 events):
Event: 70.291 Thread 0x000000001866e000 Uncommon trap: reason=speculate_class_check action=maybe_recompile pc=0x00000000037580b8 method=java.util.EnumMap.get(Ljava/lang/Object;)Ljava/lang/Object; @ 14
Event: 70.330 Thread 0x000000001866e000 Uncommon trap: reason=unstable_if action=reinterpret pc=0x000000000392ad70 method=com.google.common.collect.MapMakerInternalMap$Segment.getEntry(Ljava/lang/Object;I)Lcom/google/common/collect/MapMakerInternalMap$ReferenceEntry; @ 4
Event: 70.517 Thread 0x000000001866e000 Uncommon trap: reason=unstable_if action=reinterpret pc=0x00000000032e8614 method=java.util.concurrent.ConcurrentHashMap.get(Ljava/lang/Object;)Ljava/lang/Object; @ 76
Event: 70.770 Thread 0x000000001866e000 Uncommon trap: reason=unstable_if action=reinterpret pc=0x000000000416e6f4 method=java.util.stream.MatchOps$BooleanTerminalSink.<init>(Ljava/util/stream/MatchOps$MatchKind;)V @ 9
Event: 70.770 Thread 0x000000001866e000 Uncommon trap: reason=class_check action=maybe_recompile pc=0x0000000004167af0 method=java.util.stream.AbstractPipeline.copyIntoWithCancel(Ljava/util/stream/Sink;Ljava/util/Spliterator;)V @ 19
Event: 70.770 Thread 0x000000001866e000 Uncommon trap: reason=predicate action=maybe_recompile pc=0x0000000004158280 method=java.util.stream.ReferencePipeline.forEachWithCancel(Ljava/util/Spliterator;Ljava/util/stream/Sink;)V @ 9
Event: 70.770 Thread 0x000000001866e000 Uncommon trap: reason=bimorphic action=maybe_recompile pc=0x0000000004153d4c method=java.util.stream.MatchOps$1MatchSink.accept(Ljava/lang/Object;)V @ 12
Event: 70.892 Thread 0x000000001866e000 Uncommon trap: reason=class_check action=maybe_recompile pc=0x00000000039f88a4 method=java.util.HashMap.removeNode(ILjava/lang/Object;Ljava/lang/Object;ZZ)Ljava/util/HashMap$Node; @ 68
Event: 70.922 Thread 0x000000001866e000 Uncommon trap: reason=unstable_if action=reinterpret pc=0x0000000004167b64 method=java.util.stream.AbstractPipeline.copyIntoWithCancel(Ljava/util/stream/Sink;Ljava/util/Spliterator;)V @ 6
Event: 71.214 Thread 0x000000001b32b800 Uncommon trap: reason=class_check action=maybe_recompile pc=0x000000000303499c method=com.google.common.io.CountingInputStream.read([BII)I @ 7

Classes redefined (0 events):
No events

Internal exceptions (10 events):
Event: 70.759 Thread 0x000000001866e000 Exception <a 'sun/nio/fs/WindowsException'> (0x00000000e296d830) thrown at [D:\src\AOSP-openjdk-cygwin\jdk8u\hotspot\src\share\vm\prims\jni.cpp, line 709]
Event: 70.759 Thread 0x000000001866e000 Exception <a 'sun/nio/fs/WindowsException'> (0x00000000e296e580) thrown at [D:\src\AOSP-openjdk-cygwin\jdk8u\hotspot\src\share\vm\prims\jni.cpp, line 709]
Event: 70.760 Thread 0x000000001866e000 Exception <a 'sun/nio/fs/WindowsException'> (0x00000000e29715b0) thrown at [D:\src\AOSP-openjdk-cygwin\jdk8u\hotspot\src\share\vm\prims\jni.cpp, line 709]
Event: 70.760 Thread 0x000000001866e000 Exception <a 'sun/nio/fs/WindowsException'> (0x00000000e2972330) thrown at [D:\src\AOSP-openjdk-cygwin\jdk8u\hotspot\src\share\vm\prims\jni.cpp, line 709]
Event: 70.760 Thread 0x000000001866e000 Exception <a 'sun/nio/fs/WindowsException'> (0x00000000e29744b0) thrown at [D:\src\AOSP-openjdk-cygwin\jdk8u\hotspot\src\share\vm\prims\jni.cpp, line 709]
Event: 70.760 Thread 0x000000001866e000 Exception <a 'sun/nio/fs/WindowsException'> (0x00000000e2975270) thrown at [D:\src\AOSP-openjdk-cygwin\jdk8u\hotspot\src\share\vm\prims\jni.cpp, line 709]
Event: 70.761 Thread 0x000000001866e000 Exception <a 'sun/nio/fs/WindowsException'> (0x00000000e2978710) thrown at [D:\src\AOSP-openjdk-cygwin\jdk8u\hotspot\src\share\vm\prims\jni.cpp, line 709]
Event: 70.761 Thread 0x000000001866e000 Exception <a 'sun/nio/fs/WindowsException'> (0x00000000e2979410) thrown at [D:\src\AOSP-openjdk-cygwin\jdk8u\hotspot\src\share\vm\prims\jni.cpp, line 709]
Event: 70.762 Thread 0x000000001866e000 Exception <a 'sun/nio/fs/WindowsException'> (0x00000000e297b518) thrown at [D:\src\AOSP-openjdk-cygwin\jdk8u\hotspot\src\share\vm\prims\jni.cpp, line 709]
Event: 70.762 Thread 0x000000001866e000 Exception <a 'sun/nio/fs/WindowsException'> (0x00000000e297c258) thrown at [D:\src\AOSP-openjdk-cygwin\jdk8u\hotspot\src\share\vm\prims\jni.cpp, line 709]

Events (10 events):
Event: 71.779 Thread 0x000000001608e800 flushing nmethod 0x0000000004395550
Event: 71.779 Thread 0x000000001608e800 flushing nmethod 0x00000000043a6550
Event: 72.251 Executing VM operation: RevokeBias
Event: 72.251 Executing VM operation: RevokeBias done
Event: 72.262 Executing VM operation: RevokeBias
Event: 72.262 Executing VM operation: RevokeBias done
Event: 72.547 Thread 0x000000001b31f000 DEOPT PACKING pc=0x0000000003e658e4 sp=0x000000002788e360
Event: 72.547 Thread 0x000000001b31f000 DEOPT UNPACKING pc=0x00000000027675d0 sp=0x000000002788e218 mode 0
Event: 72.620 Executing VM operation: RevokeBias
Event: 72.621 Executing VM operation: RevokeBias done


Dynamic libraries:
0x00007ff754410000 - 0x00007ff754441000 	C:\Program Files (x86)\Android\Android Studio\jre\bin\java.exe
0x00007ff82b960000 - 0x00007ff82bb41000 	C:\WINDOWS\SYSTEM32\ntdll.dll
0x00007ff810390000 - 0x00007ff8103a2000 	C:\Program Files\AVAST Software\Avast\aswhook.dll
0x00007ff829090000 - 0x00007ff829142000 	C:\WINDOWS\System32\KERNEL32.DLL
0x00007ff828630000 - 0x00007ff8288a3000 	C:\WINDOWS\System32\KERNELBASE.dll
0x00007ff82a250000 - 0x00007ff82a2f1000 	C:\WINDOWS\System32\ADVAPI32.dll
0x00007ff8298e0000 - 0x00007ff82997e000 	C:\WINDOWS\System32\msvcrt.dll
0x00007ff828df0000 - 0x00007ff828e4b000 	C:\WINDOWS\System32\sechost.dll
0x00007ff829d20000 - 0x00007ff829e44000 	C:\WINDOWS\System32\RPCRT4.dll
0x00007ff82b740000 - 0x00007ff82b8d0000 	C:\WINDOWS\System32\USER32.dll
0x00007ff828c80000 - 0x00007ff828ca0000 	C:\WINDOWS\System32\win32u.dll
0x00007ff828f00000 - 0x00007ff828f28000 	C:\WINDOWS\System32\GDI32.dll
0x00007ff828a30000 - 0x00007ff828bc2000 	C:\WINDOWS\System32\gdi32full.dll
0x00007ff828930000 - 0x00007ff8289cf000 	C:\WINDOWS\System32\msvcp_win.dll
0x00007ff828ca0000 - 0x00007ff828d9a000 	C:\WINDOWS\System32\ucrtbase.dll
0x00007ff81b740000 - 0x00007ff81b9a9000 	C:\WINDOWS\WinSxS\amd64_microsoft.windows.common-controls_6595b64144ccf1df_6.0.17134.523_none_fb409dd930672a56\COMCTL32.dll
0x00007ff829e50000 - 0x00007ff82a172000 	C:\WINDOWS\System32\combase.dll
0x00007ff8288b0000 - 0x00007ff82892a000 	C:\WINDOWS\System32\bcryptPrimitives.dll
0x00007ff829850000 - 0x00007ff82987d000 	C:\WINDOWS\System32\IMM32.DLL
0x0000000070c30000 - 0x0000000070d02000 	C:\Program Files (x86)\Android\Android Studio\jre\jre\bin\msvcr100.dll
0x0000000070df0000 - 0x0000000071631000 	C:\Program Files (x86)\Android\Android Studio\jre\jre\bin\server\jvm.dll
0x00007ff829770000 - 0x00007ff829778000 	C:\WINDOWS\System32\PSAPI.DLL
0x00007ff81f330000 - 0x00007ff81f339000 	C:\WINDOWS\SYSTEM32\WSOCK32.dll
0x00007ff829780000 - 0x00007ff8297ec000 	C:\WINDOWS\System32\WS2_32.dll
0x00007ff81ff60000 - 0x00007ff81ff83000 	C:\WINDOWS\SYSTEM32\WINMM.dll
0x00007ff8204d0000 - 0x00007ff8204da000 	C:\WINDOWS\SYSTEM32\VERSION.dll
0x00007ff81ff30000 - 0x00007ff81ff5a000 	C:\WINDOWS\SYSTEM32\WINMMBASE.dll
0x00007ff828da0000 - 0x00007ff828de9000 	C:\WINDOWS\System32\cfgmgr32.dll
0x00007ff8248b0000 - 0x00007ff8248bf000 	C:\Program Files (x86)\Android\Android Studio\jre\jre\bin\verify.dll
0x00007ff8240a0000 - 0x00007ff8240c9000 	C:\Program Files (x86)\Android\Android Studio\jre\jre\bin\java.dll
0x00007ff81c270000 - 0x00007ff81c286000 	C:\Program Files (x86)\Android\Android Studio\jre\jre\bin\zip.dll
0x00007ff82a300000 - 0x00007ff82b740000 	C:\WINDOWS\System32\SHELL32.dll
0x00007ff829b80000 - 0x00007ff829c29000 	C:\WINDOWS\System32\shcore.dll
0x00007ff827d30000 - 0x00007ff82843d000 	C:\WINDOWS\System32\windows.storage.dll
0x00007ff829880000 - 0x00007ff8298d1000 	C:\WINDOWS\System32\shlwapi.dll
0x00007ff827d10000 - 0x00007ff827d21000 	C:\WINDOWS\System32\kernel.appcore.dll
0x00007ff827c80000 - 0x00007ff827c9f000 	C:\WINDOWS\System32\profapi.dll
0x00007ff827cc0000 - 0x00007ff827d0c000 	C:\WINDOWS\System32\powrprof.dll
0x00007ff827c70000 - 0x00007ff827c7a000 	C:\WINDOWS\System32\FLTLIB.DLL
0x00007ff81a720000 - 0x00007ff81a73a000 	C:\Program Files (x86)\Android\Android Studio\jre\jre\bin\net.dll
0x00007ff8274f0000 - 0x00007ff827556000 	C:\WINDOWS\system32\mswsock.dll
0x00007ff8188e0000 - 0x00007ff8188f1000 	C:\Program Files (x86)\Android\Android Studio\jre\jre\bin\nio.dll
0x00007ff822590000 - 0x00007ff8225ae000 	C:\Users\HP\.gradle\native\25\windows-amd64\native-platform.dll
0x00007ff8237f0000 - 0x00007ff8237fd000 	C:\Program Files (x86)\Android\Android Studio\jre\jre\bin\management.dll
0x00007ff8276a0000 - 0x00007ff8276b7000 	C:\WINDOWS\SYSTEM32\CRYPTSP.dll
0x00007ff827070000 - 0x00007ff8270a3000 	C:\WINDOWS\system32\rsaenh.dll
0x00007ff8277d0000 - 0x00007ff8277f5000 	C:\WINDOWS\SYSTEM32\bcrypt.dll
0x00007ff827ba0000 - 0x00007ff827bc8000 	C:\WINDOWS\SYSTEM32\USERENV.dll
0x00007ff827710000 - 0x00007ff82771b000 	C:\WINDOWS\SYSTEM32\CRYPTBASE.dll
0x00007ff827270000 - 0x00007ff8272a8000 	C:\WINDOWS\SYSTEM32\IPHLPAPI.DLL
0x00007ff828e50000 - 0x00007ff828e58000 	C:\WINDOWS\System32\NSI.dll
0x00007ff821720000 - 0x00007ff821736000 	C:\WINDOWS\SYSTEM32\dhcpcsvc6.DLL
0x00007ff821a80000 - 0x00007ff821a9a000 	C:\WINDOWS\SYSTEM32\dhcpcsvc.DLL

VM Arguments:
jvm_args: -Xmx1536m -Dfile.encoding=windows-1252 -Duser.country=US -Duser.language=en -Duser.variant 
java_command: org.gradle.launcher.daemon.bootstrap.GradleDaemon 4.10.1
java_class_path (initial): C:\Users\HP\.gradle\wrapper\dists\gradle-4.10.1-all\455itskqi2qtf0v2sja68alqd\gradle-4.10.1\lib\gradle-launcher-4.10.1.jar
Launcher Type: SUN_STANDARD

Environment Variables:
PATH=C:\Program Files (x86)\Common Files\Oracle\Java\javapath;C:\Program Files (x86)\Common Files\ArcSoft\Bin;C:\Program Files (x86)\Intel\iCLS Client\;C:\Program Files\Intel\iCLS Client\;C:\WINDOWS\system32;C:\WINDOWS;C:\WINDOWS\System32\Wbem;C:\WINDOWS\System32\WindowsPowerShell\v1.0\;C:\Program Files (x86)\Intel\Intel(R) Management Engine Components\DAL;C:\Program Files\Intel\Intel(R) Management Engine Components\DAL;C:\Program Files (x86)\Intel\Intel(R) Management Engine Components\IPT;C:\Program Files\Intel\Intel(R) Management Engine Components\IPT;c:\Program Files\Intel\WiFi\bin\;c:\Program Files\Common Files\Intel\WirelessCommon\;C:\Program Files (x86)\GtkSharp\2.12\bin;C:\WINDOWS\System32\OpenSSH\;C:\Users\HP\AppData\Local\Android\Sdk;C:\Program Files (x86)\Java\jdk1.6.0_18\bin;%USERPROFILE%\AppData\Local\Microsoft\WindowsApps;
USERNAME=HP
OS=Windows_NT
PROCESSOR_IDENTIFIER=Intel64 Family 6 Model 61 Stepping 4, GenuineIntel



---------------  S Y S T E M  ---------------

OS: Windows 10.0 , 64 bit Build 17134 (10.0.17134.1)

CPU:total 4 (initial active 4) (2 cores per cpu, 2 threads per core) family 6 model 61 stepping 4, cmov, cx8, fxsr, mmx, sse, sse2, sse3, ssse3, sse4.1, sse4.2, popcnt, avx, avx2, aes, clmul, erms, 3dnowpref, lzcnt, ht, tsc, tscinvbit, bmi1, bmi2, adx

Memory: 4k page, physical 4082796k(416468k free), swap 4082796k(6772k free)

vm_info: OpenJDK 64-Bit Server VM (25.152-b01) for windows-amd64 JRE (1.8.0_152-release-1248-b01), built by "builder" with MS VC++ 10.0 (VS2010)

time: Wed Jan 23 01:24:38 2019
elapsed time: 73 seconds (0d 0h 1m 13s)

