#
# There is insufficient memory for the Java Runtime Environment to continue.
# Native memory allocation (malloc) failed to allocate 866576 bytes for Chunk::new
# Possible reasons:
#   The system is out of physical RAM or swap space
#   In 32 bit mode, the process size limit was hit
# Possible solutions:
#   Reduce memory load on the system
#   Increase physical memory or swap space
#   Check if swap backing store is full
#   Use 64 bit Java on a 64 bit OS
#   Decrease Java heap size (-Xmx/-Xms)
#   Decrease number of Java threads
#   Decrease Java thread stack sizes (-Xss)
#   Set larger code cache with -XX:ReservedCodeCacheSize=
# This output file may be truncated or incomplete.
#
#  Out of Memory Error (allocation.cpp:390), pid=7456, tid=0x0000000000001bf8
#
# JRE version: OpenJDK Runtime Environment (8.0_152-b01) (build 1.8.0_152-release-1248-b01)
# Java VM: OpenJDK 64-Bit Server VM (25.152-b01 mixed mode windows-amd64 compressed oops)
# Failed to write core dump. Minidumps are not enabled by default on client versions of Windows
#

---------------  T H R E A D  ---------------

Current thread (0x000000001690a800):  JavaThread "C2 CompilerThread0" daemon [_thread_in_native, id=7160, stack(0x0000000017f80000,0x0000000018080000)]

Stack: [0x0000000017f80000,0x0000000018080000]
[error occurred during error reporting (printing stack bounds), id 0xc0000005]

Native frames: (J=compiled Java code, j=interpreted, Vv=VM code, C=native code)


Current CompileTask:
C2:1871329 12960       4       org.apache.ivy.core.IvyPatternHelper::substituteTokens (638 bytes)


---------------  P R O C E S S  ---------------

Java Threads: ( => current thread )
  0x000000001be39800 JavaThread "Cache worker for Build Output Cleanup Cache (H:\AndroidStudioProjects\LogInPage\.gradle\buildOutputCleanup)" [_thread_blocked, id=6952, stack(0x00000000281b0000,0x00000000282b0000)]
  0x000000001be3c000 JavaThread "Cache worker for task history cache (H:\AndroidStudioProjects\LogInPage\.gradle\4.10.1\taskHistory)" [_thread_blocked, id=3516, stack(0x00000000280b0000,0x00000000281b0000)]
  0x0000000019cee800 JavaThread "Task worker for ':' Thread 3" [_thread_blocked, id=3696, stack(0x0000000027fb0000,0x00000000280b0000)]
  0x0000000019cee000 JavaThread "Task worker for ':' Thread 2" [_thread_blocked, id=8688, stack(0x0000000027eb0000,0x0000000027fb0000)]
  0x0000000019cf3800 JavaThread "Task worker for ':'" [_thread_blocked, id=10116, stack(0x0000000027db0000,0x0000000027eb0000)]
  0x0000000019cf2800 JavaThread "Cache worker for file content cache (H:\AndroidStudioProjects\LogInPage\.gradle\4.10.1\fileContent)" [_thread_blocked, id=7848, stack(0x0000000027cb0000,0x0000000027db0000)]
  0x0000000019cef800 JavaThread "Build operations Thread 4" [_thread_in_native, id=8652, stack(0x0000000027bb0000,0x0000000027cb0000)]
  0x0000000019ce6800 JavaThread "Build operations Thread 3" [_thread_blocked, id=8736, stack(0x0000000027ab0000,0x0000000027bb0000)]
  0x0000000019ced000 JavaThread "Build operations Thread 2" [_thread_in_native, id=4624, stack(0x00000000279b0000,0x0000000027ab0000)]
  0x0000000019cec800 JavaThread "Build operations" [_thread_blocked, id=1148, stack(0x00000000278b0000,0x00000000279b0000)]
  0x0000000019ce5800 JavaThread "Cache worker for cache directory md-rule (C:\Users\HP\.gradle\caches\4.10.1\md-rule)" [_thread_blocked, id=11100, stack(0x00000000277b0000,0x00000000278b0000)]
  0x0000000019ce5000 JavaThread "Cache worker for cache directory md-supplier (C:\Users\HP\.gradle\caches\4.10.1\md-supplier)" [_thread_blocked, id=10908, stack(0x00000000276b0000,0x00000000277b0000)]
  0x0000000019ce8000 JavaThread "Cache worker for file hash cache (H:\AndroidStudioProjects\LogInPage\.gradle\4.10.1\fileHashes)" [_thread_blocked, id=9440, stack(0x00000000275b0000,0x00000000276b0000)]
  0x0000000019ce9800 JavaThread "Stdin handler" [_thread_blocked, id=4104, stack(0x00000000274b0000,0x00000000275b0000)]
  0x0000000019abb000 JavaThread "Asynchronous log dispatcher for DefaultDaemonConnection: socket connection from /127.0.0.1:2633 to /127.0.0.1:2719" [_thread_blocked, id=8, stack(0x00000000273b0000,0x00000000274b0000)]
  0x0000000019ab6000 JavaThread "Daemon worker Thread 2" [_thread_in_native, id=6400, stack(0x00000000272b0000,0x00000000273b0000)]
  0x0000000019aba800 JavaThread "Cancel handler" [_thread_blocked, id=9296, stack(0x00000000271b0000,0x00000000272b0000)]
  0x0000000019abd000 JavaThread "Handler for socket connection from /127.0.0.1:2633 to /127.0.0.1:2719" [_thread_in_native, id=4152, stack(0x00000000270b0000,0x00000000271b0000)]
  0x0000000019ab9800 JavaThread "Daemon Thread 2" [_thread_blocked, id=4084, stack(0x0000000026fb0000,0x00000000270b0000)]
  0x0000000019ab9000 JavaThread "pool-1-thread-1" [_thread_blocked, id=5400, stack(0x0000000026eb0000,0x0000000026fb0000)]
  0x0000000019cf1000 JavaThread "Cache worker for Java compile cache (C:\Users\HP\.gradle\caches\4.10.1\javaCompile)" [_thread_blocked, id=8476, stack(0x0000000023e60000,0x0000000023f60000)]
  0x0000000019ceb000 JavaThread "Cache worker for file content cache (C:\Users\HP\.gradle\caches\4.10.1\fileContent)" [_thread_blocked, id=5956, stack(0x0000000023560000,0x0000000023660000)]
  0x0000000019cea000 JavaThread "Memory manager" [_thread_blocked, id=7404, stack(0x0000000023460000,0x0000000023560000)]
  0x000000001be3d800 JavaThread "Cache worker for Artifact transforms cache (C:\Users\HP\.gradle\caches\transforms-1)" [_thread_blocked, id=3580, stack(0x0000000021290000,0x0000000021390000)]
  0x000000001be3d000 JavaThread "Cache worker for journal cache (C:\Users\HP\.gradle\caches\journal-1)" [_thread_blocked, id=3460, stack(0x000000001d570000,0x000000001d670000)]
  0x00000000198aa800 JavaThread "File lock request listener" [_thread_in_native, id=10796, stack(0x000000001c3a0000,0x000000001c4a0000)]
  0x0000000019fc5800 JavaThread "Cache worker for file hash cache (C:\Users\HP\.gradle\caches\4.10.1\fileHashes)" [_thread_blocked, id=1196, stack(0x000000001c2a0000,0x000000001c3a0000)]
  0x0000000018ad2000 JavaThread "Daemon periodic checks" [_thread_blocked, id=6804, stack(0x000000001a7d0000,0x000000001a8d0000)]
  0x0000000019771000 JavaThread "Incoming local TCP Connector on port 2633" [_thread_in_native, id=11148, stack(0x000000001a590000,0x000000001a690000)]
  0x00000000182a9800 JavaThread "Service Thread" daemon [_thread_blocked, id=7548, stack(0x0000000018680000,0x0000000018780000)]
  0x0000000016919000 JavaThread "C1 CompilerThread2" daemon [_thread_blocked, id=8140, stack(0x0000000018180000,0x0000000018280000)]
  0x000000001690f800 JavaThread "C2 CompilerThread1" daemon [_thread_in_native, id=204, stack(0x0000000018080000,0x0000000018180000)]
=>0x000000001690a800 JavaThread "C2 CompilerThread0" daemon [_thread_in_native, id=7160, stack(0x0000000017f80000,0x0000000018080000)]
  0x0000000016918800 JavaThread "Attach Listener" daemon [_thread_blocked, id=7120, stack(0x0000000017e80000,0x0000000017f80000)]
  0x0000000016917000 JavaThread "Signal Dispatcher" daemon [_thread_blocked, id=2944, stack(0x0000000017d80000,0x0000000017e80000)]
  0x0000000002f9d000 JavaThread "Finalizer" daemon [_thread_blocked, id=1804, stack(0x0000000017b90000,0x0000000017c90000)]
  0x0000000002f92800 JavaThread "Reference Handler" daemon [_thread_blocked, id=3216, stack(0x0000000017a90000,0x0000000017b90000)]
  0x00000000011ce000 JavaThread "main" [_thread_blocked, id=8884, stack(0x0000000002d00000,0x0000000002e00000)]

Other Threads:
  0x00000000168d6000 VMThread [stack: 0x0000000017990000,0x0000000017a90000] [id=4376]
  0x00000000182ab000 WatcherThread [stack: 0x0000000018780000,0x0000000018880000] [id=7652]

VM state:not at safepoint (normal execution)

VM Mutex/Monitor currently owned by a thread: None

Heap:
 PSYoungGen      total 179712K, used 93691K [0x00000000e0000000, 0x00000000eea00000, 0x0000000100000000)
  eden space 133632K, 61% used [0x00000000e0000000,0x00000000e50e83b8,0x00000000e8280000)
  from space 46080K, 23% used [0x00000000e8280000,0x00000000e8d16a70,0x00000000eaf80000)
  to   space 44032K, 0% used [0x00000000ebf00000,0x00000000ebf00000,0x00000000eea00000)
 ParOldGen       total 194048K, used 106335K [0x00000000a0000000, 0x00000000abd80000, 0x00000000e0000000)
  object space 194048K, 54% used [0x00000000a0000000,0x00000000a67d7f28,0x00000000abd80000)
 Metaspace       used 81283K, capacity 84254K, committed 84400K, reserved 1122304K
  class space    used 10715K, capacity 11385K, committed 11440K, reserved 1048576K

Card table byte_map: [0x0000000012360000,0x0000000012670000] byte_map_base: 0x0000000011e60000

Marking Bits: (ParMarkBitMap*) 0x00000000536f5aa0
 Begin Bits: [0x0000000012c70000, 0x0000000014470000)
 End Bits:   [0x0000000014470000, 0x0000000015c70000)

Polling page: 0x0000000001210000

CodeCache: size=245760Kb used=34497Kb max_used=34612Kb free=211262Kb
 bounds [0x0000000002fa0000, 0x00000000051a0000, 0x0000000011fa0000]
 total_blobs=11767 nmethods=10913 adapters=766
 compilation: enabled

Compilation events (10 events):
Event: 1871.172 Thread 0x0000000016919000 13147       3       org.gradle.internal.resource.cached.AbstractCachedIndex::access$000 (5 bytes)
Event: 1871.173 Thread 0x0000000016919000 nmethod 13147 0x0000000005190d50 code [0x0000000005190ec0, 0x00000000051911c8]
Event: 1871.175 Thread 0x0000000016919000 13148       3       org.gradle.internal.resource.cached.AbstractCachedIndex::lookup (57 bytes)
Event: 1871.176 Thread 0x0000000016919000 nmethod 13148 0x000000000518fbd0 code [0x000000000518fde0, 0x00000000051908a8]
Event: 1871.176 Thread 0x0000000016919000 13149       3       org.gradle.internal.resource.cached.AbstractCachedIndex$1::<init> (15 bytes)
Event: 1871.177 Thread 0x0000000016919000 nmethod 13149 0x0000000005193690 code [0x00000000051937e0, 0x00000000051939b0]
Event: 1871.222 Thread 0x0000000016919000 13152       3       org.gradle.api.internal.artifacts.DefaultModuleVersionIdentifier::newId (26 bytes)
Event: 1871.223 Thread 0x0000000016919000 nmethod 13152 0x0000000005193a50 code [0x0000000005193be0, 0x0000000005194148]
Event: 1871.224 Thread 0x0000000016919000 13153       3       org.gradle.api.internal.artifacts.DefaultModuleVersionIdentifier::<init> (98 bytes)
Event: 1871.224 Thread 0x0000000016919000 nmethod 13153 0x0000000005194390 code [0x0000000005194540, 0x0000000005194ba8]

GC Heap History (10 events):
Event: 39.198 GC heap before
{Heap before GC invocations=23 (full 3):
 PSYoungGen      total 129536K, used 129425K [0x00000000e0000000, 0x00000000e9e00000, 0x0000000100000000)
  eden space 116736K, 99% used [0x00000000e0000000,0x00000000e71e5558,0x00000000e7200000)
  from space 12800K, 99% used [0x00000000e7200000,0x00000000e7e7f070,0x00000000e7e80000)
  to   space 17408K, 0% used [0x00000000e8d00000,0x00000000e8d00000,0x00000000e9e00000)
 ParOldGen       total 87552K, used 43102K [0x00000000a0000000, 0x00000000a5580000, 0x00000000e0000000)
  object space 87552K, 49% used [0x00000000a0000000,0x00000000a2a17b58,0x00000000a5580000)
 Metaspace       used 73059K, capacity 75882K, committed 76080K, reserved 1114112K
  class space    used 9829K, capacity 10495K, committed 10544K, reserved 1048576K
Event: 39.253 GC heap after
Heap after GC invocations=23 (full 3):
 PSYoungGen      total 134144K, used 17394K [0x00000000e0000000, 0x00000000eb580000, 0x0000000100000000)
  eden space 116736K, 0% used [0x00000000e0000000,0x00000000e0000000,0x00000000e7200000)
  from space 17408K, 99% used [0x00000000e8d00000,0x00000000e9dfcb10,0x00000000e9e00000)
  to   space 27648K, 0% used [0x00000000e7200000,0x00000000e7200000,0x00000000e8d00000)
 ParOldGen       total 87552K, used 63531K [0x00000000a0000000, 0x00000000a5580000, 0x00000000e0000000)
  object space 87552K, 72% used [0x00000000a0000000,0x00000000a3e0ae00,0x00000000a5580000)
 Metaspace       used 73059K, capacity 75882K, committed 76080K, reserved 1114112K
  class space    used 9829K, capacity 10495K, committed 10544K, reserved 1048576K
}
Event: 41.673 GC heap before
{Heap before GC invocations=24 (full 3):
 PSYoungGen      total 134144K, used 134130K [0x00000000e0000000, 0x00000000eb580000, 0x0000000100000000)
  eden space 116736K, 100% used [0x00000000e0000000,0x00000000e7200000,0x00000000e7200000)
  from space 17408K, 99% used [0x00000000e8d00000,0x00000000e9dfcb10,0x00000000e9e00000)
  to   space 27648K, 0% used [0x00000000e7200000,0x00000000e7200000,0x00000000e8d00000)
 ParOldGen       total 87552K, used 63531K [0x00000000a0000000, 0x00000000a5580000, 0x00000000e0000000)
  object space 87552K, 72% used [0x00000000a0000000,0x00000000a3e0ae00,0x00000000a5580000)
 Metaspace       used 74443K, capacity 77404K, committed 77616K, reserved 1116160K
  class space    used 10023K, capacity 10690K, committed 10800K, reserved 1048576K
Event: 41.788 GC heap after
Heap after GC invocations=24 (full 3):
 PSYoungGen      total 144384K, used 27640K [0x00000000e0000000, 0x00000000ee300000, 0x0000000100000000)
  eden space 116736K, 0% used [0x00000000e0000000,0x00000000e0000000,0x00000000e7200000)
  from space 27648K, 99% used [0x00000000e7200000,0x00000000e8cfe2a0,0x00000000e8d00000)
  to   space 47104K, 0% used [0x00000000eb500000,0x00000000eb500000,0x00000000ee300000)
 ParOldGen       total 103936K, used 103853K [0x00000000a0000000, 0x00000000a6580000, 0x00000000e0000000)
  object space 103936K, 99% used [0x00000000a0000000,0x00000000a656b518,0x00000000a6580000)
 Metaspace       used 74443K, capacity 77404K, committed 77616K, reserved 1116160K
  class space    used 10023K, capacity 10690K, committed 10800K, reserved 1048576K
}
Event: 41.789 GC heap before
{Heap before GC invocations=25 (full 4):
 PSYoungGen      total 144384K, used 27640K [0x00000000e0000000, 0x00000000ee300000, 0x0000000100000000)
  eden space 116736K, 0% used [0x00000000e0000000,0x00000000e0000000,0x00000000e7200000)
  from space 27648K, 99% used [0x00000000e7200000,0x00000000e8cfe2a0,0x00000000e8d00000)
  to   space 47104K, 0% used [0x00000000eb500000,0x00000000eb500000,0x00000000ee300000)
 ParOldGen       total 103936K, used 103853K [0x00000000a0000000, 0x00000000a6580000, 0x00000000e0000000)
  object space 103936K, 99% used [0x00000000a0000000,0x00000000a656b518,0x00000000a6580000)
 Metaspace       used 74443K, capacity 77404K, committed 77616K, reserved 1116160K
  class space    used 10023K, capacity 10690K, committed 10800K, reserved 1048576K
Event: 42.814 GC heap after
Heap after GC invocations=25 (full 4):
 PSYoungGen      total 144384K, used 2546K [0x00000000e0000000, 0x00000000ee300000, 0x0000000100000000)
  eden space 116736K, 0% used [0x00000000e0000000,0x00000000e0000000,0x00000000e7200000)
  from space 27648K, 9% used [0x00000000e7200000,0x00000000e747cba0,0x00000000e8d00000)
  to   space 47104K, 0% used [0x00000000eb500000,0x00000000eb500000,0x00000000ee300000)
 ParOldGen       total 194048K, used 103747K [0x00000000a0000000, 0x00000000abd80000, 0x00000000e0000000)
  object space 194048K, 53% used [0x00000000a0000000,0x00000000a6550d40,0x00000000abd80000)
 Metaspace       used 74238K, capacity 76828K, committed 77616K, reserved 1116160K
  class space    used 9952K, capacity 10566K, committed 10800K, reserved 1048576K
}
Event: 45.211 GC heap before
{Heap before GC invocations=26 (full 4):
 PSYoungGen      total 144384K, used 119282K [0x00000000e0000000, 0x00000000ee300000, 0x0000000100000000)
  eden space 116736K, 100% used [0x00000000e0000000,0x00000000e7200000,0x00000000e7200000)
  from space 27648K, 9% used [0x00000000e7200000,0x00000000e747cba0,0x00000000e8d00000)
  to   space 47104K, 0% used [0x00000000eb500000,0x00000000eb500000,0x00000000ee300000)
 ParOldGen       total 194048K, used 103747K [0x00000000a0000000, 0x00000000abd80000, 0x00000000e0000000)
  object space 194048K, 53% used [0x00000000a0000000,0x00000000a6550d40,0x00000000abd80000)
 Metaspace       used 75710K, capacity 78282K, committed 79024K, reserved 1118208K
  class space    used 10119K, capacity 10719K, committed 10928K, reserved 1048576K
Event: 45.249 GC heap after
Heap after GC invocations=26 (full 4):
 PSYoungGen      total 174080K, used 4301K [0x00000000e0000000, 0x00000000edc80000, 0x0000000100000000)
  eden space 133632K, 0% used [0x00000000e0000000,0x00000000e0000000,0x00000000e8280000)
  from space 40448K, 10% used [0x00000000eb500000,0x00000000eb933478,0x00000000edc80000)
  to   space 46080K, 0% used [0x00000000e8280000,0x00000000e8280000,0x00000000eaf80000)
 ParOldGen       total 194048K, used 106327K [0x00000000a0000000, 0x00000000abd80000, 0x00000000e0000000)
  object space 194048K, 54% used [0x00000000a0000000,0x00000000a67d5f28,0x00000000abd80000)
 Metaspace       used 75710K, capacity 78282K, committed 79024K, reserved 1118208K
  class space    used 10119K, capacity 10719K, committed 10928K, reserved 1048576K
}
Event: 46.795 GC heap before
{Heap before GC invocations=27 (full 4):
 PSYoungGen      total 174080K, used 137933K [0x00000000e0000000, 0x00000000edc80000, 0x0000000100000000)
  eden space 133632K, 100% used [0x00000000e0000000,0x00000000e8280000,0x00000000e8280000)
  from space 40448K, 10% used [0x00000000eb500000,0x00000000eb933478,0x00000000edc80000)
  to   space 46080K, 0% used [0x00000000e8280000,0x00000000e8280000,0x00000000eaf80000)
 ParOldGen       total 194048K, used 106327K [0x00000000a0000000, 0x00000000abd80000, 0x00000000e0000000)
  object space 194048K, 54% used [0x00000000a0000000,0x00000000a67d5f28,0x00000000abd80000)
 Metaspace       used 77600K, capacity 80382K, committed 80816K, reserved 1118208K
  class space    used 10437K, capacity 11085K, committed 11184K, reserved 1048576K
Event: 46.809 GC heap after
Heap after GC invocations=27 (full 4):
 PSYoungGen      total 179712K, used 10842K [0x00000000e0000000, 0x00000000eea00000, 0x0000000100000000)
  eden space 133632K, 0% used [0x00000000e0000000,0x00000000e0000000,0x00000000e8280000)
  from space 46080K, 23% used [0x00000000e8280000,0x00000000e8d16a70,0x00000000eaf80000)
  to   space 44032K, 0% used [0x00000000ebf00000,0x00000000ebf00000,0x00000000eea00000)
 ParOldGen       total 194048K, used 106335K [0x00000000a0000000, 0x00000000abd80000, 0x00000000e0000000)
  object space 194048K, 54% used [0x00000000a0000000,0x00000000a67d7f28,0x00000000abd80000)
 Metaspace       used 77600K, capacity 80382K, committed 80816K, reserved 1118208K
  class space    used 10437K, capacity 11085K, committed 11184K, reserved 1048576K
}

Deoptimization events (10 events):
Event: 1869.651 Thread 0x0000000019ab6000 Uncommon trap: reason=bimorphic action=maybe_recompile pc=0x0000000004d4b35c method=org.gradle.internal.operations.DefaultBuildOperationListenerManager$ProgressShieldingBuildOperationListener.finished(Lorg/gradle/internal/operations/BuildOperationDescript
Event: 1869.668 Thread 0x0000000019ab6000 Uncommon trap: reason=unstable_if action=reinterpret pc=0x0000000003337a30 method=com.google.common.collect.MapMakerInternalMap$Segment.getEntry(Ljava/lang/Object;I)Lcom/google/common/collect/MapMakerInternalMap$ReferenceEntry; @ 4
Event: 1869.887 Thread 0x0000000019ab6000 Uncommon trap: reason=unstable_if action=reinterpret pc=0x000000000492d97c method=java.util.concurrent.ConcurrentHashMap.get(Ljava/lang/Object;)Ljava/lang/Object; @ 76
Event: 1870.416 Thread 0x0000000019ab6000 Uncommon trap: reason=class_check action=maybe_recompile pc=0x0000000004bbee48 method=java.util.stream.StreamOpFlag.fromCharacteristics(Ljava/util/Spliterator;)I @ 14
Event: 1870.441 Thread 0x0000000019ab6000 Uncommon trap: reason=unstable_if action=reinterpret pc=0x0000000004be3cf8 method=java.util.stream.MatchOps$BooleanTerminalSink.<init>(Ljava/util/stream/MatchOps$MatchKind;)V @ 9
Event: 1870.441 Thread 0x0000000019ab6000 Uncommon trap: reason=bimorphic action=maybe_recompile pc=0x0000000004bbe7d4 method=java.util.stream.MatchOps$1MatchSink.accept(Ljava/lang/Object;)V @ 12
Event: 1870.464 Thread 0x0000000019ab6000 Uncommon trap: reason=class_check action=maybe_recompile pc=0x0000000003ca8b4c method=java.util.Collections$SynchronizedCollection.add(Ljava/lang/Object;)Z @ 12
Event: 1870.645 Thread 0x0000000019ab6000 Uncommon trap: reason=unstable_if action=reinterpret pc=0x0000000004bbb9d0 method=java.util.stream.AbstractPipeline.sourceSpliterator(I)Ljava/util/Spliterator; @ 9
Event: 1870.780 Thread 0x0000000019ab6000 Uncommon trap: reason=class_check action=maybe_recompile pc=0x00000000050129c4 method=com.google.common.cache.LocalCache$Segment.storeLoadedValue(Ljava/lang/Object;ILcom/google/common/cache/LocalCache$LoadingValueReference;Ljava/lang/Object;)Z @ 286
Event: 1870.977 Thread 0x0000000019ab6000 Uncommon trap: reason=class_check action=maybe_recompile pc=0x000000000354b168 method=com.google.common.io.CountingInputStream.read([BII)I @ 7

Classes redefined (0 events):
No events

Internal exceptions (10 events):
Event: 1870.397 Thread 0x0000000019ab6000 Exception <a 'sun/nio/fs/WindowsException'> (0x00000000e3730130) thrown at [D:\src\AOSP-openjdk-cygwin\jdk8u\hotspot\src\share\vm\prims\jni.cpp, line 709]
Event: 1870.397 Thread 0x0000000019ab6000 Exception <a 'sun/nio/fs/WindowsException'> (0x00000000e3730e80) thrown at [D:\src\AOSP-openjdk-cygwin\jdk8u\hotspot\src\share\vm\prims\jni.cpp, line 709]
Event: 1870.399 Thread 0x0000000019ab6000 Exception <a 'sun/nio/fs/WindowsException'> (0x00000000e3733eb0) thrown at [D:\src\AOSP-openjdk-cygwin\jdk8u\hotspot\src\share\vm\prims\jni.cpp, line 709]
Event: 1870.400 Thread 0x0000000019ab6000 Exception <a 'sun/nio/fs/WindowsException'> (0x00000000e3734c30) thrown at [D:\src\AOSP-openjdk-cygwin\jdk8u\hotspot\src\share\vm\prims\jni.cpp, line 709]
Event: 1870.400 Thread 0x0000000019ab6000 Exception <a 'sun/nio/fs/WindowsException'> (0x00000000e3736db0) thrown at [D:\src\AOSP-openjdk-cygwin\jdk8u\hotspot\src\share\vm\prims\jni.cpp, line 709]
Event: 1870.400 Thread 0x0000000019ab6000 Exception <a 'sun/nio/fs/WindowsException'> (0x00000000e3737b70) thrown at [D:\src\AOSP-openjdk-cygwin\jdk8u\hotspot\src\share\vm\prims\jni.cpp, line 709]
Event: 1870.402 Thread 0x0000000019ab6000 Exception <a 'sun/nio/fs/WindowsException'> (0x00000000e373b010) thrown at [D:\src\AOSP-openjdk-cygwin\jdk8u\hotspot\src\share\vm\prims\jni.cpp, line 709]
Event: 1870.402 Thread 0x0000000019ab6000 Exception <a 'sun/nio/fs/WindowsException'> (0x00000000e373bd10) thrown at [D:\src\AOSP-openjdk-cygwin\jdk8u\hotspot\src\share\vm\prims\jni.cpp, line 709]
Event: 1870.404 Thread 0x0000000019ab6000 Exception <a 'sun/nio/fs/WindowsException'> (0x00000000e373de18) thrown at [D:\src\AOSP-openjdk-cygwin\jdk8u\hotspot\src\share\vm\prims\jni.cpp, line 709]
Event: 1870.405 Thread 0x0000000019ab6000 Exception <a 'sun/nio/fs/WindowsException'> (0x00000000e373eb58) thrown at [D:\src\AOSP-openjdk-cygwin\jdk8u\hotspot\src\share\vm\prims\jni.cpp, line 709]

Events (10 events):
Event: 1871.223 Thread 0x0000000016919000 flushing nmethod 0x0000000003109790
Event: 1871.223 Thread 0x0000000016919000 flushing nmethod 0x000000000313b410
Event: 1871.225 Thread 0x0000000016919000 flushing nmethod 0x0000000003363850
Event: 1871.225 Thread 0x0000000016919000 flushing nmethod 0x0000000003364010
Event: 1871.228 Executing VM operation: RevokeBias
Event: 1871.228 Executing VM operation: RevokeBias done
Event: 1871.237 Executing VM operation: RevokeBias
Event: 1871.238 Executing VM operation: RevokeBias done
Event: 1871.239 Executing VM operation: RevokeBias
Event: 1871.239 Executing VM operation: RevokeBias done


Dynamic libraries:
0x00007ff65c0f0000 - 0x00007ff65c121000 	C:\Program Files (x86)\Android\Android Studio\jre\bin\java.exe
0x00007ff8b11a0000 - 0x00007ff8b1381000 	C:\WINDOWS\SYSTEM32\ntdll.dll
0x00007ff8647b0000 - 0x00007ff8647c2000 	C:\Program Files\AVAST Software\Avast\aswhook.dll
0x00007ff8ae7c0000 - 0x00007ff8ae872000 	C:\WINDOWS\System32\KERNEL32.DLL
0x00007ff8ade70000 - 0x00007ff8ae0e3000 	C:\WINDOWS\System32\KERNELBASE.dll
0x00007ff8afab0000 - 0x00007ff8afb51000 	C:\WINDOWS\System32\ADVAPI32.dll
0x00007ff8ae880000 - 0x00007ff8ae91e000 	C:\WINDOWS\System32\msvcrt.dll
0x00007ff8ae720000 - 0x00007ff8ae77b000 	C:\WINDOWS\System32\sechost.dll
0x00007ff8b0fa0000 - 0x00007ff8b10c4000 	C:\WINDOWS\System32\RPCRT4.dll
0x00007ff8aec40000 - 0x00007ff8aedd0000 	C:\WINDOWS\System32\USER32.dll
0x00007ff8ade50000 - 0x00007ff8ade70000 	C:\WINDOWS\System32\win32u.dll
0x00007ff8aea70000 - 0x00007ff8aea98000 	C:\WINDOWS\System32\GDI32.dll
0x00007ff8ae240000 - 0x00007ff8ae3d2000 	C:\WINDOWS\System32\gdi32full.dll
0x00007ff8ad570000 - 0x00007ff8ad60f000 	C:\WINDOWS\System32\msvcp_win.dll
0x00007ff8ae0f0000 - 0x00007ff8ae1ea000 	C:\WINDOWS\System32\ucrtbase.dll
0x00007ff89e010000 - 0x00007ff89e279000 	C:\WINDOWS\WinSxS\amd64_microsoft.windows.common-controls_6595b64144ccf1df_6.0.17134.523_none_fb409dd930672a56\COMCTL32.dll
0x00007ff8af260000 - 0x00007ff8af582000 	C:\WINDOWS\System32\combase.dll
0x00007ff8ad610000 - 0x00007ff8ad68a000 	C:\WINDOWS\System32\bcryptPrimitives.dll
0x00007ff8aea40000 - 0x00007ff8aea6d000 	C:\WINDOWS\System32\IMM32.DLL
0x0000000052d70000 - 0x0000000052e42000 	C:\Program Files (x86)\Android\Android Studio\jre\jre\bin\msvcr100.dll
0x0000000052f30000 - 0x0000000053771000 	C:\Program Files (x86)\Android\Android Studio\jre\jre\bin\server\jvm.dll
0x00007ff8ae780000 - 0x00007ff8ae788000 	C:\WINDOWS\System32\PSAPI.DLL
0x00007ff89dc00000 - 0x00007ff89dc09000 	C:\WINDOWS\SYSTEM32\WSOCK32.dll
0x00007ff8ae920000 - 0x00007ff8ae98c000 	C:\WINDOWS\System32\WS2_32.dll
0x00007ff8a63a0000 - 0x00007ff8a63c3000 	C:\WINDOWS\SYSTEM32\WINMM.dll
0x00007ff8a1a30000 - 0x00007ff8a1a3a000 	C:\WINDOWS\SYSTEM32\VERSION.dll
0x00007ff8a6370000 - 0x00007ff8a639a000 	C:\WINDOWS\SYSTEM32\WINMMBASE.dll
0x00007ff8ae1f0000 - 0x00007ff8ae239000 	C:\WINDOWS\System32\cfgmgr32.dll
0x00007ff8a19e0000 - 0x00007ff8a19ef000 	C:\Program Files (x86)\Android\Android Studio\jre\jre\bin\verify.dll
0x00007ff8a1840000 - 0x00007ff8a1869000 	C:\Program Files (x86)\Android\Android Studio\jre\jre\bin\java.dll
0x00007ff8a19c0000 - 0x00007ff8a19d6000 	C:\Program Files (x86)\Android\Android Studio\jre\jre\bin\zip.dll
0x00007ff8afb60000 - 0x00007ff8b0fa0000 	C:\WINDOWS\System32\SHELL32.dll
0x00007ff8ae990000 - 0x00007ff8aea39000 	C:\WINDOWS\System32\shcore.dll
0x00007ff8ad740000 - 0x00007ff8ade4d000 	C:\WINDOWS\System32\windows.storage.dll
0x00007ff8afa50000 - 0x00007ff8afaa1000 	C:\WINDOWS\System32\shlwapi.dll
0x00007ff8ad550000 - 0x00007ff8ad561000 	C:\WINDOWS\System32\kernel.appcore.dll
0x00007ff8ad500000 - 0x00007ff8ad51f000 	C:\WINDOWS\System32\profapi.dll
0x00007ff8ad4b0000 - 0x00007ff8ad4fc000 	C:\WINDOWS\System32\powrprof.dll
0x00007ff8ad520000 - 0x00007ff8ad52a000 	C:\WINDOWS\System32\FLTLIB.DLL
0x00007ff8a1820000 - 0x00007ff8a183a000 	C:\Program Files (x86)\Android\Android Studio\jre\jre\bin\net.dll
0x00007ff8accd0000 - 0x00007ff8acd36000 	C:\WINDOWS\system32\mswsock.dll
0x00007ff8a16a0000 - 0x00007ff8a16b1000 	C:\Program Files (x86)\Android\Android Studio\jre\jre\bin\nio.dll
0x00007ff8a1660000 - 0x00007ff8a167e000 	C:\Users\HP\.gradle\native\25\windows-amd64\native-platform.dll
0x00007ff8a1720000 - 0x00007ff8a172d000 	C:\Program Files (x86)\Android\Android Studio\jre\jre\bin\management.dll
0x00007ff8ace80000 - 0x00007ff8ace97000 	C:\WINDOWS\SYSTEM32\CRYPTSP.dll
0x00007ff8ac8b0000 - 0x00007ff8ac8e3000 	C:\WINDOWS\system32\rsaenh.dll
0x00007ff8ad010000 - 0x00007ff8ad035000 	C:\WINDOWS\SYSTEM32\bcrypt.dll
0x00007ff8ad3b0000 - 0x00007ff8ad3d8000 	C:\WINDOWS\SYSTEM32\USERENV.dll
0x00007ff8acea0000 - 0x00007ff8aceab000 	C:\WINDOWS\SYSTEM32\CRYPTBASE.dll
0x00007ff8aca50000 - 0x00007ff8aca88000 	C:\WINDOWS\SYSTEM32\IPHLPAPI.DLL
0x00007ff8ae790000 - 0x00007ff8ae798000 	C:\WINDOWS\System32\NSI.dll
0x00007ff8a5b40000 - 0x00007ff8a5b56000 	C:\WINDOWS\SYSTEM32\dhcpcsvc6.DLL
0x00007ff8a5db0000 - 0x00007ff8a5dca000 	C:\WINDOWS\SYSTEM32\dhcpcsvc.DLL

VM Arguments:
jvm_args: -Xmx1536m -Dfile.encoding=windows-1252 -Duser.country=US -Duser.language=en -Duser.variant 
java_command: org.gradle.launcher.daemon.bootstrap.GradleDaemon 4.10.1
java_class_path (initial): C:\Users\HP\.gradle\wrapper\dists\gradle-4.10.1-all\455itskqi2qtf0v2sja68alqd\gradle-4.10.1\lib\gradle-launcher-4.10.1.jar
Launcher Type: SUN_STANDARD

Environment Variables:
PATH=C:\Program Files (x86)\Common Files\Oracle\Java\javapath;C:\Program Files (x86)\Common Files\ArcSoft\Bin;C:\Program Files (x86)\Intel\iCLS Client\;C:\Program Files\Intel\iCLS Client\;C:\WINDOWS\system32;C:\WINDOWS;C:\WINDOWS\System32\Wbem;C:\WINDOWS\System32\WindowsPowerShell\v1.0\;C:\Program Files (x86)\Intel\Intel(R) Management Engine Components\DAL;C:\Program Files\Intel\Intel(R) Management Engine Components\DAL;C:\Program Files (x86)\Intel\Intel(R) Management Engine Components\IPT;C:\Program Files\Intel\Intel(R) Management Engine Components\IPT;c:\Program Files\Intel\WiFi\bin\;c:\Program Files\Common Files\Intel\WirelessCommon\;C:\Program Files (x86)\GtkSharp\2.12\bin;C:\WINDOWS\System32\OpenSSH\;C:\Users\HP\AppData\Local\Android\Sdk;C:\Program Files (x86)\Java\jdk1.6.0_18\bin;%USERPROFILE%\AppData\Local\Microsoft\WindowsApps;
USERNAME=HP
OS=Windows_NT
PROCESSOR_IDENTIFIER=Intel64 Family 6 Model 61 Stepping 4, GenuineIntel



---------------  S Y S T E M  ---------------

OS: Windows 10.0 , 64 bit Build 17134 (10.0.17134.1)

CPU:total 4 (initial active 4) (2 cores per cpu, 2 threads per core) family 6 model 61 stepping 4, cmov, cx8, fxsr, mmx, sse, sse2, sse3, ssse3, sse4.1, sse4.2, popcnt, avx, avx2, aes, clmul, erms, 3dnowpref, lzcnt, ht, tsc, tscinvbit, bmi1, bmi2, adx

Memory: 4k page, physical 4082796k(413520k free), swap 4082796k(5644k free)

vm_info: OpenJDK 64-Bit Server VM (25.152-b01) for windows-amd64 JRE (1.8.0_152-release-1248-b01), built by "builder" with MS VC++ 10.0 (VS2010)

time: Wed Jan 23 14:42:54 2019
elapsed time: 1871 seconds (0d 0h 31m 11s)

