#
# There is insufficient memory for the Java Runtime Environment to continue.
# Native memory allocation (malloc) failed to allocate 32744 bytes for ChunkPool::allocate
# Possible reasons:
#   The system is out of physical RAM or swap space
#   In 32 bit mode, the process size limit was hit
# Possible solutions:
#   Reduce memory load on the system
#   Increase physical memory or swap space
#   Check if swap backing store is full
#   Use 64 bit Java on a 64 bit OS
#   Decrease Java heap size (-Xmx/-Xms)
#   Decrease number of Java threads
#   Decrease Java thread stack sizes (-Xss)
#   Set larger code cache with -XX:ReservedCodeCacheSize=
# This output file may be truncated or incomplete.
#
#  Out of Memory Error (allocation.cpp:273), pid=2352, tid=0x0000000000002604
#
# JRE version: OpenJDK Runtime Environment (8.0_152-b01) (build 1.8.0_152-release-1248-b01)
# Java VM: OpenJDK 64-Bit Server VM (25.152-b01 mixed mode windows-amd64 compressed oops)
# Failed to write core dump. Minidumps are not enabled by default on client versions of Windows
#

---------------  T H R E A D  ---------------

Current thread (0x00000000161f6000):  VMThread [stack: 0x00000000172b0000,0x00000000173b0000] [id=9732]

Stack: [0x00000000172b0000,0x00000000173b0000]
[error occurred during error reporting (printing stack bounds), id 0xc0000005]

Native frames: (J=compiled Java code, j=interpreted, Vv=VM code, C=native code)

VM_Operation (0x0000000029efb5f0): RevokeBias, mode: safepoint, requested by thread 0x000000001dbf8800


---------------  P R O C E S S  ---------------

Java Threads: ( => current thread )
  0x000000001dbf5800 JavaThread "Cache worker for Build Output Cleanup Cache (H:\AndroidStudioProjects\LogInPage\.gradle\buildOutputCleanup)" [_thread_blocked, id=4564, stack(0x000000002a000000,0x000000002a100000)]
  0x000000001dbfc000 JavaThread "Cache worker for task history cache (H:\AndroidStudioProjects\LogInPage\.gradle\4.10.1\taskHistory)" [_thread_blocked, id=9420, stack(0x0000000029f00000,0x000000002a000000)]
  0x000000001dbf8800 JavaThread "Task worker for ':' Thread 3" [_thread_blocked, id=10780, stack(0x0000000029e00000,0x0000000029f00000)]
  0x000000001dbf7800 JavaThread "Task worker for ':' Thread 2" [_thread_blocked, id=10784, stack(0x0000000029d00000,0x0000000029e00000)]
  0x000000001dbf4800 JavaThread "Task worker for ':'" [_thread_blocked, id=3848, stack(0x0000000029c00000,0x0000000029d00000)]
  0x00000000284ef000 JavaThread "Cache worker for file content cache (H:\AndroidStudioProjects\LogInPage\.gradle\4.10.1\fileContent)" [_thread_blocked, id=4480, stack(0x0000000029b00000,0x0000000029c00000)]
  0x00000000284ed800 JavaThread "Build operations Thread 4" [_thread_blocked, id=11184, stack(0x0000000029a00000,0x0000000029b00000)]
  0x00000000284e8800 JavaThread "Build operations Thread 3" [_thread_blocked, id=11156, stack(0x0000000029900000,0x0000000029a00000)]
  0x00000000284ec000 JavaThread "Build operations Thread 2" [_thread_blocked, id=11004, stack(0x0000000029800000,0x0000000029900000)]
  0x00000000284ee800 JavaThread "Build operations" [_thread_blocked, id=11188, stack(0x0000000029700000,0x0000000029800000)]
  0x00000000284e7800 JavaThread "Cache worker for cache directory md-rule (C:\Users\HP\.gradle\caches\4.10.1\md-rule)" [_thread_blocked, id=11116, stack(0x0000000029600000,0x0000000029700000)]
  0x00000000284ea800 JavaThread "Cache worker for cache directory md-supplier (C:\Users\HP\.gradle\caches\4.10.1\md-supplier)" [_thread_blocked, id=10432, stack(0x0000000029500000,0x0000000029600000)]
  0x00000000284e9000 JavaThread "Cache worker for file hash cache (H:\AndroidStudioProjects\LogInPage\.gradle\4.10.1\fileHashes)" [_thread_blocked, id=10440, stack(0x0000000029400000,0x0000000029500000)]
  0x00000000284e0000 JavaThread "Stdin handler" [_thread_blocked, id=11224, stack(0x0000000029300000,0x0000000029400000)]
  0x00000000284e6000 JavaThread "Asynchronous log dispatcher for DefaultDaemonConnection: socket connection from /127.0.0.1:1922 to /127.0.0.1:1969" [_thread_blocked, id=10324, stack(0x0000000028150000,0x0000000028250000)]
  0x00000000284e5800 JavaThread "Daemon worker Thread 2" [_thread_blocked, id=5768, stack(0x0000000028050000,0x0000000028150000)]
  0x00000000284e2800 JavaThread "Cancel handler" [_thread_blocked, id=9432, stack(0x0000000026f70000,0x0000000027070000)]
  0x00000000284e4800 JavaThread "Handler for socket connection from /127.0.0.1:1922 to /127.0.0.1:1969" [_thread_in_native, id=10560, stack(0x0000000026e70000,0x0000000026f70000)]
  0x00000000284e4000 JavaThread "Daemon Thread 2" [_thread_blocked, id=10236, stack(0x0000000026d70000,0x0000000026e70000)]
  0x00000000284e7000 JavaThread "pool-1-thread-1" [_thread_blocked, id=8428, stack(0x0000000026c70000,0x0000000026d70000)]
  0x000000001c995800 JavaThread "Cache worker for Java compile cache (C:\Users\HP\.gradle\caches\4.10.1\javaCompile)" [_thread_blocked, id=9676, stack(0x0000000023860000,0x0000000023960000)]
  0x000000001dbfd800 JavaThread "Cache worker for file content cache (C:\Users\HP\.gradle\caches\4.10.1\fileContent)" [_thread_blocked, id=9080, stack(0x0000000022f60000,0x0000000023060000)]
  0x000000001dbf7000 JavaThread "Memory manager" [_thread_blocked, id=9476, stack(0x0000000022e60000,0x0000000022f60000)]
  0x000000001883f800 JavaThread "Cache worker for Artifact transforms cache (C:\Users\HP\.gradle\caches\transforms-1)" [_thread_blocked, id=4180, stack(0x000000001fec0000,0x000000001ffc0000)]
  0x0000000018840800 JavaThread "Cache worker for journal cache (C:\Users\HP\.gradle\caches\journal-1)" [_thread_blocked, id=5828, stack(0x000000001d140000,0x000000001d240000)]
  0x00000000193d6800 JavaThread "File lock request listener" [_thread_in_native, id=10536, stack(0x000000001bcc0000,0x000000001bdc0000)]
  0x0000000019863800 JavaThread "Cache worker for file hash cache (C:\Users\HP\.gradle\caches\4.10.1\fileHashes)" [_thread_blocked, id=10800, stack(0x000000001bbc0000,0x000000001bcc0000)]
  0x000000001915f000 JavaThread "Daemon periodic checks" [_thread_blocked, id=4828, stack(0x000000001a0f0000,0x000000001a1f0000)]
  0x000000001915b000 JavaThread "Incoming local TCP Connector on port 1922" [_thread_in_native, id=4868, stack(0x0000000019eb0000,0x0000000019fb0000)]
  0x000000001628d800 JavaThread "Service Thread" daemon [_thread_blocked, id=10912, stack(0x0000000017fa0000,0x00000000180a0000)]
  0x000000001623d800 JavaThread "C1 CompilerThread2" daemon [_thread_blocked, id=4492, stack(0x0000000017aa0000,0x0000000017ba0000)]
  0x0000000016231800 JavaThread "C2 CompilerThread1" daemon [_thread_in_native, id=7084, stack(0x00000000179a0000,0x0000000017aa0000)]
  0x000000001622c800 JavaThread "C2 CompilerThread0" daemon [_thread_in_native, id=9740, stack(0x00000000178a0000,0x00000000179a0000)]
  0x000000001623a800 JavaThread "Attach Listener" daemon [_thread_blocked, id=3852, stack(0x00000000177a0000,0x00000000178a0000)]
  0x0000000016239800 JavaThread "Signal Dispatcher" daemon [_thread_blocked, id=10512, stack(0x00000000176a0000,0x00000000177a0000)]
  0x000000001621a000 JavaThread "Finalizer" daemon [_thread_blocked, id=5328, stack(0x00000000174b0000,0x00000000175b0000)]
  0x00000000028b5000 JavaThread "Reference Handler" daemon [_thread_blocked, id=9336, stack(0x00000000173b0000,0x00000000174b0000)]
  0x00000000027be000 JavaThread "main" [_thread_blocked, id=10916, stack(0x0000000002680000,0x0000000002780000)]

Other Threads:
=>0x00000000161f6000 VMThread [stack: 0x00000000172b0000,0x00000000173b0000] [id=9732]
  0x0000000017bd4000 WatcherThread [stack: 0x00000000180a0000,0x00000000181a0000] [id=10964]

VM state:at safepoint (normal execution)

VM Mutex/Monitor currently owned by a thread:  ([mutex/lock_event])
[0x00000000027bcd50] Threads_lock - owner thread: 0x00000000161f6000

Heap:
 PSYoungGen      total 183808K, used 77222K [0x00000000e0000000, 0x00000000edf00000, 0x0000000100000000)
  eden space 146432K, 40% used [0x00000000e0000000,0x00000000e3a7dfb8,0x00000000e8f00000)
  from space 37376K, 46% used [0x00000000eba80000,0x00000000ecb6b878,0x00000000edf00000)
  to   space 40960K, 0% used [0x00000000e8f00000,0x00000000e8f00000,0x00000000eb700000)
 ParOldGen       total 189440K, used 108170K [0x00000000a0000000, 0x00000000ab900000, 0x00000000e0000000)
  object space 189440K, 57% used [0x00000000a0000000,0x00000000a69a2910,0x00000000ab900000)
 Metaspace       used 81070K, capacity 84042K, committed 84144K, reserved 1122304K
  class space    used 10755K, capacity 11419K, committed 11440K, reserved 1048576K

Card table byte_map: [0x0000000011c80000,0x0000000011f90000] byte_map_base: 0x0000000011780000

Marking Bits: (ParMarkBitMap*) 0x0000000073485aa0
 Begin Bits: [0x0000000012590000, 0x0000000013d90000)
 End Bits:   [0x0000000013d90000, 0x0000000015590000)

Polling page: 0x0000000000c60000

CodeCache: size=245760Kb used=31362Kb max_used=31434Kb free=214397Kb
 bounds [0x00000000028c0000, 0x00000000047a0000, 0x00000000118c0000]
 total_blobs=11057 nmethods=10203 adapters=766
 compilation: enabled

Compilation events (10 events):
Event: 181.739 Thread 0x000000001623d800 12337       3       java.net.URI::access$2800 (4 bytes)
Event: 181.739 Thread 0x000000001623d800 nmethod 12337 0x0000000003c9c2d0 code [0x0000000003c9c420, 0x0000000003c9c550]
Event: 181.739 Thread 0x000000001623d800 12338       3       java.net.URI::access$2900 (4 bytes)
Event: 181.739 Thread 0x000000001623d800 nmethod 12338 0x0000000003c9bfd0 code [0x0000000003c9c120, 0x0000000003c9c250]
Event: 181.740 Thread 0x000000001623d800 12339       3       org.codehaus.groovy.runtime.callsite.StaticMetaMethodSite::checkCall (47 bytes)
Event: 181.741 Thread 0x000000001623d800 nmethod 12339 0x0000000003c9aed0 code [0x0000000003c9b0a0, 0x0000000003c9bbd8]
Event: 181.741 Thread 0x000000001623d800 12340       1       org.gradle.internal.metaobject.BeanDynamicObject::access$1100 (5 bytes)
Event: 181.741 Thread 0x000000001623d800 nmethod 12340 0x0000000003c9ac10 code [0x0000000003c9ad60, 0x0000000003c9ae50]
Event: 181.741 Thread 0x000000001623d800 12341       3       org.gradle.internal.component.external.model.ImmutableCapability::<init> (70 bytes)
Event: 181.742 Thread 0x000000001623d800 nmethod 12341 0x0000000003c99710 code [0x0000000003c99920, 0x0000000003c9a6c8]

GC Heap History (10 events):
Event: 56.314 GC heap before
{Heap before GC invocations=24 (full 3):
 PSYoungGen      total 134656K, used 134653K [0x00000000e0000000, 0x00000000e9900000, 0x0000000100000000)
  eden space 122880K, 100% used [0x00000000e0000000,0x00000000e7800000,0x00000000e7800000)
  from space 11776K, 99% used [0x00000000e8780000,0x00000000e92ff6b0,0x00000000e9300000)
  to   space 15872K, 0% used [0x00000000e7800000,0x00000000e7800000,0x00000000e8780000)
 ParOldGen       total 85504K, used 41028K [0x00000000a0000000, 0x00000000a5380000, 0x00000000e0000000)
  object space 85504K, 47% used [0x00000000a0000000,0x00000000a2811018,0x00000000a5380000)
 Metaspace       used 73005K, capacity 75518K, committed 75824K, reserved 1114112K
  class space    used 9829K, capacity 10431K, committed 10544K, reserved 1048576K
Event: 56.373 GC heap after
Heap after GC invocations=24 (full 3):
 PSYoungGen      total 138752K, used 15856K [0x00000000e0000000, 0x00000000ec180000, 0x0000000100000000)
  eden space 122880K, 0% used [0x00000000e0000000,0x00000000e0000000,0x00000000e7800000)
  from space 15872K, 99% used [0x00000000e7800000,0x00000000e877c0a8,0x00000000e8780000)
  to   space 27136K, 0% used [0x00000000ea700000,0x00000000ea700000,0x00000000ec180000)
 ParOldGen       total 85504K, used 64465K [0x00000000a0000000, 0x00000000a5380000, 0x00000000e0000000)
  object space 85504K, 75% used [0x00000000a0000000,0x00000000a3ef4710,0x00000000a5380000)
 Metaspace       used 73005K, capacity 75518K, committed 75824K, reserved 1114112K
  class space    used 9829K, capacity 10431K, committed 10544K, reserved 1048576K
}
Event: 59.781 GC heap before
{Heap before GC invocations=25 (full 3):
 PSYoungGen      total 138752K, used 138736K [0x00000000e0000000, 0x00000000ec180000, 0x0000000100000000)
  eden space 122880K, 100% used [0x00000000e0000000,0x00000000e7800000,0x00000000e7800000)
  from space 15872K, 99% used [0x00000000e7800000,0x00000000e877c0a8,0x00000000e8780000)
  to   space 27136K, 0% used [0x00000000ea700000,0x00000000ea700000,0x00000000ec180000)
 ParOldGen       total 85504K, used 64465K [0x00000000a0000000, 0x00000000a5380000, 0x00000000e0000000)
  object space 85504K, 75% used [0x00000000a0000000,0x00000000a3ef4710,0x00000000a5380000)
 Metaspace       used 74336K, capacity 76976K, committed 77232K, reserved 1116160K
  class space    used 10002K, capacity 10628K, committed 10672K, reserved 1048576K
Event: 59.975 GC heap after
Heap after GC invocations=25 (full 3):
 PSYoungGen      total 153088K, used 27122K [0x00000000e0000000, 0x00000000ee980000, 0x0000000100000000)
  eden space 125952K, 0% used [0x00000000e0000000,0x00000000e0000000,0x00000000e7b00000)
  from space 27136K, 99% used [0x00000000ea700000,0x00000000ec17cbc8,0x00000000ec180000)
  to   space 45056K, 0% used [0x00000000e7b00000,0x00000000e7b00000,0x00000000ea700000)
 ParOldGen       total 101888K, used 101660K [0x00000000a0000000, 0x00000000a6380000, 0x00000000e0000000)
  object space 101888K, 99% used [0x00000000a0000000,0x00000000a6347090,0x00000000a6380000)
 Metaspace       used 74336K, capacity 76976K, committed 77232K, reserved 1116160K
  class space    used 10002K, capacity 10628K, committed 10672K, reserved 1048576K
}
Event: 59.975 GC heap before
{Heap before GC invocations=26 (full 4):
 PSYoungGen      total 153088K, used 27122K [0x00000000e0000000, 0x00000000ee980000, 0x0000000100000000)
  eden space 125952K, 0% used [0x00000000e0000000,0x00000000e0000000,0x00000000e7b00000)
  from space 27136K, 99% used [0x00000000ea700000,0x00000000ec17cbc8,0x00000000ec180000)
  to   space 45056K, 0% used [0x00000000e7b00000,0x00000000e7b00000,0x00000000ea700000)
 ParOldGen       total 101888K, used 101660K [0x00000000a0000000, 0x00000000a6380000, 0x00000000e0000000)
  object space 101888K, 99% used [0x00000000a0000000,0x00000000a6347090,0x00000000a6380000)
 Metaspace       used 74336K, capacity 76976K, committed 77232K, reserved 1116160K
  class space    used 10002K, capacity 10628K, committed 10672K, reserved 1048576K
Event: 61.714 GC heap after
Heap after GC invocations=26 (full 4):
 PSYoungGen      total 153088K, used 6633K [0x00000000e0000000, 0x00000000ee980000, 0x0000000100000000)
  eden space 125952K, 0% used [0x00000000e0000000,0x00000000e0000000,0x00000000e7b00000)
  from space 27136K, 24% used [0x00000000ea700000,0x00000000ead7a610,0x00000000ec180000)
  to   space 45056K, 0% used [0x00000000e7b00000,0x00000000e7b00000,0x00000000ea700000)
 ParOldGen       total 189440K, used 101474K [0x00000000a0000000, 0x00000000ab900000, 0x00000000e0000000)
  object space 189440K, 53% used [0x00000000a0000000,0x00000000a6318b28,0x00000000ab900000)
 Metaspace       used 74289K, capacity 76848K, committed 77232K, reserved 1116160K
  class space    used 9985K, capacity 10598K, committed 10672K, reserved 1048576K
}
Event: 65.985 GC heap before
{Heap before GC invocations=27 (full 4):
 PSYoungGen      total 153088K, used 132524K [0x00000000e0000000, 0x00000000ee980000, 0x0000000100000000)
  eden space 125952K, 99% used [0x00000000e0000000,0x00000000e7af0da0,0x00000000e7b00000)
  from space 27136K, 24% used [0x00000000ea700000,0x00000000ead7a610,0x00000000ec180000)
  to   space 45056K, 0% used [0x00000000e7b00000,0x00000000e7b00000,0x00000000ea700000)
 ParOldGen       total 189440K, used 101474K [0x00000000a0000000, 0x00000000ab900000, 0x00000000e0000000)
  object space 189440K, 53% used [0x00000000a0000000,0x00000000a6318b28,0x00000000ab900000)
 Metaspace       used 75975K, capacity 78582K, committed 78896K, reserved 1118208K
  class space    used 10182K, capacity 10793K, committed 10800K, reserved 1048576K
Event: 66.053 GC heap after
Heap after GC invocations=27 (full 4):
 PSYoungGen      total 171008K, used 11924K [0x00000000e0000000, 0x00000000ee480000, 0x0000000100000000)
  eden space 125952K, 0% used [0x00000000e0000000,0x00000000e0000000,0x00000000e7b00000)
  from space 45056K, 26% used [0x00000000e7b00000,0x00000000e86a53e0,0x00000000ea700000)
  to   space 43008K, 0% used [0x00000000eba80000,0x00000000eba80000,0x00000000ee480000)
 ParOldGen       total 189440K, used 108162K [0x00000000a0000000, 0x00000000ab900000, 0x00000000e0000000)
  object space 189440K, 57% used [0x00000000a0000000,0x00000000a69a0910,0x00000000ab900000)
 Metaspace       used 75975K, capacity 78582K, committed 78896K, reserved 1118208K
  class space    used 10182K, capacity 10793K, committed 10800K, reserved 1048576K
}
Event: 67.903 GC heap before
{Heap before GC invocations=28 (full 4):
 PSYoungGen      total 171008K, used 137876K [0x00000000e0000000, 0x00000000ee480000, 0x0000000100000000)
  eden space 125952K, 100% used [0x00000000e0000000,0x00000000e7b00000,0x00000000e7b00000)
  from space 45056K, 26% used [0x00000000e7b00000,0x00000000e86a53e0,0x00000000ea700000)
  to   space 43008K, 0% used [0x00000000eba80000,0x00000000eba80000,0x00000000ee480000)
 ParOldGen       total 189440K, used 108162K [0x00000000a0000000, 0x00000000ab900000, 0x00000000e0000000)
  object space 189440K, 57% used [0x00000000a0000000,0x00000000a69a0910,0x00000000ab900000)
 Metaspace       used 77445K, capacity 80108K, committed 80304K, reserved 1118208K
  class space    used 10438K, capacity 11082K, committed 11184K, reserved 1048576K
Event: 67.925 GC heap after
Heap after GC invocations=28 (full 4):
 PSYoungGen      total 183808K, used 17326K [0x00000000e0000000, 0x00000000edf00000, 0x0000000100000000)
  eden space 146432K, 0% used [0x00000000e0000000,0x00000000e0000000,0x00000000e8f00000)
  from space 37376K, 46% used [0x00000000eba80000,0x00000000ecb6b878,0x00000000edf00000)
  to   space 40960K, 0% used [0x00000000e8f00000,0x00000000e8f00000,0x00000000eb700000)
 ParOldGen       total 189440K, used 108170K [0x00000000a0000000, 0x00000000ab900000, 0x00000000e0000000)
  object space 189440K, 57% used [0x00000000a0000000,0x00000000a69a2910,0x00000000ab900000)
 Metaspace       used 77445K, capacity 80108K, committed 80304K, reserved 1118208K
  class space    used 10438K, capacity 11082K, committed 11184K, reserved 1048576K
}

Deoptimization events (10 events):
Event: 180.513 Thread 0x00000000284e5800 Uncommon trap: reason=array_check action=maybe_recompile pc=0x0000000003d49a5c method=com.google.common.collect.ImmutableSet.construct(I[Ljava/lang/Object;)Lcom/google/common/collect/ImmutableSet; @ 122
Event: 180.514 Thread 0x00000000284e5800 Uncommon trap: reason=array_check action=maybe_recompile pc=0x0000000003d49a5c method=com.google.common.collect.ImmutableSet.construct(I[Ljava/lang/Object;)Lcom/google/common/collect/ImmutableSet; @ 122
Event: 180.514 Thread 0x00000000284e5800 Uncommon trap: reason=array_check action=maybe_recompile pc=0x0000000003d49a5c method=com.google.common.collect.ImmutableSet.construct(I[Ljava/lang/Object;)Lcom/google/common/collect/ImmutableSet; @ 122
Event: 180.514 Thread 0x00000000284e5800 Uncommon trap: reason=array_check action=maybe_recompile pc=0x0000000003d49a5c method=com.google.common.collect.ImmutableSet.construct(I[Ljava/lang/Object;)Lcom/google/common/collect/ImmutableSet; @ 122
Event: 180.524 Thread 0x00000000284e5800 Uncommon trap: reason=bimorphic action=maybe_recompile pc=0x0000000002f12c1c method=org.gradle.internal.operations.DefaultBuildOperationListenerManager$ProgressShieldingBuildOperationListener.finished(Lorg/gradle/internal/operations/BuildOperationDescript
Event: 180.530 Thread 0x00000000284e5800 Uncommon trap: reason=bimorphic action=maybe_recompile pc=0x0000000002f12c1c method=org.gradle.internal.operations.DefaultBuildOperationListenerManager$ProgressShieldingBuildOperationListener.finished(Lorg/gradle/internal/operations/BuildOperationDescript
Event: 180.531 Thread 0x00000000284e5800 Uncommon trap: reason=bimorphic action=maybe_recompile pc=0x0000000002f12c1c method=org.gradle.internal.operations.DefaultBuildOperationListenerManager$ProgressShieldingBuildOperationListener.finished(Lorg/gradle/internal/operations/BuildOperationDescript
Event: 180.532 Thread 0x00000000284e5800 Uncommon trap: reason=bimorphic action=maybe_recompile pc=0x0000000002f12c1c method=org.gradle.internal.operations.DefaultBuildOperationListenerManager$ProgressShieldingBuildOperationListener.finished(Lorg/gradle/internal/operations/BuildOperationDescript
Event: 180.570 Thread 0x00000000284e5800 Uncommon trap: reason=unstable_if action=reinterpret pc=0x0000000003afd470 method=com.google.common.collect.MapMakerInternalMap$Segment.getEntry(Ljava/lang/Object;I)Lcom/google/common/collect/MapMakerInternalMap$ReferenceEntry; @ 4
Event: 180.752 Thread 0x00000000284e5800 Uncommon trap: reason=unstable_if action=reinterpret pc=0x0000000003bb8cec method=java.util.concurrent.ConcurrentHashMap.get(Ljava/lang/Object;)Ljava/lang/Object; @ 76

Classes redefined (0 events):
No events

Internal exceptions (10 events):
Event: 181.129 Thread 0x00000000284e5800 Exception <a 'sun/nio/fs/WindowsException'> (0x00000000e3061c38) thrown at [D:\src\AOSP-openjdk-cygwin\jdk8u\hotspot\src\share\vm\prims\jni.cpp, line 709]
Event: 181.129 Thread 0x00000000284e5800 Exception <a 'sun/nio/fs/WindowsException'> (0x00000000e3062988) thrown at [D:\src\AOSP-openjdk-cygwin\jdk8u\hotspot\src\share\vm\prims\jni.cpp, line 709]
Event: 181.130 Thread 0x00000000284e5800 Exception <a 'sun/nio/fs/WindowsException'> (0x00000000e30659b8) thrown at [D:\src\AOSP-openjdk-cygwin\jdk8u\hotspot\src\share\vm\prims\jni.cpp, line 709]
Event: 181.130 Thread 0x00000000284e5800 Exception <a 'sun/nio/fs/WindowsException'> (0x00000000e3066738) thrown at [D:\src\AOSP-openjdk-cygwin\jdk8u\hotspot\src\share\vm\prims\jni.cpp, line 709]
Event: 181.130 Thread 0x00000000284e5800 Exception <a 'sun/nio/fs/WindowsException'> (0x00000000e30688b8) thrown at [D:\src\AOSP-openjdk-cygwin\jdk8u\hotspot\src\share\vm\prims\jni.cpp, line 709]
Event: 181.130 Thread 0x00000000284e5800 Exception <a 'sun/nio/fs/WindowsException'> (0x00000000e3069678) thrown at [D:\src\AOSP-openjdk-cygwin\jdk8u\hotspot\src\share\vm\prims\jni.cpp, line 709]
Event: 181.132 Thread 0x00000000284e5800 Exception <a 'sun/nio/fs/WindowsException'> (0x00000000e306cb18) thrown at [D:\src\AOSP-openjdk-cygwin\jdk8u\hotspot\src\share\vm\prims\jni.cpp, line 709]
Event: 181.132 Thread 0x00000000284e5800 Exception <a 'sun/nio/fs/WindowsException'> (0x00000000e306d818) thrown at [D:\src\AOSP-openjdk-cygwin\jdk8u\hotspot\src\share\vm\prims\jni.cpp, line 709]
Event: 181.132 Thread 0x00000000284e5800 Exception <a 'sun/nio/fs/WindowsException'> (0x00000000e306f920) thrown at [D:\src\AOSP-openjdk-cygwin\jdk8u\hotspot\src\share\vm\prims\jni.cpp, line 709]
Event: 181.132 Thread 0x00000000284e5800 Exception <a 'sun/nio/fs/WindowsException'> (0x00000000e3070660) thrown at [D:\src\AOSP-openjdk-cygwin\jdk8u\hotspot\src\share\vm\prims\jni.cpp, line 709]

Events (10 events):
Event: 181.720 Executing VM operation: RevokeBias done
Event: 181.723 Executing VM operation: RevokeBias
Event: 181.723 Executing VM operation: RevokeBias done
Event: 181.723 Executing VM operation: RevokeBias
Event: 181.724 Executing VM operation: RevokeBias done
Event: 181.724 Executing VM operation: RevokeBias
Event: 181.724 Executing VM operation: RevokeBias done
Event: 181.735 Executing VM operation: RevokeBias
Event: 181.736 Executing VM operation: RevokeBias done
Event: 181.764 Executing VM operation: RevokeBias


Dynamic libraries:
0x00007ff6cf8b0000 - 0x00007ff6cf8e1000 	C:\Program Files (x86)\Android\Android Studio\jre\bin\java.exe
0x00007ffcb4b30000 - 0x00007ffcb4d11000 	C:\WINDOWS\SYSTEM32\ntdll.dll
0x00007ffcaba60000 - 0x00007ffcaba72000 	C:\Program Files\AVAST Software\Avast\aswhook.dll
0x00007ffcb2470000 - 0x00007ffcb2522000 	C:\WINDOWS\System32\KERNEL32.DLL
0x00007ffcb1ac0000 - 0x00007ffcb1d33000 	C:\WINDOWS\System32\KERNELBASE.dll
0x00007ffcb45b0000 - 0x00007ffcb4651000 	C:\WINDOWS\System32\ADVAPI32.dll
0x00007ffcb3d20000 - 0x00007ffcb3dbe000 	C:\WINDOWS\System32\msvcrt.dll
0x00007ffcb2410000 - 0x00007ffcb246b000 	C:\WINDOWS\System32\sechost.dll
0x00007ffcb4990000 - 0x00007ffcb4ab4000 	C:\WINDOWS\System32\RPCRT4.dll
0x00007ffcb2530000 - 0x00007ffcb26c0000 	C:\WINDOWS\System32\USER32.dll
0x00007ffcb1aa0000 - 0x00007ffcb1ac0000 	C:\WINDOWS\System32\win32u.dll
0x00007ffcb4520000 - 0x00007ffcb4548000 	C:\WINDOWS\System32\GDI32.dll
0x00007ffcb1660000 - 0x00007ffcb17f2000 	C:\WINDOWS\System32\gdi32full.dll
0x00007ffcb1ea0000 - 0x00007ffcb1f3f000 	C:\WINDOWS\System32\msvcp_win.dll
0x00007ffcb1da0000 - 0x00007ffcb1e9a000 	C:\WINDOWS\System32\ucrtbase.dll
0x00007ffca1fd0000 - 0x00007ffca2239000 	C:\WINDOWS\WinSxS\amd64_microsoft.windows.common-controls_6595b64144ccf1df_6.0.17134.523_none_fb409dd930672a56\COMCTL32.dll
0x00007ffcb4660000 - 0x00007ffcb4982000 	C:\WINDOWS\System32\combase.dll
0x00007ffcb1f40000 - 0x00007ffcb1fba000 	C:\WINDOWS\System32\bcryptPrimitives.dll
0x00007ffcb4ad0000 - 0x00007ffcb4afd000 	C:\WINDOWS\System32\IMM32.DLL
0x0000000072b00000 - 0x0000000072bd2000 	C:\Program Files (x86)\Android\Android Studio\jre\jre\bin\msvcr100.dll
0x0000000072cc0000 - 0x0000000073501000 	C:\Program Files (x86)\Android\Android Studio\jre\jre\bin\server\jvm.dll
0x00007ffcb2400000 - 0x00007ffcb2408000 	C:\WINDOWS\System32\PSAPI.DLL
0x00007ffc8d380000 - 0x00007ffc8d389000 	C:\WINDOWS\SYSTEM32\WSOCK32.dll
0x00007ffcb4210000 - 0x00007ffcb427c000 	C:\WINDOWS\System32\WS2_32.dll
0x00007ffcaa120000 - 0x00007ffcaa143000 	C:\WINDOWS\SYSTEM32\WINMM.dll
0x00007ffca57f0000 - 0x00007ffca57fa000 	C:\WINDOWS\SYSTEM32\VERSION.dll
0x00007ffcaa0f0000 - 0x00007ffcaa11a000 	C:\WINDOWS\SYSTEM32\WINMMBASE.dll
0x00007ffcb1610000 - 0x00007ffcb1659000 	C:\WINDOWS\System32\cfgmgr32.dll
0x00007ffca9dd0000 - 0x00007ffca9ddf000 	C:\Program Files (x86)\Android\Android Studio\jre\jre\bin\verify.dll
0x00007ffca52c0000 - 0x00007ffca52e9000 	C:\Program Files (x86)\Android\Android Studio\jre\jre\bin\java.dll
0x00007ffca5200000 - 0x00007ffca5216000 	C:\Program Files (x86)\Android\Android Studio\jre\jre\bin\zip.dll
0x00007ffcb26c0000 - 0x00007ffcb3b00000 	C:\WINDOWS\System32\SHELL32.dll
0x00007ffcb4280000 - 0x00007ffcb4329000 	C:\WINDOWS\System32\shcore.dll
0x00007ffcb0f00000 - 0x00007ffcb160d000 	C:\WINDOWS\System32\windows.storage.dll
0x00007ffcb4550000 - 0x00007ffcb45a1000 	C:\WINDOWS\System32\shlwapi.dll
0x00007ffcb0ee0000 - 0x00007ffcb0ef1000 	C:\WINDOWS\System32\kernel.appcore.dll
0x00007ffcb0e70000 - 0x00007ffcb0e8f000 	C:\WINDOWS\System32\profapi.dll
0x00007ffcb0e90000 - 0x00007ffcb0edc000 	C:\WINDOWS\System32\powrprof.dll
0x00007ffcb0e40000 - 0x00007ffcb0e4a000 	C:\WINDOWS\System32\FLTLIB.DLL
0x00007ffca4930000 - 0x00007ffca494a000 	C:\Program Files (x86)\Android\Android Studio\jre\jre\bin\net.dll
0x00007ffcb06c0000 - 0x00007ffcb0726000 	C:\WINDOWS\system32\mswsock.dll
0x00007ffca3400000 - 0x00007ffca3411000 	C:\Program Files (x86)\Android\Android Studio\jre\jre\bin\nio.dll
0x00007ffcad750000 - 0x00007ffcad76e000 	C:\Users\HP\.gradle\native\25\windows-amd64\native-platform.dll
0x00007ffca6c90000 - 0x00007ffca6c9d000 	C:\Program Files (x86)\Android\Android Studio\jre\jre\bin\management.dll
0x00007ffcb0870000 - 0x00007ffcb0887000 	C:\WINDOWS\SYSTEM32\CRYPTSP.dll
0x00007ffcb0240000 - 0x00007ffcb0273000 	C:\WINDOWS\system32\rsaenh.dll
0x00007ffcb09a0000 - 0x00007ffcb09c5000 	C:\WINDOWS\SYSTEM32\bcrypt.dll
0x00007ffcb0d40000 - 0x00007ffcb0d68000 	C:\WINDOWS\SYSTEM32\USERENV.dll
0x00007ffcb0890000 - 0x00007ffcb089b000 	C:\WINDOWS\SYSTEM32\CRYPTBASE.dll
0x00007ffcb0440000 - 0x00007ffcb0478000 	C:\WINDOWS\SYSTEM32\IPHLPAPI.DLL
0x00007ffcb2320000 - 0x00007ffcb2328000 	C:\WINDOWS\System32\NSI.dll
0x00007ffca9b40000 - 0x00007ffca9b56000 	C:\WINDOWS\SYSTEM32\dhcpcsvc6.DLL
0x00007ffca9f50000 - 0x00007ffca9f6a000 	C:\WINDOWS\SYSTEM32\dhcpcsvc.DLL

VM Arguments:
jvm_args: -Xmx1536m -Dfile.encoding=windows-1252 -Duser.country=US -Duser.language=en -Duser.variant 
java_command: org.gradle.launcher.daemon.bootstrap.GradleDaemon 4.10.1
java_class_path (initial): C:\Users\HP\.gradle\wrapper\dists\gradle-4.10.1-all\455itskqi2qtf0v2sja68alqd\gradle-4.10.1\lib\gradle-launcher-4.10.1.jar
Launcher Type: SUN_STANDARD

Environment Variables:
PATH=C:\Program Files (x86)\Common Files\Oracle\Java\javapath;C:\Program Files (x86)\Common Files\ArcSoft\Bin;C:\Program Files (x86)\Intel\iCLS Client\;C:\Program Files\Intel\iCLS Client\;C:\WINDOWS\system32;C:\WINDOWS;C:\WINDOWS\System32\Wbem;C:\WINDOWS\System32\WindowsPowerShell\v1.0\;C:\Program Files (x86)\Intel\Intel(R) Management Engine Components\DAL;C:\Program Files\Intel\Intel(R) Management Engine Components\DAL;C:\Program Files (x86)\Intel\Intel(R) Management Engine Components\IPT;C:\Program Files\Intel\Intel(R) Management Engine Components\IPT;c:\Program Files\Intel\WiFi\bin\;c:\Program Files\Common Files\Intel\WirelessCommon\;C:\Program Files (x86)\GtkSharp\2.12\bin;C:\WINDOWS\System32\OpenSSH\;C:\Users\HP\AppData\Local\Android\Sdk;C:\Program Files (x86)\Java\jdk1.6.0_18\bin;%USERPROFILE%\AppData\Local\Microsoft\WindowsApps;
USERNAME=HP
OS=Windows_NT
PROCESSOR_IDENTIFIER=Intel64 Family 6 Model 61 Stepping 4, GenuineIntel



---------------  S Y S T E M  ---------------

OS: Windows 10.0 , 64 bit Build 17134 (10.0.17134.1)

CPU:total 4 (initial active 4) (2 cores per cpu, 2 threads per core) family 6 model 61 stepping 4, cmov, cx8, fxsr, mmx, sse, sse2, sse3, ssse3, sse4.1, sse4.2, popcnt, avx, avx2, aes, clmul, erms, 3dnowpref, lzcnt, ht, tsc, tscinvbit, bmi1, bmi2, adx

Memory: 4k page, physical 4082796k(314188k free), swap 4082796k(5044k free)

vm_info: OpenJDK 64-Bit Server VM (25.152-b01) for windows-amd64 JRE (1.8.0_152-release-1248-b01), built by "builder" with MS VC++ 10.0 (VS2010)

time: Thu Jan 24 13:02:04 2019
elapsed time: 181 seconds (0d 0h 3m 1s)

