#
# There is insufficient memory for the Java Runtime Environment to continue.
# Native memory allocation (malloc) failed to allocate 1852944 bytes for Chunk::new
# Possible reasons:
#   The system is out of physical RAM or swap space
#   In 32 bit mode, the process size limit was hit
# Possible solutions:
#   Reduce memory load on the system
#   Increase physical memory or swap space
#   Check if swap backing store is full
#   Use 64 bit Java on a 64 bit OS
#   Decrease Java heap size (-Xmx/-Xms)
#   Decrease number of Java threads
#   Decrease Java thread stack sizes (-Xss)
#   Set larger code cache with -XX:ReservedCodeCacheSize=
# This output file may be truncated or incomplete.
#
#  Out of Memory Error (allocation.cpp:390), pid=2508, tid=0x0000000000002594
#
# JRE version: OpenJDK Runtime Environment (8.0_152-b01) (build 1.8.0_152-release-1248-b01)
# Java VM: OpenJDK 64-Bit Server VM (25.152-b01 mixed mode windows-amd64 compressed oops)
# Failed to write core dump. Minidumps are not enabled by default on client versions of Windows
#

---------------  T H R E A D  ---------------

Current thread (0x0000000015c0a000):  JavaThread "C2 CompilerThread0" daemon [_thread_in_native, id=9620, stack(0x0000000017250000,0x0000000017350000)]

Stack: [0x0000000017250000,0x0000000017350000]
[error occurred during error reporting (printing stack bounds), id 0xc0000005]

Native frames: (J=compiled Java code, j=interpreted, Vv=VM code, C=native code)


Current CompileTask:
C2:3171287 15328   !   4       com.sun.tools.javac.file.JavacFileManager::listContainer (94 bytes)


---------------  P R O C E S S  ---------------

Java Threads: ( => current thread )
  0x000000001e4ac800 JavaThread "Cache worker for Java compile cache (H:\AndroidStudioProjects\LogInPage\.gradle\4.10.1\javaCompile)" [_thread_blocked, id=1828, stack(0x000000002ac10000,0x000000002ad10000)]
  0x000000001e4ae000 JavaThread "Cache worker for Build Output Cleanup Cache (H:\AndroidStudioProjects\LogInPage\.gradle\buildOutputCleanup)" [_thread_blocked, id=8552, stack(0x000000002aa10000,0x000000002ab10000)]
  0x000000001e4b3000 JavaThread "Cache worker for task history cache (H:\AndroidStudioProjects\LogInPage\.gradle\4.10.1\taskHistory)" [_thread_blocked, id=6180, stack(0x000000002a910000,0x000000002aa10000)]
  0x000000001e4ab800 JavaThread "Task worker for ':' Thread 3" [_thread_in_native, id=4372, stack(0x000000002a810000,0x000000002a910000)]
  0x000000001d9c9000 JavaThread "Task worker for ':' Thread 2" [_thread_blocked, id=8396, stack(0x000000002a710000,0x000000002a810000)]
  0x000000001d9c5000 JavaThread "Task worker for ':'" [_thread_blocked, id=5048, stack(0x000000002a610000,0x000000002a710000)]
  0x000000001d9c7800 JavaThread "Cache worker for file content cache (H:\AndroidStudioProjects\LogInPage\.gradle\4.10.1\fileContent)" [_thread_blocked, id=4684, stack(0x000000002a510000,0x000000002a610000)]
  0x000000001d9c6800 JavaThread "Build operations Thread 4" [_thread_blocked, id=1696, stack(0x000000002a410000,0x000000002a510000)]
  0x000000001d9c6000 JavaThread "Build operations Thread 3" [_thread_blocked, id=9888, stack(0x000000002a310000,0x000000002a410000)]
  0x000000001d9bc800 JavaThread "Build operations Thread 2" [_thread_blocked, id=5636, stack(0x000000002a210000,0x000000002a310000)]
  0x000000001d9c3800 JavaThread "Build operations" [_thread_blocked, id=3112, stack(0x000000002a110000,0x000000002a210000)]
  0x000000001d9c2000 JavaThread "Cache worker for cache directory md-rule (C:\Users\HP\.gradle\caches\4.10.1\md-rule)" [_thread_blocked, id=3136, stack(0x000000002a010000,0x000000002a110000)]
  0x000000001d9b9800 JavaThread "Cache worker for cache directory md-supplier (C:\Users\HP\.gradle\caches\4.10.1\md-supplier)" [_thread_blocked, id=7636, stack(0x0000000029f10000,0x000000002a010000)]
  0x000000001d9bf800 JavaThread "Cache worker for file hash cache (H:\AndroidStudioProjects\LogInPage\.gradle\4.10.1\fileHashes)" [_thread_blocked, id=8440, stack(0x0000000029e10000,0x0000000029f10000)]
  0x000000001d9bb000 JavaThread "Stdin handler" [_thread_blocked, id=3028, stack(0x0000000029d10000,0x0000000029e10000)]
  0x000000001d9bf000 JavaThread "Asynchronous log dispatcher for DefaultDaemonConnection: socket connection from /127.0.0.1:2831 to /127.0.0.1:3071" [_thread_blocked, id=3612, stack(0x0000000029c10000,0x0000000029d10000)]
  0x000000001d9bc000 JavaThread "Daemon worker Thread 3" [_thread_blocked, id=5908, stack(0x0000000029b10000,0x0000000029c10000)]
  0x000000001d9be000 JavaThread "Cancel handler" [_thread_blocked, id=8900, stack(0x0000000029a10000,0x0000000029b10000)]
  0x000000001916a800 JavaThread "Handler for socket connection from /127.0.0.1:2831 to /127.0.0.1:3071" [_thread_in_native, id=7208, stack(0x0000000029910000,0x0000000029a10000)]
  0x000000001916f000 JavaThread "Daemon Thread 3" [_thread_blocked, id=176, stack(0x0000000029810000,0x0000000029910000)]
  0x000000001d9ba800 JavaThread "pool-1-thread-1" [_thread_blocked, id=8172, stack(0x0000000027340000,0x0000000027440000)]
  0x000000001e4b1000 JavaThread "Cache worker for Java compile cache (C:\Users\HP\.gradle\caches\4.10.1\javaCompile)" [_thread_blocked, id=9384, stack(0x0000000023400000,0x0000000023500000)]
  0x000000001e4b2800 JavaThread "Cache worker for file content cache (C:\Users\HP\.gradle\caches\4.10.1\fileContent)" [_thread_blocked, id=3760, stack(0x0000000022a00000,0x0000000022b00000)]
  0x000000001e4b0000 JavaThread "Memory manager" [_thread_blocked, id=4360, stack(0x0000000020160000,0x0000000020260000)]
  0x0000000019170000 JavaThread "Cache worker for Artifact transforms cache (C:\Users\HP\.gradle\caches\transforms-1)" [_thread_blocked, id=2824, stack(0x000000001f6c0000,0x000000001f7c0000)]
  0x000000001916e800 JavaThread "Cache worker for journal cache (C:\Users\HP\.gradle\caches\journal-1)" [_thread_blocked, id=1508, stack(0x000000001c840000,0x000000001c940000)]
  0x0000000019172800 JavaThread "File lock request listener" [_thread_in_native, id=2972, stack(0x000000001b670000,0x000000001b770000)]
  0x0000000019172000 JavaThread "Cache worker for file hash cache (C:\Users\HP\.gradle\caches\4.10.1\fileHashes)" [_thread_blocked, id=5856, stack(0x000000001b570000,0x000000001b670000)]
  0x0000000018ab6800 JavaThread "Daemon periodic checks" [_thread_blocked, id=10388, stack(0x0000000019aa0000,0x0000000019ba0000)]
  0x0000000018acc800 JavaThread "Incoming local TCP Connector on port 2831" [_thread_in_native, id=3452, stack(0x0000000019860000,0x0000000019960000)]
  0x0000000017571000 JavaThread "Service Thread" daemon [_thread_blocked, id=6384, stack(0x0000000017950000,0x0000000017a50000)]
  0x0000000015c3b800 JavaThread "C1 CompilerThread2" daemon [_thread_blocked, id=7492, stack(0x0000000017450000,0x0000000017550000)]
  0x0000000015c0f800 JavaThread "C2 CompilerThread1" daemon [_thread_in_native, id=9764, stack(0x0000000017350000,0x0000000017450000)]
=>0x0000000015c0a000 JavaThread "C2 CompilerThread0" daemon [_thread_in_native, id=9620, stack(0x0000000017250000,0x0000000017350000)]
  0x0000000015c09000 JavaThread "Attach Listener" daemon [_thread_blocked, id=6404, stack(0x0000000017150000,0x0000000017250000)]
  0x0000000015c16000 JavaThread "Signal Dispatcher" daemon [_thread_blocked, id=10640, stack(0x0000000017050000,0x0000000017150000)]
  0x000000000229b800 JavaThread "Finalizer" daemon [_thread_blocked, id=6760, stack(0x0000000016e60000,0x0000000016f60000)]
  0x0000000002290800 JavaThread "Reference Handler" daemon [_thread_blocked, id=120, stack(0x0000000016d60000,0x0000000016e60000)]
  0x000000000063e000 JavaThread "main" [_thread_blocked, id=9812, stack(0x0000000002080000,0x0000000002180000)]

Other Threads:
  0x0000000015bd6000 VMThread [stack: 0x0000000016c60000,0x0000000016d60000] [id=9696]
  0x0000000015c6d800 WatcherThread [stack: 0x0000000017a50000,0x0000000017b50000] [id=10436]

VM state:not at safepoint (normal execution)

VM Mutex/Monitor currently owned by a thread: None

Heap:
 PSYoungGen      total 178688K, used 114146K [0x00000000e0000000, 0x00000000ef580000, 0x0000000100000000)
  eden space 114176K, 79% used [0x00000000e0000000,0x00000000e58582d8,0x00000000e6f80000)
  from space 64512K, 36% used [0x00000000e6f80000,0x00000000e86a0628,0x00000000eae80000)
  to   space 60928K, 0% used [0x00000000eba00000,0x00000000eba00000,0x00000000ef580000)
 ParOldGen       total 199168K, used 143094K [0x00000000a0000000, 0x00000000ac280000, 0x00000000e0000000)
  object space 199168K, 71% used [0x00000000a0000000,0x00000000a8bbdb58,0x00000000ac280000)
 Metaspace       used 85395K, capacity 88446K, committed 88752K, reserved 1126400K
  class space    used 11131K, capacity 11837K, committed 11952K, reserved 1048576K

Card table byte_map: [0x0000000011660000,0x0000000011970000] byte_map_base: 0x0000000011160000

Marking Bits: (ParMarkBitMap*) 0x00000000536f5aa0
 Begin Bits: [0x0000000011f70000, 0x0000000013770000)
 End Bits:   [0x0000000013770000, 0x0000000014f70000)

Polling page: 0x00000000005d0000

CodeCache: size=245760Kb used=41535Kb max_used=41578Kb free=204224Kb
 bounds [0x00000000022a0000, 0x0000000004b80000, 0x00000000112a0000]
 total_blobs=13340 nmethods=12459 adapters=793
 compilation: enabled

Compilation events (10 events):
Event: 3171.122 Thread 0x0000000015c3b800 15352       1       java.io.ByteArrayInputStream::close (1 bytes)
Event: 3171.122 Thread 0x0000000015c3b800 nmethod 15352 0x0000000004b09f50 code [0x0000000004b0a0a0, 0x0000000004b0a1b0]
Event: 3171.122 Thread 0x0000000015c3b800 15353       3       com.sun.tools.javac.jvm.ClassReader::readEnumType (49 bytes)
Event: 3171.124 Thread 0x0000000015c3b800 nmethod 15353 0x0000000004b32610 code [0x0000000004b32800, 0x0000000004b32f58]
Event: 3171.134 Thread 0x0000000015c0f800 nmethod 15329 0x0000000004b54b50 code [0x0000000004b553a0, 0x0000000004b606b8]
Event: 3171.134 Thread 0x0000000015c0f800 15340   !   4       com.sun.tools.javac.file.ZipFileIndex::checkIndex (140 bytes)
Event: 3171.147 Thread 0x0000000015c3b800 15354       3       com.sun.tools.javac.code.Symbol$ClassSymbol::getInterfaces (60 bytes)
Event: 3171.147 Thread 0x0000000015c3b800 nmethod 15354 0x0000000004b34090 code [0x0000000004b34240, 0x0000000004b34798]
Event: 3171.147 Thread 0x0000000015c3b800 15355       3       com.sun.tools.javac.code.Types::rank (277 bytes)
Event: 3171.149 Thread 0x0000000015c3b800 nmethod 15355 0x0000000004b4bf90 code [0x0000000004b4c2e0, 0x0000000004b4e198]

GC Heap History (10 events):
Event: 285.982 GC heap before
{Heap before GC invocations=31 (full 4):
 PSYoungGen      total 146944K, used 127909K [0x00000000e0000000, 0x00000000eb980000, 0x0000000100000000)
  eden space 112128K, 99% used [0x00000000e0000000,0x00000000e6d6ab18,0x00000000e6d80000)
  from space 34816K, 45% used [0x00000000e9780000,0x00000000ea6fea60,0x00000000eb980000)
  to   space 38912K, 0% used [0x00000000e6d80000,0x00000000e6d80000,0x00000000e9380000)
 ParOldGen       total 199168K, used 105781K [0x00000000a0000000, 0x00000000ac280000, 0x00000000e0000000)
  object space 199168K, 53% used [0x00000000a0000000,0x00000000a674d700,0x00000000ac280000)
 Metaspace       used 81580K, capacity 84588K, committed 84656K, reserved 1122304K
  class space    used 10715K, capacity 11386K, committed 11440K, reserved 1048576K
Event: 286.011 GC heap after
Heap after GC invocations=31 (full 4):
 PSYoungGen      total 151040K, used 18493K [0x00000000e0000000, 0x00000000ebc00000, 0x0000000100000000)
  eden space 112128K, 0% used [0x00000000e0000000,0x00000000e0000000,0x00000000e6d80000)
  from space 38912K, 47% used [0x00000000e6d80000,0x00000000e7f8f590,0x00000000e9380000)
  to   space 37376K, 0% used [0x00000000e9780000,0x00000000e9780000,0x00000000ebc00000)
 ParOldGen       total 199168K, used 105789K [0x00000000a0000000, 0x00000000ac280000, 0x00000000e0000000)
  object space 199168K, 53% used [0x00000000a0000000,0x00000000a674f700,0x00000000ac280000)
 Metaspace       used 81580K, capacity 84588K, committed 84656K, reserved 1122304K
  class space    used 10715K, capacity 11386K, committed 11440K, reserved 1048576K
}
Event: 286.918 GC heap before
{Heap before GC invocations=32 (full 4):
 PSYoungGen      total 151040K, used 130621K [0x00000000e0000000, 0x00000000ebc00000, 0x0000000100000000)
  eden space 112128K, 100% used [0x00000000e0000000,0x00000000e6d80000,0x00000000e6d80000)
  from space 38912K, 47% used [0x00000000e6d80000,0x00000000e7f8f590,0x00000000e9380000)
  to   space 37376K, 0% used [0x00000000e9780000,0x00000000e9780000,0x00000000ebc00000)
 ParOldGen       total 199168K, used 105789K [0x00000000a0000000, 0x00000000ac280000, 0x00000000e0000000)
  object space 199168K, 53% used [0x00000000a0000000,0x00000000a674f700,0x00000000ac280000)
 Metaspace       used 81609K, capacity 84588K, committed 84656K, reserved 1122304K
  class space    used 10715K, capacity 11386K, committed 11440K, reserved 1048576K
Event: 287.081 GC heap after
Heap after GC invocations=32 (full 4):
 PSYoungGen      total 140288K, used 37368K [0x00000000e0000000, 0x00000000ee380000, 0x0000000100000000)
  eden space 102912K, 0% used [0x00000000e0000000,0x00000000e0000000,0x00000000e6480000)
  from space 37376K, 99% used [0x00000000e9780000,0x00000000ebbfe340,0x00000000ebc00000)
  to   space 52224K, 0% used [0x00000000e6480000,0x00000000e6480000,0x00000000e9780000)
 ParOldGen       total 199168K, used 129669K [0x00000000a0000000, 0x00000000ac280000, 0x00000000e0000000)
  object space 199168K, 65% used [0x00000000a0000000,0x00000000a7ea14f0,0x00000000ac280000)
 Metaspace       used 81609K, capacity 84588K, committed 84656K, reserved 1122304K
  class space    used 10715K, capacity 11386K, committed 11440K, reserved 1048576K
}
Event: 288.118 GC heap before
{Heap before GC invocations=33 (full 4):
 PSYoungGen      total 140288K, used 140280K [0x00000000e0000000, 0x00000000ee380000, 0x0000000100000000)
  eden space 102912K, 100% used [0x00000000e0000000,0x00000000e6480000,0x00000000e6480000)
  from space 37376K, 99% used [0x00000000e9780000,0x00000000ebbfe340,0x00000000ebc00000)
  to   space 52224K, 0% used [0x00000000e6480000,0x00000000e6480000,0x00000000e9780000)
 ParOldGen       total 199168K, used 129669K [0x00000000a0000000, 0x00000000ac280000, 0x00000000e0000000)
  object space 199168K, 65% used [0x00000000a0000000,0x00000000a7ea14f0,0x00000000ac280000)
 Metaspace       used 81624K, capacity 84588K, committed 84656K, reserved 1122304K
  class space    used 10715K, capacity 11386K, committed 11440K, reserved 1048576K
Event: 288.203 GC heap after
Heap after GC invocations=33 (full 4):
 PSYoungGen      total 155136K, used 48874K [0x00000000e0000000, 0x00000000ee880000, 0x0000000100000000)
  eden space 102912K, 0% used [0x00000000e0000000,0x00000000e0000000,0x00000000e6480000)
  from space 52224K, 93% used [0x00000000e6480000,0x00000000e943ab00,0x00000000e9780000)
  to   space 59392K, 0% used [0x00000000eae80000,0x00000000eae80000,0x00000000ee880000)
 ParOldGen       total 199168K, used 137333K [0x00000000a0000000, 0x00000000ac280000, 0x00000000e0000000)
  object space 199168K, 68% used [0x00000000a0000000,0x00000000a861d520,0x00000000ac280000)
 Metaspace       used 81624K, capacity 84588K, committed 84656K, reserved 1122304K
  class space    used 10715K, capacity 11386K, committed 11440K, reserved 1048576K
}
Event: 289.723 GC heap before
{Heap before GC invocations=34 (full 4):
 PSYoungGen      total 155136K, used 150841K [0x00000000e0000000, 0x00000000ee880000, 0x0000000100000000)
  eden space 102912K, 99% used [0x00000000e0000000,0x00000000e6393af0,0x00000000e6480000)
  from space 52224K, 93% used [0x00000000e6480000,0x00000000e943ab00,0x00000000e9780000)
  to   space 59392K, 0% used [0x00000000eae80000,0x00000000eae80000,0x00000000ee880000)
 ParOldGen       total 199168K, used 137333K [0x00000000a0000000, 0x00000000ac280000, 0x00000000e0000000)
  object space 199168K, 68% used [0x00000000a0000000,0x00000000a861d520,0x00000000ac280000)
 Metaspace       used 81694K, capacity 84660K, committed 84912K, reserved 1122304K
  class space    used 10717K, capacity 11386K, committed 11440K, reserved 1048576K
Event: 289.803 GC heap after
Heap after GC invocations=34 (full 4):
 PSYoungGen      total 173568K, used 47093K [0x00000000e0000000, 0x00000000ef280000, 0x0000000100000000)
  eden space 114176K, 0% used [0x00000000e0000000,0x00000000e0000000,0x00000000e6f80000)
  from space 59392K, 79% used [0x00000000eae80000,0x00000000edc7d518,0x00000000ee880000)
  to   space 64512K, 0% used [0x00000000e6f80000,0x00000000e6f80000,0x00000000eae80000)
 ParOldGen       total 199168K, used 142559K [0x00000000a0000000, 0x00000000ac280000, 0x00000000e0000000)
  object space 199168K, 71% used [0x00000000a0000000,0x00000000a8b37c98,0x00000000ac280000)
 Metaspace       used 81694K, capacity 84660K, committed 84912K, reserved 1122304K
  class space    used 10717K, capacity 11386K, committed 11440K, reserved 1048576K
}
Event: 3160.899 GC heap before
{Heap before GC invocations=35 (full 4):
 PSYoungGen      total 173568K, used 161269K [0x00000000e0000000, 0x00000000ef280000, 0x0000000100000000)
  eden space 114176K, 100% used [0x00000000e0000000,0x00000000e6f80000,0x00000000e6f80000)
  from space 59392K, 79% used [0x00000000eae80000,0x00000000edc7d518,0x00000000ee880000)
  to   space 64512K, 0% used [0x00000000e6f80000,0x00000000e6f80000,0x00000000eae80000)
 ParOldGen       total 199168K, used 142559K [0x00000000a0000000, 0x00000000ac280000, 0x00000000e0000000)
  object space 199168K, 71% used [0x00000000a0000000,0x00000000a8b37c98,0x00000000ac280000)
 Metaspace       used 83862K, capacity 86956K, committed 87088K, reserved 1124352K
  class space    used 10976K, capacity 11706K, committed 11824K, reserved 1048576K
Event: 3160.961 GC heap after
Heap after GC invocations=35 (full 4):
 PSYoungGen      total 178688K, used 23681K [0x00000000e0000000, 0x00000000ef580000, 0x0000000100000000)
  eden space 114176K, 0% used [0x00000000e0000000,0x00000000e0000000,0x00000000e6f80000)
  from space 64512K, 36% used [0x00000000e6f80000,0x00000000e86a0628,0x00000000eae80000)
  to   space 60928K, 0% used [0x00000000eba00000,0x00000000eba00000,0x00000000ef580000)
 ParOldGen       total 199168K, used 143094K [0x00000000a0000000, 0x00000000ac280000, 0x00000000e0000000)
  object space 199168K, 71% used [0x00000000a0000000,0x00000000a8bbdb58,0x00000000ac280000)
 Metaspace       used 83862K, capacity 86956K, committed 87088K, reserved 1124352K
  class space    used 10976K, capacity 11706K, committed 11824K, reserved 1048576K
}

Deoptimization events (10 events):
Event: 3170.153 Thread 0x000000001e4ab800 Uncommon trap: reason=array_check action=maybe_recompile pc=0x0000000004517538 method=java.util.ComparableTimSort.binarySort([Ljava/lang/Object;III)V @ 183
Event: 3170.154 Thread 0x000000001e4ab800 Uncommon trap: reason=array_check action=maybe_recompile pc=0x000000000451748c method=java.util.ComparableTimSort.binarySort([Ljava/lang/Object;III)V @ 193
Event: 3170.154 Thread 0x000000001e4ab800 Uncommon trap: reason=array_check action=maybe_recompile pc=0x0000000004517538 method=java.util.ComparableTimSort.binarySort([Ljava/lang/Object;III)V @ 183
Event: 3170.154 Thread 0x000000001e4ab800 Uncommon trap: reason=array_check action=maybe_recompile pc=0x00000000038b1c44 method=java.util.ComparableTimSort.binarySort([Ljava/lang/Object;III)V @ 215
Event: 3170.222 Thread 0x000000001e4ab800 Uncommon trap: reason=predicate action=maybe_recompile pc=0x0000000004b06e3c method=java.util.ComparableTimSort.reverseRange([Ljava/lang/Object;II)V @ 8
Event: 3170.262 Thread 0x000000001e4ab800 Uncommon trap: reason=array_check action=maybe_recompile pc=0x0000000004b0c8e0 method=java.util.ComparableTimSort.reverseRange([Ljava/lang/Object;II)V @ 20
Event: 3170.267 Thread 0x000000001e4ab800 Uncommon trap: reason=array_check action=maybe_recompile pc=0x0000000004b0c8e0 method=java.util.ComparableTimSort.reverseRange([Ljava/lang/Object;II)V @ 20
Event: 3170.301 Thread 0x000000001e4ab800 Uncommon trap: reason=array_check action=maybe_recompile pc=0x0000000004b0c8e0 method=java.util.ComparableTimSort.reverseRange([Ljava/lang/Object;II)V @ 20
Event: 3170.302 Thread 0x000000001e4ab800 Uncommon trap: reason=array_check action=maybe_recompile pc=0x0000000004b0c8e0 method=java.util.ComparableTimSort.reverseRange([Ljava/lang/Object;II)V @ 20
Event: 3171.147 Thread 0x000000001e4ab800 Uncommon trap: reason=unstable_if action=reinterpret pc=0x0000000004596818 method=com.sun.tools.javac.code.Types.rank(Lcom/sun/tools/javac/code/Type;)I @ 88

Classes redefined (0 events):
No events

Internal exceptions (10 events):
Event: 3158.548 Thread 0x000000001d9bc000 Exception <a 'sun/nio/fs/WindowsException'> (0x00000000e48ee4d8) thrown at [D:\src\AOSP-openjdk-cygwin\jdk8u\hotspot\src\share\vm\prims\jni.cpp, line 709]
Event: 3158.548 Thread 0x000000001d9bc000 Exception <a 'sun/nio/fs/WindowsException'> (0x00000000e48f0658) thrown at [D:\src\AOSP-openjdk-cygwin\jdk8u\hotspot\src\share\vm\prims\jni.cpp, line 709]
Event: 3158.548 Thread 0x000000001d9bc000 Exception <a 'sun/nio/fs/WindowsException'> (0x00000000e48f1418) thrown at [D:\src\AOSP-openjdk-cygwin\jdk8u\hotspot\src\share\vm\prims\jni.cpp, line 709]
Event: 3158.549 Thread 0x000000001d9bc000 Exception <a 'sun/nio/fs/WindowsException'> (0x00000000e48f4a10) thrown at [D:\src\AOSP-openjdk-cygwin\jdk8u\hotspot\src\share\vm\prims\jni.cpp, line 709]
Event: 3158.549 Thread 0x000000001d9bc000 Exception <a 'sun/nio/fs/WindowsException'> (0x00000000e48f5710) thrown at [D:\src\AOSP-openjdk-cygwin\jdk8u\hotspot\src\share\vm\prims\jni.cpp, line 709]
Event: 3158.550 Thread 0x000000001d9bc000 Exception <a 'sun/nio/fs/WindowsException'> (0x00000000e48f7818) thrown at [D:\src\AOSP-openjdk-cygwin\jdk8u\hotspot\src\share\vm\prims\jni.cpp, line 709]
Event: 3158.550 Thread 0x000000001d9bc000 Exception <a 'sun/nio/fs/WindowsException'> (0x00000000e48f8558) thrown at [D:\src\AOSP-openjdk-cygwin\jdk8u\hotspot\src\share\vm\prims\jni.cpp, line 709]
Event: 3160.439 Thread 0x000000001e4ab800 Implicit null exception at 0x0000000002537a68 to 0x0000000002539cd9
Event: 3161.476 Thread 0x000000001e4ab800 Implicit null exception at 0x00000000035ded98 to 0x00000000035deecd
Event: 3161.740 Thread 0x000000001e4ab800 Implicit null exception at 0x00000000048af60b to 0x00000000048b0921

Events (10 events):
Event: 3170.267 Thread 0x000000001e4ab800 DEOPT UNPACKING pc=0x00000000022e557b sp=0x000000002a90bb08 mode 2
Event: 3170.301 Thread 0x000000001e4ab800 Uncommon trap: trap_request=0xffffffd6 fr.pc=0x0000000004b0c8e0
Event: 3170.301 Thread 0x000000001e4ab800 DEOPT PACKING pc=0x0000000004b0c8e0 sp=0x000000002a90ba60
Event: 3170.301 Thread 0x000000001e4ab800 DEOPT UNPACKING pc=0x00000000022e557b sp=0x000000002a90b988 mode 2
Event: 3170.302 Thread 0x000000001e4ab800 Uncommon trap: trap_request=0xffffffd6 fr.pc=0x0000000004b0c8e0
Event: 3170.302 Thread 0x000000001e4ab800 DEOPT PACKING pc=0x0000000004b0c8e0 sp=0x000000002a90ba60
Event: 3170.302 Thread 0x000000001e4ab800 DEOPT UNPACKING pc=0x00000000022e557b sp=0x000000002a90b988 mode 2
Event: 3171.147 Thread 0x000000001e4ab800 Uncommon trap: trap_request=0xffffff65 fr.pc=0x0000000004596818
Event: 3171.147 Thread 0x000000001e4ab800 DEOPT PACKING pc=0x0000000004596818 sp=0x000000002a90bc10
Event: 3171.147 Thread 0x000000001e4ab800 DEOPT UNPACKING pc=0x00000000022e557b sp=0x000000002a90bbd0 mode 2


Dynamic libraries:
0x00007ff65c0f0000 - 0x00007ff65c121000 	C:\Program Files (x86)\Android\Android Studio\jre\bin\java.exe
0x00007ff8b11a0000 - 0x00007ff8b1381000 	C:\WINDOWS\SYSTEM32\ntdll.dll
0x00007ff8647b0000 - 0x00007ff8647c2000 	C:\Program Files\AVAST Software\Avast\aswhook.dll
0x00007ff8ae7c0000 - 0x00007ff8ae872000 	C:\WINDOWS\System32\KERNEL32.DLL
0x00007ff8ade70000 - 0x00007ff8ae0e3000 	C:\WINDOWS\System32\KERNELBASE.dll
0x00007ff8afab0000 - 0x00007ff8afb51000 	C:\WINDOWS\System32\ADVAPI32.dll
0x00007ff8ae880000 - 0x00007ff8ae91e000 	C:\WINDOWS\System32\msvcrt.dll
0x00007ff8ae720000 - 0x00007ff8ae77b000 	C:\WINDOWS\System32\sechost.dll
0x00007ff8b0fa0000 - 0x00007ff8b10c4000 	C:\WINDOWS\System32\RPCRT4.dll
0x00007ff8aec40000 - 0x00007ff8aedd0000 	C:\WINDOWS\System32\USER32.dll
0x00007ff8ade50000 - 0x00007ff8ade70000 	C:\WINDOWS\System32\win32u.dll
0x00007ff8aea70000 - 0x00007ff8aea98000 	C:\WINDOWS\System32\GDI32.dll
0x00007ff8ae240000 - 0x00007ff8ae3d2000 	C:\WINDOWS\System32\gdi32full.dll
0x00007ff8ad570000 - 0x00007ff8ad60f000 	C:\WINDOWS\System32\msvcp_win.dll
0x00007ff8ae0f0000 - 0x00007ff8ae1ea000 	C:\WINDOWS\System32\ucrtbase.dll
0x00007ff89e010000 - 0x00007ff89e279000 	C:\WINDOWS\WinSxS\amd64_microsoft.windows.common-controls_6595b64144ccf1df_6.0.17134.523_none_fb409dd930672a56\COMCTL32.dll
0x00007ff8af260000 - 0x00007ff8af582000 	C:\WINDOWS\System32\combase.dll
0x00007ff8ad610000 - 0x00007ff8ad68a000 	C:\WINDOWS\System32\bcryptPrimitives.dll
0x00007ff8aea40000 - 0x00007ff8aea6d000 	C:\WINDOWS\System32\IMM32.DLL
0x0000000052d70000 - 0x0000000052e42000 	C:\Program Files (x86)\Android\Android Studio\jre\jre\bin\msvcr100.dll
0x0000000052f30000 - 0x0000000053771000 	C:\Program Files (x86)\Android\Android Studio\jre\jre\bin\server\jvm.dll
0x00007ff8ae780000 - 0x00007ff8ae788000 	C:\WINDOWS\System32\PSAPI.DLL
0x00007ff89dc00000 - 0x00007ff89dc09000 	C:\WINDOWS\SYSTEM32\WSOCK32.dll
0x00007ff8ae920000 - 0x00007ff8ae98c000 	C:\WINDOWS\System32\WS2_32.dll
0x00007ff8a63a0000 - 0x00007ff8a63c3000 	C:\WINDOWS\SYSTEM32\WINMM.dll
0x00007ff8a1a30000 - 0x00007ff8a1a3a000 	C:\WINDOWS\SYSTEM32\VERSION.dll
0x00007ff8a6370000 - 0x00007ff8a639a000 	C:\WINDOWS\SYSTEM32\WINMMBASE.dll
0x00007ff8ae1f0000 - 0x00007ff8ae239000 	C:\WINDOWS\System32\cfgmgr32.dll
0x00007ff8a6250000 - 0x00007ff8a625f000 	C:\Program Files (x86)\Android\Android Studio\jre\jre\bin\verify.dll
0x00007ff8a19c0000 - 0x00007ff8a19e9000 	C:\Program Files (x86)\Android\Android Studio\jre\jre\bin\java.dll
0x00007ff8a1850000 - 0x00007ff8a1866000 	C:\Program Files (x86)\Android\Android Studio\jre\jre\bin\zip.dll
0x00007ff8afb60000 - 0x00007ff8b0fa0000 	C:\WINDOWS\System32\SHELL32.dll
0x00007ff8ae990000 - 0x00007ff8aea39000 	C:\WINDOWS\System32\shcore.dll
0x00007ff8ad740000 - 0x00007ff8ade4d000 	C:\WINDOWS\System32\windows.storage.dll
0x00007ff8afa50000 - 0x00007ff8afaa1000 	C:\WINDOWS\System32\shlwapi.dll
0x00007ff8ad550000 - 0x00007ff8ad561000 	C:\WINDOWS\System32\kernel.appcore.dll
0x00007ff8ad500000 - 0x00007ff8ad51f000 	C:\WINDOWS\System32\profapi.dll
0x00007ff8ad4b0000 - 0x00007ff8ad4fc000 	C:\WINDOWS\System32\powrprof.dll
0x00007ff8ad520000 - 0x00007ff8ad52a000 	C:\WINDOWS\System32\FLTLIB.DLL
0x00007ff8a1830000 - 0x00007ff8a184a000 	C:\Program Files (x86)\Android\Android Studio\jre\jre\bin\net.dll
0x00007ff8accd0000 - 0x00007ff8acd36000 	C:\WINDOWS\system32\mswsock.dll
0x00007ff8a16a0000 - 0x00007ff8a16b1000 	C:\Program Files (x86)\Android\Android Studio\jre\jre\bin\nio.dll
0x00007ff8a8780000 - 0x00007ff8a879e000 	C:\Users\HP\.gradle\native\25\windows-amd64\native-platform.dll
0x00007ff8a1d10000 - 0x00007ff8a1d1d000 	C:\Program Files (x86)\Android\Android Studio\jre\jre\bin\management.dll
0x00007ff8ace80000 - 0x00007ff8ace97000 	C:\WINDOWS\SYSTEM32\CRYPTSP.dll
0x00007ff8ac8b0000 - 0x00007ff8ac8e3000 	C:\WINDOWS\system32\rsaenh.dll
0x00007ff8ad010000 - 0x00007ff8ad035000 	C:\WINDOWS\SYSTEM32\bcrypt.dll
0x00007ff8ad3b0000 - 0x00007ff8ad3d8000 	C:\WINDOWS\SYSTEM32\USERENV.dll
0x00007ff8acea0000 - 0x00007ff8aceab000 	C:\WINDOWS\SYSTEM32\CRYPTBASE.dll
0x00007ff8aca50000 - 0x00007ff8aca88000 	C:\WINDOWS\SYSTEM32\IPHLPAPI.DLL
0x00007ff8ae790000 - 0x00007ff8ae798000 	C:\WINDOWS\System32\NSI.dll
0x00007ff8a5b40000 - 0x00007ff8a5b56000 	C:\WINDOWS\SYSTEM32\dhcpcsvc6.DLL
0x00007ff8a5db0000 - 0x00007ff8a5dca000 	C:\WINDOWS\SYSTEM32\dhcpcsvc.DLL
0x00007ff8a2310000 - 0x00007ff8a2334000 	C:\Program Files (x86)\Android\Android Studio\jre\jre\bin\sunec.dll
0x00007ff8acaa0000 - 0x00007ff8acb5e000 	C:\WINDOWS\SYSTEM32\DNSAPI.dll
0x00007ff89eaa0000 - 0x00007ff89eaaa000 	C:\Windows\System32\rasadhlp.dll
0x00007ff88e450000 - 0x00007ff88e4c2000 	C:\WINDOWS\System32\fwpuclnt.dll
0x00007ff8a9d00000 - 0x00007ff8a9d0b000 	C:\Program Files (x86)\Android\Android Studio\jre\jre\bin\sunmscapi.dll
0x00007ff8ae3e0000 - 0x00007ff8ae5c2000 	C:\WINDOWS\System32\CRYPT32.dll
0x00007ff8ad530000 - 0x00007ff8ad542000 	C:\WINDOWS\System32\MSASN1.dll

VM Arguments:
jvm_args: -Xmx1536m -Dfile.encoding=windows-1252 -Duser.country=US -Duser.language=en -Duser.variant 
java_command: org.gradle.launcher.daemon.bootstrap.GradleDaemon 4.10.1
java_class_path (initial): C:\Users\HP\.gradle\wrapper\dists\gradle-4.10.1-all\455itskqi2qtf0v2sja68alqd\gradle-4.10.1\lib\gradle-launcher-4.10.1.jar
Launcher Type: SUN_STANDARD

Environment Variables:
PATH=C:\Program Files (x86)\Common Files\Oracle\Java\javapath;C:\Program Files (x86)\Common Files\ArcSoft\Bin;C:\Program Files (x86)\Intel\iCLS Client\;C:\Program Files\Intel\iCLS Client\;C:\WINDOWS\system32;C:\WINDOWS;C:\WINDOWS\System32\Wbem;C:\WINDOWS\System32\WindowsPowerShell\v1.0\;C:\Program Files (x86)\Intel\Intel(R) Management Engine Components\DAL;C:\Program Files\Intel\Intel(R) Management Engine Components\DAL;C:\Program Files (x86)\Intel\Intel(R) Management Engine Components\IPT;C:\Program Files\Intel\Intel(R) Management Engine Components\IPT;c:\Program Files\Intel\WiFi\bin\;c:\Program Files\Common Files\Intel\WirelessCommon\;C:\Program Files (x86)\GtkSharp\2.12\bin;C:\WINDOWS\System32\OpenSSH\;C:\Users\HP\AppData\Local\Android\Sdk;C:\Program Files (x86)\Java\jdk1.6.0_18\bin;%USERPROFILE%\AppData\Local\Microsoft\WindowsApps;
USERNAME=HP
OS=Windows_NT
PROCESSOR_IDENTIFIER=Intel64 Family 6 Model 61 Stepping 4, GenuineIntel



---------------  S Y S T E M  ---------------

OS: Windows 10.0 , 64 bit Build 17134 (10.0.17134.1)

CPU:total 4 (initial active 4) (2 cores per cpu, 2 threads per core) family 6 model 61 stepping 4, cmov, cx8, fxsr, mmx, sse, sse2, sse3, ssse3, sse4.1, sse4.2, popcnt, avx, avx2, aes, clmul, erms, 3dnowpref, lzcnt, ht, tsc, tscinvbit, bmi1, bmi2, adx

Memory: 4k page, physical 4082796k(325508k free), swap 4082796k(6752k free)

vm_info: OpenJDK 64-Bit Server VM (25.152-b01) for windows-amd64 JRE (1.8.0_152-release-1248-b01), built by "builder" with MS VC++ 10.0 (VS2010)

time: Wed Jan 23 15:41:56 2019
elapsed time: 3171 seconds (0d 0h 52m 51s)

