#
# There is insufficient memory for the Java Runtime Environment to continue.
# Native memory allocation (malloc) failed to allocate 32744 bytes for ChunkPool::allocate
# Possible reasons:
#   The system is out of physical RAM or swap space
#   In 32 bit mode, the process size limit was hit
# Possible solutions:
#   Reduce memory load on the system
#   Increase physical memory or swap space
#   Check if swap backing store is full
#   Use 64 bit Java on a 64 bit OS
#   Decrease Java heap size (-Xmx/-Xms)
#   Decrease number of Java threads
#   Decrease Java thread stack sizes (-Xss)
#   Set larger code cache with -XX:ReservedCodeCacheSize=
# This output file may be truncated or incomplete.
#
#  Out of Memory Error (allocation.cpp:273), pid=3340, tid=0x00000000000014f0
#
# JRE version: OpenJDK Runtime Environment (8.0_152-b02) (build 1.8.0_152-release-1024-b02)
# Java VM: OpenJDK 64-Bit Server VM (25.152-b02 mixed mode windows-amd64 compressed oops)
# Failed to write core dump. Minidumps are not enabled by default on client versions of Windows
#

---------------  T H R E A D  ---------------

Current thread (0x0000000016b89800):  JavaThread "C2 CompilerThread0" daemon [_thread_in_native, id=5360, stack(0x00000000181d0000,0x00000000182d0000)]

Stack: [0x00000000181d0000,0x00000000182d0000]
[error occurred during error reporting (printing stack bounds), id 0xc0000005]

Native frames: (J=compiled Java code, j=interpreted, Vv=VM code, C=native code)


Current CompileTask:
C2:  69036 9506       4       com.android.tools.r8.code.BaseInstructionFactory::create (3362 bytes)


---------------  P R O C E S S  ---------------

Java Threads: ( => current thread )
  0x000000001e647000 JavaThread "ForkJoinPool-1-worker-0" daemon [_thread_blocked, id=5884, stack(0x00000000269a0000,0x0000000026aa0000)]
  0x000000001e645800 JavaThread "ForkJoinPool-1-worker-1" daemon [_thread_blocked, id=776, stack(0x00000000268a0000,0x00000000269a0000)]
  0x000000001e646800 JavaThread "ForkJoinPool.commonPool-worker-3" daemon [_thread_blocked, id=5572, stack(0x0000000025a30000,0x0000000025b30000)]
  0x000000001df94800 JavaThread "ForkJoinPool.commonPool-worker-2" daemon [_thread_blocked, id=3808, stack(0x0000000025930000,0x0000000025a30000)]
  0x000000001f95e000 JavaThread "ForkJoinPool.commonPool-worker-1" daemon [_thread_blocked, id=6656, stack(0x0000000025600000,0x0000000025700000)]
  0x000000001f960000 JavaThread "Cache worker for Java compile cache (H:\AndroidStudioProjects\LogInPage\.gradle\4.4\javaCompile)" [_thread_blocked, id=4616, stack(0x0000000024230000,0x0000000024330000)]
  0x000000001f95b800 JavaThread "Task worker for ':' Thread 3" [_thread_blocked, id=9328, stack(0x0000000024130000,0x0000000024230000)]
  0x000000001f95c800 JavaThread "Task worker for ':' Thread 2" [_thread_blocked, id=9320, stack(0x0000000024030000,0x0000000024130000)]
  0x000000001f955000 JavaThread "Task worker for ':'" [_thread_blocked, id=2688, stack(0x0000000023f30000,0x0000000024030000)]
  0x000000001f957000 JavaThread "Cache worker for Build Output Cleanup Cache (H:\AndroidStudioProjects\LogInPage\.gradle\buildOutputCleanup)" [_thread_blocked, id=4456, stack(0x0000000023460000,0x0000000023560000)]
  0x000000001f95b000 JavaThread "Cache worker for task history cache (H:\AndroidStudioProjects\LogInPage\.gradle\4.4\taskHistory)" [_thread_blocked, id=3884, stack(0x00000000230a0000,0x00000000231a0000)]
  0x000000001f956800 JavaThread "Cache worker for file content cache (H:\AndroidStudioProjects\LogInPage\.gradle\4.4\fileContent)" [_thread_blocked, id=5684, stack(0x00000000229e0000,0x0000000022ae0000)]
  0x000000001df91800 JavaThread "Memory manager" [_thread_blocked, id=4760, stack(0x0000000021fc0000,0x00000000220c0000)]
  0x000000001df90000 JavaThread "build operations Thread 4" [_thread_blocked, id=5440, stack(0x00000000218c0000,0x00000000219c0000)]
  0x000000001df96000 JavaThread "build operations Thread 3" [_thread_blocked, id=3320, stack(0x00000000217c0000,0x00000000218c0000)]
  0x000000001df92800 JavaThread "build operations Thread 2" [_thread_blocked, id=5904, stack(0x00000000216c0000,0x00000000217c0000)]
  0x000000001df93000 JavaThread "build operations" [_thread_blocked, id=6388, stack(0x00000000215c0000,0x00000000216c0000)]
  0x000000001df97000 JavaThread "Cache worker for Artifact transforms cache (C:\Users\HP\.gradle\caches\transforms-1)" [_thread_blocked, id=3716, stack(0x000000001ef90000,0x000000001f090000)]
  0x000000001c90b800 JavaThread "Cache worker for file hash cache (H:\AndroidStudioProjects\LogInPage\.gradle\4.4\fileHashes)" [_thread_blocked, id=4812, stack(0x000000001d6c0000,0x000000001d7c0000)]
  0x000000001b661000 JavaThread "File lock request listener" [_thread_in_native, id=9288, stack(0x000000001c5f0000,0x000000001c6f0000)]
  0x000000001b590000 JavaThread "Cache worker for file hash cache (C:\Users\HP\.gradle\caches\4.4\fileHashes)" [_thread_blocked, id=8144, stack(0x000000001c4f0000,0x000000001c5f0000)]
  0x0000000018d30800 JavaThread "Stdin handler" [_thread_blocked, id=9176, stack(0x000000001b220000,0x000000001b320000)]
  0x0000000018d30000 JavaThread "Asynchronous log dispatcher for DefaultDaemonConnection: socket connection from /127.0.0.1:1758 to /127.0.0.1:1760" [_thread_blocked, id=7144, stack(0x000000001b120000,0x000000001b220000)]
  0x000000001922c000 JavaThread "Daemon worker" [_thread_blocked, id=8908, stack(0x000000001b020000,0x000000001b120000)]
  0x0000000019061800 JavaThread "Cancel handler" [_thread_blocked, id=6976, stack(0x000000001af20000,0x000000001b020000)]
  0x0000000018ea1800 JavaThread "Handler for socket connection from /127.0.0.1:1758 to /127.0.0.1:1760" [_thread_in_native, id=4504, stack(0x000000001ac20000,0x000000001ad20000)]
  0x0000000018e6c800 JavaThread "Daemon" [_thread_blocked, id=4364, stack(0x000000001ab20000,0x000000001ac20000)]
  0x0000000016bda800 JavaThread "Daemon periodic checks" [_thread_blocked, id=7008, stack(0x000000001aa20000,0x000000001ab20000)]
  0x000000001988f800 JavaThread "Incoming local TCP Connector on port 1758" [_thread_in_native, id=7112, stack(0x000000001a7e0000,0x000000001a8e0000)]
  0x0000000018500800 JavaThread "Service Thread" daemon [_thread_blocked, id=2868, stack(0x00000000188d0000,0x00000000189d0000)]
  0x0000000016b9e000 JavaThread "C1 CompilerThread2" daemon [_thread_blocked, id=9292, stack(0x00000000183d0000,0x00000000184d0000)]
  0x0000000016b91000 JavaThread "C2 CompilerThread1" daemon [_thread_blocked, id=2872, stack(0x00000000182d0000,0x00000000183d0000)]
=>0x0000000016b89800 JavaThread "C2 CompilerThread0" daemon [_thread_in_native, id=5360, stack(0x00000000181d0000,0x00000000182d0000)]
  0x0000000016b88800 JavaThread "Attach Listener" daemon [_thread_blocked, id=4888, stack(0x00000000180d0000,0x00000000181d0000)]
  0x0000000016b87800 JavaThread "Signal Dispatcher" daemon [_thread_blocked, id=6308, stack(0x0000000017fd0000,0x00000000180d0000)]
  0x000000000321c800 JavaThread "Finalizer" daemon [_thread_blocked, id=8772, stack(0x0000000017de0000,0x0000000017ee0000)]
  0x0000000003211800 JavaThread "Reference Handler" daemon [_thread_blocked, id=7020, stack(0x0000000017ce0000,0x0000000017de0000)]
  0x000000000311e000 JavaThread "main" [_thread_blocked, id=11036, stack(0x0000000002f30000,0x0000000003030000)]

Other Threads:
  0x0000000016b56800 VMThread [stack: 0x0000000017be0000,0x0000000017ce0000] [id=9256]
  0x0000000016bec800 WatcherThread [stack: 0x00000000189d0000,0x0000000018ad0000] [id=4252]

VM state:at safepoint (normal execution)

VM Mutex/Monitor currently owned by a thread:  ([mutex/lock_event])
[0x000000000311d2d0] Threads_lock - owner thread: 0x0000000016b56800
[0x000000000311cbd0] Heap_lock - owner thread: 0x000000001df94800

Heap:
 PSYoungGen      total 141312K, used 141307K [0x00000000e0000000, 0x00000000eb000000, 0x0000000100000000)
  eden space 129024K, 100% used [0x00000000e0000000,0x00000000e7e00000,0x00000000e7e00000)
  from space 12288K, 99% used [0x00000000e7e00000,0x00000000e89feda0,0x00000000e8a00000)
  to   space 16384K, 99% used [0x00000000ea000000,0x00000000eaffdeb0,0x00000000eb000000)
 ParOldGen       total 101888K, used 89935K [0x00000000a0000000, 0x00000000a6380000, 0x00000000e0000000)
  object space 101888K, 88% used [0x00000000a0000000,0x00000000a57d5d58,0x00000000a6380000)
 Metaspace       used 67997K, capacity 70983K, committed 71060K, reserved 1110016K
  class space    used 9271K, capacity 9875K, committed 9916K, reserved 1048576K

Card table byte_map: [0x00000000125e0000,0x00000000128f0000] byte_map_base: 0x00000000120e0000

Marking Bits: (ParMarkBitMap*) 0x0000000057e64970
 Begin Bits: [0x0000000012ef0000, 0x00000000146f0000)
 End Bits:   [0x00000000146f0000, 0x0000000015ef0000)

Polling page: 0x00000000013a0000

CodeCache: size=245760Kb used=26791Kb max_used=26799Kb free=218968Kb
 bounds [0x0000000003220000, 0x0000000004c70000, 0x0000000012220000]
 total_blobs=8973 nmethods=8163 adapters=722
 compilation: enabled

Compilation events (10 events):
Event: 68.877 Thread 0x0000000016b91000 9522       4       com.android.tools.r8.code.InstructionFactory::readFrom (18 bytes)
Event: 68.878 Thread 0x0000000016b9e000 9631       2       java.lang.invoke.LambdaForm$MH/604774039::linkToTargetMethod (10 bytes)
Event: 68.878 Thread 0x0000000016b9e000 nmethod 9631 0x0000000004c690d0 code [0x0000000004c69240, 0x0000000004c693d8]
Event: 68.878 Thread 0x0000000016b9e000 9632       1       com.android.tools.r8.graph.DexEncodedMethod::getCode (5 bytes)
Event: 68.878 Thread 0x0000000016b9e000 nmethod 9632 0x0000000004c68e10 code [0x0000000004c68f60, 0x0000000004c69070]
Event: 68.879 Thread 0x0000000016b9e000 9633       1       com.android.tools.r8.graph.Code::isJarCode (2 bytes)
Event: 68.879 Thread 0x0000000016b9e000 nmethod 9633 0x0000000004c68b50 code [0x0000000004c68ca0, 0x0000000004c68db0]
Event: 68.879 Thread 0x0000000016b9e000 9634       2       java.util.concurrent.ForkJoinPool::submit (16 bytes)
Event: 68.879 Thread 0x0000000016b9e000 nmethod 9634 0x0000000004c68610 code [0x0000000004c68780, 0x0000000004c68a18]
Event: 68.879 Thread 0x0000000016b9e000 9636       2       com.android.tools.r8.ir.conversion.IRConverter$$Lambda$348/124892799::get$Lambda (10 bytes)

GC Heap History (10 events):
Event: 33.649 GC heap after
Heap after GC invocations=18 (full 2):
 PSYoungGen      total 118784K, used 9128K [0x00000000e0000000, 0x00000000e8180000, 0x0000000100000000)
  eden space 108544K, 0% used [0x00000000e0000000,0x00000000e0000000,0x00000000e6a00000)
  from space 10240K, 89% used [0x00000000e7500000,0x00000000e7dea220,0x00000000e7f00000)
  to   space 11264K, 0% used [0x00000000e6a00000,0x00000000e6a00000,0x00000000e7500000)
 ParOldGen       total 54784K, used 31621K [0x00000000a0000000, 0x00000000a3580000, 0x00000000e0000000)
  object space 54784K, 57% used [0x00000000a0000000,0x00000000a1ee14a0,0x00000000a3580000)
 Metaspace       used 51289K, capacity 52965K, committed 53080K, reserved 1095680K
  class space    used 7059K, capacity 7480K, committed 7552K, reserved 1048576K
}
Event: 47.812 GC heap before
{Heap before GC invocations=19 (full 2):
 PSYoungGen      total 118784K, used 117672K [0x00000000e0000000, 0x00000000e8180000, 0x0000000100000000)
  eden space 108544K, 100% used [0x00000000e0000000,0x00000000e6a00000,0x00000000e6a00000)
  from space 10240K, 89% used [0x00000000e7500000,0x00000000e7dea220,0x00000000e7f00000)
  to   space 11264K, 0% used [0x00000000e6a00000,0x00000000e6a00000,0x00000000e7500000)
 ParOldGen       total 54784K, used 31621K [0x00000000a0000000, 0x00000000a3580000, 0x00000000e0000000)
  object space 54784K, 57% used [0x00000000a0000000,0x00000000a1ee14a0,0x00000000a3580000)
 Metaspace       used 54671K, capacity 56579K, committed 56920K, reserved 1097728K
  class space    used 7512K, capacity 7977K, committed 8064K, reserved 1048576K
Event: 47.840 GC heap after
Heap after GC invocations=19 (full 2):
 PSYoungGen      total 119808K, used 9729K [0x00000000e0000000, 0x00000000e9680000, 0x0000000100000000)
  eden space 108544K, 0% used [0x00000000e0000000,0x00000000e0000000,0x00000000e6a00000)
  from space 11264K, 86% used [0x00000000e6a00000,0x00000000e7380778,0x00000000e7500000)
  to   space 12288K, 0% used [0x00000000e8a80000,0x00000000e8a80000,0x00000000e9680000)
 ParOldGen       total 54784K, used 37001K [0x00000000a0000000, 0x00000000a3580000, 0x00000000e0000000)
  object space 54784K, 67% used [0x00000000a0000000,0x00000000a2422740,0x00000000a3580000)
 Metaspace       used 54671K, capacity 56579K, committed 56920K, reserved 1097728K
  class space    used 7512K, capacity 7977K, committed 8064K, reserved 1048576K
}
Event: 52.447 GC heap before
{Heap before GC invocations=20 (full 2):
 PSYoungGen      total 119808K, used 80099K [0x00000000e0000000, 0x00000000e9680000, 0x0000000100000000)
  eden space 108544K, 64% used [0x00000000e0000000,0x00000000e44b87b8,0x00000000e6a00000)
  from space 11264K, 86% used [0x00000000e6a00000,0x00000000e7380778,0x00000000e7500000)
  to   space 12288K, 0% used [0x00000000e8a80000,0x00000000e8a80000,0x00000000e9680000)
 ParOldGen       total 54784K, used 37001K [0x00000000a0000000, 0x00000000a3580000, 0x00000000e0000000)
  object space 54784K, 67% used [0x00000000a0000000,0x00000000a2422740,0x00000000a3580000)
 Metaspace       used 57090K, capacity 58953K, committed 59028K, reserved 1099776K
  class space    used 7860K, capacity 8342K, committed 8380K, reserved 1048576K
Event: 52.474 GC heap after
Heap after GC invocations=20 (full 2):
 PSYoungGen      total 140800K, used 8704K [0x00000000e0000000, 0x00000000e9600000, 0x0000000100000000)
  eden space 129024K, 0% used [0x00000000e0000000,0x00000000e0000000,0x00000000e7e00000)
  from space 11776K, 73% used [0x00000000e8a80000,0x00000000e9300310,0x00000000e9600000)
  to   space 12288K, 0% used [0x00000000e7e00000,0x00000000e7e00000,0x00000000e8a00000)
 ParOldGen       total 54784K, used 44199K [0x00000000a0000000, 0x00000000a3580000, 0x00000000e0000000)
  object space 54784K, 80% used [0x00000000a0000000,0x00000000a2b29cd0,0x00000000a3580000)
 Metaspace       used 57090K, capacity 58953K, committed 59028K, reserved 1099776K
  class space    used 7860K, capacity 8342K, committed 8380K, reserved 1048576K
}
Event: 52.474 GC heap before
{Heap before GC invocations=21 (full 3):
 PSYoungGen      total 140800K, used 8704K [0x00000000e0000000, 0x00000000e9600000, 0x0000000100000000)
  eden space 129024K, 0% used [0x00000000e0000000,0x00000000e0000000,0x00000000e7e00000)
  from space 11776K, 73% used [0x00000000e8a80000,0x00000000e9300310,0x00000000e9600000)
  to   space 12288K, 0% used [0x00000000e7e00000,0x00000000e7e00000,0x00000000e8a00000)
 ParOldGen       total 54784K, used 44199K [0x00000000a0000000, 0x00000000a3580000, 0x00000000e0000000)
  object space 54784K, 80% used [0x00000000a0000000,0x00000000a2b29cd0,0x00000000a3580000)
 Metaspace       used 57090K, capacity 58953K, committed 59028K, reserved 1099776K
  class space    used 7860K, capacity 8342K, committed 8380K, reserved 1048576K
Event: 52.945 GC heap after
Heap after GC invocations=21 (full 3):
 PSYoungGen      total 140800K, used 0K [0x00000000e0000000, 0x00000000e9600000, 0x0000000100000000)
  eden space 129024K, 0% used [0x00000000e0000000,0x00000000e0000000,0x00000000e7e00000)
  from space 11776K, 0% used [0x00000000e8a80000,0x00000000e8a80000,0x00000000e9600000)
  to   space 12288K, 0% used [0x00000000e7e00000,0x00000000e7e00000,0x00000000e8a00000)
 ParOldGen       total 101888K, used 44413K [0x00000000a0000000, 0x00000000a6380000, 0x00000000e0000000)
  object space 101888K, 43% used [0x00000000a0000000,0x00000000a2b5f7d8,0x00000000a6380000)
 Metaspace       used 57090K, capacity 58953K, committed 59028K, reserved 1099776K
  class space    used 7860K, capacity 8342K, committed 8380K, reserved 1048576K
}
Event: 63.218 GC heap before
{Heap before GC invocations=22 (full 3):
 PSYoungGen      total 140800K, used 129024K [0x00000000e0000000, 0x00000000e9600000, 0x0000000100000000)
  eden space 129024K, 100% used [0x00000000e0000000,0x00000000e7e00000,0x00000000e7e00000)
  from space 11776K, 0% used [0x00000000e8a80000,0x00000000e8a80000,0x00000000e9600000)
  to   space 12288K, 0% used [0x00000000e7e00000,0x00000000e7e00000,0x00000000e8a00000)
 ParOldGen       total 101888K, used 44413K [0x00000000a0000000, 0x00000000a6380000, 0x00000000e0000000)
  object space 101888K, 43% used [0x00000000a0000000,0x00000000a2b5f7d8,0x00000000a6380000)
 Metaspace       used 64486K, capacity 66717K, committed 66964K, reserved 1107968K
  class space    used 8752K, capacity 9280K, committed 9404K, reserved 1048576K
Event: 63.254 GC heap after
Heap after GC invocations=22 (full 3):
 PSYoungGen      total 141312K, used 12283K [0x00000000e0000000, 0x00000000eb000000, 0x0000000100000000)
  eden space 129024K, 0% used [0x00000000e0000000,0x00000000e0000000,0x00000000e7e00000)
  from space 12288K, 99% used [0x00000000e7e00000,0x00000000e89feda0,0x00000000e8a00000)
  to   space 16384K, 0% used [0x00000000ea000000,0x00000000ea000000,0x00000000eb000000)
 ParOldGen       total 101888K, used 50083K [0x00000000a0000000, 0x00000000a6380000, 0x00000000e0000000)
  object space 101888K, 49% used [0x00000000a0000000,0x00000000a30e8f70,0x00000000a6380000)
 Metaspace       used 64486K, capacity 66717K, committed 66964K, reserved 1107968K
  class space    used 8752K, capacity 9280K, committed 9404K, reserved 1048576K
}
Event: 68.880 GC heap before
{Heap before GC invocations=23 (full 3):
 PSYoungGen      total 141312K, used 141307K [0x00000000e0000000, 0x00000000eb000000, 0x0000000100000000)
  eden space 129024K, 100% used [0x00000000e0000000,0x00000000e7e00000,0x00000000e7e00000)
  from space 12288K, 99% used [0x00000000e7e00000,0x00000000e89feda0,0x00000000e8a00000)
  to   space 16384K, 0% used [0x00000000ea000000,0x00000000ea000000,0x00000000eb000000)
 ParOldGen       total 101888K, used 50083K [0x00000000a0000000, 0x00000000a6380000, 0x00000000e0000000)
  object space 101888K, 49% used [0x00000000a0000000,0x00000000a30e8f70,0x00000000a6380000)
 Metaspace       used 67997K, capacity 70983K, committed 71060K, reserved 1110016K
  class space    used 9271K, capacity 9875K, committed 9916K, reserved 1048576K

Deoptimization events (10 events):
Event: 68.176 Thread 0x000000001e647000 Uncommon trap: reason=unstable_if action=reinterpret pc=0x00000000042a0a50 method=com.android.tools.r8.dex.DexFileReader.cacheAt(ILjava/util/function/Supplier;)Ljava/lang/Object; @ 1
Event: 68.181 Thread 0x000000001e647000 Uncommon trap: reason=unstable_if action=reinterpret pc=0x000000000429b494 method=java.util.concurrent.ConcurrentLinkedQueue.offer(Ljava/lang/Object;)Z @ 91
Event: 68.218 Thread 0x000000001e645800 Uncommon trap: reason=unstable_if action=reinterpret pc=0x000000000459cf3c method=com.android.tools.r8.dex.DexFileReader$MemberAnnotationIterator.getNextFor(Lcom/android/tools/r8/graph/Descriptor;)Lcom/android/tools/r8/graph/DexItem; @ 9
Event: 68.221 Thread 0x000000001e645800 Uncommon trap: reason=unstable_if action=reinterpret pc=0x000000000459d4f0 method=com.android.tools.r8.it.unimi.dsi.fastutil.ints.Int2ObjectOpenHashMap.insert(ILjava/lang/Object;)I @ 1
Event: 68.226 Thread 0x000000001e645800 Uncommon trap: reason=unstable_if action=reinterpret pc=0x0000000003a37690 method=com.android.tools.r8.it.unimi.dsi.fastutil.ints.Int2ObjectOpenHashMap.get(I)Ljava/lang/Object; @ 1
Event: 68.296 Thread 0x000000001e647000 Uncommon trap: reason=unloaded action=reinterpret pc=0x0000000003a6a81c method=com.android.tools.r8.dex.DexFileReader.parseEncodedValue()Lcom/android/tools/r8/graph/DexValue; @ 459
Event: 68.306 Thread 0x000000001e645800 Uncommon trap: reason=unstable_if action=reinterpret pc=0x000000000459f7fc method=com.android.tools.r8.it.unimi.dsi.fastutil.ints.Int2ObjectOpenHashMap.insert(ILjava/lang/Object;)I @ 1
Event: 68.473 Thread 0x000000001e645800 Uncommon trap: reason=unloaded action=reinterpret pc=0x0000000004becb64 method=com.android.tools.r8.code.BaseInstructionFactory.create(IILcom/android/tools/r8/code/BytecodeStream;Lcom/android/tools/r8/graph/OffsetToObjectMapping;)Lcom/android/tools/r8/cod
Event: 68.648 Thread 0x000000001e645800 Uncommon trap: reason=unstable_if action=reinterpret pc=0x0000000004c1cf44 method=com.android.tools.r8.graph.DexString.slowCompareTo(Lcom/android/tools/r8/graph/DexString;)I @ 80
Event: 68.813 Thread 0x000000001e645800 Uncommon trap: reason=unstable_if action=reinterpret pc=0x00000000047cc080 method=com.android.tools.r8.utils.IdentifierUtils.isSimpleNameChar(C)Z @ 51

Classes redefined (0 events):
No events

Internal exceptions (10 events):
Event: 62.441 Thread 0x000000001df94800 Exception <a 'sun/nio/fs/WindowsException'> (0x00000000e6f084b0) thrown at [D:\src\AOSP-openjdk-cygwin\jdk8u\hotspot\src\share\vm\prims\jni.cpp, line 709]
Event: 63.202 Thread 0x000000001e643800 Exception <a 'java/lang/NoSuchMethodError': java.lang.Object.lambda$comparingInt$7b0bb60$1(Ljava/util/function/ToIntFunction;Ljava/lang/Object;Ljava/lang/Object;)I> (0x00000000e7da09d0) thrown at [D:\src\AOSP-openjdk-cygwin\jdk8u\hotspot\src\share\vm\inte
Event: 63.202 Thread 0x000000001e645000 Exception <a 'java/lang/NoSuchMethodError': java.lang.Object.lambda$comparingInt$7b0bb60$1(Ljava/util/function/ToIntFunction;Ljava/lang/Object;Ljava/lang/Object;)I> (0x00000000e7cbfe10) thrown at [D:\src\AOSP-openjdk-cygwin\jdk8u\hotspot\src\share\vm\inte
Event: 63.202 Thread 0x000000001e644000 Exception <a 'java/lang/NoSuchMethodError': java.lang.Object.lambda$comparingInt$7b0bb60$1(Ljava/util/function/ToIntFunction;Ljava/lang/Object;Ljava/lang/Object;)I> (0x00000000e7d442d0) thrown at [D:\src\AOSP-openjdk-cygwin\jdk8u\hotspot\src\share\vm\inte
Event: 63.631 Thread 0x000000001e644000 Exception <a 'sun/nio/fs/WindowsException'> (0x00000000e0ac5d10) thrown at [D:\src\AOSP-openjdk-cygwin\jdk8u\hotspot\src\share\vm\prims\jni.cpp, line 709]
Event: 63.631 Thread 0x000000001e645000 Exception <a 'sun/nio/fs/WindowsException'> (0x00000000e0ad42c0) thrown at [D:\src\AOSP-openjdk-cygwin\jdk8u\hotspot\src\share\vm\prims\jni.cpp, line 709]
Event: 63.631 Thread 0x000000001e643800 Exception <a 'sun/nio/fs/WindowsException'> (0x00000000e0a8c460) thrown at [D:\src\AOSP-openjdk-cygwin\jdk8u\hotspot\src\share\vm\prims\jni.cpp, line 709]
Event: 67.784 Thread 0x000000001df94800 Exception <a 'sun/nio/fs/WindowsException'> (0x00000000e1d15968) thrown at [D:\src\AOSP-openjdk-cygwin\jdk8u\hotspot\src\share\vm\prims\jni.cpp, line 709]
Event: 68.174 Thread 0x000000001e647000 Implicit null exception at 0x0000000003e01d6f to 0x0000000003e01e61
Event: 68.174 Thread 0x000000001e645800 Implicit null exception at 0x0000000003e01d6f to 0x0000000003e01e61

Events (10 events):
Event: 68.648 Thread 0x000000001e645800 DEOPT PACKING pc=0x0000000004c1cf44 sp=0x000000002699ec70
Event: 68.648 Thread 0x000000001e645800 DEOPT UNPACKING pc=0x000000000326557b sp=0x000000002699eb70 mode 2
Event: 68.664 Thread 0x000000001e645800 DEOPT PACKING pc=0x0000000004c1f308 sp=0x000000002699ec30
Event: 68.664 Thread 0x000000001e645800 DEOPT UNPACKING pc=0x00000000032675d0 sp=0x000000002699e9d0 mode 0
Event: 68.813 Thread 0x000000001e645800 Uncommon trap: trap_request=0xffffff65 fr.pc=0x00000000047cc080
Event: 68.813 Thread 0x000000001e645800 DEOPT PACKING pc=0x00000000047cc080 sp=0x000000002699e910
Event: 68.813 Thread 0x000000001e645800 DEOPT UNPACKING pc=0x000000000326557b sp=0x000000002699e8a8 mode 2
Event: 68.878 Executing VM operation: RevokeBias
Event: 68.879 Executing VM operation: RevokeBias done
Event: 68.879 Executing VM operation: ParallelGCFailedAllocation


Dynamic libraries:
0x00007ff6e4f90000 - 0x00007ff6e4fc1000 	C:\Program Files (x86)\Android\Android Studio\jre\bin\java.exe
0x00007ffa4e800000 - 0x00007ffa4e9e1000 	C:\WINDOWS\SYSTEM32\ntdll.dll
0x00007ffa35c00000 - 0x00007ffa35c12000 	C:\Program Files\AVAST Software\Avast\aswhook.dll
0x00007ffa4e480000 - 0x00007ffa4e532000 	C:\WINDOWS\System32\KERNEL32.DLL
0x00007ffa4ad70000 - 0x00007ffa4afe3000 	C:\WINDOWS\System32\KERNELBASE.dll
0x00007ffa4c7e0000 - 0x00007ffa4c881000 	C:\WINDOWS\System32\ADVAPI32.dll
0x00007ffa4e6d0000 - 0x00007ffa4e76e000 	C:\WINDOWS\System32\msvcrt.dll
0x00007ffa4c890000 - 0x00007ffa4c8eb000 	C:\WINDOWS\System32\sechost.dll
0x00007ffa4c130000 - 0x00007ffa4c254000 	C:\WINDOWS\System32\RPCRT4.dll
0x00007ffa4e540000 - 0x00007ffa4e6d0000 	C:\WINDOWS\System32\USER32.dll
0x00007ffa4b800000 - 0x00007ffa4b820000 	C:\WINDOWS\System32\win32u.dll
0x00007ffa4e450000 - 0x00007ffa4e478000 	C:\WINDOWS\System32\GDI32.dll
0x00007ffa4abd0000 - 0x00007ffa4ad62000 	C:\WINDOWS\System32\gdi32full.dll
0x00007ffa4bb40000 - 0x00007ffa4bbdf000 	C:\WINDOWS\System32\msvcp_win.dll
0x00007ffa4aff0000 - 0x00007ffa4b0ea000 	C:\WINDOWS\System32\ucrtbase.dll
0x00007ffa3b480000 - 0x00007ffa3b6e9000 	C:\WINDOWS\WinSxS\amd64_microsoft.windows.common-controls_6595b64144ccf1df_6.0.17134.523_none_fb409dd930672a56\COMCTL32.dll
0x00007ffa4df10000 - 0x00007ffa4e232000 	C:\WINDOWS\System32\combase.dll
0x00007ffa4b880000 - 0x00007ffa4b8fa000 	C:\WINDOWS\System32\bcryptPrimitives.dll
0x00007ffa4ca30000 - 0x00007ffa4ca5d000 	C:\WINDOWS\System32\IMM32.DLL
0x00000000574e0000 - 0x00000000575b2000 	C:\Program Files (x86)\Android\Android Studio\jre\jre\bin\msvcr100.dll
0x00000000576a0000 - 0x0000000057edf000 	C:\Program Files (x86)\Android\Android Studio\jre\jre\bin\server\jvm.dll
0x00007ffa4c370000 - 0x00007ffa4c378000 	C:\WINDOWS\System32\PSAPI.DLL
0x00007ffa3efe0000 - 0x00007ffa3efe9000 	C:\WINDOWS\SYSTEM32\WSOCK32.dll
0x00007ffa4c8f0000 - 0x00007ffa4c95c000 	C:\WINDOWS\System32\WS2_32.dll
0x00007ffa464f0000 - 0x00007ffa46513000 	C:\WINDOWS\SYSTEM32\WINMM.dll
0x00007ffa3f460000 - 0x00007ffa3f46a000 	C:\WINDOWS\SYSTEM32\VERSION.dll
0x00007ffa464c0000 - 0x00007ffa464ea000 	C:\WINDOWS\SYSTEM32\WINMMBASE.dll
0x00007ffa4baf0000 - 0x00007ffa4bb39000 	C:\WINDOWS\System32\cfgmgr32.dll
0x00007ffa3ca90000 - 0x00007ffa3ca9f000 	C:\Program Files (x86)\Android\Android Studio\jre\jre\bin\verify.dll
0x00007ffa3b720000 - 0x00007ffa3b749000 	C:\Program Files (x86)\Android\Android Studio\jre\jre\bin\java.dll
0x00007ffa3b1a0000 - 0x00007ffa3b1b6000 	C:\Program Files (x86)\Android\Android Studio\jre\jre\bin\zip.dll
0x00007ffa4ca70000 - 0x00007ffa4deb0000 	C:\WINDOWS\System32\SHELL32.dll
0x00007ffa4e3a0000 - 0x00007ffa4e449000 	C:\WINDOWS\System32\shcore.dll
0x00007ffa4b0f0000 - 0x00007ffa4b7fd000 	C:\WINDOWS\System32\windows.storage.dll
0x00007ffa4e770000 - 0x00007ffa4e7c1000 	C:\WINDOWS\System32\shlwapi.dll
0x00007ffa4abb0000 - 0x00007ffa4abc1000 	C:\WINDOWS\System32\kernel.appcore.dll
0x00007ffa4ab20000 - 0x00007ffa4ab3f000 	C:\WINDOWS\System32\profapi.dll
0x00007ffa4ab40000 - 0x00007ffa4ab8c000 	C:\WINDOWS\System32\powrprof.dll
0x00007ffa4ab10000 - 0x00007ffa4ab1a000 	C:\WINDOWS\System32\FLTLIB.DLL
0x00007ffa35cf0000 - 0x00007ffa35d0a000 	C:\Program Files (x86)\Android\Android Studio\jre\jre\bin\net.dll
0x00007ffa4a390000 - 0x00007ffa4a3f6000 	C:\WINDOWS\system32\mswsock.dll
0x00007ffa35cd0000 - 0x00007ffa35ce1000 	C:\Program Files (x86)\Android\Android Studio\jre\jre\bin\nio.dll
0x00007ffa431d0000 - 0x00007ffa431ee000 	C:\Users\HP\.gradle\native\25\windows-amd64\native-platform.dll
0x00007ffa33b10000 - 0x00007ffa33b1d000 	C:\Program Files (x86)\Android\Android Studio\jre\jre\bin\management.dll
0x00007ffa4a540000 - 0x00007ffa4a557000 	C:\WINDOWS\SYSTEM32\CRYPTSP.dll
0x00007ffa49f10000 - 0x00007ffa49f43000 	C:\WINDOWS\system32\rsaenh.dll
0x00007ffa4a670000 - 0x00007ffa4a695000 	C:\WINDOWS\SYSTEM32\bcrypt.dll
0x00007ffa4aa10000 - 0x00007ffa4aa38000 	C:\WINDOWS\SYSTEM32\USERENV.dll
0x00007ffa4a5d0000 - 0x00007ffa4a5db000 	C:\WINDOWS\SYSTEM32\CRYPTBASE.dll
0x00007ffa4a110000 - 0x00007ffa4a148000 	C:\WINDOWS\SYSTEM32\IPHLPAPI.DLL
0x00007ffa4ca60000 - 0x00007ffa4ca68000 	C:\WINDOWS\System32\NSI.dll
0x00007ffa40690000 - 0x00007ffa406a6000 	C:\WINDOWS\SYSTEM32\dhcpcsvc6.DLL
0x00007ffa40ae0000 - 0x00007ffa40afa000 	C:\WINDOWS\SYSTEM32\dhcpcsvc.DLL

VM Arguments:
jvm_args: -Xmx1536m -Dfile.encoding=windows-1252 -Duser.country=US -Duser.language=en -Duser.variant 
java_command: org.gradle.launcher.daemon.bootstrap.GradleDaemon 4.4
java_class_path (initial): C:\Users\HP\.gradle\wrapper\dists\gradle-4.4-all\9br9xq1tocpiv8o6njlyu5op1\gradle-4.4\lib\gradle-launcher-4.4.jar
Launcher Type: SUN_STANDARD

Environment Variables:
PATH=C:\Program Files (x86)\Common Files\Oracle\Java\javapath;C:\Program Files (x86)\Common Files\ArcSoft\Bin;C:\Program Files (x86)\Intel\iCLS Client\;C:\Program Files\Intel\iCLS Client\;C:\WINDOWS\system32;C:\WINDOWS;C:\WINDOWS\System32\Wbem;C:\WINDOWS\System32\WindowsPowerShell\v1.0\;C:\Program Files (x86)\Intel\Intel(R) Management Engine Components\DAL;C:\Program Files\Intel\Intel(R) Management Engine Components\DAL;C:\Program Files (x86)\Intel\Intel(R) Management Engine Components\IPT;C:\Program Files\Intel\Intel(R) Management Engine Components\IPT;c:\Program Files\Intel\WiFi\bin\;c:\Program Files\Common Files\Intel\WirelessCommon\;C:\Program Files (x86)\GtkSharp\2.12\bin;C:\WINDOWS\System32\OpenSSH\;C:\Users\HP\AppData\Local\Android\Sdk;C:\Program Files (x86)\Java\jdk1.6.0_18\bin;%USERPROFILE%\AppData\Local\Microsoft\WindowsApps;
USERNAME=HP
OS=Windows_NT
PROCESSOR_IDENTIFIER=Intel64 Family 6 Model 61 Stepping 4, GenuineIntel



---------------  S Y S T E M  ---------------

OS: Windows 10.0 , 64 bit Build 17134 (10.0.17134.1)

CPU:total 4 (initial active 4) (2 cores per cpu, 2 threads per core) family 6 model 61 stepping 4, cmov, cx8, fxsr, mmx, sse, sse2, sse3, ssse3, sse4.1, sse4.2, popcnt, avx, avx2, aes, clmul, erms, 3dnowpref, lzcnt, ht, tsc, tscinvbit, bmi1, bmi2, adx

Memory: 4k page, physical 4082796k(141600k free), swap 4082796k(4616k free)

vm_info: OpenJDK 64-Bit Server VM (25.152-b02) for windows-amd64 JRE (1.8.0_152-release-1024-b02), built by "builder" with MS VC++ 10.0 (VS2010)

time: Mon Jan 21 18:13:52 2019
elapsed time: 69 seconds (0d 0h 1m 9s)

