#
# There is insufficient memory for the Java Runtime Environment to continue.
# Native memory allocation (malloc) failed to allocate 131088 bytes for Chunk::new
# Possible reasons:
#   The system is out of physical RAM or swap space
#   In 32 bit mode, the process size limit was hit
# Possible solutions:
#   Reduce memory load on the system
#   Increase physical memory or swap space
#   Check if swap backing store is full
#   Use 64 bit Java on a 64 bit OS
#   Decrease Java heap size (-Xmx/-Xms)
#   Decrease number of Java threads
#   Decrease Java thread stack sizes (-Xss)
#   Set larger code cache with -XX:ReservedCodeCacheSize=
# This output file may be truncated or incomplete.
#
#  Out of Memory Error (allocation.cpp:390), pid=1564, tid=0x000000000000195c
#
# JRE version: OpenJDK Runtime Environment (8.0_152-b01) (build 1.8.0_152-release-1248-b01)
# Java VM: OpenJDK 64-Bit Server VM (25.152-b01 mixed mode windows-amd64 compressed oops)
# Failed to write core dump. Minidumps are not enabled by default on client versions of Windows
#

---------------  T H R E A D  ---------------

Current thread (0x0000000015e6d800):  JavaThread "C2 CompilerThread0" daemon [_thread_in_native, id=6492, stack(0x00000000174c0000,0x00000000175c0000)]

Stack: [0x00000000174c0000,0x00000000175c0000]
[error occurred during error reporting (printing stack bounds), id 0xc0000005]

Native frames: (J=compiled Java code, j=interpreted, Vv=VM code, C=native code)


Current CompileTask:
C2: 350670 11501   !   4       com.android.utils.PositionXmlParser$DomBuilder::startElement (272 bytes)


---------------  P R O C E S S  ---------------

Java Threads: ( => current thread )
  0x0000000018393800 JavaThread "Cache worker for Build Output Cleanup Cache (H:\AndroidStudioProjects\LogInPage\.gradle\buildOutputCleanup)" [_thread_blocked, id=10692, stack(0x0000000025ad0000,0x0000000025bd0000)]
  0x0000000018397800 JavaThread "Cache worker for task history cache (H:\AndroidStudioProjects\LogInPage\.gradle\4.10.1\taskHistory)" [_thread_blocked, id=2412, stack(0x00000000259d0000,0x0000000025ad0000)]
  0x0000000018393000 JavaThread "Task worker for ':' Thread 3" [_thread_in_native, id=11252, stack(0x00000000258d0000,0x00000000259d0000)]
  0x000000001bd4b000 JavaThread "Task worker for ':' Thread 2" [_thread_blocked, id=11184, stack(0x00000000257d0000,0x00000000258d0000)]
  0x000000001bd4a000 JavaThread "Task worker for ':'" [_thread_blocked, id=228, stack(0x00000000256d0000,0x00000000257d0000)]
  0x000000001bd48000 JavaThread "Cache worker for file content cache (H:\AndroidStudioProjects\LogInPage\.gradle\4.10.1\fileContent)" [_thread_blocked, id=10748, stack(0x00000000255d0000,0x00000000256d0000)]
  0x000000001bd42000 JavaThread "Cache worker for file content cache (C:\Users\HP\.gradle\caches\4.10.1\fileContent)" [_thread_blocked, id=10116, stack(0x00000000254d0000,0x00000000255d0000)]
  0x000000001bd40800 JavaThread "Build operations Thread 4" [_thread_blocked, id=5448, stack(0x00000000253d0000,0x00000000254d0000)]
  0x000000001bd3e000 JavaThread "Build operations Thread 3" [_thread_blocked, id=5832, stack(0x00000000252d0000,0x00000000253d0000)]
  0x000000001bd45000 JavaThread "Build operations Thread 2" [_thread_blocked, id=7612, stack(0x00000000251d0000,0x00000000252d0000)]
  0x000000001bd44000 JavaThread "Build operations" [_thread_blocked, id=3528, stack(0x00000000250d0000,0x00000000251d0000)]
  0x000000001bd3c800 JavaThread "Cache worker for cache directory md-rule (C:\Users\HP\.gradle\caches\4.10.1\md-rule)" [_thread_blocked, id=9768, stack(0x0000000024fd0000,0x00000000250d0000)]
  0x000000001aaab800 JavaThread "Cache worker for cache directory md-supplier (C:\Users\HP\.gradle\caches\4.10.1\md-supplier)" [_thread_blocked, id=9252, stack(0x0000000024ed0000,0x0000000024fd0000)]
  0x000000001aaa9000 JavaThread "Cache worker for file hash cache (H:\AndroidStudioProjects\LogInPage\.gradle\4.10.1\fileHashes)" [_thread_blocked, id=5000, stack(0x0000000024dd0000,0x0000000024ed0000)]
  0x000000001aaae800 JavaThread "Stdin handler" [_thread_blocked, id=9540, stack(0x0000000024cd0000,0x0000000024dd0000)]
  0x000000001aaaa800 JavaThread "Asynchronous log dispatcher for DefaultDaemonConnection: socket connection from /127.0.0.1:1898 to /127.0.0.1:2012" [_thread_blocked, id=9272, stack(0x0000000024bd0000,0x0000000024cd0000)]
  0x000000001aaad800 JavaThread "Daemon worker Thread 2" [_thread_blocked, id=10244, stack(0x0000000024ad0000,0x0000000024bd0000)]
  0x000000001aab0000 JavaThread "Cancel handler" [_thread_blocked, id=11148, stack(0x00000000249d0000,0x0000000024ad0000)]
  0x000000001aaad000 JavaThread "Handler for socket connection from /127.0.0.1:1898 to /127.0.0.1:2012" [_thread_in_native, id=5828, stack(0x00000000248d0000,0x00000000249d0000)]
  0x000000001aaac000 JavaThread "Daemon Thread 2" [_thread_blocked, id=4824, stack(0x00000000247d0000,0x00000000248d0000)]
  0x000000001bd49800 JavaThread "pool-1-thread-1" [_thread_blocked, id=2280, stack(0x0000000022700000,0x0000000022800000)]
  0x000000001bd3c000 JavaThread "Memory manager" [_thread_blocked, id=9256, stack(0x0000000022000000,0x0000000022100000)]
  0x0000000018395000 JavaThread "Cache worker for Artifact transforms cache (C:\Users\HP\.gradle\caches\transforms-1)" [_thread_blocked, id=3380, stack(0x000000001f730000,0x000000001f830000)]
  0x0000000018399000 JavaThread "Cache worker for journal cache (C:\Users\HP\.gradle\caches\journal-1)" [_thread_blocked, id=8824, stack(0x000000001cc10000,0x000000001cd10000)]
  0x000000001a989000 JavaThread "File lock request listener" [_thread_in_native, id=8144, stack(0x000000001b8e0000,0x000000001b9e0000)]
  0x00000000191b0000 JavaThread "Cache worker for file hash cache (C:\Users\HP\.gradle\caches\4.10.1\fileHashes)" [_thread_blocked, id=10716, stack(0x000000001b7e0000,0x000000001b8e0000)]
  0x0000000018cff800 JavaThread "Daemon periodic checks" [_thread_blocked, id=11152, stack(0x0000000019d10000,0x0000000019e10000)]
  0x0000000018c73000 JavaThread "Incoming local TCP Connector on port 1898" [_thread_in_native, id=3424, stack(0x0000000019ad0000,0x0000000019bd0000)]
  0x00000000177eb800 JavaThread "Service Thread" daemon [_thread_blocked, id=2508, stack(0x0000000017bc0000,0x0000000017cc0000)]
  0x0000000015e79800 JavaThread "C1 CompilerThread2" daemon [_thread_blocked, id=7496, stack(0x00000000176c0000,0x00000000177c0000)]
  0x0000000015e71800 JavaThread "C2 CompilerThread1" daemon [_thread_in_native, id=2152, stack(0x00000000175c0000,0x00000000176c0000)]
=>0x0000000015e6d800 JavaThread "C2 CompilerThread0" daemon [_thread_in_native, id=6492, stack(0x00000000174c0000,0x00000000175c0000)]
  0x0000000015e6c000 JavaThread "Attach Listener" daemon [_thread_blocked, id=10880, stack(0x00000000173c0000,0x00000000174c0000)]
  0x0000000015e69000 JavaThread "Signal Dispatcher" daemon [_thread_blocked, id=8248, stack(0x00000000172c0000,0x00000000173c0000)]
  0x00000000024fb800 JavaThread "Finalizer" daemon [_thread_blocked, id=1144, stack(0x00000000170d0000,0x00000000171d0000)]
  0x00000000024f0800 JavaThread "Reference Handler" daemon [_thread_blocked, id=1124, stack(0x0000000016fd0000,0x00000000170d0000)]
  0x00000000022fe000 JavaThread "main" [_thread_blocked, id=11232, stack(0x0000000002300000,0x0000000002400000)]

Other Threads:
  0x0000000015e36000 VMThread [stack: 0x0000000016ed0000,0x0000000016fd0000] [id=968]
  0x00000000177ed000 WatcherThread [stack: 0x0000000017cc0000,0x0000000017dc0000] [id=9184]

VM state:not at safepoint (normal execution)

VM Mutex/Monitor currently owned by a thread: None

Heap:
 PSYoungGen      total 140800K, used 69322K [0x00000000e0000000, 0x00000000ea800000, 0x0000000100000000)
  eden space 115712K, 52% used [0x00000000e0000000,0x00000000e3b968a0,0x00000000e7100000)
  from space 25088K, 33% used [0x00000000e7100000,0x00000000e791c2c8,0x00000000e8980000)
  to   space 24064K, 0% used [0x00000000e9080000,0x00000000e9080000,0x00000000ea800000)
 ParOldGen       total 97792K, used 55930K [0x00000000a0000000, 0x00000000a5f80000, 0x00000000e0000000)
  object space 97792K, 57% used [0x00000000a0000000,0x00000000a369e978,0x00000000a5f80000)
 Metaspace       used 74642K, capacity 77074K, committed 77224K, reserved 1116160K
  class space    used 9668K, capacity 10336K, committed 10408K, reserved 1048576K

Card table byte_map: [0x00000000118c0000,0x0000000011bd0000] byte_map_base: 0x00000000113c0000

Marking Bits: (ParMarkBitMap*) 0x000000006cac5aa0
 Begin Bits: [0x00000000121d0000, 0x00000000139d0000)
 End Bits:   [0x00000000139d0000, 0x00000000151d0000)

Polling page: 0x0000000000970000

CodeCache: size=245760Kb used=33259Kb max_used=33259Kb free=212500Kb
 bounds [0x0000000002500000, 0x00000000045b0000, 0x0000000011500000]
 total_blobs=10630 nmethods=9777 adapters=763
 compilation: enabled

Compilation events (10 events):
Event: 350.622 Thread 0x0000000015e79800 11528       3       org.xml.sax.ext.DefaultHandler2::<init> (5 bytes)
Event: 350.622 Thread 0x0000000015e79800 nmethod 11528 0x000000000459f090 code [0x000000000459f200, 0x000000000459f410]
Event: 350.622 Thread 0x0000000015e79800 11529       3       com.sun.org.apache.xerces.internal.jaxp.DocumentBuilderImpl::newDocument (8 bytes)
Event: 350.623 Thread 0x0000000015e79800 nmethod 11529 0x000000000459f4d0 code [0x000000000459f640, 0x000000000459f908]
Event: 350.623 Thread 0x0000000015e79800 11530       3       com.sun.org.apache.xerces.internal.dom.DocumentImpl::<init> (10 bytes)
Event: 350.623 Thread 0x0000000015e79800 nmethod 11530 0x000000000459fa10 code [0x000000000459fb80, 0x000000000459fd88]
Event: 350.623 Thread 0x0000000015e79800 11531       3       com.sun.org.apache.xerces.internal.dom.CoreDocumentImpl::<init> (6 bytes)
Event: 350.623 Thread 0x0000000015e79800 nmethod 11531 0x000000000459fe50 code [0x000000000459ffc0, 0x00000000045a0148]
Event: 350.623 Thread 0x0000000015e79800 11532       3       com.android.utils.PositionXmlParser$DomBuilder::setDocumentLocator (6 bytes)
Event: 350.623 Thread 0x0000000015e79800 nmethod 11532 0x00000000045a01d0 code [0x00000000045a0320, 0x00000000045a0490]

GC Heap History (10 events):
Event: 51.651 GC heap before
{Heap before GC invocations=24 (full 3):
 PSYoungGen      total 107520K, used 103848K [0x00000000e0000000, 0x00000000e7980000, 0x0000000100000000)
  eden space 91648K, 100% used [0x00000000e0000000,0x00000000e5980000,0x00000000e5980000)
  from space 15872K, 76% used [0x00000000e6a00000,0x00000000e75ea020,0x00000000e7980000)
  to   space 16384K, 0% used [0x00000000e5980000,0x00000000e5980000,0x00000000e6980000)
 ParOldGen       total 97792K, used 34917K [0x00000000a0000000, 0x00000000a5f80000, 0x00000000e0000000)
  object space 97792K, 35% used [0x00000000a0000000,0x00000000a2219400,0x00000000a5f80000)
 Metaspace       used 67767K, capacity 69750K, committed 70056K, reserved 1110016K
  class space    used 9050K, capacity 9572K, committed 9640K, reserved 1048576K
Event: 51.687 GC heap after
Heap after GC invocations=24 (full 3):
 PSYoungGen      total 108032K, used 16371K [0x00000000e0000000, 0x00000000e8b80000, 0x0000000100000000)
  eden space 91648K, 0% used [0x00000000e0000000,0x00000000e0000000,0x00000000e5980000)
  from space 16384K, 99% used [0x00000000e5980000,0x00000000e697ce90,0x00000000e6980000)
  to   space 19456K, 0% used [0x00000000e7880000,0x00000000e7880000,0x00000000e8b80000)
 ParOldGen       total 97792K, used 36685K [0x00000000a0000000, 0x00000000a5f80000, 0x00000000e0000000)
  object space 97792K, 37% used [0x00000000a0000000,0x00000000a23d37d0,0x00000000a5f80000)
 Metaspace       used 67767K, capacity 69750K, committed 70056K, reserved 1110016K
  class space    used 9050K, capacity 9572K, committed 9640K, reserved 1048576K
}
Event: 54.317 GC heap before
{Heap before GC invocations=25 (full 3):
 PSYoungGen      total 108032K, used 108019K [0x00000000e0000000, 0x00000000e8b80000, 0x0000000100000000)
  eden space 91648K, 100% used [0x00000000e0000000,0x00000000e5980000,0x00000000e5980000)
  from space 16384K, 99% used [0x00000000e5980000,0x00000000e697ce90,0x00000000e6980000)
  to   space 19456K, 0% used [0x00000000e7880000,0x00000000e7880000,0x00000000e8b80000)
 ParOldGen       total 97792K, used 36685K [0x00000000a0000000, 0x00000000a5f80000, 0x00000000e0000000)
  object space 97792K, 37% used [0x00000000a0000000,0x00000000a23d37d0,0x00000000a5f80000)
 Metaspace       used 67775K, capacity 69750K, committed 70056K, reserved 1110016K
  class space    used 9052K, capacity 9572K, committed 9640K, reserved 1048576K
Event: 54.376 GC heap after
Heap after GC invocations=25 (full 3):
 PSYoungGen      total 123392K, used 12251K [0x00000000e0000000, 0x00000000e8d00000, 0x0000000100000000)
  eden space 103936K, 0% used [0x00000000e0000000,0x00000000e0000000,0x00000000e6580000)
  from space 19456K, 62% used [0x00000000e7880000,0x00000000e8476f90,0x00000000e8b80000)
  to   space 19456K, 0% used [0x00000000e6580000,0x00000000e6580000,0x00000000e7880000)
 ParOldGen       total 97792K, used 45218K [0x00000000a0000000, 0x00000000a5f80000, 0x00000000e0000000)
  object space 97792K, 46% used [0x00000000a0000000,0x00000000a2c288a0,0x00000000a5f80000)
 Metaspace       used 67775K, capacity 69750K, committed 70056K, reserved 1110016K
  class space    used 9052K, capacity 9572K, committed 9640K, reserved 1048576K
}
Event: 64.845 GC heap before
{Heap before GC invocations=26 (full 3):
 PSYoungGen      total 123392K, used 116187K [0x00000000e0000000, 0x00000000e8d00000, 0x0000000100000000)
  eden space 103936K, 100% used [0x00000000e0000000,0x00000000e6580000,0x00000000e6580000)
  from space 19456K, 62% used [0x00000000e7880000,0x00000000e8476f90,0x00000000e8b80000)
  to   space 19456K, 0% used [0x00000000e6580000,0x00000000e6580000,0x00000000e7880000)
 ParOldGen       total 97792K, used 45218K [0x00000000a0000000, 0x00000000a5f80000, 0x00000000e0000000)
  object space 97792K, 46% used [0x00000000a0000000,0x00000000a2c288a0,0x00000000a5f80000)
 Metaspace       used 71079K, capacity 73226K, committed 73384K, reserved 1112064K
  class space    used 9320K, capacity 9878K, committed 9896K, reserved 1048576K
Event: 64.897 GC heap after
Heap after GC invocations=26 (full 3):
 PSYoungGen      total 123392K, used 19424K [0x00000000e0000000, 0x00000000ea580000, 0x0000000100000000)
  eden space 103936K, 0% used [0x00000000e0000000,0x00000000e0000000,0x00000000e6580000)
  from space 19456K, 99% used [0x00000000e6580000,0x00000000e7878318,0x00000000e7880000)
  to   space 25600K, 0% used [0x00000000e8c80000,0x00000000e8c80000,0x00000000ea580000)
 ParOldGen       total 97792K, used 53314K [0x00000000a0000000, 0x00000000a5f80000, 0x00000000e0000000)
  object space 97792K, 54% used [0x00000000a0000000,0x00000000a34108e8,0x00000000a5f80000)
 Metaspace       used 71079K, capacity 73226K, committed 73384K, reserved 1112064K
  class space    used 9320K, capacity 9878K, committed 9896K, reserved 1048576K
}
Event: 328.191 GC heap before
{Heap before GC invocations=27 (full 3):
 PSYoungGen      total 123392K, used 123360K [0x00000000e0000000, 0x00000000ea580000, 0x0000000100000000)
  eden space 103936K, 100% used [0x00000000e0000000,0x00000000e6580000,0x00000000e6580000)
  from space 19456K, 99% used [0x00000000e6580000,0x00000000e7878318,0x00000000e7880000)
  to   space 25600K, 0% used [0x00000000e8c80000,0x00000000e8c80000,0x00000000ea580000)
 ParOldGen       total 97792K, used 53314K [0x00000000a0000000, 0x00000000a5f80000, 0x00000000e0000000)
  object space 97792K, 54% used [0x00000000a0000000,0x00000000a34108e8,0x00000000a5f80000)
 Metaspace       used 72927K, capacity 75384K, committed 75560K, reserved 1114112K
  class space    used 9525K, capacity 10187K, committed 10280K, reserved 1048576K
Event: 328.222 GC heap after
Heap after GC invocations=27 (full 3):
 PSYoungGen      total 137728K, used 5700K [0x00000000e0000000, 0x00000000ea200000, 0x0000000100000000)
  eden space 115712K, 0% used [0x00000000e0000000,0x00000000e0000000,0x00000000e7100000)
  from space 22016K, 25% used [0x00000000e8c80000,0x00000000e9211168,0x00000000ea200000)
  to   space 25088K, 0% used [0x00000000e7100000,0x00000000e7100000,0x00000000e8980000)
 ParOldGen       total 97792K, used 55922K [0x00000000a0000000, 0x00000000a5f80000, 0x00000000e0000000)
  object space 97792K, 57% used [0x00000000a0000000,0x00000000a369c978,0x00000000a5f80000)
 Metaspace       used 72927K, capacity 75384K, committed 75560K, reserved 1114112K
  class space    used 9525K, capacity 10187K, committed 10280K, reserved 1048576K
}
Event: 348.890 GC heap before
{Heap before GC invocations=28 (full 3):
 PSYoungGen      total 137728K, used 121412K [0x00000000e0000000, 0x00000000ea200000, 0x0000000100000000)
  eden space 115712K, 100% used [0x00000000e0000000,0x00000000e7100000,0x00000000e7100000)
  from space 22016K, 25% used [0x00000000e8c80000,0x00000000e9211168,0x00000000ea200000)
  to   space 25088K, 0% used [0x00000000e7100000,0x00000000e7100000,0x00000000e8980000)
 ParOldGen       total 97792K, used 55922K [0x00000000a0000000, 0x00000000a5f80000, 0x00000000e0000000)
  object space 97792K, 57% used [0x00000000a0000000,0x00000000a369c978,0x00000000a5f80000)
 Metaspace       used 74456K, capacity 76946K, committed 77224K, reserved 1116160K
  class space    used 9668K, capacity 10336K, committed 10408K, reserved 1048576K
Event: 348.911 GC heap after
Heap after GC invocations=28 (full 3):
 PSYoungGen      total 140800K, used 8304K [0x00000000e0000000, 0x00000000ea800000, 0x0000000100000000)
  eden space 115712K, 0% used [0x00000000e0000000,0x00000000e0000000,0x00000000e7100000)
  from space 25088K, 33% used [0x00000000e7100000,0x00000000e791c2c8,0x00000000e8980000)
  to   space 24064K, 0% used [0x00000000e9080000,0x00000000e9080000,0x00000000ea800000)
 ParOldGen       total 97792K, used 55930K [0x00000000a0000000, 0x00000000a5f80000, 0x00000000e0000000)
  object space 97792K, 57% used [0x00000000a0000000,0x00000000a369e978,0x00000000a5f80000)
 Metaspace       used 74456K, capacity 76946K, committed 77224K, reserved 1116160K
  class space    used 9668K, capacity 10336K, committed 10408K, reserved 1048576K
}

Deoptimization events (10 events):
Event: 347.279 Thread 0x0000000018393000 Uncommon trap: reason=null_check action=make_not_entrant pc=0x00000000041b08a0 method=org.gradle.api.internal.AbstractClassGenerator.generateUnderLock(Ljava/lang/Class;)Ljava/lang/Class; @ 430
Event: 347.419 Thread 0x0000000018393000 Uncommon trap: reason=class_check action=maybe_recompile pc=0x000000000424cf38 method=org.gradle.api.internal.artifacts.transform.TransformArtifactOperation.run(Lorg/gradle/internal/operations/BuildOperationContext;)V @ 48
Event: 347.419 Thread 0x0000000018393000 Uncommon trap: reason=class_check action=maybe_recompile pc=0x00000000042247a8 method=org.gradle.api.internal.artifacts.transform.ArtifactTransformingVisitor.visitArtifact(Lorg/gradle/internal/DisplayName;Lorg/gradle/api/attributes/AttributeContainer;Lorg
Event: 347.822 Thread 0x0000000018393000 Uncommon trap: reason=unstable_if action=reinterpret pc=0x000000000277aac4 method=sun.nio.cs.UTF_8$Decoder.decode([BII[C)I @ 30
Event: 347.822 Thread 0x0000000018393000 Uncommon trap: reason=unstable_if action=reinterpret pc=0x00000000026b41cc method=java.lang.StringCoding.safeTrim([CILjava/nio/charset/Charset;Z)[C @ 3
Event: 347.842 Thread 0x0000000018393000 Uncommon trap: reason=unstable_if action=reinterpret pc=0x000000000272a0bc method=java.lang.StringCoding.safeTrim([CILjava/nio/charset/Charset;Z)[C @ 3
Event: 349.374 Thread 0x0000000018393000 Uncommon trap: reason=class_check action=maybe_recompile pc=0x00000000044ea838 method=com.sun.org.apache.xerces.internal.dom.NamedNodeMapImpl.findNamePoint(Ljava/lang/String;I)I @ 54
Event: 349.374 Thread 0x0000000018393000 Uncommon trap: reason=class_check action=maybe_recompile pc=0x00000000044ea838 method=com.sun.org.apache.xerces.internal.dom.NamedNodeMapImpl.findNamePoint(Ljava/lang/String;I)I @ 54
Event: 349.374 Thread 0x0000000018393000 Uncommon trap: reason=class_check action=maybe_recompile pc=0x00000000044ea838 method=com.sun.org.apache.xerces.internal.dom.NamedNodeMapImpl.findNamePoint(Ljava/lang/String;I)I @ 54
Event: 349.374 Thread 0x0000000018393000 Uncommon trap: reason=class_check action=maybe_recompile pc=0x00000000044ea838 method=com.sun.org.apache.xerces.internal.dom.NamedNodeMapImpl.findNamePoint(Ljava/lang/String;I)I @ 54

Classes redefined (0 events):
No events

Internal exceptions (10 events):
Event: 327.553 Thread 0x000000001aaad800 Exception <a 'sun/nio/fs/WindowsException'> (0x00000000e5231978) thrown at [D:\src\AOSP-openjdk-cygwin\jdk8u\hotspot\src\share\vm\prims\jni.cpp, line 709]
Event: 336.787 Thread 0x0000000018393000 Exception <a 'sun/nio/fs/WindowsException'> (0x00000000e44034b8) thrown at [D:\src\AOSP-openjdk-cygwin\jdk8u\hotspot\src\share\vm\prims\jni.cpp, line 709]
Event: 336.876 Thread 0x0000000018393000 Exception <a 'java/lang/NoSuchMethodError': <clinit>> (0x00000000e445b868) thrown at [D:\src\AOSP-openjdk-cygwin\jdk8u\hotspot\src\share\vm\prims\jni.cpp, line 1613]
Event: 336.904 Thread 0x0000000018393000 Exception <a 'java/lang/NoSuchMethodError': <clinit>> (0x00000000e4465500) thrown at [D:\src\AOSP-openjdk-cygwin\jdk8u\hotspot\src\share\vm\prims\jni.cpp, line 1613]
Event: 336.905 Thread 0x0000000018393000 Exception <a 'java/lang/NoSuchMethodError': <clinit>> (0x00000000e447b7e0) thrown at [D:\src\AOSP-openjdk-cygwin\jdk8u\hotspot\src\share\vm\prims\jni.cpp, line 1613]
Event: 336.906 Thread 0x0000000018393000 Exception <a 'java/lang/NoSuchMethodError': <clinit>> (0x00000000e4486388) thrown at [D:\src\AOSP-openjdk-cygwin\jdk8u\hotspot\src\share\vm\prims\jni.cpp, line 1613]
Event: 336.938 Thread 0x0000000018393000 Exception <a 'sun/nio/fs/WindowsException'> (0x00000000e448f100) thrown at [D:\src\AOSP-openjdk-cygwin\jdk8u\hotspot\src\share\vm\prims\jni.cpp, line 709]
Event: 345.204 Thread 0x000000001bd45000 Exception <a 'sun/nio/fs/WindowsException'> (0x00000000e4cf5b30) thrown at [D:\src\AOSP-openjdk-cygwin\jdk8u\hotspot\src\share\vm\prims\jni.cpp, line 709]
Event: 345.261 Thread 0x000000001bd45000 Exception <a 'sun/nio/fs/WindowsException'> (0x00000000e4cff970) thrown at [D:\src\AOSP-openjdk-cygwin\jdk8u\hotspot\src\share\vm\prims\jni.cpp, line 709]
Event: 345.265 Thread 0x000000001bd45000 Exception <a 'sun/nio/fs/WindowsException'> (0x00000000e4d05058) thrown at [D:\src\AOSP-openjdk-cygwin\jdk8u\hotspot\src\share\vm\prims\jni.cpp, line 709]

Events (10 events):
Event: 349.374 Thread 0x0000000018393000 DEOPT UNPACKING pc=0x000000000254557b sp=0x00000000259cc678 mode 2
Event: 349.374 Thread 0x0000000018393000 Uncommon trap: trap_request=0xffffffde fr.pc=0x00000000044ea838
Event: 349.374 Thread 0x0000000018393000 DEOPT PACKING pc=0x00000000044ea838 sp=0x00000000259cc6c0
Event: 349.374 Thread 0x0000000018393000 DEOPT UNPACKING pc=0x000000000254557b sp=0x00000000259cc678 mode 2
Event: 349.374 Thread 0x0000000018393000 Uncommon trap: trap_request=0xffffffde fr.pc=0x00000000044ea838
Event: 349.374 Thread 0x0000000018393000 DEOPT PACKING pc=0x00000000044ea838 sp=0x00000000259cc6c0
Event: 349.374 Thread 0x0000000018393000 DEOPT UNPACKING pc=0x000000000254557b sp=0x00000000259cc678 mode 2
Event: 349.374 Thread 0x0000000018393000 Uncommon trap: trap_request=0xffffffde fr.pc=0x00000000044ea838
Event: 349.374 Thread 0x0000000018393000 DEOPT PACKING pc=0x00000000044ea838 sp=0x00000000259cc6c0
Event: 349.374 Thread 0x0000000018393000 DEOPT UNPACKING pc=0x000000000254557b sp=0x00000000259cc678 mode 2


Dynamic libraries:
0x00007ff625e20000 - 0x00007ff625e51000 	C:\Program Files (x86)\Android\Android Studio\jre\bin\java.exe
0x00007ffcc99e0000 - 0x00007ffcc9bc1000 	C:\WINDOWS\SYSTEM32\ntdll.dll
0x00007ffc86d60000 - 0x00007ffc86d72000 	C:\Program Files\AVAST Software\Avast\aswhook.dll
0x00007ffcc7900000 - 0x00007ffcc79b2000 	C:\WINDOWS\System32\KERNEL32.DLL
0x00007ffcc6950000 - 0x00007ffcc6bc3000 	C:\WINDOWS\System32\KERNELBASE.dll
0x00007ffcc7780000 - 0x00007ffcc7821000 	C:\WINDOWS\System32\ADVAPI32.dll
0x00007ffcc7830000 - 0x00007ffcc78ce000 	C:\WINDOWS\System32\msvcrt.dll
0x00007ffcc9950000 - 0x00007ffcc99ab000 	C:\WINDOWS\System32\sechost.dll
0x00007ffcc7af0000 - 0x00007ffcc7c14000 	C:\WINDOWS\System32\RPCRT4.dll
0x00007ffcc7310000 - 0x00007ffcc74a0000 	C:\WINDOWS\System32\USER32.dll
0x00007ffcc6930000 - 0x00007ffcc6950000 	C:\WINDOWS\System32\win32u.dll
0x00007ffcc97b0000 - 0x00007ffcc97d8000 	C:\WINDOWS\System32\GDI32.dll
0x00007ffcc6c80000 - 0x00007ffcc6e12000 	C:\WINDOWS\System32\gdi32full.dll
0x00007ffcc5eb0000 - 0x00007ffcc5f4f000 	C:\WINDOWS\System32\msvcp_win.dll
0x00007ffcc5db0000 - 0x00007ffcc5eaa000 	C:\WINDOWS\System32\ucrtbase.dll
0x00007ffcb6850000 - 0x00007ffcb6ab9000 	C:\WINDOWS\WinSxS\amd64_microsoft.windows.common-controls_6595b64144ccf1df_6.0.17134.523_none_fb409dd930672a56\COMCTL32.dll
0x00007ffcc6e70000 - 0x00007ffcc7192000 	C:\WINDOWS\System32\combase.dll
0x00007ffcc68b0000 - 0x00007ffcc692a000 	C:\WINDOWS\System32\bcryptPrimitives.dll
0x00007ffcc78d0000 - 0x00007ffcc78fd000 	C:\WINDOWS\System32\IMM32.DLL
0x000000006c140000 - 0x000000006c212000 	C:\Program Files (x86)\Android\Android Studio\jre\jre\bin\msvcr100.dll
0x000000006c300000 - 0x000000006cb41000 	C:\Program Files (x86)\Android\Android Studio\jre\jre\bin\server\jvm.dll
0x00007ffcc75d0000 - 0x00007ffcc75d8000 	C:\WINDOWS\System32\PSAPI.DLL
0x00007ffc9f800000 - 0x00007ffc9f809000 	C:\WINDOWS\SYSTEM32\WSOCK32.dll
0x00007ffcc7500000 - 0x00007ffcc756c000 	C:\WINDOWS\System32\WS2_32.dll
0x00007ffcc3960000 - 0x00007ffcc3983000 	C:\WINDOWS\SYSTEM32\WINMM.dll
0x00007ffcbd340000 - 0x00007ffcbd34a000 	C:\WINDOWS\SYSTEM32\VERSION.dll
0x00007ffcc3930000 - 0x00007ffcc395a000 	C:\WINDOWS\SYSTEM32\WINMMBASE.dll
0x00007ffcc6e20000 - 0x00007ffcc6e69000 	C:\WINDOWS\System32\cfgmgr32.dll
0x00007ffcba730000 - 0x00007ffcba73f000 	C:\Program Files (x86)\Android\Android Studio\jre\jre\bin\verify.dll
0x00007ffcb2200000 - 0x00007ffcb2229000 	C:\Program Files (x86)\Android\Android Studio\jre\jre\bin\java.dll
0x00007ffcb6180000 - 0x00007ffcb6196000 	C:\Program Files (x86)\Android\Android Studio\jre\jre\bin\zip.dll
0x00007ffcc7d90000 - 0x00007ffcc91d0000 	C:\WINDOWS\System32\SHELL32.dll
0x00007ffcc7a40000 - 0x00007ffcc7ae9000 	C:\WINDOWS\System32\shcore.dll
0x00007ffcc61a0000 - 0x00007ffcc68ad000 	C:\WINDOWS\System32\windows.storage.dll
0x00007ffcc74a0000 - 0x00007ffcc74f1000 	C:\WINDOWS\System32\shlwapi.dll
0x00007ffcc5cf0000 - 0x00007ffcc5d01000 	C:\WINDOWS\System32\kernel.appcore.dll
0x00007ffcc5d80000 - 0x00007ffcc5d9f000 	C:\WINDOWS\System32\profapi.dll
0x00007ffcc5d10000 - 0x00007ffcc5d5c000 	C:\WINDOWS\System32\powrprof.dll
0x00007ffcc5da0000 - 0x00007ffcc5daa000 	C:\WINDOWS\System32\FLTLIB.DLL
0x00007ffcb21e0000 - 0x00007ffcb21fa000 	C:\Program Files (x86)\Android\Android Studio\jre\jre\bin\net.dll
0x00007ffcc5570000 - 0x00007ffcc55d6000 	C:\WINDOWS\system32\mswsock.dll
0x00007ffcb21c0000 - 0x00007ffcb21d1000 	C:\Program Files (x86)\Android\Android Studio\jre\jre\bin\nio.dll
0x00007ffcc2020000 - 0x00007ffcc203e000 	C:\Users\HP\.gradle\native\25\windows-amd64\native-platform.dll
0x00007ffcaa900000 - 0x00007ffcaa90d000 	C:\Program Files (x86)\Android\Android Studio\jre\jre\bin\management.dll
0x00007ffcc5720000 - 0x00007ffcc5737000 	C:\WINDOWS\SYSTEM32\CRYPTSP.dll
0x00007ffcc50f0000 - 0x00007ffcc5123000 	C:\WINDOWS\system32\rsaenh.dll
0x00007ffcc5850000 - 0x00007ffcc5875000 	C:\WINDOWS\SYSTEM32\bcrypt.dll
0x00007ffcc5bf0000 - 0x00007ffcc5c18000 	C:\WINDOWS\SYSTEM32\USERENV.dll
0x00007ffcc5740000 - 0x00007ffcc574b000 	C:\WINDOWS\SYSTEM32\CRYPTBASE.dll
0x00007ffcc52f0000 - 0x00007ffcc5328000 	C:\WINDOWS\SYSTEM32\IPHLPAPI.DLL
0x00007ffcc97e0000 - 0x00007ffcc97e8000 	C:\WINDOWS\System32\NSI.dll
0x00007ffcbb8b0000 - 0x00007ffcbb8c6000 	C:\WINDOWS\SYSTEM32\dhcpcsvc6.DLL
0x00007ffcbcae0000 - 0x00007ffcbcafa000 	C:\WINDOWS\SYSTEM32\dhcpcsvc.DLL
0x00007ffcc2040000 - 0x00007ffcc2064000 	C:\Program Files (x86)\Android\Android Studio\jre\jre\bin\sunec.dll
0x00007ffcc5330000 - 0x00007ffcc53ee000 	C:\WINDOWS\SYSTEM32\DNSAPI.dll
0x00007ffcb6ac0000 - 0x00007ffcb6aca000 	C:\Windows\System32\rasadhlp.dll
0x00007ffca6ed0000 - 0x00007ffca6f42000 	C:\WINDOWS\System32\fwpuclnt.dll
0x00007ffcc2180000 - 0x00007ffcc218b000 	C:\Program Files (x86)\Android\Android Studio\jre\jre\bin\sunmscapi.dll
0x00007ffcc5fb0000 - 0x00007ffcc6192000 	C:\WINDOWS\System32\CRYPT32.dll
0x00007ffcc5d60000 - 0x00007ffcc5d72000 	C:\WINDOWS\System32\MSASN1.dll

VM Arguments:
jvm_args: -Xmx1536m -Dfile.encoding=windows-1252 -Duser.country=US -Duser.language=en -Duser.variant 
java_command: org.gradle.launcher.daemon.bootstrap.GradleDaemon 4.10.1
java_class_path (initial): C:\Users\HP\.gradle\wrapper\dists\gradle-4.10.1-all\455itskqi2qtf0v2sja68alqd\gradle-4.10.1\lib\gradle-launcher-4.10.1.jar
Launcher Type: SUN_STANDARD

Environment Variables:
PATH=C:\Program Files (x86)\Common Files\Oracle\Java\javapath;C:\Program Files (x86)\Common Files\ArcSoft\Bin;C:\Program Files (x86)\Intel\iCLS Client\;C:\Program Files\Intel\iCLS Client\;C:\WINDOWS\system32;C:\WINDOWS;C:\WINDOWS\System32\Wbem;C:\WINDOWS\System32\WindowsPowerShell\v1.0\;C:\Program Files (x86)\Intel\Intel(R) Management Engine Components\DAL;C:\Program Files\Intel\Intel(R) Management Engine Components\DAL;C:\Program Files (x86)\Intel\Intel(R) Management Engine Components\IPT;C:\Program Files\Intel\Intel(R) Management Engine Components\IPT;c:\Program Files\Intel\WiFi\bin\;c:\Program Files\Common Files\Intel\WirelessCommon\;C:\Program Files (x86)\GtkSharp\2.12\bin;C:\WINDOWS\System32\OpenSSH\;C:\Users\HP\AppData\Local\Android\Sdk;C:\Program Files (x86)\Java\jdk1.6.0_18\bin;%USERPROFILE%\AppData\Local\Microsoft\WindowsApps;
USERNAME=HP
OS=Windows_NT
PROCESSOR_IDENTIFIER=Intel64 Family 6 Model 61 Stepping 4, GenuineIntel



---------------  S Y S T E M  ---------------

OS: Windows 10.0 , 64 bit Build 17134 (10.0.17134.1)

CPU:total 4 (initial active 4) (2 cores per cpu, 2 threads per core) family 6 model 61 stepping 4, cmov, cx8, fxsr, mmx, sse, sse2, sse3, ssse3, sse4.1, sse4.2, popcnt, avx, avx2, aes, clmul, erms, 3dnowpref, lzcnt, ht, tsc, tscinvbit, bmi1, bmi2, adx

Memory: 4k page, physical 4082796k(271380k free), swap 4082796k(5132k free)

vm_info: OpenJDK 64-Bit Server VM (25.152-b01) for windows-amd64 JRE (1.8.0_152-release-1248-b01), built by "builder" with MS VC++ 10.0 (VS2010)

time: Tue Jan 22 16:03:50 2019
elapsed time: 350 seconds (0d 0h 5m 50s)

