#
# There is insufficient memory for the Java Runtime Environment to continue.
# Native memory allocation (malloc) failed to allocate 1666576 bytes for Chunk::new
# Possible reasons:
#   The system is out of physical RAM or swap space
#   The process is running with CompressedOops enabled, and the Java Heap may be blocking the growth of the native heap
# Possible solutions:
#   Reduce memory load on the system
#   Increase physical memory or swap space
#   Check if swap backing store is full
#   Decrease Java heap size (-Xmx/-Xms)
#   Decrease number of Java threads
#   Decrease Java thread stack sizes (-Xss)
#   Set larger code cache with -XX:ReservedCodeCacheSize=
#   JVM is running with Unscaled Compressed Oops mode in which the Java heap is
#     placed in the first 4GB address space. The Java Heap base address is the
#     maximum limit for the native heap growth. Please use -XX:HeapBaseMinAddress
#     to set the Java Heap base and to place the Java Heap above 4GB virtual address.
# This output file may be truncated or incomplete.
#
#  Out of Memory Error (allocation.cpp:390), pid=1296, tid=0x0000000000000be0
#
# JRE version: Java(TM) SE Runtime Environment (8.0_201-b09) (build 1.8.0_201-b09)
# Java VM: Java HotSpot(TM) 64-Bit Server VM (25.201-b09 mixed mode windows-amd64 compressed oops)
# Failed to write core dump. Minidumps are not enabled by default on client versions of Windows
#

---------------  T H R E A D  ---------------

Current thread (0x0000000014d4a800):  JavaThread "C2 CompilerThread1" daemon [_thread_in_native, id=3040, stack(0x0000000016480000,0x0000000016580000)]

Stack: [0x0000000016480000,0x0000000016580000]
[error occurred during error reporting (printing stack bounds), id 0xc0000005]

Native frames: (J=compiled Java code, j=interpreted, Vv=VM code, C=native code)


Current CompileTask:
C2:1543119 21201       4       com.android.tools.r8.ir.regalloc.LinearScanRegisterAllocator::computeDebugInfo (1379 bytes)


---------------  P R O C E S S  ---------------

Java Threads: ( => current thread )
  0x000000001adff800 JavaThread "Cache worker for Java compile cache (H:\AndroidStudioProjects\LogInPage\.gradle\4.10.1\javaCompile)" [_thread_blocked, id=1688, stack(0x000000002e3c0000,0x000000002e4c0000)]
  0x000000001adf6800 JavaThread "Cache worker for Java compile cache (C:\Users\HP\.gradle\caches\4.10.1\javaCompile)" [_thread_blocked, id=10076, stack(0x000000002e2c0000,0x000000002e3c0000)]
  0x000000001adfd000 JavaThread "stdout" [_thread_in_native, id=1680, stack(0x000000002e1c0000,0x000000002e2c0000)]
  0x000000001adf8800 JavaThread "stderr" [_thread_in_native, id=4016, stack(0x000000002e0c0000,0x000000002e1c0000)]
  0x000000001adf8000 JavaThread "pool-8-thread-1" [_thread_blocked, id=5964, stack(0x000000002dfc0000,0x000000002e0c0000)]
  0x000000001adf7000 JavaThread "Cache worker for Build Output Cleanup Cache (H:\AndroidStudioProjects\LogInPage\.gradle\buildOutputCleanup)" [_thread_blocked, id=11100, stack(0x000000002dec0000,0x000000002dfc0000)]
  0x000000001adf5800 JavaThread "Cache worker for task history cache (H:\AndroidStudioProjects\LogInPage\.gradle\4.10.1\taskHistory)" [_thread_blocked, id=9784, stack(0x000000002ddc0000,0x000000002dec0000)]
  0x000000001adfa000 JavaThread "Task worker for ':' Thread 3" [_thread_blocked, id=2340, stack(0x000000002dcc0000,0x000000002ddc0000)]
  0x000000001bfe3000 JavaThread "Task worker for ':' Thread 2" [_thread_blocked, id=9136, stack(0x000000002dbc0000,0x000000002dcc0000)]
  0x000000001bfe2000 JavaThread "Task worker for ':'" [_thread_blocked, id=5452, stack(0x000000002dac0000,0x000000002dbc0000)]
  0x000000001bfdf000 JavaThread "Cache worker for file content cache (H:\AndroidStudioProjects\LogInPage\.gradle\4.10.1\fileContent)" [_thread_blocked, id=4172, stack(0x000000002d9c0000,0x000000002dac0000)]
  0x000000001bfe4800 JavaThread "Build operations Thread 4" [_thread_in_Java, id=10468, stack(0x000000002d8c0000,0x000000002d9c0000)]
  0x000000001bfe6000 JavaThread "Build operations Thread 3" [_thread_blocked, id=9992, stack(0x000000002d7c0000,0x000000002d8c0000)]
  0x000000001bfe5000 JavaThread "Build operations Thread 2" [_thread_in_Java, id=5632, stack(0x000000002d6c0000,0x000000002d7c0000)]
  0x000000001bfe0000 JavaThread "Build operations" [_thread_in_Java, id=3652, stack(0x000000002d5c0000,0x000000002d6c0000)]
  0x000000001bfe1800 JavaThread "Cache worker for cache directory md-rule (C:\Users\HP\.gradle\caches\4.10.1\md-rule)" [_thread_blocked, id=2368, stack(0x000000002d4c0000,0x000000002d5c0000)]
  0x000000001bfe0800 JavaThread "Cache worker for cache directory md-supplier (C:\Users\HP\.gradle\caches\4.10.1\md-supplier)" [_thread_blocked, id=6232, stack(0x000000002d3c0000,0x000000002d4c0000)]
  0x000000001bfd7800 JavaThread "Cache worker for file hash cache (H:\AndroidStudioProjects\LogInPage\.gradle\4.10.1\fileHashes)" [_thread_blocked, id=4560, stack(0x000000002d2c0000,0x000000002d3c0000)]
  0x000000001bfdd800 JavaThread "Stdin handler" [_thread_blocked, id=9116, stack(0x000000002d1c0000,0x000000002d2c0000)]
  0x000000001bfdd000 JavaThread "Asynchronous log dispatcher for DefaultDaemonConnection: socket connection from /127.0.0.1:2119 to /127.0.0.1:2307" [_thread_blocked, id=2428, stack(0x000000002d0c0000,0x000000002d1c0000)]
  0x000000001bfde800 JavaThread "Daemon worker Thread 7" [_thread_blocked, id=5132, stack(0x000000002cfc0000,0x000000002d0c0000)]
  0x000000001bfda000 JavaThread "Cancel handler" [_thread_blocked, id=4484, stack(0x000000002cec0000,0x000000002cfc0000)]
  0x000000001bfdc000 JavaThread "Handler for socket connection from /127.0.0.1:2119 to /127.0.0.1:2307" [_thread_in_native, id=8308, stack(0x000000002cdc0000,0x000000002cec0000)]
  0x000000001bfdb800 JavaThread "Daemon Thread 7" [_thread_blocked, id=5068, stack(0x000000002ccc0000,0x000000002cdc0000)]
  0x000000001adfb000 JavaThread "Java2D Disposer" daemon [_thread_blocked, id=4816, stack(0x0000000025bc0000,0x0000000025cc0000)]
  0x000000001bfe3800 JavaThread "Cache worker for file content cache (C:\Users\HP\.gradle\caches\4.10.1\fileContent)" [_thread_blocked, id=6600, stack(0x00000000250c0000,0x00000000251c0000)]
  0x000000001bfd9000 JavaThread "pool-1-thread-1" [_thread_blocked, id=1332, stack(0x00000000232c0000,0x00000000233c0000)]
  0x000000001bfd7000 JavaThread "Memory manager" [_thread_blocked, id=4176, stack(0x0000000021730000,0x0000000021830000)]
  0x000000001802c000 JavaThread "Cache worker for Artifact transforms cache (C:\Users\HP\.gradle\caches\transforms-1)" [_thread_blocked, id=5804, stack(0x000000001d6a0000,0x000000001d7a0000)]
  0x0000000018030000 JavaThread "Cache worker for journal cache (C:\Users\HP\.gradle\caches\journal-1)" [_thread_blocked, id=6948, stack(0x000000001cfa0000,0x000000001d0a0000)]
  0x000000001802d000 JavaThread "File lock request listener" [_thread_in_native, id=7336, stack(0x000000001a8a0000,0x000000001a9a0000)]
  0x000000001802d800 JavaThread "Cache worker for file hash cache (C:\Users\HP\.gradle\caches\4.10.1\fileHashes)" [_thread_blocked, id=9344, stack(0x000000001a7a0000,0x000000001a8a0000)]
  0x00000000168e5000 JavaThread "Daemon periodic checks" [_thread_blocked, id=9668, stack(0x0000000018cd0000,0x0000000018dd0000)]
  0x0000000016933800 JavaThread "Incoming local TCP Connector on port 2119" [_thread_in_native, id=7364, stack(0x0000000018a90000,0x0000000018b90000)]
  0x0000000016783000 JavaThread "Daemon health stats" [_thread_blocked, id=10896, stack(0x0000000018450000,0x0000000018550000)]
  0x0000000016586000 JavaThread "Service Thread" daemon [_thread_blocked, id=4640, stack(0x0000000016a80000,0x0000000016b80000)]
  0x0000000016583800 JavaThread "C1 CompilerThread2" daemon [_thread_in_native, id=10284, stack(0x0000000016980000,0x0000000016a80000)]
=>0x0000000014d4a800 JavaThread "C2 CompilerThread1" daemon [_thread_in_native, id=3040, stack(0x0000000016480000,0x0000000016580000)]
  0x0000000014cf4800 JavaThread "C2 CompilerThread0" daemon [_thread_in_native, id=10384, stack(0x0000000016380000,0x0000000016480000)]
  0x0000000014cfa000 JavaThread "Attach Listener" daemon [_thread_blocked, id=7852, stack(0x0000000016280000,0x0000000016380000)]
  0x0000000014cf8800 JavaThread "Signal Dispatcher" daemon [_thread_blocked, id=1136, stack(0x0000000016180000,0x0000000016280000)]
  0x00000000025ed000 JavaThread "Finalizer" daemon [_thread_blocked, id=1016, stack(0x0000000015f80000,0x0000000016080000)]
  0x00000000025e3000 JavaThread "Reference Handler" daemon [_thread_blocked, id=4924, stack(0x0000000015e80000,0x0000000015f80000)]
  0x00000000024f2800 JavaThread "main" [_thread_blocked, id=1480, stack(0x00000000023e0000,0x00000000024e0000)]

Other Threads:
  0x0000000014cb7800 VMThread [stack: 0x0000000015d80000,0x0000000015e80000] [id=4760]
  0x000000001658d800 WatcherThread [stack: 0x0000000016b80000,0x0000000016c80000] [id=7204]

VM state:not at safepoint (normal execution)

VM Mutex/Monitor currently owned by a thread: None

heap address: 0x00000000c0000000, size: 1024 MB, Compressed Oops mode: 32-bit
Narrow klass base: 0x0000000000000000, Narrow klass shift: 3
Compressed class space size: 1073741824 Address: 0x0000000100000000

Heap:
 PSYoungGen      total 183296K, used 65396K [0x00000000eab00000, 0x00000000f7d00000, 0x0000000100000000)
  eden space 153088K, 28% used [0x00000000eab00000,0x00000000ed61f220,0x00000000f4080000)
  from space 30208K, 70% used [0x00000000f4080000,0x00000000f553e110,0x00000000f5e00000)
  to   space 31232K, 0% used [0x00000000f5e00000,0x00000000f5e00000,0x00000000f7c80000)
 ParOldGen       total 145920K, used 61678K [0x00000000c0000000, 0x00000000c8e80000, 0x00000000eab00000)
  object space 145920K, 42% used [0x00000000c0000000,0x00000000c3c3ba00,0x00000000c8e80000)
 Metaspace       used 95885K, capacity 100072K, committed 100264K, reserved 1136640K
  class space    used 12422K, capacity 13388K, committed 13480K, reserved 1048576K

Card table byte_map: [0x00000000119c0000,0x0000000011bd0000] byte_map_base: 0x00000000113c0000

Marking Bits: (ParMarkBitMap*) 0x0000000056d94ce0
 Begin Bits: [0x0000000012130000, 0x0000000013130000)
 End Bits:   [0x0000000013130000, 0x0000000014130000)

Polling page: 0x00000000009f0000

CodeCache: size=245760Kb used=60833Kb max_used=61275Kb free=184926Kb
 bounds [0x0000000002600000, 0x0000000006260000, 0x0000000011600000]
 total_blobs=18557 nmethods=17584 adapters=882
 compilation: enabled

Compilation events (10 events):
Event: 1543.045 Thread 0x0000000016583800 nmethod 21304 0x0000000005564d10 code [0x0000000005564e60, 0x0000000005564f70]
Event: 1543.045 Thread 0x0000000016583800 21305       1       com.android.tools.r8.dex.ApplicationWriter$SortAnnotations::add (2 bytes)
Event: 1543.045 Thread 0x0000000016583800 nmethod 21305 0x0000000005564a50 code [0x0000000005564ba0, 0x0000000005564cb0]
Event: 1543.045 Thread 0x0000000016583800 21308       2       com.android.tools.r8.dex.ApplicationWriter$SortAnnotations::add (6 bytes)
Event: 1543.045 Thread 0x0000000016583800 nmethod 21308 0x0000000005564690 code [0x0000000005564800, 0x0000000005564988]
Event: 1543.045 Thread 0x0000000016583800 21309       2       com.android.tools.r8.graph.DexAnnotationSet::sort (88 bytes)
Event: 1543.046 Thread 0x0000000016583800 nmethod 21309 0x00000000055a4d90 code [0x00000000055a4f20, 0x00000000055a51c8]
Event: 1543.046 Thread 0x0000000016583800 21311       2       com.android.tools.r8.graph.DexEncodedField::getKey (5 bytes)
Event: 1543.046 Thread 0x0000000016583800 nmethod 21311 0x00000000055a4a50 code [0x00000000055a4ba0, 0x00000000055a4cf0]
Event: 1543.046 Thread 0x0000000016583800 21312       2       com.android.tools.r8.graph.DexEncodedAnnotation::sort (88 bytes)

GC Heap History (10 events):
Event: 1538.043 GC heap before
{Heap before GC invocations=47 (full 4):
 PSYoungGen      total 152576K, used 136601K [0x00000000eab00000, 0x00000000f6200000, 0x0000000100000000)
  eden space 117248K, 100% used [0x00000000eab00000,0x00000000f1d80000,0x00000000f1d80000)
  from space 35328K, 54% used [0x00000000f3f80000,0x00000000f5266430,0x00000000f6200000)
  to   space 34816K, 0% used [0x00000000f1d80000,0x00000000f1d80000,0x00000000f3f80000)
 ParOldGen       total 145920K, used 61670K [0x00000000c0000000, 0x00000000c8e80000, 0x00000000eab00000)
  object space 145920K, 42% used [0x00000000c0000000,0x00000000c3c39a00,0x00000000c8e80000)
 Metaspace       used 95723K, capacity 99908K, committed 100264K, reserved 1136640K
  class space    used 12416K, capacity 13356K, committed 13480K, reserved 1048576K
Event: 1538.076 GC heap after
Heap after GC invocations=47 (full 4):
 PSYoungGen      total 152064K, used 19326K [0x00000000eab00000, 0x00000000f6d00000, 0x0000000100000000)
  eden space 117248K, 0% used [0x00000000eab00000,0x00000000eab00000,0x00000000f1d80000)
  from space 34816K, 55% used [0x00000000f1d80000,0x00000000f305fb10,0x00000000f3f80000)
  to   space 33280K, 0% used [0x00000000f4c80000,0x00000000f4c80000,0x00000000f6d00000)
 ParOldGen       total 145920K, used 61678K [0x00000000c0000000, 0x00000000c8e80000, 0x00000000eab00000)
  object space 145920K, 42% used [0x00000000c0000000,0x00000000c3c3ba00,0x00000000c8e80000)
 Metaspace       used 95723K, capacity 99908K, committed 100264K, reserved 1136640K
  class space    used 12416K, capacity 13356K, committed 13480K, reserved 1048576K
}
Event: 1539.106 GC heap before
{Heap before GC invocations=48 (full 4):
 PSYoungGen      total 152064K, used 136574K [0x00000000eab00000, 0x00000000f6d00000, 0x0000000100000000)
  eden space 117248K, 100% used [0x00000000eab00000,0x00000000f1d80000,0x00000000f1d80000)
  from space 34816K, 55% used [0x00000000f1d80000,0x00000000f305fb10,0x00000000f3f80000)
  to   space 33280K, 0% used [0x00000000f4c80000,0x00000000f4c80000,0x00000000f6d00000)
 ParOldGen       total 145920K, used 61678K [0x00000000c0000000, 0x00000000c8e80000, 0x00000000eab00000)
  object space 145920K, 42% used [0x00000000c0000000,0x00000000c3c3ba00,0x00000000c8e80000)
 Metaspace       used 95743K, capacity 99908K, committed 100264K, reserved 1136640K
  class space    used 12416K, capacity 13356K, committed 13480K, reserved 1048576K
Event: 1539.169 GC heap after
Heap after GC invocations=48 (full 4):
 PSYoungGen      total 165888K, used 20089K [0x00000000eab00000, 0x00000000f6c80000, 0x0000000100000000)
  eden space 133120K, 0% used [0x00000000eab00000,0x00000000eab00000,0x00000000f2d00000)
  from space 32768K, 61% used [0x00000000f4c80000,0x00000000f601e628,0x00000000f6c80000)
  to   space 32256K, 0% used [0x00000000f2d00000,0x00000000f2d00000,0x00000000f4c80000)
 ParOldGen       total 145920K, used 61678K [0x00000000c0000000, 0x00000000c8e80000, 0x00000000eab00000)
  object space 145920K, 42% used [0x00000000c0000000,0x00000000c3c3ba00,0x00000000c8e80000)
 Metaspace       used 95743K, capacity 99908K, committed 100264K, reserved 1136640K
  class space    used 12416K, capacity 13356K, committed 13480K, reserved 1048576K
}
Event: 1540.551 GC heap before
{Heap before GC invocations=49 (full 4):
 PSYoungGen      total 165888K, used 153209K [0x00000000eab00000, 0x00000000f6c80000, 0x0000000100000000)
  eden space 133120K, 100% used [0x00000000eab00000,0x00000000f2d00000,0x00000000f2d00000)
  from space 32768K, 61% used [0x00000000f4c80000,0x00000000f601e628,0x00000000f6c80000)
  to   space 32256K, 0% used [0x00000000f2d00000,0x00000000f2d00000,0x00000000f4c80000)
 ParOldGen       total 145920K, used 61678K [0x00000000c0000000, 0x00000000c8e80000, 0x00000000eab00000)
  object space 145920K, 42% used [0x00000000c0000000,0x00000000c3c3ba00,0x00000000c8e80000)
 Metaspace       used 95782K, capacity 100008K, committed 100264K, reserved 1136640K
  class space    used 12420K, capacity 13388K, committed 13480K, reserved 1048576K
Event: 1540.614 GC heap after
Heap after GC invocations=49 (full 4):
 PSYoungGen      total 165376K, used 19995K [0x00000000eab00000, 0x00000000f7c80000, 0x0000000100000000)
  eden space 133120K, 0% used [0x00000000eab00000,0x00000000eab00000,0x00000000f2d00000)
  from space 32256K, 61% used [0x00000000f2d00000,0x00000000f4086c90,0x00000000f4c80000)
  to   space 31232K, 0% used [0x00000000f5e00000,0x00000000f5e00000,0x00000000f7c80000)
 ParOldGen       total 145920K, used 61678K [0x00000000c0000000, 0x00000000c8e80000, 0x00000000eab00000)
  object space 145920K, 42% used [0x00000000c0000000,0x00000000c3c3ba00,0x00000000c8e80000)
 Metaspace       used 95782K, capacity 100008K, committed 100264K, reserved 1136640K
  class space    used 12420K, capacity 13388K, committed 13480K, reserved 1048576K
}
Event: 1541.447 GC heap before
{Heap before GC invocations=50 (full 4):
 PSYoungGen      total 165376K, used 153115K [0x00000000eab00000, 0x00000000f7c80000, 0x0000000100000000)
  eden space 133120K, 100% used [0x00000000eab00000,0x00000000f2d00000,0x00000000f2d00000)
  from space 32256K, 61% used [0x00000000f2d00000,0x00000000f4086c90,0x00000000f4c80000)
  to   space 31232K, 0% used [0x00000000f5e00000,0x00000000f5e00000,0x00000000f7c80000)
 ParOldGen       total 145920K, used 61678K [0x00000000c0000000, 0x00000000c8e80000, 0x00000000eab00000)
  object space 145920K, 42% used [0x00000000c0000000,0x00000000c3c3ba00,0x00000000c8e80000)
 Metaspace       used 95802K, capacity 100008K, committed 100264K, reserved 1136640K
  class space    used 12420K, capacity 13388K, committed 13480K, reserved 1048576K
Event: 1541.547 GC heap after
Heap after GC invocations=50 (full 4):
 PSYoungGen      total 184320K, used 20328K [0x00000000eab00000, 0x00000000f7d00000, 0x0000000100000000)
  eden space 153088K, 0% used [0x00000000eab00000,0x00000000eab00000,0x00000000f4080000)
  from space 31232K, 65% used [0x00000000f5e00000,0x00000000f71da318,0x00000000f7c80000)
  to   space 30208K, 0% used [0x00000000f4080000,0x00000000f4080000,0x00000000f5e00000)
 ParOldGen       total 145920K, used 61678K [0x00000000c0000000, 0x00000000c8e80000, 0x00000000eab00000)
  object space 145920K, 42% used [0x00000000c0000000,0x00000000c3c3ba00,0x00000000c8e80000)
 Metaspace       used 95802K, capacity 100008K, committed 100264K, reserved 1136640K
  class space    used 12420K, capacity 13388K, committed 13480K, reserved 1048576K
}
Event: 1542.703 GC heap before
{Heap before GC invocations=51 (full 4):
 PSYoungGen      total 184320K, used 173416K [0x00000000eab00000, 0x00000000f7d00000, 0x0000000100000000)
  eden space 153088K, 100% used [0x00000000eab00000,0x00000000f4080000,0x00000000f4080000)
  from space 31232K, 65% used [0x00000000f5e00000,0x00000000f71da318,0x00000000f7c80000)
  to   space 30208K, 0% used [0x00000000f4080000,0x00000000f4080000,0x00000000f5e00000)
 ParOldGen       total 145920K, used 61678K [0x00000000c0000000, 0x00000000c8e80000, 0x00000000eab00000)
  object space 145920K, 42% used [0x00000000c0000000,0x00000000c3c3ba00,0x00000000c8e80000)
 Metaspace       used 95832K, capacity 100008K, committed 100264K, reserved 1136640K
  class space    used 12422K, capacity 13388K, committed 13480K, reserved 1048576K
Event: 1542.739 GC heap after
Heap after GC invocations=51 (full 4):
 PSYoungGen      total 183296K, used 21240K [0x00000000eab00000, 0x00000000f7d00000, 0x0000000100000000)
  eden space 153088K, 0% used [0x00000000eab00000,0x00000000eab00000,0x00000000f4080000)
  from space 30208K, 70% used [0x00000000f4080000,0x00000000f553e110,0x00000000f5e00000)
  to   space 31232K, 0% used [0x00000000f5e00000,0x00000000f5e00000,0x00000000f7c80000)
 ParOldGen       total 145920K, used 61678K [0x00000000c0000000, 0x00000000c8e80000, 0x00000000eab00000)
  object space 145920K, 42% used [0x00000000c0000000,0x00000000c3c3ba00,0x00000000c8e80000)
 Metaspace       used 95832K, capacity 100008K, committed 100264K, reserved 1136640K
  class space    used 12422K, capacity 13388K, committed 13480K, reserved 1048576K
}

Deoptimization events (10 events):
Event: 1542.294 Thread 0x000000001bfe0000 Uncommon trap: reason=unstable_if action=reinterpret pc=0x0000000005c92350 method=com.android.tools.r8.ir.conversion.JarState$Slot.isReferenceCompatible(Lcom/android/tools/r8/org/objectweb/asm/Type;Lcom/android/tools/r8/org/objectweb/asm/Type;)Z @ 95
Event: 1542.296 Thread 0x000000001bfe0000 Uncommon trap: reason=unstable_if action=reinterpret pc=0x0000000005f18c1c method=com.android.tools.r8.ir.conversion.JarState$Slot.isReferenceCompatible(Lcom/android/tools/r8/org/objectweb/asm/Type;Lcom/android/tools/r8/org/objectweb/asm/Type;)Z @ 95
Event: 1542.611 Thread 0x000000001bfe5000 Uncommon trap: reason=unstable_if action=reinterpret pc=0x000000000580033c method=com.android.tools.r8.ir.code.Position.equals(Ljava/lang/Object;)Z @ 27
Event: 1542.611 Thread 0x000000001bfe5000 Uncommon trap: reason=unstable_if action=reinterpret pc=0x0000000005d01bcc method=com.android.tools.r8.ir.code.Position.equals(Ljava/lang/Object;)Z @ 27
Event: 1542.812 Thread 0x000000001bfe5000 Uncommon trap: reason=unstable_if action=reinterpret pc=0x0000000005e1e9c0 method=com.android.tools.r8.ir.conversion.JarState$Slot.isCategory1(Lcom/android/tools/r8/org/objectweb/asm/Type;)Z @ 11
Event: 1542.813 Thread 0x000000001bfe5000 Uncommon trap: reason=unstable_if action=reinterpret pc=0x0000000005f24acc method=com.android.tools.r8.ir.conversion.JarState$Slot.isCategory1(Lcom/android/tools/r8/org/objectweb/asm/Type;)Z @ 11
Event: 1542.814 Thread 0x000000001bfe5000 Uncommon trap: reason=unstable_if action=reinterpret pc=0x0000000005e84874 method=com.android.tools.r8.ir.conversion.JarState$Slot.isCategory1(Lcom/android/tools/r8/org/objectweb/asm/Type;)Z @ 11
Event: 1542.814 Thread 0x000000001bfe5000 Uncommon trap: reason=unstable_if action=reinterpret pc=0x0000000005f294fc method=com.android.tools.r8.ir.conversion.JarState$Slot.isCategory1(Lcom/android/tools/r8/org/objectweb/asm/Type;)Z @ 11
Event: 1542.820 Thread 0x000000001bfe5000 Uncommon trap: reason=unstable_if action=reinterpret pc=0x0000000006225950 method=com.android.tools.r8.ir.regalloc.LinearScanRegisterAllocator.allocateSingleInterval(Lcom/android/tools/r8/ir/regalloc/LiveIntervals;Lcom/android/tools/r8/ir/regalloc/LinearS
Event: 1542.969 Thread 0x000000001bfe4800 Uncommon trap: reason=unstable_if action=reinterpret pc=0x0000000003eb7a5c method=java.util.TimSort.countRunAndMakeAscending([Ljava/lang/Object;IILjava/util/Comparator;)I @ 27

Classes redefined (0 events):
No events

Internal exceptions (10 events):
Event: 1529.075 Thread 0x000000001bfe5000 Exception <a 'java/lang/NoSuchMethodError': java.lang.Object.lambda$and$0(Ljava/util/function/Predicate;Ljava/lang/Object;)Z> (0x00000000ee975c88) thrown at [C:\re\workspace\8-2-build-windows-amd64-cygwin\jdk8u201\12322\hotspot\src\share\vm\interpreter\li
Event: 1529.075 Thread 0x000000001bfe4800 Exception <a 'java/lang/NoSuchMethodError': java.lang.Object.lambda$and$0(Ljava/util/function/Predicate;Ljava/lang/Object;)Z> (0x00000000ee980698) thrown at [C:\re\workspace\8-2-build-windows-amd64-cygwin\jdk8u201\12322\hotspot\src\share\vm\interpreter\li
Event: 1529.075 Thread 0x000000001bfe0000 Exception <a 'java/lang/NoSuchMethodError': java.lang.Object.lambda$and$0(Ljava/util/function/Predicate;Ljava/lang/Object;)Z> (0x00000000ee9952d0) thrown at [C:\re\workspace\8-2-build-windows-amd64-cygwin\jdk8u201\12322\hotspot\src\share\vm\interpreter\li
Event: 1529.236 Thread 0x000000001bfe0000 Exception <a 'sun/nio/fs/WindowsException'> (0x00000000ef173b88) thrown at [C:\re\workspace\8-2-build-windows-amd64-cygwin\jdk8u201\12322\hotspot\src\share\vm\prims\jni.cpp, line 709]
Event: 1529.277 Thread 0x000000001bfe4800 Exception <a 'sun/nio/fs/WindowsException'> (0x00000000efa5c788) thrown at [C:\re\workspace\8-2-build-windows-amd64-cygwin\jdk8u201\12322\hotspot\src\share\vm\prims\jni.cpp, line 709]
Event: 1529.296 Thread 0x000000001bfe5000 Exception <a 'sun/nio/fs/WindowsException'> (0x00000000efd68180) thrown at [C:\re\workspace\8-2-build-windows-amd64-cygwin\jdk8u201\12322\hotspot\src\share\vm\prims\jni.cpp, line 709]
Event: 1535.933 Thread 0x000000001bfe0000 Exception <a 'sun/nio/fs/WindowsException'> (0x00000000edde2710) thrown at [C:\re\workspace\8-2-build-windows-amd64-cygwin\jdk8u201\12322\hotspot\src\share\vm\prims\jni.cpp, line 709]
Event: 1535.954 Thread 0x000000001bfe0000 Implicit null exception at 0x0000000003717992 to 0x000000000371d319
Event: 1536.236 Thread 0x000000001bfe0000 Exception <a 'sun/nio/fs/WindowsException'> (0x00000000f08ae328) thrown at [C:\re\workspace\8-2-build-windows-amd64-cygwin\jdk8u201\12322\hotspot\src\share\vm\prims\jni.cpp, line 709]
Event: 1541.305 Thread 0x000000001bfe5000 Implicit null exception at 0x00000000061b726d to 0x00000000061b8629

Events (10 events):
Event: 1542.927 Thread 0x000000001bfe0000 DEOPT UNPACKING pc=0x0000000002647890 sp=0x000000002d6bcd50 mode 0
Event: 1542.969 Thread 0x000000001bfe4800 Uncommon trap: trap_request=0xffffff65 fr.pc=0x0000000003eb7a5c
Event: 1542.969 Thread 0x000000001bfe4800 DEOPT PACKING pc=0x0000000003eb7a5c sp=0x000000002d9be020
Event: 1542.969 Thread 0x000000001bfe4800 DEOPT UNPACKING pc=0x000000000264583b sp=0x000000002d9bdf58 mode 2
Event: 1542.986 Thread 0x000000001bfe4800 DEOPT PACKING pc=0x0000000005776f11 sp=0x000000002d9bde30
Event: 1542.986 Thread 0x000000001bfe4800 DEOPT UNPACKING pc=0x0000000002647890 sp=0x000000002d9bdba8 mode 0
Event: 1542.989 Thread 0x000000001bfe5000 DEOPT PACKING pc=0x0000000005518e58 sp=0x000000002d7bcf80
Event: 1542.989 Thread 0x000000001bfe5000 DEOPT UNPACKING pc=0x0000000002647890 sp=0x000000002d7bcd08 mode 0
Event: 1543.035 Thread 0x000000001bfe0000 DEOPT PACKING pc=0x0000000005d58ef7 sp=0x000000002d6bd4b0
Event: 1543.035 Thread 0x000000001bfe0000 DEOPT UNPACKING pc=0x0000000002647890 sp=0x000000002d6bd370 mode 0


Dynamic libraries:
0x00007ff6a78f0000 - 0x00007ff6a7927000 	C:\Program Files\Java\jdk1.8.0_201\bin\java.exe
0x00007ffe07560000 - 0x00007ffe07741000 	C:\WINDOWS\SYSTEM32\ntdll.dll
0x00007ffdf7760000 - 0x00007ffdf7772000 	C:\Program Files\AVAST Software\Avast\aswhook.dll
0x00007ffe060a0000 - 0x00007ffe06152000 	C:\WINDOWS\System32\KERNEL32.DLL
0x00007ffe03b20000 - 0x00007ffe03d93000 	C:\WINDOWS\System32\KERNELBASE.dll
0x00007ffe06e70000 - 0x00007ffe06f11000 	C:\WINDOWS\System32\ADVAPI32.dll
0x00007ffe068d0000 - 0x00007ffe0696e000 	C:\WINDOWS\System32\msvcrt.dll
0x00007ffe06f20000 - 0x00007ffe06f7b000 	C:\WINDOWS\System32\sechost.dll
0x00007ffe06970000 - 0x00007ffe06a94000 	C:\WINDOWS\System32\RPCRT4.dll
0x00007ffe04a00000 - 0x00007ffe04b90000 	C:\WINDOWS\System32\USER32.dll
0x00007ffe04120000 - 0x00007ffe04140000 	C:\WINDOWS\System32\win32u.dll
0x00007ffe07500000 - 0x00007ffe07528000 	C:\WINDOWS\System32\GDI32.dll
0x00007ffe04850000 - 0x00007ffe049e2000 	C:\WINDOWS\System32\gdi32full.dll
0x00007ffe03ea0000 - 0x00007ffe03f3f000 	C:\WINDOWS\System32\msvcp_win.dll
0x00007ffe03da0000 - 0x00007ffe03e9a000 	C:\WINDOWS\System32\ucrtbase.dll
0x00007ffdf51f0000 - 0x00007ffdf5459000 	C:\WINDOWS\WinSxS\amd64_microsoft.windows.common-controls_6595b64144ccf1df_6.0.17134.523_none_fb409dd930672a56\COMCTL32.dll
0x00007ffe06f80000 - 0x00007ffe072a2000 	C:\WINDOWS\System32\combase.dll
0x00007ffe03f90000 - 0x00007ffe0400a000 	C:\WINDOWS\System32\bcryptPrimitives.dll
0x00007ffe074d0000 - 0x00007ffe074fd000 	C:\WINDOWS\System32\IMM32.DLL
0x0000000056e20000 - 0x0000000056ef1000 	C:\Program Files\Java\jdk1.8.0_201\jre\bin\msvcr100.dll
0x0000000056570000 - 0x0000000056e14000 	C:\Program Files\Java\jdk1.8.0_201\jre\bin\server\jvm.dll
0x00007ffe049f0000 - 0x00007ffe049f8000 	C:\WINDOWS\System32\PSAPI.DLL
0x00007ffdf4200000 - 0x00007ffdf4209000 	C:\WINDOWS\SYSTEM32\WSOCK32.dll
0x00007ffe06800000 - 0x00007ffe0686c000 	C:\WINDOWS\System32\WS2_32.dll
0x00007ffdfc940000 - 0x00007ffdfc963000 	C:\WINDOWS\SYSTEM32\WINMM.dll
0x00007ffdf4ff0000 - 0x00007ffdf4ffa000 	C:\WINDOWS\SYSTEM32\VERSION.dll
0x00007ffdfc910000 - 0x00007ffdfc93a000 	C:\WINDOWS\SYSTEM32\WINMMBASE.dll
0x00007ffe03f40000 - 0x00007ffe03f89000 	C:\WINDOWS\System32\cfgmgr32.dll
0x00007ffdfcb70000 - 0x00007ffdfcb7f000 	C:\Program Files\Java\jdk1.8.0_201\jre\bin\verify.dll
0x00007ffdeb230000 - 0x00007ffdeb259000 	C:\Program Files\Java\jdk1.8.0_201\jre\bin\java.dll
0x00007ffde93c0000 - 0x00007ffde93d6000 	C:\Program Files\Java\jdk1.8.0_201\jre\bin\zip.dll
0x00007ffe04c60000 - 0x00007ffe060a0000 	C:\WINDOWS\System32\SHELL32.dll
0x00007ffe07410000 - 0x00007ffe074b9000 	C:\WINDOWS\System32\shcore.dll
0x00007ffe04140000 - 0x00007ffe0484d000 	C:\WINDOWS\System32\windows.storage.dll
0x00007ffe06c20000 - 0x00007ffe06c71000 	C:\WINDOWS\System32\shlwapi.dll
0x00007ffe03910000 - 0x00007ffe03921000 	C:\WINDOWS\System32\kernel.appcore.dll
0x00007ffe038f0000 - 0x00007ffe0390f000 	C:\WINDOWS\System32\profapi.dll
0x00007ffe03890000 - 0x00007ffe038dc000 	C:\WINDOWS\System32\powrprof.dll
0x00007ffe038e0000 - 0x00007ffe038ea000 	C:\WINDOWS\System32\FLTLIB.DLL
0x00007ffde93a0000 - 0x00007ffde93ba000 	C:\Program Files\Java\jdk1.8.0_201\jre\bin\net.dll
0x00007ffdf72d0000 - 0x00007ffdf7499000 	C:\WINDOWS\SYSTEM32\urlmon.dll
0x00007ffdf77f0000 - 0x00007ffdf7a95000 	C:\WINDOWS\SYSTEM32\iertutil.dll
0x00007ffe032c0000 - 0x00007ffe032cb000 	C:\WINDOWS\SYSTEM32\CRYPTBASE.DLL
0x00007ffe030f0000 - 0x00007ffe03156000 	C:\WINDOWS\system32\mswsock.dll
0x00007ffde9380000 - 0x00007ffde9391000 	C:\Program Files\Java\jdk1.8.0_201\jre\bin\nio.dll
0x00007ffdf30e0000 - 0x00007ffdf30fe000 	C:\Users\HP\.gradle\native\25\windows-amd64\native-platform.dll
0x00007ffdf7b00000 - 0x00007ffdf7b0d000 	C:\Program Files\Java\jdk1.8.0_201\jre\bin\management.dll
0x00007ffe032a0000 - 0x00007ffe032b7000 	C:\WINDOWS\SYSTEM32\CRYPTSP.dll
0x00007ffe02cd0000 - 0x00007ffe02d03000 	C:\WINDOWS\system32\rsaenh.dll
0x00007ffe033d0000 - 0x00007ffe033f5000 	C:\WINDOWS\SYSTEM32\bcrypt.dll
0x00007ffe03770000 - 0x00007ffe03798000 	C:\WINDOWS\SYSTEM32\USERENV.dll
0x00007ffe02e70000 - 0x00007ffe02ea8000 	C:\WINDOWS\SYSTEM32\IPHLPAPI.DLL
0x00007ffe067f0000 - 0x00007ffe067f8000 	C:\WINDOWS\System32\NSI.dll
0x00007ffdfc0f0000 - 0x00007ffdfc106000 	C:\WINDOWS\SYSTEM32\dhcpcsvc6.DLL
0x00007ffdfc520000 - 0x00007ffdfc53a000 	C:\WINDOWS\SYSTEM32\dhcpcsvc.DLL
0x00007ffdf72a0000 - 0x00007ffdf72c4000 	C:\Program Files\Java\jdk1.8.0_201\jre\bin\sunec.dll
0x00007ffe02ec0000 - 0x00007ffe02f7e000 	C:\WINDOWS\SYSTEM32\DNSAPI.dll
0x00007ffdf3460000 - 0x00007ffdf346a000 	C:\Windows\System32\rasadhlp.dll
0x00007ffde4e80000 - 0x00007ffde4ef2000 	C:\WINDOWS\System32\fwpuclnt.dll
0x00007ffdfcad0000 - 0x00007ffdfcadb000 	C:\Program Files\Java\jdk1.8.0_201\jre\bin\sunmscapi.dll
0x00007ffe03930000 - 0x00007ffe03b12000 	C:\WINDOWS\System32\CRYPT32.dll
0x00007ffe03870000 - 0x00007ffe03882000 	C:\WINDOWS\System32\MSASN1.dll
0x00007ffde5280000 - 0x00007ffde5419000 	C:\Program Files\Java\jdk1.8.0_201\jre\bin\awt.dll
0x00007ffe04b90000 - 0x00007ffe04c52000 	C:\WINDOWS\System32\OLEAUT32.dll
0x00007ffe015d0000 - 0x00007ffe0165b000 	C:\WINDOWS\SYSTEM32\apphelp.dll
0x00007ffe019e0000 - 0x00007ffe01a09000 	C:\WINDOWS\system32\DWMAPI.DLL
0x00007ffe01750000 - 0x00007ffe017e8000 	C:\WINDOWS\system32\uxtheme.dll
0x00007ffdf7270000 - 0x00007ffdf729a000 	C:\Program Files\Java\jdk1.8.0_201\jre\bin\dcpr.dll

VM Arguments:
jvm_args: -XX:MaxPermSize=512m -Xmx1024m -Dfile.encoding=windows-1252 -Duser.country=US -Duser.language=en -Duser.variant 
java_command: org.gradle.launcher.daemon.bootstrap.GradleDaemon 4.10.1
java_class_path (initial): C:\Users\HP\.gradle\wrapper\dists\gradle-4.10.1-all\455itskqi2qtf0v2sja68alqd\gradle-4.10.1\lib\gradle-launcher-4.10.1.jar
Launcher Type: SUN_STANDARD

Environment Variables:
JAVA_HOME=C:\Program Files\Java\jdk1.8.0_201
PATH=C:\Program Files (x86)\Common Files\Oracle\Java\javapath;C:\Program Files (x86)\Common Files\ArcSoft\Bin;C:\Program Files (x86)\Intel\iCLS Client\;C:\Program Files\Intel\iCLS Client\;C:\WINDOWS\system32;C:\WINDOWS;C:\WINDOWS\System32\Wbem;C:\WINDOWS\System32\WindowsPowerShell\v1.0\;C:\Program Files (x86)\Intel\Intel(R) Management Engine Components\DAL;C:\Program Files\Intel\Intel(R) Management Engine Components\DAL;C:\Program Files (x86)\Intel\Intel(R) Management Engine Components\IPT;C:\Program Files\Intel\Intel(R) Management Engine Components\IPT;c:\Program Files\Intel\WiFi\bin\;c:\Program Files\Common Files\Intel\WirelessCommon\;C:\Program Files (x86)\GtkSharp\2.12\bin;C:\WINDOWS\System32\OpenSSH\;C:\Users\HP\AppData\Local\Android\Sdk;C:\Program Files\Java\jdk1.8.0_201bin;C:\Program Files\Java\jdk1.8.0_201\bin;C:\Program Files\Java\jre1.8.0_201\bin;C:\Program Files\Java\jdk1.8.0_201\bin;C:\Users\HP\AppData\Local\Microsoft\WindowsApps;
USERNAME=HP
OS=Windows_NT
PROCESSOR_IDENTIFIER=Intel64 Family 6 Model 61 Stepping 4, GenuineIntel



---------------  S Y S T E M  ---------------

OS: Windows 10.0 , 64 bit Build 17134 (10.0.17134.1)

CPU:total 4 (initial active 4) (2 cores per cpu, 2 threads per core) family 6 model 61 stepping 4, cmov, cx8, fxsr, mmx, sse, sse2, sse3, ssse3, sse4.1, sse4.2, popcnt, avx, avx2, aes, clmul, erms, 3dnowpref, lzcnt, ht, tsc, tscinvbit, bmi1, bmi2, adx

Memory: 4k page, physical 4082796k(373408k free), swap 4082796k(5256k free)

vm_info: Java HotSpot(TM) 64-Bit Server VM (25.201-b09) for windows-amd64 JRE (1.8.0_201-b09), built on Dec 15 2018 18:36:39 by "java_re" with MS VC++ 10.0 (VS2010)

time: Wed Feb 06 21:52:48 2019
timezone: Bangladesh Standard Time
elapsed time: 1543 seconds (0d 0h 25m 43s)

