#
# There is insufficient memory for the Java Runtime Environment to continue.
# Native memory allocation (malloc) failed to allocate 70672 bytes for Chunk::new
# Possible reasons:
#   The system is out of physical RAM or swap space
#   In 32 bit mode, the process size limit was hit
# Possible solutions:
#   Reduce memory load on the system
#   Increase physical memory or swap space
#   Check if swap backing store is full
#   Use 64 bit Java on a 64 bit OS
#   Decrease Java heap size (-Xmx/-Xms)
#   Decrease number of Java threads
#   Decrease Java thread stack sizes (-Xss)
#   Set larger code cache with -XX:ReservedCodeCacheSize=
# This output file may be truncated or incomplete.
#
#  Out of Memory Error (allocation.cpp:390), pid=7548, tid=0x0000000000002e4c
#
# JRE version: OpenJDK Runtime Environment (8.0_152-b02) (build 1.8.0_152-release-1024-b02)
# Java VM: OpenJDK 64-Bit Server VM (25.152-b02 mixed mode windows-amd64 compressed oops)
# Failed to write core dump. Minidumps are not enabled by default on client versions of Windows
#

---------------  T H R E A D  ---------------

Current thread (0x0000000015b41800):  JavaThread "C2 CompilerThread1" daemon [_thread_in_native, id=11852, stack(0x00000000172b0000,0x00000000173b0000)]

Stack: [0x00000000172b0000,0x00000000173b0000]
[error occurred during error reporting (printing stack bounds), id 0xc0000005]

Native frames: (J=compiled Java code, j=interpreted, Vv=VM code, C=native code)


Current CompileTask:
C2:  73243 8378       4       org.gradle.internal.component.model.ComponentAttributeMatcher::doMatchCandidate (201 bytes)


---------------  P R O C E S S  ---------------

Java Threads: ( => current thread )
  0x000000001d12e000 JavaThread "Memory manager" [_thread_blocked, id=10536, stack(0x00000000200b0000,0x00000000201b0000)]
  0x000000001d131000 JavaThread "build operations Thread 4" [_thread_blocked, id=7852, stack(0x000000001f9b0000,0x000000001fab0000)]
  0x000000001d12c800 JavaThread "build operations Thread 3" [_thread_in_native, id=7148, stack(0x000000001f8b0000,0x000000001f9b0000)]
  0x000000001d12d000 JavaThread "build operations Thread 2" [_thread_blocked, id=12652, stack(0x000000001f7b0000,0x000000001f8b0000)]
  0x000000001d131800 JavaThread "build operations" [_thread_blocked, id=11660, stack(0x000000001dbc0000,0x000000001dcc0000)]
  0x000000001d12f800 JavaThread "Cache worker for Artifact transforms cache (C:\Users\HP\.gradle\caches\transforms-1)" [_thread_blocked, id=7700, stack(0x000000001c9a0000,0x000000001caa0000)]
  0x000000001a739800 JavaThread "Cache worker for file hash cache (H:\AndroidStudioProjects\LogInPage\.gradle\4.4\fileHashes)" [_thread_blocked, id=12520, stack(0x000000001b6d0000,0x000000001b7d0000)]
  0x0000000018074000 JavaThread "File lock request listener" [_thread_in_native, id=3008, stack(0x000000001a600000,0x000000001a700000)]
  0x0000000018baf000 JavaThread "Cache worker for file hash cache (C:\Users\HP\.gradle\caches\4.4\fileHashes)" [_thread_blocked, id=11668, stack(0x000000001a500000,0x000000001a600000)]
  0x0000000018a2b000 JavaThread "Asynchronous log dispatcher for DefaultDaemonConnection: socket connection from /127.0.0.1:2908 to /127.0.0.1:2909" [_thread_blocked, id=10860, stack(0x000000001a100000,0x000000001a200000)]
  0x0000000018a47000 JavaThread "Daemon worker" [_thread_blocked, id=11284, stack(0x000000001a000000,0x000000001a100000)]
  0x0000000018a46800 JavaThread "Cancel handler" [_thread_blocked, id=10372, stack(0x0000000019f00000,0x000000001a000000)]
  0x00000000189f8000 JavaThread "Handler for socket connection from /127.0.0.1:2908 to /127.0.0.1:2909" [_thread_in_native, id=3744, stack(0x0000000019c00000,0x0000000019d00000)]
  0x00000000189eb800 JavaThread "Daemon" [_thread_blocked, id=1988, stack(0x0000000019b00000,0x0000000019c00000)]
  0x0000000018b01800 JavaThread "Daemon periodic checks" [_thread_blocked, id=11316, stack(0x0000000019a00000,0x0000000019b00000)]
  0x0000000018b00800 JavaThread "Incoming local TCP Connector on port 2908" [_thread_in_native, id=9796, stack(0x00000000197c0000,0x00000000198c0000)]
  0x00000000174d8800 JavaThread "Service Thread" daemon [_thread_blocked, id=4744, stack(0x00000000178b0000,0x00000000179b0000)]
  0x0000000015b4a000 JavaThread "C1 CompilerThread2" daemon [_thread_blocked, id=9904, stack(0x00000000173b0000,0x00000000174b0000)]
=>0x0000000015b41800 JavaThread "C2 CompilerThread1" daemon [_thread_in_native, id=11852, stack(0x00000000172b0000,0x00000000173b0000)]
  0x0000000015b3b800 JavaThread "C2 CompilerThread0" daemon [_thread_blocked, id=10400, stack(0x00000000171b0000,0x00000000172b0000)]
  0x0000000015b3a000 JavaThread "Attach Listener" daemon [_thread_blocked, id=8672, stack(0x00000000170b0000,0x00000000171b0000)]
  0x0000000015b38800 JavaThread "Signal Dispatcher" daemon [_thread_blocked, id=10588, stack(0x0000000016fb0000,0x00000000170b0000)]
  0x00000000021cc800 JavaThread "Finalizer" daemon [_thread_blocked, id=6848, stack(0x0000000016dc0000,0x0000000016ec0000)]
  0x00000000021c1800 JavaThread "Reference Handler" daemon [_thread_blocked, id=8808, stack(0x0000000016cc0000,0x0000000016dc0000)]
  0x0000000001f9d800 JavaThread "main" [_thread_blocked, id=12484, stack(0x0000000001fd0000,0x00000000020d0000)]

Other Threads:
  0x0000000015b06800 VMThread [stack: 0x0000000016bc0000,0x0000000016cc0000] [id=9848]
  0x00000000174da000 WatcherThread [stack: 0x00000000179b0000,0x0000000017ab0000] [id=11348]

VM state:not at safepoint (normal execution)

VM Mutex/Monitor currently owned by a thread: None

Heap:
 PSYoungGen      total 122880K, used 52514K [0x00000000e0000000, 0x00000000e9a80000, 0x0000000100000000)
  eden space 109568K, 40% used [0x00000000e0000000,0x00000000e2ae8ca0,0x00000000e6b00000)
  from space 13312K, 64% used [0x00000000e6b00000,0x00000000e735fce8,0x00000000e7800000)
  to   space 13312K, 0% used [0x00000000e8d80000,0x00000000e8d80000,0x00000000e9a80000)
 ParOldGen       total 99328K, used 43585K [0x00000000a0000000, 0x00000000a6100000, 0x00000000e0000000)
  object space 99328K, 43% used [0x00000000a0000000,0x00000000a2a90738,0x00000000a6100000)
 Metaspace       used 62652K, capacity 64524K, committed 64856K, reserved 1105920K
  class space    used 8460K, capacity 8971K, committed 9088K, reserved 1048576K

Card table byte_map: [0x0000000011590000,0x00000000118a0000] byte_map_base: 0x0000000011090000

Marking Bits: (ParMarkBitMap*) 0x0000000067674970
 Begin Bits: [0x0000000011ea0000, 0x00000000136a0000)
 End Bits:   [0x00000000136a0000, 0x0000000014ea0000)

Polling page: 0x0000000001f30000

CodeCache: size=245760Kb used=23886Kb max_used=23898Kb free=221873Kb
 bounds [0x00000000021d0000, 0x0000000003950000, 0x00000000111d0000]
 total_blobs=8125 nmethods=7308 adapters=729
 compilation: enabled

Compilation events (10 events):
Event: 72.759 Thread 0x0000000015b4a000 nmethod 8374 0x0000000003941850 code [0x00000000039419a0, 0x0000000003941ab0]
Event: 72.759 Thread 0x0000000015b4a000 8375       3       org.gradle.api.internal.artifacts.ivyservice.resolveengine.result.StreamingResolutionResultBuilder$4::write (114 bytes)
Event: 72.760 Thread 0x0000000015b4a000 nmethod 8375 0x000000000393c450 code [0x000000000393c6a0, 0x000000000393d3d8]
Event: 72.771 Thread 0x0000000015b41800 8376       4       org.gradle.internal.component.external.model.DefaultModuleComponentArtifactIdentifier::getComponentIdentifier (5 bytes)
Event: 72.771 Thread 0x0000000015b41800 nmethod 8376 0x0000000003152210 code [0x0000000003152340, 0x0000000003152398]
Event: 72.876 Thread 0x0000000015b3b800 8377       4       org.gradle.api.internal.artifacts.DefaultResolvedArtifact::hashCode (16 bytes)
Event: 72.924 Thread 0x0000000015b3b800 nmethod 8377 0x00000000039428d0 code [0x0000000003942a60, 0x00000000039435d8]
Event: 72.966 Thread 0x0000000015b41800 8378       4       org.gradle.internal.component.model.ComponentAttributeMatcher::doMatchCandidate (201 bytes)
Event: 73.190 Thread 0x0000000015b3b800 8379       4       java.lang.Integer::formatUnsignedInt (48 bytes)
Event: 73.193 Thread 0x0000000015b3b800 nmethod 8379 0x0000000003941350 code [0x00000000039414a0, 0x0000000003941698]

GC Heap History (10 events):
Event: 26.578 GC heap before
{Heap before GC invocations=18 (full 2):
 PSYoungGen      total 84480K, used 84476K [0x00000000e0000000, 0x00000000e6f80000, 0x0000000100000000)
  eden space 76800K, 100% used [0x00000000e0000000,0x00000000e4b00000,0x00000000e4b00000)
  from space 7680K, 99% used [0x00000000e4b00000,0x00000000e527f2e0,0x00000000e5280000)
  to   space 10240K, 0% used [0x00000000e6580000,0x00000000e6580000,0x00000000e6f80000)
 ParOldGen       total 58880K, used 22322K [0x00000000a0000000, 0x00000000a3980000, 0x00000000e0000000)
  object space 58880K, 37% used [0x00000000a0000000,0x00000000a15ccb90,0x00000000a3980000)
 Metaspace       used 52744K, capacity 54288K, committed 54488K, reserved 1095680K
  class space    used 7129K, capacity 7572K, committed 7680K, reserved 1048576K
Event: 26.606 GC heap after
Heap after GC invocations=18 (full 2):
 PSYoungGen      total 103424K, used 8593K [0x00000000e0000000, 0x00000000e7380000, 0x0000000100000000)
  eden space 93184K, 0% used [0x00000000e0000000,0x00000000e0000000,0x00000000e5b00000)
  from space 10240K, 83% used [0x00000000e6580000,0x00000000e6de44e0,0x00000000e6f80000)
  to   space 10752K, 0% used [0x00000000e5b00000,0x00000000e5b00000,0x00000000e6580000)
 ParOldGen       total 58880K, used 30057K [0x00000000a0000000, 0x00000000a3980000, 0x00000000e0000000)
  object space 58880K, 51% used [0x00000000a0000000,0x00000000a1d5a518,0x00000000a3980000)
 Metaspace       used 52744K, capacity 54288K, committed 54488K, reserved 1095680K
  class space    used 7129K, capacity 7572K, committed 7680K, reserved 1048576K
}
Event: 29.179 GC heap before
{Heap before GC invocations=19 (full 2):
 PSYoungGen      total 103424K, used 101777K [0x00000000e0000000, 0x00000000e7380000, 0x0000000100000000)
  eden space 93184K, 100% used [0x00000000e0000000,0x00000000e5b00000,0x00000000e5b00000)
  from space 10240K, 83% used [0x00000000e6580000,0x00000000e6de44e0,0x00000000e6f80000)
  to   space 10752K, 0% used [0x00000000e5b00000,0x00000000e5b00000,0x00000000e6580000)
 ParOldGen       total 58880K, used 30057K [0x00000000a0000000, 0x00000000a3980000, 0x00000000e0000000)
  object space 58880K, 51% used [0x00000000a0000000,0x00000000a1d5a518,0x00000000a3980000)
 Metaspace       used 56789K, capacity 58528K, committed 58712K, reserved 1099776K
  class space    used 7808K, capacity 8274K, committed 8320K, reserved 1048576K
Event: 29.207 GC heap after
Heap after GC invocations=19 (full 2):
 PSYoungGen      total 103936K, used 10736K [0x00000000e0000000, 0x00000000e8480000, 0x0000000100000000)
  eden space 93184K, 0% used [0x00000000e0000000,0x00000000e0000000,0x00000000e5b00000)
  from space 10752K, 99% used [0x00000000e5b00000,0x00000000e657c230,0x00000000e6580000)
  to   space 12800K, 0% used [0x00000000e7800000,0x00000000e7800000,0x00000000e8480000)
 ParOldGen       total 58880K, used 32393K [0x00000000a0000000, 0x00000000a3980000, 0x00000000e0000000)
  object space 58880K, 55% used [0x00000000a0000000,0x00000000a1fa24e0,0x00000000a3980000)
 Metaspace       used 56789K, capacity 58528K, committed 58712K, reserved 1099776K
  class space    used 7808K, capacity 8274K, committed 8320K, reserved 1048576K
}
Event: 29.989 GC heap before
{Heap before GC invocations=20 (full 2):
 PSYoungGen      total 103936K, used 84056K [0x00000000e0000000, 0x00000000e8480000, 0x0000000100000000)
  eden space 93184K, 78% used [0x00000000e0000000,0x00000000e479a038,0x00000000e5b00000)
  from space 10752K, 99% used [0x00000000e5b00000,0x00000000e657c230,0x00000000e6580000)
  to   space 12800K, 0% used [0x00000000e7800000,0x00000000e7800000,0x00000000e8480000)
 ParOldGen       total 58880K, used 32393K [0x00000000a0000000, 0x00000000a3980000, 0x00000000e0000000)
  object space 58880K, 55% used [0x00000000a0000000,0x00000000a1fa24e0,0x00000000a3980000)
 Metaspace       used 57107K, capacity 58896K, committed 58968K, reserved 1099776K
  class space    used 7844K, capacity 8300K, committed 8320K, reserved 1048576K
Event: 30.074 GC heap after
Heap after GC invocations=20 (full 2):
 PSYoungGen      total 122368K, used 8582K [0x00000000e0000000, 0x00000000e8f80000, 0x0000000100000000)
  eden space 109568K, 0% used [0x00000000e0000000,0x00000000e0000000,0x00000000e6b00000)
  from space 12800K, 67% used [0x00000000e7800000,0x00000000e8061930,0x00000000e8480000)
  to   space 13312K, 0% used [0x00000000e6b00000,0x00000000e6b00000,0x00000000e7800000)
 ParOldGen       total 58880K, used 43010K [0x00000000a0000000, 0x00000000a3980000, 0x00000000e0000000)
  object space 58880K, 73% used [0x00000000a0000000,0x00000000a2a00b48,0x00000000a3980000)
 Metaspace       used 57107K, capacity 58896K, committed 58968K, reserved 1099776K
  class space    used 7844K, capacity 8300K, committed 8320K, reserved 1048576K
}
Event: 30.074 GC heap before
{Heap before GC invocations=21 (full 3):
 PSYoungGen      total 122368K, used 8582K [0x00000000e0000000, 0x00000000e8f80000, 0x0000000100000000)
  eden space 109568K, 0% used [0x00000000e0000000,0x00000000e0000000,0x00000000e6b00000)
  from space 12800K, 67% used [0x00000000e7800000,0x00000000e8061930,0x00000000e8480000)
  to   space 13312K, 0% used [0x00000000e6b00000,0x00000000e6b00000,0x00000000e7800000)
 ParOldGen       total 58880K, used 43010K [0x00000000a0000000, 0x00000000a3980000, 0x00000000e0000000)
  object space 58880K, 73% used [0x00000000a0000000,0x00000000a2a00b48,0x00000000a3980000)
 Metaspace       used 57107K, capacity 58896K, committed 58968K, reserved 1099776K
  class space    used 7844K, capacity 8300K, committed 8320K, reserved 1048576K
Event: 30.640 GC heap after
Heap after GC invocations=21 (full 3):
 PSYoungGen      total 122368K, used 0K [0x00000000e0000000, 0x00000000e8f80000, 0x0000000100000000)
  eden space 109568K, 0% used [0x00000000e0000000,0x00000000e0000000,0x00000000e6b00000)
  from space 12800K, 0% used [0x00000000e7800000,0x00000000e7800000,0x00000000e8480000)
  to   space 13312K, 0% used [0x00000000e6b00000,0x00000000e6b00000,0x00000000e7800000)
 ParOldGen       total 99328K, used 43550K [0x00000000a0000000, 0x00000000a6100000, 0x00000000e0000000)
  object space 99328K, 43% used [0x00000000a0000000,0x00000000a2a87ae8,0x00000000a6100000)
 Metaspace       used 57107K, capacity 58896K, committed 58968K, reserved 1099776K
  class space    used 7844K, capacity 8300K, committed 8320K, reserved 1048576K
}
Event: 69.919 GC heap before
{Heap before GC invocations=22 (full 3):
 PSYoungGen      total 122368K, used 109568K [0x00000000e0000000, 0x00000000e8f80000, 0x0000000100000000)
  eden space 109568K, 100% used [0x00000000e0000000,0x00000000e6b00000,0x00000000e6b00000)
  from space 12800K, 0% used [0x00000000e7800000,0x00000000e7800000,0x00000000e8480000)
  to   space 13312K, 0% used [0x00000000e6b00000,0x00000000e6b00000,0x00000000e7800000)
 ParOldGen       total 99328K, used 43550K [0x00000000a0000000, 0x00000000a6100000, 0x00000000e0000000)
  object space 99328K, 43% used [0x00000000a0000000,0x00000000a2a87ae8,0x00000000a6100000)
 Metaspace       used 62496K, capacity 64442K, committed 64856K, reserved 1105920K
  class space    used 8452K, capacity 8968K, committed 9088K, reserved 1048576K
Event: 69.936 GC heap after
Heap after GC invocations=22 (full 3):
 PSYoungGen      total 122880K, used 8575K [0x00000000e0000000, 0x00000000e9a80000, 0x0000000100000000)
  eden space 109568K, 0% used [0x00000000e0000000,0x00000000e0000000,0x00000000e6b00000)
  from space 13312K, 64% used [0x00000000e6b00000,0x00000000e735fce8,0x00000000e7800000)
  to   space 13312K, 0% used [0x00000000e8d80000,0x00000000e8d80000,0x00000000e9a80000)
 ParOldGen       total 99328K, used 43585K [0x00000000a0000000, 0x00000000a6100000, 0x00000000e0000000)
  object space 99328K, 43% used [0x00000000a0000000,0x00000000a2a90738,0x00000000a6100000)
 Metaspace       used 62496K, capacity 64442K, committed 64856K, reserved 1105920K
  class space    used 8452K, capacity 8968K, committed 9088K, reserved 1048576K
}

Deoptimization events (10 events):
Event: 69.543 Thread 0x0000000018a47000 Uncommon trap: reason=bimorphic action=maybe_recompile pc=0x0000000002f8fbd8 method=com.google.common.collect.Iterators$5.hasNext()Z @ 24
Event: 69.565 Thread 0x0000000018a47000 Uncommon trap: reason=bimorphic action=maybe_recompile pc=0x0000000002f8fbd8 method=com.google.common.collect.Iterators$5.hasNext()Z @ 24
Event: 69.908 Thread 0x0000000018a47000 Uncommon trap: reason=unstable_if action=reinterpret pc=0x00000000029838b0 method=com.esotericsoftware.kryo.io.Output.writeInt(IZ)I @ 17
Event: 69.951 Thread 0x00000000021cc800 Uncommon trap: reason=unstable_if action=reinterpret pc=0x0000000002db5cb8 method=java.util.HashMap$HashIterator.<init>(Ljava/util/HashMap;)V @ 45
Event: 69.951 Thread 0x00000000021cc800 Uncommon trap: reason=unstable_if action=reinterpret pc=0x00000000024a298c method=java.util.HashMap$HashIterator.<init>(Ljava/util/HashMap;)V @ 45
Event: 70.001 Thread 0x000000001d12c800 Uncommon trap: reason=unstable_if action=reinterpret pc=0x0000000003786af0 method=com.google.common.collect.MapMakerInternalMap$Segment.drainKeyReferenceQueue()V @ 11
Event: 70.921 Thread 0x0000000018a47000 Uncommon trap: reason=bimorphic action=maybe_recompile pc=0x0000000002f8fbd8 method=com.google.common.collect.Iterators$5.hasNext()Z @ 24
Event: 70.922 Thread 0x0000000018a47000 Uncommon trap: reason=bimorphic action=maybe_recompile pc=0x0000000002f8fbd8 method=com.google.common.collect.Iterators$5.hasNext()Z @ 24
Event: 72.257 Thread 0x000000001d12d000 Uncommon trap: reason=unstable_if action=reinterpret pc=0x00000000038d60c0 method=java.util.concurrent.locks.ReentrantLock$Sync.nonfairTryAcquire(I)Z @ 19
Event: 72.558 Thread 0x000000001d12c800 Uncommon trap: reason=unstable_if action=reinterpret pc=0x0000000003538480 method=java.util.concurrent.locks.ReentrantLock$Sync.nonfairTryAcquire(I)Z @ 19

Classes redefined (0 events):
No events

Internal exceptions (10 events):
Event: 30.755 Thread 0x0000000018a47000 Exception <a 'java/lang/ClassNotFoundException': org/gradle/api/internal/file/collections/FileCollectionAdapterCustomizer> (0x00000000e053c2f0) thrown at [D:\src\AOSP-openjdk-cygwin\jdk8u\hotspot\src\share\vm\classfile\systemDictionary.cpp, line 210]
Event: 30.757 Thread 0x0000000018a47000 Exception <a 'java/lang/ClassNotFoundException': org/gradle/api/internal/file/DefaultFileCollectionFactory$1Customizer> (0x00000000e055c230) thrown at [D:\src\AOSP-openjdk-cygwin\jdk8u\hotspot\src\share\vm\classfile\systemDictionary.cpp, line 210]
Event: 30.790 Thread 0x0000000018a47000 Exception <a 'java/lang/ClassNotFoundException': org/gradle/plugins/ide/idea/model/IdeaProject_DecoratedBeanInfo> (0x00000000e0619378) thrown at [D:\src\AOSP-openjdk-cygwin\jdk8u\hotspot\src\share\vm\classfile\systemDictionary.cpp, line 210]
Event: 30.791 Thread 0x0000000018a47000 Exception <a 'java/lang/ClassNotFoundException': org/gradle/plugins/ide/idea/model/IdeaProjectBeanInfo> (0x00000000e063aff8) thrown at [D:\src\AOSP-openjdk-cygwin\jdk8u\hotspot\src\share\vm\classfile\systemDictionary.cpp, line 210]
Event: 30.791 Thread 0x0000000018a47000 Exception <a 'java/lang/ClassNotFoundException': org/gradle/plugins/ide/idea/model/IdeaProjectCustomizer> (0x00000000e065d118) thrown at [D:\src\AOSP-openjdk-cygwin\jdk8u\hotspot\src\share\vm\classfile\systemDictionary.cpp, line 210]
Event: 30.796 Thread 0x0000000018a47000 Exception <a 'java/lang/ClassNotFoundException': org/gradle/plugins/ide/idea/model/IdeaProject_DecoratedCustomizer> (0x00000000e06dcdd0) thrown at [D:\src\AOSP-openjdk-cygwin\jdk8u\hotspot\src\share\vm\classfile\systemDictionary.cpp, line 210]
Event: 31.604 Thread 0x0000000018a47000 Implicit null exception at 0x000000000299cc4c to 0x000000000299eec1
Event: 32.976 Thread 0x0000000018a47000 Implicit null exception at 0x0000000002bf2258 to 0x0000000002bf238d
Event: 32.976 Thread 0x000000001d131800 Implicit null exception at 0x0000000002bf2258 to 0x0000000002bf238d
Event: 70.917 Thread 0x0000000018a47000 Exception <a 'java/lang/NoSuchMethodError': java.lang.Object.lambda$negate$1(Ljava/lang/Object;)Z> (0x00000000e0dd97f8) thrown at [D:\src\AOSP-openjdk-cygwin\jdk8u\hotspot\src\share\vm\interpreter\linkResolver.cpp, line 584]

Events (10 events):
Event: 71.608 loading class com/android/builder/model/Variant
Event: 71.608 loading class com/android/builder/model/Variant done
Event: 71.610 loading class com/android/builder/model/ProductFlavor
Event: 71.610 loading class com/android/builder/model/ProductFlavor done
Event: 72.257 Thread 0x000000001d12d000 Uncommon trap: trap_request=0xffffff65 fr.pc=0x00000000038d60c0
Event: 72.257 Thread 0x000000001d12d000 DEOPT PACKING pc=0x00000000038d60c0 sp=0x000000001f8aea10
Event: 72.257 Thread 0x000000001d12d000 DEOPT UNPACKING pc=0x000000000221557b sp=0x000000001f8ae930 mode 2
Event: 72.558 Thread 0x000000001d12c800 Uncommon trap: trap_request=0xffffff65 fr.pc=0x0000000003538480
Event: 72.558 Thread 0x000000001d12c800 DEOPT PACKING pc=0x0000000003538480 sp=0x000000001f9aee60
Event: 72.558 Thread 0x000000001d12c800 DEOPT UNPACKING pc=0x000000000221557b sp=0x000000001f9aede0 mode 2


Dynamic libraries:
0x00007ff74aba0000 - 0x00007ff74abd1000 	C:\Program Files (x86)\Android\Android Studio\jre\bin\java.exe
0x00007fff893f0000 - 0x00007fff895d1000 	C:\WINDOWS\SYSTEM32\ntdll.dll
0x00007fff62e30000 - 0x00007fff62e44000 	C:\Program Files\AVAST Software\Avast\x64\aswhooka.dll
0x00007fff872c0000 - 0x00007fff87372000 	C:\WINDOWS\System32\KERNEL32.DLL
0x00007fff85870000 - 0x00007fff85ae3000 	C:\WINDOWS\System32\KERNELBASE.dll
0x00007fff86950000 - 0x00007fff869f1000 	C:\WINDOWS\System32\ADVAPI32.dll
0x00007fff86a00000 - 0x00007fff86a9e000 	C:\WINDOWS\System32\msvcrt.dll
0x00007fff86c70000 - 0x00007fff86ccb000 	C:\WINDOWS\System32\sechost.dll
0x00007fff89290000 - 0x00007fff893b4000 	C:\WINDOWS\System32\RPCRT4.dll
0x00007fff88820000 - 0x00007fff889b0000 	C:\WINDOWS\System32\USER32.dll
0x00007fff86860000 - 0x00007fff86880000 	C:\WINDOWS\System32\win32u.dll
0x00007fff891c0000 - 0x00007fff891e8000 	C:\WINDOWS\System32\GDI32.dll
0x00007fff85eb0000 - 0x00007fff86042000 	C:\WINDOWS\System32\gdi32full.dll
0x00007fff867c0000 - 0x00007fff8685f000 	C:\WINDOWS\System32\msvcp_win.dll
0x00007fff85db0000 - 0x00007fff85eaa000 	C:\WINDOWS\System32\ucrtbase.dll
0x00007fff717a0000 - 0x00007fff71a09000 	C:\WINDOWS\WinSxS\amd64_microsoft.windows.common-controls_6595b64144ccf1df_6.0.17134.407_none_fb449d63306391e9\COMCTL32.dll
0x00007fff88b40000 - 0x00007fff88e62000 	C:\WINDOWS\System32\combase.dll
0x00007fff85d30000 - 0x00007fff85daa000 	C:\WINDOWS\System32\bcryptPrimitives.dll
0x00007fff88b10000 - 0x00007fff88b3d000 	C:\WINDOWS\System32\IMM32.DLL
0x0000000066cf0000 - 0x0000000066dc2000 	C:\Program Files (x86)\Android\Android Studio\jre\jre\bin\msvcr100.dll
0x0000000066eb0000 - 0x00000000676ef000 	C:\Program Files (x86)\Android\Android Studio\jre\jre\bin\server\jvm.dll
0x00007fff86c60000 - 0x00007fff86c68000 	C:\WINDOWS\System32\PSAPI.DLL
0x00007fff735a0000 - 0x00007fff735a9000 	C:\WINDOWS\SYSTEM32\WSOCK32.dll
0x00007fff87250000 - 0x00007fff872bc000 	C:\WINDOWS\System32\WS2_32.dll
0x00007fff81fd0000 - 0x00007fff81ff3000 	C:\WINDOWS\SYSTEM32\WINMM.dll
0x00007fff78ea0000 - 0x00007fff78eaa000 	C:\WINDOWS\SYSTEM32\VERSION.dll
0x00007fff81fa0000 - 0x00007fff81fca000 	C:\WINDOWS\SYSTEM32\WINMMBASE.dll
0x00007fff85af0000 - 0x00007fff85b39000 	C:\WINDOWS\System32\cfgmgr32.dll
0x00007fff7b950000 - 0x00007fff7b95f000 	C:\Program Files (x86)\Android\Android Studio\jre\jre\bin\verify.dll
0x00007fff7b820000 - 0x00007fff7b849000 	C:\Program Files (x86)\Android\Android Studio\jre\jre\bin\java.dll
0x00007fff7b930000 - 0x00007fff7b946000 	C:\Program Files (x86)\Android\Android Studio\jre\jre\bin\zip.dll
0x00007fff87380000 - 0x00007fff887bf000 	C:\WINDOWS\System32\SHELL32.dll
0x00007fff86cd0000 - 0x00007fff86d79000 	C:\WINDOWS\System32\shcore.dll
0x00007fff86050000 - 0x00007fff8675d000 	C:\WINDOWS\System32\windows.storage.dll
0x00007fff890e0000 - 0x00007fff89131000 	C:\WINDOWS\System32\shlwapi.dll
0x00007fff857a0000 - 0x00007fff857b1000 	C:\WINDOWS\System32\kernel.appcore.dll
0x00007fff85760000 - 0x00007fff8577f000 	C:\WINDOWS\System32\profapi.dll
0x00007fff85700000 - 0x00007fff8574c000 	C:\WINDOWS\System32\powrprof.dll
0x00007fff85750000 - 0x00007fff8575a000 	C:\WINDOWS\System32\FLTLIB.DLL
0x00007fff7ac70000 - 0x00007fff7ac8a000 	C:\Program Files (x86)\Android\Android Studio\jre\jre\bin\net.dll
0x00007fff84f20000 - 0x00007fff84f86000 	C:\WINDOWS\system32\mswsock.dll
0x00007fff7a760000 - 0x00007fff7a771000 	C:\Program Files (x86)\Android\Android Studio\jre\jre\bin\nio.dll
0x00007fff81da0000 - 0x00007fff81dbe000 	C:\Users\HP\.gradle\native\25\windows-amd64\native-platform.dll
0x00007fff7b490000 - 0x00007fff7b49d000 	C:\Program Files (x86)\Android\Android Studio\jre\jre\bin\management.dll
0x00007fff850d0000 - 0x00007fff850e7000 	C:\WINDOWS\SYSTEM32\CRYPTSP.dll
0x00007fff84b00000 - 0x00007fff84b33000 	C:\WINDOWS\system32\rsaenh.dll
0x00007fff85200000 - 0x00007fff85225000 	C:\WINDOWS\SYSTEM32\bcrypt.dll
0x00007fff85630000 - 0x00007fff85658000 	C:\WINDOWS\SYSTEM32\USERENV.dll
0x00007fff850f0000 - 0x00007fff850fb000 	C:\WINDOWS\SYSTEM32\CRYPTBASE.dll
0x00007fff84ca0000 - 0x00007fff84cd8000 	C:\WINDOWS\SYSTEM32\IPHLPAPI.DLL
0x00007fff891a0000 - 0x00007fff891a8000 	C:\WINDOWS\System32\NSI.dll
0x00007fff7d3f0000 - 0x00007fff7d406000 	C:\WINDOWS\SYSTEM32\dhcpcsvc6.DLL
0x00007fff7ce50000 - 0x00007fff7ce6a000 	C:\WINDOWS\SYSTEM32\dhcpcsvc.DLL
0x00007fff7f1a0000 - 0x00007fff7f1c4000 	C:\Program Files (x86)\Android\Android Studio\jre\jre\bin\sunec.dll
0x00007fff84cf0000 - 0x00007fff84dae000 	C:\WINDOWS\SYSTEM32\DNSAPI.dll
0x00007fff768d0000 - 0x00007fff768da000 	C:\Windows\System32\rasadhlp.dll
0x00007fff75f20000 - 0x00007fff75f92000 	C:\WINDOWS\System32\fwpuclnt.dll
0x00007fff7f2f0000 - 0x00007fff7f2fb000 	C:\Program Files (x86)\Android\Android Studio\jre\jre\bin\sunmscapi.dll
0x00007fff85b40000 - 0x00007fff85d22000 	C:\WINDOWS\System32\CRYPT32.dll
0x00007fff85780000 - 0x00007fff85792000 	C:\WINDOWS\System32\MSASN1.dll

VM Arguments:
jvm_args: -Xmx1536m -Dfile.encoding=windows-1252 -Duser.country=US -Duser.language=en -Duser.variant 
java_command: org.gradle.launcher.daemon.bootstrap.GradleDaemon 4.4
java_class_path (initial): C:\Users\HP\.gradle\wrapper\dists\gradle-4.4-all\9br9xq1tocpiv8o6njlyu5op1\gradle-4.4\lib\gradle-launcher-4.4.jar
Launcher Type: SUN_STANDARD

Environment Variables:
PATH=C:\Program Files (x86)\Common Files\Oracle\Java\javapath;C:\Program Files (x86)\Common Files\ArcSoft\Bin;C:\Program Files (x86)\Intel\iCLS Client\;C:\Program Files\Intel\iCLS Client\;C:\WINDOWS\system32;C:\WINDOWS;C:\WINDOWS\System32\Wbem;C:\WINDOWS\System32\WindowsPowerShell\v1.0\;C:\Program Files (x86)\Intel\Intel(R) Management Engine Components\DAL;C:\Program Files\Intel\Intel(R) Management Engine Components\DAL;C:\Program Files (x86)\Intel\Intel(R) Management Engine Components\IPT;C:\Program Files\Intel\Intel(R) Management Engine Components\IPT;c:\Program Files\Intel\WiFi\bin\;c:\Program Files\Common Files\Intel\WirelessCommon\;C:\Program Files (x86)\GtkSharp\2.12\bin;C:\WINDOWS\System32\OpenSSH\;C:\Users\HP\AppData\Local\Android\Sdk;C:\Program Files (x86)\Java\jdk1.6.0_18\bin;%USERPROFILE%\AppData\Local\Microsoft\WindowsApps;
USERNAME=HP
OS=Windows_NT
PROCESSOR_IDENTIFIER=Intel64 Family 6 Model 61 Stepping 4, GenuineIntel



---------------  S Y S T E M  ---------------

OS: Windows 10.0 , 64 bit Build 17134 (10.0.17134.1)

CPU:total 4 (initial active 4) (2 cores per cpu, 2 threads per core) family 6 model 61 stepping 4, cmov, cx8, fxsr, mmx, sse, sse2, sse3, ssse3, sse4.1, sse4.2, popcnt, avx, avx2, aes, clmul, erms, 3dnowpref, lzcnt, ht, tsc, tscinvbit, bmi1, bmi2, adx

Memory: 4k page, physical 4082796k(295900k free), swap 4082796k(3300k free)

vm_info: OpenJDK 64-Bit Server VM (25.152-b02) for windows-amd64 JRE (1.8.0_152-release-1024-b02), built by "builder" with MS VC++ 10.0 (VS2010)

time: Tue Dec 25 14:44:12 2018
elapsed time: 73 seconds (0d 0h 1m 13s)

