#
# There is insufficient memory for the Java Runtime Environment to continue.
# Native memory allocation (malloc) failed to allocate 38768 bytes for Chunk::new
# Possible reasons:
#   The system is out of physical RAM or swap space
#   In 32 bit mode, the process size limit was hit
# Possible solutions:
#   Reduce memory load on the system
#   Increase physical memory or swap space
#   Check if swap backing store is full
#   Use 64 bit Java on a 64 bit OS
#   Decrease Java heap size (-Xmx/-Xms)
#   Decrease number of Java threads
#   Decrease Java thread stack sizes (-Xss)
#   Set larger code cache with -XX:ReservedCodeCacheSize=
# This output file may be truncated or incomplete.
#
#  Out of Memory Error (allocation.cpp:390), pid=5288, tid=0x0000000000001c0c
#
# JRE version: OpenJDK Runtime Environment (8.0_152-b02) (build 1.8.0_152-release-1024-b02)
# Java VM: OpenJDK 64-Bit Server VM (25.152-b02 mixed mode windows-amd64 compressed oops)
# Failed to write core dump. Minidumps are not enabled by default on client versions of Windows
#

---------------  T H R E A D  ---------------

Current thread (0x0000000016a83000):  JavaThread "C2 CompilerThread1" daemon [_thread_in_native, id=7180, stack(0x00000000181d0000,0x00000000182d0000)]

Stack: [0x00000000181d0000,0x00000000182d0000]
[error occurred during error reporting (printing stack bounds), id 0xc0000005]

Native frames: (J=compiled Java code, j=interpreted, Vv=VM code, C=native code)


Current CompileTask:
C2: 409233 14260       4       org.gradle.internal.component.external.model.DefaultConfigurationMetadata::populateHierarchy (47 bytes)


---------------  P R O C E S S  ---------------

Java Threads: ( => current thread )
  0x0000000019e4c000 JavaThread "Cache worker for Artifact transforms cache (C:\Users\HP\.gradle\caches\transforms-1)" [_thread_blocked, id=5340, stack(0x000000002b130000,0x000000002b230000)]
  0x000000001c1b2000 JavaThread "Cache worker for file hash cache (H:\AndroidStudioProjects\LogInPage\.gradle\4.4\fileHashes)" [_thread_blocked, id=6928, stack(0x000000002b030000,0x000000002b130000)]
  0x000000001c1b9000 JavaThread "Stdin handler" [_thread_blocked, id=8324, stack(0x000000002af30000,0x000000002b030000)]
  0x000000001c1b4800 JavaThread "Asynchronous log dispatcher for DefaultDaemonConnection: socket connection from /127.0.0.1:1984 to /127.0.0.1:2125" [_thread_blocked, id=6332, stack(0x000000002ae30000,0x000000002af30000)]
  0x000000001c1b6800 JavaThread "Cancel handler" [_thread_blocked, id=2256, stack(0x000000002ad30000,0x000000002ae30000)]
  0x000000001c1b5000 JavaThread "Handler for socket connection from /127.0.0.1:1984 to /127.0.0.1:2125" [_thread_in_native, id=4944, stack(0x000000002ac30000,0x000000002ad30000)]
  0x0000000019e53000 JavaThread "Daemon worker Thread 2" [_thread_in_native, id=9888, stack(0x0000000026560000,0x0000000026660000)]
  0x0000000019e52800 JavaThread "Daemon Thread 2" [_thread_blocked, id=6856, stack(0x0000000026260000,0x0000000026360000)]
  0x000000001c1b8000 JavaThread "Memory manager" [_thread_blocked, id=9420, stack(0x0000000021270000,0x0000000021370000)]
  0x0000000019e25000 JavaThread "File lock request listener" [_thread_in_native, id=5752, stack(0x000000001b520000,0x000000001b620000)]
  0x0000000019bec800 JavaThread "Cache worker for file hash cache (C:\Users\HP\.gradle\caches\4.4\fileHashes)" [_thread_blocked, id=9968, stack(0x000000001b420000,0x000000001b520000)]
  0x0000000019537000 JavaThread "Daemon periodic checks" [_thread_blocked, id=5016, stack(0x000000001a920000,0x000000001aa20000)]
  0x0000000019536800 JavaThread "Incoming local TCP Connector on port 1984" [_thread_in_native, id=6568, stack(0x000000001a6e0000,0x000000001a7e0000)]
  0x0000000018400800 JavaThread "Service Thread" daemon [_thread_blocked, id=3644, stack(0x00000000187d0000,0x00000000188d0000)]
  0x0000000016a93800 JavaThread "C1 CompilerThread2" daemon [_thread_blocked, id=1364, stack(0x00000000182d0000,0x00000000183d0000)]
=>0x0000000016a83000 JavaThread "C2 CompilerThread1" daemon [_thread_in_native, id=7180, stack(0x00000000181d0000,0x00000000182d0000)]
  0x0000000016a7d000 JavaThread "C2 CompilerThread0" daemon [_thread_in_native, id=6688, stack(0x00000000180d0000,0x00000000181d0000)]
  0x0000000016a7b800 JavaThread "Attach Listener" daemon [_thread_blocked, id=2992, stack(0x0000000017fd0000,0x00000000180d0000)]
  0x0000000016a78800 JavaThread "Signal Dispatcher" daemon [_thread_blocked, id=3740, stack(0x0000000017ed0000,0x0000000017fd0000)]
  0x000000000310c800 JavaThread "Finalizer" daemon [_thread_blocked, id=4616, stack(0x0000000017ce0000,0x0000000017de0000)]
  0x0000000003101800 JavaThread "Reference Handler" daemon [_thread_blocked, id=10168, stack(0x0000000017be0000,0x0000000017ce0000)]
  0x0000000002e7d800 JavaThread "main" [_thread_blocked, id=10180, stack(0x0000000002f10000,0x0000000003010000)]

Other Threads:
  0x0000000016a46800 VMThread [stack: 0x0000000017ae0000,0x0000000017be0000] [id=8520]
  0x0000000016ade800 WatcherThread [stack: 0x00000000188d0000,0x00000000189d0000] [id=7560]

VM state:not at safepoint (normal execution)

VM Mutex/Monitor currently owned by a thread: None

Heap:
 PSYoungGen      total 280064K, used 193858K [0x00000000e0000000, 0x00000000f4680000, 0x0000000100000000)
  eden space 229888K, 77% used [0x00000000e0000000,0x00000000eaeb9a10,0x00000000ee080000)
  from space 50176K, 29% used [0x00000000f1580000,0x00000000f2417098,0x00000000f4680000)
  to   space 52224K, 0% used [0x00000000ee080000,0x00000000ee080000,0x00000000f1380000)
 ParOldGen       total 148992K, used 106950K [0x00000000a0000000, 0x00000000a9180000, 0x00000000e0000000)
  object space 148992K, 71% used [0x00000000a0000000,0x00000000a6871980,0x00000000a9180000)
 Metaspace       used 75227K, capacity 78427K, committed 78680K, reserved 1118208K
  class space    used 9900K, capacity 10559K, committed 10624K, reserved 1048576K

Card table byte_map: [0x00000000124d0000,0x00000000127e0000] byte_map_base: 0x0000000011fd0000

Marking Bits: (ParMarkBitMap*) 0x00000000649d4970
 Begin Bits: [0x0000000012de0000, 0x00000000145e0000)
 End Bits:   [0x00000000145e0000, 0x0000000015de0000)

Polling page: 0x0000000001300000

CodeCache: size=245760Kb used=36743Kb max_used=36752Kb free=209016Kb
 bounds [0x0000000003110000, 0x0000000005530000, 0x0000000012110000]
 total_blobs=12355 nmethods=11517 adapters=750
 compilation: enabled

Compilation events (10 events):
Event: 409.036 Thread 0x0000000016a93800 nmethod 14255 0x0000000005522710 code [0x00000000055228c0, 0x0000000005522d58]
Event: 409.036 Thread 0x0000000016a93800 14256       1       org.gradle.api.internal.artifacts.DefaultGlobalDependencyResolutionRules::getModuleMetadataProcessor (5 bytes)
Event: 409.036 Thread 0x0000000016a93800 nmethod 14256 0x0000000005515010 code [0x0000000005515160, 0x0000000005515270]
Event: 409.036 Thread 0x0000000016a93800 14257       1       org.gradle.api.internal.artifacts.dsl.DefaultComponentModuleMetadataHandler::getModuleReplacements (5 bytes)
Event: 409.037 Thread 0x0000000016a93800 nmethod 14257 0x000000000551cb90 code [0x000000000551cce0, 0x000000000551cdf0]
Event: 409.059 Thread 0x0000000016a83000 14258       4       org.gradle.internal.component.external.model.DefaultMutableMavenModuleResolveMetadata::createConfiguration (14 bytes)
Event: 409.071 Thread 0x0000000016a83000 nmethod 14258 0x0000000005521890 code [0x0000000005521a40, 0x0000000005522228]
Event: 409.072 Thread 0x0000000016a83000 14259       4       org.gradle.internal.component.external.model.DefaultMutableMavenModuleResolveMetadata::createConfiguration (109 bytes)
Event: 409.083 Thread 0x0000000016a83000 nmethod 14259 0x0000000005524e90 code [0x0000000005525040, 0x0000000005525828]
Event: 409.128 Thread 0x0000000016a83000 14260       4       org.gradle.internal.component.external.model.DefaultConfigurationMetadata::populateHierarchy (47 bytes)

GC Heap History (10 events):
Event: 271.068 GC heap before
{Heap before GC invocations=22 (full 4):
 PSYoungGen      total 214016K, used 169984K [0x00000000e0000000, 0x00000000f2000000, 0x0000000100000000)
  eden space 169984K, 100% used [0x00000000e0000000,0x00000000ea600000,0x00000000ea600000)
  from space 44032K, 0% used [0x00000000ea600000,0x00000000ea600000,0x00000000ed100000)
  to   space 45056K, 0% used [0x00000000ef400000,0x00000000ef400000,0x00000000f2000000)
 ParOldGen       total 148992K, used 57790K [0x00000000a0000000, 0x00000000a9180000, 0x00000000e0000000)
  object space 148992K, 38% used [0x00000000a0000000,0x00000000a386f808,0x00000000a9180000)
 Metaspace       used 69819K, capacity 72569K, committed 72664K, reserved 1112064K
  class space    used 9317K, capacity 9914K, committed 9984K, reserved 1048576K
Event: 271.120 GC heap after
Heap after GC invocations=22 (full 4):
 PSYoungGen      total 231424K, used 18919K [0x00000000e0000000, 0x00000000f1500000, 0x0000000100000000)
  eden space 197632K, 0% used [0x00000000e0000000,0x00000000e0000000,0x00000000ec100000)
  from space 33792K, 55% used [0x00000000ef400000,0x00000000f0679ef0,0x00000000f1500000)
  to   space 43008K, 0% used [0x00000000ec100000,0x00000000ec100000,0x00000000eeb00000)
 ParOldGen       total 148992K, used 57798K [0x00000000a0000000, 0x00000000a9180000, 0x00000000e0000000)
  object space 148992K, 38% used [0x00000000a0000000,0x00000000a3871808,0x00000000a9180000)
 Metaspace       used 69819K, capacity 72569K, committed 72664K, reserved 1112064K
  class space    used 9317K, capacity 9914K, committed 9984K, reserved 1048576K
}
Event: 278.161 GC heap before
{Heap before GC invocations=23 (full 4):
 PSYoungGen      total 231424K, used 216551K [0x00000000e0000000, 0x00000000f1500000, 0x0000000100000000)
  eden space 197632K, 100% used [0x00000000e0000000,0x00000000ec100000,0x00000000ec100000)
  from space 33792K, 55% used [0x00000000ef400000,0x00000000f0679ef0,0x00000000f1500000)
  to   space 43008K, 0% used [0x00000000ec100000,0x00000000ec100000,0x00000000eeb00000)
 ParOldGen       total 148992K, used 57798K [0x00000000a0000000, 0x00000000a9180000, 0x00000000e0000000)
  object space 148992K, 38% used [0x00000000a0000000,0x00000000a3871808,0x00000000a9180000)
 Metaspace       used 73875K, capacity 76861K, committed 77016K, reserved 1116160K
  class space    used 9785K, capacity 10384K, committed 10496K, reserved 1048576K
Event: 278.410 GC heap after
Heap after GC invocations=23 (full 4):
 PSYoungGen      total 240640K, used 43000K [0x00000000e0000000, 0x00000000f1500000, 0x0000000100000000)
  eden space 197632K, 0% used [0x00000000e0000000,0x00000000e0000000,0x00000000ec100000)
  from space 43008K, 99% used [0x00000000ec100000,0x00000000eeafe108,0x00000000eeb00000)
  to   space 33792K, 0% used [0x00000000ef400000,0x00000000ef400000,0x00000000f1500000)
 ParOldGen       total 148992K, used 82012K [0x00000000a0000000, 0x00000000a9180000, 0x00000000e0000000)
  object space 148992K, 55% used [0x00000000a0000000,0x00000000a5017158,0x00000000a9180000)
 Metaspace       used 73875K, capacity 76861K, committed 77016K, reserved 1116160K
  class space    used 9785K, capacity 10384K, committed 10496K, reserved 1048576K
}
Event: 281.579 GC heap before
{Heap before GC invocations=24 (full 4):
 PSYoungGen      total 240640K, used 236774K [0x00000000e0000000, 0x00000000f1500000, 0x0000000100000000)
  eden space 197632K, 98% used [0x00000000e0000000,0x00000000ebd3b8a0,0x00000000ec100000)
  from space 43008K, 99% used [0x00000000ec100000,0x00000000eeafe108,0x00000000eeb00000)
  to   space 33792K, 0% used [0x00000000ef400000,0x00000000ef400000,0x00000000f1500000)
 ParOldGen       total 148992K, used 82012K [0x00000000a0000000, 0x00000000a9180000, 0x00000000e0000000)
  object space 148992K, 55% used [0x00000000a0000000,0x00000000a5017158,0x00000000a9180000)
 Metaspace       used 73948K, capacity 76943K, committed 77272K, reserved 1116160K
  class space    used 9787K, capacity 10387K, committed 10496K, reserved 1048576K
Event: 281.635 GC heap after
Heap after GC invocations=24 (full 4):
 PSYoungGen      total 231424K, used 9589K [0x00000000e0000000, 0x00000000f1500000, 0x0000000100000000)
  eden space 197632K, 0% used [0x00000000e0000000,0x00000000e0000000,0x00000000ec100000)
  from space 33792K, 28% used [0x00000000ef400000,0x00000000efd5d4e8,0x00000000f1500000)
  to   space 43008K, 0% used [0x00000000ec100000,0x00000000ec100000,0x00000000eeb00000)
 ParOldGen       total 148992K, used 106934K [0x00000000a0000000, 0x00000000a9180000, 0x00000000e0000000)
  object space 148992K, 71% used [0x00000000a0000000,0x00000000a686d980,0x00000000a9180000)
 Metaspace       used 73948K, capacity 76943K, committed 77272K, reserved 1116160K
  class space    used 9787K, capacity 10387K, committed 10496K, reserved 1048576K
}
Event: 352.502 GC heap before
{Heap before GC invocations=25 (full 4):
 PSYoungGen      total 231424K, used 207221K [0x00000000e0000000, 0x00000000f1500000, 0x0000000100000000)
  eden space 197632K, 100% used [0x00000000e0000000,0x00000000ec100000,0x00000000ec100000)
  from space 33792K, 28% used [0x00000000ef400000,0x00000000efd5d4e8,0x00000000f1500000)
  to   space 43008K, 0% used [0x00000000ec100000,0x00000000ec100000,0x00000000eeb00000)
 ParOldGen       total 148992K, used 106934K [0x00000000a0000000, 0x00000000a9180000, 0x00000000e0000000)
  object space 148992K, 71% used [0x00000000a0000000,0x00000000a686d980,0x00000000a9180000)
 Metaspace       used 75035K, capacity 78227K, committed 78424K, reserved 1118208K
  class space    used 9889K, capacity 10547K, committed 10624K, reserved 1048576K
Event: 352.524 GC heap after
Heap after GC invocations=25 (full 4):
 PSYoungGen      total 240640K, used 16061K [0x00000000e0000000, 0x00000000f4b00000, 0x0000000100000000)
  eden space 197632K, 0% used [0x00000000e0000000,0x00000000e0000000,0x00000000ec100000)
  from space 43008K, 37% used [0x00000000ec100000,0x00000000ed0af608,0x00000000eeb00000)
  to   space 54784K, 0% used [0x00000000f1580000,0x00000000f1580000,0x00000000f4b00000)
 ParOldGen       total 148992K, used 106942K [0x00000000a0000000, 0x00000000a9180000, 0x00000000e0000000)
  object space 148992K, 71% used [0x00000000a0000000,0x00000000a686f980,0x00000000a9180000)
 Metaspace       used 75035K, capacity 78227K, committed 78424K, reserved 1118208K
  class space    used 9889K, capacity 10547K, committed 10624K, reserved 1048576K
}
Event: 353.978 GC heap before
{Heap before GC invocations=26 (full 4):
 PSYoungGen      total 240640K, used 212816K [0x00000000e0000000, 0x00000000f4b00000, 0x0000000100000000)
  eden space 197632K, 99% used [0x00000000e0000000,0x00000000ec024b10,0x00000000ec100000)
  from space 43008K, 37% used [0x00000000ec100000,0x00000000ed0af608,0x00000000eeb00000)
  to   space 54784K, 0% used [0x00000000f1580000,0x00000000f1580000,0x00000000f4b00000)
 ParOldGen       total 148992K, used 106942K [0x00000000a0000000, 0x00000000a9180000, 0x00000000e0000000)
  object space 148992K, 71% used [0x00000000a0000000,0x00000000a686f980,0x00000000a9180000)
 Metaspace       used 75140K, capacity 78397K, committed 78680K, reserved 1118208K
  class space    used 9898K, capacity 10554K, committed 10624K, reserved 1048576K
Event: 354.003 GC heap after
Heap after GC invocations=26 (full 4):
 PSYoungGen      total 280064K, used 14940K [0x00000000e0000000, 0x00000000f4680000, 0x0000000100000000)
  eden space 229888K, 0% used [0x00000000e0000000,0x00000000e0000000,0x00000000ee080000)
  from space 50176K, 29% used [0x00000000f1580000,0x00000000f2417098,0x00000000f4680000)
  to   space 52224K, 0% used [0x00000000ee080000,0x00000000ee080000,0x00000000f1380000)
 ParOldGen       total 148992K, used 106950K [0x00000000a0000000, 0x00000000a9180000, 0x00000000e0000000)
  object space 148992K, 71% used [0x00000000a0000000,0x00000000a6871980,0x00000000a9180000)
 Metaspace       used 75140K, capacity 78397K, committed 78680K, reserved 1118208K
  class space    used 9898K, capacity 10554K, committed 10624K, reserved 1048576K
}

Deoptimization events (10 events):
Event: 354.145 Thread 0x000000001c1b6800 Uncommon trap: reason=array_check action=maybe_recompile pc=0x0000000005474c60 method=com.google.common.collect.RegularImmutableMap.fromEntryArray(I[Ljava/util/Map$Entry;)Lcom/google/common/collect/RegularImmutableMap; @ 200
Event: 354.172 Thread 0x000000001c1b6800 Uncommon trap: reason=array_check action=maybe_recompile pc=0x0000000005474c60 method=com.google.common.collect.RegularImmutableMap.fromEntryArray(I[Ljava/util/Map$Entry;)Lcom/google/common/collect/RegularImmutableMap; @ 200
Event: 354.299 Thread 0x0000000019e53000 Uncommon trap: reason=array_check action=maybe_recompile pc=0x0000000005474c60 method=com.google.common.collect.RegularImmutableMap.fromEntryArray(I[Ljava/util/Map$Entry;)Lcom/google/common/collect/RegularImmutableMap; @ 200
Event: 354.307 Thread 0x0000000019e53000 Uncommon trap: reason=unstable_if action=reinterpret pc=0x0000000004dc8f7c method=org.gradle.internal.progress.DefaultBuildOperationExecutor.execute(Lorg/gradle/internal/operations/BuildOperation;Lorg/gradle/internal/operations/BuildOperationWorker;Lorg/g
Event: 408.686 Thread 0x0000000019e52800 Uncommon trap: reason=class_check action=maybe_recompile pc=0x00000000052fc1d8 method=java.util.concurrent.ThreadPoolExecutor.getTask()Ljava/lang/Runnable; @ 139
Event: 408.763 Thread 0x0000000019e53000 Uncommon trap: reason=class_check action=maybe_recompile pc=0x00000000052fc1d8 method=java.util.concurrent.ThreadPoolExecutor.getTask()Ljava/lang/Runnable; @ 139
Event: 408.925 Thread 0x0000000019e53000 Uncommon trap: reason=array_check action=maybe_recompile pc=0x0000000004ff09d8 method=com.google.common.collect.ImmutableSet.construct(I[Ljava/lang/Object;)Lcom/google/common/collect/ImmutableSet; @ 122
Event: 408.926 Thread 0x0000000019e53000 Uncommon trap: reason=array_check action=maybe_recompile pc=0x0000000004ff09d8 method=com.google.common.collect.ImmutableSet.construct(I[Ljava/lang/Object;)Lcom/google/common/collect/ImmutableSet; @ 122
Event: 408.926 Thread 0x0000000019e53000 Uncommon trap: reason=array_check action=maybe_recompile pc=0x0000000004ff09d8 method=com.google.common.collect.ImmutableSet.construct(I[Ljava/lang/Object;)Lcom/google/common/collect/ImmutableSet; @ 122
Event: 408.926 Thread 0x0000000019e53000 Uncommon trap: reason=array_check action=maybe_recompile pc=0x0000000004ff09d8 method=com.google.common.collect.ImmutableSet.construct(I[Ljava/lang/Object;)Lcom/google/common/collect/ImmutableSet; @ 122

Classes redefined (0 events):
No events

Internal exceptions (10 events):
Event: 339.280 Thread 0x0000000019e53000 Exception <a 'sun/nio/fs/WindowsException'> (0x00000000e4c01c08) thrown at [D:\src\AOSP-openjdk-cygwin\jdk8u\hotspot\src\share\vm\prims\jni.cpp, line 709]
Event: 339.280 Thread 0x0000000019e53000 Exception <a 'sun/nio/fs/WindowsException'> (0x00000000e4c027e0) thrown at [D:\src\AOSP-openjdk-cygwin\jdk8u\hotspot\src\share\vm\prims\jni.cpp, line 709]
Event: 339.281 Thread 0x0000000019e53000 Exception <a 'sun/nio/fs/WindowsException'> (0x00000000e4c056c8) thrown at [D:\src\AOSP-openjdk-cygwin\jdk8u\hotspot\src\share\vm\prims\jni.cpp, line 709]
Event: 339.281 Thread 0x0000000019e53000 Exception <a 'sun/nio/fs/WindowsException'> (0x00000000e4c061e0) thrown at [D:\src\AOSP-openjdk-cygwin\jdk8u\hotspot\src\share\vm\prims\jni.cpp, line 709]
Event: 339.281 Thread 0x0000000019e53000 Exception <a 'sun/nio/fs/WindowsException'> (0x00000000e4c07d30) thrown at [D:\src\AOSP-openjdk-cygwin\jdk8u\hotspot\src\share\vm\prims\jni.cpp, line 709]
Event: 339.281 Thread 0x0000000019e53000 Exception <a 'sun/nio/fs/WindowsException'> (0x00000000e4c08888) thrown at [D:\src\AOSP-openjdk-cygwin\jdk8u\hotspot\src\share\vm\prims\jni.cpp, line 709]
Event: 343.227 Thread 0x000000001c1b2000 Exception <a 'java/lang/NoSuchMethodError': java.lang.Object.lambda$negate$1(Ljava/lang/Object;)Z> (0x00000000e8c2bd38) thrown at [D:\src\AOSP-openjdk-cygwin\jdk8u\hotspot\src\share\vm\interpreter\linkResolver.cpp, line 584]
Event: 353.213 Thread 0x000000001c1b6800 Exception <a 'java/lang/NoSuchMethodError': java.lang.Object.lambda$asRunnable$0(Lcom/android/apkzlib/utils/IOExceptionRunnable;)V> (0x00000000e11518f0) thrown at [D:\src\AOSP-openjdk-cygwin\jdk8u\hotspot\src\share\vm\interpreter\linkResolver.cpp, line 58
Event: 353.532 Thread 0x000000001c1b6800 Exception <a 'java/lang/NoSuchMethodError': java.lang.Object.lambda$or$2(Ljava/util/function/Predicate;Ljava/lang/Object;)Z> (0x00000000e3378e28) thrown at [D:\src\AOSP-openjdk-cygwin\jdk8u\hotspot\src\share\vm\interpreter\linkResolver.cpp, line 584]
Event: 354.307 Thread 0x0000000019e53000 Implicit null exception at 0x0000000004dc53f6 to 0x0000000004dc8f6d

Events (10 events):
Event: 408.926 Thread 0x0000000019e53000 Uncommon trap: trap_request=0xffffffd6 fr.pc=0x0000000004ff09d8
Event: 408.926 Thread 0x0000000019e53000 DEOPT PACKING pc=0x0000000004ff09d8 sp=0x000000002665cbe0
Event: 408.926 Thread 0x0000000019e53000 DEOPT UNPACKING pc=0x000000000315557b sp=0x000000002665cb90 mode 2
Event: 408.926 Thread 0x0000000019e53000 Uncommon trap: trap_request=0xffffffd6 fr.pc=0x0000000004ff09d8
Event: 408.926 Thread 0x0000000019e53000 DEOPT PACKING pc=0x0000000004ff09d8 sp=0x000000002665c810
Event: 408.926 Thread 0x0000000019e53000 DEOPT UNPACKING pc=0x000000000315557b sp=0x000000002665c7c0 mode 2
Event: 408.926 Thread 0x0000000019e53000 Uncommon trap: trap_request=0xffffffd6 fr.pc=0x0000000004ff09d8
Event: 408.926 Thread 0x0000000019e53000 DEOPT PACKING pc=0x0000000004ff09d8 sp=0x000000002665cbe0
Event: 408.926 Thread 0x0000000019e53000 DEOPT UNPACKING pc=0x000000000315557b sp=0x000000002665cb90 mode 2
Event: 408.996 Thread 0x0000000019e4c000 Thread added: 0x0000000019e4c000


Dynamic libraries:
0x00007ff7d0c50000 - 0x00007ff7d0c81000 	C:\Program Files (x86)\Android\Android Studio\jre\bin\java.exe
0x00007ff88a130000 - 0x00007ff88a311000 	C:\WINDOWS\SYSTEM32\ntdll.dll
0x00007ff875ec0000 - 0x00007ff875ed4000 	C:\Program Files\AVAST Software\Avast\x64\aswhooka.dll
0x00007ff888890000 - 0x00007ff888942000 	C:\WINDOWS\System32\KERNEL32.DLL
0x00007ff886980000 - 0x00007ff886bf3000 	C:\WINDOWS\System32\KERNELBASE.dll
0x00007ff887f50000 - 0x00007ff887ff1000 	C:\WINDOWS\System32\ADVAPI32.dll
0x00007ff88a040000 - 0x00007ff88a0de000 	C:\WINDOWS\System32\msvcrt.dll
0x00007ff887d90000 - 0x00007ff887deb000 	C:\WINDOWS\System32\sechost.dll
0x00007ff8884b0000 - 0x00007ff8885d4000 	C:\WINDOWS\System32\RPCRT4.dll
0x00007ff887a80000 - 0x00007ff887c10000 	C:\WINDOWS\System32\USER32.dll
0x00007ff886500000 - 0x00007ff886520000 	C:\WINDOWS\System32\win32u.dll
0x00007ff888950000 - 0x00007ff888978000 	C:\WINDOWS\System32\GDI32.dll
0x00007ff886520000 - 0x00007ff8866b2000 	C:\WINDOWS\System32\gdi32full.dll
0x00007ff887520000 - 0x00007ff8875bf000 	C:\WINDOWS\System32\msvcp_win.dll
0x00007ff887420000 - 0x00007ff88751a000 	C:\WINDOWS\System32\ucrtbase.dll
0x00007ff873d70000 - 0x00007ff873fd9000 	C:\WINDOWS\WinSxS\amd64_microsoft.windows.common-controls_6595b64144ccf1df_6.0.17134.523_none_fb409dd930672a56\COMCTL32.dll
0x00007ff8876b0000 - 0x00007ff8879d2000 	C:\WINDOWS\System32\combase.dll
0x00007ff886900000 - 0x00007ff88697a000 	C:\WINDOWS\System32\bcryptPrimitives.dll
0x00007ff8885e0000 - 0x00007ff88860d000 	C:\WINDOWS\System32\IMM32.DLL
0x0000000064050000 - 0x0000000064122000 	C:\Program Files (x86)\Android\Android Studio\jre\jre\bin\msvcr100.dll
0x0000000064210000 - 0x0000000064a4f000 	C:\Program Files (x86)\Android\Android Studio\jre\jre\bin\server\jvm.dll
0x00007ff889dc0000 - 0x00007ff889dc8000 	C:\WINDOWS\System32\PSAPI.DLL
0x00007ff8710a0000 - 0x00007ff8710a9000 	C:\WINDOWS\SYSTEM32\WSOCK32.dll
0x00007ff887cc0000 - 0x00007ff887d2c000 	C:\WINDOWS\System32\WS2_32.dll
0x00007ff8817d0000 - 0x00007ff8817f3000 	C:\WINDOWS\SYSTEM32\WINMM.dll
0x00007ff87ab70000 - 0x00007ff87ab7a000 	C:\WINDOWS\SYSTEM32\VERSION.dll
0x00007ff8817a0000 - 0x00007ff8817ca000 	C:\WINDOWS\SYSTEM32\WINMMBASE.dll
0x00007ff8866c0000 - 0x00007ff886709000 	C:\WINDOWS\System32\cfgmgr32.dll
0x00007ff880710000 - 0x00007ff88071f000 	C:\Program Files (x86)\Android\Android Studio\jre\jre\bin\verify.dll
0x00007ff87afa0000 - 0x00007ff87afc9000 	C:\Program Files (x86)\Android\Android Studio\jre\jre\bin\java.dll
0x00007ff87de90000 - 0x00007ff87dea6000 	C:\Program Files (x86)\Android\Android Studio\jre\jre\bin\zip.dll
0x00007ff888980000 - 0x00007ff889dc0000 	C:\WINDOWS\System32\SHELL32.dll
0x00007ff887c10000 - 0x00007ff887cb9000 	C:\WINDOWS\System32\shcore.dll
0x00007ff886c60000 - 0x00007ff88736d000 	C:\WINDOWS\System32\windows.storage.dll
0x00007ff888610000 - 0x00007ff888661000 	C:\WINDOWS\System32\shlwapi.dll
0x00007ff886470000 - 0x00007ff886481000 	C:\WINDOWS\System32\kernel.appcore.dll
0x00007ff886490000 - 0x00007ff8864af000 	C:\WINDOWS\System32\profapi.dll
0x00007ff8864b0000 - 0x00007ff8864fc000 	C:\WINDOWS\System32\powrprof.dll
0x00007ff886460000 - 0x00007ff88646a000 	C:\WINDOWS\System32\FLTLIB.DLL
0x00007ff87a710000 - 0x00007ff87a72a000 	C:\Program Files (x86)\Android\Android Studio\jre\jre\bin\net.dll
0x00007ff885cc0000 - 0x00007ff885d26000 	C:\WINDOWS\system32\mswsock.dll
0x00007ff87a6f0000 - 0x00007ff87a701000 	C:\Program Files (x86)\Android\Android Studio\jre\jre\bin\nio.dll
0x00007ff87a750000 - 0x00007ff87a76e000 	C:\Users\HP\.gradle\native\25\windows-amd64\native-platform.dll
0x00007ff8802f0000 - 0x00007ff8802fd000 	C:\Program Files (x86)\Android\Android Studio\jre\jre\bin\management.dll
0x00007ff885e70000 - 0x00007ff885e87000 	C:\WINDOWS\SYSTEM32\CRYPTSP.dll
0x00007ff8858a0000 - 0x00007ff8858d3000 	C:\WINDOWS\system32\rsaenh.dll
0x00007ff885fa0000 - 0x00007ff885fc5000 	C:\WINDOWS\SYSTEM32\bcrypt.dll
0x00007ff886340000 - 0x00007ff886368000 	C:\WINDOWS\SYSTEM32\USERENV.dll
0x00007ff885e90000 - 0x00007ff885e9b000 	C:\WINDOWS\SYSTEM32\CRYPTBASE.dll
0x00007ff885a40000 - 0x00007ff885a78000 	C:\WINDOWS\SYSTEM32\IPHLPAPI.DLL
0x00007ff88a0f0000 - 0x00007ff88a0f8000 	C:\WINDOWS\System32\NSI.dll
0x00007ff87c4a0000 - 0x00007ff87c4b6000 	C:\WINDOWS\SYSTEM32\dhcpcsvc6.DLL
0x00007ff87c940000 - 0x00007ff87c95a000 	C:\WINDOWS\SYSTEM32\dhcpcsvc.DLL

VM Arguments:
jvm_args: -Xmx1536m -Dfile.encoding=windows-1252 -Duser.country=US -Duser.language=en -Duser.variant 
java_command: org.gradle.launcher.daemon.bootstrap.GradleDaemon 4.4
java_class_path (initial): C:\Users\HP\.gradle\wrapper\dists\gradle-4.4-all\9br9xq1tocpiv8o6njlyu5op1\gradle-4.4\lib\gradle-launcher-4.4.jar
Launcher Type: SUN_STANDARD

Environment Variables:
PATH=C:\Program Files (x86)\Common Files\Oracle\Java\javapath;C:\Program Files (x86)\Common Files\ArcSoft\Bin;C:\Program Files (x86)\Intel\iCLS Client\;C:\Program Files\Intel\iCLS Client\;C:\WINDOWS\system32;C:\WINDOWS;C:\WINDOWS\System32\Wbem;C:\WINDOWS\System32\WindowsPowerShell\v1.0\;C:\Program Files (x86)\Intel\Intel(R) Management Engine Components\DAL;C:\Program Files\Intel\Intel(R) Management Engine Components\DAL;C:\Program Files (x86)\Intel\Intel(R) Management Engine Components\IPT;C:\Program Files\Intel\Intel(R) Management Engine Components\IPT;c:\Program Files\Intel\WiFi\bin\;c:\Program Files\Common Files\Intel\WirelessCommon\;C:\Program Files (x86)\GtkSharp\2.12\bin;C:\WINDOWS\System32\OpenSSH\;C:\Users\HP\AppData\Local\Android\Sdk;C:\Program Files (x86)\Java\jdk1.6.0_18\bin;%USERPROFILE%\AppData\Local\Microsoft\WindowsApps;
USERNAME=HP
OS=Windows_NT
PROCESSOR_IDENTIFIER=Intel64 Family 6 Model 61 Stepping 4, GenuineIntel



---------------  S Y S T E M  ---------------

OS: Windows 10.0 , 64 bit Build 17134 (10.0.17134.1)

CPU:total 4 (initial active 4) (2 cores per cpu, 2 threads per core) family 6 model 61 stepping 4, cmov, cx8, fxsr, mmx, sse, sse2, sse3, ssse3, sse4.1, sse4.2, popcnt, avx, avx2, aes, clmul, erms, 3dnowpref, lzcnt, ht, tsc, tscinvbit, bmi1, bmi2, adx

Memory: 4k page, physical 4082796k(374056k free), swap 4082796k(4140k free)

vm_info: OpenJDK 64-Bit Server VM (25.152-b02) for windows-amd64 JRE (1.8.0_152-release-1024-b02), built by "builder" with MS VC++ 10.0 (VS2010)

time: Mon Jan 14 02:11:52 2019
elapsed time: 409 seconds (0d 0h 6m 49s)

