#
# There is insufficient memory for the Java Runtime Environment to continue.
# Native memory allocation (malloc) failed to allocate 32744 bytes for ChunkPool::allocate
# Possible reasons:
#   The system is out of physical RAM or swap space
#   In 32 bit mode, the process size limit was hit
# Possible solutions:
#   Reduce memory load on the system
#   Increase physical memory or swap space
#   Check if swap backing store is full
#   Use 64 bit Java on a 64 bit OS
#   Decrease Java heap size (-Xmx/-Xms)
#   Decrease number of Java threads
#   Decrease Java thread stack sizes (-Xss)
#   Set larger code cache with -XX:ReservedCodeCacheSize=
# This output file may be truncated or incomplete.
#
#  Out of Memory Error (allocation.cpp:273), pid=5336, tid=0x0000000000002538
#
# JRE version: OpenJDK Runtime Environment (8.0_152-b02) (build 1.8.0_152-release-1024-b02)
# Java VM: OpenJDK 64-Bit Server VM (25.152-b02 mixed mode windows-amd64 compressed oops)
# Failed to write core dump. Minidumps are not enabled by default on client versions of Windows
#

---------------  T H R E A D  ---------------

Current thread (0x00000000166ba000):  JavaThread "C1 CompilerThread2" daemon [_thread_in_native, id=9528, stack(0x0000000017ef0000,0x0000000017ff0000)]

Stack: [0x0000000017ef0000,0x0000000017ff0000]
[error occurred during error reporting (printing stack bounds), id 0xc0000005]

Native frames: (J=compiled Java code, j=interpreted, Vv=VM code, C=native code)


Current CompileTask:
C1:4499699 17823       1       org.gradle.model.internal.registry.ModelNodeInternal::isMutable (8 bytes)


---------------  P R O C E S S  ---------------

Java Threads: ( => current thread )
  0x000000001c68d800 JavaThread "build operations Thread 4" [_thread_blocked, id=4424, stack(0x000000002b740000,0x000000002b840000)]
  0x000000001c689000 JavaThread "build operations Thread 3" [_thread_blocked, id=1420, stack(0x000000002b640000,0x000000002b740000)]
  0x000000001c68f000 JavaThread "build operations Thread 2" [_thread_blocked, id=552, stack(0x000000002b540000,0x000000002b640000)]
  0x000000001c680800 JavaThread "build operations" [_thread_blocked, id=5500, stack(0x000000002b440000,0x000000002b540000)]
  0x000000001c686800 JavaThread "Cache worker for Artifact transforms cache (C:\Users\HP\.gradle\caches\transforms-1)" [_thread_blocked, id=5744, stack(0x000000002b340000,0x000000002b440000)]
  0x000000001c685000 JavaThread "Cache worker for file hash cache (H:\AndroidStudioProjects\LogInPage\.gradle\4.4\fileHashes)" [_thread_blocked, id=9072, stack(0x000000002b240000,0x000000002b340000)]
  0x000000001c683800 JavaThread "Stdin handler" [_thread_blocked, id=8340, stack(0x000000002b140000,0x000000002b240000)]
  0x000000001c687800 JavaThread "Asynchronous log dispatcher for DefaultDaemonConnection: socket connection from /127.0.0.1:2226 to /127.0.0.1:2698" [_thread_blocked, id=6396, stack(0x000000002b040000,0x000000002b140000)]
  0x000000001c683000 JavaThread "Daemon worker Thread 5" [_thread_in_native, id=8072, stack(0x000000002af40000,0x000000002b040000)]
  0x000000001c684800 JavaThread "Cancel handler" [_thread_blocked, id=7840, stack(0x000000002ae40000,0x000000002af40000)]
  0x000000001c686000 JavaThread "Handler for socket connection from /127.0.0.1:2226 to /127.0.0.1:2698" [_thread_in_native, id=7692, stack(0x000000002ad40000,0x000000002ae40000)]
  0x000000001c680000 JavaThread "Daemon Thread 5" [_thread_blocked, id=10020, stack(0x000000002ac40000,0x000000002ad40000)]
  0x000000001b5c5000 JavaThread "Memory manager" [_thread_blocked, id=8616, stack(0x0000000020290000,0x0000000020390000)]
  0x000000001996f000 JavaThread "File lock request listener" [_thread_in_native, id=8508, stack(0x000000001b140000,0x000000001b240000)]
  0x0000000019a29800 JavaThread "Cache worker for file hash cache (C:\Users\HP\.gradle\caches\4.4\fileHashes)" [_thread_blocked, id=6476, stack(0x000000001b040000,0x000000001b140000)]
  0x000000001943c800 JavaThread "Daemon periodic checks" [_thread_blocked, id=1188, stack(0x000000001a540000,0x000000001a640000)]
  0x0000000019275000 JavaThread "Incoming local TCP Connector on port 2226" [_thread_in_native, id=1200, stack(0x000000001a300000,0x000000001a400000)]
  0x0000000018018800 JavaThread "Service Thread" daemon [_thread_blocked, id=8104, stack(0x00000000183f0000,0x00000000184f0000)]
=>0x00000000166ba000 JavaThread "C1 CompilerThread2" daemon [_thread_in_native, id=9528, stack(0x0000000017ef0000,0x0000000017ff0000)]
  0x00000000166b1800 JavaThread "C2 CompilerThread1" daemon [_thread_in_native, id=5604, stack(0x0000000017df0000,0x0000000017ef0000)]
  0x00000000166ab800 JavaThread "C2 CompilerThread0" daemon [_thread_in_native, id=8064, stack(0x0000000017cf0000,0x0000000017df0000)]
  0x00000000166aa000 JavaThread "Attach Listener" daemon [_thread_blocked, id=9836, stack(0x0000000017bf0000,0x0000000017cf0000)]
  0x00000000166a8800 JavaThread "Signal Dispatcher" daemon [_thread_blocked, id=10144, stack(0x0000000017af0000,0x0000000017bf0000)]
  0x0000000002d3c800 JavaThread "Finalizer" daemon [_thread_blocked, id=8080, stack(0x0000000017900000,0x0000000017a00000)]
  0x0000000002d31800 JavaThread "Reference Handler" daemon [_thread_blocked, id=3044, stack(0x0000000017800000,0x0000000017900000)]
  0x0000000002b2e000 JavaThread "main" [_thread_blocked, id=8212, stack(0x0000000002b40000,0x0000000002c40000)]

Other Threads:
  0x0000000016676800 VMThread [stack: 0x0000000017700000,0x0000000017800000] [id=8284]
  0x000000001670d000 WatcherThread [stack: 0x00000000184f0000,0x00000000185f0000] [id=4332]

VM state:not at safepoint (normal execution)

VM Mutex/Monitor currently owned by a thread: None

Heap:
 PSYoungGen      total 217600K, used 113074K [0x00000000e0000000, 0x00000000f1e80000, 0x0000000100000000)
  eden space 172032K, 39% used [0x00000000e0000000,0x00000000e42efbb0,0x00000000ea800000)
  from space 45568K, 97% used [0x00000000ea800000,0x00000000ed37cd18,0x00000000ed480000)
  to   space 45056K, 0% used [0x00000000ef280000,0x00000000ef280000,0x00000000f1e80000)
 ParOldGen       total 154624K, used 64873K [0x00000000a0000000, 0x00000000a9700000, 0x00000000e0000000)
  object space 154624K, 41% used [0x00000000a0000000,0x00000000a3f5a6d0,0x00000000a9700000)
 Metaspace       used 81283K, capacity 84547K, committed 84992K, reserved 1122304K
  class space    used 10450K, capacity 11113K, committed 11264K, reserved 1048576K

Card table byte_map: [0x0000000012100000,0x0000000012410000] byte_map_base: 0x0000000011c00000

Marking Bits: (ParMarkBitMap*) 0x00000000649d4970
 Begin Bits: [0x0000000012a10000, 0x0000000014210000)
 End Bits:   [0x0000000014210000, 0x0000000015a10000)

Polling page: 0x00000000012b0000

CodeCache: size=245760Kb used=46943Kb max_used=47231Kb free=198816Kb
 bounds [0x0000000002d40000, 0x0000000005bd0000, 0x0000000011d40000]
 total_blobs=14725 nmethods=13859 adapters=777
 compilation: enabled

Compilation events (10 events):
Event: 4499.470 Thread 0x00000000166ba000 17816       3       org.gradle.api.internal.project.taskfactory.DefaultTaskClassValidatorExtractor$2::<init> (38 bytes)
Event: 4499.471 Thread 0x00000000166ba000 nmethod 17816 0x0000000003910410 code [0x0000000003910560, 0x0000000003910790]
Event: 4499.471 Thread 0x00000000166ba000 17814       1       com.android.builder.internal.BaseConfigImpl::getVersionNameSuffix (5 bytes)
Event: 4499.471 Thread 0x00000000166ba000 nmethod 17814 0x0000000003c7b910 code [0x0000000003c7ba60, 0x0000000003c7bb70]
Event: 4499.472 Thread 0x00000000166ab800 17819       4       org.gradle.api.internal.project.taskfactory.DefaultTaskClassValidatorExtractor::getGetters (110 bytes)
Event: 4499.475 Thread 0x00000000166ba000 17820       3       com.android.build.gradle.internal.tasks.AndroidVariantTask::setVariantName (6 bytes)
Event: 4499.475 Thread 0x00000000166ba000 nmethod 17820 0x0000000003dde590 code [0x0000000003dde6e0, 0x0000000003dde850]
Event: 4499.480 Thread 0x00000000166ba000 17822       3       com.sun.org.apache.xerces.internal.utils.XMLSecurityManager::getIndex (58 bytes)
Event: 4499.484 Thread 0x00000000166ba000 nmethod 17822 0x0000000003d01cd0 code [0x0000000003d01ea0, 0x0000000003d026c8]
Event: 4499.516 Thread 0x00000000166ba000 17823       1       org.gradle.model.internal.registry.ModelNodeInternal::isMutable (8 bytes)

GC Heap History (10 events):
Event: 2141.335 GC heap before
{Heap before GC invocations=24 (full 4):
 PSYoungGen      total 175616K, used 3568K [0x00000000e0000000, 0x00000000f0100000, 0x0000000100000000)
  eden space 172032K, 0% used [0x00000000e0000000,0x00000000e0000000,0x00000000ea800000)
  from space 3584K, 99% used [0x00000000edf00000,0x00000000ee27c010,0x00000000ee280000)
  to   space 45568K, 0% used [0x00000000ea800000,0x00000000ea800000,0x00000000ed480000)
 ParOldGen       total 122368K, used 122116K [0x00000000a0000000, 0x00000000a7780000, 0x00000000e0000000)
  object space 122368K, 99% used [0x00000000a0000000,0x00000000a77411a0,0x00000000a7780000)
 Metaspace       used 80172K, capacity 83501K, committed 83584K, reserved 1122304K
  class space    used 10439K, capacity 11128K, committed 11136K, reserved 1048576K
Event: 2142.441 GC heap after
Heap after GC invocations=24 (full 4):
 PSYoungGen      total 175616K, used 0K [0x00000000e0000000, 0x00000000f0100000, 0x0000000100000000)
  eden space 172032K, 0% used [0x00000000e0000000,0x00000000e0000000,0x00000000ea800000)
  from space 3584K, 0% used [0x00000000edf00000,0x00000000edf00000,0x00000000ee280000)
  to   space 45568K, 0% used [0x00000000ea800000,0x00000000ea800000,0x00000000ed480000)
 ParOldGen       total 122368K, used 106063K [0x00000000a0000000, 0x00000000a7780000, 0x00000000e0000000)
  object space 122368K, 86% used [0x00000000a0000000,0x00000000a6793d10,0x00000000a7780000)
 Metaspace       used 79374K, capacity 82077K, committed 83584K, reserved 1122304K
  class space    used 10255K, capacity 10802K, committed 11136K, reserved 1048576K
}
Event: 3071.758 GC heap before
{Heap before GC invocations=25 (full 5):
 PSYoungGen      total 175616K, used 172032K [0x00000000e0000000, 0x00000000f0100000, 0x0000000100000000)
  eden space 172032K, 100% used [0x00000000e0000000,0x00000000ea800000,0x00000000ea800000)
  from space 3584K, 0% used [0x00000000edf00000,0x00000000edf00000,0x00000000ee280000)
  to   space 45568K, 0% used [0x00000000ea800000,0x00000000ea800000,0x00000000ed480000)
 ParOldGen       total 122368K, used 106063K [0x00000000a0000000, 0x00000000a7780000, 0x00000000e0000000)
  object space 122368K, 86% used [0x00000000a0000000,0x00000000a6793d10,0x00000000a7780000)
 Metaspace       used 80466K, capacity 83533K, committed 84224K, reserved 1122304K
  class space    used 10414K, capacity 11066K, committed 11264K, reserved 1048576K
Event: 3072.071 GC heap after
Heap after GC invocations=25 (full 5):
 PSYoungGen      total 175616K, used 0K [0x00000000e0000000, 0x00000000f0100000, 0x0000000100000000)
  eden space 172032K, 0% used [0x00000000e0000000,0x00000000e0000000,0x00000000ea800000)
  from space 3584K, 0% used [0x00000000edf00000,0x00000000edf00000,0x00000000ee280000)
  to   space 45568K, 0% used [0x00000000ea800000,0x00000000ea800000,0x00000000ed480000)
 ParOldGen       total 154624K, used 48740K [0x00000000a0000000, 0x00000000a9700000, 0x00000000e0000000)
  object space 154624K, 31% used [0x00000000a0000000,0x00000000a2f991b0,0x00000000a9700000)
 Metaspace       used 79949K, capacity 82777K, committed 84224K, reserved 1122304K
  class space    used 10304K, capacity 10920K, committed 11264K, reserved 1048576K
}
Event: 3088.560 GC heap before
{Heap before GC invocations=26 (full 5):
 PSYoungGen      total 175616K, used 172032K [0x00000000e0000000, 0x00000000f0100000, 0x0000000100000000)
  eden space 172032K, 100% used [0x00000000e0000000,0x00000000ea800000,0x00000000ea800000)
  from space 3584K, 0% used [0x00000000edf00000,0x00000000edf00000,0x00000000ee280000)
  to   space 45568K, 0% used [0x00000000ea800000,0x00000000ea800000,0x00000000ed480000)
 ParOldGen       total 154624K, used 48740K [0x00000000a0000000, 0x00000000a9700000, 0x00000000e0000000)
  object space 154624K, 31% used [0x00000000a0000000,0x00000000a2f991b0,0x00000000a9700000)
 Metaspace       used 80213K, capacity 83193K, committed 84224K, reserved 1122304K
  class space    used 10323K, capacity 10942K, committed 11264K, reserved 1048576K
Event: 3088.569 GC heap after
Heap after GC invocations=26 (full 5):
 PSYoungGen      total 217600K, used 3552K [0x00000000e0000000, 0x00000000f1e80000, 0x0000000100000000)
  eden space 172032K, 0% used [0x00000000e0000000,0x00000000e0000000,0x00000000ea800000)
  from space 45568K, 7% used [0x00000000ea800000,0x00000000eab780e8,0x00000000ed480000)
  to   space 45056K, 0% used [0x00000000ef280000,0x00000000ef280000,0x00000000f1e80000)
 ParOldGen       total 154624K, used 48740K [0x00000000a0000000, 0x00000000a9700000, 0x00000000e0000000)
  object space 154624K, 31% used [0x00000000a0000000,0x00000000a2f991b0,0x00000000a9700000)
 Metaspace       used 80213K, capacity 83193K, committed 84224K, reserved 1122304K
  class space    used 10323K, capacity 10942K, committed 11264K, reserved 1048576K
}
Event: 3094.630 GC heap before
{Heap before GC invocations=27 (full 5):
 PSYoungGen      total 217600K, used 175584K [0x00000000e0000000, 0x00000000f1e80000, 0x0000000100000000)
  eden space 172032K, 100% used [0x00000000e0000000,0x00000000ea800000,0x00000000ea800000)
  from space 45568K, 7% used [0x00000000ea800000,0x00000000eab780e8,0x00000000ed480000)
  to   space 45056K, 0% used [0x00000000ef280000,0x00000000ef280000,0x00000000f1e80000)
 ParOldGen       total 154624K, used 48740K [0x00000000a0000000, 0x00000000a9700000, 0x00000000e0000000)
  object space 154624K, 31% used [0x00000000a0000000,0x00000000a2f991b0,0x00000000a9700000)
 Metaspace       used 80425K, capacity 83395K, committed 84224K, reserved 1122304K
  class space    used 10326K, capacity 10943K, committed 11264K, reserved 1048576K
Event: 3094.797 GC heap after
Heap after GC invocations=27 (full 5):
 PSYoungGen      total 217088K, used 45029K [0x00000000e0000000, 0x00000000f1e80000, 0x0000000100000000)
  eden space 172032K, 0% used [0x00000000e0000000,0x00000000e0000000,0x00000000ea800000)
  from space 45056K, 99% used [0x00000000ef280000,0x00000000f1e79618,0x00000000f1e80000)
  to   space 45568K, 0% used [0x00000000ea800000,0x00000000ea800000,0x00000000ed480000)
 ParOldGen       total 154624K, used 64865K [0x00000000a0000000, 0x00000000a9700000, 0x00000000e0000000)
  object space 154624K, 41% used [0x00000000a0000000,0x00000000a3f586d0,0x00000000a9700000)
 Metaspace       used 80425K, capacity 83395K, committed 84224K, reserved 1122304K
  class space    used 10326K, capacity 10943K, committed 11264K, reserved 1048576K
}
Event: 3097.302 GC heap before
{Heap before GC invocations=28 (full 5):
 PSYoungGen      total 217088K, used 216977K [0x00000000e0000000, 0x00000000f1e80000, 0x0000000100000000)
  eden space 172032K, 99% used [0x00000000e0000000,0x00000000ea7eb190,0x00000000ea800000)
  from space 45056K, 99% used [0x00000000ef280000,0x00000000f1e79618,0x00000000f1e80000)
  to   space 45568K, 0% used [0x00000000ea800000,0x00000000ea800000,0x00000000ed480000)
 ParOldGen       total 154624K, used 64865K [0x00000000a0000000, 0x00000000a9700000, 0x00000000e0000000)
  object space 154624K, 41% used [0x00000000a0000000,0x00000000a3f586d0,0x00000000a9700000)
 Metaspace       used 80466K, capacity 83477K, committed 84480K, reserved 1122304K
  class space    used 10328K, capacity 10946K, committed 11264K, reserved 1048576K
Event: 3097.380 GC heap after
Heap after GC invocations=28 (full 5):
 PSYoungGen      total 217600K, used 44531K [0x00000000e0000000, 0x00000000f1e80000, 0x0000000100000000)
  eden space 172032K, 0% used [0x00000000e0000000,0x00000000e0000000,0x00000000ea800000)
  from space 45568K, 97% used [0x00000000ea800000,0x00000000ed37cd18,0x00000000ed480000)
  to   space 45056K, 0% used [0x00000000ef280000,0x00000000ef280000,0x00000000f1e80000)
 ParOldGen       total 154624K, used 64873K [0x00000000a0000000, 0x00000000a9700000, 0x00000000e0000000)
  object space 154624K, 41% used [0x00000000a0000000,0x00000000a3f5a6d0,0x00000000a9700000)
 Metaspace       used 80466K, capacity 83477K, committed 84480K, reserved 1122304K
  class space    used 10328K, capacity 10946K, committed 11264K, reserved 1048576K
}

Deoptimization events (10 events):
Event: 3094.873 Thread 0x000000001c68b800 Uncommon trap: reason=array_check action=maybe_recompile pc=0x0000000005a401c0 method=java.util.TimSort.mergeHi(IIII)V @ 282
Event: 3095.596 Thread 0x000000001c68b800 Uncommon trap: reason=unstable_if action=reinterpret pc=0x00000000042617c4 method=java.nio.Bits.copyFromArray(Ljava/lang/Object;JJJJ)V @ 18
Event: 3096.490 Thread 0x000000001c685000 Uncommon trap: reason=class_check action=maybe_recompile pc=0x0000000005116db8 method=java.util.Collections$SetFromMap.add(Ljava/lang/Object;)Z @ 8
Event: 3096.491 Thread 0x000000001c68a800 Uncommon trap: reason=unstable_if action=reinterpret pc=0x0000000005451438 method=java.net.URI.needsNormalization(Ljava/lang/String;)I @ 149
Event: 3096.555 Thread 0x000000001c68a800 Uncommon trap: reason=unstable_if action=reinterpret pc=0x0000000004b12530 method=sun.security.util.Cache$EqualByteArray.hashCode()I @ 6
Event: 4497.780 Thread 0x000000001c683000 Uncommon trap: reason=array_check action=maybe_recompile pc=0x0000000004cd85d4 method=com.google.common.collect.ImmutableSet.construct(I[Ljava/lang/Object;)Lcom/google/common/collect/ImmutableSet; @ 122
Event: 4497.798 Thread 0x000000001c683000 Uncommon trap: reason=array_check action=maybe_recompile pc=0x0000000004cd85d4 method=com.google.common.collect.ImmutableSet.construct(I[Ljava/lang/Object;)Lcom/google/common/collect/ImmutableSet; @ 122
Event: 4497.834 Thread 0x000000001c683000 Uncommon trap: reason=array_check action=maybe_recompile pc=0x0000000004cd85d4 method=com.google.common.collect.ImmutableSet.construct(I[Ljava/lang/Object;)Lcom/google/common/collect/ImmutableSet; @ 122
Event: 4497.844 Thread 0x000000001c683000 Uncommon trap: reason=array_check action=maybe_recompile pc=0x0000000004cd85d4 method=com.google.common.collect.ImmutableSet.construct(I[Ljava/lang/Object;)Lcom/google/common/collect/ImmutableSet; @ 122
Event: 4498.442 Thread 0x000000001c68f000 Uncommon trap: reason=unstable_if action=reinterpret pc=0x00000000048e634c method=java.util.concurrent.locks.AbstractQueuedSynchronizer.enq(Ljava/util/concurrent/locks/AbstractQueuedSynchronizer$Node;)Ljava/util/concurrent/locks/AbstractQueuedSynchronizer

Classes redefined (0 events):
No events

Internal exceptions (10 events):
Event: 4499.085 Thread 0x000000001c683000 Exception <a 'sun/nio/fs/WindowsException'> (0x00000000e2f291b8) thrown at [D:\src\AOSP-openjdk-cygwin\jdk8u\hotspot\src\share\vm\prims\jni.cpp, line 709]
Event: 4499.085 Thread 0x000000001c683000 Exception <a 'sun/nio/fs/WindowsException'> (0x00000000e2f29d20) thrown at [D:\src\AOSP-openjdk-cygwin\jdk8u\hotspot\src\share\vm\prims\jni.cpp, line 709]
Event: 4499.087 Thread 0x000000001c683000 Exception <a 'sun/nio/fs/WindowsException'> (0x00000000e2f2c798) thrown at [D:\src\AOSP-openjdk-cygwin\jdk8u\hotspot\src\share\vm\prims\jni.cpp, line 709]
Event: 4499.087 Thread 0x000000001c683000 Exception <a 'sun/nio/fs/WindowsException'> (0x00000000e2f2d330) thrown at [D:\src\AOSP-openjdk-cygwin\jdk8u\hotspot\src\share\vm\prims\jni.cpp, line 709]
Event: 4499.088 Thread 0x000000001c683000 Exception <a 'sun/nio/fs/WindowsException'> (0x00000000e2f2eef8) thrown at [D:\src\AOSP-openjdk-cygwin\jdk8u\hotspot\src\share\vm\prims\jni.cpp, line 709]
Event: 4499.088 Thread 0x000000001c683000 Exception <a 'sun/nio/fs/WindowsException'> (0x00000000e2f2fad0) thrown at [D:\src\AOSP-openjdk-cygwin\jdk8u\hotspot\src\share\vm\prims\jni.cpp, line 709]
Event: 4499.096 Thread 0x000000001c683000 Exception <a 'sun/nio/fs/WindowsException'> (0x00000000e2f32a48) thrown at [D:\src\AOSP-openjdk-cygwin\jdk8u\hotspot\src\share\vm\prims\jni.cpp, line 709]
Event: 4499.096 Thread 0x000000001c683000 Exception <a 'sun/nio/fs/WindowsException'> (0x00000000e2f33560) thrown at [D:\src\AOSP-openjdk-cygwin\jdk8u\hotspot\src\share\vm\prims\jni.cpp, line 709]
Event: 4499.096 Thread 0x000000001c683000 Exception <a 'sun/nio/fs/WindowsException'> (0x00000000e2f350b0) thrown at [D:\src\AOSP-openjdk-cygwin\jdk8u\hotspot\src\share\vm\prims\jni.cpp, line 709]
Event: 4499.097 Thread 0x000000001c683000 Exception <a 'sun/nio/fs/WindowsException'> (0x00000000e2f35c08) thrown at [D:\src\AOSP-openjdk-cygwin\jdk8u\hotspot\src\share\vm\prims\jni.cpp, line 709]

Events (10 events):
Event: 4499.475 Thread 0x00000000166ba000 flushing nmethod 0x000000000437c0d0
Event: 4499.475 Thread 0x00000000166ba000 flushing nmethod 0x000000000437d7d0
Event: 4499.475 Thread 0x00000000166ba000 flushing nmethod 0x00000000043c7cd0
Event: 4499.476 Thread 0x00000000166ba000 flushing nmethod 0x000000000444b990
Event: 4499.476 Thread 0x00000000166ba000 flushing nmethod 0x000000000444e950
Event: 4499.476 Thread 0x00000000166ba000 flushing nmethod 0x000000000445ea10
Event: 4499.476 Thread 0x00000000166ba000 flushing nmethod 0x000000000447da90
Event: 4499.476 Thread 0x00000000166ba000 flushing nmethod 0x0000000004486a90
Event: 4499.476 Thread 0x00000000166ba000 flushing nmethod 0x000000000448ee10
Event: 4499.476 Thread 0x00000000166ba000 flushing nmethod 0x00000000044931d0


Dynamic libraries:
0x00007ff7d0c50000 - 0x00007ff7d0c81000 	C:\Program Files (x86)\Android\Android Studio\jre\bin\java.exe
0x00007ff88a130000 - 0x00007ff88a311000 	C:\WINDOWS\SYSTEM32\ntdll.dll
0x00007ff875ec0000 - 0x00007ff875ed4000 	C:\Program Files\AVAST Software\Avast\x64\aswhooka.dll
0x00007ff888890000 - 0x00007ff888942000 	C:\WINDOWS\System32\KERNEL32.DLL
0x00007ff886980000 - 0x00007ff886bf3000 	C:\WINDOWS\System32\KERNELBASE.dll
0x00007ff887f50000 - 0x00007ff887ff1000 	C:\WINDOWS\System32\ADVAPI32.dll
0x00007ff88a040000 - 0x00007ff88a0de000 	C:\WINDOWS\System32\msvcrt.dll
0x00007ff887d90000 - 0x00007ff887deb000 	C:\WINDOWS\System32\sechost.dll
0x00007ff8884b0000 - 0x00007ff8885d4000 	C:\WINDOWS\System32\RPCRT4.dll
0x00007ff887a80000 - 0x00007ff887c10000 	C:\WINDOWS\System32\USER32.dll
0x00007ff886500000 - 0x00007ff886520000 	C:\WINDOWS\System32\win32u.dll
0x00007ff888950000 - 0x00007ff888978000 	C:\WINDOWS\System32\GDI32.dll
0x00007ff886520000 - 0x00007ff8866b2000 	C:\WINDOWS\System32\gdi32full.dll
0x00007ff887520000 - 0x00007ff8875bf000 	C:\WINDOWS\System32\msvcp_win.dll
0x00007ff887420000 - 0x00007ff88751a000 	C:\WINDOWS\System32\ucrtbase.dll
0x00007ff873d70000 - 0x00007ff873fd9000 	C:\WINDOWS\WinSxS\amd64_microsoft.windows.common-controls_6595b64144ccf1df_6.0.17134.523_none_fb409dd930672a56\COMCTL32.dll
0x00007ff8876b0000 - 0x00007ff8879d2000 	C:\WINDOWS\System32\combase.dll
0x00007ff886900000 - 0x00007ff88697a000 	C:\WINDOWS\System32\bcryptPrimitives.dll
0x00007ff8885e0000 - 0x00007ff88860d000 	C:\WINDOWS\System32\IMM32.DLL
0x0000000064050000 - 0x0000000064122000 	C:\Program Files (x86)\Android\Android Studio\jre\jre\bin\msvcr100.dll
0x0000000064210000 - 0x0000000064a4f000 	C:\Program Files (x86)\Android\Android Studio\jre\jre\bin\server\jvm.dll
0x00007ff889dc0000 - 0x00007ff889dc8000 	C:\WINDOWS\System32\PSAPI.DLL
0x00007ff8710a0000 - 0x00007ff8710a9000 	C:\WINDOWS\SYSTEM32\WSOCK32.dll
0x00007ff887cc0000 - 0x00007ff887d2c000 	C:\WINDOWS\System32\WS2_32.dll
0x00007ff8817d0000 - 0x00007ff8817f3000 	C:\WINDOWS\SYSTEM32\WINMM.dll
0x00007ff87ab70000 - 0x00007ff87ab7a000 	C:\WINDOWS\SYSTEM32\VERSION.dll
0x00007ff8817a0000 - 0x00007ff8817ca000 	C:\WINDOWS\SYSTEM32\WINMMBASE.dll
0x00007ff8866c0000 - 0x00007ff886709000 	C:\WINDOWS\System32\cfgmgr32.dll
0x00007ff882ca0000 - 0x00007ff882caf000 	C:\Program Files (x86)\Android\Android Studio\jre\jre\bin\verify.dll
0x00007ff87afa0000 - 0x00007ff87afc9000 	C:\Program Files (x86)\Android\Android Studio\jre\jre\bin\java.dll
0x00007ff87de90000 - 0x00007ff87dea6000 	C:\Program Files (x86)\Android\Android Studio\jre\jre\bin\zip.dll
0x00007ff888980000 - 0x00007ff889dc0000 	C:\WINDOWS\System32\SHELL32.dll
0x00007ff887c10000 - 0x00007ff887cb9000 	C:\WINDOWS\System32\shcore.dll
0x00007ff886c60000 - 0x00007ff88736d000 	C:\WINDOWS\System32\windows.storage.dll
0x00007ff888610000 - 0x00007ff888661000 	C:\WINDOWS\System32\shlwapi.dll
0x00007ff886470000 - 0x00007ff886481000 	C:\WINDOWS\System32\kernel.appcore.dll
0x00007ff886490000 - 0x00007ff8864af000 	C:\WINDOWS\System32\profapi.dll
0x00007ff8864b0000 - 0x00007ff8864fc000 	C:\WINDOWS\System32\powrprof.dll
0x00007ff886460000 - 0x00007ff88646a000 	C:\WINDOWS\System32\FLTLIB.DLL
0x00007ff87a750000 - 0x00007ff87a76a000 	C:\Program Files (x86)\Android\Android Studio\jre\jre\bin\net.dll
0x00007ff885cc0000 - 0x00007ff885d26000 	C:\WINDOWS\system32\mswsock.dll
0x00007ff87a710000 - 0x00007ff87a721000 	C:\Program Files (x86)\Android\Android Studio\jre\jre\bin\nio.dll
0x00007ff880740000 - 0x00007ff88075e000 	C:\Users\HP\.gradle\native\25\windows-amd64\native-platform.dll
0x00007ff881430000 - 0x00007ff88143d000 	C:\Program Files (x86)\Android\Android Studio\jre\jre\bin\management.dll
0x00007ff885e70000 - 0x00007ff885e87000 	C:\WINDOWS\SYSTEM32\CRYPTSP.dll
0x00007ff8858a0000 - 0x00007ff8858d3000 	C:\WINDOWS\system32\rsaenh.dll
0x00007ff885fa0000 - 0x00007ff885fc5000 	C:\WINDOWS\SYSTEM32\bcrypt.dll
0x00007ff886340000 - 0x00007ff886368000 	C:\WINDOWS\SYSTEM32\USERENV.dll
0x00007ff885e90000 - 0x00007ff885e9b000 	C:\WINDOWS\SYSTEM32\CRYPTBASE.dll
0x00007ff885a40000 - 0x00007ff885a78000 	C:\WINDOWS\SYSTEM32\IPHLPAPI.DLL
0x00007ff88a0f0000 - 0x00007ff88a0f8000 	C:\WINDOWS\System32\NSI.dll
0x00007ff87c4a0000 - 0x00007ff87c4b6000 	C:\WINDOWS\SYSTEM32\dhcpcsvc6.DLL
0x00007ff87c940000 - 0x00007ff87c95a000 	C:\WINDOWS\SYSTEM32\dhcpcsvc.DLL
0x00007ff874240000 - 0x00007ff874264000 	C:\Program Files (x86)\Android\Android Studio\jre\jre\bin\sunec.dll
0x00007ff885a90000 - 0x00007ff885b4e000 	C:\WINDOWS\SYSTEM32\DNSAPI.dll
0x00007ff878b00000 - 0x00007ff878b0a000 	C:\Windows\System32\rasadhlp.dll
0x00007ff876d10000 - 0x00007ff876d82000 	C:\WINDOWS\System32\fwpuclnt.dll
0x00007ff882cf0000 - 0x00007ff882cfb000 	C:\Program Files (x86)\Android\Android Studio\jre\jre\bin\sunmscapi.dll
0x00007ff886710000 - 0x00007ff8868f2000 	C:\WINDOWS\System32\CRYPT32.dll
0x00007ff886440000 - 0x00007ff886452000 	C:\WINDOWS\System32\MSASN1.dll

VM Arguments:
jvm_args: -Xmx1536m -Dfile.encoding=windows-1252 -Duser.country=US -Duser.language=en -Duser.variant 
java_command: org.gradle.launcher.daemon.bootstrap.GradleDaemon 4.4
java_class_path (initial): C:\Users\HP\.gradle\wrapper\dists\gradle-4.4-all\9br9xq1tocpiv8o6njlyu5op1\gradle-4.4\lib\gradle-launcher-4.4.jar
Launcher Type: SUN_STANDARD

Environment Variables:
PATH=C:\Program Files (x86)\Common Files\Oracle\Java\javapath;C:\Program Files (x86)\Common Files\ArcSoft\Bin;C:\Program Files (x86)\Intel\iCLS Client\;C:\Program Files\Intel\iCLS Client\;C:\WINDOWS\system32;C:\WINDOWS;C:\WINDOWS\System32\Wbem;C:\WINDOWS\System32\WindowsPowerShell\v1.0\;C:\Program Files (x86)\Intel\Intel(R) Management Engine Components\DAL;C:\Program Files\Intel\Intel(R) Management Engine Components\DAL;C:\Program Files (x86)\Intel\Intel(R) Management Engine Components\IPT;C:\Program Files\Intel\Intel(R) Management Engine Components\IPT;c:\Program Files\Intel\WiFi\bin\;c:\Program Files\Common Files\Intel\WirelessCommon\;C:\Program Files (x86)\GtkSharp\2.12\bin;C:\WINDOWS\System32\OpenSSH\;C:\Users\HP\AppData\Local\Android\Sdk;C:\Program Files (x86)\Java\jdk1.6.0_18\bin;%USERPROFILE%\AppData\Local\Microsoft\WindowsApps;
USERNAME=HP
OS=Windows_NT
PROCESSOR_IDENTIFIER=Intel64 Family 6 Model 61 Stepping 4, GenuineIntel



---------------  S Y S T E M  ---------------

OS: Windows 10.0 , 64 bit Build 17134 (10.0.17134.1)

CPU:total 4 (initial active 4) (2 cores per cpu, 2 threads per core) family 6 model 61 stepping 4, cmov, cx8, fxsr, mmx, sse, sse2, sse3, ssse3, sse4.1, sse4.2, popcnt, avx, avx2, aes, clmul, erms, 3dnowpref, lzcnt, ht, tsc, tscinvbit, bmi1, bmi2, adx

Memory: 4k page, physical 4082796k(350176k free), swap 4082796k(1432k free)

vm_info: OpenJDK 64-Bit Server VM (25.152-b02) for windows-amd64 JRE (1.8.0_152-release-1024-b02), built by "builder" with MS VC++ 10.0 (VS2010)

time: Mon Jan 14 03:30:50 2019
elapsed time: 4499 seconds (0d 1h 14m 59s)

