#
# There is insufficient memory for the Java Runtime Environment to continue.
# Native memory allocation (malloc) failed to allocate 705776 bytes for Chunk::new
# Possible reasons:
#   The system is out of physical RAM or swap space
#   In 32 bit mode, the process size limit was hit
# Possible solutions:
#   Reduce memory load on the system
#   Increase physical memory or swap space
#   Check if swap backing store is full
#   Use 64 bit Java on a 64 bit OS
#   Decrease Java heap size (-Xmx/-Xms)
#   Decrease number of Java threads
#   Decrease Java thread stack sizes (-Xss)
#   Set larger code cache with -XX:ReservedCodeCacheSize=
# This output file may be truncated or incomplete.
#
#  Out of Memory Error (allocation.cpp:390), pid=9016, tid=0x00000000000019cc
#
# JRE version: OpenJDK Runtime Environment (8.0_152-b02) (build 1.8.0_152-release-1024-b02)
# Java VM: OpenJDK 64-Bit Server VM (25.152-b02 mixed mode windows-amd64 compressed oops)
# Failed to write core dump. Minidumps are not enabled by default on client versions of Windows
#

---------------  T H R E A D  ---------------

Current thread (0x0000000016322000):  JavaThread "C2 CompilerThread1" daemon [_thread_in_native, id=6604, stack(0x0000000017a70000,0x0000000017b70000)]

Stack: [0x0000000017a70000,0x0000000017b70000]
[error occurred during error reporting (printing stack bounds), id 0xc0000005]

Native frames: (J=compiled Java code, j=interpreted, Vv=VM code, C=native code)


Current CompileTask:
C2:   8679 1369       4       java.net.URLClassLoader$1::run (5 bytes)


---------------  P R O C E S S  ---------------

Java Threads: ( => current thread )
  0x000000001b74c000 JavaThread "Cache worker for file hash cache (H:\AndroidStudioProjects\LogInPage\.gradle\4.4\fileHashes)" [_thread_blocked, id=8252, stack(0x000000001be90000,0x000000001bf90000)]
  0x0000000019194800 JavaThread "File lock request listener" [_thread_in_native, id=4260, stack(0x000000001adc0000,0x000000001aec0000)]
  0x00000000192e1000 JavaThread "Cache worker for file hash cache (C:\Users\HP\.gradle\caches\4.4\fileHashes)" [_thread_blocked, id=6768, stack(0x000000001acc0000,0x000000001adc0000)]
  0x00000000191c1000 JavaThread "Stdin handler" [_thread_blocked, id=2200, stack(0x000000001a9c0000,0x000000001aac0000)]
  0x0000000019237000 JavaThread "Asynchronous log dispatcher for DefaultDaemonConnection: socket connection from /127.0.0.1:2054 to /127.0.0.1:2055" [_thread_blocked, id=8564, stack(0x000000001a8c0000,0x000000001a9c0000)]
  0x000000001919f000 JavaThread "Daemon worker" [_thread_in_native, id=7840, stack(0x000000001a7c0000,0x000000001a8c0000)]
  0x00000000191a1000 JavaThread "Cancel handler" [_thread_blocked, id=2448, stack(0x000000001a6c0000,0x000000001a7c0000)]
  0x00000000185c4800 JavaThread "Handler for socket connection from /127.0.0.1:2054 to /127.0.0.1:2055" [_thread_in_native, id=2024, stack(0x000000001a3c0000,0x000000001a4c0000)]
  0x0000000017e0a000 JavaThread "Daemon" [_thread_blocked, id=1272, stack(0x000000001a2c0000,0x000000001a3c0000)]
  0x0000000017dfe800 JavaThread "Daemon periodic checks" [_thread_blocked, id=9408, stack(0x000000001a1c0000,0x000000001a2c0000)]
  0x000000001916f800 JavaThread "Incoming local TCP Connector on port 2054" [_thread_in_native, id=8352, stack(0x0000000019f80000,0x000000001a080000)]
  0x0000000017c98800 JavaThread "Service Thread" daemon [_thread_blocked, id=276, stack(0x0000000018070000,0x0000000018170000)]
  0x000000001632a000 JavaThread "C1 CompilerThread2" daemon [_thread_blocked, id=1932, stack(0x0000000017b70000,0x0000000017c70000)]
=>0x0000000016322000 JavaThread "C2 CompilerThread1" daemon [_thread_in_native, id=6604, stack(0x0000000017a70000,0x0000000017b70000)]
  0x000000001631b800 JavaThread "C2 CompilerThread0" daemon [_thread_blocked, id=4192, stack(0x0000000017970000,0x0000000017a70000)]
  0x000000001631a000 JavaThread "Attach Listener" daemon [_thread_blocked, id=5252, stack(0x0000000017870000,0x0000000017970000)]
  0x0000000016318800 JavaThread "Signal Dispatcher" daemon [_thread_blocked, id=8324, stack(0x0000000017770000,0x0000000017870000)]
  0x00000000029ac800 JavaThread "Finalizer" daemon [_thread_blocked, id=2500, stack(0x0000000017580000,0x0000000017680000)]
  0x00000000029a1800 JavaThread "Reference Handler" daemon [_thread_blocked, id=2396, stack(0x0000000017480000,0x0000000017580000)]
  0x0000000000e6e000 JavaThread "main" [_thread_blocked, id=4948, stack(0x0000000002780000,0x0000000002880000)]

Other Threads:
  0x00000000162e5800 VMThread [stack: 0x0000000017380000,0x0000000017480000] [id=8032]
  0x0000000017c99000 WatcherThread [stack: 0x0000000018170000,0x0000000018270000] [id=3740]

VM state:not at safepoint (normal execution)

VM Mutex/Monitor currently owned by a thread: None

Heap:
 PSYoungGen      total 22016K, used 9149K [0x00000000e0000000, 0x00000000e2b00000, 0x0000000100000000)
  eden space 16384K, 28% used [0x00000000e0000000,0x00000000e048d608,0x00000000e1000000)
  from space 5632K, 79% used [0x00000000e1580000,0x00000000e19e1ff8,0x00000000e1b00000)
  to   space 5632K, 0% used [0x00000000e1000000,0x00000000e1000000,0x00000000e1580000)
 ParOldGen       total 44032K, used 4742K [0x00000000a0000000, 0x00000000a2b00000, 0x00000000e0000000)
  object space 44032K, 10% used [0x00000000a0000000,0x00000000a04a1b28,0x00000000a2b00000)
 Metaspace       used 14932K, capacity 15254K, committed 15360K, reserved 1062912K
  class space    used 2097K, capacity 2219K, committed 2304K, reserved 1048576K

Card table byte_map: [0x0000000011d70000,0x0000000012080000] byte_map_base: 0x0000000011870000

Marking Bits: (ParMarkBitMap*) 0x000000005be44970
 Begin Bits: [0x0000000012680000, 0x0000000013e80000)
 End Bits:   [0x0000000013e80000, 0x0000000015680000)

Polling page: 0x0000000000e70000

CodeCache: size=245760Kb used=4979Kb max_used=4979Kb free=240780Kb
 bounds [0x00000000029b0000, 0x0000000002e90000, 0x00000000119b0000]
 total_blobs=1812 nmethods=1442 adapters=283
 compilation: enabled

Compilation events (10 events):
Event: 8.585 Thread 0x000000001632a000 nmethod 1455 0x0000000002e87910 code [0x0000000002e87a80, 0x0000000002e87c90]
Event: 8.585 Thread 0x000000001632a000 1458       1       java.lang.reflect.Method::getMethodAccessor (5 bytes)
Event: 8.586 Thread 0x000000001632a000 nmethod 1458 0x0000000002e87650 code [0x0000000002e877a0, 0x0000000002e878b0]
Event: 8.586 Thread 0x000000001632a000 1459       3       java.lang.reflect.Method::setMethodAccessor (21 bytes)
Event: 8.586 Thread 0x000000001632a000 nmethod 1459 0x0000000002e87010 code [0x0000000002e87180, 0x0000000002e87528]
Event: 8.599 Thread 0x000000001631b800 nmethod 1440% 0x0000000002e8c7d0 code [0x0000000002e8c9a0, 0x0000000002e8d888]
Event: 8.599 Thread 0x000000001631b800 1456       4       java.util.LinkedHashMap$LinkedKeyIterator::next (8 bytes)
Event: 8.600 Thread 0x000000001631b800 nmethod 1456 0x0000000002e85810 code [0x0000000002e85940, 0x0000000002e85a18]
Event: 8.600 Thread 0x000000001631b800 1457       4       java.util.concurrent.ConcurrentHashMap::putIfAbsent (8 bytes)
Event: 8.601 Thread 0x000000001631b800 nmethod 1457 0x0000000002e85590 code [0x0000000002e856e0, 0x0000000002e85768]

GC Heap History (10 events):
Event: 2.478 GC heap before
{Heap before GC invocations=2 (full 0):
 PSYoungGen      total 18944K, used 18940K [0x00000000e0000000, 0x00000000e1500000, 0x0000000100000000)
  eden space 16384K, 100% used [0x00000000e0000000,0x00000000e1000000,0x00000000e1000000)
  from space 2560K, 99% used [0x00000000e1000000,0x00000000e127f280,0x00000000e1280000)
  to   space 2560K, 0% used [0x00000000e1280000,0x00000000e1280000,0x00000000e1500000)
 ParOldGen       total 44032K, used 358K [0x00000000a0000000, 0x00000000a2b00000, 0x00000000e0000000)
  object space 44032K, 0% used [0x00000000a0000000,0x00000000a0059b30,0x00000000a2b00000)
 Metaspace       used 6577K, capacity 6766K, committed 7040K, reserved 1056768K
  class space    used 803K, capacity 875K, committed 896K, reserved 1048576K
Event: 2.483 GC heap after
Heap after GC invocations=2 (full 0):
 PSYoungGen      total 18944K, used 2377K [0x00000000e0000000, 0x00000000e1500000, 0x0000000100000000)
  eden space 16384K, 0% used [0x00000000e0000000,0x00000000e0000000,0x00000000e1000000)
  from space 2560K, 92% used [0x00000000e1280000,0x00000000e14d2650,0x00000000e1500000)
  to   space 2560K, 0% used [0x00000000e1000000,0x00000000e1000000,0x00000000e1280000)
 ParOldGen       total 44032K, used 366K [0x00000000a0000000, 0x00000000a2b00000, 0x00000000e0000000)
  object space 44032K, 0% used [0x00000000a0000000,0x00000000a005bb30,0x00000000a2b00000)
 Metaspace       used 6577K, capacity 6766K, committed 7040K, reserved 1056768K
  class space    used 803K, capacity 875K, committed 896K, reserved 1048576K
}
Event: 2.782 GC heap before
{Heap before GC invocations=3 (full 0):
 PSYoungGen      total 18944K, used 18761K [0x00000000e0000000, 0x00000000e1500000, 0x0000000100000000)
  eden space 16384K, 100% used [0x00000000e0000000,0x00000000e1000000,0x00000000e1000000)
  from space 2560K, 92% used [0x00000000e1280000,0x00000000e14d2650,0x00000000e1500000)
  to   space 2560K, 0% used [0x00000000e1000000,0x00000000e1000000,0x00000000e1280000)
 ParOldGen       total 44032K, used 366K [0x00000000a0000000, 0x00000000a2b00000, 0x00000000e0000000)
  object space 44032K, 0% used [0x00000000a0000000,0x00000000a005bb30,0x00000000a2b00000)
 Metaspace       used 6955K, capacity 7112K, committed 7424K, reserved 1056768K
  class space    used 880K, capacity 948K, committed 1024K, reserved 1048576K
Event: 2.787 GC heap after
Heap after GC invocations=3 (full 0):
 PSYoungGen      total 18944K, used 2528K [0x00000000e0000000, 0x00000000e1500000, 0x0000000100000000)
  eden space 16384K, 0% used [0x00000000e0000000,0x00000000e0000000,0x00000000e1000000)
  from space 2560K, 98% used [0x00000000e1000000,0x00000000e1278020,0x00000000e1280000)
  to   space 2560K, 0% used [0x00000000e1280000,0x00000000e1280000,0x00000000e1500000)
 ParOldGen       total 44032K, used 651K [0x00000000a0000000, 0x00000000a2b00000, 0x00000000e0000000)
  object space 44032K, 1% used [0x00000000a0000000,0x00000000a00a2c38,0x00000000a2b00000)
 Metaspace       used 6955K, capacity 7112K, committed 7424K, reserved 1056768K
  class space    used 880K, capacity 948K, committed 1024K, reserved 1048576K
}
Event: 7.212 GC heap before
{Heap before GC invocations=4 (full 0):
 PSYoungGen      total 18944K, used 18912K [0x00000000e0000000, 0x00000000e1500000, 0x0000000100000000)
  eden space 16384K, 100% used [0x00000000e0000000,0x00000000e1000000,0x00000000e1000000)
  from space 2560K, 98% used [0x00000000e1000000,0x00000000e1278020,0x00000000e1280000)
  to   space 2560K, 0% used [0x00000000e1280000,0x00000000e1280000,0x00000000e1500000)
 ParOldGen       total 44032K, used 651K [0x00000000a0000000, 0x00000000a2b00000, 0x00000000e0000000)
  object space 44032K, 1% used [0x00000000a0000000,0x00000000a00a2c38,0x00000000a2b00000)
 Metaspace       used 11545K, capacity 11792K, committed 11904K, reserved 1058816K
  class space    used 1525K, capacity 1630K, committed 1664K, reserved 1048576K
Event: 7.220 GC heap after
Heap after GC invocations=4 (full 0):
 PSYoungGen      total 18944K, used 2528K [0x00000000e0000000, 0x00000000e1500000, 0x0000000100000000)
  eden space 16384K, 0% used [0x00000000e0000000,0x00000000e0000000,0x00000000e1000000)
  from space 2560K, 98% used [0x00000000e1280000,0x00000000e14f8040,0x00000000e1500000)
  to   space 2560K, 0% used [0x00000000e1000000,0x00000000e1000000,0x00000000e1280000)
 ParOldGen       total 44032K, used 2909K [0x00000000a0000000, 0x00000000a2b00000, 0x00000000e0000000)
  object space 44032K, 6% used [0x00000000a0000000,0x00000000a02d76d0,0x00000000a2b00000)
 Metaspace       used 11545K, capacity 11792K, committed 11904K, reserved 1058816K
  class space    used 1525K, capacity 1630K, committed 1664K, reserved 1048576K
}
Event: 7.871 GC heap before
{Heap before GC invocations=5 (full 0):
 PSYoungGen      total 18944K, used 18912K [0x00000000e0000000, 0x00000000e1500000, 0x0000000100000000)
  eden space 16384K, 100% used [0x00000000e0000000,0x00000000e1000000,0x00000000e1000000)
  from space 2560K, 98% used [0x00000000e1280000,0x00000000e14f8040,0x00000000e1500000)
  to   space 2560K, 0% used [0x00000000e1000000,0x00000000e1000000,0x00000000e1280000)
 ParOldGen       total 44032K, used 2909K [0x00000000a0000000, 0x00000000a2b00000, 0x00000000e0000000)
  object space 44032K, 6% used [0x00000000a0000000,0x00000000a02d76d0,0x00000000a2b00000)
 Metaspace       used 13036K, capacity 13362K, committed 13568K, reserved 1060864K
  class space    used 1776K, capacity 1929K, committed 2048K, reserved 1048576K
Event: 7.877 GC heap after
Heap after GC invocations=5 (full 0):
 PSYoungGen      total 18944K, used 2528K [0x00000000e0000000, 0x00000000e1b00000, 0x0000000100000000)
  eden space 16384K, 0% used [0x00000000e0000000,0x00000000e0000000,0x00000000e1000000)
  from space 2560K, 98% used [0x00000000e1000000,0x00000000e1278040,0x00000000e1280000)
  to   space 5632K, 0% used [0x00000000e1580000,0x00000000e1580000,0x00000000e1b00000)
 ParOldGen       total 44032K, used 4734K [0x00000000a0000000, 0x00000000a2b00000, 0x00000000e0000000)
  object space 44032K, 10% used [0x00000000a0000000,0x00000000a049fb28,0x00000000a2b00000)
 Metaspace       used 13036K, capacity 13362K, committed 13568K, reserved 1060864K
  class space    used 1776K, capacity 1929K, committed 2048K, reserved 1048576K
}
Event: 8.439 GC heap before
{Heap before GC invocations=6 (full 0):
 PSYoungGen      total 18944K, used 18912K [0x00000000e0000000, 0x00000000e1b00000, 0x0000000100000000)
  eden space 16384K, 100% used [0x00000000e0000000,0x00000000e1000000,0x00000000e1000000)
  from space 2560K, 98% used [0x00000000e1000000,0x00000000e1278040,0x00000000e1280000)
  to   space 5632K, 0% used [0x00000000e1580000,0x00000000e1580000,0x00000000e1b00000)
 ParOldGen       total 44032K, used 4734K [0x00000000a0000000, 0x00000000a2b00000, 0x00000000e0000000)
  object space 44032K, 10% used [0x00000000a0000000,0x00000000a049fb28,0x00000000a2b00000)
 Metaspace       used 14508K, capacity 14870K, committed 14976K, reserved 1062912K
  class space    used 2029K, capacity 2155K, committed 2176K, reserved 1048576K
Event: 8.453 GC heap after
Heap after GC invocations=6 (full 0):
 PSYoungGen      total 22016K, used 4487K [0x00000000e0000000, 0x00000000e2b00000, 0x0000000100000000)
  eden space 16384K, 0% used [0x00000000e0000000,0x00000000e0000000,0x00000000e1000000)
  from space 5632K, 79% used [0x00000000e1580000,0x00000000e19e1ff8,0x00000000e1b00000)
  to   space 5632K, 0% used [0x00000000e1000000,0x00000000e1000000,0x00000000e1580000)
 ParOldGen       total 44032K, used 4742K [0x00000000a0000000, 0x00000000a2b00000, 0x00000000e0000000)
  object space 44032K, 10% used [0x00000000a0000000,0x00000000a04a1b28,0x00000000a2b00000)
 Metaspace       used 14508K, capacity 14870K, committed 14976K, reserved 1062912K
  class space    used 2029K, capacity 2155K, committed 2176K, reserved 1048576K
}

Deoptimization events (10 events):
Event: 3.746 Thread 0x0000000000e6e000 Uncommon trap: reason=unstable_if action=reinterpret pc=0x0000000002c724b4 method=java.io.WinNTFileSystem.normalize(Ljava/lang/String;)Ljava/lang/String; @ 128
Event: 3.746 Thread 0x0000000000e6e000 Uncommon trap: reason=unstable_if action=reinterpret pc=0x0000000002ccc968 method=java.io.WinNTFileSystem.normalize(Ljava/lang/String;II)Ljava/lang/String; @ 90
Event: 7.209 Thread 0x00000000185c4800 Uncommon trap: reason=unstable_if action=reinterpret pc=0x0000000002d455a0 method=java.util.concurrent.ConcurrentHashMap.putVal(Ljava/lang/Object;Ljava/lang/Object;Z)Ljava/lang/Object; @ 206
Event: 7.354 Thread 0x000000001919f000 Uncommon trap: reason=bimorphic action=maybe_recompile pc=0x0000000002cdbb4c method=java.util.HashMap.putVal(ILjava/lang/Object;Ljava/lang/Object;ZZ)Ljava/lang/Object; @ 253
Event: 7.354 Thread 0x000000001919f000 Uncommon trap: reason=bimorphic action=maybe_recompile pc=0x0000000002cdbb4c method=java.util.HashMap.putVal(ILjava/lang/Object;Ljava/lang/Object;ZZ)Ljava/lang/Object; @ 253
Event: 7.354 Thread 0x000000001919f000 Uncommon trap: reason=bimorphic action=maybe_recompile pc=0x0000000002cd5054 method=java.util.HashMap.putVal(ILjava/lang/Object;Ljava/lang/Object;ZZ)Ljava/lang/Object; @ 253
Event: 7.399 Thread 0x000000001919f000 Uncommon trap: reason=class_check action=maybe_recompile pc=0x0000000002c52b18 method=java.util.regex.Matcher.match(II)Z @ 86
Event: 8.212 Thread 0x000000001919f000 Uncommon trap: reason=class_check action=maybe_recompile pc=0x0000000002c52b18 method=java.util.regex.Matcher.match(II)Z @ 86
Event: 8.213 Thread 0x000000001919f000 Uncommon trap: reason=class_check action=maybe_recompile pc=0x0000000002c1c01c method=java.util.regex.Matcher.match(II)Z @ 86
Event: 8.411 Thread 0x000000001919f000 Uncommon trap: reason=unstable_if action=reinterpret pc=0x0000000002ac8c34 method=java.lang.String.lastIndexOf([CII[CIII)I @ 66

Classes redefined (0 events):
No events

Internal exceptions (10 events):
Event: 7.247 Thread 0x00000000185c4800 Exception <a 'java/lang/NoSuchMethodError': <clinit>> (0x00000000e00b3a20) thrown at [D:\src\AOSP-openjdk-cygwin\jdk8u\hotspot\src\share\vm\prims\jni.cpp, line 1613]
Event: 7.248 Thread 0x00000000185c4800 Exception <a 'java/lang/NoSuchMethodError': <clinit>> (0x00000000e00bc4e8) thrown at [D:\src\AOSP-openjdk-cygwin\jdk8u\hotspot\src\share\vm\prims\jni.cpp, line 1613]
Event: 7.250 Thread 0x00000000185c4800 Exception <a 'java/lang/NoSuchMethodError': <clinit>> (0x00000000e00cdb40) thrown at [D:\src\AOSP-openjdk-cygwin\jdk8u\hotspot\src\share\vm\prims\jni.cpp, line 1613]
Event: 7.269 Thread 0x00000000185c4800 Exception <a 'java/lang/NoSuchMethodError': <clinit>> (0x00000000e0132e20) thrown at [D:\src\AOSP-openjdk-cygwin\jdk8u\hotspot\src\share\vm\prims\jni.cpp, line 1613]
Event: 7.274 Thread 0x00000000185c4800 Exception <a 'java/lang/NoSuchMethodError': <clinit>> (0x00000000e01564e8) thrown at [D:\src\AOSP-openjdk-cygwin\jdk8u\hotspot\src\share\vm\prims\jni.cpp, line 1613]
Event: 7.281 Thread 0x00000000185c4800 Exception <a 'java/lang/NoSuchMethodError': <clinit>> (0x00000000e017fdf8) thrown at [D:\src\AOSP-openjdk-cygwin\jdk8u\hotspot\src\share\vm\prims\jni.cpp, line 1613]
Event: 7.283 Thread 0x00000000185c4800 Exception <a 'java/lang/NoSuchMethodError': <clinit>> (0x00000000e018d978) thrown at [D:\src\AOSP-openjdk-cygwin\jdk8u\hotspot\src\share\vm\prims\jni.cpp, line 1613]
Event: 7.288 Thread 0x00000000185c4800 Exception <a 'java/lang/NoSuchMethodError': <clinit>> (0x00000000e01b09e0) thrown at [D:\src\AOSP-openjdk-cygwin\jdk8u\hotspot\src\share\vm\prims\jni.cpp, line 1613]
Event: 7.313 Thread 0x000000001919f000 Exception <a 'java/lang/NoSuchMethodError': <clinit>> (0x00000000e0289b80) thrown at [D:\src\AOSP-openjdk-cygwin\jdk8u\hotspot\src\share\vm\prims\jni.cpp, line 1613]
Event: 7.314 Thread 0x000000001919f000 Exception <a 'java/lang/NoSuchMethodError': <clinit>> (0x00000000e0291e08) thrown at [D:\src\AOSP-openjdk-cygwin\jdk8u\hotspot\src\share\vm\prims\jni.cpp, line 1613]

Events (10 events):
Event: 8.599 loading class org/codehaus/groovy/control/CompilationFailedException
Event: 8.599 loading class org/codehaus/groovy/control/CompilationFailedException done
Event: 8.600 loading class groovy/lang/GroovyRuntimeException
Event: 8.600 loading class groovy/lang/GroovyRuntimeException done
Event: 8.601 loading class org/gradle/groovy/scripts/ScriptCompilationException
Event: 8.601 loading class org/gradle/groovy/scripts/ScriptCompilationException done
Event: 8.602 loading class org/gradle/api/GradleScriptException
Event: 8.602 loading class org/gradle/api/GradleScriptException done
Event: 8.602 loading class groovy/lang/GroovyClassLoader
Event: 8.602 loading class groovy/lang/GroovyClassLoader done


Dynamic libraries:
0x00007ff71e480000 - 0x00007ff71e4b1000 	C:\Program Files (x86)\Android\Android Studio\jre\bin\java.exe
0x00007fffd1a30000 - 0x00007fffd1c11000 	C:\WINDOWS\SYSTEM32\ntdll.dll
0x00007fffb3160000 - 0x00007fffb3174000 	C:\Program Files\AVAST Software\Avast\x64\aswhooka.dll
0x00007fffd0010000 - 0x00007fffd00c2000 	C:\WINDOWS\System32\KERNEL32.DLL
0x00007fffce7d0000 - 0x00007fffcea43000 	C:\WINDOWS\System32\KERNELBASE.dll
0x00007fffceef0000 - 0x00007fffcef91000 	C:\WINDOWS\System32\ADVAPI32.dll
0x00007fffd1670000 - 0x00007fffd170e000 	C:\WINDOWS\System32\msvcrt.dll
0x00007fffcfda0000 - 0x00007fffcfdfb000 	C:\WINDOWS\System32\sechost.dll
0x00007fffd17c0000 - 0x00007fffd18e4000 	C:\WINDOWS\System32\RPCRT4.dll
0x00007fffcfe80000 - 0x00007fffd0010000 	C:\WINDOWS\System32\USER32.dll
0x00007fffceba0000 - 0x00007fffcebc0000 	C:\WINDOWS\System32\win32u.dll
0x00007fffcf0f0000 - 0x00007fffcf118000 	C:\WINDOWS\System32\GDI32.dll
0x00007fffced20000 - 0x00007fffceeb2000 	C:\WINDOWS\System32\gdi32full.dll
0x00007fffceb00000 - 0x00007fffceb9f000 	C:\WINDOWS\System32\msvcp_win.dll
0x00007fffcec20000 - 0x00007fffced1a000 	C:\WINDOWS\System32\ucrtbase.dll
0x00007fffbf620000 - 0x00007fffbf889000 	C:\WINDOWS\WinSxS\amd64_microsoft.windows.common-controls_6595b64144ccf1df_6.0.17134.523_none_fb409dd930672a56\COMCTL32.dll
0x00007fffcf1f0000 - 0x00007fffcf512000 	C:\WINDOWS\System32\combase.dll
0x00007fffcde00000 - 0x00007fffcde7a000 	C:\WINDOWS\System32\bcryptPrimitives.dll
0x00007fffceec0000 - 0x00007fffceeed000 	C:\WINDOWS\System32\IMM32.DLL
0x000000005b4c0000 - 0x000000005b592000 	C:\Program Files (x86)\Android\Android Studio\jre\jre\bin\msvcr100.dll
0x000000005b680000 - 0x000000005bebf000 	C:\Program Files (x86)\Android\Android Studio\jre\jre\bin\server\jvm.dll
0x00007fffcfd90000 - 0x00007fffcfd98000 	C:\WINDOWS\System32\PSAPI.DLL
0x00007fffc93a0000 - 0x00007fffc93a9000 	C:\WINDOWS\SYSTEM32\WSOCK32.dll
0x00007fffd18f0000 - 0x00007fffd195c000 	C:\WINDOWS\System32\WS2_32.dll
0x00007fffc81e0000 - 0x00007fffc8203000 	C:\WINDOWS\SYSTEM32\WINMM.dll
0x00007fffbdcb0000 - 0x00007fffbdcba000 	C:\WINDOWS\SYSTEM32\VERSION.dll
0x00007fffc81b0000 - 0x00007fffc81da000 	C:\WINDOWS\SYSTEM32\WINMMBASE.dll
0x00007fffce780000 - 0x00007fffce7c9000 	C:\WINDOWS\System32\cfgmgr32.dll
0x00007fffca530000 - 0x00007fffca53f000 	C:\Program Files (x86)\Android\Android Studio\jre\jre\bin\verify.dll
0x00007fffbea90000 - 0x00007fffbeab9000 	C:\Program Files (x86)\Android\Android Studio\jre\jre\bin\java.dll
0x00007fffc6e30000 - 0x00007fffc6e46000 	C:\Program Files (x86)\Android\Android Studio\jre\jre\bin\zip.dll
0x00007fffd00d0000 - 0x00007fffd1510000 	C:\WINDOWS\System32\SHELL32.dll
0x00007fffd1710000 - 0x00007fffd17b9000 	C:\WINDOWS\System32\shcore.dll
0x00007fffcde80000 - 0x00007fffce58d000 	C:\WINDOWS\System32\windows.storage.dll
0x00007fffcfb80000 - 0x00007fffcfbd1000 	C:\WINDOWS\System32\shlwapi.dll
0x00007fffcdde0000 - 0x00007fffcddf1000 	C:\WINDOWS\System32\kernel.appcore.dll
0x00007fffcdd90000 - 0x00007fffcddaf000 	C:\WINDOWS\System32\profapi.dll
0x00007fffcdd40000 - 0x00007fffcdd8c000 	C:\WINDOWS\System32\powrprof.dll
0x00007fffcddd0000 - 0x00007fffcddda000 	C:\WINDOWS\System32\FLTLIB.DLL
0x00007fffc6de0000 - 0x00007fffc6dfa000 	C:\Program Files (x86)\Android\Android Studio\jre\jre\bin\net.dll
0x00007fffcd560000 - 0x00007fffcd5c6000 	C:\WINDOWS\system32\mswsock.dll
0x00007fffbeeb0000 - 0x00007fffbeec1000 	C:\Program Files (x86)\Android\Android Studio\jre\jre\bin\nio.dll
0x00007fffc87f0000 - 0x00007fffc880e000 	C:\Users\HP\.gradle\native\25\windows-amd64\native-platform.dll
0x00007fffc93b0000 - 0x00007fffc93bd000 	C:\Program Files (x86)\Android\Android Studio\jre\jre\bin\management.dll
0x00007fffcd710000 - 0x00007fffcd727000 	C:\WINDOWS\SYSTEM32\CRYPTSP.dll
0x00007fffcd140000 - 0x00007fffcd173000 	C:\WINDOWS\system32\rsaenh.dll
0x00007fffcd840000 - 0x00007fffcd865000 	C:\WINDOWS\SYSTEM32\bcrypt.dll
0x00007fffcdc40000 - 0x00007fffcdc68000 	C:\WINDOWS\SYSTEM32\USERENV.dll
0x00007fffcd730000 - 0x00007fffcd73b000 	C:\WINDOWS\SYSTEM32\CRYPTBASE.dll
0x00007fffcd2e0000 - 0x00007fffcd318000 	C:\WINDOWS\SYSTEM32\IPHLPAPI.DLL
0x00007fffcfd80000 - 0x00007fffcfd88000 	C:\WINDOWS\System32\NSI.dll
0x00007fffc4ef0000 - 0x00007fffc4f06000 	C:\WINDOWS\SYSTEM32\dhcpcsvc6.DLL
0x00007fffc6c80000 - 0x00007fffc6c9a000 	C:\WINDOWS\SYSTEM32\dhcpcsvc.DLL

VM Arguments:
jvm_args: -Xmx1536m -Dfile.encoding=windows-1252 -Duser.country=US -Duser.language=en -Duser.variant 
java_command: org.gradle.launcher.daemon.bootstrap.GradleDaemon 4.4
java_class_path (initial): C:\Users\HP\.gradle\wrapper\dists\gradle-4.4-all\9br9xq1tocpiv8o6njlyu5op1\gradle-4.4\lib\gradle-launcher-4.4.jar
Launcher Type: SUN_STANDARD

Environment Variables:
PATH=C:\Program Files (x86)\Common Files\Oracle\Java\javapath;C:\Program Files (x86)\Common Files\ArcSoft\Bin;C:\Program Files (x86)\Intel\iCLS Client\;C:\Program Files\Intel\iCLS Client\;C:\WINDOWS\system32;C:\WINDOWS;C:\WINDOWS\System32\Wbem;C:\WINDOWS\System32\WindowsPowerShell\v1.0\;C:\Program Files (x86)\Intel\Intel(R) Management Engine Components\DAL;C:\Program Files\Intel\Intel(R) Management Engine Components\DAL;C:\Program Files (x86)\Intel\Intel(R) Management Engine Components\IPT;C:\Program Files\Intel\Intel(R) Management Engine Components\IPT;c:\Program Files\Intel\WiFi\bin\;c:\Program Files\Common Files\Intel\WirelessCommon\;C:\Program Files (x86)\GtkSharp\2.12\bin;C:\WINDOWS\System32\OpenSSH\;C:\Users\HP\AppData\Local\Android\Sdk;C:\Program Files (x86)\Java\jdk1.6.0_18\bin;%USERPROFILE%\AppData\Local\Microsoft\WindowsApps;
USERNAME=HP
OS=Windows_NT
PROCESSOR_IDENTIFIER=Intel64 Family 6 Model 61 Stepping 4, GenuineIntel



---------------  S Y S T E M  ---------------

OS: Windows 10.0 , 64 bit Build 17134 (10.0.17134.1)

CPU:total 4 (initial active 4) (2 cores per cpu, 2 threads per core) family 6 model 61 stepping 4, cmov, cx8, fxsr, mmx, sse, sse2, sse3, ssse3, sse4.1, sse4.2, popcnt, avx, avx2, aes, clmul, erms, 3dnowpref, lzcnt, ht, tsc, tscinvbit, bmi1, bmi2, adx

Memory: 4k page, physical 4082796k(324308k free), swap 4082796k(4816k free)

vm_info: OpenJDK 64-Bit Server VM (25.152-b02) for windows-amd64 JRE (1.8.0_152-release-1024-b02), built by "builder" with MS VC++ 10.0 (VS2010)

time: Wed Jan 16 04:36:39 2019
elapsed time: 8 seconds (0d 0h 0m 8s)

