#
# There is insufficient memory for the Java Runtime Environment to continue.
# Native memory allocation (malloc) failed to allocate 1195168 bytes for Chunk::new
# Possible reasons:
#   The system is out of physical RAM or swap space
#   In 32 bit mode, the process size limit was hit
# Possible solutions:
#   Reduce memory load on the system
#   Increase physical memory or swap space
#   Check if swap backing store is full
#   Use 64 bit Java on a 64 bit OS
#   Decrease Java heap size (-Xmx/-Xms)
#   Decrease number of Java threads
#   Decrease Java thread stack sizes (-Xss)
#   Set larger code cache with -XX:ReservedCodeCacheSize=
# This output file may be truncated or incomplete.
#
#  Out of Memory Error (allocation.cpp:390), pid=7916, tid=0x0000000000001d84
#
# JRE version: OpenJDK Runtime Environment (8.0_152-b02) (build 1.8.0_152-release-1024-b02)
# Java VM: OpenJDK 64-Bit Server VM (25.152-b02 mixed mode windows-amd64 compressed oops)
# Failed to write core dump. Minidumps are not enabled by default on client versions of Windows
#

---------------  T H R E A D  ---------------

Current thread (0x000000001600c800):  JavaThread "C2 CompilerThread0" daemon [_thread_in_native, id=7556, stack(0x0000000017670000,0x0000000017770000)]

Stack: [0x0000000017670000,0x0000000017770000]
[error occurred during error reporting (printing stack bounds), id 0xc0000005]

Native frames: (J=compiled Java code, j=interpreted, Vv=VM code, C=native code)


Current CompileTask:
C2: 624861 16651   !   4       org.gradle.internal.service.DefaultServiceRegistry::doGet (102 bytes)


---------------  P R O C E S S  ---------------

Java Threads: ( => current thread )
  0x000000001da72000 JavaThread "build operations Thread 4" [_thread_blocked, id=9972, stack(0x0000000029fc0000,0x000000002a0c0000)]
  0x000000001da70800 JavaThread "build operations Thread 3" [_thread_blocked, id=10184, stack(0x0000000029ec0000,0x0000000029fc0000)]
  0x000000001da6f000 JavaThread "build operations Thread 2" [_thread_blocked, id=7388, stack(0x0000000029dc0000,0x0000000029ec0000)]
  0x000000001da72800 JavaThread "build operations" [_thread_blocked, id=8476, stack(0x0000000029cc0000,0x0000000029dc0000)]
  0x000000001b7e2000 JavaThread "Cache worker for Artifact transforms cache (C:\Users\HP\.gradle\caches\transforms-1)" [_thread_blocked, id=6592, stack(0x0000000029bc0000,0x0000000029cc0000)]
  0x000000001b7e1800 JavaThread "Cache worker for file hash cache (H:\AndroidStudioProjects\LogInPage\.gradle\4.4\fileHashes)" [_thread_blocked, id=9996, stack(0x0000000029ac0000,0x0000000029bc0000)]
  0x000000001b7e0800 JavaThread "Stdin handler" [_thread_blocked, id=1756, stack(0x00000000299c0000,0x0000000029ac0000)]
  0x000000001b7e3800 JavaThread "Asynchronous log dispatcher for DefaultDaemonConnection: socket connection from /127.0.0.1:11457 to /127.0.0.1:11696" [_thread_blocked, id=8412, stack(0x00000000298c0000,0x00000000299c0000)]
  0x000000001b7de800 JavaThread "Daemon worker Thread 4" [_thread_in_native, id=9564, stack(0x00000000297c0000,0x00000000298c0000)]
  0x000000001b7e5000 JavaThread "Cancel handler" [_thread_blocked, id=2712, stack(0x00000000296c0000,0x00000000297c0000)]
  0x000000001b7e0000 JavaThread "Handler for socket connection from /127.0.0.1:11457 to /127.0.0.1:11696" [_thread_in_native, id=10828, stack(0x00000000295c0000,0x00000000296c0000)]
  0x000000001b7e4800 JavaThread "Daemon Thread 4" [_thread_blocked, id=8024, stack(0x00000000294c0000,0x00000000295c0000)]
  0x0000000019703000 JavaThread "Memory manager" [_thread_blocked, id=6156, stack(0x0000000020590000,0x0000000020690000)]
  0x00000000191a1000 JavaThread "File lock request listener" [_thread_in_native, id=1324, stack(0x000000001aac0000,0x000000001abc0000)]
  0x00000000191d9000 JavaThread "Cache worker for file hash cache (C:\Users\HP\.gradle\caches\4.4\fileHashes)" [_thread_blocked, id=5224, stack(0x000000001a9c0000,0x000000001aac0000)]
  0x0000000018d2d800 JavaThread "Daemon periodic checks" [_thread_blocked, id=1736, stack(0x0000000019ec0000,0x0000000019fc0000)]
  0x0000000018d2d000 JavaThread "Incoming local TCP Connector on port 11457" [_thread_in_native, id=10056, stack(0x0000000019c80000,0x0000000019d80000)]
  0x000000001606e800 JavaThread "Service Thread" daemon [_thread_blocked, id=540, stack(0x0000000017d70000,0x0000000017e70000)]
  0x000000001601a800 JavaThread "C1 CompilerThread2" daemon [_thread_blocked, id=4376, stack(0x0000000017870000,0x0000000017970000)]
  0x0000000016012800 JavaThread "C2 CompilerThread1" daemon [_thread_blocked, id=10108, stack(0x0000000017770000,0x0000000017870000)]
=>0x000000001600c800 JavaThread "C2 CompilerThread0" daemon [_thread_in_native, id=7556, stack(0x0000000017670000,0x0000000017770000)]
  0x000000001600b000 JavaThread "Attach Listener" daemon [_thread_blocked, id=7300, stack(0x0000000017570000,0x0000000017670000)]
  0x0000000016009800 JavaThread "Signal Dispatcher" daemon [_thread_blocked, id=8612, stack(0x0000000017470000,0x0000000017570000)]
  0x000000000269c800 JavaThread "Finalizer" daemon [_thread_blocked, id=5420, stack(0x0000000017280000,0x0000000017380000)]
  0x0000000002691800 JavaThread "Reference Handler" daemon [_thread_blocked, id=6072, stack(0x0000000017180000,0x0000000017280000)]
  0x000000000244d800 JavaThread "main" [_thread_blocked, id=7644, stack(0x0000000002450000,0x0000000002550000)]

Other Threads:
  0x0000000015fd6000 VMThread [stack: 0x0000000017080000,0x0000000017180000] [id=7220]
  0x0000000017999800 WatcherThread [stack: 0x0000000017e70000,0x0000000017f70000] [id=7080]

VM state:not at safepoint (normal execution)

VM Mutex/Monitor currently owned by a thread: None

Heap:
 PSYoungGen      total 425984K, used 200773K [0x00000000e0000000, 0x00000000ff780000, 0x0000000100000000)
  eden space 381952K, 41% used [0x00000000e0000000,0x00000000e9913f58,0x00000000f7500000)
  from space 44032K, 99% used [0x00000000fb080000,0x00000000fdb7d668,0x00000000fdb80000)
  to   space 60928K, 0% used [0x00000000f7500000,0x00000000f7500000,0x00000000fb080000)
 ParOldGen       total 161280K, used 124128K [0x00000000a0000000, 0x00000000a9d80000, 0x00000000e0000000)
  object space 161280K, 76% used [0x00000000a0000000,0x00000000a79383b8,0x00000000a9d80000)
 Metaspace       used 98394K, capacity 103384K, committed 103512K, reserved 1138688K
  class space    used 12996K, capacity 14118K, committed 14168K, reserved 1048576K

Card table byte_map: [0x0000000011a60000,0x0000000011d70000] byte_map_base: 0x0000000011560000

Marking Bits: (ParMarkBitMap*) 0x0000000074744970
 Begin Bits: [0x0000000012370000, 0x0000000013b70000)
 End Bits:   [0x0000000013b70000, 0x0000000015370000)

Polling page: 0x00000000023c0000

CodeCache: size=245760Kb used=44155Kb max_used=44985Kb free=201604Kb
 bounds [0x00000000026a0000, 0x0000000005300000, 0x00000000116a0000]
 total_blobs=14138 nmethods=13296 adapters=754
 compilation: enabled

Compilation events (10 events):
Event: 624.679 Thread 0x000000001601a800 16683       1       java.util.stream.Node::getChildCount (2 bytes)
Event: 624.679 Thread 0x000000001601a800 nmethod 16683 0x0000000004dfb250 code [0x0000000004dfb3a0, 0x0000000004dfb4b0]
Event: 624.680 Thread 0x000000001601a800 16684       3       com.android.repository.io.impl.FileSystemFileOp::exists (13 bytes)
Event: 624.680 Thread 0x000000001601a800 nmethod 16684 0x00000000029118d0 code [0x0000000002911a60, 0x0000000002911f88]
Event: 624.779 Thread 0x0000000016012800 nmethod 16650 0x0000000004e9bd90 code [0x0000000004e9c4a0, 0x0000000004ea1b28]
Event: 624.779 Thread 0x0000000016012800 16664       4       java.util.ArrayDeque::push (6 bytes)
Event: 624.783 Thread 0x0000000016012800 nmethod 16664 0x0000000004e95d90 code [0x0000000004e95ee0, 0x0000000004e96008]
Event: 624.783 Thread 0x0000000016012800 16666       4       java.util.TreeSet::add (22 bytes)
Event: 624.785 Thread 0x0000000016012800 nmethod 16666 0x0000000004ec4290 code [0x0000000004ec43e0, 0x0000000004ec44a8]
Event: 624.785 Thread 0x0000000016012800 16656       4       org.gradle.internal.service.DefaultServiceRegistry$DefaultLookupContext$4::apply (13 bytes)

GC Heap History (10 events):
Event: 135.399 GC heap before
{Heap before GC invocations=18 (full 3):
 PSYoungGen      total 283648K, used 263168K [0x00000000e0000000, 0x00000000f2d00000, 0x0000000100000000)
  eden space 263168K, 100% used [0x00000000e0000000,0x00000000f0100000,0x00000000f0100000)
  from space 20480K, 0% used [0x00000000f1900000,0x00000000f1900000,0x00000000f2d00000)
  to   space 22528K, 0% used [0x00000000f0100000,0x00000000f0100000,0x00000000f1700000)
 ParOldGen       total 96256K, used 48094K [0x00000000a0000000, 0x00000000a5e00000, 0x00000000e0000000)
  object space 96256K, 49% used [0x00000000a0000000,0x00000000a2ef78d8,0x00000000a5e00000)
 Metaspace       used 62652K, capacity 65296K, committed 65496K, reserved 1105920K
  class space    used 8437K, capacity 9133K, committed 9176K, reserved 1048576K
Event: 135.456 GC heap after
Heap after GC invocations=18 (full 3):
 PSYoungGen      total 285696K, used 13372K [0x00000000e0000000, 0x00000000f8380000, 0x0000000100000000)
  eden space 263168K, 0% used [0x00000000e0000000,0x00000000e0000000,0x00000000f0100000)
  from space 22528K, 59% used [0x00000000f0100000,0x00000000f0e0f300,0x00000000f1700000)
  to   space 23040K, 0% used [0x00000000f6d00000,0x00000000f6d00000,0x00000000f8380000)
 ParOldGen       total 96256K, used 48102K [0x00000000a0000000, 0x00000000a5e00000, 0x00000000e0000000)
  object space 96256K, 49% used [0x00000000a0000000,0x00000000a2ef98d8,0x00000000a5e00000)
 Metaspace       used 62652K, capacity 65296K, committed 65496K, reserved 1105920K
  class space    used 8437K, capacity 9133K, committed 9176K, reserved 1048576K
}
Event: 156.888 GC heap before
{Heap before GC invocations=19 (full 3):
 PSYoungGen      total 285696K, used 276540K [0x00000000e0000000, 0x00000000f8380000, 0x0000000100000000)
  eden space 263168K, 100% used [0x00000000e0000000,0x00000000f0100000,0x00000000f0100000)
  from space 22528K, 59% used [0x00000000f0100000,0x00000000f0e0f300,0x00000000f1700000)
  to   space 23040K, 0% used [0x00000000f6d00000,0x00000000f6d00000,0x00000000f8380000)
 ParOldGen       total 96256K, used 48102K [0x00000000a0000000, 0x00000000a5e00000, 0x00000000e0000000)
  object space 96256K, 49% used [0x00000000a0000000,0x00000000a2ef98d8,0x00000000a5e00000)
 Metaspace       used 75455K, capacity 78788K, committed 79064K, reserved 1118208K
  class space    used 10084K, capacity 10905K, committed 10968K, reserved 1048576K
Event: 156.969 GC heap after
Heap after GC invocations=19 (full 3):
 PSYoungGen      total 358400K, used 23024K [0x00000000e0000000, 0x00000000f9800000, 0x0000000100000000)
  eden space 335360K, 0% used [0x00000000e0000000,0x00000000e0000000,0x00000000f4780000)
  from space 23040K, 99% used [0x00000000f6d00000,0x00000000f837c1b0,0x00000000f8380000)
  to   space 38400K, 0% used [0x00000000f4780000,0x00000000f4780000,0x00000000f6d00000)
 ParOldGen       total 96256K, used 78917K [0x00000000a0000000, 0x00000000a5e00000, 0x00000000e0000000)
  object space 96256K, 81% used [0x00000000a0000000,0x00000000a4d11570,0x00000000a5e00000)
 Metaspace       used 75455K, capacity 78788K, committed 79064K, reserved 1118208K
  class space    used 10084K, capacity 10905K, committed 10968K, reserved 1048576K
}
Event: 156.969 GC heap before
{Heap before GC invocations=20 (full 4):
 PSYoungGen      total 358400K, used 23024K [0x00000000e0000000, 0x00000000f9800000, 0x0000000100000000)
  eden space 335360K, 0% used [0x00000000e0000000,0x00000000e0000000,0x00000000f4780000)
  from space 23040K, 99% used [0x00000000f6d00000,0x00000000f837c1b0,0x00000000f8380000)
  to   space 38400K, 0% used [0x00000000f4780000,0x00000000f4780000,0x00000000f6d00000)
 ParOldGen       total 96256K, used 78917K [0x00000000a0000000, 0x00000000a5e00000, 0x00000000e0000000)
  object space 96256K, 81% used [0x00000000a0000000,0x00000000a4d11570,0x00000000a5e00000)
 Metaspace       used 75455K, capacity 78788K, committed 79064K, reserved 1118208K
  class space    used 10084K, capacity 10905K, committed 10968K, reserved 1048576K
Event: 157.594 GC heap after
Heap after GC invocations=20 (full 4):
 PSYoungGen      total 358400K, used 0K [0x00000000e0000000, 0x00000000f9800000, 0x0000000100000000)
  eden space 335360K, 0% used [0x00000000e0000000,0x00000000e0000000,0x00000000f4780000)
  from space 23040K, 0% used [0x00000000f6d00000,0x00000000f6d00000,0x00000000f8380000)
  to   space 38400K, 0% used [0x00000000f4780000,0x00000000f4780000,0x00000000f6d00000)
 ParOldGen       total 161280K, used 94460K [0x00000000a0000000, 0x00000000a9d80000, 0x00000000e0000000)
  object space 161280K, 58% used [0x00000000a0000000,0x00000000a5c3f138,0x00000000a9d80000)
 Metaspace       used 75425K, capacity 78706K, committed 79064K, reserved 1118208K
  class space    used 10073K, capacity 10886K, committed 10968K, reserved 1048576K
}
Event: 502.869 GC heap before
{Heap before GC invocations=21 (full 4):
 PSYoungGen      total 358400K, used 335360K [0x00000000e0000000, 0x00000000f9800000, 0x0000000100000000)
  eden space 335360K, 100% used [0x00000000e0000000,0x00000000f4780000,0x00000000f4780000)
  from space 23040K, 0% used [0x00000000f6d00000,0x00000000f6d00000,0x00000000f8380000)
  to   space 38400K, 0% used [0x00000000f4780000,0x00000000f4780000,0x00000000f6d00000)
 ParOldGen       total 161280K, used 94460K [0x00000000a0000000, 0x00000000a9d80000, 0x00000000e0000000)
  object space 161280K, 58% used [0x00000000a0000000,0x00000000a5c3f138,0x00000000a9d80000)
 Metaspace       used 79332K, capacity 83034K, committed 83288K, reserved 1120256K
  class space    used 10598K, capacity 11491K, committed 11608K, reserved 1048576K
Event: 502.962 GC heap after
Heap after GC invocations=21 (full 4):
 PSYoungGen      total 373760K, used 36384K [0x00000000e0000000, 0x00000000fdb80000, 0x0000000100000000)
  eden space 335360K, 0% used [0x00000000e0000000,0x00000000e0000000,0x00000000f4780000)
  from space 38400K, 94% used [0x00000000f4780000,0x00000000f6b08140,0x00000000f6d00000)
  to   space 44032K, 0% used [0x00000000fb080000,0x00000000fb080000,0x00000000fdb80000)
 ParOldGen       total 161280K, used 100193K [0x00000000a0000000, 0x00000000a9d80000, 0x00000000e0000000)
  object space 161280K, 62% used [0x00000000a0000000,0x00000000a61d84c0,0x00000000a9d80000)
 Metaspace       used 79332K, capacity 83034K, committed 83288K, reserved 1120256K
  class space    used 10598K, capacity 11491K, committed 11608K, reserved 1048576K
}
Event: 529.599 GC heap before
{Heap before GC invocations=22 (full 4):
 PSYoungGen      total 373760K, used 371744K [0x00000000e0000000, 0x00000000fdb80000, 0x0000000100000000)
  eden space 335360K, 100% used [0x00000000e0000000,0x00000000f4780000,0x00000000f4780000)
  from space 38400K, 94% used [0x00000000f4780000,0x00000000f6b08140,0x00000000f6d00000)
  to   space 44032K, 0% used [0x00000000fb080000,0x00000000fb080000,0x00000000fdb80000)
 ParOldGen       total 161280K, used 100193K [0x00000000a0000000, 0x00000000a9d80000, 0x00000000e0000000)
  object space 161280K, 62% used [0x00000000a0000000,0x00000000a61d84c0,0x00000000a9d80000)
 Metaspace       used 93905K, capacity 98582K, committed 98904K, reserved 1134592K
  class space    used 12520K, capacity 13575K, committed 13656K, reserved 1048576K
Event: 529.764 GC heap after
Heap after GC invocations=22 (full 4):
 PSYoungGen      total 425984K, used 44021K [0x00000000e0000000, 0x00000000ff780000, 0x0000000100000000)
  eden space 381952K, 0% used [0x00000000e0000000,0x00000000e0000000,0x00000000f7500000)
  from space 44032K, 99% used [0x00000000fb080000,0x00000000fdb7d668,0x00000000fdb80000)
  to   space 60928K, 0% used [0x00000000f7500000,0x00000000f7500000,0x00000000fb080000)
 ParOldGen       total 161280K, used 124128K [0x00000000a0000000, 0x00000000a9d80000, 0x00000000e0000000)
  object space 161280K, 76% used [0x00000000a0000000,0x00000000a79383b8,0x00000000a9d80000)
 Metaspace       used 93905K, capacity 98582K, committed 98904K, reserved 1134592K
  class space    used 12520K, capacity 13575K, committed 13656K, reserved 1048576K
}

Deoptimization events (10 events):
Event: 623.779 Thread 0x000000001b7de800 Uncommon trap: reason=class_check action=maybe_recompile pc=0x0000000003a9bde8 method=org.gradle.api.internal.artifacts.transform.DefaultArtifactTransforms$AttributeMatchingVariantSelector.doSelect(Lorg/gradle/api/internal/artifacts/ivyservice/resolveengi
Event: 623.779 Thread 0x000000001b7de800 Uncommon trap: reason=bimorphic action=maybe_recompile pc=0x000000000405c1dc method=org.gradle.internal.component.model.ComponentAttributeMatcher.match(Lorg/gradle/internal/component/model/AttributeSelectionSchema;Ljava/util/Collection;Lorg/gradle/api/int
Event: 623.779 Thread 0x000000001b7de800 Uncommon trap: reason=class_check action=maybe_recompile pc=0x0000000003a9bde8 method=org.gradle.api.internal.artifacts.transform.DefaultArtifactTransforms$AttributeMatchingVariantSelector.doSelect(Lorg/gradle/api/internal/artifacts/ivyservice/resolveengi
Event: 623.779 Thread 0x000000001b7de800 Uncommon trap: reason=bimorphic action=maybe_recompile pc=0x000000000405c1dc method=org.gradle.internal.component.model.ComponentAttributeMatcher.match(Lorg/gradle/internal/component/model/AttributeSelectionSchema;Ljava/util/Collection;Lorg/gradle/api/int
Event: 623.779 Thread 0x000000001b7de800 Uncommon trap: reason=class_check action=maybe_recompile pc=0x0000000003a9bde8 method=org.gradle.api.internal.artifacts.transform.DefaultArtifactTransforms$AttributeMatchingVariantSelector.doSelect(Lorg/gradle/api/internal/artifacts/ivyservice/resolveengi
Event: 623.779 Thread 0x000000001b7de800 Uncommon trap: reason=bimorphic action=maybe_recompile pc=0x000000000405c1dc method=org.gradle.internal.component.model.ComponentAttributeMatcher.match(Lorg/gradle/internal/component/model/AttributeSelectionSchema;Ljava/util/Collection;Lorg/gradle/api/int
Event: 623.779 Thread 0x000000001b7de800 Uncommon trap: reason=class_check action=maybe_recompile pc=0x0000000003a9bde8 method=org.gradle.api.internal.artifacts.transform.DefaultArtifactTransforms$AttributeMatchingVariantSelector.doSelect(Lorg/gradle/api/internal/artifacts/ivyservice/resolveengi
Event: 623.779 Thread 0x000000001b7de800 Uncommon trap: reason=bimorphic action=maybe_recompile pc=0x000000000405c1dc method=org.gradle.internal.component.model.ComponentAttributeMatcher.match(Lorg/gradle/internal/component/model/AttributeSelectionSchema;Ljava/util/Collection;Lorg/gradle/api/int
Event: 623.788 Thread 0x000000001b7de800 Uncommon trap: reason=unstable_if action=reinterpret pc=0x0000000003e1ae18 method=org.gradle.internal.file.DefaultFileHierarchySet$Node.contains(Ljava/lang/String;I)Z @ 55
Event: 624.442 Thread 0x000000001b7de800 Uncommon trap: reason=unstable_if action=reinterpret pc=0x00000000042dd8b0 method=com.google.common.collect.ImmutableMap$Builder.ensureCapacity(I)V @ 6

Classes redefined (0 events):
No events

Internal exceptions (10 events):
Event: 624.778 Thread 0x000000001b7de800 Exception <a 'sun/nio/fs/WindowsException'> (0x00000000e9804c90) thrown at [D:\src\AOSP-openjdk-cygwin\jdk8u\hotspot\src\share\vm\prims\jni.cpp, line 709]
Event: 624.778 Thread 0x000000001b7de800 Exception <a 'sun/nio/fs/WindowsException'> (0x00000000e98057e8) thrown at [D:\src\AOSP-openjdk-cygwin\jdk8u\hotspot\src\share\vm\prims\jni.cpp, line 709]
Event: 624.780 Thread 0x000000001b7de800 Exception <a 'sun/nio/fs/WindowsException'> (0x00000000e9808e20) thrown at [D:\src\AOSP-openjdk-cygwin\jdk8u\hotspot\src\share\vm\prims\jni.cpp, line 709]
Event: 624.781 Thread 0x000000001b7de800 Exception <a 'sun/nio/fs/WindowsException'> (0x00000000e9809950) thrown at [D:\src\AOSP-openjdk-cygwin\jdk8u\hotspot\src\share\vm\prims\jni.cpp, line 709]
Event: 624.781 Thread 0x000000001b7de800 Exception <a 'sun/nio/fs/WindowsException'> (0x00000000e980b4c8) thrown at [D:\src\AOSP-openjdk-cygwin\jdk8u\hotspot\src\share\vm\prims\jni.cpp, line 709]
Event: 624.781 Thread 0x000000001b7de800 Exception <a 'sun/nio/fs/WindowsException'> (0x00000000e980c030) thrown at [D:\src\AOSP-openjdk-cygwin\jdk8u\hotspot\src\share\vm\prims\jni.cpp, line 709]
Event: 624.783 Thread 0x000000001b7de800 Exception <a 'sun/nio/fs/WindowsException'> (0x00000000e980f000) thrown at [D:\src\AOSP-openjdk-cygwin\jdk8u\hotspot\src\share\vm\prims\jni.cpp, line 709]
Event: 624.783 Thread 0x000000001b7de800 Exception <a 'sun/nio/fs/WindowsException'> (0x00000000e980fb18) thrown at [D:\src\AOSP-openjdk-cygwin\jdk8u\hotspot\src\share\vm\prims\jni.cpp, line 709]
Event: 624.783 Thread 0x000000001b7de800 Exception <a 'sun/nio/fs/WindowsException'> (0x00000000e9811668) thrown at [D:\src\AOSP-openjdk-cygwin\jdk8u\hotspot\src\share\vm\prims\jni.cpp, line 709]
Event: 624.783 Thread 0x000000001b7de800 Exception <a 'sun/nio/fs/WindowsException'> (0x00000000e98121c0) thrown at [D:\src\AOSP-openjdk-cygwin\jdk8u\hotspot\src\share\vm\prims\jni.cpp, line 709]

Events (10 events):
Event: 624.559 Thread 0x000000001601a800 flushing nmethod 0x00000000051bfd50
Event: 624.559 Thread 0x000000001601a800 flushing nmethod 0x00000000051cf150
Event: 624.559 Thread 0x000000001601a800 flushing nmethod 0x00000000051de090
Event: 624.559 Thread 0x000000001601a800 flushing nmethod 0x00000000051e0e90
Event: 624.559 Thread 0x000000001601a800 flushing nmethod 0x00000000051f67d0
Event: 624.559 Thread 0x000000001601a800 flushing nmethod 0x00000000051fba50
Event: 624.560 Thread 0x000000001601a800 flushing nmethod 0x0000000005243e10
Event: 624.560 Thread 0x000000001601a800 flushing nmethod 0x0000000005244710
Event: 624.560 Thread 0x000000001601a800 flushing nmethod 0x0000000005251290
Event: 624.560 Thread 0x000000001601a800 flushing nmethod 0x0000000005257dd0


Dynamic libraries:
0x00007ff75b5c0000 - 0x00007ff75b5f1000 	C:\Program Files (x86)\Android\Android Studio\jre\bin\java.exe
0x00007ffb93e60000 - 0x00007ffb94041000 	C:\WINDOWS\SYSTEM32\ntdll.dll
0x00007ffb674a0000 - 0x00007ffb674b4000 	C:\Program Files\AVAST Software\Avast\x64\aswhooka.dll
0x00007ffb92790000 - 0x00007ffb92842000 	C:\WINDOWS\System32\KERNEL32.DLL
0x00007ffb90940000 - 0x00007ffb90bb3000 	C:\WINDOWS\System32\KERNELBASE.dll
0x00007ffb912f0000 - 0x00007ffb91391000 	C:\WINDOWS\System32\ADVAPI32.dll
0x00007ffb91b40000 - 0x00007ffb91bde000 	C:\WINDOWS\System32\msvcrt.dll
0x00007ffb92590000 - 0x00007ffb925eb000 	C:\WINDOWS\System32\sechost.dll
0x00007ffb913a0000 - 0x00007ffb914c4000 	C:\WINDOWS\System32\RPCRT4.dll
0x00007ffb922c0000 - 0x00007ffb92450000 	C:\WINDOWS\System32\USER32.dll
0x00007ffb90bc0000 - 0x00007ffb90be0000 	C:\WINDOWS\System32\win32u.dll
0x00007ffb92750000 - 0x00007ffb92778000 	C:\WINDOWS\System32\GDI32.dll
0x00007ffb903e0000 - 0x00007ffb90572000 	C:\WINDOWS\System32\gdi32full.dll
0x00007ffb90580000 - 0x00007ffb9061f000 	C:\WINDOWS\System32\msvcp_win.dll
0x00007ffb902e0000 - 0x00007ffb903da000 	C:\WINDOWS\System32\ucrtbase.dll
0x00007ffb7b580000 - 0x00007ffb7b7e9000 	C:\WINDOWS\WinSxS\amd64_microsoft.windows.common-controls_6595b64144ccf1df_6.0.17134.407_none_fb449d63306391e9\COMCTL32.dll
0x00007ffb91d60000 - 0x00007ffb92082000 	C:\WINDOWS\System32\combase.dll
0x00007ffb90670000 - 0x00007ffb906ea000 	C:\WINDOWS\System32\bcryptPrimitives.dll
0x00007ffb91d30000 - 0x00007ffb91d5d000 	C:\WINDOWS\System32\IMM32.DLL
0x0000000073dc0000 - 0x0000000073e92000 	C:\Program Files (x86)\Android\Android Studio\jre\jre\bin\msvcr100.dll
0x0000000073f80000 - 0x00000000747bf000 	C:\Program Files (x86)\Android\Android Studio\jre\jre\bin\server\jvm.dll
0x00007ffb914d0000 - 0x00007ffb914d8000 	C:\WINDOWS\System32\PSAPI.DLL
0x00007ffb7c4a0000 - 0x00007ffb7c4a9000 	C:\WINDOWS\SYSTEM32\WSOCK32.dll
0x00007ffb91670000 - 0x00007ffb916dc000 	C:\WINDOWS\System32\WS2_32.dll
0x00007ffb8be00000 - 0x00007ffb8be23000 	C:\WINDOWS\SYSTEM32\WINMM.dll
0x00007ffb80f50000 - 0x00007ffb80f5a000 	C:\WINDOWS\SYSTEM32\VERSION.dll
0x00007ffb8bdd0000 - 0x00007ffb8bdfa000 	C:\WINDOWS\SYSTEM32\WINMMBASE.dll
0x00007ffb90620000 - 0x00007ffb90669000 	C:\WINDOWS\System32\cfgmgr32.dll
0x00007ffb876a0000 - 0x00007ffb876af000 	C:\Program Files (x86)\Android\Android Studio\jre\jre\bin\verify.dll
0x00007ffb82f50000 - 0x00007ffb82f79000 	C:\Program Files (x86)\Android\Android Studio\jre\jre\bin\java.dll
0x00007ffb84920000 - 0x00007ffb84936000 	C:\Program Files (x86)\Android\Android Studio\jre\jre\bin\zip.dll
0x00007ffb929f0000 - 0x00007ffb93e2f000 	C:\WINDOWS\System32\SHELL32.dll
0x00007ffb92090000 - 0x00007ffb92139000 	C:\WINDOWS\System32\shcore.dll
0x00007ffb90be0000 - 0x00007ffb912ed000 	C:\WINDOWS\System32\windows.storage.dll
0x00007ffb91cd0000 - 0x00007ffb91d21000 	C:\WINDOWS\System32\shlwapi.dll
0x00007ffb901a0000 - 0x00007ffb901b1000 	C:\WINDOWS\System32\kernel.appcore.dll
0x00007ffb901c0000 - 0x00007ffb901df000 	C:\WINDOWS\System32\profapi.dll
0x00007ffb901e0000 - 0x00007ffb9022c000 	C:\WINDOWS\System32\powrprof.dll
0x00007ffb90190000 - 0x00007ffb9019a000 	C:\WINDOWS\System32\FLTLIB.DLL
0x00007ffb83300000 - 0x00007ffb8331a000 	C:\Program Files (x86)\Android\Android Studio\jre\jre\bin\net.dll
0x00007ffb8f9f0000 - 0x00007ffb8fa56000 	C:\WINDOWS\system32\mswsock.dll
0x00007ffb830a0000 - 0x00007ffb830b1000 	C:\Program Files (x86)\Android\Android Studio\jre\jre\bin\nio.dll
0x00007ffb852c0000 - 0x00007ffb852de000 	C:\Users\HP\.gradle\native\25\windows-amd64\native-platform.dll
0x00007ffb87100000 - 0x00007ffb8710d000 	C:\Program Files (x86)\Android\Android Studio\jre\jre\bin\management.dll
0x00007ffb8fba0000 - 0x00007ffb8fbb7000 	C:\WINDOWS\SYSTEM32\CRYPTSP.dll
0x00007ffb8f5d0000 - 0x00007ffb8f603000 	C:\WINDOWS\system32\rsaenh.dll
0x00007ffb8fcd0000 - 0x00007ffb8fcf5000 	C:\WINDOWS\SYSTEM32\bcrypt.dll
0x00007ffb90070000 - 0x00007ffb90098000 	C:\WINDOWS\SYSTEM32\USERENV.dll
0x00007ffb8fbc0000 - 0x00007ffb8fbcb000 	C:\WINDOWS\SYSTEM32\CRYPTBASE.dll
0x00007ffb8f770000 - 0x00007ffb8f7a8000 	C:\WINDOWS\SYSTEM32\IPHLPAPI.DLL
0x00007ffb91b30000 - 0x00007ffb91b38000 	C:\WINDOWS\System32\NSI.dll
0x00007ffb861b0000 - 0x00007ffb861c6000 	C:\WINDOWS\SYSTEM32\dhcpcsvc6.DLL
0x00007ffb86240000 - 0x00007ffb8625a000 	C:\WINDOWS\SYSTEM32\dhcpcsvc.DLL

VM Arguments:
jvm_args: -Xmx1536m -Dfile.encoding=windows-1252 -Duser.country=US -Duser.language=en -Duser.variant 
java_command: org.gradle.launcher.daemon.bootstrap.GradleDaemon 4.4
java_class_path (initial): C:\Users\HP\.gradle\wrapper\dists\gradle-4.4-all\9br9xq1tocpiv8o6njlyu5op1\gradle-4.4\lib\gradle-launcher-4.4.jar
Launcher Type: SUN_STANDARD

Environment Variables:
PATH=C:\Program Files (x86)\Common Files\Oracle\Java\javapath;C:\Program Files (x86)\Common Files\ArcSoft\Bin;C:\Program Files (x86)\Intel\iCLS Client\;C:\Program Files\Intel\iCLS Client\;C:\WINDOWS\system32;C:\WINDOWS;C:\WINDOWS\System32\Wbem;C:\WINDOWS\System32\WindowsPowerShell\v1.0\;C:\Program Files (x86)\Intel\Intel(R) Management Engine Components\DAL;C:\Program Files\Intel\Intel(R) Management Engine Components\DAL;C:\Program Files (x86)\Intel\Intel(R) Management Engine Components\IPT;C:\Program Files\Intel\Intel(R) Management Engine Components\IPT;c:\Program Files\Intel\WiFi\bin\;c:\Program Files\Common Files\Intel\WirelessCommon\;C:\Program Files (x86)\GtkSharp\2.12\bin;C:\WINDOWS\System32\OpenSSH\;C:\Users\HP\AppData\Local\Android\Sdk;C:\Program Files (x86)\Java\jdk1.6.0_18\bin;%USERPROFILE%\AppData\Local\Microsoft\WindowsApps;
USERNAME=HP
OS=Windows_NT
PROCESSOR_IDENTIFIER=Intel64 Family 6 Model 61 Stepping 4, GenuineIntel



---------------  S Y S T E M  ---------------

OS: Windows 10.0 , 64 bit Build 17134 (10.0.17134.1)

CPU:total 4 (initial active 4) (2 cores per cpu, 2 threads per core) family 6 model 61 stepping 4, cmov, cx8, fxsr, mmx, sse, sse2, sse3, ssse3, sse4.1, sse4.2, popcnt, avx, avx2, aes, clmul, erms, 3dnowpref, lzcnt, ht, tsc, tscinvbit, bmi1, bmi2, adx

Memory: 4k page, physical 4082796k(315876k free), swap 4082796k(7220k free)

vm_info: OpenJDK 64-Bit Server VM (25.152-b02) for windows-amd64 JRE (1.8.0_152-release-1024-b02), built by "builder" with MS VC++ 10.0 (VS2010)

time: Mon Dec 31 00:53:51 2018
elapsed time: 624 seconds (0d 0h 10m 24s)

