#
# There is insufficient memory for the Java Runtime Environment to continue.
# Native memory allocation (malloc) failed to allocate 1114096 bytes for Chunk::new
# Possible reasons:
#   The system is out of physical RAM or swap space
#   In 32 bit mode, the process size limit was hit
# Possible solutions:
#   Reduce memory load on the system
#   Increase physical memory or swap space
#   Check if swap backing store is full
#   Use 64 bit Java on a 64 bit OS
#   Decrease Java heap size (-Xmx/-Xms)
#   Decrease number of Java threads
#   Decrease Java thread stack sizes (-Xss)
#   Set larger code cache with -XX:ReservedCodeCacheSize=
# This output file may be truncated or incomplete.
#
#  Out of Memory Error (allocation.cpp:390), pid=3544, tid=0x000000000000142c
#
# JRE version: OpenJDK Runtime Environment (8.0_152-b02) (build 1.8.0_152-release-1024-b02)
# Java VM: OpenJDK 64-Bit Server VM (25.152-b02 mixed mode windows-amd64 compressed oops)
# Failed to write core dump. Minidumps are not enabled by default on client versions of Windows
#

---------------  T H R E A D  ---------------

Current thread (0x000000001677d000):  JavaThread "C2 CompilerThread0" daemon [_thread_in_native, id=5164, stack(0x0000000017dd0000,0x0000000017ed0000)]

Stack: [0x0000000017dd0000,0x0000000017ed0000]
[error occurred during error reporting (printing stack bounds), id 0xc0000005]

Native frames: (J=compiled Java code, j=interpreted, Vv=VM code, C=native code)


Current CompileTask:
C2:   6542 1479   !   4       java.net.URLClassLoader$1::run (63 bytes)


---------------  P R O C E S S  ---------------

Java Threads: ( => current thread )
  0x000000001971f800 JavaThread "Cache worker for file hash cache (H:\AndroidStudioProjects\LogInPage\.gradle\4.4\fileHashes)" [_thread_blocked, id=1444, stack(0x000000001c2f0000,0x000000001c3f0000)]
  0x0000000019d11000 JavaThread "File lock request listener" [_thread_in_native, id=744, stack(0x000000001b220000,0x000000001b320000)]
  0x0000000019cb0000 JavaThread "Cache worker for file hash cache (C:\Users\HP\.gradle\caches\4.4\fileHashes)" [_thread_blocked, id=9524, stack(0x000000001b120000,0x000000001b220000)]
  0x000000001971e800 JavaThread "Stdin handler" [_thread_blocked, id=1096, stack(0x000000001ae20000,0x000000001af20000)]
  0x000000001971c000 JavaThread "Asynchronous log dispatcher for DefaultDaemonConnection: socket connection from /127.0.0.1:11221 to /127.0.0.1:11222" [_thread_blocked, id=6624, stack(0x000000001ad20000,0x000000001ae20000)]
  0x00000000194be800 JavaThread "Daemon worker" [_thread_in_native, id=1212, stack(0x000000001ac20000,0x000000001ad20000)]
  0x00000000194c3800 JavaThread "Cancel handler" [_thread_blocked, id=8592, stack(0x000000001ab20000,0x000000001ac20000)]
  0x00000000196f5800 JavaThread "Handler for socket connection from /127.0.0.1:11221 to /127.0.0.1:11222" [_thread_in_native, id=5460, stack(0x000000001a820000,0x000000001a920000)]
  0x00000000196f2800 JavaThread "Daemon" [_thread_blocked, id=4300, stack(0x000000001a720000,0x000000001a820000)]
  0x0000000019639000 JavaThread "Daemon periodic checks" [_thread_blocked, id=3188, stack(0x000000001a620000,0x000000001a720000)]
  0x0000000019567800 JavaThread "Incoming local TCP Connector on port 11221" [_thread_in_native, id=2088, stack(0x000000001a3e0000,0x000000001a4e0000)]
  0x00000000180f8800 JavaThread "Service Thread" daemon [_thread_blocked, id=6172, stack(0x00000000184d0000,0x00000000185d0000)]
  0x000000001678c800 JavaThread "C1 CompilerThread2" daemon [_thread_blocked, id=8488, stack(0x0000000017fd0000,0x00000000180d0000)]
  0x0000000016783000 JavaThread "C2 CompilerThread1" daemon [_thread_in_native, id=3060, stack(0x0000000017ed0000,0x0000000017fd0000)]
=>0x000000001677d000 JavaThread "C2 CompilerThread0" daemon [_thread_in_native, id=5164, stack(0x0000000017dd0000,0x0000000017ed0000)]
  0x000000001677b800 JavaThread "Attach Listener" daemon [_thread_blocked, id=4424, stack(0x0000000017cd0000,0x0000000017dd0000)]
  0x000000001677a000 JavaThread "Signal Dispatcher" daemon [_thread_blocked, id=3056, stack(0x0000000017bd0000,0x0000000017cd0000)]
  0x0000000002e0d800 JavaThread "Finalizer" daemon [_thread_blocked, id=1528, stack(0x00000000179e0000,0x0000000017ae0000)]
  0x0000000002e01800 JavaThread "Reference Handler" daemon [_thread_blocked, id=968, stack(0x00000000178e0000,0x00000000179e0000)]
  0x0000000002bee000 JavaThread "main" [_thread_blocked, id=3108, stack(0x0000000002bf0000,0x0000000002cf0000)]

Other Threads:
  0x0000000016745800 VMThread [stack: 0x00000000177e0000,0x00000000178e0000] [id=9672]
  0x00000000180f9000 WatcherThread [stack: 0x00000000185d0000,0x00000000186d0000] [id=3984]

VM state:not at safepoint (normal execution)

VM Mutex/Monitor currently owned by a thread: None

Heap:
 PSYoungGen      total 22016K, used 13789K [0x00000000e0000000, 0x00000000e2b00000, 0x0000000100000000)
  eden space 16384K, 55% used [0x00000000e0000000,0x00000000e08df528,0x00000000e1000000)
  from space 5632K, 83% used [0x00000000e1580000,0x00000000e1a182b0,0x00000000e1b00000)
  to   space 5632K, 0% used [0x00000000e1000000,0x00000000e1000000,0x00000000e1580000)
 ParOldGen       total 44032K, used 4790K [0x00000000a0000000, 0x00000000a2b00000, 0x00000000e0000000)
  object space 44032K, 10% used [0x00000000a0000000,0x00000000a04ad948,0x00000000a2b00000)
 Metaspace       used 15618K, capacity 15990K, committed 16256K, reserved 1062912K
  class space    used 2203K, capacity 2379K, committed 2432K, reserved 1048576K

Card table byte_map: [0x00000000121d0000,0x00000000124e0000] byte_map_base: 0x0000000011cd0000

Marking Bits: (ParMarkBitMap*) 0x000000005e2b4970
 Begin Bits: [0x0000000012ae0000, 0x00000000142e0000)
 End Bits:   [0x00000000142e0000, 0x0000000015ae0000)

Polling page: 0x0000000001330000

CodeCache: size=245760Kb used=5056Kb max_used=5056Kb free=240703Kb
 bounds [0x0000000002e10000, 0x0000000003310000, 0x0000000011e10000]
 total_blobs=1856 nmethods=1483 adapters=286
 compilation: enabled

Compilation events (10 events):
Event: 6.301 Thread 0x000000001678c800 nmethod 1477 0x00000000032fecd0 code [0x00000000032feec0, 0x00000000032ff7f8]
Event: 6.301 Thread 0x000000001678c800 1475       3       java.io.ByteArrayOutputStream::<init> (7 bytes)
Event: 6.301 Thread 0x000000001678c800 nmethod 1475 0x00000000032f4890 code [0x00000000032f4a00, 0x00000000032f4b88]
Event: 6.301 Thread 0x000000001678c800 1476       1       sun.misc.ProxyGenerator::access$800 (5 bytes)
Event: 6.302 Thread 0x000000001678c800 nmethod 1476 0x00000000032ffd10 code [0x00000000032ffe60, 0x00000000032fff50]
Event: 6.302 Thread 0x000000001678c800 1478       3       sun.misc.ProxyGenerator::access$700 (7 bytes)
Event: 6.302 Thread 0x000000001678c800 nmethod 1478 0x00000000032fffd0 code [0x0000000003300140, 0x0000000003300328]
Event: 6.306 Thread 0x000000001677d000 1479   !   4       java.net.URLClassLoader$1::run (63 bytes)
Event: 6.310 Thread 0x000000001678c800 1480       3       java.util.ArrayList::isEmpty (13 bytes)
Event: 6.311 Thread 0x000000001678c800 nmethod 1480 0x0000000003300450 code [0x00000000033005a0, 0x0000000003300750]

GC Heap History (10 events):
Event: 2.156 GC heap before
{Heap before GC invocations=2 (full 0):
 PSYoungGen      total 18944K, used 18940K [0x00000000e0000000, 0x00000000e1500000, 0x0000000100000000)
  eden space 16384K, 100% used [0x00000000e0000000,0x00000000e1000000,0x00000000e1000000)
  from space 2560K, 99% used [0x00000000e1000000,0x00000000e127f280,0x00000000e1280000)
  to   space 2560K, 0% used [0x00000000e1280000,0x00000000e1280000,0x00000000e1500000)
 ParOldGen       total 44032K, used 359K [0x00000000a0000000, 0x00000000a2b00000, 0x00000000e0000000)
  object space 44032K, 0% used [0x00000000a0000000,0x00000000a0059d00,0x00000000a2b00000)
 Metaspace       used 6574K, capacity 6766K, committed 7040K, reserved 1056768K
  class space    used 803K, capacity 875K, committed 896K, reserved 1048576K
Event: 2.162 GC heap after
Heap after GC invocations=2 (full 0):
 PSYoungGen      total 18944K, used 2388K [0x00000000e0000000, 0x00000000e1500000, 0x0000000100000000)
  eden space 16384K, 0% used [0x00000000e0000000,0x00000000e0000000,0x00000000e1000000)
  from space 2560K, 93% used [0x00000000e1280000,0x00000000e14d5128,0x00000000e1500000)
  to   space 2560K, 0% used [0x00000000e1000000,0x00000000e1000000,0x00000000e1280000)
 ParOldGen       total 44032K, used 359K [0x00000000a0000000, 0x00000000a2b00000, 0x00000000e0000000)
  object space 44032K, 0% used [0x00000000a0000000,0x00000000a0059d00,0x00000000a2b00000)
 Metaspace       used 6574K, capacity 6766K, committed 7040K, reserved 1056768K
  class space    used 803K, capacity 875K, committed 896K, reserved 1048576K
}
Event: 2.448 GC heap before
{Heap before GC invocations=3 (full 0):
 PSYoungGen      total 18944K, used 18772K [0x00000000e0000000, 0x00000000e1500000, 0x0000000100000000)
  eden space 16384K, 100% used [0x00000000e0000000,0x00000000e1000000,0x00000000e1000000)
  from space 2560K, 93% used [0x00000000e1280000,0x00000000e14d5128,0x00000000e1500000)
  to   space 2560K, 0% used [0x00000000e1000000,0x00000000e1000000,0x00000000e1280000)
 ParOldGen       total 44032K, used 359K [0x00000000a0000000, 0x00000000a2b00000, 0x00000000e0000000)
  object space 44032K, 0% used [0x00000000a0000000,0x00000000a0059d00,0x00000000a2b00000)
 Metaspace       used 6955K, capacity 7112K, committed 7424K, reserved 1056768K
  class space    used 880K, capacity 948K, committed 1024K, reserved 1048576K
Event: 2.451 GC heap after
Heap after GC invocations=3 (full 0):
 PSYoungGen      total 18944K, used 2544K [0x00000000e0000000, 0x00000000e1500000, 0x0000000100000000)
  eden space 16384K, 0% used [0x00000000e0000000,0x00000000e0000000,0x00000000e1000000)
  from space 2560K, 99% used [0x00000000e1000000,0x00000000e127c010,0x00000000e1280000)
  to   space 2560K, 0% used [0x00000000e1280000,0x00000000e1280000,0x00000000e1500000)
 ParOldGen       total 44032K, used 643K [0x00000000a0000000, 0x00000000a2b00000, 0x00000000e0000000)
  object space 44032K, 1% used [0x00000000a0000000,0x00000000a00a0da0,0x00000000a2b00000)
 Metaspace       used 6955K, capacity 7112K, committed 7424K, reserved 1056768K
  class space    used 880K, capacity 948K, committed 1024K, reserved 1048576K
}
Event: 4.724 GC heap before
{Heap before GC invocations=4 (full 0):
 PSYoungGen      total 18944K, used 18928K [0x00000000e0000000, 0x00000000e1500000, 0x0000000100000000)
  eden space 16384K, 100% used [0x00000000e0000000,0x00000000e1000000,0x00000000e1000000)
  from space 2560K, 99% used [0x00000000e1000000,0x00000000e127c010,0x00000000e1280000)
  to   space 2560K, 0% used [0x00000000e1280000,0x00000000e1280000,0x00000000e1500000)
 ParOldGen       total 44032K, used 643K [0x00000000a0000000, 0x00000000a2b00000, 0x00000000e0000000)
  object space 44032K, 1% used [0x00000000a0000000,0x00000000a00a0da0,0x00000000a2b00000)
 Metaspace       used 11668K, capacity 11992K, committed 12160K, reserved 1060864K
  class space    used 1541K, capacity 1642K, committed 1664K, reserved 1048576K
Event: 4.734 GC heap after
Heap after GC invocations=4 (full 0):
 PSYoungGen      total 18944K, used 2560K [0x00000000e0000000, 0x00000000e1500000, 0x0000000100000000)
  eden space 16384K, 0% used [0x00000000e0000000,0x00000000e0000000,0x00000000e1000000)
  from space 2560K, 100% used [0x00000000e1280000,0x00000000e1500000,0x00000000e1500000)
  to   space 2560K, 0% used [0x00000000e1000000,0x00000000e1000000,0x00000000e1280000)
 ParOldGen       total 44032K, used 2994K [0x00000000a0000000, 0x00000000a2b00000, 0x00000000e0000000)
  object space 44032K, 6% used [0x00000000a0000000,0x00000000a02ec818,0x00000000a2b00000)
 Metaspace       used 11668K, capacity 11992K, committed 12160K, reserved 1060864K
  class space    used 1541K, capacity 1642K, committed 1664K, reserved 1048576K
}
Event: 5.471 GC heap before
{Heap before GC invocations=5 (full 0):
 PSYoungGen      total 18944K, used 18944K [0x00000000e0000000, 0x00000000e1500000, 0x0000000100000000)
  eden space 16384K, 100% used [0x00000000e0000000,0x00000000e1000000,0x00000000e1000000)
  from space 2560K, 100% used [0x00000000e1280000,0x00000000e1500000,0x00000000e1500000)
  to   space 2560K, 0% used [0x00000000e1000000,0x00000000e1000000,0x00000000e1280000)
 ParOldGen       total 44032K, used 2994K [0x00000000a0000000, 0x00000000a2b00000, 0x00000000e0000000)
  object space 44032K, 6% used [0x00000000a0000000,0x00000000a02ec818,0x00000000a2b00000)
 Metaspace       used 13050K, capacity 13426K, committed 13568K, reserved 1060864K
  class space    used 1780K, capacity 1929K, committed 2048K, reserved 1048576K
Event: 5.476 GC heap after
Heap after GC invocations=5 (full 0):
 PSYoungGen      total 18944K, used 2544K [0x00000000e0000000, 0x00000000e1b00000, 0x0000000100000000)
  eden space 16384K, 0% used [0x00000000e0000000,0x00000000e0000000,0x00000000e1000000)
  from space 2560K, 99% used [0x00000000e1000000,0x00000000e127c010,0x00000000e1280000)
  to   space 5632K, 0% used [0x00000000e1580000,0x00000000e1580000,0x00000000e1b00000)
 ParOldGen       total 44032K, used 4782K [0x00000000a0000000, 0x00000000a2b00000, 0x00000000e0000000)
  object space 44032K, 10% used [0x00000000a0000000,0x00000000a04ab948,0x00000000a2b00000)
 Metaspace       used 13050K, capacity 13426K, committed 13568K, reserved 1060864K
  class space    used 1780K, capacity 1929K, committed 2048K, reserved 1048576K
}
Event: 5.969 GC heap before
{Heap before GC invocations=6 (full 0):
 PSYoungGen      total 18944K, used 18928K [0x00000000e0000000, 0x00000000e1b00000, 0x0000000100000000)
  eden space 16384K, 100% used [0x00000000e0000000,0x00000000e1000000,0x00000000e1000000)
  from space 2560K, 99% used [0x00000000e1000000,0x00000000e127c010,0x00000000e1280000)
  to   space 5632K, 0% used [0x00000000e1580000,0x00000000e1580000,0x00000000e1b00000)
 ParOldGen       total 44032K, used 4782K [0x00000000a0000000, 0x00000000a2b00000, 0x00000000e0000000)
  object space 44032K, 10% used [0x00000000a0000000,0x00000000a04ab948,0x00000000a2b00000)
 Metaspace       used 14566K, capacity 14934K, committed 14976K, reserved 1062912K
  class space    used 2037K, capacity 2155K, committed 2176K, reserved 1048576K
Event: 5.980 GC heap after
Heap after GC invocations=6 (full 0):
 PSYoungGen      total 22016K, used 4704K [0x00000000e0000000, 0x00000000e2b00000, 0x0000000100000000)
  eden space 16384K, 0% used [0x00000000e0000000,0x00000000e0000000,0x00000000e1000000)
  from space 5632K, 83% used [0x00000000e1580000,0x00000000e1a182b0,0x00000000e1b00000)
  to   space 5632K, 0% used [0x00000000e1000000,0x00000000e1000000,0x00000000e1580000)
 ParOldGen       total 44032K, used 4790K [0x00000000a0000000, 0x00000000a2b00000, 0x00000000e0000000)
  object space 44032K, 10% used [0x00000000a0000000,0x00000000a04ad948,0x00000000a2b00000)
 Metaspace       used 14566K, capacity 14934K, committed 14976K, reserved 1062912K
  class space    used 2037K, capacity 2155K, committed 2176K, reserved 1048576K
}

Deoptimization events (10 events):
Event: 3.319 Thread 0x0000000002bee000 Uncommon trap: reason=unstable_if action=reinterpret pc=0x00000000030d75ec method=java.io.WinNTFileSystem.normalize(Ljava/lang/String;)Ljava/lang/String; @ 128
Event: 3.319 Thread 0x0000000002bee000 Uncommon trap: reason=unstable_if action=reinterpret pc=0x0000000003123778 method=java.io.WinNTFileSystem.normalize(Ljava/lang/String;II)Ljava/lang/String; @ 90
Event: 4.686 Thread 0x00000000196f5800 Uncommon trap: reason=unstable_if action=reinterpret pc=0x000000000319e660 method=java.util.concurrent.ConcurrentHashMap.putVal(Ljava/lang/Object;Ljava/lang/Object;Z)Ljava/lang/Object; @ 206
Event: 4.870 Thread 0x00000000194be800 Uncommon trap: reason=bimorphic action=maybe_recompile pc=0x000000000312e4a8 method=java.util.HashMap.putVal(ILjava/lang/Object;Ljava/lang/Object;ZZ)Ljava/lang/Object; @ 253
Event: 4.870 Thread 0x00000000194be800 Uncommon trap: reason=bimorphic action=maybe_recompile pc=0x000000000312e4a8 method=java.util.HashMap.putVal(ILjava/lang/Object;Ljava/lang/Object;ZZ)Ljava/lang/Object; @ 253
Event: 4.870 Thread 0x00000000194be800 Uncommon trap: reason=bimorphic action=maybe_recompile pc=0x0000000003133f30 method=java.util.HashMap.putVal(ILjava/lang/Object;Ljava/lang/Object;ZZ)Ljava/lang/Object; @ 253
Event: 4.901 Thread 0x00000000194be800 Uncommon trap: reason=class_check action=maybe_recompile pc=0x00000000030aa018 method=java.util.regex.Matcher.match(II)Z @ 86
Event: 5.757 Thread 0x00000000194be800 Uncommon trap: reason=class_check action=maybe_recompile pc=0x00000000030aa018 method=java.util.regex.Matcher.match(II)Z @ 86
Event: 5.757 Thread 0x00000000194be800 Uncommon trap: reason=class_check action=maybe_recompile pc=0x0000000003072bdc method=java.util.regex.Matcher.match(II)Z @ 86
Event: 5.926 Thread 0x00000000194be800 Uncommon trap: reason=unstable_if action=reinterpret pc=0x0000000003292974 method=java.lang.String.lastIndexOf([CII[CIII)I @ 66

Classes redefined (0 events):
No events

Internal exceptions (10 events):
Event: 4.723 Thread 0x00000000196f5800 Exception <a 'java/lang/NoSuchMethodError': <clinit>> (0x00000000e0ffc238) thrown at [D:\src\AOSP-openjdk-cygwin\jdk8u\hotspot\src\share\vm\prims\jni.cpp, line 1613]
Event: 4.738 Thread 0x00000000196f5800 Exception <a 'java/lang/NoSuchMethodError': <clinit>> (0x00000000e0013d10) thrown at [D:\src\AOSP-openjdk-cygwin\jdk8u\hotspot\src\share\vm\prims\jni.cpp, line 1613]
Event: 4.739 Thread 0x00000000196f5800 Exception <a 'java/lang/NoSuchMethodError': <clinit>> (0x00000000e001cbc0) thrown at [D:\src\AOSP-openjdk-cygwin\jdk8u\hotspot\src\share\vm\prims\jni.cpp, line 1613]
Event: 4.742 Thread 0x00000000196f5800 Exception <a 'java/lang/NoSuchMethodError': <clinit>> (0x00000000e002e230) thrown at [D:\src\AOSP-openjdk-cygwin\jdk8u\hotspot\src\share\vm\prims\jni.cpp, line 1613]
Event: 4.771 Thread 0x00000000196f5800 Exception <a 'java/lang/NoSuchMethodError': <clinit>> (0x00000000e00a7388) thrown at [D:\src\AOSP-openjdk-cygwin\jdk8u\hotspot\src\share\vm\prims\jni.cpp, line 1613]
Event: 4.780 Thread 0x00000000196f5800 Exception <a 'java/lang/NoSuchMethodError': <clinit>> (0x00000000e00cadd0) thrown at [D:\src\AOSP-openjdk-cygwin\jdk8u\hotspot\src\share\vm\prims\jni.cpp, line 1613]
Event: 4.785 Thread 0x00000000196f5800 Exception <a 'java/lang/NoSuchMethodError': <clinit>> (0x00000000e00e5d30) thrown at [D:\src\AOSP-openjdk-cygwin\jdk8u\hotspot\src\share\vm\prims\jni.cpp, line 1613]
Event: 4.798 Thread 0x00000000196f5800 Exception <a 'java/lang/NoSuchMethodError': <clinit>> (0x00000000e01090d0) thrown at [D:\src\AOSP-openjdk-cygwin\jdk8u\hotspot\src\share\vm\prims\jni.cpp, line 1613]
Event: 4.833 Thread 0x00000000194be800 Exception <a 'java/lang/NoSuchMethodError': <clinit>> (0x00000000e01e2f00) thrown at [D:\src\AOSP-openjdk-cygwin\jdk8u\hotspot\src\share\vm\prims\jni.cpp, line 1613]
Event: 4.834 Thread 0x00000000194be800 Exception <a 'java/lang/NoSuchMethodError': <clinit>> (0x00000000e01eb188) thrown at [D:\src\AOSP-openjdk-cygwin\jdk8u\hotspot\src\share\vm\prims\jni.cpp, line 1613]

Events (10 events):
Event: 6.489 loading class org/gradle/api/provider/PropertyState
Event: 6.489 loading class org/gradle/api/provider/PropertyState done
Event: 6.489 loading class org/gradle/api/provider/Property
Event: 6.489 loading class org/gradle/api/provider/Property done
Event: 6.489 loading class org/gradle/api/provider/Provider
Event: 6.489 loading class org/gradle/api/provider/Provider done
Event: 6.489 loading class org/gradle/api/internal/provider/ProviderInternal
Event: 6.489 loading class org/gradle/api/internal/provider/ProviderInternal done
Event: 6.490 loading class org/gradle/model/internal/asm/AsmClassGenerator
Event: 6.490 loading class org/gradle/model/internal/asm/AsmClassGenerator done


Dynamic libraries:
0x00007ff74ec60000 - 0x00007ff74ec91000 	C:\Program Files (x86)\Android\Android Studio\jre\bin\java.exe
0x00007ff8c3bb0000 - 0x00007ff8c3d91000 	C:\WINDOWS\SYSTEM32\ntdll.dll
0x00007ff87c650000 - 0x00007ff87c664000 	C:\Program Files\AVAST Software\Avast\x64\aswhooka.dll
0x00007ff8c1fb0000 - 0x00007ff8c2062000 	C:\WINDOWS\System32\KERNEL32.DLL
0x00007ff8c07d0000 - 0x00007ff8c0a43000 	C:\WINDOWS\System32\KERNELBASE.dll
0x00007ff8c3770000 - 0x00007ff8c3811000 	C:\WINDOWS\System32\ADVAPI32.dll
0x00007ff8c3ae0000 - 0x00007ff8c3b7e000 	C:\WINDOWS\System32\msvcrt.dll
0x00007ff8c2070000 - 0x00007ff8c20cb000 	C:\WINDOWS\System32\sechost.dll
0x00007ff8c1c50000 - 0x00007ff8c1d74000 	C:\WINDOWS\System32\RPCRT4.dll
0x00007ff8c38a0000 - 0x00007ff8c3a30000 	C:\WINDOWS\System32\USER32.dll
0x00007ff8c0710000 - 0x00007ff8c0730000 	C:\WINDOWS\System32\win32u.dll
0x00007ff8c2140000 - 0x00007ff8c2168000 	C:\WINDOWS\System32\GDI32.dll
0x00007ff8c0bb0000 - 0x00007ff8c0d42000 	C:\WINDOWS\System32\gdi32full.dll
0x00007ff8c0730000 - 0x00007ff8c07cf000 	C:\WINDOWS\System32\msvcp_win.dll
0x00007ff8c0a50000 - 0x00007ff8c0b4a000 	C:\WINDOWS\System32\ucrtbase.dll
0x00007ff8b0960000 - 0x00007ff8b0bc9000 	C:\WINDOWS\WinSxS\amd64_microsoft.windows.common-controls_6595b64144ccf1df_6.0.17134.407_none_fb449d63306391e9\COMCTL32.dll
0x00007ff8c1330000 - 0x00007ff8c1652000 	C:\WINDOWS\System32\combase.dll
0x00007ff8bff80000 - 0x00007ff8bfffa000 	C:\WINDOWS\System32\bcryptPrimitives.dll
0x00007ff8c11f0000 - 0x00007ff8c121d000 	C:\WINDOWS\System32\IMM32.DLL
0x000000005da10000 - 0x000000005dae2000 	C:\Program Files (x86)\Android\Android Studio\jre\jre\bin\msvcr100.dll
0x000000005daf0000 - 0x000000005e32f000 	C:\Program Files (x86)\Android\Android Studio\jre\jre\bin\server\jvm.dll
0x00007ff8c11c0000 - 0x00007ff8c11c8000 	C:\WINDOWS\System32\PSAPI.DLL
0x00007ff8a3610000 - 0x00007ff8a3619000 	C:\WINDOWS\SYSTEM32\WSOCK32.dll
0x00007ff8c20d0000 - 0x00007ff8c213c000 	C:\WINDOWS\System32\WS2_32.dll
0x00007ff8baa60000 - 0x00007ff8baa83000 	C:\WINDOWS\SYSTEM32\WINMM.dll
0x00007ff8b4cc0000 - 0x00007ff8b4cca000 	C:\WINDOWS\SYSTEM32\VERSION.dll
0x00007ff8ba500000 - 0x00007ff8ba52a000 	C:\WINDOWS\SYSTEM32\WINMMBASE.dll
0x00007ff8c0f40000 - 0x00007ff8c0f89000 	C:\WINDOWS\System32\cfgmgr32.dll
0x00007ff8b3ce0000 - 0x00007ff8b3cef000 	C:\Program Files (x86)\Android\Android Studio\jre\jre\bin\verify.dll
0x00007ff8afe20000 - 0x00007ff8afe49000 	C:\Program Files (x86)\Android\Android Studio\jre\jre\bin\java.dll
0x00007ff8b0be0000 - 0x00007ff8b0bf6000 	C:\Program Files (x86)\Android\Android Studio\jre\jre\bin\zip.dll
0x00007ff8c2170000 - 0x00007ff8c35af000 	C:\WINDOWS\System32\SHELL32.dll
0x00007ff8c3a30000 - 0x00007ff8c3ad9000 	C:\WINDOWS\System32\shcore.dll
0x00007ff8c0000000 - 0x00007ff8c070d000 	C:\WINDOWS\System32\windows.storage.dll
0x00007ff8c35b0000 - 0x00007ff8c3601000 	C:\WINDOWS\System32\shlwapi.dll
0x00007ff8bff60000 - 0x00007ff8bff71000 	C:\WINDOWS\System32\kernel.appcore.dll
0x00007ff8bff40000 - 0x00007ff8bff5f000 	C:\WINDOWS\System32\profapi.dll
0x00007ff8bfef0000 - 0x00007ff8bff3c000 	C:\WINDOWS\System32\powrprof.dll
0x00007ff8bfec0000 - 0x00007ff8bfeca000 	C:\WINDOWS\System32\FLTLIB.DLL
0x00007ff8ad620000 - 0x00007ff8ad63a000 	C:\Program Files (x86)\Android\Android Studio\jre\jre\bin\net.dll
0x00007ff8bf740000 - 0x00007ff8bf7a6000 	C:\WINDOWS\system32\mswsock.dll
0x00007ff8ab170000 - 0x00007ff8ab181000 	C:\Program Files (x86)\Android\Android Studio\jre\jre\bin\nio.dll
0x00007ff8b3cf0000 - 0x00007ff8b3d0e000 	C:\Users\HP\.gradle\native\25\windows-amd64\native-platform.dll
0x00007ff8b2f70000 - 0x00007ff8b2f7d000 	C:\Program Files (x86)\Android\Android Studio\jre\jre\bin\management.dll
0x00007ff8bf8f0000 - 0x00007ff8bf907000 	C:\WINDOWS\SYSTEM32\CRYPTSP.dll
0x00007ff8bf2c0000 - 0x00007ff8bf2f3000 	C:\WINDOWS\system32\rsaenh.dll
0x00007ff8bfa20000 - 0x00007ff8bfa45000 	C:\WINDOWS\SYSTEM32\bcrypt.dll
0x00007ff8bfdf0000 - 0x00007ff8bfe18000 	C:\WINDOWS\SYSTEM32\USERENV.dll
0x00007ff8bf910000 - 0x00007ff8bf91b000 	C:\WINDOWS\SYSTEM32\CRYPTBASE.dll
0x00007ff8bf4c0000 - 0x00007ff8bf4f8000 	C:\WINDOWS\SYSTEM32\IPHLPAPI.DLL
0x00007ff8c11e0000 - 0x00007ff8c11e8000 	C:\WINDOWS\System32\NSI.dll
0x00007ff8b63e0000 - 0x00007ff8b63f6000 	C:\WINDOWS\SYSTEM32\dhcpcsvc6.DLL
0x00007ff8b65c0000 - 0x00007ff8b65da000 	C:\WINDOWS\SYSTEM32\dhcpcsvc.DLL

VM Arguments:
jvm_args: -Xmx1536m -Dfile.encoding=windows-1252 -Duser.country=US -Duser.language=en -Duser.variant 
java_command: org.gradle.launcher.daemon.bootstrap.GradleDaemon 4.4
java_class_path (initial): C:\Users\HP\.gradle\wrapper\dists\gradle-4.4-all\9br9xq1tocpiv8o6njlyu5op1\gradle-4.4\lib\gradle-launcher-4.4.jar
Launcher Type: SUN_STANDARD

Environment Variables:
PATH=C:\Program Files (x86)\Common Files\Oracle\Java\javapath;C:\Program Files (x86)\Common Files\ArcSoft\Bin;C:\Program Files (x86)\Intel\iCLS Client\;C:\Program Files\Intel\iCLS Client\;C:\WINDOWS\system32;C:\WINDOWS;C:\WINDOWS\System32\Wbem;C:\WINDOWS\System32\WindowsPowerShell\v1.0\;C:\Program Files (x86)\Intel\Intel(R) Management Engine Components\DAL;C:\Program Files\Intel\Intel(R) Management Engine Components\DAL;C:\Program Files (x86)\Intel\Intel(R) Management Engine Components\IPT;C:\Program Files\Intel\Intel(R) Management Engine Components\IPT;c:\Program Files\Intel\WiFi\bin\;c:\Program Files\Common Files\Intel\WirelessCommon\;C:\Program Files (x86)\GtkSharp\2.12\bin;C:\WINDOWS\System32\OpenSSH\;C:\Users\HP\AppData\Local\Android\Sdk;C:\Program Files (x86)\Java\jdk1.6.0_18\bin;%USERPROFILE%\AppData\Local\Microsoft\WindowsApps;
USERNAME=HP
OS=Windows_NT
PROCESSOR_IDENTIFIER=Intel64 Family 6 Model 61 Stepping 4, GenuineIntel



---------------  S Y S T E M  ---------------

OS: Windows 10.0 , 64 bit Build 17134 (10.0.17134.1)

CPU:total 4 (initial active 4) (2 cores per cpu, 2 threads per core) family 6 model 61 stepping 4, cmov, cx8, fxsr, mmx, sse, sse2, sse3, ssse3, sse4.1, sse4.2, popcnt, avx, avx2, aes, clmul, erms, 3dnowpref, lzcnt, ht, tsc, tscinvbit, bmi1, bmi2, adx

Memory: 4k page, physical 4082796k(307732k free), swap 4082796k(5772k free)

vm_info: OpenJDK 64-Bit Server VM (25.152-b02) for windows-amd64 JRE (1.8.0_152-release-1024-b02), built by "builder" with MS VC++ 10.0 (VS2010)

time: Sun Dec 30 02:25:26 2018
elapsed time: 6 seconds (0d 0h 0m 6s)

