#
# There is insufficient memory for the Java Runtime Environment to continue.
# Native memory allocation (malloc) failed to allocate 1120336 bytes for Chunk::new
# Possible reasons:
#   The system is out of physical RAM or swap space
#   In 32 bit mode, the process size limit was hit
# Possible solutions:
#   Reduce memory load on the system
#   Increase physical memory or swap space
#   Check if swap backing store is full
#   Use 64 bit Java on a 64 bit OS
#   Decrease Java heap size (-Xmx/-Xms)
#   Decrease number of Java threads
#   Decrease Java thread stack sizes (-Xss)
#   Set larger code cache with -XX:ReservedCodeCacheSize=
# This output file may be truncated or incomplete.
#
#  Out of Memory Error (allocation.cpp:390), pid=7760, tid=0x000000000000128c
#
# JRE version: OpenJDK Runtime Environment (8.0_152-b02) (build 1.8.0_152-release-1024-b02)
# Java VM: OpenJDK 64-Bit Server VM (25.152-b02 mixed mode windows-amd64 compressed oops)
# Failed to write core dump. Minidumps are not enabled by default on client versions of Windows
#

---------------  T H R E A D  ---------------

Current thread (0x000000001687c000):  JavaThread "C2 CompilerThread1" daemon [_thread_in_native, id=4748, stack(0x0000000017fe0000,0x00000000180e0000)]

Stack: [0x0000000017fe0000,0x00000000180e0000]
[error occurred during error reporting (printing stack bounds), id 0xc0000005]

Native frames: (J=compiled Java code, j=interpreted, Vv=VM code, C=native code)


Current CompileTask:
C2: 105394 10173   !   4       java.io.ObjectOutputStream::writeObject0 (619 bytes)


---------------  P R O C E S S  ---------------

Java Threads: ( => current thread )
  0x0000000018c3e000 JavaThread "Task worker for ':' Thread 3" [_thread_blocked, id=4380, stack(0x0000000025c70000,0x0000000025d70000)]
  0x0000000018c37000 JavaThread "Task worker for ':' Thread 2" [_thread_blocked, id=6752, stack(0x0000000025b70000,0x0000000025c70000)]
  0x0000000018c3d000 JavaThread "Task worker for ':'" [_thread_blocked, id=5336, stack(0x0000000025a70000,0x0000000025b70000)]
  0x000000001e4b0800 JavaThread "Cache worker for Build Output Cleanup Cache (H:\AndroidStudioProjects\LogInPage\.gradle\buildOutputCleanup)" [_thread_blocked, id=10452, stack(0x0000000025970000,0x0000000025a70000)]
  0x000000001e4ad000 JavaThread "Cache worker for task history cache (H:\AndroidStudioProjects\LogInPage\.gradle\4.4\taskHistory)" [_thread_blocked, id=4052, stack(0x0000000025870000,0x0000000025970000)]
  0x000000001e4b3800 JavaThread "Cache worker for file content cache (H:\AndroidStudioProjects\LogInPage\.gradle\4.4\fileContent)" [_thread_blocked, id=9532, stack(0x0000000025770000,0x0000000025870000)]
  0x000000001e4b1800 JavaThread "build operations Thread 4" [_thread_blocked, id=8632, stack(0x0000000025670000,0x0000000025770000)]
  0x000000001e4b3000 JavaThread "build operations Thread 3" [_thread_blocked, id=4920, stack(0x0000000025570000,0x0000000025670000)]
  0x000000001e4b0000 JavaThread "build operations Thread 2" [_thread_in_native, id=9744, stack(0x0000000025470000,0x0000000025570000)]
  0x000000001e4af000 JavaThread "build operations" [_thread_blocked, id=6280, stack(0x0000000025370000,0x0000000025470000)]
  0x000000001e4b2000 JavaThread "Cache worker for Artifact transforms cache (C:\Users\HP\.gradle\caches\transforms-1)" [_thread_blocked, id=7412, stack(0x0000000025270000,0x0000000025370000)]
  0x000000001e4a7800 JavaThread "Cache worker for file hash cache (H:\AndroidStudioProjects\LogInPage\.gradle\4.4\fileHashes)" [_thread_blocked, id=3316, stack(0x0000000025170000,0x0000000025270000)]
  0x000000001e4ac000 JavaThread "Stdin handler" [_thread_blocked, id=2740, stack(0x0000000025070000,0x0000000025170000)]
  0x000000001e4ab800 JavaThread "Asynchronous log dispatcher for DefaultDaemonConnection: socket connection from /127.0.0.1:2081 to /127.0.0.1:2088" [_thread_blocked, id=9164, stack(0x0000000024f70000,0x0000000025070000)]
  0x000000001e4ae800 JavaThread "Daemon worker Thread 2" [_thread_blocked, id=956, stack(0x0000000024e70000,0x0000000024f70000)]
  0x000000001e4a4800 JavaThread "Cancel handler" [_thread_blocked, id=7692, stack(0x0000000024d70000,0x0000000024e70000)]
  0x000000001e4a5000 JavaThread "Handler for socket connection from /127.0.0.1:2081 to /127.0.0.1:2088" [_thread_in_native, id=1836, stack(0x0000000024c70000,0x0000000024d70000)]
  0x000000001e4a8000 JavaThread "Daemon Thread 2" [_thread_blocked, id=1628, stack(0x0000000024b70000,0x0000000024c70000)]
  0x0000000019514000 JavaThread "Memory manager" [_thread_blocked, id=8852, stack(0x0000000020f10000,0x0000000021010000)]
  0x00000000199ce800 JavaThread "File lock request listener" [_thread_in_native, id=1996, stack(0x000000001b330000,0x000000001b430000)]
  0x0000000019b32000 JavaThread "Cache worker for file hash cache (C:\Users\HP\.gradle\caches\4.4\fileHashes)" [_thread_blocked, id=1716, stack(0x000000001b230000,0x000000001b330000)]
  0x0000000019836000 JavaThread "Daemon periodic checks" [_thread_blocked, id=4064, stack(0x000000001a730000,0x000000001a830000)]
  0x0000000019557800 JavaThread "Incoming local TCP Connector on port 2081" [_thread_in_native, id=528, stack(0x000000001a4f0000,0x000000001a5f0000)]
  0x0000000018208800 JavaThread "Service Thread" daemon [_thread_blocked, id=10140, stack(0x00000000185e0000,0x00000000186e0000)]
  0x0000000016883000 JavaThread "C1 CompilerThread2" daemon [_thread_blocked, id=5788, stack(0x00000000180e0000,0x00000000181e0000)]
=>0x000000001687c000 JavaThread "C2 CompilerThread1" daemon [_thread_in_native, id=4748, stack(0x0000000017fe0000,0x00000000180e0000)]
  0x0000000016888000 JavaThread "C2 CompilerThread0" daemon [_thread_in_native, id=5240, stack(0x0000000017ee0000,0x0000000017fe0000)]
  0x0000000016886800 JavaThread "Attach Listener" daemon [_thread_blocked, id=4936, stack(0x0000000017de0000,0x0000000017ee0000)]
  0x0000000016885800 JavaThread "Signal Dispatcher" daemon [_thread_blocked, id=3164, stack(0x0000000017ce0000,0x0000000017de0000)]
  0x000000001686e000 JavaThread "Finalizer" daemon [_thread_blocked, id=10336, stack(0x0000000017af0000,0x0000000017bf0000)]
  0x0000000002f03000 JavaThread "Reference Handler" daemon [_thread_blocked, id=6148, stack(0x00000000179f0000,0x0000000017af0000)]
  0x00000000013cd800 JavaThread "main" [_thread_blocked, id=10368, stack(0x0000000002c90000,0x0000000002d90000)]

Other Threads:
  0x0000000016846800 VMThread [stack: 0x00000000178f0000,0x00000000179f0000] [id=4824]
  0x0000000018215000 WatcherThread [stack: 0x00000000186e0000,0x00000000187e0000] [id=9044]

VM state:not at safepoint (normal execution)

VM Mutex/Monitor currently owned by a thread: None

Heap:
 PSYoungGen      total 197120K, used 56385K [0x00000000e0000000, 0x00000000ed800000, 0x0000000100000000)
  eden space 180224K, 21% used [0x00000000e0000000,0x00000000e2692c40,0x00000000eb000000)
  from space 16896K, 99% used [0x00000000ec700000,0x00000000ed77d9c0,0x00000000ed780000)
  to   space 20480K, 0% used [0x00000000eb000000,0x00000000eb000000,0x00000000ec400000)
 ParOldGen       total 101376K, used 49196K [0x00000000a0000000, 0x00000000a6300000, 0x00000000e0000000)
  object space 101376K, 48% used [0x00000000a0000000,0x00000000a300b110,0x00000000a6300000)
 Metaspace       used 64399K, capacity 66607K, committed 66944K, reserved 1107968K
  class space    used 8450K, capacity 8965K, committed 9088K, reserved 1048576K

Card table byte_map: [0x00000000122d0000,0x00000000125e0000] byte_map_base: 0x0000000011dd0000

Marking Bits: (ParMarkBitMap*) 0x000000005cab4970
 Begin Bits: [0x0000000012be0000, 0x00000000143e0000)
 End Bits:   [0x00000000143e0000, 0x0000000015be0000)

Polling page: 0x00000000013a0000

CodeCache: size=245760Kb used=27761Kb max_used=28287Kb free=217998Kb
 bounds [0x0000000002f10000, 0x0000000004b00000, 0x0000000011f10000]
 total_blobs=9240 nmethods=8446 adapters=706
 compilation: enabled

Compilation events (10 events):
Event: 105.229 Thread 0x0000000016883000 10180       1       org.gradle.api.internal.file.collections.DirectoryFileTree::getPatterns (5 bytes)
Event: 105.229 Thread 0x0000000016883000 nmethod 10180 0x00000000046af390 code [0x00000000046af4e0, 0x00000000046af5f0]
Event: 105.233 Thread 0x0000000016883000 10181       1       org.gradle.api.internal.changedetection.state.DirectoryTreeDetails::getDescendants (5 bytes)
Event: 105.234 Thread 0x0000000016883000 nmethod 10181 0x00000000046af0d0 code [0x00000000046af220, 0x00000000046af330]
Event: 105.256 Thread 0x0000000016883000 10182       1       org.gradle.api.internal.changedetection.state.AbstractFileCollectionSnapshotter::access$100 (5 bytes)
Event: 105.256 Thread 0x0000000016883000 nmethod 10182 0x00000000046b29d0 code [0x00000000046b2b20, 0x00000000046b2c10]
Event: 105.263 Thread 0x0000000016883000 10183       3       java.util.LinkedHashSet::<init> (27 bytes)
Event: 105.264 Thread 0x0000000016883000 nmethod 10183 0x00000000046b1e90 code [0x00000000046b2080, 0x00000000046b26c8]
Event: 105.268 Thread 0x0000000016883000 10184       3       org.gradle.api.tasks.util.internal.PatternSets$PatternSetFactory::create (5 bytes)
Event: 105.268 Thread 0x0000000016883000 nmethod 10184 0x00000000046b18d0 code [0x00000000046b1a40, 0x00000000046b1d68]

GC Heap History (10 events):
Event: 15.809 GC heap before
{Heap before GC invocations=15 (full 2):
 PSYoungGen      total 122880K, used 122874K [0x00000000e0000000, 0x00000000e8500000, 0x0000000100000000)
  eden space 113664K, 100% used [0x00000000e0000000,0x00000000e6f00000,0x00000000e6f00000)
  from space 9216K, 99% used [0x00000000e7c00000,0x00000000e84fe998,0x00000000e8500000)
  to   space 10752K, 0% used [0x00000000e7000000,0x00000000e7000000,0x00000000e7a80000)
 ParOldGen       total 54272K, used 16634K [0x00000000a0000000, 0x00000000a3500000, 0x00000000e0000000)
  object space 54272K, 30% used [0x00000000a0000000,0x00000000a103e890,0x00000000a3500000)
 Metaspace       used 49925K, capacity 51405K, committed 51584K, reserved 1093632K
  class space    used 6836K, capacity 7230K, committed 7296K, reserved 1048576K
Event: 15.915 GC heap after
Heap after GC invocations=15 (full 2):
 PSYoungGen      total 125440K, used 10724K [0x00000000e0000000, 0x00000000eaf00000, 0x0000000100000000)
  eden space 114688K, 0% used [0x00000000e0000000,0x00000000e0000000,0x00000000e7000000)
  from space 10752K, 99% used [0x00000000e7000000,0x00000000e7a79388,0x00000000e7a80000)
  to   space 14848K, 0% used [0x00000000ea080000,0x00000000ea080000,0x00000000eaf00000)
 ParOldGen       total 54272K, used 24361K [0x00000000a0000000, 0x00000000a3500000, 0x00000000e0000000)
  object space 54272K, 44% used [0x00000000a0000000,0x00000000a17ca750,0x00000000a3500000)
 Metaspace       used 49925K, capacity 51405K, committed 51584K, reserved 1093632K
  class space    used 6836K, capacity 7230K, committed 7296K, reserved 1048576K
}
Event: 19.733 GC heap before
{Heap before GC invocations=16 (full 2):
 PSYoungGen      total 125440K, used 125412K [0x00000000e0000000, 0x00000000eaf00000, 0x0000000100000000)
  eden space 114688K, 100% used [0x00000000e0000000,0x00000000e7000000,0x00000000e7000000)
  from space 10752K, 99% used [0x00000000e7000000,0x00000000e7a79388,0x00000000e7a80000)
  to   space 14848K, 0% used [0x00000000ea080000,0x00000000ea080000,0x00000000eaf00000)
 ParOldGen       total 54272K, used 24361K [0x00000000a0000000, 0x00000000a3500000, 0x00000000e0000000)
  object space 54272K, 44% used [0x00000000a0000000,0x00000000a17ca750,0x00000000a3500000)
 Metaspace       used 54196K, capacity 56119K, committed 56320K, reserved 1097728K
  class space    used 7444K, capacity 7935K, committed 7936K, reserved 1048576K
Event: 19.766 GC heap after
Heap after GC invocations=16 (full 2):
 PSYoungGen      total 163328K, used 11502K [0x00000000e0000000, 0x00000000eb000000, 0x0000000100000000)
  eden space 148480K, 0% used [0x00000000e0000000,0x00000000e0000000,0x00000000e9100000)
  from space 14848K, 77% used [0x00000000ea080000,0x00000000eabbb970,0x00000000eaf00000)
  to   space 15872K, 0% used [0x00000000e9100000,0x00000000e9100000,0x00000000ea080000)
 ParOldGen       total 54272K, used 31245K [0x00000000a0000000, 0x00000000a3500000, 0x00000000e0000000)
  object space 54272K, 57% used [0x00000000a0000000,0x00000000a1e834f8,0x00000000a3500000)
 Metaspace       used 54196K, capacity 56119K, committed 56320K, reserved 1097728K
  class space    used 7444K, capacity 7935K, committed 7936K, reserved 1048576K
}
Event: 34.017 GC heap before
{Heap before GC invocations=17 (full 2):
 PSYoungGen      total 163328K, used 142636K [0x00000000e0000000, 0x00000000eb000000, 0x0000000100000000)
  eden space 148480K, 88% used [0x00000000e0000000,0x00000000e800f848,0x00000000e9100000)
  from space 14848K, 77% used [0x00000000ea080000,0x00000000eabbb970,0x00000000eaf00000)
  to   space 15872K, 0% used [0x00000000e9100000,0x00000000e9100000,0x00000000ea080000)
 ParOldGen       total 54272K, used 31245K [0x00000000a0000000, 0x00000000a3500000, 0x00000000e0000000)
  object space 54272K, 57% used [0x00000000a0000000,0x00000000a1e834f8,0x00000000a3500000)
 Metaspace       used 56935K, capacity 58963K, committed 59008K, reserved 1099776K
  class space    used 7795K, capacity 8305K, committed 8320K, reserved 1048576K
Event: 34.051 GC heap after
Heap after GC invocations=17 (full 2):
 PSYoungGen      total 164352K, used 11442K [0x00000000e0000000, 0x00000000ed780000, 0x0000000100000000)
  eden space 148480K, 0% used [0x00000000e0000000,0x00000000e0000000,0x00000000e9100000)
  from space 15872K, 72% used [0x00000000e9100000,0x00000000e9c2c9c8,0x00000000ea080000)
  to   space 16896K, 0% used [0x00000000ec700000,0x00000000ec700000,0x00000000ed780000)
 ParOldGen       total 54272K, used 39890K [0x00000000a0000000, 0x00000000a3500000, 0x00000000e0000000)
  object space 54272K, 73% used [0x00000000a0000000,0x00000000a26f49a8,0x00000000a3500000)
 Metaspace       used 56935K, capacity 58963K, committed 59008K, reserved 1099776K
  class space    used 7795K, capacity 8305K, committed 8320K, reserved 1048576K
}
Event: 34.051 GC heap before
{Heap before GC invocations=18 (full 3):
 PSYoungGen      total 164352K, used 11442K [0x00000000e0000000, 0x00000000ed780000, 0x0000000100000000)
  eden space 148480K, 0% used [0x00000000e0000000,0x00000000e0000000,0x00000000e9100000)
  from space 15872K, 72% used [0x00000000e9100000,0x00000000e9c2c9c8,0x00000000ea080000)
  to   space 16896K, 0% used [0x00000000ec700000,0x00000000ec700000,0x00000000ed780000)
 ParOldGen       total 54272K, used 39890K [0x00000000a0000000, 0x00000000a3500000, 0x00000000e0000000)
  object space 54272K, 73% used [0x00000000a0000000,0x00000000a26f49a8,0x00000000a3500000)
 Metaspace       used 56935K, capacity 58963K, committed 59008K, reserved 1099776K
  class space    used 7795K, capacity 8305K, committed 8320K, reserved 1048576K
Event: 34.488 GC heap after
Heap after GC invocations=18 (full 3):
 PSYoungGen      total 164352K, used 0K [0x00000000e0000000, 0x00000000ed780000, 0x0000000100000000)
  eden space 148480K, 0% used [0x00000000e0000000,0x00000000e0000000,0x00000000e9100000)
  from space 15872K, 0% used [0x00000000e9100000,0x00000000e9100000,0x00000000ea080000)
  to   space 16896K, 0% used [0x00000000ec700000,0x00000000ec700000,0x00000000ed780000)
 ParOldGen       total 101376K, used 45684K [0x00000000a0000000, 0x00000000a6300000, 0x00000000e0000000)
  object space 101376K, 45% used [0x00000000a0000000,0x00000000a2c9d0b0,0x00000000a6300000)
 Metaspace       used 56935K, capacity 58963K, committed 59008K, reserved 1099776K
  class space    used 7795K, capacity 8305K, committed 8320K, reserved 1048576K
}
Event: 103.893 GC heap before
{Heap before GC invocations=19 (full 3):
 PSYoungGen      total 164352K, used 148480K [0x00000000e0000000, 0x00000000ed780000, 0x0000000100000000)
  eden space 148480K, 100% used [0x00000000e0000000,0x00000000e9100000,0x00000000e9100000)
  from space 15872K, 0% used [0x00000000e9100000,0x00000000e9100000,0x00000000ea080000)
  to   space 16896K, 0% used [0x00000000ec700000,0x00000000ec700000,0x00000000ed780000)
 ParOldGen       total 101376K, used 45684K [0x00000000a0000000, 0x00000000a6300000, 0x00000000e0000000)
  object space 101376K, 45% used [0x00000000a0000000,0x00000000a2c9d0b0,0x00000000a6300000)
 Metaspace       used 63990K, capacity 66107K, committed 66304K, reserved 1105920K
  class space    used 8439K, capacity 8947K, committed 8960K, reserved 1048576K
Event: 103.936 GC heap after
Heap after GC invocations=19 (full 3):
 PSYoungGen      total 197120K, used 16886K [0x00000000e0000000, 0x00000000ed800000, 0x0000000100000000)
  eden space 180224K, 0% used [0x00000000e0000000,0x00000000e0000000,0x00000000eb000000)
  from space 16896K, 99% used [0x00000000ec700000,0x00000000ed77d9c0,0x00000000ed780000)
  to   space 20480K, 0% used [0x00000000eb000000,0x00000000eb000000,0x00000000ec400000)
 ParOldGen       total 101376K, used 49196K [0x00000000a0000000, 0x00000000a6300000, 0x00000000e0000000)
  object space 101376K, 48% used [0x00000000a0000000,0x00000000a300b110,0x00000000a6300000)
 Metaspace       used 63990K, capacity 66107K, committed 66304K, reserved 1105920K
  class space    used 8439K, capacity 8947K, committed 8960K, reserved 1048576K
}

Deoptimization events (10 events):
Event: 104.309 Thread 0x000000001e4ae800 Uncommon trap: reason=class_check action=maybe_recompile pc=0x000000000344ed20 method=com.google.common.collect.ImmutableList.hashCode()I @ 23
Event: 104.328 Thread 0x000000001e4ae800 Uncommon trap: reason=class_check action=maybe_recompile pc=0x000000000344ed20 method=com.google.common.collect.ImmutableList.hashCode()I @ 23
Event: 104.338 Thread 0x000000001e4ae800 Uncommon trap: reason=class_check action=maybe_recompile pc=0x0000000003af1960 method=com.google.common.collect.ImmutableMap.copyOf(Ljava/util/Map;)Lcom/google/common/collect/ImmutableMap; @ 49
Event: 104.338 Thread 0x000000001e4ae800 Uncommon trap: reason=class_check action=maybe_recompile pc=0x00000000039bdc5c method=com.google.common.collect.Iterables.castOrCopyToCollection(Ljava/lang/Iterable;)Ljava/util/Collection; @ 1
Event: 104.347 Thread 0x000000001e4ae800 Uncommon trap: reason=class_check action=maybe_recompile pc=0x000000000344ed20 method=com.google.common.collect.ImmutableList.hashCode()I @ 23
Event: 104.360 Thread 0x000000001e4ae800 Uncommon trap: reason=class_check action=maybe_recompile pc=0x000000000344ed20 method=com.google.common.collect.ImmutableList.hashCode()I @ 23
Event: 104.372 Thread 0x000000001e4ae800 Uncommon trap: reason=class_check action=maybe_recompile pc=0x0000000003af1960 method=com.google.common.collect.ImmutableMap.copyOf(Ljava/util/Map;)Lcom/google/common/collect/ImmutableMap; @ 49
Event: 104.372 Thread 0x000000001e4ae800 Uncommon trap: reason=class_check action=maybe_recompile pc=0x00000000039bdc5c method=com.google.common.collect.Iterables.castOrCopyToCollection(Ljava/lang/Iterable;)Ljava/util/Collection; @ 1
Event: 104.393 Thread 0x000000001e4ae800 Uncommon trap: reason=unstable_if action=reinterpret pc=0x0000000003af1994 method=com.google.common.collect.ImmutableMap.copyOf(Ljava/util/Map;)Lcom/google/common/collect/ImmutableMap; @ 4
Event: 104.706 Thread 0x0000000018c3e000 Uncommon trap: reason=unstable_if action=reinterpret pc=0x00000000036fdec4 method=org.apache.ivy.core.IvyPatternHelper.substituteTokens(Ljava/lang/String;Ljava/util/Map;)Ljava/lang/String; @ 469

Classes redefined (0 events):
No events

Internal exceptions (10 events):
Event: 104.218 Thread 0x000000001e4ae800 Exception <a 'sun/nio/fs/WindowsException'> (0x00000000e09efdc0) thrown at [D:\src\AOSP-openjdk-cygwin\jdk8u\hotspot\src\share\vm\prims\jni.cpp, line 709]
Event: 104.219 Thread 0x000000001e4ae800 Exception <a 'sun/nio/fs/WindowsException'> (0x00000000e09f2838) thrown at [D:\src\AOSP-openjdk-cygwin\jdk8u\hotspot\src\share\vm\prims\jni.cpp, line 709]
Event: 104.219 Thread 0x000000001e4ae800 Exception <a 'sun/nio/fs/WindowsException'> (0x00000000e09f33d0) thrown at [D:\src\AOSP-openjdk-cygwin\jdk8u\hotspot\src\share\vm\prims\jni.cpp, line 709]
Event: 104.219 Thread 0x000000001e4ae800 Exception <a 'sun/nio/fs/WindowsException'> (0x00000000e09f4fd0) thrown at [D:\src\AOSP-openjdk-cygwin\jdk8u\hotspot\src\share\vm\prims\jni.cpp, line 709]
Event: 104.219 Thread 0x000000001e4ae800 Exception <a 'sun/nio/fs/WindowsException'> (0x00000000e09f5ba8) thrown at [D:\src\AOSP-openjdk-cygwin\jdk8u\hotspot\src\share\vm\prims\jni.cpp, line 709]
Event: 104.220 Thread 0x000000001e4ae800 Exception <a 'sun/nio/fs/WindowsException'> (0x00000000e09f8a90) thrown at [D:\src\AOSP-openjdk-cygwin\jdk8u\hotspot\src\share\vm\prims\jni.cpp, line 709]
Event: 104.220 Thread 0x000000001e4ae800 Exception <a 'sun/nio/fs/WindowsException'> (0x00000000e09f95a8) thrown at [D:\src\AOSP-openjdk-cygwin\jdk8u\hotspot\src\share\vm\prims\jni.cpp, line 709]
Event: 104.221 Thread 0x000000001e4ae800 Exception <a 'sun/nio/fs/WindowsException'> (0x00000000e09fb0f8) thrown at [D:\src\AOSP-openjdk-cygwin\jdk8u\hotspot\src\share\vm\prims\jni.cpp, line 709]
Event: 104.221 Thread 0x000000001e4ae800 Exception <a 'sun/nio/fs/WindowsException'> (0x00000000e09fbc50) thrown at [D:\src\AOSP-openjdk-cygwin\jdk8u\hotspot\src\share\vm\prims\jni.cpp, line 709]
Event: 104.706 Thread 0x0000000018c3e000 Implicit null exception at 0x00000000036fadc8 to 0x00000000036fde81

Events (10 events):
Event: 104.706 Thread 0x0000000018c3e000 DEOPT PACKING pc=0x00000000036fdec4 sp=0x0000000025d6c7a0
Event: 104.706 Thread 0x0000000018c3e000 DEOPT UNPACKING pc=0x0000000002f5557b sp=0x0000000025d6c7b0 mode 2
Event: 104.747 loading class org/gradle/internal/component/model/DependencyMetadataRules
Event: 104.747 loading class org/gradle/internal/component/model/DependencyMetadataRules done
Event: 104.750 Thread 0x0000000018c3e000 DEOPT PACKING pc=0x00000000044b04c0 sp=0x0000000025d6c320
Event: 104.750 Thread 0x0000000018c3e000 DEOPT UNPACKING pc=0x0000000002f575d0 sp=0x0000000025d6c218 mode 0
Event: 104.778 Thread 0x0000000018c3e000 DEOPT PACKING pc=0x00000000044b04c0 sp=0x0000000025d6cb90
Event: 104.778 Thread 0x0000000018c3e000 DEOPT UNPACKING pc=0x0000000002f575d0 sp=0x0000000025d6ca88 mode 0
Event: 104.805 Executing VM operation: RevokeBias
Event: 104.805 Executing VM operation: RevokeBias done


Dynamic libraries:
0x00007ff6ad890000 - 0x00007ff6ad8c1000 	C:\Program Files (x86)\Android\Android Studio\jre\bin\java.exe
0x00007ffbf7710000 - 0x00007ffbf78f1000 	C:\WINDOWS\SYSTEM32\ntdll.dll
0x00007ffba73d0000 - 0x00007ffba73e2000 	C:\Program Files\AVAST Software\Avast\aswhook.dll
0x00007ffbf7620000 - 0x00007ffbf76d2000 	C:\WINDOWS\System32\KERNEL32.DLL
0x00007ffbf4850000 - 0x00007ffbf4ac3000 	C:\WINDOWS\System32\KERNELBASE.dll
0x00007ffbf6370000 - 0x00007ffbf6411000 	C:\WINDOWS\System32\ADVAPI32.dll
0x00007ffbf6670000 - 0x00007ffbf670e000 	C:\WINDOWS\System32\msvcrt.dll
0x00007ffbf7540000 - 0x00007ffbf759b000 	C:\WINDOWS\System32\sechost.dll
0x00007ffbf6230000 - 0x00007ffbf6354000 	C:\WINDOWS\System32\RPCRT4.dll
0x00007ffbf6830000 - 0x00007ffbf69c0000 	C:\WINDOWS\System32\USER32.dll
0x00007ffbf3ae0000 - 0x00007ffbf3b00000 	C:\WINDOWS\System32\win32u.dll
0x00007ffbf4c00000 - 0x00007ffbf4c28000 	C:\WINDOWS\System32\GDI32.dll
0x00007ffbf4600000 - 0x00007ffbf4792000 	C:\WINDOWS\System32\gdi32full.dll
0x00007ffbf4210000 - 0x00007ffbf42af000 	C:\WINDOWS\System32\msvcp_win.dll
0x00007ffbf4500000 - 0x00007ffbf45fa000 	C:\WINDOWS\System32\ucrtbase.dll
0x00007ffbe41c0000 - 0x00007ffbe4429000 	C:\WINDOWS\WinSxS\amd64_microsoft.windows.common-controls_6595b64144ccf1df_6.0.17134.523_none_fb409dd930672a56\COMCTL32.dll
0x00007ffbf6b20000 - 0x00007ffbf6e42000 	C:\WINDOWS\System32\combase.dll
0x00007ffbf4ad0000 - 0x00007ffbf4b4a000 	C:\WINDOWS\System32\bcryptPrimitives.dll
0x00007ffbf64c0000 - 0x00007ffbf64ed000 	C:\WINDOWS\System32\IMM32.DLL
0x000000005c130000 - 0x000000005c202000 	C:\Program Files (x86)\Android\Android Studio\jre\jre\bin\msvcr100.dll
0x000000005c2f0000 - 0x000000005cb2f000 	C:\Program Files (x86)\Android\Android Studio\jre\jre\bin\server\jvm.dll
0x00007ffbf61c0000 - 0x00007ffbf61c8000 	C:\WINDOWS\System32\PSAPI.DLL
0x00007ffbcf4e0000 - 0x00007ffbcf4e9000 	C:\WINDOWS\SYSTEM32\WSOCK32.dll
0x00007ffbf6710000 - 0x00007ffbf677c000 	C:\WINDOWS\System32\WS2_32.dll
0x00007ffbecfb0000 - 0x00007ffbecfd3000 	C:\WINDOWS\SYSTEM32\WINMM.dll
0x00007ffbe72b0000 - 0x00007ffbe72ba000 	C:\WINDOWS\SYSTEM32\VERSION.dll
0x00007ffbecf80000 - 0x00007ffbecfaa000 	C:\WINDOWS\SYSTEM32\WINMMBASE.dll
0x00007ffbf4b50000 - 0x00007ffbf4b99000 	C:\WINDOWS\System32\cfgmgr32.dll
0x00007ffbb5ac0000 - 0x00007ffbb5acf000 	C:\Program Files (x86)\Android\Android Studio\jre\jre\bin\verify.dll
0x00007ffba79c0000 - 0x00007ffba79e9000 	C:\Program Files (x86)\Android\Android Studio\jre\jre\bin\java.dll
0x00007ffba79a0000 - 0x00007ffba79b6000 	C:\Program Files (x86)\Android\Android Studio\jre\jre\bin\zip.dll
0x00007ffbf4cb0000 - 0x00007ffbf60f0000 	C:\WINDOWS\System32\SHELL32.dll
0x00007ffbf6780000 - 0x00007ffbf6829000 	C:\WINDOWS\System32\shcore.dll
0x00007ffbf3b00000 - 0x00007ffbf420d000 	C:\WINDOWS\System32\windows.storage.dll
0x00007ffbf4ba0000 - 0x00007ffbf4bf1000 	C:\WINDOWS\System32\shlwapi.dll
0x00007ffbf3a50000 - 0x00007ffbf3a61000 	C:\WINDOWS\System32\kernel.appcore.dll
0x00007ffbf3a30000 - 0x00007ffbf3a4f000 	C:\WINDOWS\System32\profapi.dll
0x00007ffbf3a90000 - 0x00007ffbf3adc000 	C:\WINDOWS\System32\powrprof.dll
0x00007ffbf3a20000 - 0x00007ffbf3a2a000 	C:\WINDOWS\System32\FLTLIB.DLL
0x00007ffbb19f0000 - 0x00007ffbb1a0a000 	C:\Program Files (x86)\Android\Android Studio\jre\jre\bin\net.dll
0x00007ffbf3240000 - 0x00007ffbf32a6000 	C:\WINDOWS\system32\mswsock.dll
0x00007ffba74b0000 - 0x00007ffba74c1000 	C:\Program Files (x86)\Android\Android Studio\jre\jre\bin\nio.dll
0x00007ffbf02c0000 - 0x00007ffbf02de000 	C:\Users\HP\.gradle\native\25\windows-amd64\native-platform.dll
0x00007ffbb19a0000 - 0x00007ffbb19ad000 	C:\Program Files (x86)\Android\Android Studio\jre\jre\bin\management.dll
0x00007ffbf33f0000 - 0x00007ffbf3407000 	C:\WINDOWS\SYSTEM32\CRYPTSP.dll
0x00007ffbf2e20000 - 0x00007ffbf2e53000 	C:\WINDOWS\system32\rsaenh.dll
0x00007ffbf3580000 - 0x00007ffbf35a5000 	C:\WINDOWS\SYSTEM32\bcrypt.dll
0x00007ffbf3950000 - 0x00007ffbf3978000 	C:\WINDOWS\SYSTEM32\USERENV.dll
0x00007ffbf3410000 - 0x00007ffbf341b000 	C:\WINDOWS\SYSTEM32\CRYPTBASE.dll
0x00007ffbf2fc0000 - 0x00007ffbf2ff8000 	C:\WINDOWS\SYSTEM32\IPHLPAPI.DLL
0x00007ffbf6e50000 - 0x00007ffbf6e58000 	C:\WINDOWS\System32\NSI.dll
0x00007ffbe9940000 - 0x00007ffbe9956000 	C:\WINDOWS\SYSTEM32\dhcpcsvc6.DLL
0x00007ffbe9b30000 - 0x00007ffbe9b4a000 	C:\WINDOWS\SYSTEM32\dhcpcsvc.DLL

VM Arguments:
jvm_args: -Xmx1536m -Dfile.encoding=windows-1252 -Duser.country=US -Duser.language=en -Duser.variant 
java_command: org.gradle.launcher.daemon.bootstrap.GradleDaemon 4.4
java_class_path (initial): C:\Users\HP\.gradle\wrapper\dists\gradle-4.4-all\9br9xq1tocpiv8o6njlyu5op1\gradle-4.4\lib\gradle-launcher-4.4.jar
Launcher Type: SUN_STANDARD

Environment Variables:
PATH=C:\Program Files (x86)\Common Files\Oracle\Java\javapath;C:\Program Files (x86)\Common Files\ArcSoft\Bin;C:\Program Files (x86)\Intel\iCLS Client\;C:\Program Files\Intel\iCLS Client\;C:\WINDOWS\system32;C:\WINDOWS;C:\WINDOWS\System32\Wbem;C:\WINDOWS\System32\WindowsPowerShell\v1.0\;C:\Program Files (x86)\Intel\Intel(R) Management Engine Components\DAL;C:\Program Files\Intel\Intel(R) Management Engine Components\DAL;C:\Program Files (x86)\Intel\Intel(R) Management Engine Components\IPT;C:\Program Files\Intel\Intel(R) Management Engine Components\IPT;c:\Program Files\Intel\WiFi\bin\;c:\Program Files\Common Files\Intel\WirelessCommon\;C:\Program Files (x86)\GtkSharp\2.12\bin;C:\WINDOWS\System32\OpenSSH\;C:\Users\HP\AppData\Local\Android\Sdk;C:\Program Files (x86)\Java\jdk1.6.0_18\bin;%USERPROFILE%\AppData\Local\Microsoft\WindowsApps;
USERNAME=HP
OS=Windows_NT
PROCESSOR_IDENTIFIER=Intel64 Family 6 Model 61 Stepping 4, GenuineIntel



---------------  S Y S T E M  ---------------

OS: Windows 10.0 , 64 bit Build 17134 (10.0.17134.1)

CPU:total 4 (initial active 4) (2 cores per cpu, 2 threads per core) family 6 model 61 stepping 4, cmov, cx8, fxsr, mmx, sse, sse2, sse3, ssse3, sse4.1, sse4.2, popcnt, avx, avx2, aes, clmul, erms, 3dnowpref, lzcnt, ht, tsc, tscinvbit, bmi1, bmi2, adx

Memory: 4k page, physical 4082796k(352864k free), swap 4082796k(5324k free)

vm_info: OpenJDK 64-Bit Server VM (25.152-b02) for windows-amd64 JRE (1.8.0_152-release-1024-b02), built by "builder" with MS VC++ 10.0 (VS2010)

time: Tue Jan 22 03:38:07 2019
elapsed time: 105 seconds (0d 0h 1m 45s)

