#
# There is insufficient memory for the Java Runtime Environment to continue.
# Native memory allocation (malloc) failed to allocate 1230448 bytes for Chunk::new
# Possible reasons:
#   The system is out of physical RAM or swap space
#   In 32 bit mode, the process size limit was hit
# Possible solutions:
#   Reduce memory load on the system
#   Increase physical memory or swap space
#   Check if swap backing store is full
#   Use 64 bit Java on a 64 bit OS
#   Decrease Java heap size (-Xmx/-Xms)
#   Decrease number of Java threads
#   Decrease Java thread stack sizes (-Xss)
#   Set larger code cache with -XX:ReservedCodeCacheSize=
# This output file may be truncated or incomplete.
#
#  Out of Memory Error (allocation.cpp:390), pid=10732, tid=0x0000000000002850
#
# JRE version: OpenJDK Runtime Environment (8.0_152-b02) (build 1.8.0_152-release-1024-b02)
# Java VM: OpenJDK 64-Bit Server VM (25.152-b02 mixed mode windows-amd64 compressed oops)
# Failed to write core dump. Minidumps are not enabled by default on client versions of Windows
#

---------------  T H R E A D  ---------------

Current thread (0x0000000016131800):  JavaThread "C2 CompilerThread1" daemon [_thread_in_native, id=10320, stack(0x0000000017880000,0x0000000017980000)]

Stack: [0x0000000017880000,0x0000000017980000]
[error occurred during error reporting (printing stack bounds), id 0xc0000005]

Native frames: (J=compiled Java code, j=interpreted, Vv=VM code, C=native code)


Current CompileTask:
C2:  20619 5524       4       sun.reflect.generics.parser.SignatureParser::parseTypeSignature (130 bytes)


---------------  P R O C E S S  ---------------

Java Threads: ( => current thread )
  0x000000001c3d3800 JavaThread "Memory manager" [_thread_blocked, id=13308, stack(0x00000000215e0000,0x00000000216e0000)]
  0x000000001c3cd800 JavaThread "build operations Thread 4" [_thread_blocked, id=5504, stack(0x0000000020ee0000,0x0000000020fe0000)]
  0x000000001c3cd000 JavaThread "build operations Thread 3" [_thread_blocked, id=7740, stack(0x0000000020b90000,0x0000000020c90000)]
  0x000000001c3d2000 JavaThread "build operations Thread 2" [_thread_blocked, id=1084, stack(0x0000000020a90000,0x0000000020b90000)]
  0x000000001c3d0000 JavaThread "build operations" [_thread_blocked, id=7872, stack(0x0000000020990000,0x0000000020a90000)]
  0x0000000018cd9800 JavaThread "Cache worker for Artifact transforms cache (C:\Users\HP\.gradle\caches\transforms-1)" [_thread_blocked, id=6560, stack(0x0000000020390000,0x0000000020490000)]
  0x0000000018cdb000 JavaThread "Cache worker for file hash cache (H:\AndroidStudioProjects\LogInPage\.gradle\4.4\fileHashes)" [_thread_blocked, id=8260, stack(0x000000001bca0000,0x000000001bda0000)]
  0x0000000018cde800 JavaThread "File lock request listener" [_thread_in_native, id=12340, stack(0x000000001abd0000,0x000000001acd0000)]
  0x0000000018cd8000 JavaThread "Cache worker for file hash cache (C:\Users\HP\.gradle\caches\4.4\fileHashes)" [_thread_blocked, id=12624, stack(0x000000001aad0000,0x000000001abd0000)]
  0x0000000018cdd800 JavaThread "Stdin handler" [_thread_blocked, id=9892, stack(0x000000001a7d0000,0x000000001a8d0000)]
  0x0000000018cdc000 JavaThread "Asynchronous log dispatcher for DefaultDaemonConnection: socket connection from /127.0.0.1:2946 to /127.0.0.1:2947" [_thread_blocked, id=5752, stack(0x000000001a6d0000,0x000000001a7d0000)]
  0x0000000018cdd000 JavaThread "Daemon worker" [_thread_in_native, id=13272, stack(0x000000001a5d0000,0x000000001a6d0000)]
  0x0000000018cd5000 JavaThread "Cancel handler" [_thread_blocked, id=6556, stack(0x000000001a4d0000,0x000000001a5d0000)]
  0x0000000018de9000 JavaThread "Handler for socket connection from /127.0.0.1:2946 to /127.0.0.1:2947" [_thread_in_native, id=5112, stack(0x000000001a1d0000,0x000000001a2d0000)]
  0x0000000018de6000 JavaThread "Daemon" [_thread_blocked, id=1220, stack(0x000000001a0d0000,0x000000001a1d0000)]
  0x0000000018d90800 JavaThread "Daemon periodic checks" [_thread_blocked, id=1256, stack(0x0000000019fd0000,0x000000001a0d0000)]
  0x0000000018d7b000 JavaThread "Incoming local TCP Connector on port 2946" [_thread_in_native, id=12676, stack(0x0000000019d90000,0x0000000019e90000)]
  0x0000000017ab0800 JavaThread "Service Thread" daemon [_thread_blocked, id=6392, stack(0x0000000017e80000,0x0000000017f80000)]
  0x000000001613a000 JavaThread "C1 CompilerThread2" daemon [_thread_blocked, id=12508, stack(0x0000000017980000,0x0000000017a80000)]
=>0x0000000016131800 JavaThread "C2 CompilerThread1" daemon [_thread_in_native, id=10320, stack(0x0000000017880000,0x0000000017980000)]
  0x000000001612b800 JavaThread "C2 CompilerThread0" daemon [_thread_blocked, id=5144, stack(0x0000000017780000,0x0000000017880000)]
  0x000000001612a000 JavaThread "Attach Listener" daemon [_thread_blocked, id=8156, stack(0x0000000017680000,0x0000000017780000)]
  0x0000000016128800 JavaThread "Signal Dispatcher" daemon [_thread_blocked, id=1776, stack(0x0000000017580000,0x0000000017680000)]
  0x00000000027bc800 JavaThread "Finalizer" daemon [_thread_blocked, id=12588, stack(0x0000000017390000,0x0000000017490000)]
  0x00000000027b1800 JavaThread "Reference Handler" daemon [_thread_blocked, id=12256, stack(0x0000000017290000,0x0000000017390000)]
  0x00000000026bd800 JavaThread "main" [_thread_blocked, id=11492, stack(0x00000000024f0000,0x00000000025f0000)]

Other Threads:
  0x00000000160f7000 VMThread [stack: 0x0000000017190000,0x0000000017290000] [id=8292]
  0x000000001616d000 WatcherThread [stack: 0x0000000017f80000,0x0000000018080000] [id=9440]

VM state:not at safepoint (normal execution)

VM Mutex/Monitor currently owned by a thread: None

Heap:
 PSYoungGen      total 128512K, used 76483K [0x00000000e0000000, 0x00000000e8900000, 0x0000000100000000)
  eden space 117760K, 55% used [0x00000000e0000000,0x00000000e4034df0,0x00000000e7300000)
  from space 10752K, 99% used [0x00000000e7400000,0x00000000e7e7c100,0x00000000e7e80000)
  to   space 9216K, 0% used [0x00000000e8000000,0x00000000e8000000,0x00000000e8900000)
 ParOldGen       total 54272K, used 25721K [0x00000000a0000000, 0x00000000a3500000, 0x00000000e0000000)
  object space 54272K, 47% used [0x00000000a0000000,0x00000000a191e5f8,0x00000000a3500000)
 Metaspace       used 53900K, capacity 55700K, committed 55896K, reserved 1097728K
  class space    used 7482K, capacity 7951K, committed 8024K, reserved 1048576K

Card table byte_map: [0x0000000011b80000,0x0000000011e90000] byte_map_base: 0x0000000011680000

Marking Bits: (ParMarkBitMap*) 0x0000000067674970
 Begin Bits: [0x0000000012490000, 0x0000000013c90000)
 End Bits:   [0x0000000013c90000, 0x0000000015490000)

Polling page: 0x00000000009d0000

CodeCache: size=245760Kb used=18757Kb max_used=18763Kb free=227002Kb
 bounds [0x00000000027c0000, 0x0000000003a30000, 0x00000000117c0000]
 total_blobs=5944 nmethods=5189 adapters=667
 compilation: enabled

Compilation events (10 events):
Event: 20.021 Thread 0x000000001613a000 5537   !   3       org.gradle.internal.serialize.kryo.KryoBackedDecoder::readBytes (23 bytes)
Event: 20.022 Thread 0x000000001613a000 nmethod 5537 0x00000000039ec310 code [0x00000000039ec4e0, 0x00000000039ecb28]
Event: 20.022 Thread 0x000000001613a000 5538       3       com.esotericsoftware.kryo.io.Input::readBytes (93 bytes)
Event: 20.023 Thread 0x000000001613a000 nmethod 5538 0x00000000039ece50 code [0x00000000039ed000, 0x00000000039ed5e8]
Event: 20.025 Thread 0x000000001613a000 5539       3       org.gradle.internal.component.external.model.DefaultMavenModuleResolveMetadata::getContentHash (5 bytes)
Event: 20.026 Thread 0x000000001613a000 nmethod 5539 0x00000000039ed7d0 code [0x00000000039ed920, 0x00000000039eda90]
Event: 20.029 Thread 0x000000001613a000 5540   !   3       org.gradle.internal.serialize.kryo.KryoBackedDecoder::readLong (15 bytes)
Event: 20.030 Thread 0x000000001613a000 nmethod 5540 0x00000000039edb10 code [0x00000000039edce0, 0x00000000039ee328]
Event: 20.030 Thread 0x000000001613a000 5541       3       org.gradle.internal.component.external.model.DefaultModuleComponentIdentifier::<init> (80 bytes)
Event: 20.030 Thread 0x000000001613a000 nmethod 5541 0x00000000039ee5d0 code [0x00000000039ee740, 0x00000000039ee970]

GC Heap History (10 events):
Event: 10.502 GC heap before
{Heap before GC invocations=11 (full 1):
 PSYoungGen      total 72704K, used 72166K [0x00000000e0000000, 0x00000000e6900000, 0x0000000100000000)
  eden space 65536K, 100% used [0x00000000e0000000,0x00000000e4000000,0x00000000e4000000)
  from space 7168K, 92% used [0x00000000e4000000,0x00000000e46798f0,0x00000000e4700000)
  to   space 8192K, 0% used [0x00000000e6100000,0x00000000e6100000,0x00000000e6900000)
 ParOldGen       total 32256K, used 7972K [0x00000000a0000000, 0x00000000a1f80000, 0x00000000e0000000)
  object space 32256K, 24% used [0x00000000a0000000,0x00000000a07c9300,0x00000000a1f80000)
 Metaspace       used 30270K, capacity 30960K, committed 31104K, reserved 1075200K
  class space    used 4264K, capacity 4449K, committed 4480K, reserved 1048576K
Event: 10.526 GC heap after
Heap after GC invocations=11 (full 1):
 PSYoungGen      total 97792K, used 8187K [0x00000000e0000000, 0x00000000e6b00000, 0x0000000100000000)
  eden space 89600K, 0% used [0x00000000e0000000,0x00000000e0000000,0x00000000e5780000)
  from space 8192K, 99% used [0x00000000e6100000,0x00000000e68fecf8,0x00000000e6900000)
  to   space 9728K, 0% used [0x00000000e5780000,0x00000000e5780000,0x00000000e6100000)
 ParOldGen       total 32256K, used 9787K [0x00000000a0000000, 0x00000000a1f80000, 0x00000000e0000000)
  object space 32256K, 30% used [0x00000000a0000000,0x00000000a098efa0,0x00000000a1f80000)
 Metaspace       used 30270K, capacity 30960K, committed 31104K, reserved 1075200K
  class space    used 4264K, capacity 4449K, committed 4480K, reserved 1048576K
}
Event: 12.307 GC heap before
{Heap before GC invocations=12 (full 1):
 PSYoungGen      total 97792K, used 44243K [0x00000000e0000000, 0x00000000e6b00000, 0x0000000100000000)
  eden space 89600K, 40% used [0x00000000e0000000,0x00000000e23360e8,0x00000000e5780000)
  from space 8192K, 99% used [0x00000000e6100000,0x00000000e68fecf8,0x00000000e6900000)
  to   space 9728K, 0% used [0x00000000e5780000,0x00000000e5780000,0x00000000e6100000)
 ParOldGen       total 32256K, used 9787K [0x00000000a0000000, 0x00000000a1f80000, 0x00000000e0000000)
  object space 32256K, 30% used [0x00000000a0000000,0x00000000a098efa0,0x00000000a1f80000)
 Metaspace       used 34382K, capacity 35268K, committed 35416K, reserved 1079296K
  class space    used 4817K, capacity 5123K, committed 5208K, reserved 1048576K
Event: 12.327 GC heap after
Heap after GC invocations=12 (full 1):
 PSYoungGen      total 99328K, used 4407K [0x00000000e0000000, 0x00000000e8900000, 0x0000000100000000)
  eden space 89600K, 0% used [0x00000000e0000000,0x00000000e0000000,0x00000000e5780000)
  from space 9728K, 45% used [0x00000000e5780000,0x00000000e5bcdf60,0x00000000e6100000)
  to   space 9216K, 0% used [0x00000000e8000000,0x00000000e8000000,0x00000000e8900000)
 ParOldGen       total 32256K, used 16297K [0x00000000a0000000, 0x00000000a1f80000, 0x00000000e0000000)
  object space 32256K, 50% used [0x00000000a0000000,0x00000000a0fea650,0x00000000a1f80000)
 Metaspace       used 34382K, capacity 35268K, committed 35416K, reserved 1079296K
  class space    used 4817K, capacity 5123K, committed 5208K, reserved 1048576K
}
Event: 12.327 GC heap before
{Heap before GC invocations=13 (full 2):
 PSYoungGen      total 99328K, used 4407K [0x00000000e0000000, 0x00000000e8900000, 0x0000000100000000)
  eden space 89600K, 0% used [0x00000000e0000000,0x00000000e0000000,0x00000000e5780000)
  from space 9728K, 45% used [0x00000000e5780000,0x00000000e5bcdf60,0x00000000e6100000)
  to   space 9216K, 0% used [0x00000000e8000000,0x00000000e8000000,0x00000000e8900000)
 ParOldGen       total 32256K, used 16297K [0x00000000a0000000, 0x00000000a1f80000, 0x00000000e0000000)
  object space 32256K, 50% used [0x00000000a0000000,0x00000000a0fea650,0x00000000a1f80000)
 Metaspace       used 34382K, capacity 35268K, committed 35416K, reserved 1079296K
  class space    used 4817K, capacity 5123K, committed 5208K, reserved 1048576K
Event: 12.423 GC heap after
Heap after GC invocations=13 (full 2):
 PSYoungGen      total 99328K, used 0K [0x00000000e0000000, 0x00000000e8900000, 0x0000000100000000)
  eden space 89600K, 0% used [0x00000000e0000000,0x00000000e0000000,0x00000000e5780000)
  from space 9728K, 0% used [0x00000000e5780000,0x00000000e5780000,0x00000000e6100000)
  to   space 9216K, 0% used [0x00000000e8000000,0x00000000e8000000,0x00000000e8900000)
 ParOldGen       total 54272K, used 17510K [0x00000000a0000000, 0x00000000a3500000, 0x00000000e0000000)
  object space 54272K, 32% used [0x00000000a0000000,0x00000000a11199c8,0x00000000a3500000)
 Metaspace       used 34382K, capacity 35268K, committed 35416K, reserved 1079296K
  class space    used 4817K, capacity 5123K, committed 5208K, reserved 1048576K
}
Event: 14.308 GC heap before
{Heap before GC invocations=14 (full 2):
 PSYoungGen      total 99328K, used 89600K [0x00000000e0000000, 0x00000000e8900000, 0x0000000100000000)
  eden space 89600K, 100% used [0x00000000e0000000,0x00000000e5780000,0x00000000e5780000)
  from space 9728K, 0% used [0x00000000e5780000,0x00000000e5780000,0x00000000e6100000)
  to   space 9216K, 0% used [0x00000000e8000000,0x00000000e8000000,0x00000000e8900000)
 ParOldGen       total 54272K, used 17510K [0x00000000a0000000, 0x00000000a3500000, 0x00000000e0000000)
  object space 54272K, 32% used [0x00000000a0000000,0x00000000a11199c8,0x00000000a3500000)
 Metaspace       used 40642K, capacity 41594K, committed 41816K, reserved 1085440K
  class space    used 5554K, capacity 5880K, committed 5976K, reserved 1048576K
Event: 14.325 GC heap after
Heap after GC invocations=14 (full 2):
 PSYoungGen      total 126976K, used 9196K [0x00000000e0000000, 0x00000000e8900000, 0x0000000100000000)
  eden space 117760K, 0% used [0x00000000e0000000,0x00000000e0000000,0x00000000e7300000)
  from space 9216K, 99% used [0x00000000e8000000,0x00000000e88fb338,0x00000000e8900000)
  to   space 10752K, 0% used [0x00000000e7400000,0x00000000e7400000,0x00000000e7e80000)
 ParOldGen       total 54272K, used 18155K [0x00000000a0000000, 0x00000000a3500000, 0x00000000e0000000)
  object space 54272K, 33% used [0x00000000a0000000,0x00000000a11bad88,0x00000000a3500000)
 Metaspace       used 40642K, capacity 41594K, committed 41816K, reserved 1085440K
  class space    used 5554K, capacity 5880K, committed 5976K, reserved 1048576K
}
Event: 18.076 GC heap before
{Heap before GC invocations=15 (full 2):
 PSYoungGen      total 126976K, used 126956K [0x00000000e0000000, 0x00000000e8900000, 0x0000000100000000)
  eden space 117760K, 100% used [0x00000000e0000000,0x00000000e7300000,0x00000000e7300000)
  from space 9216K, 99% used [0x00000000e8000000,0x00000000e88fb338,0x00000000e8900000)
  to   space 10752K, 0% used [0x00000000e7400000,0x00000000e7400000,0x00000000e7e80000)
 ParOldGen       total 54272K, used 18155K [0x00000000a0000000, 0x00000000a3500000, 0x00000000e0000000)
  object space 54272K, 33% used [0x00000000a0000000,0x00000000a11bad88,0x00000000a3500000)
 Metaspace       used 50838K, capacity 52498K, committed 52824K, reserved 1095680K
  class space    used 6977K, capacity 7433K, committed 7512K, reserved 1048576K
Event: 18.141 GC heap after
Heap after GC invocations=15 (full 2):
 PSYoungGen      total 128512K, used 10736K [0x00000000e0000000, 0x00000000e8900000, 0x0000000100000000)
  eden space 117760K, 0% used [0x00000000e0000000,0x00000000e0000000,0x00000000e7300000)
  from space 10752K, 99% used [0x00000000e7400000,0x00000000e7e7c100,0x00000000e7e80000)
  to   space 9216K, 0% used [0x00000000e8000000,0x00000000e8000000,0x00000000e8900000)
 ParOldGen       total 54272K, used 25721K [0x00000000a0000000, 0x00000000a3500000, 0x00000000e0000000)
  object space 54272K, 47% used [0x00000000a0000000,0x00000000a191e5f8,0x00000000a3500000)
 Metaspace       used 50838K, capacity 52498K, committed 52824K, reserved 1095680K
  class space    used 6977K, capacity 7433K, committed 7512K, reserved 1048576K
}

Deoptimization events (10 events):
Event: 19.452 Thread 0x0000000018cdd000 Uncommon trap: reason=class_check action=maybe_recompile pc=0x000000000360dabc method=java.util.regex.Matcher.search(I)Z @ 86
Event: 19.457 Thread 0x0000000018cdd000 Uncommon trap: reason=class_check action=maybe_recompile pc=0x000000000360dabc method=java.util.regex.Matcher.search(I)Z @ 86
Event: 19.459 Thread 0x0000000018cdd000 Uncommon trap: reason=class_check action=maybe_recompile pc=0x000000000360dabc method=java.util.regex.Matcher.search(I)Z @ 86
Event: 19.553 Thread 0x0000000018cdd000 Uncommon trap: reason=unstable_if action=reinterpret pc=0x0000000003707148 method=java.lang.AbstractStringBuilder.append(I)Ljava/lang/AbstractStringBuilder; @ 16
Event: 19.553 Thread 0x0000000018cdd000 Uncommon trap: reason=unstable_if action=reinterpret pc=0x0000000003102c84 method=java.lang.Integer.getChars(II[C)V @ 7
Event: 19.566 Thread 0x0000000018cdd000 Uncommon trap: reason=unstable_if action=reinterpret pc=0x00000000038ff00c method=java.lang.AbstractStringBuilder.append(I)Ljava/lang/AbstractStringBuilder; @ 16
Event: 19.568 Thread 0x0000000018cdd000 Uncommon trap: reason=class_check action=maybe_recompile pc=0x0000000003201f80 method=java.lang.Throwable.<init>(Ljava/lang/String;Ljava/lang/Throwable;)V @ 24
Event: 19.568 Thread 0x0000000018cdd000 Uncommon trap: reason=class_check action=maybe_recompile pc=0x0000000003201f80 method=java.lang.Throwable.<init>(Ljava/lang/String;Ljava/lang/Throwable;)V @ 24
Event: 19.568 Thread 0x0000000018cdd000 Uncommon trap: reason=class_check action=maybe_recompile pc=0x0000000003201f80 method=java.lang.Throwable.<init>(Ljava/lang/String;Ljava/lang/Throwable;)V @ 24
Event: 19.569 Thread 0x0000000018cdd000 Uncommon trap: reason=class_check action=maybe_recompile pc=0x0000000003201f80 method=java.lang.Throwable.<init>(Ljava/lang/String;Ljava/lang/Throwable;)V @ 24

Classes redefined (0 events):
No events

Internal exceptions (10 events):
Event: 19.058 Thread 0x0000000018cdd000 Exception <a 'java/lang/ClassNotFoundException': org/jetbrains/plugins/gradle/model/scala/ScalaModelBeanInfo> (0x00000000e253e620) thrown at [D:\src\AOSP-openjdk-cygwin\jdk8u\hotspot\src\share\vm\classfile\systemDictionary.cpp, line 210]
Event: 19.058 Thread 0x0000000018cdd000 Exception <a 'java/lang/ClassNotFoundException': org/jetbrains/plugins/gradle/model/scala/ScalaModelCustomizer> (0x00000000e254d2c0) thrown at [D:\src\AOSP-openjdk-cygwin\jdk8u\hotspot\src\share\vm\classfile\systemDictionary.cpp, line 210]
Event: 19.060 Thread 0x0000000018cdd000 Exception <a 'java/lang/ClassNotFoundException': org/jetbrains/plugins/gradle/model/ExternalProjectBeanInfo> (0x00000000e2577680) thrown at [D:\src\AOSP-openjdk-cygwin\jdk8u\hotspot\src\share\vm\classfile\systemDictionary.cpp, line 210]
Event: 19.061 Thread 0x0000000018cdd000 Exception <a 'java/lang/ClassNotFoundException': org/jetbrains/plugins/gradle/model/ExternalProjectCustomizer> (0x00000000e2585ff0) thrown at [D:\src\AOSP-openjdk-cygwin\jdk8u\hotspot\src\share\vm\classfile\systemDictionary.cpp, line 210]
Event: 19.063 Thread 0x0000000018cdd000 Exception <a 'java/lang/ClassNotFoundException': org/jetbrains/plugins/gradle/model/ExternalProjectPreviewBeanInfo> (0x00000000e25c3918) thrown at [D:\src\AOSP-openjdk-cygwin\jdk8u\hotspot\src\share\vm\classfile\systemDictionary.cpp, line 210]
Event: 19.063 Thread 0x0000000018cdd000 Exception <a 'java/lang/ClassNotFoundException': org/jetbrains/plugins/gradle/model/ExternalProjectPreviewCustomizer> (0x00000000e25d3438) thrown at [D:\src\AOSP-openjdk-cygwin\jdk8u\hotspot\src\share\vm\classfile\systemDictionary.cpp, line 210]
Event: 19.068 Thread 0x0000000018cdd000 Exception <a 'java/lang/ClassNotFoundException': org/jetbrains/plugins/gradle/model/IntelliJProjectSettingsBeanInfo> (0x00000000e2603e70) thrown at [D:\src\AOSP-openjdk-cygwin\jdk8u\hotspot\src\share\vm\classfile\systemDictionary.cpp, line 210]
Event: 19.069 Thread 0x0000000018cdd000 Exception <a 'java/lang/ClassNotFoundException': org/jetbrains/plugins/gradle/model/IntelliJProjectSettingsCustomizer> (0x00000000e2613980) thrown at [D:\src\AOSP-openjdk-cygwin\jdk8u\hotspot\src\share\vm\classfile\systemDictionary.cpp, line 210]
Event: 19.634 Thread 0x0000000018cdd000 Exception <a 'java/lang/ClassNotFoundException': org/jetbrains/plugins/gradle/tooling/util/SourceSetCachedFinderBeanInfo> (0x00000000e3be6c40) thrown at [D:\src\AOSP-openjdk-cygwin\jdk8u\hotspot\src\share\vm\classfile\systemDictionary.cpp, line 210]
Event: 19.635 Thread 0x0000000018cdd000 Exception <a 'java/lang/ClassNotFoundException': org/jetbrains/plugins/gradle/tooling/util/SourceSetCachedFinderCustomizer> (0x00000000e3bf70f8) thrown at [D:\src\AOSP-openjdk-cygwin\jdk8u\hotspot\src\share\vm\classfile\systemDictionary.cpp, line 210]

Events (10 events):
Event: 19.758 loading class org/gradle/api/internal/artifacts/ivyservice/modulecache/DefaultModuleArtifactsCache$ModuleArtifactsCacheEntry
Event: 19.758 loading class org/gradle/api/internal/artifacts/ivyservice/modulecache/DefaultModuleArtifactsCache$ModuleArtifactsCacheEntry done
Event: 19.759 loading class org/gradle/api/internal/artifacts/ivyservice/modulecache/DefaultModuleArtifactsCache$DefaultCachedArtifacts
Event: 19.759 loading class org/gradle/api/internal/artifacts/ivyservice/modulecache/DefaultModuleArtifactsCache$DefaultCachedArtifacts done
Event: 19.918 loading class org/gradle/api/internal/artifacts/result/DefaultResolvedArtifactResult
Event: 19.919 loading class org/gradle/api/internal/artifacts/result/DefaultResolvedArtifactResult done
Event: 19.925 loading class org/gradle/api/artifacts/result/ResolvedVariantResult
Event: 19.925 loading class org/gradle/api/artifacts/result/ResolvedVariantResult done
Event: 19.926 loading class org/gradle/api/internal/artifacts/result/DefaultResolvedVariantResult
Event: 19.926 loading class org/gradle/api/internal/artifacts/result/DefaultResolvedVariantResult done


Dynamic libraries:
0x00007ff74aba0000 - 0x00007ff74abd1000 	C:\Program Files (x86)\Android\Android Studio\jre\bin\java.exe
0x00007fff893f0000 - 0x00007fff895d1000 	C:\WINDOWS\SYSTEM32\ntdll.dll
0x00007fff62e30000 - 0x00007fff62e44000 	C:\Program Files\AVAST Software\Avast\x64\aswhooka.dll
0x00007fff872c0000 - 0x00007fff87372000 	C:\WINDOWS\System32\KERNEL32.DLL
0x00007fff85870000 - 0x00007fff85ae3000 	C:\WINDOWS\System32\KERNELBASE.dll
0x00007fff86950000 - 0x00007fff869f1000 	C:\WINDOWS\System32\ADVAPI32.dll
0x00007fff86a00000 - 0x00007fff86a9e000 	C:\WINDOWS\System32\msvcrt.dll
0x00007fff86c70000 - 0x00007fff86ccb000 	C:\WINDOWS\System32\sechost.dll
0x00007fff89290000 - 0x00007fff893b4000 	C:\WINDOWS\System32\RPCRT4.dll
0x00007fff88820000 - 0x00007fff889b0000 	C:\WINDOWS\System32\USER32.dll
0x00007fff86860000 - 0x00007fff86880000 	C:\WINDOWS\System32\win32u.dll
0x00007fff891c0000 - 0x00007fff891e8000 	C:\WINDOWS\System32\GDI32.dll
0x00007fff85eb0000 - 0x00007fff86042000 	C:\WINDOWS\System32\gdi32full.dll
0x00007fff867c0000 - 0x00007fff8685f000 	C:\WINDOWS\System32\msvcp_win.dll
0x00007fff85db0000 - 0x00007fff85eaa000 	C:\WINDOWS\System32\ucrtbase.dll
0x00007fff717a0000 - 0x00007fff71a09000 	C:\WINDOWS\WinSxS\amd64_microsoft.windows.common-controls_6595b64144ccf1df_6.0.17134.407_none_fb449d63306391e9\COMCTL32.dll
0x00007fff88b40000 - 0x00007fff88e62000 	C:\WINDOWS\System32\combase.dll
0x00007fff85d30000 - 0x00007fff85daa000 	C:\WINDOWS\System32\bcryptPrimitives.dll
0x00007fff88b10000 - 0x00007fff88b3d000 	C:\WINDOWS\System32\IMM32.DLL
0x0000000066cf0000 - 0x0000000066dc2000 	C:\Program Files (x86)\Android\Android Studio\jre\jre\bin\msvcr100.dll
0x0000000066eb0000 - 0x00000000676ef000 	C:\Program Files (x86)\Android\Android Studio\jre\jre\bin\server\jvm.dll
0x00007fff86c60000 - 0x00007fff86c68000 	C:\WINDOWS\System32\PSAPI.DLL
0x00007fff735a0000 - 0x00007fff735a9000 	C:\WINDOWS\SYSTEM32\WSOCK32.dll
0x00007fff87250000 - 0x00007fff872bc000 	C:\WINDOWS\System32\WS2_32.dll
0x00007fff81fd0000 - 0x00007fff81ff3000 	C:\WINDOWS\SYSTEM32\WINMM.dll
0x00007fff78ea0000 - 0x00007fff78eaa000 	C:\WINDOWS\SYSTEM32\VERSION.dll
0x00007fff81fa0000 - 0x00007fff81fca000 	C:\WINDOWS\SYSTEM32\WINMMBASE.dll
0x00007fff85af0000 - 0x00007fff85b39000 	C:\WINDOWS\System32\cfgmgr32.dll
0x00007fff7b950000 - 0x00007fff7b95f000 	C:\Program Files (x86)\Android\Android Studio\jre\jre\bin\verify.dll
0x00007fff7b820000 - 0x00007fff7b849000 	C:\Program Files (x86)\Android\Android Studio\jre\jre\bin\java.dll
0x00007fff7b930000 - 0x00007fff7b946000 	C:\Program Files (x86)\Android\Android Studio\jre\jre\bin\zip.dll
0x00007fff87380000 - 0x00007fff887bf000 	C:\WINDOWS\System32\SHELL32.dll
0x00007fff86cd0000 - 0x00007fff86d79000 	C:\WINDOWS\System32\shcore.dll
0x00007fff86050000 - 0x00007fff8675d000 	C:\WINDOWS\System32\windows.storage.dll
0x00007fff890e0000 - 0x00007fff89131000 	C:\WINDOWS\System32\shlwapi.dll
0x00007fff857a0000 - 0x00007fff857b1000 	C:\WINDOWS\System32\kernel.appcore.dll
0x00007fff85760000 - 0x00007fff8577f000 	C:\WINDOWS\System32\profapi.dll
0x00007fff85700000 - 0x00007fff8574c000 	C:\WINDOWS\System32\powrprof.dll
0x00007fff85750000 - 0x00007fff8575a000 	C:\WINDOWS\System32\FLTLIB.DLL
0x00007fff7ac70000 - 0x00007fff7ac8a000 	C:\Program Files (x86)\Android\Android Studio\jre\jre\bin\net.dll
0x00007fff84f20000 - 0x00007fff84f86000 	C:\WINDOWS\system32\mswsock.dll
0x00007fff7a760000 - 0x00007fff7a771000 	C:\Program Files (x86)\Android\Android Studio\jre\jre\bin\nio.dll
0x00007fff81da0000 - 0x00007fff81dbe000 	C:\Users\HP\.gradle\native\25\windows-amd64\native-platform.dll
0x00007fff7b490000 - 0x00007fff7b49d000 	C:\Program Files (x86)\Android\Android Studio\jre\jre\bin\management.dll
0x00007fff850d0000 - 0x00007fff850e7000 	C:\WINDOWS\SYSTEM32\CRYPTSP.dll
0x00007fff84b00000 - 0x00007fff84b33000 	C:\WINDOWS\system32\rsaenh.dll
0x00007fff85200000 - 0x00007fff85225000 	C:\WINDOWS\SYSTEM32\bcrypt.dll
0x00007fff85630000 - 0x00007fff85658000 	C:\WINDOWS\SYSTEM32\USERENV.dll
0x00007fff850f0000 - 0x00007fff850fb000 	C:\WINDOWS\SYSTEM32\CRYPTBASE.dll
0x00007fff84ca0000 - 0x00007fff84cd8000 	C:\WINDOWS\SYSTEM32\IPHLPAPI.DLL
0x00007fff891a0000 - 0x00007fff891a8000 	C:\WINDOWS\System32\NSI.dll
0x00007fff7d3f0000 - 0x00007fff7d406000 	C:\WINDOWS\SYSTEM32\dhcpcsvc6.DLL
0x00007fff7ce50000 - 0x00007fff7ce6a000 	C:\WINDOWS\SYSTEM32\dhcpcsvc.DLL

VM Arguments:
jvm_args: -Xmx1536m -Dfile.encoding=windows-1252 -Duser.country=US -Duser.language=en -Duser.variant 
java_command: org.gradle.launcher.daemon.bootstrap.GradleDaemon 4.4
java_class_path (initial): C:\Users\HP\.gradle\wrapper\dists\gradle-4.4-all\9br9xq1tocpiv8o6njlyu5op1\gradle-4.4\lib\gradle-launcher-4.4.jar
Launcher Type: SUN_STANDARD

Environment Variables:
PATH=C:\Program Files (x86)\Common Files\Oracle\Java\javapath;C:\Program Files (x86)\Common Files\ArcSoft\Bin;C:\Program Files (x86)\Intel\iCLS Client\;C:\Program Files\Intel\iCLS Client\;C:\WINDOWS\system32;C:\WINDOWS;C:\WINDOWS\System32\Wbem;C:\WINDOWS\System32\WindowsPowerShell\v1.0\;C:\Program Files (x86)\Intel\Intel(R) Management Engine Components\DAL;C:\Program Files\Intel\Intel(R) Management Engine Components\DAL;C:\Program Files (x86)\Intel\Intel(R) Management Engine Components\IPT;C:\Program Files\Intel\Intel(R) Management Engine Components\IPT;c:\Program Files\Intel\WiFi\bin\;c:\Program Files\Common Files\Intel\WirelessCommon\;C:\Program Files (x86)\GtkSharp\2.12\bin;C:\WINDOWS\System32\OpenSSH\;C:\Users\HP\AppData\Local\Android\Sdk;C:\Program Files (x86)\Java\jdk1.6.0_18\bin;%USERPROFILE%\AppData\Local\Microsoft\WindowsApps;
USERNAME=HP
OS=Windows_NT
PROCESSOR_IDENTIFIER=Intel64 Family 6 Model 61 Stepping 4, GenuineIntel



---------------  S Y S T E M  ---------------

OS: Windows 10.0 , 64 bit Build 17134 (10.0.17134.1)

CPU:total 4 (initial active 4) (2 cores per cpu, 2 threads per core) family 6 model 61 stepping 4, cmov, cx8, fxsr, mmx, sse, sse2, sse3, ssse3, sse4.1, sse4.2, popcnt, avx, avx2, aes, clmul, erms, 3dnowpref, lzcnt, ht, tsc, tscinvbit, bmi1, bmi2, adx

Memory: 4k page, physical 4082796k(323852k free), swap 4082796k(10384k free)

vm_info: OpenJDK 64-Bit Server VM (25.152-b02) for windows-amd64 JRE (1.8.0_152-release-1024-b02), built by "builder" with MS VC++ 10.0 (VS2010)

time: Tue Dec 25 14:44:44 2018
elapsed time: 20 seconds (0d 0h 0m 20s)

