#
# There is insufficient memory for the Java Runtime Environment to continue.
# Native memory allocation (malloc) failed to allocate 32744 bytes for ChunkPool::allocate
# Possible reasons:
#   The system is out of physical RAM or swap space
#   In 32 bit mode, the process size limit was hit
# Possible solutions:
#   Reduce memory load on the system
#   Increase physical memory or swap space
#   Check if swap backing store is full
#   Use 64 bit Java on a 64 bit OS
#   Decrease Java heap size (-Xmx/-Xms)
#   Decrease number of Java threads
#   Decrease Java thread stack sizes (-Xss)
#   Set larger code cache with -XX:ReservedCodeCacheSize=
# This output file may be truncated or incomplete.
#
#  Out of Memory Error (allocation.cpp:273), pid=8472, tid=0x0000000000002824
#
# JRE version: OpenJDK Runtime Environment (8.0_152-b02) (build 1.8.0_152-release-1024-b02)
# Java VM: OpenJDK 64-Bit Server VM (25.152-b02 mixed mode windows-amd64 compressed oops)
# Failed to write core dump. Minidumps are not enabled by default on client versions of Windows
#

---------------  T H R E A D  ---------------

Current thread (0x000000001679c800):  JavaThread "C2 CompilerThread0" daemon [_thread_in_native, id=10276, stack(0x0000000017e00000,0x0000000017f00000)]

Stack: [0x0000000017e00000,0x0000000017f00000]
[error occurred during error reporting (printing stack bounds), id 0xc0000005]

Native frames: (J=compiled Java code, j=interpreted, Vv=VM code, C=native code)


Current CompileTask:
C2:  29602 7736   !   4       java.io.ObjectOutputStream::writeObject0 (619 bytes)


---------------  P R O C E S S  ---------------

Java Threads: ( => current thread )
  0x00000000197ff000 JavaThread "Memory manager" [_thread_blocked, id=1772, stack(0x0000000021f10000,0x0000000022010000)]
  0x00000000197fe800 JavaThread "build operations Thread 4" [_thread_blocked, id=8120, stack(0x0000000021810000,0x0000000021910000)]
  0x00000000197fd800 JavaThread "build operations Thread 3" [_thread_blocked, id=3284, stack(0x0000000021210000,0x0000000021310000)]
  0x00000000197f9000 JavaThread "build operations Thread 2" [_thread_blocked, id=12772, stack(0x0000000021110000,0x0000000021210000)]
  0x00000000197fd000 JavaThread "build operations" [_thread_blocked, id=9792, stack(0x0000000021010000,0x0000000021110000)]
  0x00000000197fc000 JavaThread "Cache worker for Artifact transforms cache (C:\Users\HP\.gradle\caches\transforms-1)" [_thread_blocked, id=7620, stack(0x000000001ede0000,0x000000001eee0000)]
  0x0000000019ece000 JavaThread "Cache worker for file hash cache (H:\AndroidStudioProjects\LogInPage\.gradle\4.4\fileHashes)" [_thread_blocked, id=5704, stack(0x000000001d2f0000,0x000000001d3f0000)]
  0x000000001976f000 JavaThread "File lock request listener" [_thread_in_native, id=7268, stack(0x000000001c220000,0x000000001c320000)]
  0x000000001977f800 JavaThread "Cache worker for file hash cache (C:\Users\HP\.gradle\caches\4.4\fileHashes)" [_thread_blocked, id=8328, stack(0x000000001c120000,0x000000001c220000)]
  0x0000000019682800 JavaThread "Stdin handler" [_thread_blocked, id=6508, stack(0x000000001ae50000,0x000000001af50000)]
  0x0000000019682000 JavaThread "Asynchronous log dispatcher for DefaultDaemonConnection: socket connection from /127.0.0.1:2960 to /127.0.0.1:2961" [_thread_blocked, id=12852, stack(0x000000001ad50000,0x000000001ae50000)]
  0x0000000019706800 JavaThread "Daemon worker" [_thread_in_native, id=1396, stack(0x000000001ac50000,0x000000001ad50000)]
  0x000000001971d800 JavaThread "Cancel handler" [_thread_blocked, id=7896, stack(0x000000001ab50000,0x000000001ac50000)]
  0x0000000019701800 JavaThread "Handler for socket connection from /127.0.0.1:2960 to /127.0.0.1:2961" [_thread_in_native, id=11524, stack(0x000000001a850000,0x000000001a950000)]
  0x00000000196f9800 JavaThread "Daemon" [_thread_blocked, id=10576, stack(0x000000001a750000,0x000000001a850000)]
  0x00000000196ae000 JavaThread "Daemon periodic checks" [_thread_blocked, id=10676, stack(0x000000001a650000,0x000000001a750000)]
  0x0000000019697000 JavaThread "Incoming local TCP Connector on port 2960" [_thread_in_native, id=3772, stack(0x000000001a410000,0x000000001a510000)]
  0x0000000018120800 JavaThread "Service Thread" daemon [_thread_blocked, id=7828, stack(0x0000000018500000,0x0000000018600000)]
  0x00000000167ab000 JavaThread "C1 CompilerThread2" daemon [_thread_blocked, id=8024, stack(0x0000000018000000,0x0000000018100000)]
  0x00000000167a2800 JavaThread "C2 CompilerThread1" daemon [_thread_in_native, id=7176, stack(0x0000000017f00000,0x0000000018000000)]
=>0x000000001679c800 JavaThread "C2 CompilerThread0" daemon [_thread_in_native, id=10276, stack(0x0000000017e00000,0x0000000017f00000)]
  0x000000001679b000 JavaThread "Attach Listener" daemon [_thread_blocked, id=13000, stack(0x0000000017d00000,0x0000000017e00000)]
  0x0000000016799800 JavaThread "Signal Dispatcher" daemon [_thread_blocked, id=13168, stack(0x0000000017c00000,0x0000000017d00000)]
  0x0000000002e2c800 JavaThread "Finalizer" daemon [_thread_blocked, id=12640, stack(0x0000000017a10000,0x0000000017b10000)]
  0x0000000002e21800 JavaThread "Reference Handler" daemon [_thread_blocked, id=10972, stack(0x0000000017910000,0x0000000017a10000)]
  0x0000000002bed800 JavaThread "main" [_thread_blocked, id=7960, stack(0x0000000002c30000,0x0000000002d30000)]

Other Threads:
  0x0000000016766800 VMThread [stack: 0x0000000017810000,0x0000000017910000] [id=8308]
  0x000000001812a000 WatcherThread [stack: 0x0000000018600000,0x0000000018700000] [id=10880]

VM state:not at safepoint (normal execution)

VM Mutex/Monitor currently owned by a thread: None

Heap:
 PSYoungGen      total 121344K, used 10459K [0x00000000e0000000, 0x00000000e8280000, 0x0000000100000000)
  eden space 112128K, 4% used [0x00000000e0000000,0x00000000e0563bf0,0x00000000e6d80000)
  from space 9216K, 53% used [0x00000000e7980000,0x00000000e7e53360,0x00000000e8280000)
  to   space 10752K, 0% used [0x00000000e6d80000,0x00000000e6d80000,0x00000000e7800000)
 ParOldGen       total 58368K, used 43540K [0x00000000a0000000, 0x00000000a3900000, 0x00000000e0000000)
  object space 58368K, 74% used [0x00000000a0000000,0x00000000a2a85110,0x00000000a3900000)
 Metaspace       used 60707K, capacity 62876K, committed 63104K, reserved 1103872K
  class space    used 8185K, capacity 8783K, committed 8832K, reserved 1048576K

Card table byte_map: [0x00000000121f0000,0x0000000012500000] byte_map_base: 0x0000000011cf0000

Marking Bits: (ParMarkBitMap*) 0x0000000067674970
 Begin Bits: [0x0000000012b00000, 0x0000000014300000)
 End Bits:   [0x0000000014300000, 0x0000000015b00000)

Polling page: 0x0000000001230000

CodeCache: size=245760Kb used=24654Kb max_used=24654Kb free=221105Kb
 bounds [0x0000000002e30000, 0x0000000004660000, 0x0000000011e30000]
 total_blobs=7995 nmethods=7210 adapters=698
 compilation: enabled

Compilation events (10 events):
Event: 29.234 Thread 0x00000000167ab000 7745   !   3       java.util.concurrent.CopyOnWriteArrayList::add (59 bytes)
Event: 29.234 Thread 0x00000000167ab000 nmethod 7745 0x0000000004650290 code [0x0000000004650460, 0x0000000004650f38]
Event: 29.235 Thread 0x00000000167ab000 7746       3       org.gradle.internal.concurrent.CompositeStoppable::toStoppable (37 bytes)
Event: 29.235 Thread 0x00000000167ab000 nmethod 7746 0x000000000464f890 code [0x000000000464fa20, 0x0000000004650130]
Event: 29.235 Thread 0x00000000167ab000 7747       3       java.util.concurrent.CopyOnWriteArrayList$COWIterator::next (32 bytes)
Event: 29.235 Thread 0x00000000167ab000 nmethod 7747 0x000000000464f210 code [0x000000000464f3a0, 0x000000000464f748]
Event: 29.235 Thread 0x00000000167ab000 7748   !   3       org.gradle.internal.service.DefaultServiceRegistry$ManagedObjectProvider::stop (81 bytes)
Event: 29.237 Thread 0x00000000167ab000 nmethod 7748 0x0000000004655f10 code [0x0000000004656160, 0x0000000004657068]
Event: 29.354 Thread 0x00000000167ab000 7749       3       java.io.FileInputStream::finalize (22 bytes)
Event: 29.355 Thread 0x00000000167ab000 nmethod 7749 0x000000000464edd0 code [0x000000000464ef40, 0x000000000464f168]

GC Heap History (10 events):
Event: 17.305 GC heap before
{Heap before GC invocations=15 (full 2):
 PSYoungGen      total 121344K, used 121329K [0x00000000e0000000, 0x00000000e8280000, 0x0000000100000000)
  eden space 112128K, 100% used [0x00000000e0000000,0x00000000e6d80000,0x00000000e6d80000)
  from space 9216K, 99% used [0x00000000e7980000,0x00000000e827c480,0x00000000e8280000)
  to   space 10752K, 0% used [0x00000000e6d80000,0x00000000e6d80000,0x00000000e7800000)
 ParOldGen       total 58368K, used 18951K [0x00000000a0000000, 0x00000000a3900000, 0x00000000e0000000)
  object space 58368K, 32% used [0x00000000a0000000,0x00000000a1281fd8,0x00000000a3900000)
 Metaspace       used 51877K, capacity 53340K, committed 53632K, reserved 1095680K
  class space    used 7005K, capacity 7436K, committed 7552K, reserved 1048576K
Event: 17.343 GC heap after
Heap after GC invocations=15 (full 2):
 PSYoungGen      total 122880K, used 10734K [0x00000000e0000000, 0x00000000e8280000, 0x0000000100000000)
  eden space 112128K, 0% used [0x00000000e0000000,0x00000000e0000000,0x00000000e6d80000)
  from space 10752K, 99% used [0x00000000e6d80000,0x00000000e77fb960,0x00000000e7800000)
  to   space 9216K, 0% used [0x00000000e7980000,0x00000000e7980000,0x00000000e8280000)
 ParOldGen       total 58368K, used 26465K [0x00000000a0000000, 0x00000000a3900000, 0x00000000e0000000)
  object space 58368K, 45% used [0x00000000a0000000,0x00000000a19d8628,0x00000000a3900000)
 Metaspace       used 51877K, capacity 53340K, committed 53632K, reserved 1095680K
  class space    used 7005K, capacity 7436K, committed 7552K, reserved 1048576K
}
Event: 19.849 GC heap before
{Heap before GC invocations=16 (full 2):
 PSYoungGen      total 122880K, used 122862K [0x00000000e0000000, 0x00000000e8280000, 0x0000000100000000)
  eden space 112128K, 100% used [0x00000000e0000000,0x00000000e6d80000,0x00000000e6d80000)
  from space 10752K, 99% used [0x00000000e6d80000,0x00000000e77fb960,0x00000000e7800000)
  to   space 9216K, 0% used [0x00000000e7980000,0x00000000e7980000,0x00000000e8280000)
 ParOldGen       total 58368K, used 26465K [0x00000000a0000000, 0x00000000a3900000, 0x00000000e0000000)
  object space 58368K, 45% used [0x00000000a0000000,0x00000000a19d8628,0x00000000a3900000)
 Metaspace       used 56782K, capacity 58600K, committed 58752K, reserved 1099776K
  class space    used 7812K, capacity 8286K, committed 8320K, reserved 1048576K
Event: 19.889 GC heap after
Heap after GC invocations=16 (full 2):
 PSYoungGen      total 121344K, used 9184K [0x00000000e0000000, 0x00000000e8280000, 0x0000000100000000)
  eden space 112128K, 0% used [0x00000000e0000000,0x00000000e0000000,0x00000000e6d80000)
  from space 9216K, 99% used [0x00000000e7980000,0x00000000e8278010,0x00000000e8280000)
  to   space 10752K, 0% used [0x00000000e6d80000,0x00000000e6d80000,0x00000000e7800000)
 ParOldGen       total 58368K, used 35672K [0x00000000a0000000, 0x00000000a3900000, 0x00000000e0000000)
  object space 58368K, 61% used [0x00000000a0000000,0x00000000a22d6038,0x00000000a3900000)
 Metaspace       used 56782K, capacity 58600K, committed 58752K, reserved 1099776K
  class space    used 7812K, capacity 8286K, committed 8320K, reserved 1048576K
}
Event: 20.495 GC heap before
{Heap before GC invocations=17 (full 2):
 PSYoungGen      total 121344K, used 65899K [0x00000000e0000000, 0x00000000e8280000, 0x0000000100000000)
  eden space 112128K, 50% used [0x00000000e0000000,0x00000000e3762e08,0x00000000e6d80000)
  from space 9216K, 99% used [0x00000000e7980000,0x00000000e8278010,0x00000000e8280000)
  to   space 10752K, 0% used [0x00000000e6d80000,0x00000000e6d80000,0x00000000e7800000)
 ParOldGen       total 58368K, used 35672K [0x00000000a0000000, 0x00000000a3900000, 0x00000000e0000000)
  object space 58368K, 61% used [0x00000000a0000000,0x00000000a22d6038,0x00000000a3900000)
 Metaspace       used 57040K, capacity 58896K, committed 59008K, reserved 1099776K
  class space    used 7840K, capacity 8300K, committed 8320K, reserved 1048576K
Event: 20.536 GC heap after
Heap after GC invocations=17 (full 2):
 PSYoungGen      total 122880K, used 7558K [0x00000000e0000000, 0x00000000e8280000, 0x0000000100000000)
  eden space 112128K, 0% used [0x00000000e0000000,0x00000000e0000000,0x00000000e6d80000)
  from space 10752K, 70% used [0x00000000e6d80000,0x00000000e74e1930,0x00000000e7800000)
  to   space 9216K, 0% used [0x00000000e7980000,0x00000000e7980000,0x00000000e8280000)
 ParOldGen       total 58368K, used 44430K [0x00000000a0000000, 0x00000000a3900000, 0x00000000e0000000)
  object space 58368K, 76% used [0x00000000a0000000,0x00000000a2b638b8,0x00000000a3900000)
 Metaspace       used 57040K, capacity 58896K, committed 59008K, reserved 1099776K
  class space    used 7840K, capacity 8300K, committed 8320K, reserved 1048576K
}
Event: 20.536 GC heap before
{Heap before GC invocations=18 (full 3):
 PSYoungGen      total 122880K, used 7558K [0x00000000e0000000, 0x00000000e8280000, 0x0000000100000000)
  eden space 112128K, 0% used [0x00000000e0000000,0x00000000e0000000,0x00000000e6d80000)
  from space 10752K, 70% used [0x00000000e6d80000,0x00000000e74e1930,0x00000000e7800000)
  to   space 9216K, 0% used [0x00000000e7980000,0x00000000e7980000,0x00000000e8280000)
 ParOldGen       total 58368K, used 44430K [0x00000000a0000000, 0x00000000a3900000, 0x00000000e0000000)
  object space 58368K, 76% used [0x00000000a0000000,0x00000000a2b638b8,0x00000000a3900000)
 Metaspace       used 57040K, capacity 58896K, committed 59008K, reserved 1099776K
  class space    used 7840K, capacity 8300K, committed 8320K, reserved 1048576K
Event: 21.024 GC heap after
Heap after GC invocations=18 (full 3):
 PSYoungGen      total 122880K, used 0K [0x00000000e0000000, 0x00000000e8280000, 0x0000000100000000)
  eden space 112128K, 0% used [0x00000000e0000000,0x00000000e0000000,0x00000000e6d80000)
  from space 10752K, 0% used [0x00000000e6d80000,0x00000000e6d80000,0x00000000e7800000)
  to   space 9216K, 0% used [0x00000000e7980000,0x00000000e7980000,0x00000000e8280000)
 ParOldGen       total 58368K, used 43532K [0x00000000a0000000, 0x00000000a3900000, 0x00000000e0000000)
  object space 58368K, 74% used [0x00000000a0000000,0x00000000a2a83110,0x00000000a3900000)
 Metaspace       used 57040K, capacity 58896K, committed 59008K, reserved 1099776K
  class space    used 7840K, capacity 8300K, committed 8320K, reserved 1048576K
}
Event: 29.315 GC heap before
{Heap before GC invocations=19 (full 3):
 PSYoungGen      total 122880K, used 112128K [0x00000000e0000000, 0x00000000e8280000, 0x0000000100000000)
  eden space 112128K, 100% used [0x00000000e0000000,0x00000000e6d80000,0x00000000e6d80000)
  from space 10752K, 0% used [0x00000000e6d80000,0x00000000e6d80000,0x00000000e7800000)
  to   space 9216K, 0% used [0x00000000e7980000,0x00000000e7980000,0x00000000e8280000)
 ParOldGen       total 58368K, used 43532K [0x00000000a0000000, 0x00000000a3900000, 0x00000000e0000000)
  object space 58368K, 74% used [0x00000000a0000000,0x00000000a2a83110,0x00000000a3900000)
 Metaspace       used 59517K, capacity 61692K, committed 61952K, reserved 1101824K
  class space    used 8110K, capacity 8687K, committed 8704K, reserved 1048576K
Event: 29.336 GC heap after
Heap after GC invocations=19 (full 3):
 PSYoungGen      total 121344K, used 4940K [0x00000000e0000000, 0x00000000e8280000, 0x0000000100000000)
  eden space 112128K, 0% used [0x00000000e0000000,0x00000000e0000000,0x00000000e6d80000)
  from space 9216K, 53% used [0x00000000e7980000,0x00000000e7e53360,0x00000000e8280000)
  to   space 10752K, 0% used [0x00000000e6d80000,0x00000000e6d80000,0x00000000e7800000)
 ParOldGen       total 58368K, used 43540K [0x00000000a0000000, 0x00000000a3900000, 0x00000000e0000000)
  object space 58368K, 74% used [0x00000000a0000000,0x00000000a2a85110,0x00000000a3900000)
 Metaspace       used 59517K, capacity 61692K, committed 61952K, reserved 1101824K
  class space    used 8110K, capacity 8687K, committed 8704K, reserved 1048576K
}

Deoptimization events (10 events):
Event: 28.891 Thread 0x0000000019706800 Uncommon trap: reason=class_check action=maybe_recompile pc=0x0000000002f3ffa4 method=java.io.ObjectOutputStream$BlockDataOutputStream.drain()V @ 36
Event: 28.891 Thread 0x0000000019706800 Uncommon trap: reason=class_check action=maybe_recompile pc=0x000000000443e3b0 method=java.io.ObjectOutputStream$BlockDataOutputStream.drain()V @ 36
Event: 28.891 Thread 0x0000000019706800 Uncommon trap: reason=class_check action=maybe_recompile pc=0x00000000043ce2e0 method=java.io.ObjectOutputStream.writeNonProxyDesc(Ljava/io/ObjectStreamClass;Z)V @ 44
Event: 28.891 Thread 0x0000000019706800 Uncommon trap: reason=class_check action=maybe_recompile pc=0x0000000002f3ffa4 method=java.io.ObjectOutputStream$BlockDataOutputStream.drain()V @ 36
Event: 28.892 Thread 0x0000000019706800 Uncommon trap: reason=class_check action=maybe_recompile pc=0x0000000004371784 method=java.io.ObjectOutputStream$BlockDataOutputStream.drain()V @ 36
Event: 28.892 Thread 0x0000000019706800 Uncommon trap: reason=class_check action=maybe_recompile pc=0x0000000004435054 method=java.io.ObjectOutputStream$BlockDataOutputStream.write([BIIZ)V @ 23
Event: 28.894 Thread 0x0000000019706800 Uncommon trap: reason=unstable_if action=reinterpret pc=0x00000000043cf46c method=java.io.ObjectOutputStream.writeClassDesc(Ljava/io/ObjectStreamClass;Z)V @ 41
Event: 28.894 Thread 0x0000000019706800 Uncommon trap: reason=unstable_if action=reinterpret pc=0x0000000003bcbf78 method=java.lang.reflect.Proxy.isProxyClass(Ljava/lang/Class;)Z @ 6
Event: 28.895 Thread 0x0000000019706800 Uncommon trap: reason=class_check action=maybe_recompile pc=0x00000000044350bc method=java.io.ObjectOutputStream$BlockDataOutputStream.drain()V @ 36
Event: 28.901 Thread 0x0000000019706800 Uncommon trap: reason=unstable_if action=reinterpret pc=0x0000000004378c08 method=java.io.ObjectOutputStream$HandleTable.assign(Ljava/lang/Object;)I @ 24

Classes redefined (0 events):
No events

Internal exceptions (10 events):
Event: 21.152 Thread 0x0000000019706800 Exception <a 'java/lang/ClassNotFoundException': org/gradle/api/internal/file/DefaultFileCollectionFactory$1BeanInfo> (0x00000000e04d9e38) thrown at [D:\src\AOSP-openjdk-cygwin\jdk8u\hotspot\src\share\vm\classfile\systemDictionary.cpp, line 210]
Event: 21.153 Thread 0x0000000019706800 Exception <a 'java/lang/ClassNotFoundException': org/gradle/api/internal/file/collections/FileCollectionAdapterBeanInfo> (0x00000000e04f0d80) thrown at [D:\src\AOSP-openjdk-cygwin\jdk8u\hotspot\src\share\vm\classfile\systemDictionary.cpp, line 210]
Event: 21.154 Thread 0x0000000019706800 Exception <a 'java/lang/ClassNotFoundException': org/gradle/api/internal/file/collections/FileCollectionAdapterCustomizer> (0x00000000e0508540) thrown at [D:\src\AOSP-openjdk-cygwin\jdk8u\hotspot\src\share\vm\classfile\systemDictionary.cpp, line 210]
Event: 21.155 Thread 0x0000000019706800 Exception <a 'java/lang/ClassNotFoundException': org/gradle/api/internal/file/DefaultFileCollectionFactory$1Customizer> (0x00000000e0528468) thrown at [D:\src\AOSP-openjdk-cygwin\jdk8u\hotspot\src\share\vm\classfile\systemDictionary.cpp, line 210]
Event: 21.171 Thread 0x0000000019706800 Exception <a 'java/lang/ClassNotFoundException': org/gradle/plugins/ide/idea/model/IdeaProject_DecoratedBeanInfo> (0x00000000e05dbbd0) thrown at [D:\src\AOSP-openjdk-cygwin\jdk8u\hotspot\src\share\vm\classfile\systemDictionary.cpp, line 210]
Event: 21.172 Thread 0x0000000019706800 Exception <a 'java/lang/ClassNotFoundException': org/gradle/plugins/ide/idea/model/IdeaProjectBeanInfo> (0x00000000e05fd850) thrown at [D:\src\AOSP-openjdk-cygwin\jdk8u\hotspot\src\share\vm\classfile\systemDictionary.cpp, line 210]
Event: 21.173 Thread 0x0000000019706800 Exception <a 'java/lang/ClassNotFoundException': org/gradle/plugins/ide/idea/model/IdeaProjectCustomizer> (0x00000000e061f970) thrown at [D:\src\AOSP-openjdk-cygwin\jdk8u\hotspot\src\share\vm\classfile\systemDictionary.cpp, line 210]
Event: 21.176 Thread 0x0000000019706800 Exception <a 'java/lang/ClassNotFoundException': org/gradle/plugins/ide/idea/model/IdeaProject_DecoratedCustomizer> (0x00000000e069f620) thrown at [D:\src\AOSP-openjdk-cygwin\jdk8u\hotspot\src\share\vm\classfile\systemDictionary.cpp, line 210]
Event: 27.057 Thread 0x0000000019706800 Exception <a 'java/lang/NoSuchMethodError': java.lang.Object.lambda$negate$1(Ljava/lang/Object;)Z> (0x00000000e44e7498) thrown at [D:\src\AOSP-openjdk-cygwin\jdk8u\hotspot\src\share\vm\interpreter\linkResolver.cpp, line 584]
Event: 28.877 Thread 0x0000000019706800 Implicit null exception at 0x0000000004439236 to 0x00000000044392e2

Events (10 events):
Event: 29.556 loading class com/google/protobuf/FieldSet
Event: 29.556 loading class com/google/protobuf/FieldSet done
Event: 29.557 loading class com/google/protobuf/LazyFieldLite
Event: 29.557 loading class com/google/protobuf/LazyFieldLite done
Event: 29.559 loading class com/google/protobuf/LazyField
Event: 29.559 loading class com/google/protobuf/LazyField done
Event: 29.560 loading class com/google/protobuf/SmallSortedMap
Event: 29.560 loading class com/google/protobuf/SmallSortedMap done
Event: 29.562 loading class com/google/protobuf/SmallSortedMap$1
Event: 29.562 loading class com/google/protobuf/SmallSortedMap$1 done


Dynamic libraries:
0x00007ff74aba0000 - 0x00007ff74abd1000 	C:\Program Files (x86)\Android\Android Studio\jre\bin\java.exe
0x00007fff893f0000 - 0x00007fff895d1000 	C:\WINDOWS\SYSTEM32\ntdll.dll
0x00007fff62e30000 - 0x00007fff62e44000 	C:\Program Files\AVAST Software\Avast\x64\aswhooka.dll
0x00007fff872c0000 - 0x00007fff87372000 	C:\WINDOWS\System32\KERNEL32.DLL
0x00007fff85870000 - 0x00007fff85ae3000 	C:\WINDOWS\System32\KERNELBASE.dll
0x00007fff86950000 - 0x00007fff869f1000 	C:\WINDOWS\System32\ADVAPI32.dll
0x00007fff86a00000 - 0x00007fff86a9e000 	C:\WINDOWS\System32\msvcrt.dll
0x00007fff86c70000 - 0x00007fff86ccb000 	C:\WINDOWS\System32\sechost.dll
0x00007fff89290000 - 0x00007fff893b4000 	C:\WINDOWS\System32\RPCRT4.dll
0x00007fff88820000 - 0x00007fff889b0000 	C:\WINDOWS\System32\USER32.dll
0x00007fff86860000 - 0x00007fff86880000 	C:\WINDOWS\System32\win32u.dll
0x00007fff891c0000 - 0x00007fff891e8000 	C:\WINDOWS\System32\GDI32.dll
0x00007fff85eb0000 - 0x00007fff86042000 	C:\WINDOWS\System32\gdi32full.dll
0x00007fff867c0000 - 0x00007fff8685f000 	C:\WINDOWS\System32\msvcp_win.dll
0x00007fff85db0000 - 0x00007fff85eaa000 	C:\WINDOWS\System32\ucrtbase.dll
0x00007fff717a0000 - 0x00007fff71a09000 	C:\WINDOWS\WinSxS\amd64_microsoft.windows.common-controls_6595b64144ccf1df_6.0.17134.407_none_fb449d63306391e9\COMCTL32.dll
0x00007fff88b40000 - 0x00007fff88e62000 	C:\WINDOWS\System32\combase.dll
0x00007fff85d30000 - 0x00007fff85daa000 	C:\WINDOWS\System32\bcryptPrimitives.dll
0x00007fff88b10000 - 0x00007fff88b3d000 	C:\WINDOWS\System32\IMM32.DLL
0x0000000066cf0000 - 0x0000000066dc2000 	C:\Program Files (x86)\Android\Android Studio\jre\jre\bin\msvcr100.dll
0x0000000066eb0000 - 0x00000000676ef000 	C:\Program Files (x86)\Android\Android Studio\jre\jre\bin\server\jvm.dll
0x00007fff86c60000 - 0x00007fff86c68000 	C:\WINDOWS\System32\PSAPI.DLL
0x00007fff735a0000 - 0x00007fff735a9000 	C:\WINDOWS\SYSTEM32\WSOCK32.dll
0x00007fff87250000 - 0x00007fff872bc000 	C:\WINDOWS\System32\WS2_32.dll
0x00007fff81fd0000 - 0x00007fff81ff3000 	C:\WINDOWS\SYSTEM32\WINMM.dll
0x00007fff78ea0000 - 0x00007fff78eaa000 	C:\WINDOWS\SYSTEM32\VERSION.dll
0x00007fff81fa0000 - 0x00007fff81fca000 	C:\WINDOWS\SYSTEM32\WINMMBASE.dll
0x00007fff85af0000 - 0x00007fff85b39000 	C:\WINDOWS\System32\cfgmgr32.dll
0x00007fff7b950000 - 0x00007fff7b95f000 	C:\Program Files (x86)\Android\Android Studio\jre\jre\bin\verify.dll
0x00007fff7b820000 - 0x00007fff7b849000 	C:\Program Files (x86)\Android\Android Studio\jre\jre\bin\java.dll
0x00007fff7b930000 - 0x00007fff7b946000 	C:\Program Files (x86)\Android\Android Studio\jre\jre\bin\zip.dll
0x00007fff87380000 - 0x00007fff887bf000 	C:\WINDOWS\System32\SHELL32.dll
0x00007fff86cd0000 - 0x00007fff86d79000 	C:\WINDOWS\System32\shcore.dll
0x00007fff86050000 - 0x00007fff8675d000 	C:\WINDOWS\System32\windows.storage.dll
0x00007fff890e0000 - 0x00007fff89131000 	C:\WINDOWS\System32\shlwapi.dll
0x00007fff857a0000 - 0x00007fff857b1000 	C:\WINDOWS\System32\kernel.appcore.dll
0x00007fff85760000 - 0x00007fff8577f000 	C:\WINDOWS\System32\profapi.dll
0x00007fff85700000 - 0x00007fff8574c000 	C:\WINDOWS\System32\powrprof.dll
0x00007fff85750000 - 0x00007fff8575a000 	C:\WINDOWS\System32\FLTLIB.DLL
0x00007fff7ac70000 - 0x00007fff7ac8a000 	C:\Program Files (x86)\Android\Android Studio\jre\jre\bin\net.dll
0x00007fff84f20000 - 0x00007fff84f86000 	C:\WINDOWS\system32\mswsock.dll
0x00007fff7a760000 - 0x00007fff7a771000 	C:\Program Files (x86)\Android\Android Studio\jre\jre\bin\nio.dll
0x00007fff81da0000 - 0x00007fff81dbe000 	C:\Users\HP\.gradle\native\25\windows-amd64\native-platform.dll
0x00007fff7b490000 - 0x00007fff7b49d000 	C:\Program Files (x86)\Android\Android Studio\jre\jre\bin\management.dll
0x00007fff850d0000 - 0x00007fff850e7000 	C:\WINDOWS\SYSTEM32\CRYPTSP.dll
0x00007fff84b00000 - 0x00007fff84b33000 	C:\WINDOWS\system32\rsaenh.dll
0x00007fff85200000 - 0x00007fff85225000 	C:\WINDOWS\SYSTEM32\bcrypt.dll
0x00007fff85630000 - 0x00007fff85658000 	C:\WINDOWS\SYSTEM32\USERENV.dll
0x00007fff850f0000 - 0x00007fff850fb000 	C:\WINDOWS\SYSTEM32\CRYPTBASE.dll
0x00007fff84ca0000 - 0x00007fff84cd8000 	C:\WINDOWS\SYSTEM32\IPHLPAPI.DLL
0x00007fff891a0000 - 0x00007fff891a8000 	C:\WINDOWS\System32\NSI.dll
0x00007fff7d3f0000 - 0x00007fff7d406000 	C:\WINDOWS\SYSTEM32\dhcpcsvc6.DLL
0x00007fff7ce50000 - 0x00007fff7ce6a000 	C:\WINDOWS\SYSTEM32\dhcpcsvc.DLL

VM Arguments:
jvm_args: -Xmx1536m -Dfile.encoding=windows-1252 -Duser.country=US -Duser.language=en -Duser.variant 
java_command: org.gradle.launcher.daemon.bootstrap.GradleDaemon 4.4
java_class_path (initial): C:\Users\HP\.gradle\wrapper\dists\gradle-4.4-all\9br9xq1tocpiv8o6njlyu5op1\gradle-4.4\lib\gradle-launcher-4.4.jar
Launcher Type: SUN_STANDARD

Environment Variables:
PATH=C:\Program Files (x86)\Common Files\Oracle\Java\javapath;C:\Program Files (x86)\Common Files\ArcSoft\Bin;C:\Program Files (x86)\Intel\iCLS Client\;C:\Program Files\Intel\iCLS Client\;C:\WINDOWS\system32;C:\WINDOWS;C:\WINDOWS\System32\Wbem;C:\WINDOWS\System32\WindowsPowerShell\v1.0\;C:\Program Files (x86)\Intel\Intel(R) Management Engine Components\DAL;C:\Program Files\Intel\Intel(R) Management Engine Components\DAL;C:\Program Files (x86)\Intel\Intel(R) Management Engine Components\IPT;C:\Program Files\Intel\Intel(R) Management Engine Components\IPT;c:\Program Files\Intel\WiFi\bin\;c:\Program Files\Common Files\Intel\WirelessCommon\;C:\Program Files (x86)\GtkSharp\2.12\bin;C:\WINDOWS\System32\OpenSSH\;C:\Users\HP\AppData\Local\Android\Sdk;C:\Program Files (x86)\Java\jdk1.6.0_18\bin;%USERPROFILE%\AppData\Local\Microsoft\WindowsApps;
USERNAME=HP
OS=Windows_NT
PROCESSOR_IDENTIFIER=Intel64 Family 6 Model 61 Stepping 4, GenuineIntel



---------------  S Y S T E M  ---------------

OS: Windows 10.0 , 64 bit Build 17134 (10.0.17134.1)

CPU:total 4 (initial active 4) (2 cores per cpu, 2 threads per core) family 6 model 61 stepping 4, cmov, cx8, fxsr, mmx, sse, sse2, sse3, ssse3, sse4.1, sse4.2, popcnt, avx, avx2, aes, clmul, erms, 3dnowpref, lzcnt, ht, tsc, tscinvbit, bmi1, bmi2, adx

Memory: 4k page, physical 4082796k(328332k free), swap 4082796k(4848k free)

vm_info: OpenJDK 64-Bit Server VM (25.152-b02) for windows-amd64 JRE (1.8.0_152-release-1024-b02), built by "builder" with MS VC++ 10.0 (VS2010)

time: Tue Dec 25 14:45:35 2018
elapsed time: 29 seconds (0d 0h 0m 29s)

