#
# There is insufficient memory for the Java Runtime Environment to continue.
# Native memory allocation (malloc) failed to allocate 907056 bytes for Chunk::new
# Possible reasons:
#   The system is out of physical RAM or swap space
#   In 32 bit mode, the process size limit was hit
# Possible solutions:
#   Reduce memory load on the system
#   Increase physical memory or swap space
#   Check if swap backing store is full
#   Use 64 bit Java on a 64 bit OS
#   Decrease Java heap size (-Xmx/-Xms)
#   Decrease number of Java threads
#   Decrease Java thread stack sizes (-Xss)
#   Set larger code cache with -XX:ReservedCodeCacheSize=
# This output file may be truncated or incomplete.
#
#  Out of Memory Error (allocation.cpp:390), pid=10840, tid=0x0000000000000ba0
#
# JRE version: OpenJDK Runtime Environment (8.0_152-b02) (build 1.8.0_152-release-1024-b02)
# Java VM: OpenJDK 64-Bit Server VM (25.152-b02 mixed mode windows-amd64 compressed oops)
# Failed to write core dump. Minidumps are not enabled by default on client versions of Windows
#

---------------  T H R E A D  ---------------

Current thread (0x00000000168f0000):  JavaThread "C2 CompilerThread1" daemon [_thread_in_native, id=2976, stack(0x0000000018040000,0x0000000018140000)]

Stack: [0x0000000018040000,0x0000000018140000]
[error occurred during error reporting (printing stack bounds), id 0xc0000005]

Native frames: (J=compiled Java code, j=interpreted, Vv=VM code, C=native code)


Current CompileTask:
C2:  27976 5126       4       org.objectweb.asm.MethodWriter::visitMethodInsn (220 bytes)


---------------  P R O C E S S  ---------------

Java Threads: ( => current thread )
  0x000000001f265000 JavaThread "Memory manager" [_thread_blocked, id=11484, stack(0x0000000020db0000,0x0000000020eb0000)]
  0x000000001f261000 JavaThread "build operations Thread 4" [_thread_blocked, id=8564, stack(0x0000000020cb0000,0x0000000020db0000)]
  0x000000001f25d000 JavaThread "build operations Thread 3" [_thread_blocked, id=6636, stack(0x0000000020bb0000,0x0000000020cb0000)]
  0x000000001c608800 JavaThread "build operations Thread 2" [_thread_blocked, id=11476, stack(0x0000000020ab0000,0x0000000020bb0000)]
  0x000000001c607000 JavaThread "build operations" [_thread_blocked, id=11612, stack(0x00000000209b0000,0x0000000020ab0000)]
  0x000000001c608000 JavaThread "Cache worker for Artifact transforms cache (C:\Users\HP\.gradle\caches\transforms-1)" [_thread_blocked, id=10548, stack(0x000000001ed00000,0x000000001ee00000)]
  0x000000001c09c000 JavaThread "Cache worker for file hash cache (H:\AndroidStudioProjects\LogInPage\.gradle\4.4\fileHashes)" [_thread_blocked, id=12220, stack(0x000000001d430000,0x000000001d530000)]
  0x000000001b3b1000 JavaThread "File lock request listener" [_thread_in_native, id=6932, stack(0x000000001c360000,0x000000001c460000)]
  0x000000001b300000 JavaThread "Cache worker for file hash cache (C:\Users\HP\.gradle\caches\4.4\fileHashes)" [_thread_blocked, id=9880, stack(0x000000001c260000,0x000000001c360000)]
  0x00000000198d4800 JavaThread "Stdin handler" [_thread_blocked, id=884, stack(0x000000001af90000,0x000000001b090000)]
  0x00000000198d3800 JavaThread "Asynchronous log dispatcher for DefaultDaemonConnection: socket connection from /127.0.0.1:4682 to /127.0.0.1:4683" [_thread_blocked, id=7816, stack(0x000000001ae90000,0x000000001af90000)]
  0x0000000019945800 JavaThread "Daemon worker" [_thread_in_native, id=6440, stack(0x000000001ad90000,0x000000001ae90000)]
  0x0000000019944000 JavaThread "Cancel handler" [_thread_blocked, id=3036, stack(0x000000001ac90000,0x000000001ad90000)]
  0x000000001982d800 JavaThread "Handler for socket connection from /127.0.0.1:4682 to /127.0.0.1:4683" [_thread_in_native, id=11344, stack(0x000000001a990000,0x000000001aa90000)]
  0x000000001982a800 JavaThread "Daemon" [_thread_blocked, id=9184, stack(0x000000001a890000,0x000000001a990000)]
  0x00000000197fe000 JavaThread "Daemon periodic checks" [_thread_blocked, id=8476, stack(0x000000001a790000,0x000000001a890000)]
  0x00000000197f9800 JavaThread "Incoming local TCP Connector on port 4682" [_thread_in_native, id=6708, stack(0x000000001a550000,0x000000001a650000)]
  0x0000000018161000 JavaThread "Service Thread" daemon [_thread_blocked, id=4080, stack(0x0000000018640000,0x0000000018740000)]
  0x0000000016949000 JavaThread "C1 CompilerThread2" daemon [_thread_blocked, id=9956, stack(0x0000000018540000,0x0000000018640000)]
=>0x00000000168f0000 JavaThread "C2 CompilerThread1" daemon [_thread_in_native, id=2976, stack(0x0000000018040000,0x0000000018140000)]
  0x00000000168ea000 JavaThread "C2 CompilerThread0" daemon [_thread_in_native, id=7876, stack(0x0000000017f40000,0x0000000018040000)]
  0x00000000168e8800 JavaThread "Attach Listener" daemon [_thread_blocked, id=5476, stack(0x0000000017e40000,0x0000000017f40000)]
  0x00000000168f6800 JavaThread "Signal Dispatcher" daemon [_thread_blocked, id=12148, stack(0x0000000017d40000,0x0000000017e40000)]
  0x0000000002f7c800 JavaThread "Finalizer" daemon [_thread_blocked, id=10244, stack(0x0000000017b50000,0x0000000017c50000)]
  0x0000000002f71800 JavaThread "Reference Handler" daemon [_thread_blocked, id=2436, stack(0x0000000017a50000,0x0000000017b50000)]
  0x000000000141e000 JavaThread "main" [_thread_blocked, id=3536, stack(0x0000000002d30000,0x0000000002e30000)]

Other Threads:
  0x00000000168b6800 VMThread [stack: 0x0000000017950000,0x0000000017a50000] [id=5140]
  0x0000000018161800 WatcherThread [stack: 0x0000000018740000,0x0000000018840000] [id=7256]

VM state:not at safepoint (normal execution)

VM Mutex/Monitor currently owned by a thread: None

Heap:
 PSYoungGen      total 114688K, used 36583K [0x00000000e0000000, 0x00000000e9980000, 0x0000000100000000)
  eden space 101376K, 22% used [0x00000000e0000000,0x00000000e16bda08,0x00000000e6300000)
  from space 13312K, 99% used [0x00000000e6300000,0x00000000e6ffc420,0x00000000e7000000)
  to   space 16384K, 0% used [0x00000000e8980000,0x00000000e8980000,0x00000000e9980000)
 ParOldGen       total 61440K, used 21526K [0x00000000a0000000, 0x00000000a3c00000, 0x00000000e0000000)
  object space 61440K, 35% used [0x00000000a0000000,0x00000000a1505b78,0x00000000a3c00000)
 Metaspace       used 52409K, capacity 53902K, committed 54104K, reserved 1095680K
  class space    used 7073K, capacity 7518K, committed 7552K, reserved 1048576K

Card table byte_map: [0x0000000012340000,0x0000000012650000] byte_map_base: 0x0000000011e40000

Marking Bits: (ParMarkBitMap*) 0x0000000064a04970
 Begin Bits: [0x0000000012c50000, 0x0000000014450000)
 End Bits:   [0x0000000014450000, 0x0000000015c50000)

Polling page: 0x00000000013f0000

CodeCache: size=245760Kb used=16730Kb max_used=16730Kb free=229029Kb
 bounds [0x0000000002f80000, 0x0000000003ff0000, 0x0000000011f80000]
 total_blobs=5560 nmethods=4792 adapters=680
 compilation: enabled

Compilation events (10 events):
Event: 27.932 Thread 0x0000000016949000 5174       3       org.gradle.api.internal.project.taskfactory.DefaultTaskClassValidatorExtractor::mergeDeclaredAnnotations (218 bytes)
Event: 27.938 Thread 0x0000000016949000 nmethod 5174 0x0000000003fd1c50 code [0x0000000003fd22e0, 0x0000000003fd69f8]
Event: 27.938 Thread 0x0000000016949000 5175       3       org.gradle.api.internal.project.taskfactory.DefaultTaskClassValidatorExtractor::access$500 (7 bytes)
Event: 27.939 Thread 0x0000000016949000 nmethod 5175 0x0000000003fd9e90 code [0x0000000003fda060, 0x0000000003fda728]
Event: 27.939 Thread 0x0000000016949000 5171   !   3       com.sun.proxy.$Proxy57::annotationType (29 bytes)
Event: 27.939 Thread 0x0000000016949000 nmethod 5171 0x0000000003fdabd0 code [0x0000000003fdad60, 0x0000000003fdb198]
Event: 27.939 Thread 0x0000000016949000 5177       1       org.gradle.api.internal.project.taskfactory.TaskPropertyInfo::getName (5 bytes)
Event: 27.939 Thread 0x0000000016949000 nmethod 5177 0x0000000003fdb350 code [0x0000000003fdb4a0, 0x0000000003fdb5b0]
Event: 27.939 Thread 0x0000000016949000 5172       1       org.gradle.api.internal.project.taskfactory.DefaultTaskClassValidatorExtractor::access$700 (5 bytes)
Event: 27.939 Thread 0x0000000016949000 nmethod 5172 0x0000000003fdb610 code [0x0000000003fdb760, 0x0000000003fdb850]

GC Heap History (10 events):
Event: 17.277 GC heap before
{Heap before GC invocations=11 (full 1):
 PSYoungGen      total 72704K, used 72192K [0x00000000e0000000, 0x00000000e6180000, 0x0000000100000000)
  eden space 65536K, 100% used [0x00000000e0000000,0x00000000e4000000,0x00000000e4000000)
  from space 7168K, 92% used [0x00000000e4000000,0x00000000e4680138,0x00000000e4700000)
  to   space 8192K, 0% used [0x00000000e5980000,0x00000000e5980000,0x00000000e6180000)
 ParOldGen       total 35328K, used 7898K [0x00000000a0000000, 0x00000000a2280000, 0x00000000e0000000)
  object space 35328K, 22% used [0x00000000a0000000,0x00000000a07b6930,0x00000000a2280000)
 Metaspace       used 30362K, capacity 31024K, committed 31232K, reserved 1075200K
  class space    used 4279K, capacity 4513K, committed 4608K, reserved 1048576K
Event: 17.315 GC heap after
Heap after GC invocations=11 (full 1):
 PSYoungGen      total 90112K, used 8191K [0x00000000e0000000, 0x00000000e6400000, 0x0000000100000000)
  eden space 81920K, 0% used [0x00000000e0000000,0x00000000e0000000,0x00000000e5000000)
  from space 8192K, 99% used [0x00000000e5980000,0x00000000e617fce8,0x00000000e6180000)
  to   space 9728K, 0% used [0x00000000e5000000,0x00000000e5000000,0x00000000e5980000)
 ParOldGen       total 35328K, used 9845K [0x00000000a0000000, 0x00000000a2280000, 0x00000000e0000000)
  object space 35328K, 27% used [0x00000000a0000000,0x00000000a099d6c0,0x00000000a2280000)
 Metaspace       used 30362K, capacity 31024K, committed 31232K, reserved 1075200K
  class space    used 4279K, capacity 4513K, committed 4608K, reserved 1048576K
}
Event: 20.197 GC heap before
{Heap before GC invocations=12 (full 1):
 PSYoungGen      total 90112K, used 51132K [0x00000000e0000000, 0x00000000e6400000, 0x0000000100000000)
  eden space 81920K, 52% used [0x00000000e0000000,0x00000000e29ef360,0x00000000e5000000)
  from space 8192K, 99% used [0x00000000e5980000,0x00000000e617fce8,0x00000000e6180000)
  to   space 9728K, 0% used [0x00000000e5000000,0x00000000e5000000,0x00000000e5980000)
 ParOldGen       total 35328K, used 9845K [0x00000000a0000000, 0x00000000a2280000, 0x00000000e0000000)
  object space 35328K, 27% used [0x00000000a0000000,0x00000000a099d6c0,0x00000000a2280000)
 Metaspace       used 34374K, capacity 35208K, committed 35416K, reserved 1079296K
  class space    used 4737K, capacity 4990K, committed 4992K, reserved 1048576K
Event: 20.224 GC heap after
Heap after GC invocations=12 (full 1):
 PSYoungGen      total 91648K, used 9704K [0x00000000e0000000, 0x00000000e7b80000, 0x0000000100000000)
  eden space 81920K, 0% used [0x00000000e0000000,0x00000000e0000000,0x00000000e5000000)
  from space 9728K, 99% used [0x00000000e5000000,0x00000000e597a1c8,0x00000000e5980000)
  to   space 11776K, 0% used [0x00000000e7000000,0x00000000e7000000,0x00000000e7b80000)
 ParOldGen       total 35328K, used 12220K [0x00000000a0000000, 0x00000000a2280000, 0x00000000e0000000)
  object space 35328K, 34% used [0x00000000a0000000,0x00000000a0bef030,0x00000000a2280000)
 Metaspace       used 34374K, capacity 35208K, committed 35416K, reserved 1079296K
  class space    used 4737K, capacity 4990K, committed 4992K, reserved 1048576K
}
Event: 20.224 GC heap before
{Heap before GC invocations=13 (full 2):
 PSYoungGen      total 91648K, used 9704K [0x00000000e0000000, 0x00000000e7b80000, 0x0000000100000000)
  eden space 81920K, 0% used [0x00000000e0000000,0x00000000e0000000,0x00000000e5000000)
  from space 9728K, 99% used [0x00000000e5000000,0x00000000e597a1c8,0x00000000e5980000)
  to   space 11776K, 0% used [0x00000000e7000000,0x00000000e7000000,0x00000000e7b80000)
 ParOldGen       total 35328K, used 12220K [0x00000000a0000000, 0x00000000a2280000, 0x00000000e0000000)
  object space 35328K, 34% used [0x00000000a0000000,0x00000000a0bef030,0x00000000a2280000)
 Metaspace       used 34374K, capacity 35208K, committed 35416K, reserved 1079296K
  class space    used 4737K, capacity 4990K, committed 4992K, reserved 1048576K
Event: 20.412 GC heap after
Heap after GC invocations=13 (full 2):
 PSYoungGen      total 91648K, used 0K [0x00000000e0000000, 0x00000000e7b80000, 0x0000000100000000)
  eden space 81920K, 0% used [0x00000000e0000000,0x00000000e0000000,0x00000000e5000000)
  from space 9728K, 0% used [0x00000000e5000000,0x00000000e5000000,0x00000000e5980000)
  to   space 11776K, 0% used [0x00000000e7000000,0x00000000e7000000,0x00000000e7b80000)
 ParOldGen       total 61440K, used 18634K [0x00000000a0000000, 0x00000000a3c00000, 0x00000000e0000000)
  object space 61440K, 30% used [0x00000000a0000000,0x00000000a12329f8,0x00000000a3c00000)
 Metaspace       used 34350K, capacity 35120K, committed 35416K, reserved 1079296K
  class space    used 4731K, capacity 4982K, committed 4992K, reserved 1048576K
}
Event: 22.901 GC heap before
{Heap before GC invocations=14 (full 2):
 PSYoungGen      total 91648K, used 81920K [0x00000000e0000000, 0x00000000e7b80000, 0x0000000100000000)
  eden space 81920K, 100% used [0x00000000e0000000,0x00000000e5000000,0x00000000e5000000)
  from space 9728K, 0% used [0x00000000e5000000,0x00000000e5000000,0x00000000e5980000)
  to   space 11776K, 0% used [0x00000000e7000000,0x00000000e7000000,0x00000000e7b80000)
 ParOldGen       total 61440K, used 18634K [0x00000000a0000000, 0x00000000a3c00000, 0x00000000e0000000)
  object space 61440K, 30% used [0x00000000a0000000,0x00000000a12329f8,0x00000000a3c00000)
 Metaspace       used 41478K, capacity 42458K, committed 42840K, reserved 1085440K
  class space    used 5596K, capacity 5916K, committed 6016K, reserved 1048576K
Event: 22.929 GC heap after
Heap after GC invocations=14 (full 2):
 PSYoungGen      total 113152K, used 10945K [0x00000000e0000000, 0x00000000e7d80000, 0x0000000100000000)
  eden space 101376K, 0% used [0x00000000e0000000,0x00000000e0000000,0x00000000e6300000)
  from space 11776K, 92% used [0x00000000e7000000,0x00000000e7ab07d0,0x00000000e7b80000)
  to   space 13312K, 0% used [0x00000000e6300000,0x00000000e6300000,0x00000000e7000000)
 ParOldGen       total 61440K, used 18642K [0x00000000a0000000, 0x00000000a3c00000, 0x00000000e0000000)
  object space 61440K, 30% used [0x00000000a0000000,0x00000000a12349f8,0x00000000a3c00000)
 Metaspace       used 41478K, capacity 42458K, committed 42840K, reserved 1085440K
  class space    used 5596K, capacity 5916K, committed 6016K, reserved 1048576K
}
Event: 26.754 GC heap before
{Heap before GC invocations=15 (full 2):
 PSYoungGen      total 113152K, used 112321K [0x00000000e0000000, 0x00000000e7d80000, 0x0000000100000000)
  eden space 101376K, 100% used [0x00000000e0000000,0x00000000e6300000,0x00000000e6300000)
  from space 11776K, 92% used [0x00000000e7000000,0x00000000e7ab07d0,0x00000000e7b80000)
  to   space 13312K, 0% used [0x00000000e6300000,0x00000000e6300000,0x00000000e7000000)
 ParOldGen       total 61440K, used 18642K [0x00000000a0000000, 0x00000000a3c00000, 0x00000000e0000000)
  object space 61440K, 30% used [0x00000000a0000000,0x00000000a12349f8,0x00000000a3c00000)
 Metaspace       used 49953K, capacity 51188K, committed 51416K, reserved 1093632K
  class space    used 6732K, capacity 7109K, committed 7168K, reserved 1048576K
Event: 26.782 GC heap after
Heap after GC invocations=15 (full 2):
 PSYoungGen      total 114688K, used 13297K [0x00000000e0000000, 0x00000000e9980000, 0x0000000100000000)
  eden space 101376K, 0% used [0x00000000e0000000,0x00000000e0000000,0x00000000e6300000)
  from space 13312K, 99% used [0x00000000e6300000,0x00000000e6ffc420,0x00000000e7000000)
  to   space 16384K, 0% used [0x00000000e8980000,0x00000000e8980000,0x00000000e9980000)
 ParOldGen       total 61440K, used 21526K [0x00000000a0000000, 0x00000000a3c00000, 0x00000000e0000000)
  object space 61440K, 35% used [0x00000000a0000000,0x00000000a1505b78,0x00000000a3c00000)
 Metaspace       used 49953K, capacity 51188K, committed 51416K, reserved 1093632K
  class space    used 6732K, capacity 7109K, committed 7168K, reserved 1048576K
}

Deoptimization events (10 events):
Event: 25.692 Thread 0x0000000019945800 Uncommon trap: reason=class_check action=maybe_recompile pc=0x0000000003523b68 method=java.io.DataInputStream.readUnsignedShort()I @ 4
Event: 25.692 Thread 0x0000000019945800 Uncommon trap: reason=class_check action=maybe_recompile pc=0x0000000003523b68 method=java.io.DataInputStream.readUnsignedShort()I @ 4
Event: 25.692 Thread 0x0000000019945800 Uncommon trap: reason=class_check action=maybe_recompile pc=0x0000000003523b68 method=java.io.DataInputStream.readUnsignedShort()I @ 4
Event: 25.692 Thread 0x0000000019945800 Uncommon trap: reason=class_check action=maybe_recompile pc=0x0000000003523b68 method=java.io.DataInputStream.readUnsignedShort()I @ 4
Event: 26.249 Thread 0x0000000019945800 Uncommon trap: reason=unstable_if action=reinterpret pc=0x00000000034d2af0 method=java.util.WeakHashMap.remove(Ljava/lang/Object;)Ljava/lang/Object; @ 94
Event: 26.360 Thread 0x0000000019945800 Uncommon trap: reason=unstable_if action=reinterpret pc=0x0000000003862868 method=java.util.regex.Pattern$BmpCharProperty.match(Ljava/util/regex/Matcher;ILjava/lang/CharSequence;)Z @ 34
Event: 26.784 Thread 0x0000000002f7c800 Uncommon trap: reason=unstable_if action=reinterpret pc=0x00000000033e93d4 method=java.util.WeakHashMap.expungeStaleEntries()V @ 9
Event: 27.558 Thread 0x0000000019945800 Uncommon trap: reason=unstable_if action=reinterpret pc=0x00000000037f74cc method=org.objectweb.asm.ByteVector.putUTF8(Ljava/lang/String;)Lorg/objectweb/asm/ByteVector; @ 91
Event: 27.680 Thread 0x0000000019945800 Uncommon trap: reason=unstable_if action=reinterpret pc=0x00000000036d1934 method=java.lang.String.lastIndexOf([CII[CIII)I @ 118
Event: 27.696 Thread 0x0000000019945800 Uncommon trap: reason=unstable_if action=reinterpret pc=0x0000000003717830 method=org.objectweb.asm.ByteVector.putUTF8(Ljava/lang/String;)Lorg/objectweb/asm/ByteVector; @ 91

Classes redefined (0 events):
No events

Internal exceptions (10 events):
Event: 26.899 Thread 0x0000000019945800 Exception <a 'sun/nio/fs/WindowsException'> (0x00000000e01db8c0) thrown at [D:\src\AOSP-openjdk-cygwin\jdk8u\hotspot\src\share\vm\prims\jni.cpp, line 709]
Event: 26.900 Thread 0x0000000019945800 Exception <a 'sun/nio/fs/WindowsException'> (0x00000000e01dea20) thrown at [D:\src\AOSP-openjdk-cygwin\jdk8u\hotspot\src\share\vm\prims\jni.cpp, line 709]
Event: 26.901 Thread 0x0000000019945800 Exception <a 'sun/nio/fs/WindowsException'> (0x00000000e01df538) thrown at [D:\src\AOSP-openjdk-cygwin\jdk8u\hotspot\src\share\vm\prims\jni.cpp, line 709]
Event: 26.901 Thread 0x0000000019945800 Exception <a 'sun/nio/fs/WindowsException'> (0x00000000e01e1088) thrown at [D:\src\AOSP-openjdk-cygwin\jdk8u\hotspot\src\share\vm\prims\jni.cpp, line 709]
Event: 26.901 Thread 0x0000000019945800 Exception <a 'sun/nio/fs/WindowsException'> (0x00000000e01e1be0) thrown at [D:\src\AOSP-openjdk-cygwin\jdk8u\hotspot\src\share\vm\prims\jni.cpp, line 709]
Event: 26.999 Thread 0x0000000019945800 Exception <a 'java/lang/NoSuchMethodError': java.lang.Object.lambda$comparing$77a9974f$1(Ljava/util/function/Function;Ljava/lang/Object;Ljava/lang/Object;)I> (0x00000000e0266160) thrown at [D:\src\AOSP-openjdk-cygwin\jdk8u\hotspot\src\share\vm\interpreter
Event: 27.001 Thread 0x0000000019945800 Exception <a 'java/lang/NoSuchMethodError': java.lang.Object.lambda$thenComparing$36697e65$1(Ljava/util/Comparator;Ljava/lang/Object;Ljava/lang/Object;)I> (0x00000000e02717e0) thrown at [D:\src\AOSP-openjdk-cygwin\jdk8u\hotspot\src\share\vm\interpreter\li
Event: 27.088 Thread 0x0000000019945800 Exception <a 'java/lang/NoSuchMethodError': java.lang.Object.lambda$maxBy$1(Ljava/util/Comparator;Ljava/lang/Object;Ljava/lang/Object;)Ljava/lang/Object;> (0x00000000e03c3290) thrown at [D:\src\AOSP-openjdk-cygwin\jdk8u\hotspot\src\share\vm\interpreter\li
Event: 27.416 Thread 0x0000000019945800 Exception <a 'java/lang/ClassNotFoundException': org/gradle/api/plugins/BasePluginConventionBeanInfo> (0x00000000e094c978) thrown at [D:\src\AOSP-openjdk-cygwin\jdk8u\hotspot\src\share\vm\classfile\systemDictionary.cpp, line 210]
Event: 27.416 Thread 0x0000000019945800 Exception <a 'java/lang/ClassNotFoundException': org/gradle/api/plugins/BasePluginConventionCustomizer> (0x00000000e096f0a8) thrown at [D:\src\AOSP-openjdk-cygwin\jdk8u\hotspot\src\share\vm\classfile\systemDictionary.cpp, line 210]

Events (10 events):
Event: 27.935 loading class com/android/build/gradle/internal/scope/VariantScope
Event: 27.935 loading class com/android/build/gradle/internal/scope/VariantScope done
Event: 27.935 loading class com/android/build/gradle/internal/ApplicationTaskManager
Event: 27.935 loading class com/android/build/gradle/internal/ApplicationTaskManager done
Event: 27.935 loading class com/android/build/gradle/tasks/MergeSourceSetFolders$MergeShaderSourceFoldersConfigAction
Event: 27.935 loading class com/android/build/gradle/tasks/MergeSourceSetFolders$MergeShaderSourceFoldersConfigAction done
Event: 27.937 loading class com/android/build/gradle/tasks/MergeSourceSetFolders$ConfigAction
Event: 27.937 loading class com/android/build/gradle/tasks/MergeSourceSetFolders$ConfigAction done
Event: 27.938 loading class com/android/ide/common/res2/AssetSet
Event: 27.938 loading class com/android/ide/common/res2/AssetSet done


Dynamic libraries:
0x00007ff6f6180000 - 0x00007ff6f61b1000 	C:\Program Files (x86)\Android\Android Studio\jre\bin\java.exe
0x00007ffc49700000 - 0x00007ffc498e1000 	C:\WINDOWS\SYSTEM32\ntdll.dll
0x00007ffc40fb0000 - 0x00007ffc40fc4000 	C:\Program Files\AVAST Software\Avast\x64\aswhooka.dll
0x00007ffc47f40000 - 0x00007ffc47ff2000 	C:\WINDOWS\System32\KERNEL32.DLL
0x00007ffc465c0000 - 0x00007ffc46833000 	C:\WINDOWS\System32\KERNELBASE.dll
0x00007ffc47e90000 - 0x00007ffc47f31000 	C:\WINDOWS\System32\ADVAPI32.dll
0x00007ffc47490000 - 0x00007ffc4752e000 	C:\WINDOWS\System32\msvcrt.dll
0x00007ffc46fe0000 - 0x00007ffc4703b000 	C:\WINDOWS\System32\sechost.dll
0x00007ffc494a0000 - 0x00007ffc495c4000 	C:\WINDOWS\System32\RPCRT4.dll
0x00007ffc46ba0000 - 0x00007ffc46d30000 	C:\WINDOWS\System32\USER32.dll
0x00007ffc45b50000 - 0x00007ffc45b70000 	C:\WINDOWS\System32\win32u.dll
0x00007ffc47540000 - 0x00007ffc47568000 	C:\WINDOWS\System32\GDI32.dll
0x00007ffc46940000 - 0x00007ffc46ad2000 	C:\WINDOWS\System32\gdi32full.dll
0x00007ffc45e10000 - 0x00007ffc45eaf000 	C:\WINDOWS\System32\msvcp_win.dll
0x00007ffc46840000 - 0x00007ffc4693a000 	C:\WINDOWS\System32\ucrtbase.dll
0x00007ffc31930000 - 0x00007ffc31b99000 	C:\WINDOWS\WinSxS\amd64_microsoft.windows.common-controls_6595b64144ccf1df_6.0.17134.407_none_fb449d63306391e9\COMCTL32.dll
0x00007ffc478d0000 - 0x00007ffc47bf2000 	C:\WINDOWS\System32\combase.dll
0x00007ffc45ad0000 - 0x00007ffc45b4a000 	C:\WINDOWS\System32\bcryptPrimitives.dll
0x00007ffc495d0000 - 0x00007ffc495fd000 	C:\WINDOWS\System32\IMM32.DLL
0x0000000064080000 - 0x0000000064152000 	C:\Program Files (x86)\Android\Android Studio\jre\jre\bin\msvcr100.dll
0x0000000064240000 - 0x0000000064a7f000 	C:\Program Files (x86)\Android\Android Studio\jre\jre\bin\server\jvm.dll
0x00007ffc47530000 - 0x00007ffc47538000 	C:\WINDOWS\System32\PSAPI.DLL
0x00007ffc338d0000 - 0x00007ffc338d9000 	C:\WINDOWS\SYSTEM32\WSOCK32.dll
0x00007ffc47860000 - 0x00007ffc478cc000 	C:\WINDOWS\System32\WS2_32.dll
0x00007ffc41710000 - 0x00007ffc41733000 	C:\WINDOWS\SYSTEM32\WINMM.dll
0x00007ffc3a770000 - 0x00007ffc3a77a000 	C:\WINDOWS\SYSTEM32\VERSION.dll
0x00007ffc416e0000 - 0x00007ffc4170a000 	C:\WINDOWS\SYSTEM32\WINMMBASE.dll
0x00007ffc46b40000 - 0x00007ffc46b89000 	C:\WINDOWS\System32\cfgmgr32.dll
0x00007ffc42440000 - 0x00007ffc4244f000 	C:\Program Files (x86)\Android\Android Studio\jre\jre\bin\verify.dll
0x00007ffc3f690000 - 0x00007ffc3f6b9000 	C:\Program Files (x86)\Android\Android Studio\jre\jre\bin\java.dll
0x00007ffc422a0000 - 0x00007ffc422b6000 	C:\Program Files (x86)\Android\Android Studio\jre\jre\bin\zip.dll
0x00007ffc48000000 - 0x00007ffc4943f000 	C:\WINDOWS\System32\SHELL32.dll
0x00007ffc47de0000 - 0x00007ffc47e89000 	C:\WINDOWS\System32\shcore.dll
0x00007ffc45eb0000 - 0x00007ffc465bd000 	C:\WINDOWS\System32\windows.storage.dll
0x00007ffc46f80000 - 0x00007ffc46fd1000 	C:\WINDOWS\System32\shlwapi.dll
0x00007ffc45ab0000 - 0x00007ffc45ac1000 	C:\WINDOWS\System32\kernel.appcore.dll
0x00007ffc45a90000 - 0x00007ffc45aaf000 	C:\WINDOWS\System32\profapi.dll
0x00007ffc45a20000 - 0x00007ffc45a6c000 	C:\WINDOWS\System32\powrprof.dll
0x00007ffc45a10000 - 0x00007ffc45a1a000 	C:\WINDOWS\System32\FLTLIB.DLL
0x00007ffc410a0000 - 0x00007ffc410ba000 	C:\Program Files (x86)\Android\Android Studio\jre\jre\bin\net.dll
0x00007ffc45290000 - 0x00007ffc452f6000 	C:\WINDOWS\system32\mswsock.dll
0x00007ffc3d450000 - 0x00007ffc3d461000 	C:\Program Files (x86)\Android\Android Studio\jre\jre\bin\nio.dll
0x00007ffc42480000 - 0x00007ffc4249e000 	C:\Users\HP\.gradle\native\25\windows-amd64\native-platform.dll
0x00007ffc42390000 - 0x00007ffc4239d000 	C:\Program Files (x86)\Android\Android Studio\jre\jre\bin\management.dll
0x00007ffc45440000 - 0x00007ffc45457000 	C:\WINDOWS\SYSTEM32\CRYPTSP.dll
0x00007ffc44e10000 - 0x00007ffc44e43000 	C:\WINDOWS\system32\rsaenh.dll
0x00007ffc45570000 - 0x00007ffc45595000 	C:\WINDOWS\SYSTEM32\bcrypt.dll
0x00007ffc45910000 - 0x00007ffc45938000 	C:\WINDOWS\SYSTEM32\USERENV.dll
0x00007ffc45460000 - 0x00007ffc4546b000 	C:\WINDOWS\SYSTEM32\CRYPTBASE.dll
0x00007ffc45000000 - 0x00007ffc45038000 	C:\WINDOWS\SYSTEM32\IPHLPAPI.DLL
0x00007ffc46b90000 - 0x00007ffc46b98000 	C:\WINDOWS\System32\NSI.dll
0x00007ffc3bac0000 - 0x00007ffc3bad6000 	C:\WINDOWS\SYSTEM32\dhcpcsvc6.DLL
0x00007ffc3bb90000 - 0x00007ffc3bbaa000 	C:\WINDOWS\SYSTEM32\dhcpcsvc.DLL

VM Arguments:
jvm_args: -Xmx1536m -Dfile.encoding=windows-1252 -Duser.country=US -Duser.language=en -Duser.variant 
java_command: org.gradle.launcher.daemon.bootstrap.GradleDaemon 4.4
java_class_path (initial): C:\Users\HP\.gradle\wrapper\dists\gradle-4.4-all\9br9xq1tocpiv8o6njlyu5op1\gradle-4.4\lib\gradle-launcher-4.4.jar
Launcher Type: SUN_STANDARD

Environment Variables:
PATH=C:\Program Files (x86)\Common Files\Oracle\Java\javapath;C:\Program Files (x86)\Common Files\ArcSoft\Bin;C:\Program Files (x86)\Intel\iCLS Client\;C:\Program Files\Intel\iCLS Client\;C:\WINDOWS\system32;C:\WINDOWS;C:\WINDOWS\System32\Wbem;C:\WINDOWS\System32\WindowsPowerShell\v1.0\;C:\Program Files (x86)\Intel\Intel(R) Management Engine Components\DAL;C:\Program Files\Intel\Intel(R) Management Engine Components\DAL;C:\Program Files (x86)\Intel\Intel(R) Management Engine Components\IPT;C:\Program Files\Intel\Intel(R) Management Engine Components\IPT;c:\Program Files\Intel\WiFi\bin\;c:\Program Files\Common Files\Intel\WirelessCommon\;C:\Program Files (x86)\GtkSharp\2.12\bin;C:\WINDOWS\System32\OpenSSH\;C:\Users\HP\AppData\Local\Android\Sdk;C:\Program Files (x86)\Java\jdk1.6.0_18\bin;%USERPROFILE%\AppData\Local\Microsoft\WindowsApps;
USERNAME=HP
OS=Windows_NT
PROCESSOR_IDENTIFIER=Intel64 Family 6 Model 61 Stepping 4, GenuineIntel



---------------  S Y S T E M  ---------------

OS: Windows 10.0 , 64 bit Build 17134 (10.0.17134.1)

CPU:total 4 (initial active 4) (2 cores per cpu, 2 threads per core) family 6 model 61 stepping 4, cmov, cx8, fxsr, mmx, sse, sse2, sse3, ssse3, sse4.1, sse4.2, popcnt, avx, avx2, aes, clmul, erms, 3dnowpref, lzcnt, ht, tsc, tscinvbit, bmi1, bmi2, adx

Memory: 4k page, physical 4082796k(335012k free), swap 4082796k(5216k free)

vm_info: OpenJDK 64-Bit Server VM (25.152-b02) for windows-amd64 JRE (1.8.0_152-release-1024-b02), built by "builder" with MS VC++ 10.0 (VS2010)

time: Thu Dec 27 12:52:54 2018
elapsed time: 27 seconds (0d 0h 0m 27s)

