#
# There is insufficient memory for the Java Runtime Environment to continue.
# Native memory allocation (malloc) failed to allocate 32744 bytes for ChunkPool::allocate
# Possible reasons:
#   The system is out of physical RAM or swap space
#   In 32 bit mode, the process size limit was hit
# Possible solutions:
#   Reduce memory load on the system
#   Increase physical memory or swap space
#   Check if swap backing store is full
#   Use 64 bit Java on a 64 bit OS
#   Decrease Java heap size (-Xmx/-Xms)
#   Decrease number of Java threads
#   Decrease Java thread stack sizes (-Xss)
#   Set larger code cache with -XX:ReservedCodeCacheSize=
# This output file may be truncated or incomplete.
#
#  Out of Memory Error (allocation.cpp:273), pid=11116, tid=0x0000000000002bb4
#
# JRE version: OpenJDK Runtime Environment (8.0_152-b01) (build 1.8.0_152-release-1248-b01)
# Java VM: OpenJDK 64-Bit Server VM (25.152-b01 mixed mode windows-amd64 compressed oops)
# Failed to write core dump. Minidumps are not enabled by default on client versions of Windows
#

---------------  T H R E A D  ---------------

Current thread (0x000000001b0c2000):  JavaThread "ForkJoinPool-1-worker-1" daemon [_thread_in_vm, id=11188, stack(0x0000000024ef0000,0x0000000024ff0000)]

Stack: [0x0000000024ef0000,0x0000000024ff0000]
[error occurred during error reporting (printing stack bounds), id 0xc0000005]

Native frames: (J=compiled Java code, j=interpreted, Vv=VM code, C=native code)

Java frames: (J=compiled Java code, j=interpreted, Vv=VM code)
J 6598  java.lang.Object.wait(J)V (0 bytes) @ 0x00000000036e8c3b [0x00000000036e8c00+0x3b]
j  java.util.concurrent.ForkJoinTask.internalWait(J)V+41
j  java.util.concurrent.ForkJoinPool.awaitJoin(Ljava/util/concurrent/ForkJoinPool$WorkQueue;Ljava/util/concurrent/ForkJoinTask;J)I+171
J 10376 C1 java.util.concurrent.ForkJoinTask.doJoin()I (75 bytes) @ 0x000000000382eecc [0x000000000382e980+0x54c]
J 10377 C1 java.util.concurrent.ForkJoinTask.get()Ljava/lang/Object; (69 bytes) @ 0x0000000003b927a4 [0x0000000003b925e0+0x1c4]
j  com.android.tools.r8.utils.ThreadUtils.awaitFutures(Ljava/lang/Iterable;)V+25
j  com.android.tools.r8.ir.conversion.IRConverter.convertClassesToDex(Ljava/lang/Iterable;Ljava/util/concurrent/ExecutorService;)V+63
j  com.android.tools.r8.ir.conversion.IRConverter.convertToDex(Lcom/android/tools/r8/graph/DexApplication;Ljava/util/concurrent/ExecutorService;)Lcom/android/tools/r8/graph/DexApplication;+20
j  com.android.tools.r8.D8.optimize(Lcom/android/tools/r8/graph/DexApplication;Lcom/android/tools/r8/graph/AppInfo;Lcom/android/tools/r8/utils/InternalOptions;Lcom/android/tools/r8/utils/Timing;Ljava/util/concurrent/ExecutorService;)Lcom/android/tools/r8/graph/DexApplication;+39
j  com.android.tools.r8.D8.run(Lcom/android/tools/r8/utils/AndroidApp;Lcom/android/tools/r8/utils/InternalOptions;Ljava/util/concurrent/ExecutorService;)V+77
j  com.android.tools.r8.D8.lambda$run$1(Lcom/android/tools/r8/utils/AndroidApp;Lcom/android/tools/r8/utils/InternalOptions;Ljava/util/concurrent/ExecutorService;)V+3
j  com.android.tools.r8.D8$$Lambda$331.run()V+12
j  com.android.tools.r8.utils.ExceptionUtils.withCompilationHandler(Lcom/android/tools/r8/utils/Reporter;Lcom/android/tools/r8/utils/ExceptionUtils$CompileAction;)V+1
j  com.android.tools.r8.utils.ExceptionUtils.withD8CompilationHandler(Lcom/android/tools/r8/utils/Reporter;Lcom/android/tools/r8/utils/ExceptionUtils$CompileAction;)V+2
j  com.android.tools.r8.D8.run(Lcom/android/tools/r8/D8Command;Ljava/util/concurrent/ExecutorService;)V+22
j  com.android.builder.dexing.D8DexArchiveMerger.mergeDexArchives(Ljava/util/Iterator;Ljava/nio/file/Path;Ljava/nio/file/Path;Lcom/android/builder/dexing/DexingType;)V+411
j  com.android.build.gradle.internal.transforms.DexMergerTransformCallable.call()Ljava/lang/Void;+175
j  com.android.build.gradle.internal.transforms.DexMergerTransformCallable.call()Ljava/lang/Object;+1
j  java.util.concurrent.ForkJoinTask$AdaptedCallable.exec()Z+5
j  java.util.concurrent.ForkJoinTask.doExec()I+10
j  java.util.concurrent.ForkJoinPool$WorkQueue.runTask(Ljava/util/concurrent/ForkJoinTask;)V+21
j  java.util.concurrent.ForkJoinPool.runWorker(Ljava/util/concurrent/ForkJoinPool$WorkQueue;)V+35
j  java.util.concurrent.ForkJoinWorkerThread.run()V+24
v  ~StubRoutines::call_stub

---------------  P R O C E S S  ---------------

Java Threads: ( => current thread )
  0x000000001b0c8000 JavaThread "ForkJoinPool-1-worker-0" daemon [_thread_blocked, id=11184, stack(0x0000000025760000,0x0000000025860000)]
  0x000000001b0c4800 JavaThread "ForkJoinPool-1-worker-3" daemon [_thread_blocked, id=11156, stack(0x0000000025660000,0x0000000025760000)]
  0x000000001b0c0800 JavaThread "ForkJoinPool-1-worker-2" daemon [_thread_blocked, id=4688, stack(0x0000000025560000,0x0000000025660000)]
=>0x000000001b0c2000 JavaThread "ForkJoinPool-1-worker-1" daemon [_thread_in_vm, id=11188, stack(0x0000000024ef0000,0x0000000024ff0000)]
  0x000000001b0c3800 JavaThread "ForkJoinPool.commonPool-worker-0" daemon [_thread_blocked, id=11152, stack(0x00000000247f0000,0x00000000248f0000)]
  0x000000001b0c0000 JavaThread "ForkJoinPool.commonPool-worker-2" daemon [_thread_blocked, id=9660, stack(0x00000000245f0000,0x00000000246f0000)]
  0x000000001b0c6000 JavaThread "Cache worker for Java compile cache (H:\AndroidStudioProjects\LogInPage\.gradle\4.10.1\javaCompile)" [_thread_blocked, id=276, stack(0x0000000023ef0000,0x0000000023ff0000)]
  0x000000001b0c5000 JavaThread "Cache worker for Java compile cache (C:\Users\HP\.gradle\caches\4.10.1\javaCompile)" [_thread_blocked, id=11008, stack(0x0000000023df0000,0x0000000023ef0000)]
  0x000000001a9fa800 JavaThread "stdout" daemon [_thread_in_native, id=10388, stack(0x0000000023cf0000,0x0000000023df0000)]
  0x000000001a9fa000 JavaThread "stderr" daemon [_thread_in_native, id=10840, stack(0x0000000023bf0000,0x0000000023cf0000)]
  0x000000001a9f8800 JavaThread "pool-2-thread-1" [_thread_blocked, id=10184, stack(0x0000000023af0000,0x0000000023bf0000)]
  0x000000001a9ef800 JavaThread "Cache worker for Build Output Cleanup Cache (H:\AndroidStudioProjects\LogInPage\.gradle\buildOutputCleanup)" [_thread_blocked, id=3212, stack(0x00000000223d0000,0x00000000224d0000)]
  0x000000001a9f6000 JavaThread "Cache worker for task history cache (H:\AndroidStudioProjects\LogInPage\.gradle\4.10.1\taskHistory)" [_thread_blocked, id=3180, stack(0x00000000222d0000,0x00000000223d0000)]
  0x000000001a9f5800 JavaThread "Task worker for ':' Thread 3" [_thread_blocked, id=10940, stack(0x0000000022070000,0x0000000022170000)]
  0x000000001a9ee000 JavaThread "Task worker for ':' Thread 2" [_thread_blocked, id=5864, stack(0x0000000021f70000,0x0000000022070000)]
  0x000000001a9f4000 JavaThread "Task worker for ':'" [_thread_blocked, id=10244, stack(0x0000000021e70000,0x0000000021f70000)]
  0x000000001a9f1800 JavaThread "Cache worker for file content cache (H:\AndroidStudioProjects\LogInPage\.gradle\4.10.1\fileContent)" [_thread_blocked, id=11208, stack(0x0000000021c40000,0x0000000021d40000)]
  0x000000001a9ee800 JavaThread "Cache worker for file content cache (C:\Users\HP\.gradle\caches\4.10.1\fileContent)" [_thread_blocked, id=10324, stack(0x0000000021b40000,0x0000000021c40000)]
  0x000000001a9f4800 JavaThread "Memory manager" [_thread_blocked, id=2092, stack(0x000000001f1b0000,0x000000001f2b0000)]
  0x000000001a9f0000 JavaThread "Build operations Thread 4" [_thread_blocked, id=5920, stack(0x000000001f0b0000,0x000000001f1b0000)]
  0x000000001a9f1000 JavaThread "Build operations Thread 3" [_thread_blocked, id=11012, stack(0x000000001efb0000,0x000000001f0b0000)]
  0x000000001a89e800 JavaThread "Build operations Thread 2" [_thread_blocked, id=2668, stack(0x000000001eeb0000,0x000000001efb0000)]
  0x000000001a8a4800 JavaThread "Build operations" [_thread_blocked, id=4624, stack(0x000000001edb0000,0x000000001eeb0000)]
  0x000000001a89f800 JavaThread "Cache worker for Artifact transforms cache (C:\Users\HP\.gradle\caches\transforms-1)" [_thread_blocked, id=9396, stack(0x000000001eab0000,0x000000001ebb0000)]
  0x000000001a8a3000 JavaThread "Cache worker for cache directory md-rule (C:\Users\HP\.gradle\caches\4.10.1\md-rule)" [_thread_blocked, id=7668, stack(0x000000001e9b0000,0x000000001eab0000)]
  0x000000001a89e000 JavaThread "Cache worker for cache directory md-supplier (C:\Users\HP\.gradle\caches\4.10.1\md-supplier)" [_thread_blocked, id=2284, stack(0x000000001e8b0000,0x000000001e9b0000)]
  0x000000001a8a1000 JavaThread "Cache worker for journal cache (C:\Users\HP\.gradle\caches\journal-1)" [_thread_blocked, id=2692, stack(0x000000001dfb0000,0x000000001e0b0000)]
  0x000000001a8a0000 JavaThread "Cache worker for file hash cache (H:\AndroidStudioProjects\LogInPage\.gradle\4.10.1\fileHashes)" [_thread_blocked, id=9592, stack(0x000000001ccf0000,0x000000001cdf0000)]
  0x0000000017f6c800 JavaThread "File lock request listener" [_thread_in_native, id=6968, stack(0x000000001b840000,0x000000001b940000)]
  0x000000001a82c800 JavaThread "Cache worker for file hash cache (C:\Users\HP\.gradle\caches\4.10.1\fileHashes)" [_thread_blocked, id=9340, stack(0x000000001b740000,0x000000001b840000)]
  0x0000000017858800 JavaThread "Asynchronous log dispatcher for DefaultDaemonConnection: socket connection from /127.0.0.1:1756 to /127.0.0.1:1757" [_thread_blocked, id=10340, stack(0x000000001a370000,0x000000001a470000)]
  0x0000000018d47000 JavaThread "Daemon worker" [_thread_blocked, id=10972, stack(0x000000001a070000,0x000000001a170000)]
  0x00000000178c7000 JavaThread "Cancel handler" [_thread_blocked, id=11016, stack(0x0000000019f70000,0x000000001a070000)]
  0x0000000018e1b000 JavaThread "Handler for socket connection from /127.0.0.1:1756 to /127.0.0.1:1757" [_thread_in_native, id=10908, stack(0x0000000019e70000,0x0000000019f70000)]
  0x0000000018e1d000 JavaThread "Daemon" [_thread_blocked, id=9124, stack(0x0000000019d70000,0x0000000019e70000)]
  0x0000000018e03000 JavaThread "Daemon periodic checks" [_thread_blocked, id=10156, stack(0x0000000019c70000,0x0000000019d70000)]
  0x0000000018ab7800 JavaThread "Incoming local TCP Connector on port 1756" [_thread_in_native, id=3032, stack(0x0000000019a30000,0x0000000019b30000)]
  0x0000000017750800 JavaThread "Service Thread" daemon [_thread_blocked, id=10104, stack(0x0000000017b20000,0x0000000017c20000)]
  0x0000000015dd4000 JavaThread "C1 CompilerThread2" daemon [_thread_blocked, id=1664, stack(0x0000000017620000,0x0000000017720000)]
  0x0000000015dd3000 JavaThread "C2 CompilerThread1" daemon [_thread_in_native, id=11120, stack(0x0000000017520000,0x0000000017620000)]
  0x0000000015dca800 JavaThread "C2 CompilerThread0" daemon [_thread_in_native, id=8964, stack(0x0000000017420000,0x0000000017520000)]
  0x0000000015dd8000 JavaThread "Attach Listener" daemon [_thread_blocked, id=11100, stack(0x0000000017320000,0x0000000017420000)]
  0x0000000015dd7000 JavaThread "Signal Dispatcher" daemon [_thread_blocked, id=10600, stack(0x0000000017220000,0x0000000017320000)]
  0x000000000245c000 JavaThread "Finalizer" daemon [_thread_blocked, id=11040, stack(0x0000000017030000,0x0000000017130000)]
  0x0000000002450800 JavaThread "Reference Handler" daemon [_thread_blocked, id=11132, stack(0x0000000016f30000,0x0000000017030000)]
  0x000000000223e000 JavaThread "main" [_thread_blocked, id=10492, stack(0x0000000002240000,0x0000000002340000)]

Other Threads:
  0x0000000015d96000 VMThread [stack: 0x0000000016e30000,0x0000000016f30000] [id=11192]
  0x0000000015e2c000 WatcherThread [stack: 0x0000000017c20000,0x0000000017d20000] [id=11024]

VM state:synchronizing (normal execution)

VM Mutex/Monitor currently owned by a thread:  ([mutex/lock_event])
[0x000000000223ccd0] Threads_lock - owner thread: 0x0000000015d96000

Heap:
 PSYoungGen      total 133120K, used 98881K [0x00000000e0000000, 0x00000000eb480000, 0x0000000100000000)
  eden space 113152K, 69% used [0x00000000e0000000,0x00000000e4d13020,0x00000000e6e80000)
  from space 19968K, 99% used [0x00000000e8c80000,0x00000000e9ffd510,0x00000000ea000000)
  to   space 30720K, 0% used [0x00000000e6e80000,0x00000000e6e80000,0x00000000e8c80000)
 ParOldGen       total 93696K, used 58896K [0x00000000a0000000, 0x00000000a5b80000, 0x00000000e0000000)
  object space 93696K, 62% used [0x00000000a0000000,0x00000000a3984210,0x00000000a5b80000)
 Metaspace       used 75985K, capacity 78558K, committed 78768K, reserved 1118208K
  class space    used 10188K, capacity 10813K, committed 10928K, reserved 1048576K

Card table byte_map: [0x0000000011820000,0x0000000011b30000] byte_map_base: 0x0000000011320000

Marking Bits: (ParMarkBitMap*) 0x0000000073485aa0
 Begin Bits: [0x0000000012130000, 0x0000000013930000)
 End Bits:   [0x0000000013930000, 0x0000000015130000)

Polling page: 0x0000000000720000

CodeCache: size=245760Kb used=28755Kb max_used=28755Kb free=217004Kb
 bounds [0x0000000002460000, 0x00000000040a0000, 0x0000000011460000]
 total_blobs=9864 nmethods=9019 adapters=757
 compilation: enabled

Compilation events (10 events):
Event: 72.629 Thread 0x0000000015dd4000 nmethod 10669 0x000000000408fc10 code [0x000000000408fda0, 0x000000000408fff8]
Event: 72.629 Thread 0x0000000015dd4000 10670       1       com.android.tools.r8.graph.DexCode::asDexCode (2 bytes)
Event: 72.629 Thread 0x0000000015dd4000 nmethod 10670 0x0000000004090150 code [0x00000000040902a0, 0x00000000040903b0]
Event: 72.629 Thread 0x0000000015dd4000 10672       2       java.util.concurrent.ForkJoinPool::awaitJoin (206 bytes)
Event: 72.631 Thread 0x0000000015dd4000 nmethod 10672 0x0000000004090410 code [0x00000000040905c0, 0x0000000004090ac8]
Event: 72.631 Thread 0x0000000015dd4000 10671       2       com.android.tools.r8.ir.conversion.IRConverter::convertMethodsToDex (57 bytes)
Event: 72.632 Thread 0x0000000015dd4000 nmethod 10671 0x0000000004090dd0 code [0x0000000004090f60, 0x0000000004091298]
Event: 72.640 Thread 0x0000000015dd4000 10673 %     3       com.android.tools.r8.graph.DexClass::forEachMethod @ 11 (75 bytes)
Event: 72.642 Thread 0x0000000015dd4000 nmethod 10673% 0x0000000004091510 code [0x00000000040916c0, 0x0000000004091d58]
Event: 72.642 Thread 0x0000000015dd4000 10674 %     3       java.util.concurrent.ForkJoinPool::scan @ 45 (416 bytes)

GC Heap History (10 events):
Event: 29.171 GC heap before
{Heap before GC invocations=21 (full 3):
 PSYoungGen      total 113152K, used 2454K [0x00000000e0000000, 0x00000000e7f00000, 0x0000000100000000)
  eden space 97280K, 0% used [0x00000000e0000000,0x00000000e0000000,0x00000000e5f00000)
  from space 15872K, 15% used [0x00000000e6e80000,0x00000000e70e5b68,0x00000000e7e00000)
  to   space 15872K, 0% used [0x00000000e5f00000,0x00000000e5f00000,0x00000000e6e80000)
 ParOldGen       total 58368K, used 37720K [0x00000000a0000000, 0x00000000a3900000, 0x00000000e0000000)
  object space 58368K, 64% used [0x00000000a0000000,0x00000000a24d6210,0x00000000a3900000)
 Metaspace       used 57529K, capacity 59096K, committed 59160K, reserved 1099776K
  class space    used 7885K, capacity 8363K, committed 8368K, reserved 1048576K
Event: 29.518 GC heap after
Heap after GC invocations=21 (full 3):
 PSYoungGen      total 113152K, used 0K [0x00000000e0000000, 0x00000000e7f00000, 0x0000000100000000)
  eden space 97280K, 0% used [0x00000000e0000000,0x00000000e0000000,0x00000000e5f00000)
  from space 15872K, 0% used [0x00000000e6e80000,0x00000000e6e80000,0x00000000e7e00000)
  to   space 15872K, 0% used [0x00000000e5f00000,0x00000000e5f00000,0x00000000e6e80000)
 ParOldGen       total 93696K, used 33838K [0x00000000a0000000, 0x00000000a5b80000, 0x00000000e0000000)
  object space 93696K, 36% used [0x00000000a0000000,0x00000000a210b8c8,0x00000000a5b80000)
 Metaspace       used 57529K, capacity 59096K, committed 59160K, reserved 1099776K
  class space    used 7885K, capacity 8363K, committed 8368K, reserved 1048576K
}
Event: 36.245 GC heap before
{Heap before GC invocations=22 (full 3):
 PSYoungGen      total 113152K, used 97278K [0x00000000e0000000, 0x00000000e7f00000, 0x0000000100000000)
  eden space 97280K, 99% used [0x00000000e0000000,0x00000000e5effa70,0x00000000e5f00000)
  from space 15872K, 0% used [0x00000000e6e80000,0x00000000e6e80000,0x00000000e7e00000)
  to   space 15872K, 0% used [0x00000000e5f00000,0x00000000e5f00000,0x00000000e6e80000)
 ParOldGen       total 93696K, used 33838K [0x00000000a0000000, 0x00000000a5b80000, 0x00000000e0000000)
  object space 93696K, 36% used [0x00000000a0000000,0x00000000a210b8c8,0x00000000a5b80000)
 Metaspace       used 59651K, capacity 61538K, committed 61744K, reserved 1101824K
  class space    used 8133K, capacity 8657K, committed 8752K, reserved 1048576K
Event: 36.256 GC heap after
Heap after GC invocations=22 (full 3):
 PSYoungGen      total 113152K, used 6367K [0x00000000e0000000, 0x00000000e8a80000, 0x0000000100000000)
  eden space 97280K, 0% used [0x00000000e0000000,0x00000000e0000000,0x00000000e5f00000)
  from space 15872K, 40% used [0x00000000e5f00000,0x00000000e6537cd8,0x00000000e6e80000)
  to   space 14848K, 0% used [0x00000000e7c00000,0x00000000e7c00000,0x00000000e8a80000)
 ParOldGen       total 93696K, used 33846K [0x00000000a0000000, 0x00000000a5b80000, 0x00000000e0000000)
  object space 93696K, 36% used [0x00000000a0000000,0x00000000a210d8c8,0x00000000a5b80000)
 Metaspace       used 59651K, capacity 61538K, committed 61744K, reserved 1101824K
  class space    used 8133K, capacity 8657K, committed 8752K, reserved 1048576K
}
Event: 52.663 GC heap before
{Heap before GC invocations=23 (full 3):
 PSYoungGen      total 113152K, used 103647K [0x00000000e0000000, 0x00000000e8a80000, 0x0000000100000000)
  eden space 97280K, 100% used [0x00000000e0000000,0x00000000e5f00000,0x00000000e5f00000)
  from space 15872K, 40% used [0x00000000e5f00000,0x00000000e6537cd8,0x00000000e6e80000)
  to   space 14848K, 0% used [0x00000000e7c00000,0x00000000e7c00000,0x00000000e8a80000)
 ParOldGen       total 93696K, used 33846K [0x00000000a0000000, 0x00000000a5b80000, 0x00000000e0000000)
  object space 93696K, 36% used [0x00000000a0000000,0x00000000a210d8c8,0x00000000a5b80000)
 Metaspace       used 61698K, capacity 63568K, committed 63792K, reserved 1103872K
  class space    used 8362K, capacity 8902K, committed 9008K, reserved 1048576K
Event: 52.703 GC heap after
Heap after GC invocations=23 (full 3):
 PSYoungGen      total 124928K, used 11047K [0x00000000e0000000, 0x00000000e8a80000, 0x0000000100000000)
  eden space 110080K, 0% used [0x00000000e0000000,0x00000000e0000000,0x00000000e6b80000)
  from space 14848K, 74% used [0x00000000e7c00000,0x00000000e86c9c40,0x00000000e8a80000)
  to   space 15872K, 0% used [0x00000000e6b80000,0x00000000e6b80000,0x00000000e7b00000)
 ParOldGen       total 93696K, used 33854K [0x00000000a0000000, 0x00000000a5b80000, 0x00000000e0000000)
  object space 93696K, 36% used [0x00000000a0000000,0x00000000a210f8c8,0x00000000a5b80000)
 Metaspace       used 61698K, capacity 63568K, committed 63792K, reserved 1103872K
  class space    used 8362K, capacity 8902K, committed 9008K, reserved 1048576K
}
Event: 60.322 GC heap before
{Heap before GC invocations=24 (full 3):
 PSYoungGen      total 124928K, used 121127K [0x00000000e0000000, 0x00000000e8a80000, 0x0000000100000000)
  eden space 110080K, 100% used [0x00000000e0000000,0x00000000e6b80000,0x00000000e6b80000)
  from space 14848K, 74% used [0x00000000e7c00000,0x00000000e86c9c40,0x00000000e8a80000)
  to   space 15872K, 0% used [0x00000000e6b80000,0x00000000e6b80000,0x00000000e7b00000)
 ParOldGen       total 93696K, used 33854K [0x00000000a0000000, 0x00000000a5b80000, 0x00000000e0000000)
  object space 93696K, 36% used [0x00000000a0000000,0x00000000a210f8c8,0x00000000a5b80000)
 Metaspace       used 66722K, capacity 68732K, committed 69040K, reserved 1107968K
  class space    used 8975K, capacity 9554K, committed 9648K, reserved 1048576K
Event: 60.367 GC heap after
Heap after GC invocations=24 (full 3):
 PSYoungGen      total 125952K, used 15871K [0x00000000e0000000, 0x00000000ea000000, 0x0000000100000000)
  eden space 110080K, 0% used [0x00000000e0000000,0x00000000e0000000,0x00000000e6b80000)
  from space 15872K, 99% used [0x00000000e6b80000,0x00000000e7affd60,0x00000000e7b00000)
  to   space 19968K, 0% used [0x00000000e8c80000,0x00000000e8c80000,0x00000000ea000000)
 ParOldGen       total 93696K, used 38964K [0x00000000a0000000, 0x00000000a5b80000, 0x00000000e0000000)
  object space 93696K, 41% used [0x00000000a0000000,0x00000000a260d2b0,0x00000000a5b80000)
 Metaspace       used 66722K, capacity 68732K, committed 69040K, reserved 1107968K
  class space    used 8975K, capacity 9554K, committed 9648K, reserved 1048576K
}
Event: 71.178 GC heap before
{Heap before GC invocations=25 (full 3):
 PSYoungGen      total 125952K, used 125951K [0x00000000e0000000, 0x00000000ea000000, 0x0000000100000000)
  eden space 110080K, 100% used [0x00000000e0000000,0x00000000e6b80000,0x00000000e6b80000)
  from space 15872K, 99% used [0x00000000e6b80000,0x00000000e7affd60,0x00000000e7b00000)
  to   space 19968K, 0% used [0x00000000e8c80000,0x00000000e8c80000,0x00000000ea000000)
 ParOldGen       total 93696K, used 38964K [0x00000000a0000000, 0x00000000a5b80000, 0x00000000e0000000)
  object space 93696K, 41% used [0x00000000a0000000,0x00000000a260d2b0,0x00000000a5b80000)
 Metaspace       used 74934K, capacity 77402K, committed 77488K, reserved 1116160K
  class space    used 10029K, capacity 10621K, committed 10672K, reserved 1048576K
Event: 71.246 GC heap after
Heap after GC invocations=25 (full 3):
 PSYoungGen      total 133120K, used 19957K [0x00000000e0000000, 0x00000000eb480000, 0x0000000100000000)
  eden space 113152K, 0% used [0x00000000e0000000,0x00000000e0000000,0x00000000e6e80000)
  from space 19968K, 99% used [0x00000000e8c80000,0x00000000e9ffd510,0x00000000ea000000)
  to   space 30720K, 0% used [0x00000000e6e80000,0x00000000e6e80000,0x00000000e8c80000)
 ParOldGen       total 93696K, used 58896K [0x00000000a0000000, 0x00000000a5b80000, 0x00000000e0000000)
  object space 93696K, 62% used [0x00000000a0000000,0x00000000a3984210,0x00000000a5b80000)
 Metaspace       used 74934K, capacity 77402K, committed 77488K, reserved 1116160K
  class space    used 10029K, capacity 10621K, committed 10672K, reserved 1048576K
}

Deoptimization events (10 events):
Event: 71.563 Thread 0x000000001b0c4800 Uncommon trap: reason=unstable_if action=reinterpret pc=0x00000000036bba88 method=com.android.tools.r8.dex.DexParser.cacheAt(ILjava/util/function/Supplier;)Ljava/lang/Object; @ 1
Event: 71.570 Thread 0x000000001b0c4800 Uncommon trap: reason=unstable_if action=reinterpret pc=0x00000000038e9450 method=java.util.concurrent.ConcurrentLinkedQueue.offer(Ljava/lang/Object;)Z @ 40
Event: 71.601 Thread 0x000000001b0c8000 Uncommon trap: reason=unstable_if action=reinterpret pc=0x0000000003cbc37c method=com.android.tools.r8.dex.DexParser$MemberAnnotationIterator.getNextFor(Lcom/android/tools/r8/graph/Descriptor;)Lcom/android/tools/r8/graph/DexItem; @ 9
Event: 71.623 Thread 0x000000001b0c0800 Uncommon trap: reason=unstable_if action=reinterpret pc=0x00000000034e5038 method=com.android.tools.r8.it.unimi.dsi.fastutil.ints.Int2ObjectOpenHashMap.insert(ILjava/lang/Object;)I @ 1
Event: 71.626 Thread 0x000000001b0c4800 Uncommon trap: reason=unstable_if action=reinterpret pc=0x0000000003bc8290 method=com.android.tools.r8.it.unimi.dsi.fastutil.ints.Int2ObjectOpenHashMap.get(I)Ljava/lang/Object; @ 1
Event: 71.652 Thread 0x000000001b0c8000 Uncommon trap: reason=unloaded action=reinterpret pc=0x0000000003c5f9dc method=com.android.tools.r8.dex.DexParser.parseEncodedValue()Lcom/android/tools/r8/graph/DexValue; @ 459
Event: 71.704 Thread 0x000000001b0c4800 Uncommon trap: reason=unstable_if action=reinterpret pc=0x00000000031f9034 method=com.android.tools.r8.it.unimi.dsi.fastutil.ints.Int2ObjectOpenHashMap.insert(ILjava/lang/Object;)I @ 1
Event: 71.959 Thread 0x000000001b0c4800 Uncommon trap: reason=unloaded action=reinterpret pc=0x0000000003c820f0 method=com.android.tools.r8.code.BaseInstructionFactory.create(IILcom/android/tools/r8/code/BytecodeStream;Lcom/android/tools/r8/graph/OffsetToObjectMapping;)Lcom/android/tools/r8/cod
Event: 72.214 Thread 0x000000001b0c4800 Uncommon trap: reason=null_check action=make_not_entrant pc=0x0000000002f821e8 method=com.android.tools.r8.dex.DexParser.debugInfoAt(I)Lcom/android/tools/r8/graph/DexDebugInfo; @ 11
Event: 72.510 Thread 0x000000001b0c4800 Uncommon trap: reason=unstable_if action=reinterpret pc=0x00000000040210c0 method=com.android.tools.r8.utils.IdentifierUtils.isSimpleNameChar(I)Z @ 45

Classes redefined (0 events):
No events

Internal exceptions (10 events):
Event: 64.561 Thread 0x000000001b0c0000 Exception <a 'java/lang/NoSuchMethodError': java.lang.Object.lambda$and$0(Ljava/util/function/Predicate;Ljava/lang/Object;)Z> (0x00000000e29201b0) thrown at [D:\src\AOSP-openjdk-cygwin\jdk8u\hotspot\src\share\vm\interpreter\linkResolver.cpp, line 584]
Event: 64.579 Thread 0x000000001b0c0000 Exception <a 'java/lang/NoSuchMethodError': java.lang.Object.lambda$static$0(Ljava/lang/String;)Z> (0x00000000e292bd28) thrown at [D:\src\AOSP-openjdk-cygwin\jdk8u\hotspot\src\share\vm\interpreter\linkResolver.cpp, line 584]
Event: 64.836 Thread 0x000000001b0c4800 Exception <a 'sun/nio/fs/WindowsException'> (0x00000000e2cec1e0) thrown at [D:\src\AOSP-openjdk-cygwin\jdk8u\hotspot\src\share\vm\prims\jni.cpp, line 709]
Event: 66.910 Thread 0x000000001b0c4800 Exception <a 'sun/nio/fs/WindowsException'> (0x00000000e4868aa8) thrown at [D:\src\AOSP-openjdk-cygwin\jdk8u\hotspot\src\share\vm\prims\jni.cpp, line 709]
Event: 66.918 Thread 0x000000001b0c4800 Exception <a 'sun/nio/fs/WindowsException'> (0x00000000e48c5900) thrown at [D:\src\AOSP-openjdk-cygwin\jdk8u\hotspot\src\share\vm\prims\jni.cpp, line 709]
Event: 70.979 Thread 0x000000001b0c2000 Exception <a 'sun/nio/fs/WindowsException'> (0x00000000e5059eb8) thrown at [D:\src\AOSP-openjdk-cygwin\jdk8u\hotspot\src\share\vm\prims\jni.cpp, line 709]
Event: 71.561 Thread 0x000000001b0c8000 Implicit null exception at 0x00000000033f3aaf to 0x00000000033f3ba1
Event: 71.561 Thread 0x000000001b0c4800 Implicit null exception at 0x00000000033f3aaf to 0x00000000033f3ba1
Event: 71.561 Thread 0x000000001b0c0800 Implicit null exception at 0x00000000033f3aaf to 0x00000000033f3ba1
Event: 72.213 Thread 0x000000001b0c4800 Implicit null exception at 0x0000000002f7ee4c to 0x0000000002f821b9

Events (10 events):
Event: 71.959 Thread 0x000000001b0c4800 DEOPT UNPACKING pc=0x00000000024a557b sp=0x000000002575e950 mode 2
Event: 72.213 Thread 0x000000001b0c4800 Uncommon trap: trap_request=0xfffffff4 fr.pc=0x0000000002f821e8
Event: 72.214 Thread 0x000000001b0c4800 DEOPT PACKING pc=0x0000000002f821e8 sp=0x000000002575ebe0
Event: 72.214 Thread 0x000000001b0c4800 DEOPT UNPACKING pc=0x00000000024a557b sp=0x000000002575eb48 mode 2
Event: 72.510 Thread 0x000000001b0c4800 Uncommon trap: trap_request=0xffffff65 fr.pc=0x00000000040210c0
Event: 72.510 Thread 0x000000001b0c4800 DEOPT PACKING pc=0x00000000040210c0 sp=0x000000002575e7c0
Event: 72.510 Thread 0x000000001b0c4800 DEOPT UNPACKING pc=0x00000000024a557b sp=0x000000002575e758 mode 2
Event: 72.627 Executing VM operation: RevokeBias
Event: 72.627 Executing VM operation: RevokeBias done
Event: 72.643 Executing VM operation: RevokeBias


Dynamic libraries:
0x00007ff6cf8b0000 - 0x00007ff6cf8e1000 	C:\Program Files (x86)\Android\Android Studio\jre\bin\java.exe
0x00007ffcb4b30000 - 0x00007ffcb4d11000 	C:\WINDOWS\SYSTEM32\ntdll.dll
0x00007ffcaba60000 - 0x00007ffcaba72000 	C:\Program Files\AVAST Software\Avast\aswhook.dll
0x00007ffcb2470000 - 0x00007ffcb2522000 	C:\WINDOWS\System32\KERNEL32.DLL
0x00007ffcb1ac0000 - 0x00007ffcb1d33000 	C:\WINDOWS\System32\KERNELBASE.dll
0x00007ffcb45b0000 - 0x00007ffcb4651000 	C:\WINDOWS\System32\ADVAPI32.dll
0x00007ffcb3d20000 - 0x00007ffcb3dbe000 	C:\WINDOWS\System32\msvcrt.dll
0x00007ffcb2410000 - 0x00007ffcb246b000 	C:\WINDOWS\System32\sechost.dll
0x00007ffcb4990000 - 0x00007ffcb4ab4000 	C:\WINDOWS\System32\RPCRT4.dll
0x00007ffcb2530000 - 0x00007ffcb26c0000 	C:\WINDOWS\System32\USER32.dll
0x00007ffcb1aa0000 - 0x00007ffcb1ac0000 	C:\WINDOWS\System32\win32u.dll
0x00007ffcb4520000 - 0x00007ffcb4548000 	C:\WINDOWS\System32\GDI32.dll
0x00007ffcb1660000 - 0x00007ffcb17f2000 	C:\WINDOWS\System32\gdi32full.dll
0x00007ffcb1ea0000 - 0x00007ffcb1f3f000 	C:\WINDOWS\System32\msvcp_win.dll
0x00007ffcb1da0000 - 0x00007ffcb1e9a000 	C:\WINDOWS\System32\ucrtbase.dll
0x00007ffca1fd0000 - 0x00007ffca2239000 	C:\WINDOWS\WinSxS\amd64_microsoft.windows.common-controls_6595b64144ccf1df_6.0.17134.523_none_fb409dd930672a56\COMCTL32.dll
0x00007ffcb4660000 - 0x00007ffcb4982000 	C:\WINDOWS\System32\combase.dll
0x00007ffcb1f40000 - 0x00007ffcb1fba000 	C:\WINDOWS\System32\bcryptPrimitives.dll
0x00007ffcb4ad0000 - 0x00007ffcb4afd000 	C:\WINDOWS\System32\IMM32.DLL
0x0000000072b00000 - 0x0000000072bd2000 	C:\Program Files (x86)\Android\Android Studio\jre\jre\bin\msvcr100.dll
0x0000000072cc0000 - 0x0000000073501000 	C:\Program Files (x86)\Android\Android Studio\jre\jre\bin\server\jvm.dll
0x00007ffcb2400000 - 0x00007ffcb2408000 	C:\WINDOWS\System32\PSAPI.DLL
0x00007ffc8d380000 - 0x00007ffc8d389000 	C:\WINDOWS\SYSTEM32\WSOCK32.dll
0x00007ffcb4210000 - 0x00007ffcb427c000 	C:\WINDOWS\System32\WS2_32.dll
0x00007ffcaa120000 - 0x00007ffcaa143000 	C:\WINDOWS\SYSTEM32\WINMM.dll
0x00007ffca57f0000 - 0x00007ffca57fa000 	C:\WINDOWS\SYSTEM32\VERSION.dll
0x00007ffcaa0f0000 - 0x00007ffcaa11a000 	C:\WINDOWS\SYSTEM32\WINMMBASE.dll
0x00007ffcb1610000 - 0x00007ffcb1659000 	C:\WINDOWS\System32\cfgmgr32.dll
0x00007ffc84d50000 - 0x00007ffc84d5f000 	C:\Program Files (x86)\Android\Android Studio\jre\jre\bin\verify.dll
0x00007ffc70b00000 - 0x00007ffc70b29000 	C:\Program Files (x86)\Android\Android Studio\jre\jre\bin\java.dll
0x00007ffc6adf0000 - 0x00007ffc6ae06000 	C:\Program Files (x86)\Android\Android Studio\jre\jre\bin\zip.dll
0x00007ffcb26c0000 - 0x00007ffcb3b00000 	C:\WINDOWS\System32\SHELL32.dll
0x00007ffcb4280000 - 0x00007ffcb4329000 	C:\WINDOWS\System32\shcore.dll
0x00007ffcb0f00000 - 0x00007ffcb160d000 	C:\WINDOWS\System32\windows.storage.dll
0x00007ffcb4550000 - 0x00007ffcb45a1000 	C:\WINDOWS\System32\shlwapi.dll
0x00007ffcb0ee0000 - 0x00007ffcb0ef1000 	C:\WINDOWS\System32\kernel.appcore.dll
0x00007ffcb0e70000 - 0x00007ffcb0e8f000 	C:\WINDOWS\System32\profapi.dll
0x00007ffcb0e90000 - 0x00007ffcb0edc000 	C:\WINDOWS\System32\powrprof.dll
0x00007ffcb0e40000 - 0x00007ffcb0e4a000 	C:\WINDOWS\System32\FLTLIB.DLL
0x00007ffc60c30000 - 0x00007ffc60c4a000 	C:\Program Files (x86)\Android\Android Studio\jre\jre\bin\net.dll
0x00007ffcb06c0000 - 0x00007ffcb0726000 	C:\WINDOWS\system32\mswsock.dll
0x00007ffc6fcf0000 - 0x00007ffc6fd01000 	C:\Program Files (x86)\Android\Android Studio\jre\jre\bin\nio.dll
0x00007ffca52d0000 - 0x00007ffca52ee000 	C:\Users\HP\.gradle\native\25\windows-amd64\native-platform.dll
0x00007ffca9dd0000 - 0x00007ffca9ddd000 	C:\Program Files (x86)\Android\Android Studio\jre\jre\bin\management.dll
0x00007ffcb0870000 - 0x00007ffcb0887000 	C:\WINDOWS\SYSTEM32\CRYPTSP.dll
0x00007ffcb0240000 - 0x00007ffcb0273000 	C:\WINDOWS\system32\rsaenh.dll
0x00007ffcb09a0000 - 0x00007ffcb09c5000 	C:\WINDOWS\SYSTEM32\bcrypt.dll
0x00007ffcb0d40000 - 0x00007ffcb0d68000 	C:\WINDOWS\SYSTEM32\USERENV.dll
0x00007ffcb0890000 - 0x00007ffcb089b000 	C:\WINDOWS\SYSTEM32\CRYPTBASE.dll
0x00007ffcb0440000 - 0x00007ffcb0478000 	C:\WINDOWS\SYSTEM32\IPHLPAPI.DLL
0x00007ffcb2320000 - 0x00007ffcb2328000 	C:\WINDOWS\System32\NSI.dll
0x00007ffca9b40000 - 0x00007ffca9b56000 	C:\WINDOWS\SYSTEM32\dhcpcsvc6.DLL
0x00007ffca9f50000 - 0x00007ffca9f6a000 	C:\WINDOWS\SYSTEM32\dhcpcsvc.DLL

VM Arguments:
jvm_args: -Xmx1536m -Dfile.encoding=windows-1252 -Duser.country=US -Duser.language=en -Duser.variant 
java_command: org.gradle.launcher.daemon.bootstrap.GradleDaemon 4.10.1
java_class_path (initial): C:\Users\HP\.gradle\wrapper\dists\gradle-4.10.1-all\455itskqi2qtf0v2sja68alqd\gradle-4.10.1\lib\gradle-launcher-4.10.1.jar
Launcher Type: SUN_STANDARD

Environment Variables:
PATH=C:\Program Files (x86)\Common Files\Oracle\Java\javapath;C:\Program Files (x86)\Common Files\ArcSoft\Bin;C:\Program Files (x86)\Intel\iCLS Client\;C:\Program Files\Intel\iCLS Client\;C:\WINDOWS\system32;C:\WINDOWS;C:\WINDOWS\System32\Wbem;C:\WINDOWS\System32\WindowsPowerShell\v1.0\;C:\Program Files (x86)\Intel\Intel(R) Management Engine Components\DAL;C:\Program Files\Intel\Intel(R) Management Engine Components\DAL;C:\Program Files (x86)\Intel\Intel(R) Management Engine Components\IPT;C:\Program Files\Intel\Intel(R) Management Engine Components\IPT;c:\Program Files\Intel\WiFi\bin\;c:\Program Files\Common Files\Intel\WirelessCommon\;C:\Program Files (x86)\GtkSharp\2.12\bin;C:\WINDOWS\System32\OpenSSH\;C:\Users\HP\AppData\Local\Android\Sdk;C:\Program Files (x86)\Java\jdk1.6.0_18\bin;%USERPROFILE%\AppData\Local\Microsoft\WindowsApps;
USERNAME=HP
OS=Windows_NT
PROCESSOR_IDENTIFIER=Intel64 Family 6 Model 61 Stepping 4, GenuineIntel



---------------  S Y S T E M  ---------------

OS: Windows 10.0 , 64 bit Build 17134 (10.0.17134.1)

CPU:total 4 (initial active 4) (2 cores per cpu, 2 threads per core) family 6 model 61 stepping 4, cmov, cx8, fxsr, mmx, sse, sse2, sse3, ssse3, sse4.1, sse4.2, popcnt, avx, avx2, aes, clmul, erms, 3dnowpref, lzcnt, ht, tsc, tscinvbit, bmi1, bmi2, adx

Memory: 4k page, physical 4082796k(272832k free), swap 4082796k(3244k free)

vm_info: OpenJDK 64-Bit Server VM (25.152-b01) for windows-amd64 JRE (1.8.0_152-release-1248-b01), built by "builder" with MS VC++ 10.0 (VS2010)

time: Thu Jan 24 12:52:16 2019
elapsed time: 72 seconds (0d 0h 1m 12s)

