#
# There is insufficient memory for the Java Runtime Environment to continue.
# Native memory allocation (malloc) failed to allocate 32744 bytes for ChunkPool::allocate
# Possible reasons:
#   The system is out of physical RAM or swap space
#   In 32 bit mode, the process size limit was hit
# Possible solutions:
#   Reduce memory load on the system
#   Increase physical memory or swap space
#   Check if swap backing store is full
#   Use 64 bit Java on a 64 bit OS
#   Decrease Java heap size (-Xmx/-Xms)
#   Decrease number of Java threads
#   Decrease Java thread stack sizes (-Xss)
#   Set larger code cache with -XX:ReservedCodeCacheSize=
# This output file may be truncated or incomplete.
#
#  Out of Memory Error (allocation.cpp:273), pid=8256, tid=0x0000000000001630
#
# JRE version: OpenJDK Runtime Environment (8.0_152-b02) (build 1.8.0_152-release-1024-b02)
# Java VM: OpenJDK 64-Bit Server VM (25.152-b02 mixed mode windows-amd64 compressed oops)
# Failed to write core dump. Minidumps are not enabled by default on client versions of Windows
#

---------------  T H R E A D  ---------------

Current thread (0x00000000167cb800):  JavaThread "C2 CompilerThread0" daemon [_thread_in_native, id=5680, stack(0x0000000017e10000,0x0000000017f10000)]

Stack: [0x0000000017e10000,0x0000000017f10000]
[error occurred during error reporting (printing stack bounds), id 0xc0000005]

Native frames: (J=compiled Java code, j=interpreted, Vv=VM code, C=native code)


Current CompileTask:
C2:  40122 7741       4       org.gradle.internal.component.model.ComponentAttributeMatcher::doMatchCandidate (201 bytes)


---------------  P R O C E S S  ---------------

Java Threads: ( => current thread )
  0x000000001f09a000 JavaThread "Memory manager" [_thread_blocked, id=3120, stack(0x0000000020ee0000,0x0000000020fe0000)]
  0x000000001f099000 JavaThread "build operations Thread 4" [_thread_blocked, id=176, stack(0x00000000207e0000,0x00000000208e0000)]
  0x000000001f098800 JavaThread "build operations Thread 3" [_thread_in_Java, id=772, stack(0x00000000206e0000,0x00000000207e0000)]
  0x000000001f09e800 JavaThread "build operations Thread 2" [_thread_blocked, id=6668, stack(0x00000000205e0000,0x00000000206e0000)]
  0x000000001f09f000 JavaThread "build operations" [_thread_blocked, id=9392, stack(0x000000001ebd0000,0x000000001ecd0000)]
  0x000000001f09d800 JavaThread "Cache worker for Artifact transforms cache (C:\Users\HP\.gradle\caches\transforms-1)" [_thread_blocked, id=8488, stack(0x000000001e7d0000,0x000000001e8d0000)]
  0x000000001bbb1800 JavaThread "Cache worker for file hash cache (H:\AndroidStudioProjects\LogInPage\.gradle\4.4\fileHashes)" [_thread_blocked, id=3984, stack(0x000000001d300000,0x000000001d400000)]
  0x0000000019aa4000 JavaThread "File lock request listener" [_thread_in_native, id=8620, stack(0x000000001c230000,0x000000001c330000)]
  0x0000000019704800 JavaThread "Cache worker for file hash cache (C:\Users\HP\.gradle\caches\4.4\fileHashes)" [_thread_blocked, id=7748, stack(0x000000001c130000,0x000000001c230000)]
  0x0000000019692800 JavaThread "Stdin handler" [_thread_blocked, id=9888, stack(0x000000001ae60000,0x000000001af60000)]
  0x0000000019691800 JavaThread "Asynchronous log dispatcher for DefaultDaemonConnection: socket connection from /127.0.0.1:2865 to /127.0.0.1:2866" [_thread_blocked, id=8224, stack(0x000000001ad60000,0x000000001ae60000)]
  0x0000000019739800 JavaThread "Daemon worker" [_thread_blocked, id=1536, stack(0x000000001ac60000,0x000000001ad60000)]
  0x000000001973e000 JavaThread "Cancel handler" [_thread_blocked, id=6700, stack(0x000000001ab60000,0x000000001ac60000)]
  0x00000000192e9800 JavaThread "Handler for socket connection from /127.0.0.1:2865 to /127.0.0.1:2866" [_thread_in_native, id=9584, stack(0x000000001a860000,0x000000001a960000)]
  0x00000000192e6000 JavaThread "Daemon periodic checks" [_thread_blocked, id=8880, stack(0x000000001a760000,0x000000001a860000)]
  0x00000000192e5000 JavaThread "Daemon" [_thread_blocked, id=6880, stack(0x000000001a660000,0x000000001a760000)]
  0x0000000019432000 JavaThread "Incoming local TCP Connector on port 2865" [_thread_in_native, id=4024, stack(0x000000001a420000,0x000000001a520000)]
  0x000000001682e800 JavaThread "Service Thread" daemon [_thread_blocked, id=4404, stack(0x0000000018510000,0x0000000018610000)]
  0x0000000016825000 JavaThread "C1 CompilerThread2" daemon [_thread_blocked, id=2244, stack(0x0000000018010000,0x0000000018110000)]
  0x00000000167d1800 JavaThread "C2 CompilerThread1" daemon [_thread_blocked, id=8744, stack(0x0000000017f10000,0x0000000018010000)]
=>0x00000000167cb800 JavaThread "C2 CompilerThread0" daemon [_thread_in_native, id=5680, stack(0x0000000017e10000,0x0000000017f10000)]
  0x00000000167ca000 JavaThread "Attach Listener" daemon [_thread_blocked, id=4680, stack(0x0000000017d10000,0x0000000017e10000)]
  0x00000000167c9000 JavaThread "Signal Dispatcher" daemon [_thread_blocked, id=5832, stack(0x0000000017c10000,0x0000000017d10000)]
  0x0000000002e56800 JavaThread "Finalizer" daemon [_thread_blocked, id=8652, stack(0x0000000017a20000,0x0000000017b20000)]
  0x0000000002e51800 JavaThread "Reference Handler" daemon [_thread_blocked, id=3724, stack(0x0000000017920000,0x0000000017a20000)]
  0x0000000002c5d800 JavaThread "main" [_thread_blocked, id=2372, stack(0x0000000002c60000,0x0000000002d60000)]

Other Threads:
  0x0000000016797000 VMThread [stack: 0x0000000017820000,0x0000000017920000] [id=3952]
  0x0000000018145000 WatcherThread [stack: 0x0000000018610000,0x0000000018710000] [id=2840]

VM state:not at safepoint (normal execution)

VM Mutex/Monitor currently owned by a thread: None

Heap:
 PSYoungGen      total 166400K, used 16212K [0x00000000e0000000, 0x00000000eec00000, 0x0000000100000000)
  eden space 151552K, 10% used [0x00000000e0000000,0x00000000e1007e88,0x00000000e9400000)
  from space 14848K, 0% used [0x00000000ea900000,0x00000000ea900000,0x00000000eb780000)
  to   space 21504K, 0% used [0x00000000e9400000,0x00000000e9400000,0x00000000ea900000)
 ParOldGen       total 60416K, used 48305K [0x00000000a0000000, 0x00000000a3b00000, 0x00000000e0000000)
  object space 60416K, 79% used [0x00000000a0000000,0x00000000a2f2c7a8,0x00000000a3b00000)
 Metaspace       used 56813K, capacity 58968K, committed 59224K, reserved 1099776K
  class space    used 7851K, capacity 8446K, committed 8536K, reserved 1048576K

Card table byte_map: [0x0000000012220000,0x0000000012530000] byte_map_base: 0x0000000011d20000

Marking Bits: (ParMarkBitMap*) 0x000000005e2b4970
 Begin Bits: [0x0000000012b30000, 0x0000000014330000)
 End Bits:   [0x0000000014330000, 0x0000000015b30000)

Polling page: 0x0000000001110000

CodeCache: size=245760Kb used=23860Kb max_used=24653Kb free=221899Kb
 bounds [0x0000000002e60000, 0x0000000004690000, 0x0000000011e60000]
 total_blobs=7759 nmethods=6997 adapters=674
 compilation: enabled

Compilation events (10 events):
Event: 39.889 Thread 0x0000000016825000 nmethod 7736 0x000000000372d8d0 code [0x000000000372db00, 0x000000000372e808]
Event: 39.909 Thread 0x00000000167cb800 nmethod 7737 0x0000000003012750 code [0x0000000003012920, 0x0000000003013008]
Event: 39.910 Thread 0x0000000016825000 7738       3       org.codehaus.groovy.runtime.callsite.PogoMetaMethodSite::checkCall (25 bytes)
Event: 39.911 Thread 0x0000000016825000 nmethod 7738 0x000000000307fb50 code [0x000000000307fd00, 0x0000000003080448]
Event: 39.911 Thread 0x0000000016825000 7739       3       com.google.gms.googleservices.GoogleServicesPlugin$Version::getTrimmedVersion (11 bytes)
Event: 39.911 Thread 0x0000000016825000 nmethod 7739 0x0000000003b01f90 code [0x0000000003b02100, 0x0000000003b02288]
Event: 39.913 Thread 0x00000000167cb800 7740       4       org.codehaus.groovy.runtime.InvokerHelper::getProperty (75 bytes)
Event: 39.956 Thread 0x00000000167cb800 nmethod 7740 0x000000000345c0d0 code [0x000000000345c3a0, 0x000000000345d4e0]
Event: 39.956 Thread 0x00000000167cb800 7741       4       org.gradle.internal.component.model.ComponentAttributeMatcher::doMatchCandidate (201 bytes)
Event: 39.992 Thread 0x00000000167d1800 nmethod 7734 0x0000000003a42bd0 code [0x0000000003a42de0, 0x0000000003a44958]

GC Heap History (10 events):
Event: 23.070 GC heap before
{Heap before GC invocations=13 (full 2):
 PSYoungGen      total 125952K, used 122880K [0x00000000e0000000, 0x00000000ea700000, 0x0000000100000000)
  eden space 122880K, 100% used [0x00000000e0000000,0x00000000e7800000,0x00000000e7800000)
  from space 3072K, 0% used [0x00000000e8400000,0x00000000e8400000,0x00000000e8700000)
  to   space 12288K, 0% used [0x00000000e7800000,0x00000000e7800000,0x00000000e8400000)
 ParOldGen       total 60416K, used 16143K [0x00000000a0000000, 0x00000000a3b00000, 0x00000000e0000000)
  object space 60416K, 26% used [0x00000000a0000000,0x00000000a0fc3d10,0x00000000a3b00000)
 Metaspace       used 41555K, capacity 42730K, committed 42968K, reserved 1085440K
  class space    used 5702K, capacity 6081K, committed 6104K, reserved 1048576K
Event: 23.097 GC heap after
Heap after GC invocations=13 (full 2):
 PSYoungGen      total 135168K, used 12284K [0x00000000e0000000, 0x00000000eb780000, 0x0000000100000000)
  eden space 122880K, 0% used [0x00000000e0000000,0x00000000e0000000,0x00000000e7800000)
  from space 12288K, 99% used [0x00000000e7800000,0x00000000e83ff2d8,0x00000000e8400000)
  to   space 14848K, 0% used [0x00000000ea900000,0x00000000ea900000,0x00000000eb780000)
 ParOldGen       total 60416K, used 17854K [0x00000000a0000000, 0x00000000a3b00000, 0x00000000e0000000)
  object space 60416K, 29% used [0x00000000a0000000,0x00000000a116f8d0,0x00000000a3b00000)
 Metaspace       used 41555K, capacity 42730K, committed 42968K, reserved 1085440K
  class space    used 5702K, capacity 6081K, committed 6104K, reserved 1048576K
}
Event: 28.135 GC heap before
{Heap before GC invocations=14 (full 2):
 PSYoungGen      total 135168K, used 135164K [0x00000000e0000000, 0x00000000eb780000, 0x0000000100000000)
  eden space 122880K, 100% used [0x00000000e0000000,0x00000000e7800000,0x00000000e7800000)
  from space 12288K, 99% used [0x00000000e7800000,0x00000000e83ff2d8,0x00000000e8400000)
  to   space 14848K, 0% used [0x00000000ea900000,0x00000000ea900000,0x00000000eb780000)
 ParOldGen       total 60416K, used 17854K [0x00000000a0000000, 0x00000000a3b00000, 0x00000000e0000000)
  object space 60416K, 29% used [0x00000000a0000000,0x00000000a116f8d0,0x00000000a3b00000)
 Metaspace       used 52596K, capacity 54398K, committed 54616K, reserved 1095680K
  class space    used 7291K, capacity 7766K, committed 7768K, reserved 1048576K
Event: 28.207 GC heap after
Heap after GC invocations=14 (full 2):
 PSYoungGen      total 167936K, used 14845K [0x00000000e0000000, 0x00000000ec280000, 0x0000000100000000)
  eden space 153088K, 0% used [0x00000000e0000000,0x00000000e0000000,0x00000000e9580000)
  from space 14848K, 99% used [0x00000000ea900000,0x00000000eb77f510,0x00000000eb780000)
  to   space 19968K, 0% used [0x00000000e9580000,0x00000000e9580000,0x00000000ea900000)
 ParOldGen       total 60416K, used 25603K [0x00000000a0000000, 0x00000000a3b00000, 0x00000000e0000000)
  object space 60416K, 42% used [0x00000000a0000000,0x00000000a1900ec8,0x00000000a3b00000)
 Metaspace       used 52596K, capacity 54398K, committed 54616K, reserved 1095680K
  class space    used 7291K, capacity 7766K, committed 7768K, reserved 1048576K
}
Event: 32.422 GC heap before
{Heap before GC invocations=15 (full 2):
 PSYoungGen      total 167936K, used 167933K [0x00000000e0000000, 0x00000000ec280000, 0x0000000100000000)
  eden space 153088K, 100% used [0x00000000e0000000,0x00000000e9580000,0x00000000e9580000)
  from space 14848K, 99% used [0x00000000ea900000,0x00000000eb77f510,0x00000000eb780000)
  to   space 19968K, 0% used [0x00000000e9580000,0x00000000e9580000,0x00000000ea900000)
 ParOldGen       total 60416K, used 25603K [0x00000000a0000000, 0x00000000a3b00000, 0x00000000e0000000)
  object space 60416K, 42% used [0x00000000a0000000,0x00000000a1900ec8,0x00000000a3b00000)
 Metaspace       used 56071K, capacity 58116K, committed 58456K, reserved 1099776K
  class space    used 7818K, capacity 8432K, committed 8536K, reserved 1048576K
Event: 32.516 GC heap after
Heap after GC invocations=15 (full 2):
 PSYoungGen      total 173056K, used 16257K [0x00000000e0000000, 0x00000000ec280000, 0x0000000100000000)
  eden space 153088K, 0% used [0x00000000e0000000,0x00000000e0000000,0x00000000e9580000)
  from space 19968K, 81% used [0x00000000e9580000,0x00000000ea560678,0x00000000ea900000)
  to   space 14848K, 0% used [0x00000000ea900000,0x00000000ea900000,0x00000000eb780000)
 ParOldGen       total 60416K, used 40360K [0x00000000a0000000, 0x00000000a3b00000, 0x00000000e0000000)
  object space 60416K, 66% used [0x00000000a0000000,0x00000000a276a378,0x00000000a3b00000)
 Metaspace       used 56071K, capacity 58116K, committed 58456K, reserved 1099776K
  class space    used 7818K, capacity 8432K, committed 8536K, reserved 1048576K
}
Event: 38.828 GC heap before
{Heap before GC invocations=16 (full 2):
 PSYoungGen      total 173056K, used 87533K [0x00000000e0000000, 0x00000000ec280000, 0x0000000100000000)
  eden space 153088K, 46% used [0x00000000e0000000,0x00000000e459af50,0x00000000e9580000)
  from space 19968K, 81% used [0x00000000e9580000,0x00000000ea560678,0x00000000ea900000)
  to   space 14848K, 0% used [0x00000000ea900000,0x00000000ea900000,0x00000000eb780000)
 ParOldGen       total 60416K, used 40360K [0x00000000a0000000, 0x00000000a3b00000, 0x00000000e0000000)
  object space 60416K, 66% used [0x00000000a0000000,0x00000000a276a378,0x00000000a3b00000)
 Metaspace       used 56775K, capacity 58826K, committed 58968K, reserved 1099776K
  class space    used 7849K, capacity 8443K, committed 8536K, reserved 1048576K
Event: 38.864 GC heap after
Heap after GC invocations=16 (full 2):
 PSYoungGen      total 166400K, used 2976K [0x00000000e0000000, 0x00000000eec00000, 0x0000000100000000)
  eden space 151552K, 0% used [0x00000000e0000000,0x00000000e0000000,0x00000000e9400000)
  from space 14848K, 20% used [0x00000000ea900000,0x00000000eabe8000,0x00000000eb780000)
  to   space 21504K, 0% used [0x00000000e9400000,0x00000000e9400000,0x00000000ea900000)
 ParOldGen       total 60416K, used 54599K [0x00000000a0000000, 0x00000000a3b00000, 0x00000000e0000000)
  object space 60416K, 90% used [0x00000000a0000000,0x00000000a3551cb8,0x00000000a3b00000)
 Metaspace       used 56775K, capacity 58826K, committed 58968K, reserved 1099776K
  class space    used 7849K, capacity 8443K, committed 8536K, reserved 1048576K
}
Event: 38.864 GC heap before
{Heap before GC invocations=17 (full 3):
 PSYoungGen      total 166400K, used 2976K [0x00000000e0000000, 0x00000000eec00000, 0x0000000100000000)
  eden space 151552K, 0% used [0x00000000e0000000,0x00000000e0000000,0x00000000e9400000)
  from space 14848K, 20% used [0x00000000ea900000,0x00000000eabe8000,0x00000000eb780000)
  to   space 21504K, 0% used [0x00000000e9400000,0x00000000e9400000,0x00000000ea900000)
 ParOldGen       total 60416K, used 54599K [0x00000000a0000000, 0x00000000a3b00000, 0x00000000e0000000)
  object space 60416K, 90% used [0x00000000a0000000,0x00000000a3551cb8,0x00000000a3b00000)
 Metaspace       used 56775K, capacity 58826K, committed 58968K, reserved 1099776K
  class space    used 7849K, capacity 8443K, committed 8536K, reserved 1048576K
Event: 39.294 GC heap after
Heap after GC invocations=17 (full 3):
 PSYoungGen      total 166400K, used 0K [0x00000000e0000000, 0x00000000eec00000, 0x0000000100000000)
  eden space 151552K, 0% used [0x00000000e0000000,0x00000000e0000000,0x00000000e9400000)
  from space 14848K, 0% used [0x00000000ea900000,0x00000000ea900000,0x00000000eb780000)
  to   space 21504K, 0% used [0x00000000e9400000,0x00000000e9400000,0x00000000ea900000)
 ParOldGen       total 60416K, used 48305K [0x00000000a0000000, 0x00000000a3b00000, 0x00000000e0000000)
  object space 60416K, 79% used [0x00000000a0000000,0x00000000a2f2c7a8,0x00000000a3b00000)
 Metaspace       used 56775K, capacity 58826K, committed 58968K, reserved 1099776K
  class space    used 7849K, capacity 8443K, committed 8536K, reserved 1048576K
}

Deoptimization events (10 events):
Event: 31.905 Thread 0x0000000019739800 Uncommon trap: reason=class_check action=maybe_recompile pc=0x000000000328e578 method=com.google.common.collect.AbstractMapBasedMultimap$WrappedCollection.refreshIfEmpty()V @ 59
Event: 31.905 Thread 0x0000000019739800 Uncommon trap: reason=unstable_if action=reinterpret pc=0x000000000428480c method=com.esotericsoftware.kryo.io.Input.readString()Ljava/lang/String; @ 38
Event: 31.957 Thread 0x0000000019739800 Uncommon trap: reason=bimorphic action=maybe_recompile pc=0x0000000004298718 method=org.codehaus.groovy.util.SingleKeyHashMap.get(Ljava/lang/Object;)Ljava/lang/Object; @ 43
Event: 31.957 Thread 0x0000000019739800 Uncommon trap: reason=bimorphic action=maybe_recompile pc=0x0000000004298718 method=org.codehaus.groovy.util.SingleKeyHashMap.get(Ljava/lang/Object;)Ljava/lang/Object; @ 43
Event: 31.979 Thread 0x0000000019739800 Uncommon trap: reason=bimorphic action=maybe_recompile pc=0x0000000004217698 method=org.codehaus.groovy.util.SingleKeyHashMap.get(Ljava/lang/Object;)Ljava/lang/Object; @ 43
Event: 33.192 Thread 0x000000001f09f000 Uncommon trap: reason=unstable_if action=reinterpret pc=0x000000000306e0dc method=java.util.LinkedHashMap.afterNodeInsertion(Z)V @ 18
Event: 37.065 Thread 0x0000000019739800 Uncommon trap: reason=bimorphic action=maybe_recompile pc=0x0000000004357dd8 method=com.google.common.collect.Iterators$5.hasNext()Z @ 24
Event: 37.068 Thread 0x0000000019739800 Uncommon trap: reason=bimorphic action=maybe_recompile pc=0x0000000004357dd8 method=com.google.common.collect.Iterators$5.hasNext()Z @ 24
Event: 38.471 Thread 0x0000000019739800 Uncommon trap: reason=bimorphic action=maybe_recompile pc=0x0000000004357dd8 method=com.google.common.collect.Iterators$5.hasNext()Z @ 24
Event: 38.472 Thread 0x0000000019739800 Uncommon trap: reason=bimorphic action=maybe_recompile pc=0x0000000004357dd8 method=com.google.common.collect.Iterators$5.hasNext()Z @ 24

Classes redefined (0 events):
No events

Internal exceptions (10 events):
Event: 31.930 Thread 0x0000000019739800 Exception <a 'java/lang/ClassNotFoundException': org/gradle/api/internal/artifacts/configurations/DefaultConfiguration$ConfigurationResolvableDependenciesBeanInfo> (0x00000000e8eae590) thrown at [D:\src\AOSP-openjdk-cygwin\jdk8u\hotspot\src\share\vm\class
Event: 31.931 Thread 0x0000000019739800 Exception <a 'java/lang/ClassNotFoundException': org/gradle/api/internal/artifacts/configurations/DefaultConfiguration$ConfigurationResolvableDependenciesCustomizer> (0x00000000e8eec198) thrown at [D:\src\AOSP-openjdk-cygwin\jdk8u\hotspot\src\share\vm\cla
Event: 31.933 Thread 0x0000000019739800 Exception <a 'java/lang/ClassNotFoundException': org/gradle/api/internal/artifacts/configurations/DefaultConfiguration$ConfigurationResolvableDependencies_DecoratedCustomizer> (0x00000000e8f3f1a0) thrown at [D:\src\AOSP-openjdk-cygwin\jdk8u\hotspot\src\sh
Event: 31.938 Thread 0x0000000019739800 Exception <a 'java/lang/ClassNotFoundException': org/gradle/api/internal/artifacts/ivyservice/ErrorHandlingConfigurationResolver$ErrorHandlingResolutionResultBeanInfo> (0x00000000e8fdbef8) thrown at [D:\src\AOSP-openjdk-cygwin\jdk8u\hotspot\src\share\vm\c
Event: 31.938 Thread 0x0000000019739800 Exception <a 'java/lang/ClassNotFoundException': org/gradle/api/internal/artifacts/ivyservice/ErrorHandlingConfigurationResolver$ErrorHandlingResolutionResultCustomizer> (0x00000000e901a790) thrown at [D:\src\AOSP-openjdk-cygwin\jdk8u\hotspot\src\share\vm
Event: 31.944 Thread 0x0000000019739800 Exception <a 'java/lang/ClassNotFoundException': org/gradle/api/internal/artifacts/result/DefaultResolvedComponentResultBeanInfo> (0x00000000e909cb70) thrown at [D:\src\AOSP-openjdk-cygwin\jdk8u\hotspot\src\share\vm\classfile\systemDictionary.cpp, line 21
Event: 31.945 Thread 0x0000000019739800 Exception <a 'java/lang/ClassNotFoundException': org/gradle/api/internal/artifacts/result/DefaultResolvedComponentResultCustomizer> (0x00000000e90cb6a8) thrown at [D:\src\AOSP-openjdk-cygwin\jdk8u\hotspot\src\share\vm\classfile\systemDictionary.cpp, line 
Event: 31.947 Thread 0x0000000019739800 Exception <a 'java/lang/ClassNotFoundException': org/gradle/api/internal/artifacts/DefaultModuleVersionIdentifierBeanInfo> (0x00000000e911fad8) thrown at [D:\src\AOSP-openjdk-cygwin\jdk8u\hotspot\src\share\vm\classfile\systemDictionary.cpp, line 210]
Event: 31.947 Thread 0x0000000019739800 Exception <a 'java/lang/ClassNotFoundException': org/gradle/api/internal/artifacts/DefaultModuleVersionIdentifierCustomizer> (0x00000000e914b000) thrown at [D:\src\AOSP-openjdk-cygwin\jdk8u\hotspot\src\share\vm\classfile\systemDictionary.cpp, line 210]
Event: 38.467 Thread 0x0000000019739800 Exception <a 'java/lang/NoSuchMethodError': java.lang.Object.lambda$negate$1(Ljava/lang/Object;)Z> (0x00000000e3e24c10) thrown at [D:\src\AOSP-openjdk-cygwin\jdk8u\hotspot\src\share\vm\interpreter\linkResolver.cpp, line 584]

Events (10 events):
Event: 39.311 Thread 0x0000000016825000 flushing nmethod 0x0000000003d8eed0
Event: 39.311 Thread 0x0000000016825000 flushing nmethod 0x0000000003d8f410
Event: 39.311 Thread 0x0000000016825000 flushing nmethod 0x0000000003d9e490
Event: 39.311 Thread 0x0000000016825000 flushing nmethod 0x0000000003dacad0
Event: 39.858 loading class com/android/build/gradle/internal/ide/VariantImpl
Event: 39.858 loading class com/android/build/gradle/internal/ide/VariantImpl done
Event: 39.859 loading class com/android/builder/model/Variant
Event: 39.859 loading class com/android/builder/model/Variant done
Event: 39.860 loading class com/android/builder/model/ProductFlavor
Event: 39.860 loading class com/android/builder/model/ProductFlavor done


Dynamic libraries:
0x00007ff630b10000 - 0x00007ff630b41000 	C:\Program Files (x86)\Android\Android Studio\jre\bin\java.exe
0x00007ff8c3bb0000 - 0x00007ff8c3d91000 	C:\WINDOWS\SYSTEM32\ntdll.dll
0x00007ff87c650000 - 0x00007ff87c664000 	C:\Program Files\AVAST Software\Avast\x64\aswhooka.dll
0x00007ff8c1fb0000 - 0x00007ff8c2062000 	C:\WINDOWS\System32\KERNEL32.DLL
0x00007ff8c07d0000 - 0x00007ff8c0a43000 	C:\WINDOWS\System32\KERNELBASE.dll
0x00007ff8c3770000 - 0x00007ff8c3811000 	C:\WINDOWS\System32\ADVAPI32.dll
0x00007ff8c3ae0000 - 0x00007ff8c3b7e000 	C:\WINDOWS\System32\msvcrt.dll
0x00007ff8c2070000 - 0x00007ff8c20cb000 	C:\WINDOWS\System32\sechost.dll
0x00007ff8c1c50000 - 0x00007ff8c1d74000 	C:\WINDOWS\System32\RPCRT4.dll
0x00007ff8c38a0000 - 0x00007ff8c3a30000 	C:\WINDOWS\System32\USER32.dll
0x00007ff8c0710000 - 0x00007ff8c0730000 	C:\WINDOWS\System32\win32u.dll
0x00007ff8c2140000 - 0x00007ff8c2168000 	C:\WINDOWS\System32\GDI32.dll
0x00007ff8c0bb0000 - 0x00007ff8c0d42000 	C:\WINDOWS\System32\gdi32full.dll
0x00007ff8c0730000 - 0x00007ff8c07cf000 	C:\WINDOWS\System32\msvcp_win.dll
0x00007ff8c0a50000 - 0x00007ff8c0b4a000 	C:\WINDOWS\System32\ucrtbase.dll
0x00007ff8b0960000 - 0x00007ff8b0bc9000 	C:\WINDOWS\WinSxS\amd64_microsoft.windows.common-controls_6595b64144ccf1df_6.0.17134.407_none_fb449d63306391e9\COMCTL32.dll
0x00007ff8c1330000 - 0x00007ff8c1652000 	C:\WINDOWS\System32\combase.dll
0x00007ff8bff80000 - 0x00007ff8bfffa000 	C:\WINDOWS\System32\bcryptPrimitives.dll
0x00007ff8c11f0000 - 0x00007ff8c121d000 	C:\WINDOWS\System32\IMM32.DLL
0x000000005da10000 - 0x000000005dae2000 	C:\Program Files (x86)\Android\Android Studio\jre\jre\bin\msvcr100.dll
0x000000005daf0000 - 0x000000005e32f000 	C:\Program Files (x86)\Android\Android Studio\jre\jre\bin\server\jvm.dll
0x00007ff8c11c0000 - 0x00007ff8c11c8000 	C:\WINDOWS\System32\PSAPI.DLL
0x00007ff8a3610000 - 0x00007ff8a3619000 	C:\WINDOWS\SYSTEM32\WSOCK32.dll
0x00007ff8c20d0000 - 0x00007ff8c213c000 	C:\WINDOWS\System32\WS2_32.dll
0x00007ff8baa60000 - 0x00007ff8baa83000 	C:\WINDOWS\SYSTEM32\WINMM.dll
0x00007ff8b4cc0000 - 0x00007ff8b4cca000 	C:\WINDOWS\SYSTEM32\VERSION.dll
0x00007ff8ba500000 - 0x00007ff8ba52a000 	C:\WINDOWS\SYSTEM32\WINMMBASE.dll
0x00007ff8c0f40000 - 0x00007ff8c0f89000 	C:\WINDOWS\System32\cfgmgr32.dll
0x00007ff8bb590000 - 0x00007ff8bb59f000 	C:\Program Files (x86)\Android\Android Studio\jre\jre\bin\verify.dll
0x00007ff8b3ed0000 - 0x00007ff8b3ef9000 	C:\Program Files (x86)\Android\Android Studio\jre\jre\bin\java.dll
0x00007ff8b0be0000 - 0x00007ff8b0bf6000 	C:\Program Files (x86)\Android\Android Studio\jre\jre\bin\zip.dll
0x00007ff8c2170000 - 0x00007ff8c35af000 	C:\WINDOWS\System32\SHELL32.dll
0x00007ff8c3a30000 - 0x00007ff8c3ad9000 	C:\WINDOWS\System32\shcore.dll
0x00007ff8c0000000 - 0x00007ff8c070d000 	C:\WINDOWS\System32\windows.storage.dll
0x00007ff8c35b0000 - 0x00007ff8c3601000 	C:\WINDOWS\System32\shlwapi.dll
0x00007ff8bff60000 - 0x00007ff8bff71000 	C:\WINDOWS\System32\kernel.appcore.dll
0x00007ff8bff40000 - 0x00007ff8bff5f000 	C:\WINDOWS\System32\profapi.dll
0x00007ff8bfef0000 - 0x00007ff8bff3c000 	C:\WINDOWS\System32\powrprof.dll
0x00007ff8bfec0000 - 0x00007ff8bfeca000 	C:\WINDOWS\System32\FLTLIB.DLL
0x00007ff8b05e0000 - 0x00007ff8b05fa000 	C:\Program Files (x86)\Android\Android Studio\jre\jre\bin\net.dll
0x00007ff8bf740000 - 0x00007ff8bf7a6000 	C:\WINDOWS\system32\mswsock.dll
0x00007ff8b05c0000 - 0x00007ff8b05d1000 	C:\Program Files (x86)\Android\Android Studio\jre\jre\bin\nio.dll
0x00007ff8ad010000 - 0x00007ff8ad02e000 	C:\Users\HP\.gradle\native\25\windows-amd64\native-platform.dll
0x00007ff8b3d90000 - 0x00007ff8b3d9d000 	C:\Program Files (x86)\Android\Android Studio\jre\jre\bin\management.dll
0x00007ff8bf8f0000 - 0x00007ff8bf907000 	C:\WINDOWS\SYSTEM32\CRYPTSP.dll
0x00007ff8bf2c0000 - 0x00007ff8bf2f3000 	C:\WINDOWS\system32\rsaenh.dll
0x00007ff8bfa20000 - 0x00007ff8bfa45000 	C:\WINDOWS\SYSTEM32\bcrypt.dll
0x00007ff8bfdf0000 - 0x00007ff8bfe18000 	C:\WINDOWS\SYSTEM32\USERENV.dll
0x00007ff8bf910000 - 0x00007ff8bf91b000 	C:\WINDOWS\SYSTEM32\CRYPTBASE.dll
0x00007ff8bf4c0000 - 0x00007ff8bf4f8000 	C:\WINDOWS\SYSTEM32\IPHLPAPI.DLL
0x00007ff8c11e0000 - 0x00007ff8c11e8000 	C:\WINDOWS\System32\NSI.dll
0x00007ff8b63e0000 - 0x00007ff8b63f6000 	C:\WINDOWS\SYSTEM32\dhcpcsvc6.DLL
0x00007ff8b65c0000 - 0x00007ff8b65da000 	C:\WINDOWS\SYSTEM32\dhcpcsvc.DLL

VM Arguments:
jvm_args: -Xmx1536m -Dfile.encoding=windows-1252 -Duser.country=US -Duser.language=en -Duser.variant 
java_command: org.gradle.launcher.daemon.bootstrap.GradleDaemon 4.4
java_class_path (initial): C:\Users\HP\.gradle\wrapper\dists\gradle-4.4-all\9br9xq1tocpiv8o6njlyu5op1\gradle-4.4\lib\gradle-launcher-4.4.jar
Launcher Type: SUN_STANDARD

Environment Variables:
PATH=C:\Program Files (x86)\Common Files\Oracle\Java\javapath;C:\Program Files (x86)\Common Files\ArcSoft\Bin;C:\Program Files (x86)\Intel\iCLS Client\;C:\Program Files\Intel\iCLS Client\;C:\WINDOWS\system32;C:\WINDOWS;C:\WINDOWS\System32\Wbem;C:\WINDOWS\System32\WindowsPowerShell\v1.0\;C:\Program Files (x86)\Intel\Intel(R) Management Engine Components\DAL;C:\Program Files\Intel\Intel(R) Management Engine Components\DAL;C:\Program Files (x86)\Intel\Intel(R) Management Engine Components\IPT;C:\Program Files\Intel\Intel(R) Management Engine Components\IPT;c:\Program Files\Intel\WiFi\bin\;c:\Program Files\Common Files\Intel\WirelessCommon\;C:\Program Files (x86)\GtkSharp\2.12\bin;C:\WINDOWS\System32\OpenSSH\;C:\Users\HP\AppData\Local\Android\Sdk;C:\Program Files (x86)\Java\jdk1.6.0_18\bin;%USERPROFILE%\AppData\Local\Microsoft\WindowsApps;
USERNAME=HP
OS=Windows_NT
PROCESSOR_IDENTIFIER=Intel64 Family 6 Model 61 Stepping 4, GenuineIntel



---------------  S Y S T E M  ---------------

OS: Windows 10.0 , 64 bit Build 17134 (10.0.17134.1)

CPU:total 4 (initial active 4) (2 cores per cpu, 2 threads per core) family 6 model 61 stepping 4, cmov, cx8, fxsr, mmx, sse, sse2, sse3, ssse3, sse4.1, sse4.2, popcnt, avx, avx2, aes, clmul, erms, 3dnowpref, lzcnt, ht, tsc, tscinvbit, bmi1, bmi2, adx

Memory: 4k page, physical 4082796k(331612k free), swap 4082796k(4652k free)

vm_info: OpenJDK 64-Bit Server VM (25.152-b02) for windows-amd64 JRE (1.8.0_152-release-1024-b02), built by "builder" with MS VC++ 10.0 (VS2010)

time: Sun Dec 30 11:44:41 2018
elapsed time: 40 seconds (0d 0h 0m 40s)

