#
# There is insufficient memory for the Java Runtime Environment to continue.
# Native memory allocation (malloc) failed to allocate 1155136 bytes for Chunk::new
# Possible reasons:
#   The system is out of physical RAM or swap space
#   In 32 bit mode, the process size limit was hit
# Possible solutions:
#   Reduce memory load on the system
#   Increase physical memory or swap space
#   Check if swap backing store is full
#   Use 64 bit Java on a 64 bit OS
#   Decrease Java heap size (-Xmx/-Xms)
#   Decrease number of Java threads
#   Decrease Java thread stack sizes (-Xss)
#   Set larger code cache with -XX:ReservedCodeCacheSize=
# This output file may be truncated or incomplete.
#
#  Out of Memory Error (allocation.cpp:390), pid=11044, tid=0x0000000000001f80
#
# JRE version: OpenJDK Runtime Environment (8.0_152-b02) (build 1.8.0_152-release-1024-b02)
# Java VM: OpenJDK 64-Bit Server VM (25.152-b02 mixed mode windows-amd64 compressed oops)
# Failed to write core dump. Minidumps are not enabled by default on client versions of Windows
#

---------------  T H R E A D  ---------------

Current thread (0x0000000015feb800):  JavaThread "C2 CompilerThread0" daemon [_thread_in_native, id=8064, stack(0x0000000017650000,0x0000000017750000)]

Stack: [0x0000000017650000,0x0000000017750000]
[error occurred during error reporting (printing stack bounds), id 0xc0000005]

Native frames: (J=compiled Java code, j=interpreted, Vv=VM code, C=native code)


Current CompileTask:
C2:   6506 1348       4       java.net.URLClassLoader$1::run (5 bytes)


---------------  P R O C E S S  ---------------

Java Threads: ( => current thread )
  0x00000000183fc000 JavaThread "File lock request listener" [_thread_in_native, id=888, stack(0x000000001aaa0000,0x000000001aba0000)]
  0x0000000018654000 JavaThread "Cache worker for file hash cache (C:\Users\HP\.gradle\caches\4.4\fileHashes)" [_thread_blocked, id=6628, stack(0x000000001a9a0000,0x000000001aaa0000)]
  0x0000000018d26800 JavaThread "Stdin handler" [_thread_blocked, id=4344, stack(0x000000001a6a0000,0x000000001a7a0000)]
  0x0000000018fbb000 JavaThread "Asynchronous log dispatcher for DefaultDaemonConnection: socket connection from /127.0.0.1:9261 to /127.0.0.1:9262" [_thread_blocked, id=8112, stack(0x000000001a5a0000,0x000000001a6a0000)]
  0x0000000018d22000 JavaThread "Daemon worker" [_thread_in_Java, id=8472, stack(0x000000001a4a0000,0x000000001a5a0000)]
  0x0000000018d6f800 JavaThread "Cancel handler" [_thread_blocked, id=8340, stack(0x000000001a3a0000,0x000000001a4a0000)]
  0x0000000018cb0800 JavaThread "Handler for socket connection from /127.0.0.1:9261 to /127.0.0.1:9262" [_thread_in_native, id=3292, stack(0x000000001a0a0000,0x000000001a1a0000)]
  0x0000000018e97000 JavaThread "Daemon" [_thread_blocked, id=9560, stack(0x0000000019fa0000,0x000000001a0a0000)]
  0x0000000018e83800 JavaThread "Daemon periodic checks" [_thread_blocked, id=3276, stack(0x0000000019ea0000,0x0000000019fa0000)]
  0x0000000018e83000 JavaThread "Incoming local TCP Connector on port 9261" [_thread_in_native, id=6364, stack(0x0000000019c60000,0x0000000019d60000)]
  0x0000000017980800 JavaThread "Service Thread" daemon [_thread_blocked, id=11868, stack(0x0000000017d50000,0x0000000017e50000)]
  0x0000000016000000 JavaThread "C1 CompilerThread2" daemon [_thread_in_vm, id=11520, stack(0x0000000017850000,0x0000000017950000)]
  0x0000000015ff1800 JavaThread "C2 CompilerThread1" daemon [_thread_in_native, id=1212, stack(0x0000000017750000,0x0000000017850000)]
=>0x0000000015feb800 JavaThread "C2 CompilerThread0" daemon [_thread_in_native, id=8064, stack(0x0000000017650000,0x0000000017750000)]
  0x0000000015fea000 JavaThread "Attach Listener" daemon [_thread_blocked, id=9464, stack(0x0000000017550000,0x0000000017650000)]
  0x0000000015fe8800 JavaThread "Signal Dispatcher" daemon [_thread_blocked, id=7796, stack(0x0000000017450000,0x0000000017550000)]
  0x000000000267c800 JavaThread "Finalizer" daemon [_thread_blocked, id=568, stack(0x0000000017260000,0x0000000017360000)]
  0x0000000002671800 JavaThread "Reference Handler" daemon [_thread_blocked, id=11400, stack(0x0000000017160000,0x0000000017260000)]
  0x000000000257e000 JavaThread "main" [_thread_blocked, id=7628, stack(0x0000000002410000,0x0000000002510000)]

Other Threads:
  0x0000000015fb5800 VMThread [stack: 0x0000000017060000,0x0000000017160000] [id=12208]
  0x000000001604c800 WatcherThread [stack: 0x0000000017e50000,0x0000000017f50000] [id=11440]

VM state:not at safepoint (normal execution)

VM Mutex/Monitor currently owned by a thread: None

Heap:
 PSYoungGen      total 22016K, used 7353K [0x00000000e0000000, 0x00000000e1b00000, 0x0000000100000000)
  eden space 16384K, 16% used [0x00000000e0000000,0x00000000e02a2a18,0x00000000e1000000)
  from space 5632K, 82% used [0x00000000e1580000,0x00000000e1a0bba0,0x00000000e1b00000)
  to   space 5632K, 0% used [0x00000000e1000000,0x00000000e1000000,0x00000000e1580000)
 ParOldGen       total 44032K, used 4897K [0x00000000a0000000, 0x00000000a2b00000, 0x00000000e0000000)
  object space 44032K, 11% used [0x00000000a0000000,0x00000000a04c8668,0x00000000a2b00000)
 Metaspace       used 14767K, capacity 15094K, committed 15360K, reserved 1062912K
  class space    used 2070K, capacity 2187K, committed 2304K, reserved 1048576K

Card table byte_map: [0x0000000011a40000,0x0000000011d50000] byte_map_base: 0x0000000011540000

Marking Bits: (ParMarkBitMap*) 0x0000000077f84970
 Begin Bits: [0x0000000012350000, 0x0000000013b50000)
 End Bits:   [0x0000000013b50000, 0x0000000015350000)

Polling page: 0x0000000000ca0000

CodeCache: size=245760Kb used=4917Kb max_used=4932Kb free=240842Kb
 bounds [0x0000000002680000, 0x0000000002b60000, 0x0000000011680000]
 total_blobs=1796 nmethods=1426 adapters=283
 compilation: enabled

Compilation events (10 events):
Event: 6.407 Thread 0x0000000016000000 1364       3       org.gradle.internal.service.DefaultServiceRegistry$DefaultLookupContext$4::apply (12 bytes)
Event: 6.408 Thread 0x0000000016000000 nmethod 1364 0x0000000002b29910 code [0x0000000002b29a80, 0x0000000002b29ca8]
Event: 6.445 Thread 0x0000000016000000 1366       3       java.lang.StringBuilder::append (10 bytes)
Event: 6.445 Thread 0x0000000016000000 nmethod 1366 0x0000000002b29d90 code [0x0000000002b29f00, 0x0000000002b2a088]
Event: 6.446 Thread 0x0000000016000000 1367       1       com.google.common.io.LineReader::access$000 (5 bytes)
Event: 6.446 Thread 0x0000000016000000 nmethod 1367 0x0000000002b2a110 code [0x0000000002b2a260, 0x0000000002b2a350]
Event: 6.449 Thread 0x0000000016000000 1368       3       com.google.common.io.LineBuffer::finishLine (61 bytes)
Event: 6.449 Thread 0x0000000016000000 nmethod 1368 0x0000000002b2a3d0 code [0x0000000002b2a580, 0x0000000002b2ac98]
Event: 6.449 Thread 0x0000000016000000 1369       3       com.google.common.io.LineReader$1::handleLine (15 bytes)
Event: 6.461 Thread 0x0000000016000000 nmethod 1369 0x0000000002b2af10 code [0x0000000002b2b080, 0x0000000002b2b2a8]

GC Heap History (10 events):
Event: 2.024 GC heap before
{Heap before GC invocations=2 (full 0):
 PSYoungGen      total 18944K, used 18936K [0x00000000e0000000, 0x00000000e1500000, 0x0000000100000000)
  eden space 16384K, 100% used [0x00000000e0000000,0x00000000e1000000,0x00000000e1000000)
  from space 2560K, 99% used [0x00000000e1000000,0x00000000e127e020,0x00000000e1280000)
  to   space 2560K, 0% used [0x00000000e1280000,0x00000000e1280000,0x00000000e1500000)
 ParOldGen       total 44032K, used 380K [0x00000000a0000000, 0x00000000a2b00000, 0x00000000e0000000)
  object space 44032K, 0% used [0x00000000a0000000,0x00000000a005f398,0x00000000a2b00000)
 Metaspace       used 6573K, capacity 6766K, committed 7040K, reserved 1056768K
  class space    used 803K, capacity 875K, committed 896K, reserved 1048576K
Event: 2.029 GC heap after
Heap after GC invocations=2 (full 0):
 PSYoungGen      total 18944K, used 2393K [0x00000000e0000000, 0x00000000e1500000, 0x0000000100000000)
  eden space 16384K, 0% used [0x00000000e0000000,0x00000000e0000000,0x00000000e1000000)
  from space 2560K, 93% used [0x00000000e1280000,0x00000000e14d6660,0x00000000e1500000)
  to   space 2560K, 0% used [0x00000000e1000000,0x00000000e1000000,0x00000000e1280000)
 ParOldGen       total 44032K, used 388K [0x00000000a0000000, 0x00000000a2b00000, 0x00000000e0000000)
  object space 44032K, 0% used [0x00000000a0000000,0x00000000a0061398,0x00000000a2b00000)
 Metaspace       used 6573K, capacity 6766K, committed 7040K, reserved 1056768K
  class space    used 803K, capacity 875K, committed 896K, reserved 1048576K
}
Event: 2.336 GC heap before
{Heap before GC invocations=3 (full 0):
 PSYoungGen      total 18944K, used 18777K [0x00000000e0000000, 0x00000000e1500000, 0x0000000100000000)
  eden space 16384K, 100% used [0x00000000e0000000,0x00000000e1000000,0x00000000e1000000)
  from space 2560K, 93% used [0x00000000e1280000,0x00000000e14d6660,0x00000000e1500000)
  to   space 2560K, 0% used [0x00000000e1000000,0x00000000e1000000,0x00000000e1280000)
 ParOldGen       total 44032K, used 388K [0x00000000a0000000, 0x00000000a2b00000, 0x00000000e0000000)
  object space 44032K, 0% used [0x00000000a0000000,0x00000000a0061398,0x00000000a2b00000)
 Metaspace       used 6960K, capacity 7112K, committed 7424K, reserved 1056768K
  class space    used 880K, capacity 948K, committed 1024K, reserved 1048576K
Event: 2.339 GC heap after
Heap after GC invocations=3 (full 0):
 PSYoungGen      total 18944K, used 2544K [0x00000000e0000000, 0x00000000e1500000, 0x0000000100000000)
  eden space 16384K, 0% used [0x00000000e0000000,0x00000000e0000000,0x00000000e1000000)
  from space 2560K, 99% used [0x00000000e1000000,0x00000000e127c030,0x00000000e1280000)
  to   space 2560K, 0% used [0x00000000e1280000,0x00000000e1280000,0x00000000e1500000)
 ParOldGen       total 44032K, used 673K [0x00000000a0000000, 0x00000000a2b00000, 0x00000000e0000000)
  object space 44032K, 1% used [0x00000000a0000000,0x00000000a00a84a0,0x00000000a2b00000)
 Metaspace       used 6960K, capacity 7112K, committed 7424K, reserved 1056768K
  class space    used 880K, capacity 948K, committed 1024K, reserved 1048576K
}
Event: 5.173 GC heap before
{Heap before GC invocations=4 (full 0):
 PSYoungGen      total 18944K, used 18928K [0x00000000e0000000, 0x00000000e1500000, 0x0000000100000000)
  eden space 16384K, 100% used [0x00000000e0000000,0x00000000e1000000,0x00000000e1000000)
  from space 2560K, 99% used [0x00000000e1000000,0x00000000e127c030,0x00000000e1280000)
  to   space 2560K, 0% used [0x00000000e1280000,0x00000000e1280000,0x00000000e1500000)
 ParOldGen       total 44032K, used 673K [0x00000000a0000000, 0x00000000a2b00000, 0x00000000e0000000)
  object space 44032K, 1% used [0x00000000a0000000,0x00000000a00a84a0,0x00000000a2b00000)
 Metaspace       used 11691K, capacity 11998K, committed 12160K, reserved 1060864K
  class space    used 1544K, capacity 1643K, committed 1664K, reserved 1048576K
Event: 5.183 GC heap after
Heap after GC invocations=4 (full 0):
 PSYoungGen      total 18944K, used 2544K [0x00000000e0000000, 0x00000000e1500000, 0x0000000100000000)
  eden space 16384K, 0% used [0x00000000e0000000,0x00000000e0000000,0x00000000e1000000)
  from space 2560K, 99% used [0x00000000e1280000,0x00000000e14fc010,0x00000000e1500000)
  to   space 2560K, 0% used [0x00000000e1000000,0x00000000e1000000,0x00000000e1280000)
 ParOldGen       total 44032K, used 3066K [0x00000000a0000000, 0x00000000a2b00000, 0x00000000e0000000)
  object space 44032K, 6% used [0x00000000a0000000,0x00000000a02fe908,0x00000000a2b00000)
 Metaspace       used 11691K, capacity 11998K, committed 12160K, reserved 1060864K
  class space    used 1544K, capacity 1643K, committed 1664K, reserved 1048576K
}
Event: 5.806 GC heap before
{Heap before GC invocations=5 (full 0):
 PSYoungGen      total 18944K, used 18928K [0x00000000e0000000, 0x00000000e1500000, 0x0000000100000000)
  eden space 16384K, 100% used [0x00000000e0000000,0x00000000e1000000,0x00000000e1000000)
  from space 2560K, 99% used [0x00000000e1280000,0x00000000e14fc010,0x00000000e1500000)
  to   space 2560K, 0% used [0x00000000e1000000,0x00000000e1000000,0x00000000e1280000)
 ParOldGen       total 44032K, used 3066K [0x00000000a0000000, 0x00000000a2b00000, 0x00000000e0000000)
  object space 44032K, 6% used [0x00000000a0000000,0x00000000a02fe908,0x00000000a2b00000)
 Metaspace       used 13072K, capacity 13490K, committed 13824K, reserved 1060864K
  class space    used 1783K, capacity 1929K, committed 2048K, reserved 1048576K
Event: 5.812 GC heap after
Heap after GC invocations=5 (full 0):
 PSYoungGen      total 18944K, used 2528K [0x00000000e0000000, 0x00000000e1b00000, 0x0000000100000000)
  eden space 16384K, 0% used [0x00000000e0000000,0x00000000e0000000,0x00000000e1000000)
  from space 2560K, 98% used [0x00000000e1000000,0x00000000e1278020,0x00000000e1280000)
  to   space 5632K, 0% used [0x00000000e1580000,0x00000000e1580000,0x00000000e1b00000)
 ParOldGen       total 44032K, used 4889K [0x00000000a0000000, 0x00000000a2b00000, 0x00000000e0000000)
  object space 44032K, 11% used [0x00000000a0000000,0x00000000a04c6668,0x00000000a2b00000)
 Metaspace       used 13072K, capacity 13490K, committed 13824K, reserved 1060864K
  class space    used 1783K, capacity 1929K, committed 2048K, reserved 1048576K
}
Event: 6.450 GC heap before
{Heap before GC invocations=6 (full 0):
 PSYoungGen      total 18944K, used 18912K [0x00000000e0000000, 0x00000000e1b00000, 0x0000000100000000)
  eden space 16384K, 100% used [0x00000000e0000000,0x00000000e1000000,0x00000000e1000000)
  from space 2560K, 98% used [0x00000000e1000000,0x00000000e1278020,0x00000000e1280000)
  to   space 5632K, 0% used [0x00000000e1580000,0x00000000e1580000,0x00000000e1b00000)
 ParOldGen       total 44032K, used 4889K [0x00000000a0000000, 0x00000000a2b00000, 0x00000000e0000000)
  object space 44032K, 11% used [0x00000000a0000000,0x00000000a04c6668,0x00000000a2b00000)
 Metaspace       used 14577K, capacity 14934K, committed 14976K, reserved 1062912K
  class space    used 2039K, capacity 2155K, committed 2176K, reserved 1048576K
Event: 6.461 GC heap after
Heap after GC invocations=6 (full 0):
 PSYoungGen      total 22016K, used 4654K [0x00000000e0000000, 0x00000000e1b00000, 0x0000000100000000)
  eden space 16384K, 0% used [0x00000000e0000000,0x00000000e0000000,0x00000000e1000000)
  from space 5632K, 82% used [0x00000000e1580000,0x00000000e1a0bba0,0x00000000e1b00000)
  to   space 5632K, 0% used [0x00000000e1000000,0x00000000e1000000,0x00000000e1580000)
 ParOldGen       total 44032K, used 4897K [0x00000000a0000000, 0x00000000a2b00000, 0x00000000e0000000)
  object space 44032K, 11% used [0x00000000a0000000,0x00000000a04c8668,0x00000000a2b00000)
 Metaspace       used 14577K, capacity 14934K, committed 14976K, reserved 1062912K
  class space    used 2039K, capacity 2155K, committed 2176K, reserved 1048576K
}

Deoptimization events (10 events):
Event: 3.202 Thread 0x000000000257e000 Uncommon trap: reason=unstable_if action=reinterpret pc=0x0000000002947758 method=java.io.WinNTFileSystem.normalize(Ljava/lang/String;)Ljava/lang/String; @ 128
Event: 3.202 Thread 0x000000000257e000 Uncommon trap: reason=unstable_if action=reinterpret pc=0x000000000298cfac method=java.io.WinNTFileSystem.normalize(Ljava/lang/String;II)Ljava/lang/String; @ 90
Event: 5.134 Thread 0x0000000018cb0800 Uncommon trap: reason=unstable_if action=reinterpret pc=0x0000000002a10420 method=java.util.concurrent.ConcurrentHashMap.putVal(Ljava/lang/Object;Ljava/lang/Object;Z)Ljava/lang/Object; @ 206
Event: 5.309 Thread 0x0000000018d22000 Uncommon trap: reason=bimorphic action=maybe_recompile pc=0x000000000299a468 method=java.util.HashMap.putVal(ILjava/lang/Object;Ljava/lang/Object;ZZ)Ljava/lang/Object; @ 253
Event: 5.310 Thread 0x0000000018d22000 Uncommon trap: reason=bimorphic action=maybe_recompile pc=0x000000000299a468 method=java.util.HashMap.putVal(ILjava/lang/Object;Ljava/lang/Object;ZZ)Ljava/lang/Object; @ 253
Event: 5.310 Thread 0x0000000018d22000 Uncommon trap: reason=bimorphic action=maybe_recompile pc=0x000000000299d354 method=java.util.HashMap.putVal(ILjava/lang/Object;Ljava/lang/Object;ZZ)Ljava/lang/Object; @ 253
Event: 5.359 Thread 0x0000000018d22000 Uncommon trap: reason=class_check action=maybe_recompile pc=0x0000000002912ed8 method=java.util.regex.Matcher.match(II)Z @ 86
Event: 6.197 Thread 0x0000000018d22000 Uncommon trap: reason=class_check action=maybe_recompile pc=0x0000000002912ed8 method=java.util.regex.Matcher.match(II)Z @ 86
Event: 6.197 Thread 0x0000000018d22000 Uncommon trap: reason=class_check action=maybe_recompile pc=0x00000000028db5dc method=java.util.regex.Matcher.match(II)Z @ 86
Event: 6.406 Thread 0x0000000018d22000 Uncommon trap: reason=unstable_if action=reinterpret pc=0x0000000002afd3b4 method=java.lang.String.lastIndexOf([CII[CIII)I @ 66

Classes redefined (0 events):
No events

Internal exceptions (10 events):
Event: 5.186 Thread 0x0000000018cb0800 Exception <a 'java/lang/NoSuchMethodError': <clinit>> (0x00000000e00077b8) thrown at [D:\src\AOSP-openjdk-cygwin\jdk8u\hotspot\src\share\vm\prims\jni.cpp, line 1613]
Event: 5.188 Thread 0x0000000018cb0800 Exception <a 'java/lang/NoSuchMethodError': <clinit>> (0x00000000e0010280) thrown at [D:\src\AOSP-openjdk-cygwin\jdk8u\hotspot\src\share\vm\prims\jni.cpp, line 1613]
Event: 5.193 Thread 0x0000000018cb0800 Exception <a 'java/lang/NoSuchMethodError': <clinit>> (0x00000000e00218e0) thrown at [D:\src\AOSP-openjdk-cygwin\jdk8u\hotspot\src\share\vm\prims\jni.cpp, line 1613]
Event: 5.219 Thread 0x0000000018cb0800 Exception <a 'java/lang/NoSuchMethodError': <clinit>> (0x00000000e0092038) thrown at [D:\src\AOSP-openjdk-cygwin\jdk8u\hotspot\src\share\vm\prims\jni.cpp, line 1613]
Event: 5.225 Thread 0x0000000018cb0800 Exception <a 'java/lang/NoSuchMethodError': <clinit>> (0x00000000e00b5748) thrown at [D:\src\AOSP-openjdk-cygwin\jdk8u\hotspot\src\share\vm\prims\jni.cpp, line 1613]
Event: 5.231 Thread 0x0000000018cb0800 Exception <a 'java/lang/NoSuchMethodError': <clinit>> (0x00000000e00deff0) thrown at [D:\src\AOSP-openjdk-cygwin\jdk8u\hotspot\src\share\vm\prims\jni.cpp, line 1613]
Event: 5.232 Thread 0x0000000018cb0800 Exception <a 'java/lang/NoSuchMethodError': <clinit>> (0x00000000e00ecb38) thrown at [D:\src\AOSP-openjdk-cygwin\jdk8u\hotspot\src\share\vm\prims\jni.cpp, line 1613]
Event: 5.237 Thread 0x0000000018cb0800 Exception <a 'java/lang/NoSuchMethodError': <clinit>> (0x00000000e010fde0) thrown at [D:\src\AOSP-openjdk-cygwin\jdk8u\hotspot\src\share\vm\prims\jni.cpp, line 1613]
Event: 5.275 Thread 0x0000000018d22000 Exception <a 'java/lang/NoSuchMethodError': <clinit>> (0x00000000e01e6438) thrown at [D:\src\AOSP-openjdk-cygwin\jdk8u\hotspot\src\share\vm\prims\jni.cpp, line 1613]
Event: 5.277 Thread 0x0000000018d22000 Exception <a 'java/lang/NoSuchMethodError': <clinit>> (0x00000000e01ee6c0) thrown at [D:\src\AOSP-openjdk-cygwin\jdk8u\hotspot\src\share\vm\prims\jni.cpp, line 1613]

Events (10 events):
Event: 6.444 loading class com/google/common/io/LineBuffer
Event: 6.444 loading class com/google/common/io/LineBuffer done
Event: 6.444 loading class com/google/common/io/LineReader$1
Event: 6.444 loading class com/google/common/io/LineReader$1 done
Event: 6.447 loading class org/gradle/configuration/DefaultImportsReader$2
Event: 6.447 loading class org/gradle/configuration/DefaultImportsReader$2 done
Event: 6.449 loading class com/google/common/base/Splitter
Event: 6.449 loading class com/google/common/base/Splitter done
Event: 6.450 Executing VM operation: ParallelGCFailedAllocation
Event: 6.461 Executing VM operation: ParallelGCFailedAllocation done


Dynamic libraries:
0x00007ff669eb0000 - 0x00007ff669ee1000 	C:\Program Files (x86)\Android\Android Studio\jre\bin\java.exe
0x00007ff9d5b30000 - 0x00007ff9d5d11000 	C:\WINDOWS\SYSTEM32\ntdll.dll
0x00007ff9caf60000 - 0x00007ff9caf74000 	C:\Program Files\AVAST Software\Avast\x64\aswhooka.dll
0x00007ff9d5a40000 - 0x00007ff9d5af2000 	C:\WINDOWS\System32\KERNEL32.DLL
0x00007ff9d2c30000 - 0x00007ff9d2ea3000 	C:\WINDOWS\System32\KERNELBASE.dll
0x00007ff9d5710000 - 0x00007ff9d57b1000 	C:\WINDOWS\System32\ADVAPI32.dll
0x00007ff9d3500000 - 0x00007ff9d359e000 	C:\WINDOWS\System32\msvcrt.dll
0x00007ff9d5820000 - 0x00007ff9d587b000 	C:\WINDOWS\System32\sechost.dll
0x00007ff9d2fc0000 - 0x00007ff9d30e4000 	C:\WINDOWS\System32\RPCRT4.dll
0x00007ff9d3600000 - 0x00007ff9d3790000 	C:\WINDOWS\System32\USER32.dll
0x00007ff9d2710000 - 0x00007ff9d2730000 	C:\WINDOWS\System32\win32u.dll
0x00007ff9d3420000 - 0x00007ff9d3448000 	C:\WINDOWS\System32\GDI32.dll
0x00007ff9d2a90000 - 0x00007ff9d2c22000 	C:\WINDOWS\System32\gdi32full.dll
0x00007ff9d29a0000 - 0x00007ff9d2a3f000 	C:\WINDOWS\System32\msvcp_win.dll
0x00007ff9d2610000 - 0x00007ff9d270a000 	C:\WINDOWS\System32\ucrtbase.dll
0x00007ff9c2d10000 - 0x00007ff9c2f79000 	C:\WINDOWS\WinSxS\amd64_microsoft.windows.common-controls_6595b64144ccf1df_6.0.17134.407_none_fb449d63306391e9\COMCTL32.dll
0x00007ff9d30f0000 - 0x00007ff9d3412000 	C:\WINDOWS\System32\combase.dll
0x00007ff9d2920000 - 0x00007ff9d299a000 	C:\WINDOWS\System32\bcryptPrimitives.dll
0x00007ff9d4eb0000 - 0x00007ff9d4edd000 	C:\WINDOWS\System32\IMM32.DLL
0x0000000050140000 - 0x0000000050212000 	C:\Program Files (x86)\Android\Android Studio\jre\jre\bin\msvcr100.dll
0x00000000777c0000 - 0x0000000077fff000 	C:\Program Files (x86)\Android\Android Studio\jre\jre\bin\server\jvm.dll
0x00007ff9d53a0000 - 0x00007ff9d53a8000 	C:\WINDOWS\System32\PSAPI.DLL
0x00007ff9b1f00000 - 0x00007ff9b1f09000 	C:\WINDOWS\SYSTEM32\WSOCK32.dll
0x00007ff9d4ee0000 - 0x00007ff9d4f4c000 	C:\WINDOWS\System32\WS2_32.dll
0x00007ff9cc070000 - 0x00007ff9cc093000 	C:\WINDOWS\SYSTEM32\WINMM.dll
0x00007ff9c6c60000 - 0x00007ff9c6c6a000 	C:\WINDOWS\SYSTEM32\VERSION.dll
0x00007ff9cc040000 - 0x00007ff9cc06a000 	C:\WINDOWS\SYSTEM32\WINMMBASE.dll
0x00007ff9d2a40000 - 0x00007ff9d2a89000 	C:\WINDOWS\System32\cfgmgr32.dll
0x00007ff9cd4d0000 - 0x00007ff9cd4df000 	C:\Program Files (x86)\Android\Android Studio\jre\jre\bin\verify.dll
0x00007ff9c47f0000 - 0x00007ff9c4819000 	C:\Program Files (x86)\Android\Android Studio\jre\jre\bin\java.dll
0x00007ff9cc7c0000 - 0x00007ff9cc7d6000 	C:\Program Files (x86)\Android\Android Studio\jre\jre\bin\zip.dll
0x00007ff9d3880000 - 0x00007ff9d4cbf000 	C:\WINDOWS\System32\SHELL32.dll
0x00007ff9d3450000 - 0x00007ff9d34f9000 	C:\WINDOWS\System32\shcore.dll
0x00007ff9d1f00000 - 0x00007ff9d260d000 	C:\WINDOWS\System32\windows.storage.dll
0x00007ff9d35a0000 - 0x00007ff9d35f1000 	C:\WINDOWS\System32\shlwapi.dll
0x00007ff9d1ec0000 - 0x00007ff9d1ed1000 	C:\WINDOWS\System32\kernel.appcore.dll
0x00007ff9d1e40000 - 0x00007ff9d1e5f000 	C:\WINDOWS\System32\profapi.dll
0x00007ff9d1e70000 - 0x00007ff9d1ebc000 	C:\WINDOWS\System32\powrprof.dll
0x00007ff9d1e60000 - 0x00007ff9d1e6a000 	C:\WINDOWS\System32\FLTLIB.DLL
0x00007ff9cc0d0000 - 0x00007ff9cc0ea000 	C:\Program Files (x86)\Android\Android Studio\jre\jre\bin\net.dll
0x00007ff9d16c0000 - 0x00007ff9d1726000 	C:\WINDOWS\system32\mswsock.dll
0x00007ff9c5540000 - 0x00007ff9c5551000 	C:\Program Files (x86)\Android\Android Studio\jre\jre\bin\nio.dll
0x00007ff9cd040000 - 0x00007ff9cd05e000 	C:\Users\HP\.gradle\native\25\windows-amd64\native-platform.dll
0x00007ff9cd490000 - 0x00007ff9cd49d000 	C:\Program Files (x86)\Android\Android Studio\jre\jre\bin\management.dll
0x00007ff9d1870000 - 0x00007ff9d1887000 	C:\WINDOWS\SYSTEM32\CRYPTSP.dll
0x00007ff9d1240000 - 0x00007ff9d1273000 	C:\WINDOWS\system32\rsaenh.dll
0x00007ff9d19a0000 - 0x00007ff9d19c5000 	C:\WINDOWS\SYSTEM32\bcrypt.dll
0x00007ff9d1d70000 - 0x00007ff9d1d98000 	C:\WINDOWS\SYSTEM32\USERENV.dll
0x00007ff9d18e0000 - 0x00007ff9d18eb000 	C:\WINDOWS\SYSTEM32\CRYPTBASE.dll
0x00007ff9d1440000 - 0x00007ff9d1478000 	C:\WINDOWS\SYSTEM32\IPHLPAPI.DLL
0x00007ff9d5520000 - 0x00007ff9d5528000 	C:\WINDOWS\System32\NSI.dll
0x00007ff9c80e0000 - 0x00007ff9c80f6000 	C:\WINDOWS\SYSTEM32\dhcpcsvc6.DLL
0x00007ff9cad50000 - 0x00007ff9cad6a000 	C:\WINDOWS\SYSTEM32\dhcpcsvc.DLL

VM Arguments:
jvm_args: -Xmx1536m -Dfile.encoding=windows-1252 -Duser.country=US -Duser.language=en -Duser.variant 
java_command: org.gradle.launcher.daemon.bootstrap.GradleDaemon 4.4
java_class_path (initial): C:\Users\HP\.gradle\wrapper\dists\gradle-4.4-all\9br9xq1tocpiv8o6njlyu5op1\gradle-4.4\lib\gradle-launcher-4.4.jar
Launcher Type: SUN_STANDARD

Environment Variables:
PATH=C:\Program Files (x86)\Common Files\Oracle\Java\javapath;C:\Program Files (x86)\Common Files\ArcSoft\Bin;C:\Program Files (x86)\Intel\iCLS Client\;C:\Program Files\Intel\iCLS Client\;C:\WINDOWS\system32;C:\WINDOWS;C:\WINDOWS\System32\Wbem;C:\WINDOWS\System32\WindowsPowerShell\v1.0\;C:\Program Files (x86)\Intel\Intel(R) Management Engine Components\DAL;C:\Program Files\Intel\Intel(R) Management Engine Components\DAL;C:\Program Files (x86)\Intel\Intel(R) Management Engine Components\IPT;C:\Program Files\Intel\Intel(R) Management Engine Components\IPT;c:\Program Files\Intel\WiFi\bin\;c:\Program Files\Common Files\Intel\WirelessCommon\;C:\Program Files (x86)\GtkSharp\2.12\bin;C:\WINDOWS\System32\OpenSSH\;C:\Users\HP\AppData\Local\Android\Sdk;C:\Program Files (x86)\Java\jdk1.6.0_18\bin;%USERPROFILE%\AppData\Local\Microsoft\WindowsApps;
USERNAME=HP
OS=Windows_NT
PROCESSOR_IDENTIFIER=Intel64 Family 6 Model 61 Stepping 4, GenuineIntel



---------------  S Y S T E M  ---------------

OS: Windows 10.0 , 64 bit Build 17134 (10.0.17134.1)

CPU:total 4 (initial active 4) (2 cores per cpu, 2 threads per core) family 6 model 61 stepping 4, cmov, cx8, fxsr, mmx, sse, sse2, sse3, ssse3, sse4.1, sse4.2, popcnt, avx, avx2, aes, clmul, erms, 3dnowpref, lzcnt, ht, tsc, tscinvbit, bmi1, bmi2, adx

Memory: 4k page, physical 4082796k(302524k free), swap 4082796k(1792k free)

vm_info: OpenJDK 64-Bit Server VM (25.152-b02) for windows-amd64 JRE (1.8.0_152-release-1024-b02), built by "builder" with MS VC++ 10.0 (VS2010)

time: Sat Dec 29 02:27:05 2018
elapsed time: 6 seconds (0d 0h 0m 6s)

