#
# There is insufficient memory for the Java Runtime Environment to continue.
# Native memory allocation (malloc) failed to allocate 32744 bytes for ChunkPool::allocate
# Possible reasons:
#   The system is out of physical RAM or swap space
#   In 32 bit mode, the process size limit was hit
# Possible solutions:
#   Reduce memory load on the system
#   Increase physical memory or swap space
#   Check if swap backing store is full
#   Use 64 bit Java on a 64 bit OS
#   Decrease Java heap size (-Xmx/-Xms)
#   Decrease number of Java threads
#   Decrease Java thread stack sizes (-Xss)
#   Set larger code cache with -XX:ReservedCodeCacheSize=
# This output file may be truncated or incomplete.
#
#  Out of Memory Error (allocation.cpp:273), pid=3852, tid=0x00000000000019c0
#
# JRE version: OpenJDK Runtime Environment (8.0_152-b01) (build 1.8.0_152-release-1248-b01)
# Java VM: OpenJDK 64-Bit Server VM (25.152-b01 mixed mode windows-amd64 compressed oops)
# Failed to write core dump. Minidumps are not enabled by default on client versions of Windows
#

---------------  T H R E A D  ---------------

Current thread (0x000000001648a800):  JavaThread "C2 CompilerThread0" daemon [_thread_in_native, id=6592, stack(0x0000000017ae0000,0x0000000017be0000)]

Stack: [0x0000000017ae0000,0x0000000017be0000]
[error occurred during error reporting (printing stack bounds), id 0xc0000005]

Native frames: (J=compiled Java code, j=interpreted, Vv=VM code, C=native code)


Current CompileTask:
C2:1996779 14924       4       com.android.tools.r8.dex.DexParser::debugInfoAt (15 bytes)


---------------  P R O C E S S  ---------------

Java Threads: ( => current thread )
  0x000000001e8af800 JavaThread "ForkJoinPool-2-worker-0" daemon [_thread_blocked, id=10664, stack(0x0000000029120000,0x0000000029220000)]
  0x000000001e8b1000 JavaThread "ForkJoinPool-2-worker-3" daemon [_thread_blocked, id=2932, stack(0x0000000029020000,0x0000000029120000)]
  0x000000001e8ac000 JavaThread "ForkJoinPool-2-worker-2" daemon [_thread_blocked, id=5472, stack(0x0000000028f20000,0x0000000029020000)]
  0x000000001e8ae000 JavaThread "ForkJoinPool-2-worker-1" daemon [_thread_in_Java, id=1656, stack(0x0000000028e20000,0x0000000028f20000)]
  0x000000001e8ac800 JavaThread "ForkJoinPool.commonPool-worker-3" daemon [_thread_blocked, id=4364, stack(0x0000000028d20000,0x0000000028e20000)]
  0x000000001e8b0800 JavaThread "ForkJoinPool.commonPool-worker-2" daemon [_thread_blocked, id=9876, stack(0x0000000028c20000,0x0000000028d20000)]
  0x000000001e8a3000 JavaThread "Cache worker for Java compile cache (H:\AndroidStudioProjects\LogInPage\.gradle\4.10.1\javaCompile)" [_thread_blocked, id=10996, stack(0x0000000028a20000,0x0000000028b20000)]
  0x000000001e8a2000 JavaThread "Cache worker for Build Output Cleanup Cache (H:\AndroidStudioProjects\LogInPage\.gradle\buildOutputCleanup)" [_thread_blocked, id=8044, stack(0x0000000028920000,0x0000000028a20000)]
  0x000000001e8a9000 JavaThread "Cache worker for task history cache (H:\AndroidStudioProjects\LogInPage\.gradle\4.10.1\taskHistory)" [_thread_blocked, id=7888, stack(0x0000000028820000,0x0000000028920000)]
  0x000000001e8a8000 JavaThread "Task worker for ':' Thread 3" [_thread_blocked, id=10516, stack(0x0000000028720000,0x0000000028820000)]
  0x000000001b8f2000 JavaThread "Task worker for ':' Thread 2" [_thread_blocked, id=9440, stack(0x0000000028620000,0x0000000028720000)]
  0x000000001b8f1000 JavaThread "Task worker for ':'" [_thread_blocked, id=9596, stack(0x0000000028520000,0x0000000028620000)]
  0x000000001b8f0800 JavaThread "Cache worker for file content cache (H:\AndroidStudioProjects\LogInPage\.gradle\4.10.1\fileContent)" [_thread_blocked, id=1864, stack(0x0000000028420000,0x0000000028520000)]
  0x000000001b8ef800 JavaThread "Build operations Thread 4" [_thread_blocked, id=9056, stack(0x0000000028320000,0x0000000028420000)]
  0x000000001b8ef000 JavaThread "Build operations Thread 3" [_thread_blocked, id=4336, stack(0x0000000028220000,0x0000000028320000)]
  0x000000001b8ee000 JavaThread "Build operations Thread 2" [_thread_blocked, id=4408, stack(0x0000000028120000,0x0000000028220000)]
  0x000000001b8ed800 JavaThread "Build operations" [_thread_blocked, id=10748, stack(0x0000000028020000,0x0000000028120000)]
  0x000000001b8e6000 JavaThread "Cache worker for cache directory md-rule (C:\Users\HP\.gradle\caches\4.10.1\md-rule)" [_thread_blocked, id=4100, stack(0x0000000027f20000,0x0000000028020000)]
  0x000000001b8ec800 JavaThread "Cache worker for cache directory md-supplier (C:\Users\HP\.gradle\caches\4.10.1\md-supplier)" [_thread_blocked, id=2552, stack(0x0000000027e20000,0x0000000027f20000)]
  0x000000001b8e5000 JavaThread "Cache worker for file hash cache (H:\AndroidStudioProjects\LogInPage\.gradle\4.10.1\fileHashes)" [_thread_blocked, id=3724, stack(0x0000000027d20000,0x0000000027e20000)]
  0x000000001b8ec000 JavaThread "Stdin handler" [_thread_blocked, id=3528, stack(0x0000000027c20000,0x0000000027d20000)]
  0x000000001b8e4800 JavaThread "Asynchronous log dispatcher for DefaultDaemonConnection: socket connection from /127.0.0.1:2253 to /127.0.0.1:2476" [_thread_blocked, id=2204, stack(0x0000000027b20000,0x0000000027c20000)]
  0x000000001b8e7800 JavaThread "Daemon worker Thread 3" [_thread_blocked, id=2512, stack(0x0000000027a20000,0x0000000027b20000)]
  0x000000001b8eb000 JavaThread "Cancel handler" [_thread_blocked, id=3616, stack(0x0000000027920000,0x0000000027a20000)]
  0x000000001b8e3800 JavaThread "Handler for socket connection from /127.0.0.1:2253 to /127.0.0.1:2476" [_thread_in_native, id=7952, stack(0x0000000027820000,0x0000000027920000)]
  0x000000001b8e3000 JavaThread "Daemon Thread 3" [_thread_blocked, id=1868, stack(0x0000000027720000,0x0000000027820000)]
  0x000000001b8e8000 JavaThread "Cache worker for Java compile cache (C:\Users\HP\.gradle\caches\4.10.1\javaCompile)" [_thread_blocked, id=9888, stack(0x0000000024710000,0x0000000024810000)]
  0x000000001e8a7800 JavaThread "pool-1-thread-1" [_thread_blocked, id=9228, stack(0x0000000023310000,0x0000000023410000)]
  0x000000001e8a6800 JavaThread "Cache worker for file content cache (C:\Users\HP\.gradle\caches\4.10.1\fileContent)" [_thread_blocked, id=2600, stack(0x00000000220c0000,0x00000000221c0000)]
  0x000000001e8a6000 JavaThread "Memory manager" [_thread_blocked, id=10020, stack(0x0000000021fc0000,0x00000000220c0000)]
  0x000000001aca7000 JavaThread "Cache worker for Artifact transforms cache (C:\Users\HP\.gradle\caches\transforms-1)" [_thread_blocked, id=5328, stack(0x0000000020070000,0x0000000020170000)]
  0x000000001aca4000 JavaThread "Cache worker for journal cache (C:\Users\HP\.gradle\caches\journal-1)" [_thread_blocked, id=10896, stack(0x000000001e5d0000,0x000000001e6d0000)]
  0x00000000199e5000 JavaThread "File lock request listener" [_thread_in_native, id=11012, stack(0x000000001bf00000,0x000000001c000000)]
  0x00000000199e4000 JavaThread "Cache worker for file hash cache (C:\Users\HP\.gradle\caches\4.10.1\fileHashes)" [_thread_blocked, id=5284, stack(0x000000001be00000,0x000000001bf00000)]
  0x000000001934d800 JavaThread "Daemon periodic checks" [_thread_blocked, id=5532, stack(0x000000001a330000,0x000000001a430000)]
  0x0000000019351000 JavaThread "Incoming local TCP Connector on port 2253" [_thread_in_native, id=2092, stack(0x000000001a0f0000,0x000000001a1f0000)]
  0x0000000017e08800 JavaThread "Service Thread" daemon [_thread_blocked, id=10804, stack(0x00000000181e0000,0x00000000182e0000)]
  0x0000000016499800 JavaThread "C1 CompilerThread2" daemon [_thread_blocked, id=7248, stack(0x0000000017ce0000,0x0000000017de0000)]
  0x000000001648f800 JavaThread "C2 CompilerThread1" daemon [_thread_in_native, id=7016, stack(0x0000000017be0000,0x0000000017ce0000)]
=>0x000000001648a800 JavaThread "C2 CompilerThread0" daemon [_thread_in_native, id=6592, stack(0x0000000017ae0000,0x0000000017be0000)]
  0x0000000016498800 JavaThread "Attach Listener" daemon [_thread_blocked, id=4072, stack(0x00000000179e0000,0x0000000017ae0000)]
  0x0000000016497000 JavaThread "Signal Dispatcher" daemon [_thread_blocked, id=10704, stack(0x00000000178e0000,0x00000000179e0000)]
  0x0000000002b1d000 JavaThread "Finalizer" daemon [_thread_blocked, id=10508, stack(0x00000000176f0000,0x00000000177f0000)]
  0x0000000002b12800 JavaThread "Reference Handler" daemon [_thread_blocked, id=3992, stack(0x00000000175f0000,0x00000000176f0000)]
  0x000000000284e000 JavaThread "main" [_thread_blocked, id=1424, stack(0x0000000002920000,0x0000000002a20000)]

Other Threads:
  0x0000000016456000 VMThread [stack: 0x00000000174f0000,0x00000000175f0000] [id=3128]
  0x00000000164ee800 WatcherThread [stack: 0x00000000182e0000,0x00000000183e0000] [id=120]

VM state:not at safepoint (normal execution)

VM Mutex/Monitor currently owned by a thread: None

Heap:
 PSYoungGen      total 179200K, used 126059K [0x00000000e0000000, 0x00000000ee580000, 0x0000000100000000)
  eden space 123392K, 56% used [0x00000000e0000000,0x00000000e449d1d8,0x00000000e7880000)
  from space 55808K, 99% used [0x00000000e7880000,0x00000000eaefdb70,0x00000000eaf00000)
  to   space 53248K, 0% used [0x00000000eaf00000,0x00000000eaf00000,0x00000000ee300000)
 ParOldGen       total 179712K, used 86966K [0x00000000a0000000, 0x00000000aaf80000, 0x00000000e0000000)
  object space 179712K, 48% used [0x00000000a0000000,0x00000000a54eda98,0x00000000aaf80000)
 Metaspace       used 82730K, capacity 85814K, committed 86064K, reserved 1124352K
  class space    used 10804K, capacity 11517K, committed 11568K, reserved 1048576K

Card table byte_map: [0x0000000011ee0000,0x00000000121f0000] byte_map_base: 0x00000000119e0000

Marking Bits: (ParMarkBitMap*) 0x0000000073485aa0
 Begin Bits: [0x00000000127f0000, 0x0000000013ff0000)
 End Bits:   [0x0000000013ff0000, 0x00000000157f0000)

Polling page: 0x0000000001010000

CodeCache: size=245760Kb used=40150Kb max_used=40166Kb free=205609Kb
 bounds [0x0000000002b20000, 0x00000000052a0000, 0x0000000011b20000]
 total_blobs=13296 nmethods=12442 adapters=766
 compilation: enabled

Compilation events (10 events):
Event: 1996.617 Thread 0x0000000016499800 15008 %s    3       com.android.tools.r8.graph.DexItemFactory::extractMarkers @ 19 (63 bytes)
Event: 1996.617 Thread 0x000000001648a800 nmethod 15005 0x0000000005270050 code [0x00000000052701c0, 0x0000000005270428]
Event: 1996.617 Thread 0x000000001648a800 15007   !   4       java.util.concurrent.ConcurrentHashMap::merge (526 bytes)
Event: 1996.618 Thread 0x0000000016499800 nmethod 15008% 0x000000000528aa50 code [0x000000000528aca0, 0x000000000528bbd8]
Event: 1996.619 Thread 0x0000000016499800 15009  s    3       com.android.tools.r8.graph.DexItemFactory::extractMarkers (63 bytes)
Event: 1996.621 Thread 0x0000000016499800 nmethod 15009 0x000000000528c450 code [0x000000000528c700, 0x000000000528db98]
Event: 1996.648 Thread 0x000000001648a800 nmethod 15007 0x0000000005288d90 code [0x0000000005288f60, 0x0000000005289d40]
Event: 1996.649 Thread 0x000000001648a800 15010 %     4       java.util.TimSort::mergeLo @ 153 (659 bytes)
Event: 1996.676 Thread 0x000000001648a800 nmethod 15010% 0x000000000528ef50 code [0x000000000528f100, 0x0000000005290418]
Event: 1996.677 Thread 0x000000001648a800 14924       4       com.android.tools.r8.dex.DexParser::debugInfoAt (15 bytes)

GC Heap History (10 events):
Event: 167.504 GC heap before
{Heap before GC invocations=31 (full 4):
 PSYoungGen      total 123904K, used 98816K [0x00000000e0000000, 0x00000000eba80000, 0x0000000100000000)
  eden space 98816K, 100% used [0x00000000e0000000,0x00000000e6080000,0x00000000e6080000)
  from space 25088K, 0% used [0x00000000e8680000,0x00000000e8680000,0x00000000e9f00000)
  to   space 38912K, 0% used [0x00000000e6080000,0x00000000e6080000,0x00000000e8680000)
 ParOldGen       total 179712K, used 81375K [0x00000000a0000000, 0x00000000aaf80000, 0x00000000e0000000)
  object space 179712K, 45% used [0x00000000a0000000,0x00000000a4f77d08,0x00000000aaf80000)
 Metaspace       used 81213K, capacity 84222K, committed 84400K, reserved 1122304K
  class space    used 10755K, capacity 11433K, committed 11440K, reserved 1048576K
Event: 167.577 GC heap after
Heap after GC invocations=31 (full 4):
 PSYoungGen      total 137728K, used 38893K [0x00000000e0000000, 0x00000000ec680000, 0x0000000100000000)
  eden space 98816K, 0% used [0x00000000e0000000,0x00000000e0000000,0x00000000e6080000)
  from space 38912K, 99% used [0x00000000e6080000,0x00000000e867b530,0x00000000e8680000)
  to   space 46592K, 0% used [0x00000000e9900000,0x00000000e9900000,0x00000000ec680000)
 ParOldGen       total 179712K, used 84544K [0x00000000a0000000, 0x00000000aaf80000, 0x00000000e0000000)
  object space 179712K, 47% used [0x00000000a0000000,0x00000000a52902f8,0x00000000aaf80000)
 Metaspace       used 81213K, capacity 84222K, committed 84400K, reserved 1122304K
  class space    used 10755K, capacity 11433K, committed 11440K, reserved 1048576K
}
Event: 169.469 GC heap before
{Heap before GC invocations=32 (full 4):
 PSYoungGen      total 137728K, used 137709K [0x00000000e0000000, 0x00000000ec680000, 0x0000000100000000)
  eden space 98816K, 100% used [0x00000000e0000000,0x00000000e6080000,0x00000000e6080000)
  from space 38912K, 99% used [0x00000000e6080000,0x00000000e867b530,0x00000000e8680000)
  to   space 46592K, 0% used [0x00000000e9900000,0x00000000e9900000,0x00000000ec680000)
 ParOldGen       total 179712K, used 84544K [0x00000000a0000000, 0x00000000aaf80000, 0x00000000e0000000)
  object space 179712K, 47% used [0x00000000a0000000,0x00000000a52902f8,0x00000000aaf80000)
 Metaspace       used 81410K, capacity 84368K, committed 84400K, reserved 1122304K
  class space    used 10756K, capacity 11436K, committed 11440K, reserved 1048576K
Event: 169.583 GC heap after
Heap after GC invocations=32 (full 4):
 PSYoungGen      total 154112K, used 32595K [0x00000000e0000000, 0x00000000ecf80000, 0x0000000100000000)
  eden space 107520K, 0% used [0x00000000e0000000,0x00000000e0000000,0x00000000e6900000)
  from space 46592K, 69% used [0x00000000e9900000,0x00000000eb8d4e08,0x00000000ec680000)
  to   space 49152K, 0% used [0x00000000e6900000,0x00000000e6900000,0x00000000e9900000)
 ParOldGen       total 179712K, used 84552K [0x00000000a0000000, 0x00000000aaf80000, 0x00000000e0000000)
  object space 179712K, 47% used [0x00000000a0000000,0x00000000a52922f8,0x00000000aaf80000)
 Metaspace       used 81410K, capacity 84368K, committed 84400K, reserved 1122304K
  class space    used 10756K, capacity 11436K, committed 11440K, reserved 1048576K
}
Event: 170.697 GC heap before
{Heap before GC invocations=33 (full 4):
 PSYoungGen      total 154112K, used 140115K [0x00000000e0000000, 0x00000000ecf80000, 0x0000000100000000)
  eden space 107520K, 100% used [0x00000000e0000000,0x00000000e6900000,0x00000000e6900000)
  from space 46592K, 69% used [0x00000000e9900000,0x00000000eb8d4e08,0x00000000ec680000)
  to   space 49152K, 0% used [0x00000000e6900000,0x00000000e6900000,0x00000000e9900000)
 ParOldGen       total 179712K, used 84552K [0x00000000a0000000, 0x00000000aaf80000, 0x00000000e0000000)
  object space 179712K, 47% used [0x00000000a0000000,0x00000000a52922f8,0x00000000aaf80000)
 Metaspace       used 81494K, capacity 84532K, committed 84784K, reserved 1122304K
  class space    used 10760K, capacity 11442K, committed 11568K, reserved 1048576K
Event: 170.754 GC heap after
Heap after GC invocations=33 (full 4):
 PSYoungGen      total 156672K, used 38006K [0x00000000e0000000, 0x00000000ee300000, 0x0000000100000000)
  eden space 107520K, 0% used [0x00000000e0000000,0x00000000e0000000,0x00000000e6900000)
  from space 49152K, 77% used [0x00000000e6900000,0x00000000e8e1d920,0x00000000e9900000)
  to   space 53248K, 0% used [0x00000000eaf00000,0x00000000eaf00000,0x00000000ee300000)
 ParOldGen       total 179712K, used 84560K [0x00000000a0000000, 0x00000000aaf80000, 0x00000000e0000000)
  object space 179712K, 47% used [0x00000000a0000000,0x00000000a52942f8,0x00000000aaf80000)
 Metaspace       used 81494K, capacity 84532K, committed 84784K, reserved 1122304K
  class space    used 10760K, capacity 11442K, committed 11568K, reserved 1048576K
}
Event: 1986.093 GC heap before
{Heap before GC invocations=34 (full 4):
 PSYoungGen      total 156672K, used 145526K [0x00000000e0000000, 0x00000000ee300000, 0x0000000100000000)
  eden space 107520K, 100% used [0x00000000e0000000,0x00000000e6900000,0x00000000e6900000)
  from space 49152K, 77% used [0x00000000e6900000,0x00000000e8e1d920,0x00000000e9900000)
  to   space 53248K, 0% used [0x00000000eaf00000,0x00000000eaf00000,0x00000000ee300000)
 ParOldGen       total 179712K, used 84560K [0x00000000a0000000, 0x00000000aaf80000, 0x00000000e0000000)
  object space 179712K, 47% used [0x00000000a0000000,0x00000000a52942f8,0x00000000aaf80000)
 Metaspace       used 82255K, capacity 85368K, committed 85552K, reserved 1124352K
  class space    used 10796K, capacity 11504K, committed 11568K, reserved 1048576K
Event: 1986.248 GC heap after
Heap after GC invocations=34 (full 4):
 PSYoungGen      total 176640K, used 37249K [0x00000000e0000000, 0x00000000ee580000, 0x0000000100000000)
  eden space 123392K, 0% used [0x00000000e0000000,0x00000000e0000000,0x00000000e7880000)
  from space 53248K, 69% used [0x00000000eaf00000,0x00000000ed360618,0x00000000ee300000)
  to   space 55808K, 0% used [0x00000000e7880000,0x00000000e7880000,0x00000000eaf00000)
 ParOldGen       total 179712K, used 84568K [0x00000000a0000000, 0x00000000aaf80000, 0x00000000e0000000)
  object space 179712K, 47% used [0x00000000a0000000,0x00000000a52962f8,0x00000000aaf80000)
 Metaspace       used 82255K, capacity 85368K, committed 85552K, reserved 1124352K
  class space    used 10796K, capacity 11504K, committed 11568K, reserved 1048576K
}
Event: 1995.838 GC heap before
{Heap before GC invocations=35 (full 4):
 PSYoungGen      total 176640K, used 160641K [0x00000000e0000000, 0x00000000ee580000, 0x0000000100000000)
  eden space 123392K, 100% used [0x00000000e0000000,0x00000000e7880000,0x00000000e7880000)
  from space 53248K, 69% used [0x00000000eaf00000,0x00000000ed360618,0x00000000ee300000)
  to   space 55808K, 0% used [0x00000000e7880000,0x00000000e7880000,0x00000000eaf00000)
 ParOldGen       total 179712K, used 84568K [0x00000000a0000000, 0x00000000aaf80000, 0x00000000e0000000)
  object space 179712K, 47% used [0x00000000a0000000,0x00000000a52962f8,0x00000000aaf80000)
 Metaspace       used 82697K, capacity 85814K, committed 86064K, reserved 1124352K
  class space    used 10803K, capacity 11517K, committed 11568K, reserved 1048576K
Event: 1995.925 GC heap after
Heap after GC invocations=35 (full 4):
 PSYoungGen      total 179200K, used 55798K [0x00000000e0000000, 0x00000000ee580000, 0x0000000100000000)
  eden space 123392K, 0% used [0x00000000e0000000,0x00000000e0000000,0x00000000e7880000)
  from space 55808K, 99% used [0x00000000e7880000,0x00000000eaefdb70,0x00000000eaf00000)
  to   space 53248K, 0% used [0x00000000eaf00000,0x00000000eaf00000,0x00000000ee300000)
 ParOldGen       total 179712K, used 86966K [0x00000000a0000000, 0x00000000aaf80000, 0x00000000e0000000)
  object space 179712K, 48% used [0x00000000a0000000,0x00000000a54eda98,0x00000000aaf80000)
 Metaspace       used 82697K, capacity 85814K, committed 86064K, reserved 1124352K
  class space    used 10803K, capacity 11517K, committed 11568K, reserved 1048576K
}

Deoptimization events (10 events):
Event: 1992.645 Thread 0x000000001b8f2000 Uncommon trap: reason=bimorphic action=maybe_recompile pc=0x0000000004d27cc0 method=com.android.tools.r8.graph.DexClass.forEachMethod(Ljava/util/function/Consumer;)V @ 26
Event: 1992.707 Thread 0x000000001b8f2000 Uncommon trap: reason=unstable_if action=reinterpret pc=0x0000000004cb9540 method=com.android.tools.r8.it.unimi.dsi.fastutil.objects.Object2IntLinkedOpenHashMap.insert(Ljava/lang/Object;I)I @ 117
Event: 1992.708 Thread 0x000000001b8f2000 Uncommon trap: reason=unstable_if action=reinterpret pc=0x0000000004cac6d0 method=com.android.tools.r8.it.unimi.dsi.fastutil.objects.Object2IntLinkedOpenHashMap.insert(Ljava/lang/Object;I)I @ 117
Event: 1992.708 Thread 0x000000001b8f2000 Uncommon trap: reason=unstable_if action=reinterpret pc=0x0000000004ca5160 method=com.android.tools.r8.it.unimi.dsi.fastutil.objects.Object2IntLinkedOpenHashMap.insert(Ljava/lang/Object;I)I @ 117
Event: 1992.708 Thread 0x000000001b8f2000 Uncommon trap: reason=unstable_if action=reinterpret pc=0x0000000004cd428c method=com.android.tools.r8.it.unimi.dsi.fastutil.objects.Object2IntLinkedOpenHashMap.insert(Ljava/lang/Object;I)I @ 117
Event: 1992.708 Thread 0x000000001b8f2000 Uncommon trap: reason=unstable_if action=reinterpret pc=0x0000000004e1a9f8 method=com.android.tools.r8.dex.FileWriter.sizeOfCodeItem(Lcom/android/tools/r8/graph/DexCode;)I @ 76
Event: 1992.712 Thread 0x000000001b8f2000 Uncommon trap: reason=unstable_if action=reinterpret pc=0x0000000004cc0ea0 method=com.android.tools.r8.it.unimi.dsi.fastutil.objects.Object2IntLinkedOpenHashMap.insert(Ljava/lang/Object;I)I @ 117
Event: 1995.792 Thread 0x000000001e8ae000 Uncommon trap: reason=unstable_if action=reinterpret pc=0x0000000004aac660 method=java.nio.Bits.copyToArray(JLjava/lang/Object;JJJ)V @ 19
Event: 1996.265 Thread 0x000000001e8ac000 Uncommon trap: reason=unloaded action=reinterpret pc=0x0000000004bd46b8 method=com.android.tools.r8.code.BaseInstructionFactory.create(IILcom/android/tools/r8/code/BytecodeStream;Lcom/android/tools/r8/graph/OffsetToObjectMapping;)Lcom/android/tools/r8/cod
Event: 1996.688 Thread 0x000000001e8ae000 Uncommon trap: reason=unstable_if action=reinterpret pc=0x000000000529038c method=java.util.TimSort.mergeLo(IIII)V @ 513

Classes redefined (0 events):
No events

Internal exceptions (10 events):
Event: 1977.613 Thread 0x000000001b8e7800 Exception <a 'sun/nio/fs/WindowsException'> (0x00000000e1d71010) thrown at [D:\src\AOSP-openjdk-cygwin\jdk8u\hotspot\src\share\vm\prims\jni.cpp, line 709]
Event: 1977.613 Thread 0x000000001b8e7800 Exception <a 'sun/nio/fs/WindowsException'> (0x00000000e1d71dd0) thrown at [D:\src\AOSP-openjdk-cygwin\jdk8u\hotspot\src\share\vm\prims\jni.cpp, line 709]
Event: 1977.625 Thread 0x000000001b8e7800 Exception <a 'sun/nio/fs/WindowsException'> (0x00000000e1d75270) thrown at [D:\src\AOSP-openjdk-cygwin\jdk8u\hotspot\src\share\vm\prims\jni.cpp, line 709]
Event: 1977.625 Thread 0x000000001b8e7800 Exception <a 'sun/nio/fs/WindowsException'> (0x00000000e1d75f70) thrown at [D:\src\AOSP-openjdk-cygwin\jdk8u\hotspot\src\share\vm\prims\jni.cpp, line 709]
Event: 1977.625 Thread 0x000000001b8e7800 Exception <a 'sun/nio/fs/WindowsException'> (0x00000000e1d78078) thrown at [D:\src\AOSP-openjdk-cygwin\jdk8u\hotspot\src\share\vm\prims\jni.cpp, line 709]
Event: 1977.626 Thread 0x000000001b8e7800 Exception <a 'sun/nio/fs/WindowsException'> (0x00000000e1d78db8) thrown at [D:\src\AOSP-openjdk-cygwin\jdk8u\hotspot\src\share\vm\prims\jni.cpp, line 709]
Event: 1992.520 Thread 0x000000001b8f2000 Exception <a 'sun/nio/fs/WindowsException'> (0x00000000e4d1d9b0) thrown at [D:\src\AOSP-openjdk-cygwin\jdk8u\hotspot\src\share\vm\prims\jni.cpp, line 709]
Event: 1992.710 Thread 0x000000001b8f2000 Exception <a 'sun/nio/fs/WindowsException'> (0x00000000e4fabf30) thrown at [D:\src\AOSP-openjdk-cygwin\jdk8u\hotspot\src\share\vm\prims\jni.cpp, line 709]
Event: 1992.713 Thread 0x000000001b8f2000 Exception <a 'sun/nio/fs/WindowsException'> (0x00000000e5039a10) thrown at [D:\src\AOSP-openjdk-cygwin\jdk8u\hotspot\src\share\vm\prims\jni.cpp, line 709]
Event: 1995.794 Thread 0x000000001e8ae000 Exception <a 'sun/nio/fs/WindowsException'> (0x00000000e5722530) thrown at [D:\src\AOSP-openjdk-cygwin\jdk8u\hotspot\src\share\vm\prims\jni.cpp, line 709]

Events (10 events):
Event: 1996.678 Thread 0x000000001e8ae000 DEOPT UNPACKING pc=0x0000000002b675d0 sp=0x0000000028f1e5b0 mode 0
Event: 1996.680 Thread 0x000000001e8ae000 DEOPT PACKING pc=0x0000000004d35b59 sp=0x0000000028f1e840
Event: 1996.680 Thread 0x000000001e8ae000 DEOPT UNPACKING pc=0x0000000002b675d0 sp=0x0000000028f1e5b0 mode 0
Event: 1996.684 Thread 0x000000001e8ae000 DEOPT PACKING pc=0x0000000004d35b59 sp=0x0000000028f1e840
Event: 1996.684 Thread 0x000000001e8ae000 DEOPT UNPACKING pc=0x0000000002b675d0 sp=0x0000000028f1e5b0 mode 0
Event: 1996.687 Thread 0x000000001e8ae000 DEOPT PACKING pc=0x0000000004d35b59 sp=0x0000000028f1e840
Event: 1996.687 Thread 0x000000001e8ae000 DEOPT UNPACKING pc=0x0000000002b675d0 sp=0x0000000028f1e5b0 mode 0
Event: 1996.688 Thread 0x000000001e8ae000 Uncommon trap: trap_request=0xffffff65 fr.pc=0x000000000529038c
Event: 1996.688 Thread 0x000000001e8ae000 DEOPT PACKING pc=0x000000000529038c sp=0x0000000028f1e850
Event: 1996.688 Thread 0x000000001e8ae000 DEOPT UNPACKING pc=0x0000000002b6557b sp=0x0000000028f1e848 mode 2


Dynamic libraries:
0x00007ff6cf8b0000 - 0x00007ff6cf8e1000 	C:\Program Files (x86)\Android\Android Studio\jre\bin\java.exe
0x00007ffcb4b30000 - 0x00007ffcb4d11000 	C:\WINDOWS\SYSTEM32\ntdll.dll
0x00007ffcaba60000 - 0x00007ffcaba72000 	C:\Program Files\AVAST Software\Avast\aswhook.dll
0x00007ffcb2470000 - 0x00007ffcb2522000 	C:\WINDOWS\System32\KERNEL32.DLL
0x00007ffcb1ac0000 - 0x00007ffcb1d33000 	C:\WINDOWS\System32\KERNELBASE.dll
0x00007ffcb45b0000 - 0x00007ffcb4651000 	C:\WINDOWS\System32\ADVAPI32.dll
0x00007ffcb3d20000 - 0x00007ffcb3dbe000 	C:\WINDOWS\System32\msvcrt.dll
0x00007ffcb2410000 - 0x00007ffcb246b000 	C:\WINDOWS\System32\sechost.dll
0x00007ffcb4990000 - 0x00007ffcb4ab4000 	C:\WINDOWS\System32\RPCRT4.dll
0x00007ffcb2530000 - 0x00007ffcb26c0000 	C:\WINDOWS\System32\USER32.dll
0x00007ffcb1aa0000 - 0x00007ffcb1ac0000 	C:\WINDOWS\System32\win32u.dll
0x00007ffcb4520000 - 0x00007ffcb4548000 	C:\WINDOWS\System32\GDI32.dll
0x00007ffcb1660000 - 0x00007ffcb17f2000 	C:\WINDOWS\System32\gdi32full.dll
0x00007ffcb1ea0000 - 0x00007ffcb1f3f000 	C:\WINDOWS\System32\msvcp_win.dll
0x00007ffcb1da0000 - 0x00007ffcb1e9a000 	C:\WINDOWS\System32\ucrtbase.dll
0x00007ffca1fd0000 - 0x00007ffca2239000 	C:\WINDOWS\WinSxS\amd64_microsoft.windows.common-controls_6595b64144ccf1df_6.0.17134.523_none_fb409dd930672a56\COMCTL32.dll
0x00007ffcb4660000 - 0x00007ffcb4982000 	C:\WINDOWS\System32\combase.dll
0x00007ffcb1f40000 - 0x00007ffcb1fba000 	C:\WINDOWS\System32\bcryptPrimitives.dll
0x00007ffcb4ad0000 - 0x00007ffcb4afd000 	C:\WINDOWS\System32\IMM32.DLL
0x0000000072b00000 - 0x0000000072bd2000 	C:\Program Files (x86)\Android\Android Studio\jre\jre\bin\msvcr100.dll
0x0000000072cc0000 - 0x0000000073501000 	C:\Program Files (x86)\Android\Android Studio\jre\jre\bin\server\jvm.dll
0x00007ffcb2400000 - 0x00007ffcb2408000 	C:\WINDOWS\System32\PSAPI.DLL
0x00007ffc8d380000 - 0x00007ffc8d389000 	C:\WINDOWS\SYSTEM32\WSOCK32.dll
0x00007ffcb4210000 - 0x00007ffcb427c000 	C:\WINDOWS\System32\WS2_32.dll
0x00007ffcaa120000 - 0x00007ffcaa143000 	C:\WINDOWS\SYSTEM32\WINMM.dll
0x00007ffca57f0000 - 0x00007ffca57fa000 	C:\WINDOWS\SYSTEM32\VERSION.dll
0x00007ffcaa0f0000 - 0x00007ffcaa11a000 	C:\WINDOWS\SYSTEM32\WINMMBASE.dll
0x00007ffcb1610000 - 0x00007ffcb1659000 	C:\WINDOWS\System32\cfgmgr32.dll
0x00007ffcad730000 - 0x00007ffcad73f000 	C:\Program Files (x86)\Android\Android Studio\jre\jre\bin\verify.dll
0x00007ffcabdc0000 - 0x00007ffcabde9000 	C:\Program Files (x86)\Android\Android Studio\jre\jre\bin\java.dll
0x00007ffca9d70000 - 0x00007ffca9d86000 	C:\Program Files (x86)\Android\Android Studio\jre\jre\bin\zip.dll
0x00007ffcb26c0000 - 0x00007ffcb3b00000 	C:\WINDOWS\System32\SHELL32.dll
0x00007ffcb4280000 - 0x00007ffcb4329000 	C:\WINDOWS\System32\shcore.dll
0x00007ffcb0f00000 - 0x00007ffcb160d000 	C:\WINDOWS\System32\windows.storage.dll
0x00007ffcb4550000 - 0x00007ffcb45a1000 	C:\WINDOWS\System32\shlwapi.dll
0x00007ffcb0ee0000 - 0x00007ffcb0ef1000 	C:\WINDOWS\System32\kernel.appcore.dll
0x00007ffcb0e70000 - 0x00007ffcb0e8f000 	C:\WINDOWS\System32\profapi.dll
0x00007ffcb0e90000 - 0x00007ffcb0edc000 	C:\WINDOWS\System32\powrprof.dll
0x00007ffcb0e40000 - 0x00007ffcb0e4a000 	C:\WINDOWS\System32\FLTLIB.DLL
0x00007ffca5490000 - 0x00007ffca54aa000 	C:\Program Files (x86)\Android\Android Studio\jre\jre\bin\net.dll
0x00007ffcb06c0000 - 0x00007ffcb0726000 	C:\WINDOWS\system32\mswsock.dll
0x00007ffca5470000 - 0x00007ffca5481000 	C:\Program Files (x86)\Android\Android Studio\jre\jre\bin\nio.dll
0x00007ffcad6b0000 - 0x00007ffcad6ce000 	C:\Users\HP\.gradle\native\25\windows-amd64\native-platform.dll
0x00007ffcad6a0000 - 0x00007ffcad6ad000 	C:\Program Files (x86)\Android\Android Studio\jre\jre\bin\management.dll
0x00007ffcb0870000 - 0x00007ffcb0887000 	C:\WINDOWS\SYSTEM32\CRYPTSP.dll
0x00007ffcb0240000 - 0x00007ffcb0273000 	C:\WINDOWS\system32\rsaenh.dll
0x00007ffcb09a0000 - 0x00007ffcb09c5000 	C:\WINDOWS\SYSTEM32\bcrypt.dll
0x00007ffcb0d40000 - 0x00007ffcb0d68000 	C:\WINDOWS\SYSTEM32\USERENV.dll
0x00007ffcb0890000 - 0x00007ffcb089b000 	C:\WINDOWS\SYSTEM32\CRYPTBASE.dll
0x00007ffcb0440000 - 0x00007ffcb0478000 	C:\WINDOWS\SYSTEM32\IPHLPAPI.DLL
0x00007ffcb2320000 - 0x00007ffcb2328000 	C:\WINDOWS\System32\NSI.dll
0x00007ffca9b40000 - 0x00007ffca9b56000 	C:\WINDOWS\SYSTEM32\dhcpcsvc6.DLL
0x00007ffca9f50000 - 0x00007ffca9f6a000 	C:\WINDOWS\SYSTEM32\dhcpcsvc.DLL

VM Arguments:
jvm_args: -Xmx1536m -Dfile.encoding=windows-1252 -Duser.country=US -Duser.language=en -Duser.variant 
java_command: org.gradle.launcher.daemon.bootstrap.GradleDaemon 4.10.1
java_class_path (initial): C:\Users\HP\.gradle\wrapper\dists\gradle-4.10.1-all\455itskqi2qtf0v2sja68alqd\gradle-4.10.1\lib\gradle-launcher-4.10.1.jar
Launcher Type: SUN_STANDARD

Environment Variables:
PATH=C:\Program Files (x86)\Common Files\Oracle\Java\javapath;C:\Program Files (x86)\Common Files\ArcSoft\Bin;C:\Program Files (x86)\Intel\iCLS Client\;C:\Program Files\Intel\iCLS Client\;C:\WINDOWS\system32;C:\WINDOWS;C:\WINDOWS\System32\Wbem;C:\WINDOWS\System32\WindowsPowerShell\v1.0\;C:\Program Files (x86)\Intel\Intel(R) Management Engine Components\DAL;C:\Program Files\Intel\Intel(R) Management Engine Components\DAL;C:\Program Files (x86)\Intel\Intel(R) Management Engine Components\IPT;C:\Program Files\Intel\Intel(R) Management Engine Components\IPT;c:\Program Files\Intel\WiFi\bin\;c:\Program Files\Common Files\Intel\WirelessCommon\;C:\Program Files (x86)\GtkSharp\2.12\bin;C:\WINDOWS\System32\OpenSSH\;C:\Users\HP\AppData\Local\Android\Sdk;C:\Program Files (x86)\Java\jdk1.6.0_18\bin;%USERPROFILE%\AppData\Local\Microsoft\WindowsApps;
USERNAME=HP
OS=Windows_NT
PROCESSOR_IDENTIFIER=Intel64 Family 6 Model 61 Stepping 4, GenuineIntel



---------------  S Y S T E M  ---------------

OS: Windows 10.0 , 64 bit Build 17134 (10.0.17134.1)

CPU:total 4 (initial active 4) (2 cores per cpu, 2 threads per core) family 6 model 61 stepping 4, cmov, cx8, fxsr, mmx, sse, sse2, sse3, ssse3, sse4.1, sse4.2, popcnt, avx, avx2, aes, clmul, erms, 3dnowpref, lzcnt, ht, tsc, tscinvbit, bmi1, bmi2, adx

Memory: 4k page, physical 4082796k(361704k free), swap 4082796k(4112k free)

vm_info: OpenJDK 64-Bit Server VM (25.152-b01) for windows-amd64 JRE (1.8.0_152-release-1248-b01), built by "builder" with MS VC++ 10.0 (VS2010)

time: Thu Jan 24 13:48:11 2019
elapsed time: 1996 seconds (0d 0h 33m 16s)

