#
# There is insufficient memory for the Java Runtime Environment to continue.
# Native memory allocation (malloc) failed to allocate 1612368 bytes for Chunk::new
# Possible reasons:
#   The system is out of physical RAM or swap space
#   In 32 bit mode, the process size limit was hit
# Possible solutions:
#   Reduce memory load on the system
#   Increase physical memory or swap space
#   Check if swap backing store is full
#   Use 64 bit Java on a 64 bit OS
#   Decrease Java heap size (-Xmx/-Xms)
#   Decrease number of Java threads
#   Decrease Java thread stack sizes (-Xss)
#   Set larger code cache with -XX:ReservedCodeCacheSize=
# This output file may be truncated or incomplete.
#
#  Out of Memory Error (allocation.cpp:390), pid=2568, tid=0x0000000000001a98
#
# JRE version: OpenJDK Runtime Environment (8.0_152-b02) (build 1.8.0_152-release-1024-b02)
# Java VM: OpenJDK 64-Bit Server VM (25.152-b02 mixed mode windows-amd64 compressed oops)
# Failed to write core dump. Minidumps are not enabled by default on client versions of Windows
#

---------------  T H R E A D  ---------------

Current thread (0x0000000015e3f800):  JavaThread "C2 CompilerThread1" daemon [_thread_in_native, id=6808, stack(0x0000000017580000,0x0000000017680000)]

Stack: [0x0000000017580000,0x0000000017680000]
[error occurred during error reporting (printing stack bounds), id 0xc0000005]

Native frames: (J=compiled Java code, j=interpreted, Vv=VM code, C=native code)


Current CompileTask:
C2:   7431 1356       4       java.net.URLClassLoader$1::run (5 bytes)


---------------  P R O C E S S  ---------------

Java Threads: ( => current thread )
  0x00000000177a7800 JavaThread "Cache worker for file hash cache (H:\AndroidStudioProjects\LogInPage\.gradle\4.4\fileHashes)" [_thread_blocked, id=4800, stack(0x000000001b9a0000,0x000000001baa0000)]
  0x0000000017f93800 JavaThread "File lock request listener" [_thread_in_native, id=8452, stack(0x000000001a8d0000,0x000000001a9d0000)]
  0x00000000178ba800 JavaThread "Cache worker for file hash cache (C:\Users\HP\.gradle\caches\4.4\fileHashes)" [_thread_blocked, id=176, stack(0x000000001a7d0000,0x000000001a8d0000)]
  0x00000000181d9800 JavaThread "Stdin handler" [_thread_blocked, id=11032, stack(0x000000001a4d0000,0x000000001a5d0000)]
  0x00000000181d8800 JavaThread "Asynchronous log dispatcher for DefaultDaemonConnection: socket connection from /127.0.0.1:2604 to /127.0.0.1:2605" [_thread_blocked, id=5844, stack(0x000000001a3d0000,0x000000001a4d0000)]
  0x00000000181dd800 JavaThread "Daemon worker" [_thread_in_Java, id=10616, stack(0x000000001a2d0000,0x000000001a3d0000)]
  0x000000001794d000 JavaThread "Cancel handler" [_thread_blocked, id=4576, stack(0x000000001a1d0000,0x000000001a2d0000)]
  0x0000000017f1e800 JavaThread "Handler for socket connection from /127.0.0.1:2604 to /127.0.0.1:2605" [_thread_in_native, id=9916, stack(0x0000000019ed0000,0x0000000019fd0000)]
  0x000000001818d000 JavaThread "Daemon" [_thread_blocked, id=9688, stack(0x0000000019dd0000,0x0000000019ed0000)]
  0x0000000018bdd000 JavaThread "Daemon periodic checks" [_thread_blocked, id=3916, stack(0x0000000019cd0000,0x0000000019dd0000)]
  0x0000000018bda000 JavaThread "Incoming local TCP Connector on port 2604" [_thread_in_native, id=8664, stack(0x0000000019a90000,0x0000000019b90000)]
  0x00000000177a8800 JavaThread "Service Thread" daemon [_thread_blocked, id=4872, stack(0x0000000017b80000,0x0000000017c80000)]
  0x0000000015e4d000 JavaThread "C1 CompilerThread2" daemon [_thread_blocked, id=5932, stack(0x0000000017680000,0x0000000017780000)]
=>0x0000000015e3f800 JavaThread "C2 CompilerThread1" daemon [_thread_in_native, id=6808, stack(0x0000000017580000,0x0000000017680000)]
  0x0000000015e38800 JavaThread "C2 CompilerThread0" daemon [_thread_blocked, id=6176, stack(0x0000000017480000,0x0000000017580000)]
  0x0000000015e46800 JavaThread "Attach Listener" daemon [_thread_blocked, id=7336, stack(0x0000000017380000,0x0000000017480000)]
  0x0000000015e45800 JavaThread "Signal Dispatcher" daemon [_thread_blocked, id=4140, stack(0x0000000017280000,0x0000000017380000)]
  0x0000000015e28800 JavaThread "Finalizer" daemon [_thread_blocked, id=7876, stack(0x0000000017090000,0x0000000017190000)]
  0x00000000024c2000 JavaThread "Reference Handler" daemon [_thread_blocked, id=10148, stack(0x0000000016f90000,0x0000000017090000)]
  0x00000000023cd800 JavaThread "main" [_thread_blocked, id=7040, stack(0x0000000002220000,0x0000000002320000)]

Other Threads:
  0x0000000015e06800 VMThread [stack: 0x0000000016e90000,0x0000000016f90000] [id=5160]
  0x0000000015e7a800 WatcherThread [stack: 0x0000000017c80000,0x0000000017d80000] [id=8048]

VM state:not at safepoint (normal execution)

VM Mutex/Monitor currently owned by a thread: None

Heap:
 PSYoungGen      total 22016K, used 11603K [0x00000000e0000000, 0x00000000e1b00000, 0x0000000100000000)
  eden space 16384K, 41% used [0x00000000e0000000,0x00000000e06b3290,0x00000000e1000000)
  from space 5632K, 84% used [0x00000000e1580000,0x00000000e1a21cc0,0x00000000e1b00000)
  to   space 5632K, 0% used [0x00000000e1000000,0x00000000e1000000,0x00000000e1580000)
 ParOldGen       total 44032K, used 4811K [0x00000000a0000000, 0x00000000a2b00000, 0x00000000e0000000)
  object space 44032K, 10% used [0x00000000a0000000,0x00000000a04b2de8,0x00000000a2b00000)
 Metaspace       used 15228K, capacity 15542K, committed 15616K, reserved 1062912K
  class space    used 2149K, capacity 2251K, committed 2304K, reserved 1048576K

Card table byte_map: [0x0000000011890000,0x0000000011ba0000] byte_map_base: 0x0000000011390000

Marking Bits: (ParMarkBitMap*) 0x0000000067784970
 Begin Bits: [0x00000000121a0000, 0x00000000139a0000)
 End Bits:   [0x00000000139a0000, 0x00000000151a0000)

Polling page: 0x00000000021e0000

CodeCache: size=245760Kb used=4964Kb max_used=4964Kb free=240795Kb
 bounds [0x00000000024d0000, 0x00000000029b0000, 0x00000000114d0000]
 total_blobs=1814 nmethods=1441 adapters=286
 compilation: enabled

Compilation events (10 events):
Event: 7.231 Thread 0x0000000015e38800 1454   !   4       java.util.concurrent.ConcurrentHashMap::putVal (362 bytes)
Event: 7.255 Thread 0x0000000015e38800 nmethod 1454 0x00000000029a31d0 code [0x00000000029a3380, 0x00000000029a4030]
Event: 7.267 Thread 0x0000000015e4d000 1455   !   3       org.gradle.internal.classloader.TransformingClassLoader::findClass (203 bytes)
Event: 7.269 Thread 0x0000000015e4d000 nmethod 1455 0x00000000029a4a10 code [0x00000000029a4e60, 0x00000000029a7638]
Event: 7.269 Thread 0x0000000015e4d000 1456       3       org.gradle.initialization.MixInLegacyTypesClassLoader::shouldTransform (42 bytes)
Event: 7.270 Thread 0x0000000015e4d000 nmethod 1456 0x00000000029a2a50 code [0x00000000029a2be0, 0x00000000029a3038]
Event: 7.270 Thread 0x0000000015e4d000 1457       3       java.lang.String::lastIndexOf (151 bytes)
Event: 7.270 Thread 0x0000000015e4d000 nmethod 1457 0x00000000029a1ed0 code [0x00000000029a2080, 0x00000000029a25d0]
Event: 7.291 Thread 0x0000000015e4d000 1458       3       java.io.WinNTFileSystem::parentOrNull (171 bytes)
Event: 7.292 Thread 0x0000000015e4d000 nmethod 1458 0x00000000029a0890 code [0x00000000029a0ac0, 0x00000000029a1918]

GC Heap History (10 events):
Event: 2.441 GC heap before
{Heap before GC invocations=2 (full 0):
 PSYoungGen      total 18944K, used 18938K [0x00000000e0000000, 0x00000000e1500000, 0x0000000100000000)
  eden space 16384K, 100% used [0x00000000e0000000,0x00000000e1000000,0x00000000e1000000)
  from space 2560K, 99% used [0x00000000e1000000,0x00000000e127ea68,0x00000000e1280000)
  to   space 2560K, 0% used [0x00000000e1280000,0x00000000e1280000,0x00000000e1500000)
 ParOldGen       total 44032K, used 372K [0x00000000a0000000, 0x00000000a2b00000, 0x00000000e0000000)
  object space 44032K, 0% used [0x00000000a0000000,0x00000000a005d398,0x00000000a2b00000)
 Metaspace       used 6582K, capacity 6766K, committed 7040K, reserved 1056768K
  class space    used 803K, capacity 875K, committed 896K, reserved 1048576K
Event: 2.446 GC heap after
Heap after GC invocations=2 (full 0):
 PSYoungGen      total 18944K, used 2393K [0x00000000e0000000, 0x00000000e1500000, 0x0000000100000000)
  eden space 16384K, 0% used [0x00000000e0000000,0x00000000e0000000,0x00000000e1000000)
  from space 2560K, 93% used [0x00000000e1280000,0x00000000e14d6660,0x00000000e1500000)
  to   space 2560K, 0% used [0x00000000e1000000,0x00000000e1000000,0x00000000e1280000)
 ParOldGen       total 44032K, used 380K [0x00000000a0000000, 0x00000000a2b00000, 0x00000000e0000000)
  object space 44032K, 0% used [0x00000000a0000000,0x00000000a005f398,0x00000000a2b00000)
 Metaspace       used 6582K, capacity 6766K, committed 7040K, reserved 1056768K
  class space    used 803K, capacity 875K, committed 896K, reserved 1048576K
}
Event: 2.750 GC heap before
{Heap before GC invocations=3 (full 0):
 PSYoungGen      total 18944K, used 18777K [0x00000000e0000000, 0x00000000e1500000, 0x0000000100000000)
  eden space 16384K, 100% used [0x00000000e0000000,0x00000000e1000000,0x00000000e1000000)
  from space 2560K, 93% used [0x00000000e1280000,0x00000000e14d6660,0x00000000e1500000)
  to   space 2560K, 0% used [0x00000000e1000000,0x00000000e1000000,0x00000000e1280000)
 ParOldGen       total 44032K, used 380K [0x00000000a0000000, 0x00000000a2b00000, 0x00000000e0000000)
  object space 44032K, 0% used [0x00000000a0000000,0x00000000a005f398,0x00000000a2b00000)
 Metaspace       used 6960K, capacity 7112K, committed 7424K, reserved 1056768K
  class space    used 880K, capacity 948K, committed 1024K, reserved 1048576K
Event: 2.753 GC heap after
Heap after GC invocations=3 (full 0):
 PSYoungGen      total 18944K, used 2530K [0x00000000e0000000, 0x00000000e1500000, 0x0000000100000000)
  eden space 16384K, 0% used [0x00000000e0000000,0x00000000e0000000,0x00000000e1000000)
  from space 2560K, 98% used [0x00000000e1000000,0x00000000e1278b60,0x00000000e1280000)
  to   space 2560K, 0% used [0x00000000e1280000,0x00000000e1280000,0x00000000e1500000)
 ParOldGen       total 44032K, used 725K [0x00000000a0000000, 0x00000000a2b00000, 0x00000000e0000000)
  object space 44032K, 1% used [0x00000000a0000000,0x00000000a00b54b8,0x00000000a2b00000)
 Metaspace       used 6960K, capacity 7112K, committed 7424K, reserved 1056768K
  class space    used 880K, capacity 948K, committed 1024K, reserved 1048576K
}
Event: 5.695 GC heap before
{Heap before GC invocations=4 (full 0):
 PSYoungGen      total 18944K, used 18914K [0x00000000e0000000, 0x00000000e1500000, 0x0000000100000000)
  eden space 16384K, 100% used [0x00000000e0000000,0x00000000e1000000,0x00000000e1000000)
  from space 2560K, 98% used [0x00000000e1000000,0x00000000e1278b60,0x00000000e1280000)
  to   space 2560K, 0% used [0x00000000e1280000,0x00000000e1280000,0x00000000e1500000)
 ParOldGen       total 44032K, used 725K [0x00000000a0000000, 0x00000000a2b00000, 0x00000000e0000000)
  object space 44032K, 1% used [0x00000000a0000000,0x00000000a00b54b8,0x00000000a2b00000)
 Metaspace       used 11672K, capacity 11998K, committed 12160K, reserved 1060864K
  class space    used 1542K, capacity 1643K, committed 1664K, reserved 1048576K
Event: 5.706 GC heap after
Heap after GC invocations=4 (full 0):
 PSYoungGen      total 18944K, used 2560K [0x00000000e0000000, 0x00000000e1500000, 0x0000000100000000)
  eden space 16384K, 0% used [0x00000000e0000000,0x00000000e0000000,0x00000000e1000000)
  from space 2560K, 100% used [0x00000000e1280000,0x00000000e1500000,0x00000000e1500000)
  to   space 2560K, 0% used [0x00000000e1000000,0x00000000e1000000,0x00000000e1280000)
 ParOldGen       total 44032K, used 3056K [0x00000000a0000000, 0x00000000a2b00000, 0x00000000e0000000)
  object space 44032K, 6% used [0x00000000a0000000,0x00000000a02fc2f0,0x00000000a2b00000)
 Metaspace       used 11672K, capacity 11998K, committed 12160K, reserved 1060864K
  class space    used 1542K, capacity 1643K, committed 1664K, reserved 1048576K
}
Event: 6.487 GC heap before
{Heap before GC invocations=5 (full 0):
 PSYoungGen      total 18944K, used 18944K [0x00000000e0000000, 0x00000000e1500000, 0x0000000100000000)
  eden space 16384K, 100% used [0x00000000e0000000,0x00000000e1000000,0x00000000e1000000)
  from space 2560K, 100% used [0x00000000e1280000,0x00000000e1500000,0x00000000e1500000)
  to   space 2560K, 0% used [0x00000000e1000000,0x00000000e1000000,0x00000000e1280000)
 ParOldGen       total 44032K, used 3056K [0x00000000a0000000, 0x00000000a2b00000, 0x00000000e0000000)
  object space 44032K, 6% used [0x00000000a0000000,0x00000000a02fc2f0,0x00000000a2b00000)
 Metaspace       used 13039K, capacity 13362K, committed 13568K, reserved 1060864K
  class space    used 1781K, capacity 1929K, committed 2048K, reserved 1048576K
Event: 6.493 GC heap after
Heap after GC invocations=5 (full 0):
 PSYoungGen      total 18944K, used 2544K [0x00000000e0000000, 0x00000000e1b00000, 0x0000000100000000)
  eden space 16384K, 0% used [0x00000000e0000000,0x00000000e0000000,0x00000000e1000000)
  from space 2560K, 99% used [0x00000000e1000000,0x00000000e127c010,0x00000000e1280000)
  to   space 5632K, 0% used [0x00000000e1580000,0x00000000e1580000,0x00000000e1b00000)
 ParOldGen       total 44032K, used 4811K [0x00000000a0000000, 0x00000000a2b00000, 0x00000000e0000000)
  object space 44032K, 10% used [0x00000000a0000000,0x00000000a04b2de8,0x00000000a2b00000)
 Metaspace       used 13039K, capacity 13362K, committed 13568K, reserved 1060864K
  class space    used 1781K, capacity 1929K, committed 2048K, reserved 1048576K
}
Event: 7.037 GC heap before
{Heap before GC invocations=6 (full 0):
 PSYoungGen      total 18944K, used 18928K [0x00000000e0000000, 0x00000000e1b00000, 0x0000000100000000)
  eden space 16384K, 100% used [0x00000000e0000000,0x00000000e1000000,0x00000000e1000000)
  from space 2560K, 99% used [0x00000000e1000000,0x00000000e127c010,0x00000000e1280000)
  to   space 5632K, 0% used [0x00000000e1580000,0x00000000e1580000,0x00000000e1b00000)
 ParOldGen       total 44032K, used 4811K [0x00000000a0000000, 0x00000000a2b00000, 0x00000000e0000000)
  object space 44032K, 10% used [0x00000000a0000000,0x00000000a04b2de8,0x00000000a2b00000)
 Metaspace       used 14559K, capacity 14934K, committed 14976K, reserved 1062912K
  class space    used 2037K, capacity 2155K, committed 2176K, reserved 1048576K
Event: 7.047 GC heap after
Heap after GC invocations=6 (full 0):
 PSYoungGen      total 22016K, used 4743K [0x00000000e0000000, 0x00000000e1b00000, 0x0000000100000000)
  eden space 16384K, 0% used [0x00000000e0000000,0x00000000e0000000,0x00000000e1000000)
  from space 5632K, 84% used [0x00000000e1580000,0x00000000e1a21cc0,0x00000000e1b00000)
  to   space 5632K, 0% used [0x00000000e1000000,0x00000000e1000000,0x00000000e1580000)
 ParOldGen       total 44032K, used 4811K [0x00000000a0000000, 0x00000000a2b00000, 0x00000000e0000000)
  object space 44032K, 10% used [0x00000000a0000000,0x00000000a04b2de8,0x00000000a2b00000)
 Metaspace       used 14559K, capacity 14934K, committed 14976K, reserved 1062912K
  class space    used 2037K, capacity 2155K, committed 2176K, reserved 1048576K
}

Deoptimization events (10 events):
Event: 3.286 Thread 0x00000000023cd800 Uncommon trap: reason=bimorphic action=maybe_recompile pc=0x0000000002800674 method=java.util.HashMap.putVal(ILjava/lang/Object;Ljava/lang/Object;ZZ)Ljava/lang/Object; @ 203
Event: 3.701 Thread 0x00000000023cd800 Uncommon trap: reason=unstable_if action=reinterpret pc=0x00000000027a6878 method=java.io.WinNTFileSystem.normalize(Ljava/lang/String;)Ljava/lang/String; @ 128
Event: 3.701 Thread 0x00000000023cd800 Uncommon trap: reason=unstable_if action=reinterpret pc=0x00000000027eb62c method=java.io.WinNTFileSystem.normalize(Ljava/lang/String;II)Ljava/lang/String; @ 90
Event: 5.665 Thread 0x0000000017f1e800 Uncommon trap: reason=unstable_if action=reinterpret pc=0x0000000002863220 method=java.util.concurrent.ConcurrentHashMap.putVal(Ljava/lang/Object;Ljava/lang/Object;Z)Ljava/lang/Object; @ 206
Event: 5.830 Thread 0x00000000181dd800 Uncommon trap: reason=bimorphic action=maybe_recompile pc=0x00000000027ff7ac method=java.util.HashMap.putVal(ILjava/lang/Object;Ljava/lang/Object;ZZ)Ljava/lang/Object; @ 253
Event: 5.831 Thread 0x00000000181dd800 Uncommon trap: reason=bimorphic action=maybe_recompile pc=0x00000000027ff7ac method=java.util.HashMap.putVal(ILjava/lang/Object;Ljava/lang/Object;ZZ)Ljava/lang/Object; @ 253
Event: 5.876 Thread 0x00000000181dd800 Uncommon trap: reason=class_check action=maybe_recompile pc=0x000000000276cf18 method=java.util.regex.Matcher.match(II)Z @ 86
Event: 6.808 Thread 0x00000000181dd800 Uncommon trap: reason=class_check action=maybe_recompile pc=0x000000000276cf18 method=java.util.regex.Matcher.match(II)Z @ 86
Event: 6.809 Thread 0x00000000181dd800 Uncommon trap: reason=class_check action=maybe_recompile pc=0x000000000273e21c method=java.util.regex.Matcher.match(II)Z @ 86
Event: 7.005 Thread 0x00000000181dd800 Uncommon trap: reason=unstable_if action=reinterpret pc=0x00000000026263b4 method=java.lang.String.lastIndexOf([CII[CIII)I @ 66

Classes redefined (0 events):
No events

Internal exceptions (10 events):
Event: 5.709 Thread 0x0000000017f1e800 Exception <a 'java/lang/NoSuchMethodError': <clinit>> (0x00000000e000b618) thrown at [D:\src\AOSP-openjdk-cygwin\jdk8u\hotspot\src\share\vm\prims\jni.cpp, line 1613]
Event: 5.711 Thread 0x0000000017f1e800 Exception <a 'java/lang/NoSuchMethodError': <clinit>> (0x00000000e00140e0) thrown at [D:\src\AOSP-openjdk-cygwin\jdk8u\hotspot\src\share\vm\prims\jni.cpp, line 1613]
Event: 5.714 Thread 0x0000000017f1e800 Exception <a 'java/lang/NoSuchMethodError': <clinit>> (0x00000000e0025718) thrown at [D:\src\AOSP-openjdk-cygwin\jdk8u\hotspot\src\share\vm\prims\jni.cpp, line 1613]
Event: 5.744 Thread 0x0000000017f1e800 Exception <a 'java/lang/NoSuchMethodError': <clinit>> (0x00000000e0095e40) thrown at [D:\src\AOSP-openjdk-cygwin\jdk8u\hotspot\src\share\vm\prims\jni.cpp, line 1613]
Event: 5.749 Thread 0x0000000017f1e800 Exception <a 'java/lang/NoSuchMethodError': <clinit>> (0x00000000e00b9508) thrown at [D:\src\AOSP-openjdk-cygwin\jdk8u\hotspot\src\share\vm\prims\jni.cpp, line 1613]
Event: 5.755 Thread 0x0000000017f1e800 Exception <a 'java/lang/NoSuchMethodError': <clinit>> (0x00000000e00e2ed8) thrown at [D:\src\AOSP-openjdk-cygwin\jdk8u\hotspot\src\share\vm\prims\jni.cpp, line 1613]
Event: 5.757 Thread 0x0000000017f1e800 Exception <a 'java/lang/NoSuchMethodError': <clinit>> (0x00000000e00f0a78) thrown at [D:\src\AOSP-openjdk-cygwin\jdk8u\hotspot\src\share\vm\prims\jni.cpp, line 1613]
Event: 5.765 Thread 0x0000000017f1e800 Exception <a 'java/lang/NoSuchMethodError': <clinit>> (0x00000000e0113450) thrown at [D:\src\AOSP-openjdk-cygwin\jdk8u\hotspot\src\share\vm\prims\jni.cpp, line 1613]
Event: 5.803 Thread 0x00000000181dd800 Exception <a 'java/lang/NoSuchMethodError': <clinit>> (0x00000000e01f7e98) thrown at [D:\src\AOSP-openjdk-cygwin\jdk8u\hotspot\src\share\vm\prims\jni.cpp, line 1613]
Event: 5.805 Thread 0x00000000181dd800 Exception <a 'java/lang/NoSuchMethodError': <clinit>> (0x00000000e0200120) thrown at [D:\src\AOSP-openjdk-cygwin\jdk8u\hotspot\src\share\vm\prims\jni.cpp, line 1613]

Events (10 events):
Event: 7.331 loading class org/apache/commons/collections/map/AbstractHashedMap$HashEntry
Event: 7.331 loading class org/apache/commons/collections/map/AbstractHashedMap$HashEntry done
Event: 7.332 loading class org/apache/commons/collections/KeyValue
Event: 7.332 loading class org/apache/commons/collections/KeyValue done
Event: 7.333 loading class org/apache/commons/collections/map/AbstractReferenceMap$ReferenceEntry
Event: 7.333 loading class org/apache/commons/collections/map/AbstractReferenceMap$ReferenceEntry done
Event: 7.333 loading class org/apache/commons/collections/map/AbstractHashedMap$KeySet
Event: 7.333 loading class org/apache/commons/collections/map/AbstractHashedMap$KeySet done
Event: 7.334 loading class org/apache/commons/collections/map/AbstractReferenceMap$ReferenceKeySet
Event: 7.334 loading class org/apache/commons/collections/map/AbstractReferenceMap$ReferenceKeySet done


Dynamic libraries:
0x00007ff7d7e20000 - 0x00007ff7d7e51000 	C:\Program Files (x86)\Android\Android Studio\jre\bin\java.exe
0x00007fffa1770000 - 0x00007fffa1951000 	C:\WINDOWS\SYSTEM32\ntdll.dll
0x00007fff5a570000 - 0x00007fff5a584000 	C:\Program Files\AVAST Software\Avast\x64\aswhooka.dll
0x00007fff9f480000 - 0x00007fff9f532000 	C:\WINDOWS\System32\KERNEL32.DLL
0x00007fff9e980000 - 0x00007fff9ebf3000 	C:\WINDOWS\System32\KERNELBASE.dll
0x00007fff9ff80000 - 0x00007fffa0021000 	C:\WINDOWS\System32\ADVAPI32.dll
0x00007fff9fee0000 - 0x00007fff9ff7e000 	C:\WINDOWS\System32\msvcrt.dll
0x00007fff9fa80000 - 0x00007fff9fadb000 	C:\WINDOWS\System32\sechost.dll
0x00007fff9fc90000 - 0x00007fff9fdb4000 	C:\WINDOWS\System32\RPCRT4.dll
0x00007fff9ee30000 - 0x00007fff9efc0000 	C:\WINDOWS\System32\USER32.dll
0x00007fff9e740000 - 0x00007fff9e760000 	C:\WINDOWS\System32\win32u.dll
0x00007fff9feb0000 - 0x00007fff9fed8000 	C:\WINDOWS\System32\GDI32.dll
0x00007fff9e7e0000 - 0x00007fff9e972000 	C:\WINDOWS\System32\gdi32full.dll
0x00007fff9e300000 - 0x00007fff9e39f000 	C:\WINDOWS\System32\msvcp_win.dll
0x00007fff9e640000 - 0x00007fff9e73a000 	C:\WINDOWS\System32\ucrtbase.dll
0x00007fff8dff0000 - 0x00007fff8e259000 	C:\WINDOWS\WinSxS\amd64_microsoft.windows.common-controls_6595b64144ccf1df_6.0.17134.472_none_fb3f9af53068156d\COMCTL32.dll
0x00007fff9f540000 - 0x00007fff9f862000 	C:\WINDOWS\System32\combase.dll
0x00007fff9e760000 - 0x00007fff9e7da000 	C:\WINDOWS\System32\bcryptPrimitives.dll
0x00007fff9fc60000 - 0x00007fff9fc8d000 	C:\WINDOWS\System32\IMM32.DLL
0x0000000066e00000 - 0x0000000066ed2000 	C:\Program Files (x86)\Android\Android Studio\jre\jre\bin\msvcr100.dll
0x0000000066fc0000 - 0x00000000677ff000 	C:\Program Files (x86)\Android\Android Studio\jre\jre\bin\server\jvm.dll
0x00007fffa1730000 - 0x00007fffa1738000 	C:\WINDOWS\System32\PSAPI.DLL
0x00007fff7e930000 - 0x00007fff7e939000 	C:\WINDOWS\SYSTEM32\WSOCK32.dll
0x00007fff9fdc0000 - 0x00007fff9fe2c000 	C:\WINDOWS\System32\WS2_32.dll
0x00007fff9b6f0000 - 0x00007fff9b713000 	C:\WINDOWS\SYSTEM32\WINMM.dll
0x00007fff91a30000 - 0x00007fff91a3a000 	C:\WINDOWS\SYSTEM32\VERSION.dll
0x00007fff9b6c0000 - 0x00007fff9b6ea000 	C:\WINDOWS\SYSTEM32\WINMMBASE.dll
0x00007fff9e250000 - 0x00007fff9e299000 	C:\WINDOWS\System32\cfgmgr32.dll
0x00007fff98720000 - 0x00007fff9872f000 	C:\Program Files (x86)\Android\Android Studio\jre\jre\bin\verify.dll
0x00007fff986f0000 - 0x00007fff98719000 	C:\Program Files (x86)\Android\Android Studio\jre\jre\bin\java.dll
0x00007fff95cd0000 - 0x00007fff95ce6000 	C:\Program Files (x86)\Android\Android Studio\jre\jre\bin\zip.dll
0x00007fffa02f0000 - 0x00007fffa1730000 	C:\WINDOWS\System32\SHELL32.dll
0x00007fff9f870000 - 0x00007fff9f919000 	C:\WINDOWS\System32\shcore.dll
0x00007fff9db40000 - 0x00007fff9e24d000 	C:\WINDOWS\System32\windows.storage.dll
0x00007fff9ec00000 - 0x00007fff9ec51000 	C:\WINDOWS\System32\shlwapi.dll
0x00007fff9db20000 - 0x00007fff9db31000 	C:\WINDOWS\System32\kernel.appcore.dll
0x00007fff9dae0000 - 0x00007fff9daff000 	C:\WINDOWS\System32\profapi.dll
0x00007fff9da90000 - 0x00007fff9dadc000 	C:\WINDOWS\System32\powrprof.dll
0x00007fff9da80000 - 0x00007fff9da8a000 	C:\WINDOWS\System32\FLTLIB.DLL
0x00007fff95900000 - 0x00007fff9591a000 	C:\Program Files (x86)\Android\Android Studio\jre\jre\bin\net.dll
0x00007fff9d2a0000 - 0x00007fff9d306000 	C:\WINDOWS\system32\mswsock.dll
0x00007fff92970000 - 0x00007fff92981000 	C:\Program Files (x86)\Android\Android Studio\jre\jre\bin\nio.dll
0x00007fff99450000 - 0x00007fff9946e000 	C:\Users\HP\.gradle\native\25\windows-amd64\native-platform.dll
0x00007fff98650000 - 0x00007fff9865d000 	C:\Program Files (x86)\Android\Android Studio\jre\jre\bin\management.dll
0x00007fff9d450000 - 0x00007fff9d467000 	C:\WINDOWS\SYSTEM32\CRYPTSP.dll
0x00007fff9ce80000 - 0x00007fff9ceb3000 	C:\WINDOWS\system32\rsaenh.dll
0x00007fff9d580000 - 0x00007fff9d5a5000 	C:\WINDOWS\SYSTEM32\bcrypt.dll
0x00007fff9d980000 - 0x00007fff9d9a8000 	C:\WINDOWS\SYSTEM32\USERENV.dll
0x00007fff9d470000 - 0x00007fff9d47b000 	C:\WINDOWS\SYSTEM32\CRYPTBASE.dll
0x00007fff9d020000 - 0x00007fff9d058000 	C:\WINDOWS\SYSTEM32\IPHLPAPI.DLL
0x00007fff9f020000 - 0x00007fff9f028000 	C:\WINDOWS\System32\NSI.dll
0x00007fff93640000 - 0x00007fff93656000 	C:\WINDOWS\SYSTEM32\dhcpcsvc6.DLL
0x00007fff93ff0000 - 0x00007fff9400a000 	C:\WINDOWS\SYSTEM32\dhcpcsvc.DLL

VM Arguments:
jvm_args: -Xmx1536m -Dfile.encoding=windows-1252 -Duser.country=US -Duser.language=en -Duser.variant 
java_command: org.gradle.launcher.daemon.bootstrap.GradleDaemon 4.4
java_class_path (initial): C:\Users\HP\.gradle\wrapper\dists\gradle-4.4-all\9br9xq1tocpiv8o6njlyu5op1\gradle-4.4\lib\gradle-launcher-4.4.jar
Launcher Type: SUN_STANDARD

Environment Variables:
PATH=C:\Program Files (x86)\Common Files\Oracle\Java\javapath;C:\Program Files (x86)\Common Files\ArcSoft\Bin;C:\Program Files (x86)\Intel\iCLS Client\;C:\Program Files\Intel\iCLS Client\;C:\WINDOWS\system32;C:\WINDOWS;C:\WINDOWS\System32\Wbem;C:\WINDOWS\System32\WindowsPowerShell\v1.0\;C:\Program Files (x86)\Intel\Intel(R) Management Engine Components\DAL;C:\Program Files\Intel\Intel(R) Management Engine Components\DAL;C:\Program Files (x86)\Intel\Intel(R) Management Engine Components\IPT;C:\Program Files\Intel\Intel(R) Management Engine Components\IPT;c:\Program Files\Intel\WiFi\bin\;c:\Program Files\Common Files\Intel\WirelessCommon\;C:\Program Files (x86)\GtkSharp\2.12\bin;C:\WINDOWS\System32\OpenSSH\;C:\Users\HP\AppData\Local\Android\Sdk;C:\Program Files (x86)\Java\jdk1.6.0_18\bin;%USERPROFILE%\AppData\Local\Microsoft\WindowsApps;
USERNAME=HP
OS=Windows_NT
PROCESSOR_IDENTIFIER=Intel64 Family 6 Model 61 Stepping 4, GenuineIntel



---------------  S Y S T E M  ---------------

OS: Windows 10.0 , 64 bit Build 17134 (10.0.17134.1)

CPU:total 4 (initial active 4) (2 cores per cpu, 2 threads per core) family 6 model 61 stepping 4, cmov, cx8, fxsr, mmx, sse, sse2, sse3, ssse3, sse4.1, sse4.2, popcnt, avx, avx2, aes, clmul, erms, 3dnowpref, lzcnt, ht, tsc, tscinvbit, bmi1, bmi2, adx

Memory: 4k page, physical 4082796k(415660k free), swap 4082796k(5488k free)

vm_info: OpenJDK 64-Bit Server VM (25.152-b02) for windows-amd64 JRE (1.8.0_152-release-1024-b02), built by "builder" with MS VC++ 10.0 (VS2010)

time: Tue Jan 08 11:59:34 2019
elapsed time: 7 seconds (0d 0h 0m 7s)

