#
# There is insufficient memory for the Java Runtime Environment to continue.
# Native memory allocation (malloc) failed to allocate 445552 bytes for Chunk::new
# Possible reasons:
#   The system is out of physical RAM or swap space
#   In 32 bit mode, the process size limit was hit
# Possible solutions:
#   Reduce memory load on the system
#   Increase physical memory or swap space
#   Check if swap backing store is full
#   Use 64 bit Java on a 64 bit OS
#   Decrease Java heap size (-Xmx/-Xms)
#   Decrease number of Java threads
#   Decrease Java thread stack sizes (-Xss)
#   Set larger code cache with -XX:ReservedCodeCacheSize=
# This output file may be truncated or incomplete.
#
#  Out of Memory Error (allocation.cpp:390), pid=6276, tid=0x00000000000026f8
#
# JRE version: OpenJDK Runtime Environment (8.0_152-b02) (build 1.8.0_152-release-1024-b02)
# Java VM: OpenJDK 64-Bit Server VM (25.152-b02 mixed mode windows-amd64 compressed oops)
# Failed to write core dump. Minidumps are not enabled by default on client versions of Windows
#

---------------  T H R E A D  ---------------

Current thread (0x0000000016869800):  JavaThread "C2 CompilerThread0" daemon [_thread_in_native, id=9976, stack(0x0000000017ee0000,0x0000000017fe0000)]

Stack: [0x0000000017ee0000,0x0000000017fe0000]
[error occurred during error reporting (printing stack bounds), id 0xc0000005]

Native frames: (J=compiled Java code, j=interpreted, Vv=VM code, C=native code)


Current CompileTask:
C2:   9483 1605       4       java.net.URLClassLoader$1::run (5 bytes)


---------------  P R O C E S S  ---------------

Java Threads: ( => current thread )
  0x000000001b9fe000 JavaThread "Cache worker for file hash cache (H:\AndroidStudioProjects\LogInPage\.gradle\4.4\fileHashes)" [_thread_blocked, id=4080, stack(0x000000001c400000,0x000000001c500000)]
  0x000000001906c000 JavaThread "File lock request listener" [_thread_in_native, id=5420, stack(0x000000001b330000,0x000000001b430000)]
  0x0000000018de3000 JavaThread "Cache worker for file hash cache (C:\Users\HP\.gradle\caches\4.4\fileHashes)" [_thread_blocked, id=7020, stack(0x000000001b230000,0x000000001b330000)]
  0x000000001906b000 JavaThread "Stdin handler" [_thread_blocked, id=204, stack(0x000000001af30000,0x000000001b030000)]
  0x000000001906a800 JavaThread "Asynchronous log dispatcher for DefaultDaemonConnection: socket connection from /127.0.0.1:2417 to /127.0.0.1:2418" [_thread_blocked, id=6688, stack(0x000000001ae30000,0x000000001af30000)]
  0x0000000018ab1800 JavaThread "Daemon worker" [_thread_in_native, id=7672, stack(0x000000001ad30000,0x000000001ae30000)]
  0x0000000018ec5800 JavaThread "Cancel handler" [_thread_blocked, id=5844, stack(0x000000001ac30000,0x000000001ad30000)]
  0x0000000018c25800 JavaThread "Handler for socket connection from /127.0.0.1:2417 to /127.0.0.1:2418" [_thread_in_native, id=8516, stack(0x000000001a930000,0x000000001aa30000)]
  0x0000000018b23800 JavaThread "Daemon" [_thread_blocked, id=7056, stack(0x000000001a830000,0x000000001a930000)]
  0x0000000018b1d000 JavaThread "Daemon periodic checks" [_thread_blocked, id=1576, stack(0x000000001a730000,0x000000001a830000)]
  0x0000000018b04000 JavaThread "Incoming local TCP Connector on port 2417" [_thread_in_native, id=6716, stack(0x000000001a4f0000,0x000000001a5f0000)]
  0x0000000018214000 JavaThread "Service Thread" daemon [_thread_blocked, id=6080, stack(0x00000000185e0000,0x00000000186e0000)]
  0x0000000016888000 JavaThread "C1 CompilerThread2" daemon [_thread_blocked, id=1328, stack(0x00000000180e0000,0x00000000181e0000)]
  0x0000000016871000 JavaThread "C2 CompilerThread1" daemon [_thread_in_native, id=2868, stack(0x0000000017fe0000,0x00000000180e0000)]
=>0x0000000016869800 JavaThread "C2 CompilerThread0" daemon [_thread_in_native, id=9976, stack(0x0000000017ee0000,0x0000000017fe0000)]
  0x0000000016868800 JavaThread "Attach Listener" daemon [_thread_blocked, id=9452, stack(0x0000000017de0000,0x0000000017ee0000)]
  0x0000000016875800 JavaThread "Signal Dispatcher" daemon [_thread_blocked, id=4492, stack(0x0000000017ce0000,0x0000000017de0000)]
  0x0000000002efc800 JavaThread "Finalizer" daemon [_thread_blocked, id=2196, stack(0x0000000017ae0000,0x0000000017be0000)]
  0x0000000002ef1800 JavaThread "Reference Handler" daemon [_thread_blocked, id=5932, stack(0x00000000179e0000,0x0000000017ae0000)]
  0x00000000013ed800 JavaThread "main" [_thread_blocked, id=7204, stack(0x0000000002d00000,0x0000000002e00000)]

Other Threads:
  0x0000000016836800 VMThread [stack: 0x00000000178e0000,0x00000000179e0000] [id=176]
  0x0000000018215800 WatcherThread [stack: 0x00000000186e0000,0x00000000187e0000] [id=8612]

VM state:not at safepoint (normal execution)

VM Mutex/Monitor currently owned by a thread: None

Heap:
 PSYoungGen      total 38400K, used 5399K [0x00000000e0000000, 0x00000000e2b00000, 0x0000000100000000)
  eden space 32768K, 5% used [0x00000000e0000000,0x00000000e019c0b8,0x00000000e2000000)
  from space 5632K, 66% used [0x00000000e2580000,0x00000000e2929d48,0x00000000e2b00000)
  to   space 5632K, 0% used [0x00000000e2000000,0x00000000e2000000,0x00000000e2580000)
 ParOldGen       total 44032K, used 6680K [0x00000000a0000000, 0x00000000a2b00000, 0x00000000e0000000)
  object space 44032K, 15% used [0x00000000a0000000,0x00000000a06862d0,0x00000000a2b00000)
 Metaspace       used 18076K, capacity 18512K, committed 18688K, reserved 1064960K
  class space    used 2589K, capacity 2718K, committed 2816K, reserved 1048576K

Card table byte_map: [0x00000000122c0000,0x00000000125d0000] byte_map_base: 0x0000000011dc0000

Marking Bits: (ParMarkBitMap*) 0x0000000075b54970
 Begin Bits: [0x0000000012bd0000, 0x00000000143d0000)
 End Bits:   [0x00000000143d0000, 0x0000000015bd0000)

Polling page: 0x00000000013f0000

CodeCache: size=245760Kb used=5631Kb max_used=5710Kb free=240129Kb
 bounds [0x0000000002f00000, 0x00000000034a0000, 0x0000000011f00000]
 total_blobs=1950 nmethods=1571 adapters=292
 compilation: enabled

Compilation events (10 events):
Event: 9.133 Thread 0x0000000016888000 1647       3       org.objectweb.asm.ByteVector::putInt (74 bytes)
Event: 9.134 Thread 0x0000000016888000 nmethod 1647 0x0000000003494050 code [0x00000000034941c0, 0x0000000003494448]
Event: 9.146 Thread 0x0000000016888000 1648       3       java.util.IdentityHashMap::put (137 bytes)
Event: 9.147 Thread 0x0000000016888000 nmethod 1648 0x0000000003494610 code [0x0000000003494800, 0x00000000034951f8]
Event: 9.262 Thread 0x0000000016888000 1649       3       java.net.URLClassLoader::access$100 (7 bytes)
Event: 9.262 Thread 0x0000000016888000 nmethod 1649 0x0000000003495650 code [0x00000000034957c0, 0x0000000003495928]
Event: 9.412 Thread 0x0000000016888000 1651       3       java.util.concurrent.ConcurrentLinkedQueue::poll (85 bytes)
Event: 9.413 Thread 0x0000000016888000 nmethod 1651 0x0000000003495a10 code [0x0000000003495be0, 0x0000000003496570]
Event: 9.437 Thread 0x0000000016888000 1652       3       java.lang.Class::searchFields (41 bytes)
Event: 9.438 Thread 0x0000000016888000 nmethod 1652 0x0000000003032ad0 code [0x0000000003032cc0, 0x0000000003033648]

GC Heap History (10 events):
Event: 6.077 GC heap before
{Heap before GC invocations=4 (full 0):
 PSYoungGen      total 18944K, used 18912K [0x00000000e0000000, 0x00000000e1500000, 0x0000000100000000)
  eden space 16384K, 100% used [0x00000000e0000000,0x00000000e1000000,0x00000000e1000000)
  from space 2560K, 98% used [0x00000000e1000000,0x00000000e1278020,0x00000000e1280000)
  to   space 2560K, 0% used [0x00000000e1280000,0x00000000e1280000,0x00000000e1500000)
 ParOldGen       total 44032K, used 726K [0x00000000a0000000, 0x00000000a2b00000, 0x00000000e0000000)
  object space 44032K, 1% used [0x00000000a0000000,0x00000000a00b58f0,0x00000000a2b00000)
 Metaspace       used 11553K, capacity 11798K, committed 11904K, reserved 1058816K
  class space    used 1527K, capacity 1631K, committed 1664K, reserved 1048576K
Event: 6.087 GC heap after
Heap after GC invocations=4 (full 0):
 PSYoungGen      total 18944K, used 2544K [0x00000000e0000000, 0x00000000e1500000, 0x0000000100000000)
  eden space 16384K, 0% used [0x00000000e0000000,0x00000000e0000000,0x00000000e1000000)
  from space 2560K, 99% used [0x00000000e1280000,0x00000000e14fc010,0x00000000e1500000)
  to   space 2560K, 0% used [0x00000000e1000000,0x00000000e1000000,0x00000000e1280000)
 ParOldGen       total 44032K, used 2999K [0x00000000a0000000, 0x00000000a2b00000, 0x00000000e0000000)
  object space 44032K, 6% used [0x00000000a0000000,0x00000000a02ede48,0x00000000a2b00000)
 Metaspace       used 11553K, capacity 11798K, committed 11904K, reserved 1058816K
  class space    used 1527K, capacity 1631K, committed 1664K, reserved 1048576K
}
Event: 6.879 GC heap before
{Heap before GC invocations=5 (full 0):
 PSYoungGen      total 18944K, used 18928K [0x00000000e0000000, 0x00000000e1500000, 0x0000000100000000)
  eden space 16384K, 100% used [0x00000000e0000000,0x00000000e1000000,0x00000000e1000000)
  from space 2560K, 99% used [0x00000000e1280000,0x00000000e14fc010,0x00000000e1500000)
  to   space 2560K, 0% used [0x00000000e1000000,0x00000000e1000000,0x00000000e1280000)
 ParOldGen       total 44032K, used 2999K [0x00000000a0000000, 0x00000000a2b00000, 0x00000000e0000000)
  object space 44032K, 6% used [0x00000000a0000000,0x00000000a02ede48,0x00000000a2b00000)
 Metaspace       used 13041K, capacity 13362K, committed 13568K, reserved 1060864K
  class space    used 1778K, capacity 1929K, committed 2048K, reserved 1048576K
Event: 6.887 GC heap after
Heap after GC invocations=5 (full 0):
 PSYoungGen      total 18944K, used 2528K [0x00000000e0000000, 0x00000000e1b00000, 0x0000000100000000)
  eden space 16384K, 0% used [0x00000000e0000000,0x00000000e0000000,0x00000000e1000000)
  from space 2560K, 98% used [0x00000000e1000000,0x00000000e1278040,0x00000000e1280000)
  to   space 5632K, 0% used [0x00000000e1580000,0x00000000e1580000,0x00000000e1b00000)
 ParOldGen       total 44032K, used 4819K [0x00000000a0000000, 0x00000000a2b00000, 0x00000000e0000000)
  object space 44032K, 10% used [0x00000000a0000000,0x00000000a04b4c30,0x00000000a2b00000)
 Metaspace       used 13041K, capacity 13362K, committed 13568K, reserved 1060864K
  class space    used 1778K, capacity 1929K, committed 2048K, reserved 1048576K
}
Event: 7.368 GC heap before
{Heap before GC invocations=6 (full 0):
 PSYoungGen      total 18944K, used 18912K [0x00000000e0000000, 0x00000000e1b00000, 0x0000000100000000)
  eden space 16384K, 100% used [0x00000000e0000000,0x00000000e1000000,0x00000000e1000000)
  from space 2560K, 98% used [0x00000000e1000000,0x00000000e1278040,0x00000000e1280000)
  to   space 5632K, 0% used [0x00000000e1580000,0x00000000e1580000,0x00000000e1b00000)
 ParOldGen       total 44032K, used 4819K [0x00000000a0000000, 0x00000000a2b00000, 0x00000000e0000000)
  object space 44032K, 10% used [0x00000000a0000000,0x00000000a04b4c30,0x00000000a2b00000)
 Metaspace       used 14516K, capacity 14870K, committed 14976K, reserved 1062912K
  class space    used 2030K, capacity 2155K, committed 2176K, reserved 1048576K
Event: 7.383 GC heap after
Heap after GC invocations=6 (full 0):
 PSYoungGen      total 22016K, used 4538K [0x00000000e0000000, 0x00000000e2b00000, 0x0000000100000000)
  eden space 16384K, 0% used [0x00000000e0000000,0x00000000e0000000,0x00000000e1000000)
  from space 5632K, 80% used [0x00000000e1580000,0x00000000e19eeb68,0x00000000e1b00000)
  to   space 5632K, 0% used [0x00000000e1000000,0x00000000e1000000,0x00000000e1580000)
 ParOldGen       total 44032K, used 4819K [0x00000000a0000000, 0x00000000a2b00000, 0x00000000e0000000)
  object space 44032K, 10% used [0x00000000a0000000,0x00000000a04b4c30,0x00000000a2b00000)
 Metaspace       used 14516K, capacity 14870K, committed 14976K, reserved 1062912K
  class space    used 2030K, capacity 2155K, committed 2176K, reserved 1048576K
}
Event: 8.141 GC heap before
{Heap before GC invocations=7 (full 0):
 PSYoungGen      total 22016K, used 20922K [0x00000000e0000000, 0x00000000e2b00000, 0x0000000100000000)
  eden space 16384K, 100% used [0x00000000e0000000,0x00000000e1000000,0x00000000e1000000)
  from space 5632K, 80% used [0x00000000e1580000,0x00000000e19eeb68,0x00000000e1b00000)
  to   space 5632K, 0% used [0x00000000e1000000,0x00000000e1000000,0x00000000e1580000)
 ParOldGen       total 44032K, used 4819K [0x00000000a0000000, 0x00000000a2b00000, 0x00000000e0000000)
  object space 44032K, 10% used [0x00000000a0000000,0x00000000a04b4c30,0x00000000a2b00000)
 Metaspace       used 16016K, capacity 16374K, committed 16640K, reserved 1062912K
  class space    used 2284K, capacity 2443K, committed 2560K, reserved 1048576K
Event: 8.153 GC heap after
Heap after GC invocations=7 (full 0):
 PSYoungGen      total 22016K, used 4033K [0x00000000e0000000, 0x00000000e2b00000, 0x0000000100000000)
  eden space 16384K, 0% used [0x00000000e0000000,0x00000000e0000000,0x00000000e1000000)
  from space 5632K, 71% used [0x00000000e1000000,0x00000000e13f06a8,0x00000000e1580000)
  to   space 5632K, 0% used [0x00000000e2580000,0x00000000e2580000,0x00000000e2b00000)
 ParOldGen       total 44032K, used 5856K [0x00000000a0000000, 0x00000000a2b00000, 0x00000000e0000000)
  object space 44032K, 13% used [0x00000000a0000000,0x00000000a05b8218,0x00000000a2b00000)
 Metaspace       used 16016K, capacity 16374K, committed 16640K, reserved 1062912K
  class space    used 2284K, capacity 2443K, committed 2560K, reserved 1048576K
}
Event: 9.327 GC heap before
{Heap before GC invocations=8 (full 0):
 PSYoungGen      total 22016K, used 20417K [0x00000000e0000000, 0x00000000e2b00000, 0x0000000100000000)
  eden space 16384K, 100% used [0x00000000e0000000,0x00000000e1000000,0x00000000e1000000)
  from space 5632K, 71% used [0x00000000e1000000,0x00000000e13f06a8,0x00000000e1580000)
  to   space 5632K, 0% used [0x00000000e2580000,0x00000000e2580000,0x00000000e2b00000)
 ParOldGen       total 44032K, used 5856K [0x00000000a0000000, 0x00000000a2b00000, 0x00000000e0000000)
  object space 44032K, 13% used [0x00000000a0000000,0x00000000a05b8218,0x00000000a2b00000)
 Metaspace       used 17820K, capacity 18256K, committed 18432K, reserved 1064960K
  class space    used 2563K, capacity 2718K, committed 2816K, reserved 1048576K
Event: 9.352 GC heap after
Heap after GC invocations=8 (full 0):
 PSYoungGen      total 38400K, used 3751K [0x00000000e0000000, 0x00000000e2b00000, 0x0000000100000000)
  eden space 32768K, 0% used [0x00000000e0000000,0x00000000e0000000,0x00000000e2000000)
  from space 5632K, 66% used [0x00000000e2580000,0x00000000e2929d48,0x00000000e2b00000)
  to   space 5632K, 0% used [0x00000000e2000000,0x00000000e2000000,0x00000000e2580000)
 ParOldGen       total 44032K, used 6680K [0x00000000a0000000, 0x00000000a2b00000, 0x00000000e0000000)
  object space 44032K, 15% used [0x00000000a0000000,0x00000000a06862d0,0x00000000a2b00000)
 Metaspace       used 17820K, capacity 18256K, committed 18432K, reserved 1064960K
  class space    used 2563K, capacity 2718K, committed 2816K, reserved 1048576K
}

Deoptimization events (10 events):
Event: 8.490 Thread 0x0000000018ab1800 Uncommon trap: reason=unstable_if action=reinterpret pc=0x000000000319a940 method=java.io.File.getName()Ljava/lang/String; @ 16
Event: 8.792 Thread 0x0000000018ab1800 Uncommon trap: reason=bimorphic action=maybe_recompile pc=0x0000000003397ec8 method=java.lang.ClassLoader.loadClass(Ljava/lang/String;Z)Ljava/lang/Class; @ 38
Event: 8.806 Thread 0x0000000018ab1800 Uncommon trap: reason=bimorphic action=maybe_recompile pc=0x000000000340c768 method=java.lang.ClassLoader.getPackage(Ljava/lang/String;)Ljava/lang/Package; @ 47
Event: 8.810 Thread 0x0000000018ab1800 Uncommon trap: reason=bimorphic action=maybe_recompile pc=0x0000000003397ec8 method=java.lang.ClassLoader.loadClass(Ljava/lang/String;Z)Ljava/lang/Class; @ 38
Event: 8.810 Thread 0x0000000018ab1800 Uncommon trap: reason=bimorphic action=maybe_recompile pc=0x0000000003397ec8 method=java.lang.ClassLoader.loadClass(Ljava/lang/String;Z)Ljava/lang/Class; @ 38
Event: 8.811 Thread 0x0000000018ab1800 Uncommon trap: reason=bimorphic action=maybe_recompile pc=0x0000000003397ec8 method=java.lang.ClassLoader.loadClass(Ljava/lang/String;Z)Ljava/lang/Class; @ 38
Event: 8.811 Thread 0x0000000018ab1800 Uncommon trap: reason=bimorphic action=maybe_recompile pc=0x000000000340c768 method=java.lang.ClassLoader.getPackage(Ljava/lang/String;)Ljava/lang/Package; @ 47
Event: 8.811 Thread 0x0000000018ab1800 Uncommon trap: reason=bimorphic action=maybe_recompile pc=0x000000000340c768 method=java.lang.ClassLoader.getPackage(Ljava/lang/String;)Ljava/lang/Package; @ 47
Event: 8.814 Thread 0x0000000018ab1800 Uncommon trap: reason=bimorphic action=maybe_recompile pc=0x000000000340c768 method=java.lang.ClassLoader.getPackage(Ljava/lang/String;)Ljava/lang/Package; @ 47
Event: 8.928 Thread 0x0000000018ab1800 Uncommon trap: reason=bimorphic action=maybe_recompile pc=0x000000000345f564 method=java.lang.ClassLoader.getPackage(Ljava/lang/String;)Ljava/lang/Package; @ 47

Classes redefined (0 events):
No events

Internal exceptions (10 events):
Event: 8.526 Thread 0x0000000018ab1800 Exception <a 'java/lang/NoSuchMethodError': <clinit>> (0x00000000e070a358) thrown at [D:\src\AOSP-openjdk-cygwin\jdk8u\hotspot\src\share\vm\prims\jni.cpp, line 1613]
Event: 8.526 Thread 0x0000000018ab1800 Exception <a 'java/lang/NoSuchMethodError': <clinit>> (0x00000000e070ccf8) thrown at [D:\src\AOSP-openjdk-cygwin\jdk8u\hotspot\src\share\vm\prims\jni.cpp, line 1613]
Event: 8.527 Thread 0x0000000018ab1800 Exception <a 'java/lang/NoSuchMethodError': <clinit>> (0x00000000e071a2e8) thrown at [D:\src\AOSP-openjdk-cygwin\jdk8u\hotspot\src\share\vm\prims\jni.cpp, line 1613]
Event: 8.528 Thread 0x0000000018ab1800 Exception <a 'java/lang/NoSuchMethodError': <clinit>> (0x00000000e0725a98) thrown at [D:\src\AOSP-openjdk-cygwin\jdk8u\hotspot\src\share\vm\prims\jni.cpp, line 1613]
Event: 8.815 Thread 0x0000000018ab1800 Exception <a 'java/lang/NoSuchMethodError': <clinit>> (0x00000000e0aca1e8) thrown at [D:\src\AOSP-openjdk-cygwin\jdk8u\hotspot\src\share\vm\prims\jni.cpp, line 1613]
Event: 8.957 Thread 0x0000000018ab1800 Exception <a 'java/lang/NoSuchMethodError': <clinit>> (0x00000000e0b14f48) thrown at [D:\src\AOSP-openjdk-cygwin\jdk8u\hotspot\src\share\vm\prims\jni.cpp, line 1613]
Event: 8.959 Thread 0x0000000018ab1800 Exception <a 'java/lang/NoSuchMethodError': <clinit>> (0x00000000e0b22970) thrown at [D:\src\AOSP-openjdk-cygwin\jdk8u\hotspot\src\share\vm\prims\jni.cpp, line 1613]
Event: 8.978 Thread 0x0000000018ab1800 Exception <a 'java/lang/NoSuchMethodError': <clinit>> (0x00000000e0ba0d18) thrown at [D:\src\AOSP-openjdk-cygwin\jdk8u\hotspot\src\share\vm\prims\jni.cpp, line 1613]
Event: 8.978 Thread 0x0000000018ab1800 Exception <a 'java/lang/NoSuchMethodError': <clinit>> (0x00000000e0ba49d8) thrown at [D:\src\AOSP-openjdk-cygwin\jdk8u\hotspot\src\share\vm\prims\jni.cpp, line 1613]
Event: 8.978 Thread 0x0000000018ab1800 Exception <a 'java/lang/NoSuchMethodError': <clinit>> (0x00000000e0ba64e0) thrown at [D:\src\AOSP-openjdk-cygwin\jdk8u\hotspot\src\share\vm\prims\jni.cpp, line 1613]

Events (10 events):
Event: 9.448 loading class org/gradle/api/internal/plugins/ExtensionsStorage$ExtensionHolder
Event: 9.448 loading class org/gradle/api/internal/plugins/ExtensionsStorage$ExtensionHolder done
Event: 9.448 loading class org/gradle/api/internal/plugins/ExtensionsStorage$DeferredConfigurableExtensionHolder
Event: 9.448 loading class org/gradle/api/internal/plugins/ExtensionsStorage$DeferredConfigurableExtensionHolder done
Event: 9.449 loading class org/gradle/api/internal/plugins/DefaultExtraPropertiesExtension
Event: 9.449 loading class org/gradle/api/internal/plugins/DefaultExtraPropertiesExtension done
Event: 9.450 loading class org/gradle/api/plugins/ExtraPropertiesExtension$UnknownPropertyException
Event: 9.450 loading class org/gradle/api/plugins/ExtraPropertiesExtension$UnknownPropertyException done
Event: 9.450 loading class org/codehaus/groovy/runtime/InvokerHelper
Event: 9.450 loading class org/codehaus/groovy/runtime/InvokerHelper done


Dynamic libraries:
0x00007ff6c4850000 - 0x00007ff6c4881000 	C:\Program Files (x86)\Android\Android Studio\jre\bin\java.exe
0x00007fffd3e90000 - 0x00007fffd4071000 	C:\WINDOWS\SYSTEM32\ntdll.dll
0x00007fffbb3e0000 - 0x00007fffbb3f4000 	C:\Program Files\AVAST Software\Avast\x64\aswhooka.dll
0x00007fffd2b50000 - 0x00007fffd2c02000 	C:\WINDOWS\System32\KERNEL32.DLL
0x00007fffd04b0000 - 0x00007fffd0723000 	C:\WINDOWS\System32\KERNELBASE.dll
0x00007fffd3c40000 - 0x00007fffd3ce1000 	C:\WINDOWS\System32\ADVAPI32.dll
0x00007fffd3cf0000 - 0x00007fffd3d8e000 	C:\WINDOWS\System32\msvcrt.dll
0x00007fffd3680000 - 0x00007fffd36db000 	C:\WINDOWS\System32\sechost.dll
0x00007fffd2820000 - 0x00007fffd2944000 	C:\WINDOWS\System32\RPCRT4.dll
0x00007fffd2c10000 - 0x00007fffd2da0000 	C:\WINDOWS\System32\USER32.dll
0x00007fffd0730000 - 0x00007fffd0750000 	C:\WINDOWS\System32\win32u.dll
0x00007fffd3940000 - 0x00007fffd3968000 	C:\WINDOWS\System32\GDI32.dll
0x00007fffd0260000 - 0x00007fffd03f2000 	C:\WINDOWS\System32\gdi32full.dll
0x00007fffd09a0000 - 0x00007fffd0a3f000 	C:\WINDOWS\System32\msvcp_win.dll
0x00007fffd1150000 - 0x00007fffd124a000 	C:\WINDOWS\System32\ucrtbase.dll
0x00007fffbbe00000 - 0x00007fffbc069000 	C:\WINDOWS\WinSxS\amd64_microsoft.windows.common-controls_6595b64144ccf1df_6.0.17134.472_none_fb3f9af53068156d\COMCTL32.dll
0x00007fffd3350000 - 0x00007fffd3672000 	C:\WINDOWS\System32\combase.dll
0x00007fffd1250000 - 0x00007fffd12ca000 	C:\WINDOWS\System32\bcryptPrimitives.dll
0x00007fffd1320000 - 0x00007fffd134d000 	C:\WINDOWS\System32\IMM32.DLL
0x00000000751d0000 - 0x00000000752a2000 	C:\Program Files (x86)\Android\Android Studio\jre\jre\bin\msvcr100.dll
0x0000000075390000 - 0x0000000075bcf000 	C:\Program Files (x86)\Android\Android Studio\jre\jre\bin\server\jvm.dll
0x00007fffd2810000 - 0x00007fffd2818000 	C:\WINDOWS\System32\PSAPI.DLL
0x00007fffbb830000 - 0x00007fffbb839000 	C:\WINDOWS\SYSTEM32\WSOCK32.dll
0x00007fffd3bd0000 - 0x00007fffd3c3c000 	C:\WINDOWS\System32\WS2_32.dll
0x00007fffc9aa0000 - 0x00007fffc9ac3000 	C:\WINDOWS\SYSTEM32\WINMM.dll
0x00007fffc4a80000 - 0x00007fffc4a8a000 	C:\WINDOWS\SYSTEM32\VERSION.dll
0x00007fffc9a70000 - 0x00007fffc9a9a000 	C:\WINDOWS\SYSTEM32\WINMMBASE.dll
0x00007fffd12d0000 - 0x00007fffd1319000 	C:\WINDOWS\System32\cfgmgr32.dll
0x00007fffcb210000 - 0x00007fffcb21f000 	C:\Program Files (x86)\Android\Android Studio\jre\jre\bin\verify.dll
0x00007fffc9b60000 - 0x00007fffc9b89000 	C:\Program Files (x86)\Android\Android Studio\jre\jre\bin\java.dll
0x00007fffc41a0000 - 0x00007fffc41b6000 	C:\Program Files (x86)\Android\Android Studio\jre\jre\bin\zip.dll
0x00007fffd13d0000 - 0x00007fffd2810000 	C:\WINDOWS\System32\SHELL32.dll
0x00007fffd3970000 - 0x00007fffd3a19000 	C:\WINDOWS\System32\shcore.dll
0x00007fffd0a40000 - 0x00007fffd114d000 	C:\WINDOWS\System32\windows.storage.dll
0x00007fffd38e0000 - 0x00007fffd3931000 	C:\WINDOWS\System32\shlwapi.dll
0x00007fffd0220000 - 0x00007fffd0231000 	C:\WINDOWS\System32\kernel.appcore.dll
0x00007fffd0240000 - 0x00007fffd025f000 	C:\WINDOWS\System32\profapi.dll
0x00007fffd01c0000 - 0x00007fffd020c000 	C:\WINDOWS\System32\powrprof.dll
0x00007fffd0210000 - 0x00007fffd021a000 	C:\WINDOWS\System32\FLTLIB.DLL
0x00007fffc4180000 - 0x00007fffc419a000 	C:\Program Files (x86)\Android\Android Studio\jre\jre\bin\net.dll
0x00007fffcfa20000 - 0x00007fffcfa86000 	C:\WINDOWS\system32\mswsock.dll
0x00007fffc3bf0000 - 0x00007fffc3c01000 	C:\Program Files (x86)\Android\Android Studio\jre\jre\bin\nio.dll
0x00007fffcb230000 - 0x00007fffcb24e000 	C:\Users\HP\.gradle\native\25\windows-amd64\native-platform.dll
0x00007fffcb1d0000 - 0x00007fffcb1dd000 	C:\Program Files (x86)\Android\Android Studio\jre\jre\bin\management.dll
0x00007fffcfbd0000 - 0x00007fffcfbe7000 	C:\WINDOWS\SYSTEM32\CRYPTSP.dll
0x00007fffcf5a0000 - 0x00007fffcf5d3000 	C:\WINDOWS\system32\rsaenh.dll
0x00007fffcfd00000 - 0x00007fffcfd25000 	C:\WINDOWS\SYSTEM32\bcrypt.dll
0x00007fffd00d0000 - 0x00007fffd00f8000 	C:\WINDOWS\SYSTEM32\USERENV.dll
0x00007fffcfbf0000 - 0x00007fffcfbfb000 	C:\WINDOWS\SYSTEM32\CRYPTBASE.dll
0x00007fffcf7a0000 - 0x00007fffcf7d8000 	C:\WINDOWS\SYSTEM32\IPHLPAPI.DLL
0x00007fffd36e0000 - 0x00007fffd36e8000 	C:\WINDOWS\System32\NSI.dll
0x00007fffc6080000 - 0x00007fffc6096000 	C:\WINDOWS\SYSTEM32\dhcpcsvc6.DLL
0x00007fffc6300000 - 0x00007fffc631a000 	C:\WINDOWS\SYSTEM32\dhcpcsvc.DLL

VM Arguments:
jvm_args: -Xmx1536m -Dfile.encoding=windows-1252 -Duser.country=US -Duser.language=en -Duser.variant 
java_command: org.gradle.launcher.daemon.bootstrap.GradleDaemon 4.4
java_class_path (initial): C:\Users\HP\.gradle\wrapper\dists\gradle-4.4-all\9br9xq1tocpiv8o6njlyu5op1\gradle-4.4\lib\gradle-launcher-4.4.jar
Launcher Type: SUN_STANDARD

Environment Variables:
PATH=C:\Program Files (x86)\Common Files\Oracle\Java\javapath;C:\Program Files (x86)\Common Files\ArcSoft\Bin;C:\Program Files (x86)\Intel\iCLS Client\;C:\Program Files\Intel\iCLS Client\;C:\WINDOWS\system32;C:\WINDOWS;C:\WINDOWS\System32\Wbem;C:\WINDOWS\System32\WindowsPowerShell\v1.0\;C:\Program Files (x86)\Intel\Intel(R) Management Engine Components\DAL;C:\Program Files\Intel\Intel(R) Management Engine Components\DAL;C:\Program Files (x86)\Intel\Intel(R) Management Engine Components\IPT;C:\Program Files\Intel\Intel(R) Management Engine Components\IPT;c:\Program Files\Intel\WiFi\bin\;c:\Program Files\Common Files\Intel\WirelessCommon\;C:\Program Files (x86)\GtkSharp\2.12\bin;C:\WINDOWS\System32\OpenSSH\;C:\Users\HP\AppData\Local\Android\Sdk;C:\Program Files (x86)\Java\jdk1.6.0_18\bin;%USERPROFILE%\AppData\Local\Microsoft\WindowsApps;
USERNAME=HP
OS=Windows_NT
PROCESSOR_IDENTIFIER=Intel64 Family 6 Model 61 Stepping 4, GenuineIntel



---------------  S Y S T E M  ---------------

OS: Windows 10.0 , 64 bit Build 17134 (10.0.17134.1)

CPU:total 4 (initial active 4) (2 cores per cpu, 2 threads per core) family 6 model 61 stepping 4, cmov, cx8, fxsr, mmx, sse, sse2, sse3, ssse3, sse4.1, sse4.2, popcnt, avx, avx2, aes, clmul, erms, 3dnowpref, lzcnt, ht, tsc, tscinvbit, bmi1, bmi2, adx

Memory: 4k page, physical 4082796k(285540k free), swap 4082796k(5696k free)

vm_info: OpenJDK 64-Bit Server VM (25.152-b02) for windows-amd64 JRE (1.8.0_152-release-1024-b02), built by "builder" with MS VC++ 10.0 (VS2010)

time: Fri Jan 11 12:10:31 2019
elapsed time: 9 seconds (0d 0h 0m 9s)

