#
# There is insufficient memory for the Java Runtime Environment to continue.
# Native memory allocation (malloc) failed to allocate 633776 bytes for Chunk::new
# Possible reasons:
#   The system is out of physical RAM or swap space
#   In 32 bit mode, the process size limit was hit
# Possible solutions:
#   Reduce memory load on the system
#   Increase physical memory or swap space
#   Check if swap backing store is full
#   Use 64 bit Java on a 64 bit OS
#   Decrease Java heap size (-Xmx/-Xms)
#   Decrease number of Java threads
#   Decrease Java thread stack sizes (-Xss)
#   Set larger code cache with -XX:ReservedCodeCacheSize=
# This output file may be truncated or incomplete.
#
#  Out of Memory Error (allocation.cpp:390), pid=6248, tid=0x0000000000002160
#
# JRE version: OpenJDK Runtime Environment (8.0_152-b02) (build 1.8.0_152-release-1024-b02)
# Java VM: OpenJDK 64-Bit Server VM (25.152-b02 mixed mode windows-amd64 compressed oops)
# Failed to write core dump. Minidumps are not enabled by default on client versions of Windows
#

---------------  T H R E A D  ---------------

Current thread (0x0000000016178000):  JavaThread "C2 CompilerThread0" daemon [_thread_in_native, id=8544, stack(0x00000000177b0000,0x00000000178b0000)]

Stack: [0x00000000177b0000,0x00000000178b0000]
[error occurred during error reporting (printing stack bounds), id 0xc0000005]

Native frames: (J=compiled Java code, j=interpreted, Vv=VM code, C=native code)


Current CompileTask:
C2:1520250 13662       4       com.android.tools.r8.graph.DexEncodedMethod::collectMixedSectionItems (32 bytes)


---------------  P R O C E S S  ---------------

Java Threads: ( => current thread )
  0x000000001f0cc000 JavaThread "ForkJoinPool-1-worker-0" daemon [_thread_in_Java, id=4520, stack(0x0000000028020000,0x0000000028120000)]
  0x000000001f0cb000 JavaThread "ForkJoinPool-1-worker-1" daemon [_thread_blocked, id=3600, stack(0x0000000027f20000,0x0000000028020000)]
  0x000000001f0cd800 JavaThread "ForkJoinPool.commonPool-worker-0" daemon [_thread_blocked, id=8248, stack(0x0000000027c20000,0x0000000027d20000)]
  0x000000001f0cf800 JavaThread "ForkJoinPool.commonPool-worker-3" daemon [_thread_blocked, id=1264, stack(0x0000000027b20000,0x0000000027c20000)]
  0x000000001f0c8000 JavaThread "ForkJoinPool.commonPool-worker-2" daemon [_thread_blocked, id=6420, stack(0x0000000027a20000,0x0000000027b20000)]
  0x000000001f0cf000 JavaThread "Cache worker for Java compile cache (H:\AndroidStudioProjects\LogInPage\.gradle\4.4\javaCompile)" [_thread_blocked, id=8280, stack(0x0000000027920000,0x0000000027a20000)]
  0x000000001ab99000 JavaThread "Task worker for ':' Thread 3" [_thread_blocked, id=5432, stack(0x0000000025e20000,0x0000000025f20000)]
  0x000000001da01800 JavaThread "Task worker for ':' Thread 2" [_thread_blocked, id=10224, stack(0x0000000025d20000,0x0000000025e20000)]
  0x000000001da00800 JavaThread "Task worker for ':'" [_thread_blocked, id=2780, stack(0x0000000025c20000,0x0000000025d20000)]
  0x000000001da00000 JavaThread "Cache worker for Build Output Cleanup Cache (H:\AndroidStudioProjects\LogInPage\.gradle\buildOutputCleanup)" [_thread_blocked, id=2472, stack(0x0000000025b20000,0x0000000025c20000)]
  0x000000001d9f8800 JavaThread "Cache worker for task history cache (H:\AndroidStudioProjects\LogInPage\.gradle\4.4\taskHistory)" [_thread_blocked, id=9732, stack(0x0000000025a20000,0x0000000025b20000)]
  0x000000001d9f7800 JavaThread "Cache worker for file content cache (H:\AndroidStudioProjects\LogInPage\.gradle\4.4\fileContent)" [_thread_blocked, id=2676, stack(0x0000000025920000,0x0000000025a20000)]
  0x000000001d9f9000 JavaThread "build operations Thread 4" [_thread_blocked, id=4884, stack(0x0000000025820000,0x0000000025920000)]
  0x000000001d9fb800 JavaThread "build operations Thread 3" [_thread_blocked, id=2804, stack(0x0000000025720000,0x0000000025820000)]
  0x000000001d9fa000 JavaThread "build operations Thread 2" [_thread_blocked, id=8728, stack(0x0000000025620000,0x0000000025720000)]
  0x000000001d9fc000 JavaThread "build operations" [_thread_blocked, id=5428, stack(0x0000000025520000,0x0000000025620000)]
  0x000000001d9fd800 JavaThread "Cache worker for Artifact transforms cache (C:\Users\HP\.gradle\caches\transforms-1)" [_thread_blocked, id=6632, stack(0x0000000025420000,0x0000000025520000)]
  0x000000001d9f2800 JavaThread "Cache worker for file hash cache (H:\AndroidStudioProjects\LogInPage\.gradle\4.4\fileHashes)" [_thread_blocked, id=4960, stack(0x0000000025320000,0x0000000025420000)]
  0x000000001d9f4800 JavaThread "Stdin handler" [_thread_blocked, id=5740, stack(0x0000000025220000,0x0000000025320000)]
  0x000000001d9f7000 JavaThread "Asynchronous log dispatcher for DefaultDaemonConnection: socket connection from /127.0.0.1:2356 to /127.0.0.1:2491" [_thread_blocked, id=7096, stack(0x0000000025120000,0x0000000025220000)]
  0x000000001d9f5800 JavaThread "Daemon worker Thread 2" [_thread_blocked, id=10140, stack(0x0000000025020000,0x0000000025120000)]
  0x000000001d9f6000 JavaThread "Cancel handler" [_thread_blocked, id=7676, stack(0x0000000024f20000,0x0000000025020000)]
  0x000000001d9f4000 JavaThread "Handler for socket connection from /127.0.0.1:2356 to /127.0.0.1:2491" [_thread_in_native, id=7772, stack(0x0000000024e20000,0x0000000024f20000)]
  0x000000001d9f3000 JavaThread "Daemon Thread 2" [_thread_blocked, id=6812, stack(0x0000000024d20000,0x0000000024e20000)]
  0x000000001b287000 JavaThread "Memory manager" [_thread_blocked, id=3776, stack(0x0000000020320000,0x0000000020420000)]
  0x000000001b2f3000 JavaThread "File lock request listener" [_thread_in_native, id=5476, stack(0x000000001bbd0000,0x000000001bcd0000)]
  0x000000001afd8000 JavaThread "Cache worker for file hash cache (C:\Users\HP\.gradle\caches\4.4\fileHashes)" [_thread_blocked, id=6212, stack(0x000000001bad0000,0x000000001bbd0000)]
  0x00000000192b7800 JavaThread "Daemon periodic checks" [_thread_blocked, id=6708, stack(0x000000001a000000,0x000000001a100000)]
  0x0000000018df4800 JavaThread "Incoming local TCP Connector on port 2356" [_thread_in_native, id=6876, stack(0x0000000019dc0000,0x0000000019ec0000)]
  0x0000000017ad0800 JavaThread "Service Thread" daemon [_thread_blocked, id=7716, stack(0x0000000017eb0000,0x0000000017fb0000)]
  0x0000000016173800 JavaThread "C1 CompilerThread2" daemon [_thread_in_vm, id=7688, stack(0x00000000179b0000,0x0000000017ab0000)]
  0x000000001616c800 JavaThread "C2 CompilerThread1" daemon [_thread_in_native, id=1464, stack(0x00000000178b0000,0x00000000179b0000)]
=>0x0000000016178000 JavaThread "C2 CompilerThread0" daemon [_thread_in_native, id=8544, stack(0x00000000177b0000,0x00000000178b0000)]
  0x0000000016177000 JavaThread "Attach Listener" daemon [_thread_blocked, id=7920, stack(0x00000000176b0000,0x00000000177b0000)]
  0x0000000016176000 JavaThread "Signal Dispatcher" daemon [_thread_blocked, id=7044, stack(0x00000000175b0000,0x00000000176b0000)]
  0x000000001615e000 JavaThread "Finalizer" daemon [_thread_blocked, id=8500, stack(0x00000000173c0000,0x00000000174c0000)]
  0x00000000027f3000 JavaThread "Reference Handler" daemon [_thread_blocked, id=9204, stack(0x00000000172c0000,0x00000000173c0000)]
  0x000000000264d800 JavaThread "main" [_thread_blocked, id=5332, stack(0x0000000002510000,0x0000000002610000)]

Other Threads:
  0x0000000016136800 VMThread [stack: 0x00000000171c0000,0x00000000172c0000] [id=8296]
  0x00000000161cd800 WatcherThread [stack: 0x0000000017fb0000,0x00000000180b0000] [id=10104]

VM state:not at safepoint (normal execution)

VM Mutex/Monitor currently owned by a thread: None

Heap:
 PSYoungGen      total 257024K, used 81568K [0x00000000e0000000, 0x00000000f6580000, 0x0000000100000000)
  eden space 228864K, 34% used [0x00000000e0000000,0x00000000e4e2ed38,0x00000000edf80000)
  from space 28160K, 5% used [0x00000000edf80000,0x00000000ee0f9488,0x00000000efb00000)
  to   space 50176K, 0% used [0x00000000f3480000,0x00000000f3480000,0x00000000f6580000)
 ParOldGen       total 203264K, used 118943K [0x00000000a0000000, 0x00000000ac680000, 0x00000000e0000000)
  object space 203264K, 58% used [0x00000000a0000000,0x00000000a7427fd8,0x00000000ac680000)
 Metaspace       used 87395K, capacity 91024K, committed 93696K, reserved 1130496K
  class space    used 11567K, capacity 12421K, committed 13056K, reserved 1048576K

Card table byte_map: [0x0000000011bc0000,0x0000000011ed0000] byte_map_base: 0x00000000116c0000

Marking Bits: (ParMarkBitMap*) 0x0000000070404970
 Begin Bits: [0x00000000124d0000, 0x0000000013cd0000)
 End Bits:   [0x0000000013cd0000, 0x00000000154d0000)

Polling page: 0x0000000000d40000

CodeCache: size=245760Kb used=37882Kb max_used=37882Kb free=207877Kb
 bounds [0x0000000002800000, 0x0000000004d30000, 0x0000000011800000]
 total_blobs=12479 nmethods=11658 adapters=733
 compilation: enabled

Compilation events (10 events):
Event: 1520.183 Thread 0x0000000016173800 nmethod 13950 0x0000000004d19550 code [0x0000000004d196a0, 0x0000000004d197b0]
Event: 1520.183 Thread 0x0000000016173800 13955       1       com.android.tools.r8.code.AputObject::getOpcode (3 bytes)
Event: 1520.183 Thread 0x0000000016173800 nmethod 13955 0x0000000004d19810 code [0x0000000004d19960, 0x0000000004d19a70]
Event: 1520.183 Thread 0x0000000016173800 13945       1       com.android.tools.r8.code.Aget::getOpcode (3 bytes)
Event: 1520.183 Thread 0x0000000016173800 nmethod 13945 0x0000000004d19ad0 code [0x0000000004d19c20, 0x0000000004d19d30]
Event: 1520.183 Thread 0x0000000016173800 13961       2       com.android.tools.r8.code.Return::write (7 bytes)
Event: 1520.184 Thread 0x0000000016173800 nmethod 13961 0x0000000004d19d90 code [0x0000000004d19f00, 0x0000000004d1a0a8]
Event: 1520.184 Thread 0x0000000016173800 13960       1       com.android.tools.r8.code.InvokeSuper::getOpcode (3 bytes)
Event: 1520.184 Thread 0x0000000016173800 nmethod 13960 0x0000000004d1a190 code [0x0000000004d1a2e0, 0x0000000004d1a3f0]
Event: 1520.184 Thread 0x0000000016173800 13963       2       com.android.tools.r8.code.Format22b::write (26 bytes)

GC Heap History (10 events):
Event: 1480.739 GC heap before
{Heap before GC invocations=19 (full 3):
 PSYoungGen      total 174592K, used 157184K [0x00000000e0000000, 0x00000000ef400000, 0x0000000100000000)
  eden space 157184K, 100% used [0x00000000e0000000,0x00000000e9980000,0x00000000e9980000)
  from space 17408K, 0% used [0x00000000e9980000,0x00000000e9980000,0x00000000eaa80000)
  to   space 16896K, 0% used [0x00000000ee380000,0x00000000ee380000,0x00000000ef400000)
 ParOldGen       total 96256K, used 44778K [0x00000000a0000000, 0x00000000a5e00000, 0x00000000e0000000)
  object space 96256K, 46% used [0x00000000a0000000,0x00000000a2bbab48,0x00000000a5e00000)
 Metaspace       used 64048K, capacity 66516K, committed 66688K, reserved 1105920K
  class space    used 8571K, capacity 9225K, committed 9344K, reserved 1048576K
Event: 1480.785 GC heap after
Heap after GC invocations=19 (full 3):
 PSYoungGen      total 211968K, used 12434K [0x00000000e0000000, 0x00000000ef000000, 0x0000000100000000)
  eden space 199168K, 0% used [0x00000000e0000000,0x00000000e0000000,0x00000000ec280000)
  from space 12800K, 97% used [0x00000000ee380000,0x00000000eefa4ad8,0x00000000ef000000)
  to   space 17920K, 0% used [0x00000000ecd00000,0x00000000ecd00000,0x00000000ede80000)
 ParOldGen       total 96256K, used 44786K [0x00000000a0000000, 0x00000000a5e00000, 0x00000000e0000000)
  object space 96256K, 46% used [0x00000000a0000000,0x00000000a2bbcb48,0x00000000a5e00000)
 Metaspace       used 64048K, capacity 66516K, committed 66688K, reserved 1105920K
  class space    used 8571K, capacity 9225K, committed 9344K, reserved 1048576K
}
Event: 1490.204 GC heap before
{Heap before GC invocations=20 (full 3):
 PSYoungGen      total 211968K, used 211602K [0x00000000e0000000, 0x00000000ef000000, 0x0000000100000000)
  eden space 199168K, 100% used [0x00000000e0000000,0x00000000ec280000,0x00000000ec280000)
  from space 12800K, 97% used [0x00000000ee380000,0x00000000eefa4ad8,0x00000000ef000000)
  to   space 17920K, 0% used [0x00000000ecd00000,0x00000000ecd00000,0x00000000ede80000)
 ParOldGen       total 96256K, used 44786K [0x00000000a0000000, 0x00000000a5e00000, 0x00000000e0000000)
  object space 96256K, 46% used [0x00000000a0000000,0x00000000a2bbcb48,0x00000000a5e00000)
 Metaspace       used 73336K, capacity 76806K, committed 76928K, reserved 1116160K
  class space    used 9967K, capacity 10811K, committed 10880K, reserved 1048576K
Event: 1490.287 GC heap after
Heap after GC invocations=20 (full 3):
 PSYoungGen      total 227840K, used 17891K [0x00000000e0000000, 0x00000000f1280000, 0x0000000100000000)
  eden space 209920K, 0% used [0x00000000e0000000,0x00000000e0000000,0x00000000ecd00000)
  from space 17920K, 99% used [0x00000000ecd00000,0x00000000ede78ea0,0x00000000ede80000)
  to   space 24064K, 0% used [0x00000000efb00000,0x00000000efb00000,0x00000000f1280000)
 ParOldGen       total 96256K, used 54321K [0x00000000a0000000, 0x00000000a5e00000, 0x00000000e0000000)
  object space 96256K, 56% used [0x00000000a0000000,0x00000000a350c6d0,0x00000000a5e00000)
 Metaspace       used 73336K, capacity 76806K, committed 76928K, reserved 1116160K
  class space    used 9967K, capacity 10811K, committed 10880K, reserved 1048576K
}
Event: 1508.441 GC heap before
{Heap before GC invocations=21 (full 3):
 PSYoungGen      total 227840K, used 227811K [0x00000000e0000000, 0x00000000f1280000, 0x0000000100000000)
  eden space 209920K, 100% used [0x00000000e0000000,0x00000000ecd00000,0x00000000ecd00000)
  from space 17920K, 99% used [0x00000000ecd00000,0x00000000ede78ea0,0x00000000ede80000)
  to   space 24064K, 0% used [0x00000000efb00000,0x00000000efb00000,0x00000000f1280000)
 ParOldGen       total 96256K, used 54321K [0x00000000a0000000, 0x00000000a5e00000, 0x00000000e0000000)
  object space 96256K, 56% used [0x00000000a0000000,0x00000000a350c6d0,0x00000000a5e00000)
 Metaspace       used 81087K, capacity 84680K, committed 84992K, reserved 1122304K
  class space    used 10839K, capacity 11688K, committed 11776K, reserved 1048576K
Event: 1508.522 GC heap after
Heap after GC invocations=21 (full 3):
 PSYoungGen      total 252928K, used 23949K [0x00000000e0000000, 0x00000000f2300000, 0x0000000100000000)
  eden space 228864K, 0% used [0x00000000e0000000,0x00000000e0000000,0x00000000edf80000)
  from space 24064K, 99% used [0x00000000efb00000,0x00000000f12637b8,0x00000000f1280000)
  to   space 28160K, 0% used [0x00000000edf80000,0x00000000edf80000,0x00000000efb00000)
 ParOldGen       total 96256K, used 71458K [0x00000000a0000000, 0x00000000a5e00000, 0x00000000e0000000)
  object space 96256K, 74% used [0x00000000a0000000,0x00000000a45c8b70,0x00000000a5e00000)
 Metaspace       used 81087K, capacity 84680K, committed 84992K, reserved 1122304K
  class space    used 10839K, capacity 11688K, committed 11776K, reserved 1048576K
}
Event: 1518.649 GC heap before
{Heap before GC invocations=22 (full 3):
 PSYoungGen      total 252928K, used 252813K [0x00000000e0000000, 0x00000000f2300000, 0x0000000100000000)
  eden space 228864K, 100% used [0x00000000e0000000,0x00000000edf80000,0x00000000edf80000)
  from space 24064K, 99% used [0x00000000efb00000,0x00000000f12637b8,0x00000000f1280000)
  to   space 28160K, 0% used [0x00000000edf80000,0x00000000edf80000,0x00000000efb00000)
 ParOldGen       total 96256K, used 71458K [0x00000000a0000000, 0x00000000a5e00000, 0x00000000e0000000)
  object space 96256K, 74% used [0x00000000a0000000,0x00000000a45c8b70,0x00000000a5e00000)
 Metaspace       used 88953K, capacity 93452K, committed 93696K, reserved 1130496K
  class space    used 11905K, capacity 12936K, committed 13056K, reserved 1048576K
Event: 1518.796 GC heap after
Heap after GC invocations=22 (full 3):
 PSYoungGen      total 257024K, used 28143K [0x00000000e0000000, 0x00000000f6580000, 0x0000000100000000)
  eden space 228864K, 0% used [0x00000000e0000000,0x00000000e0000000,0x00000000edf80000)
  from space 28160K, 99% used [0x00000000edf80000,0x00000000efafbf78,0x00000000efb00000)
  to   space 50176K, 0% used [0x00000000f3480000,0x00000000f3480000,0x00000000f6580000)
 ParOldGen       total 119296K, used 119083K [0x00000000a0000000, 0x00000000a7480000, 0x00000000e0000000)
  object space 119296K, 99% used [0x00000000a0000000,0x00000000a744aed8,0x00000000a7480000)
 Metaspace       used 88953K, capacity 93452K, committed 93696K, reserved 1130496K
  class space    used 11905K, capacity 12936K, committed 13056K, reserved 1048576K
}
Event: 1518.811 GC heap before
{Heap before GC invocations=23 (full 4):
 PSYoungGen      total 257024K, used 28143K [0x00000000e0000000, 0x00000000f6580000, 0x0000000100000000)
  eden space 228864K, 0% used [0x00000000e0000000,0x00000000e0000000,0x00000000edf80000)
  from space 28160K, 99% used [0x00000000edf80000,0x00000000efafbf78,0x00000000efb00000)
  to   space 50176K, 0% used [0x00000000f3480000,0x00000000f3480000,0x00000000f6580000)
 ParOldGen       total 119296K, used 119083K [0x00000000a0000000, 0x00000000a7480000, 0x00000000e0000000)
  object space 119296K, 99% used [0x00000000a0000000,0x00000000a744aed8,0x00000000a7480000)
 Metaspace       used 88953K, capacity 93452K, committed 93696K, reserved 1130496K
  class space    used 11905K, capacity 12936K, committed 13056K, reserved 1048576K
Event: 1519.833 GC heap after
Heap after GC invocations=23 (full 4):
 PSYoungGen      total 257024K, used 1509K [0x00000000e0000000, 0x00000000f6580000, 0x0000000100000000)
  eden space 228864K, 0% used [0x00000000e0000000,0x00000000e0000000,0x00000000edf80000)
  from space 28160K, 5% used [0x00000000edf80000,0x00000000ee0f9488,0x00000000efb00000)
  to   space 50176K, 0% used [0x00000000f3480000,0x00000000f3480000,0x00000000f6580000)
 ParOldGen       total 203264K, used 118943K [0x00000000a0000000, 0x00000000ac680000, 0x00000000e0000000)
  object space 203264K, 58% used [0x00000000a0000000,0x00000000a7427fd8,0x00000000ac680000)
 Metaspace       used 87361K, capacity 91024K, committed 93696K, reserved 1130496K
  class space    used 11567K, capacity 12421K, committed 13056K, reserved 1048576K
}

Deoptimization events (10 events):
Event: 1519.964 Thread 0x000000001f0cc000 Uncommon trap: reason=array_check action=maybe_recompile pc=0x0000000004c33ba8 method=java.util.TimSort.mergeLo(IIII)V @ 81
Event: 1519.964 Thread 0x000000001f0cc000 Uncommon trap: reason=array_check action=maybe_recompile pc=0x0000000004c31a74 method=java.util.TimSort.mergeHi(IIII)V @ 101
Event: 1519.965 Thread 0x000000001f0cc000 Uncommon trap: reason=array_check action=maybe_recompile pc=0x0000000004c33ba8 method=java.util.TimSort.mergeLo(IIII)V @ 81
Event: 1519.975 Thread 0x000000001f0cc000 Uncommon trap: reason=array_check action=maybe_recompile pc=0x0000000004c2a614 method=java.util.TimSort.mergeLo(IIII)V @ 212
Event: 1519.991 Thread 0x000000001f0cc000 Uncommon trap: reason=array_check action=maybe_recompile pc=0x0000000004c2a684 method=java.util.TimSort.mergeLo(IIII)V @ 245
Event: 1519.992 Thread 0x000000001f0cc000 Uncommon trap: reason=array_check action=maybe_recompile pc=0x0000000004c17198 method=java.util.TimSort.mergeHi(IIII)V @ 282
Event: 1520.009 Thread 0x000000001f0cc000 Uncommon trap: reason=array_check action=maybe_recompile pc=0x0000000004c2a684 method=java.util.TimSort.mergeLo(IIII)V @ 245
Event: 1520.012 Thread 0x000000001f0cc000 Uncommon trap: reason=array_check action=maybe_recompile pc=0x0000000004c170c8 method=java.util.TimSort.mergeHi(IIII)V @ 250
Event: 1520.026 Thread 0x000000001f0cc000 Uncommon trap: reason=array_check action=maybe_recompile pc=0x0000000004c170c8 method=java.util.TimSort.mergeHi(IIII)V @ 250
Event: 1520.081 Thread 0x000000001f0cc000 Uncommon trap: reason=unstable_if action=reinterpret pc=0x00000000030fd2b8 method=com.android.tools.r8.it.unimi.dsi.fastutil.objects.Object2IntLinkedOpenHashMap.insert(Ljava/lang/Object;I)I @ 64

Classes redefined (0 events):
No events

Internal exceptions (10 events):
Event: 1511.964 Thread 0x000000001f0cd800 Exception <a 'java/lang/NoSuchMethodError': java.lang.Object.lambda$and$0(Ljava/util/function/Predicate;Ljava/lang/Object;)Z> (0x00000000e2c50c68) thrown at [D:\src\AOSP-openjdk-cygwin\jdk8u\hotspot\src\share\vm\interpreter\linkResolver.cpp, line 584]
Event: 1511.964 Thread 0x000000001f0c8000 Exception <a 'java/lang/NoSuchMethodError': java.lang.Object.lambda$and$0(Ljava/util/function/Predicate;Ljava/lang/Object;)Z> (0x00000000e2be1f08) thrown at [D:\src\AOSP-openjdk-cygwin\jdk8u\hotspot\src\share\vm\interpreter\linkResolver.cpp, line 584]
Event: 1511.989 Thread 0x000000001f0cd800 Exception <a 'java/lang/NoSuchMethodError': java.lang.Object.lambda$static$0(Ljava/lang/String;)Z> (0x00000000e2cabf10) thrown at [D:\src\AOSP-openjdk-cygwin\jdk8u\hotspot\src\share\vm\interpreter\linkResolver.cpp, line 584]
Event: 1512.194 Thread 0x000000001f0cf800 Exception <a 'sun/nio/fs/WindowsException'> (0x00000000e302b970) thrown at [D:\src\AOSP-openjdk-cygwin\jdk8u\hotspot\src\share\vm\prims\jni.cpp, line 709]
Event: 1513.455 Thread 0x000000001f0cc000 Exception <a 'sun/nio/fs/WindowsException'> (0x00000000e48422b8) thrown at [D:\src\AOSP-openjdk-cygwin\jdk8u\hotspot\src\share\vm\prims\jni.cpp, line 709]
Event: 1513.455 Thread 0x000000001f0cc800 Exception <a 'sun/nio/fs/WindowsException'> (0x00000000e47e45e8) thrown at [D:\src\AOSP-openjdk-cygwin\jdk8u\hotspot\src\share\vm\prims\jni.cpp, line 709]
Event: 1515.694 Thread 0x000000001f0cf800 Exception <a 'sun/nio/fs/WindowsException'> (0x00000000e55bcbe8) thrown at [D:\src\AOSP-openjdk-cygwin\jdk8u\hotspot\src\share\vm\prims\jni.cpp, line 709]
Event: 1516.108 Thread 0x000000001f0cb000 Implicit null exception at 0x00000000036ec12f to 0x00000000036ec221
Event: 1516.108 Thread 0x000000001f0cc000 Implicit null exception at 0x00000000036ec12f to 0x00000000036ec221
Event: 1518.414 Thread 0x000000001f0cc000 Implicit null exception at 0x0000000004b9f48f to 0x0000000004b9f5fd

Events (10 events):
Event: 1520.026 Thread 0x000000001f0cc000 Uncommon trap: trap_request=0xffffffd6 fr.pc=0x0000000004c170c8
Event: 1520.026 Thread 0x000000001f0cc000 DEOPT PACKING pc=0x0000000004c170c8 sp=0x000000002811e8f0
Event: 1520.026 Thread 0x000000001f0cc000 DEOPT UNPACKING pc=0x000000000284557b sp=0x000000002811e8e0 mode 2
Event: 1520.032 Thread 0x000000001f0cc000 DEOPT PACKING pc=0x0000000004cd6e97 sp=0x000000002811ea10
Event: 1520.032 Thread 0x000000001f0cc000 DEOPT UNPACKING pc=0x00000000028475d0 sp=0x000000002811e760 mode 0
Event: 1520.081 Thread 0x000000001f0cc000 Uncommon trap: trap_request=0xffffff65 fr.pc=0x00000000030fd2b8
Event: 1520.081 Thread 0x000000001f0cc000 DEOPT PACKING pc=0x00000000030fd2b8 sp=0x000000002811e8d0
Event: 1520.081 Thread 0x000000001f0cc000 DEOPT UNPACKING pc=0x000000000284557b sp=0x000000002811e868 mode 2
Event: 1520.179 Thread 0x000000001f0cc000 DEOPT PACKING pc=0x0000000004d05775 sp=0x000000002811e920
Event: 1520.179 Thread 0x000000001f0cc000 DEOPT UNPACKING pc=0x00000000028475d0 sp=0x000000002811e650 mode 0


Dynamic libraries:
0x00007ff7841a0000 - 0x00007ff7841d1000 	C:\Program Files (x86)\Android\Android Studio\jre\bin\java.exe
0x00007ffa477b0000 - 0x00007ffa47991000 	C:\WINDOWS\SYSTEM32\ntdll.dll
0x00007ffa018c0000 - 0x00007ffa018d4000 	C:\Program Files\AVAST Software\Avast\x64\aswhooka.dll
0x00007ffa47330000 - 0x00007ffa473e2000 	C:\WINDOWS\System32\KERNEL32.DLL
0x00007ffa43df0000 - 0x00007ffa44063000 	C:\WINDOWS\System32\KERNELBASE.dll
0x00007ffa455b0000 - 0x00007ffa45651000 	C:\WINDOWS\System32\ADVAPI32.dll
0x00007ffa46ff0000 - 0x00007ffa4708e000 	C:\WINDOWS\System32\msvcrt.dll
0x00007ffa46f90000 - 0x00007ffa46feb000 	C:\WINDOWS\System32\sechost.dll
0x00007ffa47200000 - 0x00007ffa47324000 	C:\WINDOWS\System32\RPCRT4.dll
0x00007ffa473f0000 - 0x00007ffa47580000 	C:\WINDOWS\System32\USER32.dll
0x00007ffa44310000 - 0x00007ffa44330000 	C:\WINDOWS\System32\win32u.dll
0x00007ffa44c50000 - 0x00007ffa44c78000 	C:\WINDOWS\System32\GDI32.dll
0x00007ffa44170000 - 0x00007ffa44302000 	C:\WINDOWS\System32\gdi32full.dll
0x00007ffa44330000 - 0x00007ffa443cf000 	C:\WINDOWS\System32\msvcp_win.dll
0x00007ffa443d0000 - 0x00007ffa444ca000 	C:\WINDOWS\System32\ucrtbase.dll
0x00007ffa34780000 - 0x00007ffa349e9000 	C:\WINDOWS\WinSxS\amd64_microsoft.windows.common-controls_6595b64144ccf1df_6.0.17134.407_none_fb449d63306391e9\COMCTL32.dll
0x00007ffa457c0000 - 0x00007ffa45ae2000 	C:\WINDOWS\System32\combase.dll
0x00007ffa43b80000 - 0x00007ffa43bfa000 	C:\WINDOWS\System32\bcryptPrimitives.dll
0x00007ffa44c90000 - 0x00007ffa44cbd000 	C:\WINDOWS\System32\IMM32.DLL
0x000000006fa80000 - 0x000000006fb52000 	C:\Program Files (x86)\Android\Android Studio\jre\jre\bin\msvcr100.dll
0x000000006fc40000 - 0x000000007047f000 	C:\Program Files (x86)\Android\Android Studio\jre\jre\bin\server\jvm.dll
0x00007ffa44c40000 - 0x00007ffa44c48000 	C:\WINDOWS\System32\PSAPI.DLL
0x00007ffa1b100000 - 0x00007ffa1b109000 	C:\WINDOWS\SYSTEM32\WSOCK32.dll
0x00007ffa454e0000 - 0x00007ffa4554c000 	C:\WINDOWS\System32\WS2_32.dll
0x00007ffa3f670000 - 0x00007ffa3f693000 	C:\WINDOWS\SYSTEM32\WINMM.dll
0x00007ffa35a50000 - 0x00007ffa35a5a000 	C:\WINDOWS\SYSTEM32\VERSION.dll
0x00007ffa3f640000 - 0x00007ffa3f66a000 	C:\WINDOWS\SYSTEM32\WINMMBASE.dll
0x00007ffa44070000 - 0x00007ffa440b9000 	C:\WINDOWS\System32\cfgmgr32.dll
0x00007ffa3eb80000 - 0x00007ffa3eb8f000 	C:\Program Files (x86)\Android\Android Studio\jre\jre\bin\verify.dll
0x00007ffa3dac0000 - 0x00007ffa3dae9000 	C:\Program Files (x86)\Android\Android Studio\jre\jre\bin\java.dll
0x00007ffa3eb60000 - 0x00007ffa3eb76000 	C:\Program Files (x86)\Android\Android Studio\jre\jre\bin\zip.dll
0x00007ffa45b50000 - 0x00007ffa46f8f000 	C:\WINDOWS\System32\SHELL32.dll
0x00007ffa45430000 - 0x00007ffa454d9000 	C:\WINDOWS\System32\shcore.dll
0x00007ffa444d0000 - 0x00007ffa44bdd000 	C:\WINDOWS\System32\windows.storage.dll
0x00007ffa47090000 - 0x00007ffa470e1000 	C:\WINDOWS\System32\shlwapi.dll
0x00007ffa43b40000 - 0x00007ffa43b51000 	C:\WINDOWS\System32\kernel.appcore.dll
0x00007ffa43b60000 - 0x00007ffa43b7f000 	C:\WINDOWS\System32\profapi.dll
0x00007ffa43ac0000 - 0x00007ffa43b0c000 	C:\WINDOWS\System32\powrprof.dll
0x00007ffa43b10000 - 0x00007ffa43b1a000 	C:\WINDOWS\System32\FLTLIB.DLL
0x00007ffa3daa0000 - 0x00007ffa3daba000 	C:\Program Files (x86)\Android\Android Studio\jre\jre\bin\net.dll
0x00007ffa432e0000 - 0x00007ffa43346000 	C:\WINDOWS\system32\mswsock.dll
0x00007ffa3a4e0000 - 0x00007ffa3a4f1000 	C:\Program Files (x86)\Android\Android Studio\jre\jre\bin\nio.dll
0x00007ffa3e910000 - 0x00007ffa3e92e000 	C:\Users\HP\.gradle\native\25\windows-amd64\native-platform.dll
0x00007ffa3eae0000 - 0x00007ffa3eaed000 	C:\Program Files (x86)\Android\Android Studio\jre\jre\bin\management.dll
0x00007ffa43490000 - 0x00007ffa434a7000 	C:\WINDOWS\SYSTEM32\CRYPTSP.dll
0x00007ffa42ec0000 - 0x00007ffa42ef3000 	C:\WINDOWS\system32\rsaenh.dll
0x00007ffa435c0000 - 0x00007ffa435e5000 	C:\WINDOWS\SYSTEM32\bcrypt.dll
0x00007ffa439f0000 - 0x00007ffa43a18000 	C:\WINDOWS\SYSTEM32\USERENV.dll
0x00007ffa434b0000 - 0x00007ffa434bb000 	C:\WINDOWS\SYSTEM32\CRYPTBASE.dll
0x00007ffa43060000 - 0x00007ffa43098000 	C:\WINDOWS\SYSTEM32\IPHLPAPI.DLL
0x00007ffa44c80000 - 0x00007ffa44c88000 	C:\WINDOWS\System32\NSI.dll
0x00007ffa39b70000 - 0x00007ffa39b86000 	C:\WINDOWS\SYSTEM32\dhcpcsvc6.DLL
0x00007ffa39d90000 - 0x00007ffa39daa000 	C:\WINDOWS\SYSTEM32\dhcpcsvc.DLL

VM Arguments:
jvm_args: -Xmx1536m -Dfile.encoding=windows-1252 -Duser.country=US -Duser.language=en -Duser.variant 
java_command: org.gradle.launcher.daemon.bootstrap.GradleDaemon 4.4
java_class_path (initial): C:\Users\HP\.gradle\wrapper\dists\gradle-4.4-all\9br9xq1tocpiv8o6njlyu5op1\gradle-4.4\lib\gradle-launcher-4.4.jar
Launcher Type: SUN_STANDARD

Environment Variables:
PATH=C:\Program Files (x86)\Common Files\Oracle\Java\javapath;C:\Program Files (x86)\Common Files\ArcSoft\Bin;C:\Program Files (x86)\Intel\iCLS Client\;C:\Program Files\Intel\iCLS Client\;C:\WINDOWS\system32;C:\WINDOWS;C:\WINDOWS\System32\Wbem;C:\WINDOWS\System32\WindowsPowerShell\v1.0\;C:\Program Files (x86)\Intel\Intel(R) Management Engine Components\DAL;C:\Program Files\Intel\Intel(R) Management Engine Components\DAL;C:\Program Files (x86)\Intel\Intel(R) Management Engine Components\IPT;C:\Program Files\Intel\Intel(R) Management Engine Components\IPT;c:\Program Files\Intel\WiFi\bin\;c:\Program Files\Common Files\Intel\WirelessCommon\;C:\Program Files (x86)\GtkSharp\2.12\bin;C:\WINDOWS\System32\OpenSSH\;C:\Users\HP\AppData\Local\Android\Sdk;C:\Program Files (x86)\Java\jdk1.6.0_18\bin;%USERPROFILE%\AppData\Local\Microsoft\WindowsApps;
USERNAME=HP
OS=Windows_NT
PROCESSOR_IDENTIFIER=Intel64 Family 6 Model 61 Stepping 4, GenuineIntel



---------------  S Y S T E M  ---------------

OS: Windows 10.0 , 64 bit Build 17134 (10.0.17134.1)

CPU:total 4 (initial active 4) (2 cores per cpu, 2 threads per core) family 6 model 61 stepping 4, cmov, cx8, fxsr, mmx, sse, sse2, sse3, ssse3, sse4.1, sse4.2, popcnt, avx, avx2, aes, clmul, erms, 3dnowpref, lzcnt, ht, tsc, tscinvbit, bmi1, bmi2, adx

Memory: 4k page, physical 4082796k(415472k free), swap 4082796k(4136k free)

vm_info: OpenJDK 64-Bit Server VM (25.152-b02) for windows-amd64 JRE (1.8.0_152-release-1024-b02), built by "builder" with MS VC++ 10.0 (VS2010)

time: Sun Dec 30 19:45:20 2018
elapsed time: 1520 seconds (0d 0h 25m 20s)

