#
# There is insufficient memory for the Java Runtime Environment to continue.
# Native memory allocation (malloc) failed to allocate 2518096 bytes for Chunk::new
# Possible reasons:
#   The system is out of physical RAM or swap space
#   In 32 bit mode, the process size limit was hit
# Possible solutions:
#   Reduce memory load on the system
#   Increase physical memory or swap space
#   Check if swap backing store is full
#   Use 64 bit Java on a 64 bit OS
#   Decrease Java heap size (-Xmx/-Xms)
#   Decrease number of Java threads
#   Decrease Java thread stack sizes (-Xss)
#   Set larger code cache with -XX:ReservedCodeCacheSize=
# This output file may be truncated or incomplete.
#
#  Out of Memory Error (allocation.cpp:390), pid=4284, tid=0x0000000000001f6c
#
# JRE version: OpenJDK Runtime Environment (8.0_152-b02) (build 1.8.0_152-release-1024-b02)
# Java VM: OpenJDK 64-Bit Server VM (25.152-b02 mixed mode windows-amd64 compressed oops)
# Failed to write core dump. Minidumps are not enabled by default on client versions of Windows
#

---------------  T H R E A D  ---------------

Current thread (0x00000000161f7000):  JavaThread "C2 CompilerThread0" daemon [_thread_in_native, id=8044, stack(0x0000000017840000,0x0000000017940000)]

Stack: [0x0000000017840000,0x0000000017940000]
[error occurred during error reporting (printing stack bounds), id 0xc0000005]

Native frames: (J=compiled Java code, j=interpreted, Vv=VM code, C=native code)


Current CompileTask:
C2:  22434 3629       4       org.gradle.model.internal.type.ModelType::wrap (219 bytes)


---------------  P R O C E S S  ---------------

Java Threads: ( => current thread )
  0x000000001dae3000 JavaThread "Memory manager" [_thread_blocked, id=5644, stack(0x0000000020700000,0x0000000020800000)]
  0x000000001dae7800 JavaThread "build operations Thread 4" [_thread_blocked, id=5240, stack(0x0000000020000000,0x0000000020100000)]
  0x000000001dae9000 JavaThread "build operations Thread 3" [_thread_blocked, id=8388, stack(0x000000001ff00000,0x0000000020000000)]
  0x000000001dae6800 JavaThread "build operations Thread 2" [_thread_blocked, id=6704, stack(0x000000001fe00000,0x000000001ff00000)]
  0x000000001bb3c800 JavaThread "build operations" [_thread_blocked, id=6620, stack(0x000000001fd00000,0x000000001fe00000)]
  0x000000001bb3e800 JavaThread "Cache worker for Artifact transforms cache (C:\Users\HP\.gradle\caches\transforms-1)" [_thread_blocked, id=5560, stack(0x000000001e000000,0x000000001e100000)]
  0x000000001ade2000 JavaThread "Cache worker for file hash cache (H:\AndroidStudioProjects\LogInPage\.gradle\4.4\fileHashes)" [_thread_blocked, id=3380, stack(0x000000001bd60000,0x000000001be60000)]
  0x000000001837a800 JavaThread "File lock request listener" [_thread_in_native, id=4404, stack(0x000000001ac90000,0x000000001ad90000)]
  0x000000001837a000 JavaThread "Cache worker for file hash cache (C:\Users\HP\.gradle\caches\4.4\fileHashes)" [_thread_blocked, id=9304, stack(0x000000001ab90000,0x000000001ac90000)]
  0x0000000019111000 JavaThread "Stdin handler" [_thread_blocked, id=10824, stack(0x000000001a890000,0x000000001a990000)]
  0x0000000019110000 JavaThread "Asynchronous log dispatcher for DefaultDaemonConnection: socket connection from /127.0.0.1:3556 to /127.0.0.1:3557" [_thread_blocked, id=6964, stack(0x000000001a790000,0x000000001a890000)]
  0x00000000187c0800 JavaThread "Daemon worker" [_thread_in_native, id=6188, stack(0x000000001a690000,0x000000001a790000)]
  0x00000000187be000 JavaThread "Cancel handler" [_thread_blocked, id=8032, stack(0x000000001a590000,0x000000001a690000)]
  0x00000000190fd800 JavaThread "Handler for socket connection from /127.0.0.1:3556 to /127.0.0.1:3557" [_thread_in_native, id=2528, stack(0x000000001a290000,0x000000001a390000)]
  0x00000000190ef800 JavaThread "Daemon" [_thread_blocked, id=5776, stack(0x000000001a190000,0x000000001a290000)]
  0x0000000018fd5800 JavaThread "Daemon periodic checks" [_thread_blocked, id=784, stack(0x000000001a090000,0x000000001a190000)]
  0x0000000018fd4000 JavaThread "Incoming local TCP Connector on port 3556" [_thread_in_native, id=3712, stack(0x0000000019e50000,0x0000000019f50000)]
  0x0000000017b45800 JavaThread "Service Thread" daemon [_thread_blocked, id=876, stack(0x0000000017f40000,0x0000000018040000)]
  0x00000000161f2800 JavaThread "C1 CompilerThread2" daemon [_thread_blocked, id=9648, stack(0x0000000017a40000,0x0000000017b40000)]
  0x00000000161ec800 JavaThread "C2 CompilerThread1" daemon [_thread_blocked, id=10412, stack(0x0000000017940000,0x0000000017a40000)]
=>0x00000000161f7000 JavaThread "C2 CompilerThread0" daemon [_thread_in_native, id=8044, stack(0x0000000017840000,0x0000000017940000)]
  0x00000000161f6000 JavaThread "Attach Listener" daemon [_thread_blocked, id=7452, stack(0x0000000017740000,0x0000000017840000)]
  0x00000000161f4800 JavaThread "Signal Dispatcher" daemon [_thread_blocked, id=1832, stack(0x0000000017640000,0x0000000017740000)]
  0x00000000027c6800 JavaThread "Finalizer" daemon [_thread_blocked, id=7636, stack(0x0000000017450000,0x0000000017550000)]
  0x00000000027c1800 JavaThread "Reference Handler" daemon [_thread_blocked, id=9464, stack(0x0000000017350000,0x0000000017450000)]
  0x000000000287d800 JavaThread "main" [_thread_blocked, id=8220, stack(0x0000000002530000,0x0000000002630000)]

Other Threads:
  0x00000000161b6800 VMThread [stack: 0x0000000017250000,0x0000000017350000] [id=2116]
  0x0000000017b47000 WatcherThread [stack: 0x0000000018040000,0x0000000018140000] [id=11344]

VM state:not at safepoint (normal execution)

VM Mutex/Monitor currently owned by a thread: None

Heap:
 PSYoungGen      total 80896K, used 37513K [0x00000000e0000000, 0x00000000e5600000, 0x0000000100000000)
  eden space 74240K, 43% used [0x00000000e0000000,0x00000000e1fbb480,0x00000000e4880000)
  from space 6656K, 75% used [0x00000000e4f00000,0x00000000e53e7150,0x00000000e5580000)
  to   space 6656K, 0% used [0x00000000e4880000,0x00000000e4880000,0x00000000e4f00000)
 ParOldGen       total 57856K, used 16186K [0x00000000a0000000, 0x00000000a3880000, 0x00000000e0000000)
  object space 57856K, 27% used [0x00000000a0000000,0x00000000a0fce8c0,0x00000000a3880000)
 Metaspace       used 40263K, capacity 41121K, committed 41432K, reserved 1085440K
  class space    used 5488K, capacity 5762K, committed 5888K, reserved 1048576K

Card table byte_map: [0x0000000011c40000,0x0000000011f50000] byte_map_base: 0x0000000011740000

Marking Bits: (ParMarkBitMap*) 0x0000000071aa4970
 Begin Bits: [0x0000000012550000, 0x0000000013d50000)
 End Bits:   [0x0000000013d50000, 0x0000000015550000)

Polling page: 0x0000000000b60000

CodeCache: size=245760Kb used=12537Kb max_used=12597Kb free=233222Kb
 bounds [0x0000000002880000, 0x00000000034f0000, 0x0000000011880000]
 total_blobs=4345 nmethods=3633 adapters=624
 compilation: enabled

Compilation events (10 events):
Event: 21.709 Thread 0x00000000161ec800 nmethod 3954 0x0000000002a81910 code [0x0000000002a81be0, 0x0000000002a82608]
Event: 21.980 Thread 0x00000000161ec800 3955       4       org.gradle.internal.reflect.PropertyAccessorType::of (96 bytes)
Event: 21.988 Thread 0x00000000161f2800 3957       3       com.google.common.collect.Maps::newHashMap (8 bytes)
Event: 21.988 Thread 0x00000000161f2800 nmethod 3957 0x0000000002a813d0 code [0x0000000002a81540, 0x0000000002a817f0]
Event: 21.988 Thread 0x00000000161f2800 3958       3       com.google.common.collect.Iterables::filter (20 bytes)
Event: 21.989 Thread 0x00000000161f2800 nmethod 3958 0x0000000002afb550 code [0x0000000002afb700, 0x0000000002afbc78]
Event: 21.989 Thread 0x00000000161f2800 3959       3       com.google.common.collect.Iterables$6::<init> (15 bytes)
Event: 21.990 Thread 0x00000000161f2800 nmethod 3959 0x0000000002afb010 code [0x0000000002afb180, 0x0000000002afb3d0]
Event: 21.990 Thread 0x00000000161f2800 3960       1       org.gradle.api.internal.AbstractTask::getName (5 bytes)
Event: 21.990 Thread 0x00000000161f2800 nmethod 3960 0x0000000003021f50 code [0x00000000030220a0, 0x00000000030221b0]

GC Heap History (10 events):
Event: 12.653 GC heap before
{Heap before GC invocations=12 (full 1):
 PSYoungGen      total 48640K, used 48547K [0x00000000e0000000, 0x00000000e3d00000, 0x0000000100000000)
  eden space 44544K, 100% used [0x00000000e0000000,0x00000000e2b80000,0x00000000e2b80000)
  from space 4096K, 97% used [0x00000000e3900000,0x00000000e3ce8f98,0x00000000e3d00000)
  to   space 5632K, 0% used [0x00000000e3200000,0x00000000e3200000,0x00000000e3780000)
 ParOldGen       total 35328K, used 7806K [0x00000000a0000000, 0x00000000a2280000, 0x00000000e0000000)
  object space 35328K, 22% used [0x00000000a0000000,0x00000000a079f8b8,0x00000000a2280000)
 Metaspace       used 27386K, capacity 27824K, committed 28032K, reserved 1073152K
  class space    used 3810K, capacity 3957K, committed 3968K, reserved 1048576K
Event: 12.663 GC heap after
Heap after GC invocations=12 (full 1):
 PSYoungGen      total 56832K, used 4334K [0x00000000e0000000, 0x00000000e4480000, 0x0000000100000000)
  eden space 51200K, 0% used [0x00000000e0000000,0x00000000e0000000,0x00000000e3200000)
  from space 5632K, 76% used [0x00000000e3200000,0x00000000e363ba18,0x00000000e3780000)
  to   space 5632K, 0% used [0x00000000e3f00000,0x00000000e3f00000,0x00000000e4480000)
 ParOldGen       total 35328K, used 9402K [0x00000000a0000000, 0x00000000a2280000, 0x00000000e0000000)
  object space 35328K, 26% used [0x00000000a0000000,0x00000000a092e938,0x00000000a2280000)
 Metaspace       used 27386K, capacity 27824K, committed 28032K, reserved 1073152K
  class space    used 3810K, capacity 3957K, committed 3968K, reserved 1048576K
}
Event: 17.168 GC heap before
{Heap before GC invocations=13 (full 1):
 PSYoungGen      total 56832K, used 55534K [0x00000000e0000000, 0x00000000e4480000, 0x0000000100000000)
  eden space 51200K, 100% used [0x00000000e0000000,0x00000000e3200000,0x00000000e3200000)
  from space 5632K, 76% used [0x00000000e3200000,0x00000000e363ba18,0x00000000e3780000)
  to   space 5632K, 0% used [0x00000000e3f00000,0x00000000e3f00000,0x00000000e4480000)
 ParOldGen       total 35328K, used 9402K [0x00000000a0000000, 0x00000000a2280000, 0x00000000e0000000)
  object space 35328K, 26% used [0x00000000a0000000,0x00000000a092e938,0x00000000a2280000)
 Metaspace       used 29970K, capacity 30622K, committed 30848K, reserved 1075200K
  class space    used 4194K, capacity 4418K, committed 4480K, reserved 1048576K
Event: 17.184 GC heap after
Heap after GC invocations=13 (full 1):
 PSYoungGen      total 64512K, used 4872K [0x00000000e0000000, 0x00000000e4b00000, 0x0000000100000000)
  eden space 58880K, 0% used [0x00000000e0000000,0x00000000e0000000,0x00000000e3980000)
  from space 5632K, 86% used [0x00000000e3f00000,0x00000000e43c21a8,0x00000000e4480000)
  to   space 5632K, 0% used [0x00000000e3980000,0x00000000e3980000,0x00000000e3f00000)
 ParOldGen       total 35328K, used 11215K [0x00000000a0000000, 0x00000000a2280000, 0x00000000e0000000)
  object space 35328K, 31% used [0x00000000a0000000,0x00000000a0af3c08,0x00000000a2280000)
 Metaspace       used 29970K, capacity 30622K, committed 30848K, reserved 1075200K
  class space    used 4194K, capacity 4418K, committed 4480K, reserved 1048576K
}
Event: 18.950 GC heap before
{Heap before GC invocations=14 (full 1):
 PSYoungGen      total 64512K, used 31095K [0x00000000e0000000, 0x00000000e4b00000, 0x0000000100000000)
  eden space 58880K, 44% used [0x00000000e0000000,0x00000000e199bb40,0x00000000e3980000)
  from space 5632K, 86% used [0x00000000e3f00000,0x00000000e43c21a8,0x00000000e4480000)
  to   space 5632K, 0% used [0x00000000e3980000,0x00000000e3980000,0x00000000e3f00000)
 ParOldGen       total 35328K, used 11215K [0x00000000a0000000, 0x00000000a2280000, 0x00000000e0000000)
  object space 35328K, 31% used [0x00000000a0000000,0x00000000a0af3c08,0x00000000a2280000)
 Metaspace       used 34597K, capacity 35261K, committed 35416K, reserved 1079296K
  class space    used 4768K, capacity 4992K, committed 4992K, reserved 1048576K
Event: 18.960 GC heap after
Heap after GC invocations=14 (full 1):
 PSYoungGen      total 64512K, used 5607K [0x00000000e0000000, 0x00000000e5580000, 0x0000000100000000)
  eden space 58880K, 0% used [0x00000000e0000000,0x00000000e0000000,0x00000000e3980000)
  from space 5632K, 99% used [0x00000000e3980000,0x00000000e3ef9ce8,0x00000000e3f00000)
  to   space 6656K, 0% used [0x00000000e4f00000,0x00000000e4f00000,0x00000000e5580000)
 ParOldGen       total 35328K, used 11961K [0x00000000a0000000, 0x00000000a2280000, 0x00000000e0000000)
  object space 35328K, 33% used [0x00000000a0000000,0x00000000a0bae6f0,0x00000000a2280000)
 Metaspace       used 34597K, capacity 35261K, committed 35416K, reserved 1079296K
  class space    used 4768K, capacity 4992K, committed 4992K, reserved 1048576K
}
Event: 18.960 GC heap before
{Heap before GC invocations=15 (full 2):
 PSYoungGen      total 64512K, used 5607K [0x00000000e0000000, 0x00000000e5580000, 0x0000000100000000)
  eden space 58880K, 0% used [0x00000000e0000000,0x00000000e0000000,0x00000000e3980000)
  from space 5632K, 99% used [0x00000000e3980000,0x00000000e3ef9ce8,0x00000000e3f00000)
  to   space 6656K, 0% used [0x00000000e4f00000,0x00000000e4f00000,0x00000000e5580000)
 ParOldGen       total 35328K, used 11961K [0x00000000a0000000, 0x00000000a2280000, 0x00000000e0000000)
  object space 35328K, 33% used [0x00000000a0000000,0x00000000a0bae6f0,0x00000000a2280000)
 Metaspace       used 34597K, capacity 35261K, committed 35416K, reserved 1079296K
  class space    used 4768K, capacity 4992K, committed 4992K, reserved 1048576K
Event: 19.066 GC heap after
Heap after GC invocations=15 (full 2):
 PSYoungGen      total 64512K, used 0K [0x00000000e0000000, 0x00000000e5580000, 0x0000000100000000)
  eden space 58880K, 0% used [0x00000000e0000000,0x00000000e0000000,0x00000000e3980000)
  from space 5632K, 0% used [0x00000000e3980000,0x00000000e3980000,0x00000000e3f00000)
  to   space 6656K, 0% used [0x00000000e4f00000,0x00000000e4f00000,0x00000000e5580000)
 ParOldGen       total 57856K, used 16178K [0x00000000a0000000, 0x00000000a3880000, 0x00000000e0000000)
  object space 57856K, 27% used [0x00000000a0000000,0x00000000a0fcc8c0,0x00000000a3880000)
 Metaspace       used 34597K, capacity 35261K, committed 35416K, reserved 1079296K
  class space    used 4768K, capacity 4992K, committed 4992K, reserved 1048576K
}
Event: 20.612 GC heap before
{Heap before GC invocations=16 (full 2):
 PSYoungGen      total 64512K, used 58880K [0x00000000e0000000, 0x00000000e5580000, 0x0000000100000000)
  eden space 58880K, 100% used [0x00000000e0000000,0x00000000e3980000,0x00000000e3980000)
  from space 5632K, 0% used [0x00000000e3980000,0x00000000e3980000,0x00000000e3f00000)
  to   space 6656K, 0% used [0x00000000e4f00000,0x00000000e4f00000,0x00000000e5580000)
 ParOldGen       total 57856K, used 16178K [0x00000000a0000000, 0x00000000a3880000, 0x00000000e0000000)
  object space 57856K, 27% used [0x00000000a0000000,0x00000000a0fcc8c0,0x00000000a3880000)
 Metaspace       used 38025K, capacity 38845K, committed 39000K, reserved 1083392K
  class space    used 5185K, capacity 5461K, committed 5504K, reserved 1048576K
Event: 20.624 GC heap after
Heap after GC invocations=16 (full 2):
 PSYoungGen      total 80896K, used 5020K [0x00000000e0000000, 0x00000000e5600000, 0x0000000100000000)
  eden space 74240K, 0% used [0x00000000e0000000,0x00000000e0000000,0x00000000e4880000)
  from space 6656K, 75% used [0x00000000e4f00000,0x00000000e53e7150,0x00000000e5580000)
  to   space 6656K, 0% used [0x00000000e4880000,0x00000000e4880000,0x00000000e4f00000)
 ParOldGen       total 57856K, used 16186K [0x00000000a0000000, 0x00000000a3880000, 0x00000000e0000000)
  object space 57856K, 27% used [0x00000000a0000000,0x00000000a0fce8c0,0x00000000a3880000)
 Metaspace       used 38025K, capacity 38845K, committed 39000K, reserved 1083392K
  class space    used 5185K, capacity 5461K, committed 5504K, reserved 1048576K
}

Deoptimization events (10 events):
Event: 19.756 Thread 0x00000000187c0800 Uncommon trap: reason=unstable_if action=reinterpret pc=0x0000000003163cb8 method=java.util.HashMap.putVal(ILjava/lang/Object;Ljava/lang/Object;ZZ)Ljava/lang/Object; @ 162
Event: 19.757 Thread 0x00000000187c0800 Uncommon trap: reason=unstable_if action=reinterpret pc=0x0000000003160e68 method=java.util.HashMap.putVal(ILjava/lang/Object;Ljava/lang/Object;ZZ)Ljava/lang/Object; @ 162
Event: 19.757 Thread 0x00000000187c0800 Uncommon trap: reason=unstable_if action=reinterpret pc=0x0000000002cff70c method=java.util.HashMap.resize()[Ljava/util/HashMap$Node; @ 206
Event: 19.974 Thread 0x00000000187c0800 Uncommon trap: reason=unstable_if action=reinterpret pc=0x000000000336d868 method=java.lang.reflect.Modifier.toString(I)Ljava/lang/String; @ 123
Event: 20.431 Thread 0x00000000187c0800 Uncommon trap: reason=unstable_if action=reinterpret pc=0x0000000003453124 method=java.util.HashMap.putVal(ILjava/lang/Object;Ljava/lang/Object;ZZ)Ljava/lang/Object; @ 236
Event: 20.447 Thread 0x00000000187c0800 Uncommon trap: reason=unstable_if action=reinterpret pc=0x0000000002d1367c method=java.lang.CharacterDataLatin1.isWhitespace(I)Z @ 14
Event: 20.577 Thread 0x00000000187c0800 Uncommon trap: reason=unstable_if action=reinterpret pc=0x00000000032c1f64 method=java.util.jar.JarFile.getInputStream(Ljava/util/zip/ZipEntry;)Ljava/io/InputStream; @ 37
Event: 20.603 Thread 0x00000000187c0800 Uncommon trap: reason=unstable_if action=reinterpret pc=0x0000000002de582c method=java.security.CodeSource.getCertificates()[Ljava/security/cert/Certificate; @ 22
Event: 20.605 Thread 0x00000000187c0800 Uncommon trap: reason=unstable_if action=reinterpret pc=0x00000000032c5554 method=java.security.CodeSource.matchCerts(Ljava/security/CodeSource;Z)Z @ 11
Event: 20.668 Thread 0x00000000187c0800 Uncommon trap: reason=unstable_if action=reinterpret pc=0x0000000003292db8 method=java.util.LinkedHashMap.get(Ljava/lang/Object;)Ljava/lang/Object; @ 20

Classes redefined (0 events):
No events

Internal exceptions (10 events):
Event: 21.116 Thread 0x00000000187c0800 Exception <a 'java/lang/ClassNotFoundException': com/android/build/gradle/internal/api/DefaultAndroidSourceSetCustomizer> (0x00000000e1105340) thrown at [D:\src\AOSP-openjdk-cygwin\jdk8u\hotspot\src\share\vm\classfile\systemDictionary.cpp, line 210]
Event: 21.119 Thread 0x00000000187c0800 Exception <a 'java/lang/ClassNotFoundException': com/android/build/gradle/internal/api/DefaultAndroidSourceSet_DecoratedCustomizer> (0x00000000e1160ec0) thrown at [D:\src\AOSP-openjdk-cygwin\jdk8u\hotspot\src\share\vm\classfile\systemDictionary.cpp, line 
Event: 21.533 Thread 0x00000000187c0800 Exception <a 'java/lang/ClassNotFoundException': com/android/build/gradle/internal/dsl/BuildType_DecoratedBeanInfo> (0x00000000e19249f0) thrown at [D:\src\AOSP-openjdk-cygwin\jdk8u\hotspot\src\share\vm\classfile\systemDictionary.cpp, line 210]
Event: 21.553 Thread 0x00000000187c0800 Exception <a 'java/lang/ClassNotFoundException': com/android/build/gradle/internal/dsl/BuildTypeBeanInfo> (0x00000000e1939750) thrown at [D:\src\AOSP-openjdk-cygwin\jdk8u\hotspot\src\share\vm\classfile\systemDictionary.cpp, line 210]
Event: 21.553 Thread 0x00000000187c0800 Exception <a 'java/lang/ClassNotFoundException': com/android/builder/core/DefaultBuildTypeBeanInfo> (0x00000000e194d258) thrown at [D:\src\AOSP-openjdk-cygwin\jdk8u\hotspot\src\share\vm\classfile\systemDictionary.cpp, line 210]
Event: 21.554 Thread 0x00000000187c0800 Exception <a 'java/lang/ClassNotFoundException': com/android/builder/internal/BaseConfigImplBeanInfo> (0x00000000e1961b68) thrown at [D:\src\AOSP-openjdk-cygwin\jdk8u\hotspot\src\share\vm\classfile\systemDictionary.cpp, line 210]
Event: 21.554 Thread 0x00000000187c0800 Exception <a 'java/lang/ClassNotFoundException': com/android/builder/internal/BaseConfigImplCustomizer> (0x00000000e1976b20) thrown at [D:\src\AOSP-openjdk-cygwin\jdk8u\hotspot\src\share\vm\classfile\systemDictionary.cpp, line 210]
Event: 21.556 Thread 0x00000000187c0800 Exception <a 'java/lang/ClassNotFoundException': com/android/builder/core/DefaultBuildTypeCustomizer> (0x00000000e19b0900) thrown at [D:\src\AOSP-openjdk-cygwin\jdk8u\hotspot\src\share\vm\classfile\systemDictionary.cpp, line 210]
Event: 21.558 Thread 0x00000000187c0800 Exception <a 'java/lang/ClassNotFoundException': com/android/build/gradle/internal/dsl/BuildTypeCustomizer> (0x00000000e19e01d8) thrown at [D:\src\AOSP-openjdk-cygwin\jdk8u\hotspot\src\share\vm\classfile\systemDictionary.cpp, line 210]
Event: 21.561 Thread 0x00000000187c0800 Exception <a 'java/lang/ClassNotFoundException': com/android/build/gradle/internal/dsl/BuildType_DecoratedCustomizer> (0x00000000e1a337f8) thrown at [D:\src\AOSP-openjdk-cygwin\jdk8u\hotspot\src\share\vm\classfile\systemDictionary.cpp, line 210]

Events (10 events):
Event: 21.906 loading class com/android/build/gradle/internal/tasks/LintCompile$ConfigAction
Event: 21.906 loading class com/android/build/gradle/internal/tasks/LintCompile$ConfigAction done
Event: 21.907 loading class com/android/build/gradle/internal/tasks/LintCompile
Event: 21.907 loading class com/android/build/gradle/internal/tasks/LintCompile done
Event: 21.908 loading class com/android/sdklib/BuildToolInfo
Event: 21.908 loading class com/android/sdklib/BuildToolInfo done
Event: 21.980 loading class org/gradle/api/tasks/OutputDirectory
Event: 21.980 loading class org/gradle/api/tasks/OutputDirectory done
Event: 21.990 loading class com/android/build/gradle/tasks/LintGlobalTask
Event: 21.990 loading class com/android/build/gradle/tasks/LintGlobalTask done


Dynamic libraries:
0x00007ff76bd00000 - 0x00007ff76bd31000 	C:\Program Files (x86)\Android\Android Studio\jre\bin\java.exe
0x00007ffde6800000 - 0x00007ffde69e1000 	C:\WINDOWS\SYSTEM32\ntdll.dll
0x00007ffdd2270000 - 0x00007ffdd2282000 	C:\Program Files\AVAST Software\Avast\aswhook.dll
0x00007ffde3eb0000 - 0x00007ffde3f62000 	C:\WINDOWS\System32\KERNEL32.DLL
0x00007ffde36a0000 - 0x00007ffde3913000 	C:\WINDOWS\System32\KERNELBASE.dll
0x00007ffde3e00000 - 0x00007ffde3ea1000 	C:\WINDOWS\System32\ADVAPI32.dll
0x00007ffde4e60000 - 0x00007ffde4efe000 	C:\WINDOWS\System32\msvcrt.dll
0x00007ffde44b0000 - 0x00007ffde450b000 	C:\WINDOWS\System32\sechost.dll
0x00007ffde3cc0000 - 0x00007ffde3de4000 	C:\WINDOWS\System32\RPCRT4.dll
0x00007ffde4c20000 - 0x00007ffde4db0000 	C:\WINDOWS\System32\USER32.dll
0x00007ffde2dd0000 - 0x00007ffde2df0000 	C:\WINDOWS\System32\win32u.dll
0x00007ffde3c90000 - 0x00007ffde3cb8000 	C:\WINDOWS\System32\GDI32.dll
0x00007ffde2bd0000 - 0x00007ffde2d62000 	C:\WINDOWS\System32\gdi32full.dll
0x00007ffde2e40000 - 0x00007ffde2edf000 	C:\WINDOWS\System32\msvcp_win.dll
0x00007ffde3920000 - 0x00007ffde3a1a000 	C:\WINDOWS\System32\ucrtbase.dll
0x00007ffdd2000000 - 0x00007ffdd2269000 	C:\WINDOWS\WinSxS\amd64_microsoft.windows.common-controls_6595b64144ccf1df_6.0.17134.523_none_fb409dd930672a56\COMCTL32.dll
0x00007ffde4010000 - 0x00007ffde4332000 	C:\WINDOWS\System32\combase.dll
0x00007ffde3c10000 - 0x00007ffde3c8a000 	C:\WINDOWS\System32\bcryptPrimitives.dll
0x00007ffde3f80000 - 0x00007ffde3fad000 	C:\WINDOWS\System32\IMM32.DLL
0x0000000071120000 - 0x00000000711f2000 	C:\Program Files (x86)\Android\Android Studio\jre\jre\bin\msvcr100.dll
0x00000000712e0000 - 0x0000000071b1f000 	C:\Program Files (x86)\Android\Android Studio\jre\jre\bin\server\jvm.dll
0x00007ffde3df0000 - 0x00007ffde3df8000 	C:\WINDOWS\System32\PSAPI.DLL
0x00007ffdd0810000 - 0x00007ffdd0819000 	C:\WINDOWS\SYSTEM32\WSOCK32.dll
0x00007ffde4ae0000 - 0x00007ffde4b4c000 	C:\WINDOWS\System32\WS2_32.dll
0x00007ffdde230000 - 0x00007ffdde253000 	C:\WINDOWS\SYSTEM32\WINMM.dll
0x00007ffdd46e0000 - 0x00007ffdd46ea000 	C:\WINDOWS\SYSTEM32\VERSION.dll
0x00007ffdde200000 - 0x00007ffdde22a000 	C:\WINDOWS\SYSTEM32\WINMMBASE.dll
0x00007ffde2df0000 - 0x00007ffde2e39000 	C:\WINDOWS\System32\cfgmgr32.dll
0x00007ffddd4f0000 - 0x00007ffddd4ff000 	C:\Program Files (x86)\Android\Android Studio\jre\jre\bin\verify.dll
0x00007ffddb940000 - 0x00007ffddb969000 	C:\Program Files (x86)\Android\Android Studio\jre\jre\bin\java.dll
0x00007ffdd5560000 - 0x00007ffdd5576000 	C:\Program Files (x86)\Android\Android Studio\jre\jre\bin\zip.dll
0x00007ffde5390000 - 0x00007ffde67d0000 	C:\WINDOWS\System32\SHELL32.dll
0x00007ffde4db0000 - 0x00007ffde4e59000 	C:\WINDOWS\System32\shcore.dll
0x00007ffde2f90000 - 0x00007ffde369d000 	C:\WINDOWS\System32\windows.storage.dll
0x00007ffde5190000 - 0x00007ffde51e1000 	C:\WINDOWS\System32\shlwapi.dll
0x00007ffde2bb0000 - 0x00007ffde2bc1000 	C:\WINDOWS\System32\kernel.appcore.dll
0x00007ffde2b10000 - 0x00007ffde2b2f000 	C:\WINDOWS\System32\profapi.dll
0x00007ffde2b40000 - 0x00007ffde2b8c000 	C:\WINDOWS\System32\powrprof.dll
0x00007ffde2b30000 - 0x00007ffde2b3a000 	C:\WINDOWS\System32\FLTLIB.DLL
0x00007ffdd5540000 - 0x00007ffdd555a000 	C:\Program Files (x86)\Android\Android Studio\jre\jre\bin\net.dll
0x00007ffde2380000 - 0x00007ffde23e6000 	C:\WINDOWS\system32\mswsock.dll
0x00007ffdd5520000 - 0x00007ffdd5531000 	C:\Program Files (x86)\Android\Android Studio\jre\jre\bin\nio.dll
0x00007ffdde260000 - 0x00007ffdde27e000 	C:\Users\HP\.gradle\native\25\windows-amd64\native-platform.dll
0x00007ffdd5460000 - 0x00007ffdd546d000 	C:\Program Files (x86)\Android\Android Studio\jre\jre\bin\management.dll
0x00007ffde2540000 - 0x00007ffde2557000 	C:\WINDOWS\SYSTEM32\CRYPTSP.dll
0x00007ffde1f10000 - 0x00007ffde1f43000 	C:\WINDOWS\system32\rsaenh.dll
0x00007ffde2670000 - 0x00007ffde2695000 	C:\WINDOWS\SYSTEM32\bcrypt.dll
0x00007ffde2a40000 - 0x00007ffde2a68000 	C:\WINDOWS\SYSTEM32\USERENV.dll
0x00007ffde2560000 - 0x00007ffde256b000 	C:\WINDOWS\SYSTEM32\CRYPTBASE.dll
0x00007ffde2110000 - 0x00007ffde2148000 	C:\WINDOWS\SYSTEM32\IPHLPAPI.DLL
0x00007ffde3f70000 - 0x00007ffde3f78000 	C:\WINDOWS\System32\NSI.dll
0x00007ffdd8a30000 - 0x00007ffdd8a46000 	C:\WINDOWS\SYSTEM32\dhcpcsvc6.DLL
0x00007ffdd8ac0000 - 0x00007ffdd8ada000 	C:\WINDOWS\SYSTEM32\dhcpcsvc.DLL

VM Arguments:
jvm_args: -Xmx1536m -Dfile.encoding=windows-1252 -Duser.country=US -Duser.language=en -Duser.variant 
java_command: org.gradle.launcher.daemon.bootstrap.GradleDaemon 4.4
java_class_path (initial): C:\Users\HP\.gradle\wrapper\dists\gradle-4.4-all\9br9xq1tocpiv8o6njlyu5op1\gradle-4.4\lib\gradle-launcher-4.4.jar
Launcher Type: SUN_STANDARD

Environment Variables:
PATH=C:\Program Files (x86)\Common Files\Oracle\Java\javapath;C:\Program Files (x86)\Common Files\ArcSoft\Bin;C:\Program Files (x86)\Intel\iCLS Client\;C:\Program Files\Intel\iCLS Client\;C:\WINDOWS\system32;C:\WINDOWS;C:\WINDOWS\System32\Wbem;C:\WINDOWS\System32\WindowsPowerShell\v1.0\;C:\Program Files (x86)\Intel\Intel(R) Management Engine Components\DAL;C:\Program Files\Intel\Intel(R) Management Engine Components\DAL;C:\Program Files (x86)\Intel\Intel(R) Management Engine Components\IPT;C:\Program Files\Intel\Intel(R) Management Engine Components\IPT;c:\Program Files\Intel\WiFi\bin\;c:\Program Files\Common Files\Intel\WirelessCommon\;C:\Program Files (x86)\GtkSharp\2.12\bin;C:\WINDOWS\System32\OpenSSH\;C:\Users\HP\AppData\Local\Android\Sdk;C:\Program Files (x86)\Java\jdk1.6.0_18\bin;%USERPROFILE%\AppData\Local\Microsoft\WindowsApps;
USERNAME=HP
OS=Windows_NT
PROCESSOR_IDENTIFIER=Intel64 Family 6 Model 61 Stepping 4, GenuineIntel



---------------  S Y S T E M  ---------------

OS: Windows 10.0 , 64 bit Build 17134 (10.0.17134.1)

CPU:total 4 (initial active 4) (2 cores per cpu, 2 threads per core) family 6 model 61 stepping 4, cmov, cx8, fxsr, mmx, sse, sse2, sse3, ssse3, sse4.1, sse4.2, popcnt, avx, avx2, aes, clmul, erms, 3dnowpref, lzcnt, ht, tsc, tscinvbit, bmi1, bmi2, adx

Memory: 4k page, physical 4082796k(327672k free), swap 4082796k(6072k free)

vm_info: OpenJDK 64-Bit Server VM (25.152-b02) for windows-amd64 JRE (1.8.0_152-release-1024-b02), built by "builder" with MS VC++ 10.0 (VS2010)

time: Thu Jan 17 13:35:34 2019
elapsed time: 22 seconds (0d 0h 0m 22s)

