#
# There is insufficient memory for the Java Runtime Environment to continue.
# Native memory allocation (malloc) failed to allocate 639536 bytes for Chunk::new
# Possible reasons:
#   The system is out of physical RAM or swap space
#   In 32 bit mode, the process size limit was hit
# Possible solutions:
#   Reduce memory load on the system
#   Increase physical memory or swap space
#   Check if swap backing store is full
#   Use 64 bit Java on a 64 bit OS
#   Decrease Java heap size (-Xmx/-Xms)
#   Decrease number of Java threads
#   Decrease Java thread stack sizes (-Xss)
#   Set larger code cache with -XX:ReservedCodeCacheSize=
# This output file may be truncated or incomplete.
#
#  Out of Memory Error (allocation.cpp:390), pid=2840, tid=0x00000000000024dc
#
# JRE version: OpenJDK Runtime Environment (8.0_152-b02) (build 1.8.0_152-release-1024-b02)
# Java VM: OpenJDK 64-Bit Server VM (25.152-b02 mixed mode windows-amd64 compressed oops)
# Failed to write core dump. Minidumps are not enabled by default on client versions of Windows
#

---------------  T H R E A D  ---------------

Current thread (0x00000000160c9000):  JavaThread "C2 CompilerThread0" daemon [_thread_in_native, id=9436, stack(0x0000000017730000,0x0000000017830000)]

Stack: [0x0000000017730000,0x0000000017830000]
[error occurred during error reporting (printing stack bounds), id 0xc0000005]

Native frames: (J=compiled Java code, j=interpreted, Vv=VM code, C=native code)


Current CompileTask:
C2:  38454 11600       4       com.android.tools.r8.code.BaseInstructionFactory::create (3362 bytes)


---------------  P R O C E S S  ---------------

Java Threads: ( => current thread )
  0x0000000018757800 JavaThread "ForkJoinPool-1-worker-0" daemon [_thread_in_vm, id=8404, stack(0x0000000025860000,0x0000000025960000)]
  0x000000001875e800 JavaThread "ForkJoinPool-1-worker-1" daemon [_thread_blocked, id=5872, stack(0x0000000025760000,0x0000000025860000)]
  0x000000001875d000 JavaThread "ForkJoinPool.commonPool-worker-3" daemon [_thread_blocked, id=9292, stack(0x0000000024860000,0x0000000024960000)]
  0x0000000018758800 JavaThread "ForkJoinPool.commonPool-worker-2" daemon [_thread_blocked, id=3532, stack(0x0000000024760000,0x0000000024860000)]
  0x000000001875c000 JavaThread "ForkJoinPool.commonPool-worker-1" daemon [_thread_blocked, id=2752, stack(0x0000000024660000,0x0000000024760000)]
  0x00000000160e8800 JavaThread "Cache worker for Java compile cache (H:\AndroidStudioProjects\LogInPage\.gradle\4.4\javaCompile)" [_thread_blocked, id=9332, stack(0x0000000023e60000,0x0000000023f60000)]
  0x000000001c401000 JavaThread "Task worker for ':' Thread 3" [_thread_blocked, id=3132, stack(0x0000000023b60000,0x0000000023c60000)]
  0x000000001c3fc800 JavaThread "Task worker for ':' Thread 2" [_thread_blocked, id=9408, stack(0x0000000023a60000,0x0000000023b60000)]
  0x000000001c3fb800 JavaThread "Task worker for ':'" [_thread_blocked, id=2584, stack(0x0000000023960000,0x0000000023a60000)]
  0x000000001c3f5000 JavaThread "Cache worker for Build Output Cleanup Cache (H:\AndroidStudioProjects\LogInPage\.gradle\buildOutputCleanup)" [_thread_blocked, id=2500, stack(0x0000000023860000,0x0000000023960000)]
  0x000000001c3fb000 JavaThread "Cache worker for task history cache (H:\AndroidStudioProjects\LogInPage\.gradle\4.4\taskHistory)" [_thread_blocked, id=2248, stack(0x0000000023760000,0x0000000023860000)]
  0x000000001c3f8800 JavaThread "Cache worker for file content cache (H:\AndroidStudioProjects\LogInPage\.gradle\4.4\fileContent)" [_thread_blocked, id=4852, stack(0x00000000215d0000,0x00000000216d0000)]
  0x000000001c3f8000 JavaThread "Memory manager" [_thread_blocked, id=10260, stack(0x0000000020610000,0x0000000020710000)]
  0x000000001c3f5800 JavaThread "build operations Thread 4" [_thread_blocked, id=8468, stack(0x000000001ff10000,0x0000000020010000)]
  0x00000000160ea000 JavaThread "build operations Thread 3" [_thread_blocked, id=8668, stack(0x000000001fbb0000,0x000000001fcb0000)]
  0x00000000160e9000 JavaThread "build operations Thread 2" [_thread_blocked, id=6520, stack(0x000000001fab0000,0x000000001fbb0000)]
  0x00000000160e7000 JavaThread "build operations" [_thread_blocked, id=7492, stack(0x000000001f6e0000,0x000000001f7e0000)]
  0x00000000160e6000 JavaThread "Cache worker for Artifact transforms cache (C:\Users\HP\.gradle\caches\transforms-1)" [_thread_blocked, id=1592, stack(0x000000001e2f0000,0x000000001e3f0000)]
  0x000000001ace6000 JavaThread "Cache worker for file hash cache (H:\AndroidStudioProjects\LogInPage\.gradle\4.4\fileHashes)" [_thread_blocked, id=3264, stack(0x000000001bc50000,0x000000001bd50000)]
  0x0000000019289000 JavaThread "File lock request listener" [_thread_in_native, id=1364, stack(0x000000001ab80000,0x000000001ac80000)]
  0x0000000019182000 JavaThread "Cache worker for file hash cache (C:\Users\HP\.gradle\caches\4.4\fileHashes)" [_thread_blocked, id=1044, stack(0x000000001aa80000,0x000000001ab80000)]
  0x000000001908e800 JavaThread "Stdin handler" [_thread_blocked, id=10144, stack(0x000000001a780000,0x000000001a880000)]
  0x0000000018ec9800 JavaThread "Asynchronous log dispatcher for DefaultDaemonConnection: socket connection from /127.0.0.1:2096 to /127.0.0.1:2097" [_thread_blocked, id=6108, stack(0x000000001a680000,0x000000001a780000)]
  0x0000000019066800 JavaThread "Daemon worker" [_thread_blocked, id=10300, stack(0x000000001a580000,0x000000001a680000)]
  0x0000000019065800 JavaThread "Cancel handler" [_thread_blocked, id=10308, stack(0x000000001a480000,0x000000001a580000)]
  0x0000000018ec2000 JavaThread "Handler for socket connection from /127.0.0.1:2096 to /127.0.0.1:2097" [_thread_in_native, id=10296, stack(0x000000001a180000,0x000000001a280000)]
  0x0000000018fdb800 JavaThread "Daemon" [_thread_blocked, id=8364, stack(0x000000001a080000,0x000000001a180000)]
  0x0000000018e56800 JavaThread "Daemon periodic checks" [_thread_blocked, id=9144, stack(0x0000000019f80000,0x000000001a080000)]
  0x0000000018e2b000 JavaThread "Incoming local TCP Connector on port 2096" [_thread_in_native, id=6408, stack(0x0000000019d40000,0x0000000019e40000)]
  0x000000001612d000 JavaThread "Service Thread" daemon [_thread_blocked, id=5360, stack(0x0000000017e30000,0x0000000017f30000)]
  0x00000000160e3000 JavaThread "C1 CompilerThread2" daemon [_thread_blocked, id=5324, stack(0x0000000017930000,0x0000000017a30000)]
  0x00000000160cf000 JavaThread "C2 CompilerThread1" daemon [_thread_in_native, id=7876, stack(0x0000000017830000,0x0000000017930000)]
=>0x00000000160c9000 JavaThread "C2 CompilerThread0" daemon [_thread_in_native, id=9436, stack(0x0000000017730000,0x0000000017830000)]
  0x00000000160c7800 JavaThread "Attach Listener" daemon [_thread_blocked, id=5484, stack(0x0000000017630000,0x0000000017730000)]
  0x00000000160d5800 JavaThread "Signal Dispatcher" daemon [_thread_blocked, id=8788, stack(0x0000000017530000,0x0000000017630000)]
  0x000000000273c800 JavaThread "Finalizer" daemon [_thread_blocked, id=5064, stack(0x0000000017340000,0x0000000017440000)]
  0x0000000002731800 JavaThread "Reference Handler" daemon [_thread_blocked, id=5304, stack(0x0000000017240000,0x0000000017340000)]
  0x000000000253d800 JavaThread "main" [_thread_blocked, id=424, stack(0x0000000002540000,0x0000000002640000)]

Other Threads:
  0x0000000016097000 VMThread [stack: 0x0000000017140000,0x0000000017240000] [id=5524]
  0x0000000017a75000 WatcherThread [stack: 0x0000000017f30000,0x0000000018030000] [id=4572]

VM state:not at safepoint (normal execution)

VM Mutex/Monitor currently owned by a thread: None

Heap:
 PSYoungGen      total 178688K, used 77254K [0x00000000e0000000, 0x00000000ee600000, 0x0000000100000000)
  eden space 158720K, 36% used [0x00000000e0000000,0x00000000e37f5610,0x00000000e9b00000)
  from space 19968K, 99% used [0x00000000e9b00000,0x00000000eae7c3b0,0x00000000eae80000)
  to   space 29696K, 0% used [0x00000000ec900000,0x00000000ec900000,0x00000000ee600000)
 ParOldGen       total 96768K, used 57442K [0x00000000a0000000, 0x00000000a5e80000, 0x00000000e0000000)
  object space 96768K, 59% used [0x00000000a0000000,0x00000000a3818a40,0x00000000a5e80000)
 Metaspace       used 69984K, capacity 73335K, committed 73600K, reserved 1112064K
  class space    used 9412K, capacity 10093K, committed 10112K, reserved 1048576K

Card table byte_map: [0x0000000011b00000,0x0000000011e10000] byte_map_base: 0x0000000011600000

Marking Bits: (ParMarkBitMap*) 0x000000005cab4970
 Begin Bits: [0x0000000012410000, 0x0000000013c10000)
 End Bits:   [0x0000000013c10000, 0x0000000015410000)

Polling page: 0x00000000024e0000

CodeCache: size=245760Kb used=32368Kb max_used=32368Kb free=213391Kb
 bounds [0x0000000002740000, 0x0000000004700000, 0x0000000011740000]
 total_blobs=10642 nmethods=9832 adapters=722
 compilation: enabled

Compilation events (10 events):
Event: 38.428 Thread 0x00000000160e3000 11700       3       com.android.tools.r8.code.Instruction::readSigned8BitValue (8 bytes)
Event: 38.428 Thread 0x00000000160e3000 nmethod 11700 0x00000000046f7490 code [0x00000000046f7600, 0x00000000046f77a8]
Event: 38.437 Thread 0x00000000160e3000 11702       3       com.android.tools.r8.code.Format21h::<init> (20 bytes)
Event: 38.437 Thread 0x00000000160e3000 nmethod 11702 0x00000000046f7890 code [0x00000000046f7a20, 0x00000000046f7dc8]
Event: 38.437 Thread 0x00000000160e3000 11703       3       com.android.tools.r8.code.Format21h::hashCode (21 bytes)
Event: 38.438 Thread 0x00000000160e3000 nmethod 11703 0x00000000046f8050 code [0x00000000046f81c0, 0x00000000046f8488]
Event: 38.439 Thread 0x00000000160e3000 11704       3       com.android.tools.r8.code.ConstHigh16::<init> (7 bytes)
Event: 38.439 Thread 0x00000000160e3000 nmethod 11704 0x00000000046f8550 code [0x00000000046f86e0, 0x00000000046f8b08]
Event: 38.447 Thread 0x00000000160e3000 11706       3       com.android.tools.r8.code.Nop::<init> (7 bytes)
Event: 38.448 Thread 0x00000000160e3000 nmethod 11706 0x00000000046f8e50 code [0x00000000046f8fc0, 0x00000000046f92f0]

GC Heap History (10 events):
Event: 18.540 GC heap before
{Heap before GC invocations=16 (full 2):
 PSYoungGen      total 121856K, used 121825K [0x00000000e0000000, 0x00000000ea180000, 0x0000000100000000)
  eden space 111104K, 100% used [0x00000000e0000000,0x00000000e6c80000,0x00000000e6c80000)
  from space 10752K, 99% used [0x00000000e6c80000,0x00000000e76f85a8,0x00000000e7700000)
  to   space 14848K, 0% used [0x00000000e9300000,0x00000000e9300000,0x00000000ea180000)
 ParOldGen       total 56320K, used 23780K [0x00000000a0000000, 0x00000000a3700000, 0x00000000e0000000)
  object space 56320K, 42% used [0x00000000a0000000,0x00000000a1739360,0x00000000a3700000)
 Metaspace       used 54107K, capacity 55855K, committed 56064K, reserved 1097728K
  class space    used 7439K, capacity 7933K, committed 7936K, reserved 1048576K
Event: 18.575 GC heap after
Heap after GC invocations=16 (full 2):
 PSYoungGen      total 149504K, used 11598K [0x00000000e0000000, 0x00000000ea500000, 0x0000000100000000)
  eden space 134656K, 0% used [0x00000000e0000000,0x00000000e0000000,0x00000000e8380000)
  from space 14848K, 78% used [0x00000000e9300000,0x00000000e9e53970,0x00000000ea180000)
  to   space 15872K, 0% used [0x00000000e8380000,0x00000000e8380000,0x00000000e9300000)
 ParOldGen       total 56320K, used 30403K [0x00000000a0000000, 0x00000000a3700000, 0x00000000e0000000)
  object space 56320K, 53% used [0x00000000a0000000,0x00000000a1db0df0,0x00000000a3700000)
 Metaspace       used 54107K, capacity 55855K, committed 56064K, reserved 1097728K
  class space    used 7439K, capacity 7933K, committed 7936K, reserved 1048576K
}
Event: 22.713 GC heap before
{Heap before GC invocations=17 (full 2):
 PSYoungGen      total 149504K, used 93219K [0x00000000e0000000, 0x00000000ea500000, 0x0000000100000000)
  eden space 134656K, 60% used [0x00000000e0000000,0x00000000e4fb5360,0x00000000e8380000)
  from space 14848K, 78% used [0x00000000e9300000,0x00000000e9e53970,0x00000000ea180000)
  to   space 15872K, 0% used [0x00000000e8380000,0x00000000e8380000,0x00000000e9300000)
 ParOldGen       total 56320K, used 30403K [0x00000000a0000000, 0x00000000a3700000, 0x00000000e0000000)
  object space 56320K, 53% used [0x00000000a0000000,0x00000000a1db0df0,0x00000000a3700000)
 Metaspace       used 56939K, capacity 58893K, committed 59028K, reserved 1099776K
  class space    used 7833K, capacity 8342K, committed 8448K, reserved 1048576K
Event: 22.746 GC heap after
Heap after GC invocations=17 (full 2):
 PSYoungGen      total 150528K, used 13184K [0x00000000e0000000, 0x00000000ec200000, 0x0000000100000000)
  eden space 134656K, 0% used [0x00000000e0000000,0x00000000e0000000,0x00000000e8380000)
  from space 15872K, 83% used [0x00000000e8380000,0x00000000e90602a0,0x00000000e9300000)
  to   space 17408K, 0% used [0x00000000eb100000,0x00000000eb100000,0x00000000ec200000)
 ParOldGen       total 56320K, used 30411K [0x00000000a0000000, 0x00000000a3700000, 0x00000000e0000000)
  object space 56320K, 53% used [0x00000000a0000000,0x00000000a1db2df0,0x00000000a3700000)
 Metaspace       used 56939K, capacity 58893K, committed 59028K, reserved 1099776K
  class space    used 7833K, capacity 8342K, committed 8448K, reserved 1048576K
}
Event: 22.746 GC heap before
{Heap before GC invocations=18 (full 3):
 PSYoungGen      total 150528K, used 13184K [0x00000000e0000000, 0x00000000ec200000, 0x0000000100000000)
  eden space 134656K, 0% used [0x00000000e0000000,0x00000000e0000000,0x00000000e8380000)
  from space 15872K, 83% used [0x00000000e8380000,0x00000000e90602a0,0x00000000e9300000)
  to   space 17408K, 0% used [0x00000000eb100000,0x00000000eb100000,0x00000000ec200000)
 ParOldGen       total 56320K, used 30411K [0x00000000a0000000, 0x00000000a3700000, 0x00000000e0000000)
  object space 56320K, 53% used [0x00000000a0000000,0x00000000a1db2df0,0x00000000a3700000)
 Metaspace       used 56939K, capacity 58893K, committed 59028K, reserved 1099776K
  class space    used 7833K, capacity 8342K, committed 8448K, reserved 1048576K
Event: 23.152 GC heap after
Heap after GC invocations=18 (full 3):
 PSYoungGen      total 150528K, used 0K [0x00000000e0000000, 0x00000000ec200000, 0x0000000100000000)
  eden space 134656K, 0% used [0x00000000e0000000,0x00000000e0000000,0x00000000e8380000)
  from space 15872K, 0% used [0x00000000e8380000,0x00000000e8380000,0x00000000e9300000)
  to   space 17408K, 0% used [0x00000000eb100000,0x00000000eb100000,0x00000000ec200000)
 ParOldGen       total 96768K, used 38653K [0x00000000a0000000, 0x00000000a5e80000, 0x00000000e0000000)
  object space 96768K, 39% used [0x00000000a0000000,0x00000000a25bf690,0x00000000a5e80000)
 Metaspace       used 56939K, capacity 58893K, committed 59028K, reserved 1099776K
  class space    used 7833K, capacity 8342K, committed 8448K, reserved 1048576K
}
Event: 28.552 GC heap before
{Heap before GC invocations=19 (full 3):
 PSYoungGen      total 150528K, used 134656K [0x00000000e0000000, 0x00000000ec200000, 0x0000000100000000)
  eden space 134656K, 100% used [0x00000000e0000000,0x00000000e8380000,0x00000000e8380000)
  from space 15872K, 0% used [0x00000000e8380000,0x00000000e8380000,0x00000000e9300000)
  to   space 17408K, 0% used [0x00000000eb100000,0x00000000eb100000,0x00000000ec200000)
 ParOldGen       total 96768K, used 38653K [0x00000000a0000000, 0x00000000a5e80000, 0x00000000e0000000)
  object space 96768K, 39% used [0x00000000a0000000,0x00000000a25bf690,0x00000000a5e80000)
 Metaspace       used 60721K, capacity 62637K, committed 62720K, reserved 1103872K
  class space    used 8140K, capacity 8630K, committed 8704K, reserved 1048576K
Event: 28.584 GC heap after
Heap after GC invocations=19 (full 3):
 PSYoungGen      total 176128K, used 17384K [0x00000000e0000000, 0x00000000ec200000, 0x0000000100000000)
  eden space 158720K, 0% used [0x00000000e0000000,0x00000000e0000000,0x00000000e9b00000)
  from space 17408K, 99% used [0x00000000eb100000,0x00000000ec1fa388,0x00000000ec200000)
  to   space 19968K, 0% used [0x00000000e9b00000,0x00000000e9b00000,0x00000000eae80000)
 ParOldGen       total 96768K, used 38881K [0x00000000a0000000, 0x00000000a5e80000, 0x00000000e0000000)
  object space 96768K, 40% used [0x00000000a0000000,0x00000000a25f8688,0x00000000a5e80000)
 Metaspace       used 60721K, capacity 62637K, committed 62720K, reserved 1103872K
  class space    used 8140K, capacity 8630K, committed 8704K, reserved 1048576K
}
Event: 37.765 GC heap before
{Heap before GC invocations=20 (full 3):
 PSYoungGen      total 176128K, used 176104K [0x00000000e0000000, 0x00000000ec200000, 0x0000000100000000)
  eden space 158720K, 100% used [0x00000000e0000000,0x00000000e9b00000,0x00000000e9b00000)
  from space 17408K, 99% used [0x00000000eb100000,0x00000000ec1fa388,0x00000000ec200000)
  to   space 19968K, 0% used [0x00000000e9b00000,0x00000000e9b00000,0x00000000eae80000)
 ParOldGen       total 96768K, used 38881K [0x00000000a0000000, 0x00000000a5e80000, 0x00000000e0000000)
  object space 96768K, 40% used [0x00000000a0000000,0x00000000a25f8688,0x00000000a5e80000)
 Metaspace       used 69260K, capacity 72541K, committed 72704K, reserved 1112064K
  class space    used 9297K, capacity 9972K, committed 9984K, reserved 1048576K
Event: 37.818 GC heap after
Heap after GC invocations=20 (full 3):
 PSYoungGen      total 178688K, used 19952K [0x00000000e0000000, 0x00000000ee600000, 0x0000000100000000)
  eden space 158720K, 0% used [0x00000000e0000000,0x00000000e0000000,0x00000000e9b00000)
  from space 19968K, 99% used [0x00000000e9b00000,0x00000000eae7c3b0,0x00000000eae80000)
  to   space 29696K, 0% used [0x00000000ec900000,0x00000000ec900000,0x00000000ee600000)
 ParOldGen       total 96768K, used 57442K [0x00000000a0000000, 0x00000000a5e80000, 0x00000000e0000000)
  object space 96768K, 59% used [0x00000000a0000000,0x00000000a3818a40,0x00000000a5e80000)
 Metaspace       used 69260K, capacity 72541K, committed 72704K, reserved 1112064K
  class space    used 9297K, capacity 9972K, committed 9984K, reserved 1048576K
}

Deoptimization events (10 events):
Event: 38.168 Thread 0x000000001875e800 Uncommon trap: reason=unstable_if action=reinterpret pc=0x0000000003381eb0 method=java.util.Arrays.hashCode([Ljava/lang/Object;)I @ 1
Event: 38.169 Thread 0x000000001875e800 Uncommon trap: reason=unstable_if action=reinterpret pc=0x000000000466e664 method=java.util.Arrays.equals([B[B)Z @ 2
Event: 38.169 Thread 0x0000000018757800 Uncommon trap: reason=unstable_if action=reinterpret pc=0x000000000466e664 method=java.util.Arrays.equals([B[B)Z @ 2
Event: 38.170 Thread 0x000000001875e800 Uncommon trap: reason=unstable_if action=reinterpret pc=0x0000000004686690 method=com.android.tools.r8.dex.DexFileReader.cacheAt(ILjava/util/function/Supplier;)Ljava/lang/Object; @ 1
Event: 38.204 Thread 0x000000001875e800 Uncommon trap: reason=unstable_if action=reinterpret pc=0x000000000468e3bc method=com.android.tools.r8.dex.DexFileReader$MemberAnnotationIterator.getNextFor(Lcom/android/tools/r8/graph/Descriptor;)Lcom/android/tools/r8/graph/DexItem; @ 9
Event: 38.204 Thread 0x000000001875e800 Uncommon trap: reason=unstable_if action=reinterpret pc=0x00000000044fa0bc method=com.android.tools.r8.graph.DexString.slowCompareTo(Lcom/android/tools/r8/graph/DexString;)I @ 136
Event: 38.205 Thread 0x000000001875e800 Uncommon trap: reason=unstable_if action=reinterpret pc=0x00000000046942b0 method=com.android.tools.r8.it.unimi.dsi.fastutil.ints.Int2ObjectOpenHashMap.insert(ILjava/lang/Object;)I @ 1
Event: 38.213 Thread 0x0000000018757800 Uncommon trap: reason=unstable_if action=reinterpret pc=0x000000000466eb90 method=com.android.tools.r8.it.unimi.dsi.fastutil.ints.Int2ObjectOpenHashMap.get(I)Ljava/lang/Object; @ 1
Event: 38.254 Thread 0x0000000018757800 Uncommon trap: reason=unloaded action=reinterpret pc=0x000000000330ae1c method=com.android.tools.r8.dex.DexFileReader.parseEncodedValue()Lcom/android/tools/r8/graph/DexValue; @ 459
Event: 38.344 Thread 0x0000000018757800 Uncommon trap: reason=unstable_if action=reinterpret pc=0x000000000468e93c method=com.android.tools.r8.it.unimi.dsi.fastutil.ints.Int2ObjectOpenHashMap.insert(ILjava/lang/Object;)I @ 1

Classes redefined (0 events):
No events

Internal exceptions (10 events):
Event: 34.473 Thread 0x000000001875d800 Exception <a 'sun/nio/fs/WindowsException'> (0x00000000e8001bd8) thrown at [D:\src\AOSP-openjdk-cygwin\jdk8u\hotspot\src\share\vm\prims\jni.cpp, line 709]
Event: 34.477 Thread 0x0000000018766000 Exception <a 'sun/nio/fs/WindowsException'> (0x00000000e85dd760) thrown at [D:\src\AOSP-openjdk-cygwin\jdk8u\hotspot\src\share\vm\prims\jni.cpp, line 709]
Event: 34.481 Thread 0x000000001875d800 Exception <a 'sun/nio/fs/WindowsException'> (0x00000000e86636f0) thrown at [D:\src\AOSP-openjdk-cygwin\jdk8u\hotspot\src\share\vm\prims\jni.cpp, line 709]
Event: 34.482 Thread 0x0000000018766000 Exception <a 'sun/nio/fs/WindowsException'> (0x00000000e85e4928) thrown at [D:\src\AOSP-openjdk-cygwin\jdk8u\hotspot\src\share\vm\prims\jni.cpp, line 709]
Event: 34.486 Thread 0x000000001875d800 Exception <a 'sun/nio/fs/WindowsException'> (0x00000000e8735258) thrown at [D:\src\AOSP-openjdk-cygwin\jdk8u\hotspot\src\share\vm\prims\jni.cpp, line 709]
Event: 34.493 Thread 0x0000000018766000 Exception <a 'sun/nio/fs/WindowsException'> (0x00000000e85ea568) thrown at [D:\src\AOSP-openjdk-cygwin\jdk8u\hotspot\src\share\vm\prims\jni.cpp, line 709]
Event: 34.494 Thread 0x000000001875d800 Exception <a 'sun/nio/fs/WindowsException'> (0x00000000e8806238) thrown at [D:\src\AOSP-openjdk-cygwin\jdk8u\hotspot\src\share\vm\prims\jni.cpp, line 709]
Event: 37.705 Thread 0x000000001875d000 Exception <a 'sun/nio/fs/WindowsException'> (0x00000000e93f2f90) thrown at [D:\src\AOSP-openjdk-cygwin\jdk8u\hotspot\src\share\vm\prims\jni.cpp, line 709]
Event: 38.168 Thread 0x0000000018757800 Implicit null exception at 0x0000000003381daf to 0x0000000003381ea1
Event: 38.168 Thread 0x000000001875e800 Implicit null exception at 0x0000000003381daf to 0x0000000003381ea1

Events (10 events):
Event: 38.306 loading class com/android/tools/r8/it/unimi/dsi/fastutil/ints/AbstractInt2IntFunction done
Event: 38.315 loading class com/android/tools/r8/it/unimi/dsi/fastutil/ints/Int2IntMap$FastEntrySet
Event: 38.315 loading class com/android/tools/r8/it/unimi/dsi/fastutil/ints/Int2IntMap$FastEntrySet done
Event: 38.316 loading class com/android/tools/r8/graph/DexCode$TryHandler$TypeAddrPair
Event: 38.316 loading class com/android/tools/r8/graph/DexCode$TryHandler$TypeAddrPair done
Event: 38.324 Executing VM operation: RevokeBias
Event: 38.325 Executing VM operation: RevokeBias done
Event: 38.344 Thread 0x0000000018757800 Uncommon trap: trap_request=0xffffff65 fr.pc=0x000000000468e93c
Event: 38.344 Thread 0x0000000018757800 DEOPT PACKING pc=0x000000000468e93c sp=0x000000002595ee60
Event: 38.344 Thread 0x0000000018757800 DEOPT UNPACKING pc=0x000000000278557b sp=0x000000002595ede8 mode 2


Dynamic libraries:
0x00007ff6ad890000 - 0x00007ff6ad8c1000 	C:\Program Files (x86)\Android\Android Studio\jre\bin\java.exe
0x00007ffbf7710000 - 0x00007ffbf78f1000 	C:\WINDOWS\SYSTEM32\ntdll.dll
0x00007ffba73d0000 - 0x00007ffba73e2000 	C:\Program Files\AVAST Software\Avast\aswhook.dll
0x00007ffbf7620000 - 0x00007ffbf76d2000 	C:\WINDOWS\System32\KERNEL32.DLL
0x00007ffbf4850000 - 0x00007ffbf4ac3000 	C:\WINDOWS\System32\KERNELBASE.dll
0x00007ffbf6370000 - 0x00007ffbf6411000 	C:\WINDOWS\System32\ADVAPI32.dll
0x00007ffbf6670000 - 0x00007ffbf670e000 	C:\WINDOWS\System32\msvcrt.dll
0x00007ffbf7540000 - 0x00007ffbf759b000 	C:\WINDOWS\System32\sechost.dll
0x00007ffbf6230000 - 0x00007ffbf6354000 	C:\WINDOWS\System32\RPCRT4.dll
0x00007ffbf6830000 - 0x00007ffbf69c0000 	C:\WINDOWS\System32\USER32.dll
0x00007ffbf3ae0000 - 0x00007ffbf3b00000 	C:\WINDOWS\System32\win32u.dll
0x00007ffbf4c00000 - 0x00007ffbf4c28000 	C:\WINDOWS\System32\GDI32.dll
0x00007ffbf4600000 - 0x00007ffbf4792000 	C:\WINDOWS\System32\gdi32full.dll
0x00007ffbf4210000 - 0x00007ffbf42af000 	C:\WINDOWS\System32\msvcp_win.dll
0x00007ffbf4500000 - 0x00007ffbf45fa000 	C:\WINDOWS\System32\ucrtbase.dll
0x00007ffbe41c0000 - 0x00007ffbe4429000 	C:\WINDOWS\WinSxS\amd64_microsoft.windows.common-controls_6595b64144ccf1df_6.0.17134.523_none_fb409dd930672a56\COMCTL32.dll
0x00007ffbf6b20000 - 0x00007ffbf6e42000 	C:\WINDOWS\System32\combase.dll
0x00007ffbf4ad0000 - 0x00007ffbf4b4a000 	C:\WINDOWS\System32\bcryptPrimitives.dll
0x00007ffbf64c0000 - 0x00007ffbf64ed000 	C:\WINDOWS\System32\IMM32.DLL
0x000000005c130000 - 0x000000005c202000 	C:\Program Files (x86)\Android\Android Studio\jre\jre\bin\msvcr100.dll
0x000000005c2f0000 - 0x000000005cb2f000 	C:\Program Files (x86)\Android\Android Studio\jre\jre\bin\server\jvm.dll
0x00007ffbf61c0000 - 0x00007ffbf61c8000 	C:\WINDOWS\System32\PSAPI.DLL
0x00007ffbcf4e0000 - 0x00007ffbcf4e9000 	C:\WINDOWS\SYSTEM32\WSOCK32.dll
0x00007ffbf6710000 - 0x00007ffbf677c000 	C:\WINDOWS\System32\WS2_32.dll
0x00007ffbecfb0000 - 0x00007ffbecfd3000 	C:\WINDOWS\SYSTEM32\WINMM.dll
0x00007ffbe72b0000 - 0x00007ffbe72ba000 	C:\WINDOWS\SYSTEM32\VERSION.dll
0x00007ffbecf80000 - 0x00007ffbecfaa000 	C:\WINDOWS\SYSTEM32\WINMMBASE.dll
0x00007ffbf4b50000 - 0x00007ffbf4b99000 	C:\WINDOWS\System32\cfgmgr32.dll
0x00007ffbb5ac0000 - 0x00007ffbb5acf000 	C:\Program Files (x86)\Android\Android Studio\jre\jre\bin\verify.dll
0x00007ffba79c0000 - 0x00007ffba79e9000 	C:\Program Files (x86)\Android\Android Studio\jre\jre\bin\java.dll
0x00007ffba79a0000 - 0x00007ffba79b6000 	C:\Program Files (x86)\Android\Android Studio\jre\jre\bin\zip.dll
0x00007ffbf4cb0000 - 0x00007ffbf60f0000 	C:\WINDOWS\System32\SHELL32.dll
0x00007ffbf6780000 - 0x00007ffbf6829000 	C:\WINDOWS\System32\shcore.dll
0x00007ffbf3b00000 - 0x00007ffbf420d000 	C:\WINDOWS\System32\windows.storage.dll
0x00007ffbf4ba0000 - 0x00007ffbf4bf1000 	C:\WINDOWS\System32\shlwapi.dll
0x00007ffbf3a50000 - 0x00007ffbf3a61000 	C:\WINDOWS\System32\kernel.appcore.dll
0x00007ffbf3a30000 - 0x00007ffbf3a4f000 	C:\WINDOWS\System32\profapi.dll
0x00007ffbf3a90000 - 0x00007ffbf3adc000 	C:\WINDOWS\System32\powrprof.dll
0x00007ffbf3a20000 - 0x00007ffbf3a2a000 	C:\WINDOWS\System32\FLTLIB.DLL
0x00007ffbb19f0000 - 0x00007ffbb1a0a000 	C:\Program Files (x86)\Android\Android Studio\jre\jre\bin\net.dll
0x00007ffbf3240000 - 0x00007ffbf32a6000 	C:\WINDOWS\system32\mswsock.dll
0x00007ffba74b0000 - 0x00007ffba74c1000 	C:\Program Files (x86)\Android\Android Studio\jre\jre\bin\nio.dll
0x00007ffbf02c0000 - 0x00007ffbf02de000 	C:\Users\HP\.gradle\native\25\windows-amd64\native-platform.dll
0x00007ffbb19a0000 - 0x00007ffbb19ad000 	C:\Program Files (x86)\Android\Android Studio\jre\jre\bin\management.dll
0x00007ffbf33f0000 - 0x00007ffbf3407000 	C:\WINDOWS\SYSTEM32\CRYPTSP.dll
0x00007ffbf2e20000 - 0x00007ffbf2e53000 	C:\WINDOWS\system32\rsaenh.dll
0x00007ffbf3580000 - 0x00007ffbf35a5000 	C:\WINDOWS\SYSTEM32\bcrypt.dll
0x00007ffbf3950000 - 0x00007ffbf3978000 	C:\WINDOWS\SYSTEM32\USERENV.dll
0x00007ffbf3410000 - 0x00007ffbf341b000 	C:\WINDOWS\SYSTEM32\CRYPTBASE.dll
0x00007ffbf2fc0000 - 0x00007ffbf2ff8000 	C:\WINDOWS\SYSTEM32\IPHLPAPI.DLL
0x00007ffbf6e50000 - 0x00007ffbf6e58000 	C:\WINDOWS\System32\NSI.dll
0x00007ffbe9940000 - 0x00007ffbe9956000 	C:\WINDOWS\SYSTEM32\dhcpcsvc6.DLL
0x00007ffbe9b30000 - 0x00007ffbe9b4a000 	C:\WINDOWS\SYSTEM32\dhcpcsvc.DLL

VM Arguments:
jvm_args: -Xmx1536m -Dfile.encoding=windows-1252 -Duser.country=US -Duser.language=en -Duser.variant 
java_command: org.gradle.launcher.daemon.bootstrap.GradleDaemon 4.4
java_class_path (initial): C:\Users\HP\.gradle\wrapper\dists\gradle-4.4-all\9br9xq1tocpiv8o6njlyu5op1\gradle-4.4\lib\gradle-launcher-4.4.jar
Launcher Type: SUN_STANDARD

Environment Variables:
PATH=C:\Program Files (x86)\Common Files\Oracle\Java\javapath;C:\Program Files (x86)\Common Files\ArcSoft\Bin;C:\Program Files (x86)\Intel\iCLS Client\;C:\Program Files\Intel\iCLS Client\;C:\WINDOWS\system32;C:\WINDOWS;C:\WINDOWS\System32\Wbem;C:\WINDOWS\System32\WindowsPowerShell\v1.0\;C:\Program Files (x86)\Intel\Intel(R) Management Engine Components\DAL;C:\Program Files\Intel\Intel(R) Management Engine Components\DAL;C:\Program Files (x86)\Intel\Intel(R) Management Engine Components\IPT;C:\Program Files\Intel\Intel(R) Management Engine Components\IPT;c:\Program Files\Intel\WiFi\bin\;c:\Program Files\Common Files\Intel\WirelessCommon\;C:\Program Files (x86)\GtkSharp\2.12\bin;C:\WINDOWS\System32\OpenSSH\;C:\Users\HP\AppData\Local\Android\Sdk;C:\Program Files (x86)\Java\jdk1.6.0_18\bin;%USERPROFILE%\AppData\Local\Microsoft\WindowsApps;
USERNAME=HP
OS=Windows_NT
PROCESSOR_IDENTIFIER=Intel64 Family 6 Model 61 Stepping 4, GenuineIntel



---------------  S Y S T E M  ---------------

OS: Windows 10.0 , 64 bit Build 17134 (10.0.17134.1)

CPU:total 4 (initial active 4) (2 cores per cpu, 2 threads per core) family 6 model 61 stepping 4, cmov, cx8, fxsr, mmx, sse, sse2, sse3, ssse3, sse4.1, sse4.2, popcnt, avx, avx2, aes, clmul, erms, 3dnowpref, lzcnt, ht, tsc, tscinvbit, bmi1, bmi2, adx

Memory: 4k page, physical 4082796k(346204k free), swap 4082796k(5060k free)

vm_info: OpenJDK 64-Bit Server VM (25.152-b02) for windows-amd64 JRE (1.8.0_152-release-1024-b02), built by "builder" with MS VC++ 10.0 (VS2010)

time: Tue Jan 22 03:39:50 2019
elapsed time: 38 seconds (0d 0h 0m 38s)

