#
# There is insufficient memory for the Java Runtime Environment to continue.
# Native memory allocation (malloc) failed to allocate 995696 bytes for Chunk::new
# Possible reasons:
#   The system is out of physical RAM or swap space
#   In 32 bit mode, the process size limit was hit
# Possible solutions:
#   Reduce memory load on the system
#   Increase physical memory or swap space
#   Check if swap backing store is full
#   Use 64 bit Java on a 64 bit OS
#   Decrease Java heap size (-Xmx/-Xms)
#   Decrease number of Java threads
#   Decrease Java thread stack sizes (-Xss)
#   Set larger code cache with -XX:ReservedCodeCacheSize=
# This output file may be truncated or incomplete.
#
#  Out of Memory Error (allocation.cpp:390), pid=9336, tid=0x0000000000002378
#
# JRE version: OpenJDK Runtime Environment (8.0_152-b02) (build 1.8.0_152-release-1024-b02)
# Java VM: OpenJDK 64-Bit Server VM (25.152-b02 mixed mode windows-amd64 compressed oops)
# Failed to write core dump. Minidumps are not enabled by default on client versions of Windows
#

---------------  T H R E A D  ---------------

Current thread (0x0000000015d02000):  JavaThread "C2 CompilerThread1" daemon [_thread_in_native, id=9080, stack(0x0000000017440000,0x0000000017540000)]

Stack: [0x0000000017440000,0x0000000017540000]
[error occurred during error reporting (printing stack bounds), id 0xc0000005]

Native frames: (J=compiled Java code, j=interpreted, Vv=VM code, C=native code)


Current CompileTask:
C2: 210744 11549       4       com.android.utils.XmlUtils::append (540 bytes)


---------------  P R O C E S S  ---------------

Java Threads: ( => current thread )
  0x000000001afe6000 JavaThread "pool-2-thread-1" [_thread_blocked, id=11280, stack(0x00000000269b0000,0x0000000026ab0000)]
  0x000000001afe5000 JavaThread "stdout" daemon [_thread_in_native, id=11144, stack(0x00000000268b0000,0x00000000269b0000)]
  0x000000001afdd800 JavaThread "stderr" daemon [_thread_in_native, id=9572, stack(0x00000000267b0000,0x00000000268b0000)]
  0x000000001afe4800 JavaThread "stdout" daemon [_thread_in_native, id=9600, stack(0x00000000266b0000,0x00000000267b0000)]
  0x000000001afe1800 JavaThread "stderr" daemon [_thread_in_native, id=8356, stack(0x00000000265b0000,0x00000000266b0000)]
  0x000000001afe3800 JavaThread "stdout" daemon [_thread_in_native, id=1568, stack(0x00000000264b0000,0x00000000265b0000)]
  0x000000001afe3000 JavaThread "stderr" daemon [_thread_in_native, id=6784, stack(0x00000000263b0000,0x00000000264b0000)]
  0x000000001afe2000 JavaThread "stdout" daemon [_thread_in_native, id=7064, stack(0x00000000262b0000,0x00000000263b0000)]
  0x000000001afdb800 JavaThread "stderr" daemon [_thread_in_native, id=5708, stack(0x00000000261b0000,0x00000000262b0000)]
  0x000000001afdf000 JavaThread "queued-resource-processor_4" daemon [_thread_blocked, id=5004, stack(0x00000000260b0000,0x00000000261b0000)]
  0x000000001afde800 JavaThread "queued-resource-processor_3" daemon [_thread_blocked, id=2580, stack(0x0000000025fb0000,0x00000000260b0000)]
  0x000000001afdc000 JavaThread "queued-resource-processor_2" daemon [_thread_blocked, id=10500, stack(0x0000000025eb0000,0x0000000025fb0000)]
  0x000000001afda800 JavaThread "queued-resource-processor_1" daemon [_thread_blocked, id=10204, stack(0x0000000025db0000,0x0000000025eb0000)]
  0x000000001afdd000 JavaThread "Java2D Disposer" daemon [_thread_blocked, id=12452, stack(0x0000000025cb0000,0x0000000025db0000)]
  0x000000001afe0800 JavaThread "Worker Daemon Execution Thread 7" [_thread_blocked, id=11964, stack(0x0000000025bb0000,0x0000000025cb0000)]
  0x000000001afd9000 JavaThread "Worker Daemon Execution Thread 6" [_thread_blocked, id=3012, stack(0x0000000025ab0000,0x0000000025bb0000)]
  0x000000001afe0000 JavaThread "Worker Daemon Execution Thread 5" [_thread_blocked, id=10976, stack(0x00000000259b0000,0x0000000025ab0000)]
  0x0000000018bec000 JavaThread "Worker Daemon Execution Thread 4" [_thread_blocked, id=8204, stack(0x00000000258b0000,0x00000000259b0000)]
  0x0000000018bea800 JavaThread "Worker Daemon Execution Thread 3" [_thread_blocked, id=7640, stack(0x00000000257b0000,0x00000000258b0000)]
  0x0000000018beb000 JavaThread "Worker Daemon Execution Thread 2" [_thread_blocked, id=10232, stack(0x00000000256b0000,0x00000000257b0000)]
  0x0000000018bee000 JavaThread "Worker Daemon Execution" [_thread_blocked, id=13064, stack(0x00000000255b0000,0x00000000256b0000)]
  0x000000001d701800 JavaThread "Task worker for ':' Thread 3" [_thread_in_native, id=11212, stack(0x00000000254b0000,0x00000000255b0000)]
  0x000000001d702800 JavaThread "Task worker for ':' Thread 2" [_thread_blocked, id=1240, stack(0x00000000253b0000,0x00000000254b0000)]
  0x000000001d704800 JavaThread "Task worker for ':'" [_thread_blocked, id=360, stack(0x00000000252b0000,0x00000000253b0000)]
  0x000000001d701000 JavaThread "Cache worker for Build Output Cleanup Cache (H:\AndroidStudioProjects\LogInPage\.gradle\buildOutputCleanup)" [_thread_blocked, id=4360, stack(0x00000000251b0000,0x00000000252b0000)]
  0x000000001d700000 JavaThread "Cache worker for task history cache (H:\AndroidStudioProjects\LogInPage\.gradle\4.4\taskHistory)" [_thread_blocked, id=12432, stack(0x00000000250b0000,0x00000000251b0000)]
  0x000000001d703000 JavaThread "build operations Thread 4" [_thread_blocked, id=1344, stack(0x0000000024fb0000,0x00000000250b0000)]
  0x000000001d6f8800 JavaThread "build operations Thread 3" [_thread_blocked, id=10220, stack(0x0000000024eb0000,0x0000000024fb0000)]
  0x000000001d6fe000 JavaThread "build operations Thread 2" [_thread_blocked, id=12712, stack(0x0000000024db0000,0x0000000024eb0000)]
  0x000000001d6fd000 JavaThread "build operations" [_thread_blocked, id=12464, stack(0x0000000024cb0000,0x0000000024db0000)]
  0x000000001d6fb800 JavaThread "Cache worker for Artifact transforms cache (C:\Users\HP\.gradle\caches\transforms-1)" [_thread_blocked, id=8472, stack(0x0000000024bb0000,0x0000000024cb0000)]
  0x000000001d6fe800 JavaThread "Cache worker for file hash cache (H:\AndroidStudioProjects\LogInPage\.gradle\4.4\fileHashes)" [_thread_blocked, id=10276, stack(0x0000000024ab0000,0x0000000024bb0000)]
  0x000000001d6ff800 JavaThread "Stdin handler" [_thread_blocked, id=1772, stack(0x00000000249b0000,0x0000000024ab0000)]
  0x000000001d6fb000 JavaThread "Asynchronous log dispatcher for DefaultDaemonConnection: socket connection from /127.0.0.1:3041 to /127.0.0.1:3116" [_thread_blocked, id=8520, stack(0x00000000248b0000,0x00000000249b0000)]
  0x000000001d6f7000 JavaThread "Cancel handler" [_thread_blocked, id=6508, stack(0x00000000247b0000,0x00000000248b0000)]
  0x000000001d6fa000 JavaThread "Handler for socket connection from /127.0.0.1:3041 to /127.0.0.1:3116" [_thread_in_native, id=11524, stack(0x00000000246b0000,0x00000000247b0000)]
  0x000000001d6f9800 JavaThread "Daemon worker Thread 2" [_thread_blocked, id=10528, stack(0x0000000023cb0000,0x0000000023db0000)]
  0x000000001d6f8000 JavaThread "Daemon Thread 2" [_thread_blocked, id=5652, stack(0x00000000239b0000,0x0000000023ab0000)]
  0x0000000018bef800 JavaThread "Memory manager" [_thread_blocked, id=104, stack(0x00000000202a0000,0x00000000203a0000)]
  0x000000001828f000 JavaThread "File lock request listener" [_thread_in_native, id=7156, stack(0x000000001a790000,0x000000001a890000)]
  0x00000000182bb800 JavaThread "Cache worker for file hash cache (C:\Users\HP\.gradle\caches\4.4\fileHashes)" [_thread_blocked, id=13012, stack(0x000000001a690000,0x000000001a790000)]
  0x000000001764f800 JavaThread "Daemon periodic checks" [_thread_blocked, id=10296, stack(0x0000000019b90000,0x0000000019c90000)]
  0x0000000017648800 JavaThread "Incoming local TCP Connector on port 3041" [_thread_in_native, id=4820, stack(0x0000000019950000,0x0000000019a50000)]
  0x0000000017668800 JavaThread "Service Thread" daemon [_thread_blocked, id=6408, stack(0x0000000017a40000,0x0000000017b40000)]
  0x0000000015d09000 JavaThread "C1 CompilerThread2" daemon [_thread_blocked, id=6040, stack(0x0000000017540000,0x0000000017640000)]
=>0x0000000015d02000 JavaThread "C2 CompilerThread1" daemon [_thread_in_native, id=9080, stack(0x0000000017440000,0x0000000017540000)]
  0x0000000015cfc000 JavaThread "C2 CompilerThread0" daemon [_thread_in_native, id=7332, stack(0x0000000017340000,0x0000000017440000)]
  0x0000000015cfa800 JavaThread "Attach Listener" daemon [_thread_blocked, id=12752, stack(0x0000000017240000,0x0000000017340000)]
  0x0000000015cf9800 JavaThread "Signal Dispatcher" daemon [_thread_blocked, id=11816, stack(0x0000000017140000,0x0000000017240000)]
  0x0000000015ce8800 JavaThread "Finalizer" daemon [_thread_blocked, id=8828, stack(0x0000000016f50000,0x0000000017050000)]
  0x0000000002381800 JavaThread "Reference Handler" daemon [_thread_blocked, id=12156, stack(0x0000000016e50000,0x0000000016f50000)]
  0x00000000021cd800 JavaThread "main" [_thread_blocked, id=2984, stack(0x00000000020c0000,0x00000000021c0000)]

Other Threads:
  0x0000000015cc7000 VMThread [stack: 0x0000000016d50000,0x0000000016e50000] [id=13144]
  0x0000000015d3e000 WatcherThread [stack: 0x0000000017b40000,0x0000000017c40000] [id=8448]

VM state:not at safepoint (normal execution)

VM Mutex/Monitor currently owned by a thread: None

Heap:
 PSYoungGen      total 159744K, used 92388K [0x00000000e0000000, 0x00000000eb600000, 0x0000000100000000)
  eden space 145920K, 53% used [0x00000000e0000000,0x00000000e4cc00c0,0x00000000e8e80000)
  from space 13824K, 99% used [0x00000000ea080000,0x00000000eadf9158,0x00000000eae00000)
  to   space 18432K, 0% used [0x00000000e8e80000,0x00000000e8e80000,0x00000000ea080000)
 ParOldGen       total 106496K, used 54697K [0x00000000a0000000, 0x00000000a6800000, 0x00000000e0000000)
  object space 106496K, 51% used [0x00000000a0000000,0x00000000a356a708,0x00000000a6800000)
 Metaspace       used 71416K, capacity 74204K, committed 74328K, reserved 1114112K
  class space    used 9345K, capacity 10028K, committed 10072K, reserved 1048576K

Card table byte_map: [0x0000000011750000,0x0000000011a60000] byte_map_base: 0x0000000011250000

Marking Bits: (ParMarkBitMap*) 0x0000000067674970
 Begin Bits: [0x0000000012060000, 0x0000000013860000)
 End Bits:   [0x0000000013860000, 0x0000000015060000)

Polling page: 0x0000000000980000

CodeCache: size=245760Kb used=32602Kb max_used=33353Kb free=213157Kb
 bounds [0x0000000002390000, 0x0000000004450000, 0x0000000011390000]
 total_blobs=10424 nmethods=9486 adapters=850
 compilation: enabled

Compilation events (10 events):
Event: 210.627 Thread 0x0000000015cfc000 11568       4       com.android.utils.XmlUtils::toXmlTextValue (65 bytes)
Event: 210.634 Thread 0x0000000015cfc000 nmethod 11568 0x00000000031f1e10 code [0x00000000031f1f60, 0x00000000031f2178]
Event: 210.634 Thread 0x0000000015cfc000 11567       4       com.sun.org.apache.xerces.internal.dom.NodeImpl::setOwnerDocument (24 bytes)
Event: 210.635 Thread 0x0000000015cfc000 nmethod 11567 0x0000000003d9acd0 code [0x0000000003d9ae00, 0x0000000003d9aeb8]
Event: 210.672 Thread 0x0000000015d09000 11569   !   3       java.io.BufferedReader::readLine (304 bytes)
Event: 210.676 Thread 0x0000000015cfc000 11570       4       com.android.ide.common.res2.NodeUtils::processSingleNodeNamespace (107 bytes)
Event: 210.676 Thread 0x0000000015d09000 nmethod 11569 0x00000000025aa310 code [0x00000000025aa5a0, 0x00000000025abce8]
Event: 210.683 Thread 0x0000000015cfc000 nmethod 11570 0x0000000004127c10 code [0x0000000004127de0, 0x0000000004128270]
Event: 210.683 Thread 0x0000000015cfc000 11571 %     4       sun.nio.cs.UTF_8$Encoder::encodeArrayLoop @ 73 (489 bytes)
Event: 210.703 Thread 0x0000000015cfc000 nmethod 11571% 0x0000000003214f10 code [0x00000000032150a0, 0x0000000003215ba8]

GC Heap History (10 events):
Event: 48.449 GC heap before
{Heap before GC invocations=21 (full 2):
 PSYoungGen      total 130048K, used 74553K [0x00000000e0000000, 0x00000000e9000000, 0x0000000100000000)
  eden space 117248K, 54% used [0x00000000e0000000,0x00000000e3ef8fd0,0x00000000e7280000)
  from space 12800K, 78% used [0x00000000e8000000,0x00000000e89d55d0,0x00000000e8c80000)
  to   space 13824K, 0% used [0x00000000e7280000,0x00000000e7280000,0x00000000e8000000)
 ParOldGen       total 57344K, used 41476K [0x00000000a0000000, 0x00000000a3800000, 0x00000000e0000000)
  object space 57344K, 72% used [0x00000000a0000000,0x00000000a2881258,0x00000000a3800000)
 Metaspace       used 56866K, capacity 58960K, committed 59028K, reserved 1099776K
  class space    used 7834K, capacity 8397K, committed 8408K, reserved 1048576K
Event: 48.472 GC heap after
Heap after GC invocations=21 (full 2):
 PSYoungGen      total 131072K, used 1820K [0x00000000e0000000, 0x00000000ea380000, 0x0000000100000000)
  eden space 117248K, 0% used [0x00000000e0000000,0x00000000e0000000,0x00000000e7280000)
  from space 13824K, 13% used [0x00000000e7280000,0x00000000e7447350,0x00000000e8000000)
  to   space 13824K, 0% used [0x00000000e9600000,0x00000000e9600000,0x00000000ea380000)
 ParOldGen       total 57344K, used 50844K [0x00000000a0000000, 0x00000000a3800000, 0x00000000e0000000)
  object space 57344K, 88% used [0x00000000a0000000,0x00000000a31a7318,0x00000000a3800000)
 Metaspace       used 56866K, capacity 58960K, committed 59028K, reserved 1099776K
  class space    used 7834K, capacity 8397K, committed 8408K, reserved 1048576K
}
Event: 48.472 GC heap before
{Heap before GC invocations=22 (full 3):
 PSYoungGen      total 131072K, used 1820K [0x00000000e0000000, 0x00000000ea380000, 0x0000000100000000)
  eden space 117248K, 0% used [0x00000000e0000000,0x00000000e0000000,0x00000000e7280000)
  from space 13824K, 13% used [0x00000000e7280000,0x00000000e7447350,0x00000000e8000000)
  to   space 13824K, 0% used [0x00000000e9600000,0x00000000e9600000,0x00000000ea380000)
 ParOldGen       total 57344K, used 50844K [0x00000000a0000000, 0x00000000a3800000, 0x00000000e0000000)
  object space 57344K, 88% used [0x00000000a0000000,0x00000000a31a7318,0x00000000a3800000)
 Metaspace       used 56866K, capacity 58960K, committed 59028K, reserved 1099776K
  class space    used 7834K, capacity 8397K, committed 8408K, reserved 1048576K
Event: 48.959 GC heap after
Heap after GC invocations=22 (full 3):
 PSYoungGen      total 131072K, used 0K [0x00000000e0000000, 0x00000000ea380000, 0x0000000100000000)
  eden space 117248K, 0% used [0x00000000e0000000,0x00000000e0000000,0x00000000e7280000)
  from space 13824K, 0% used [0x00000000e7280000,0x00000000e7280000,0x00000000e8000000)
  to   space 13824K, 0% used [0x00000000e9600000,0x00000000e9600000,0x00000000ea380000)
 ParOldGen       total 106496K, used 46683K [0x00000000a0000000, 0x00000000a6800000, 0x00000000e0000000)
  object space 106496K, 43% used [0x00000000a0000000,0x00000000a2d96c78,0x00000000a6800000)
 Metaspace       used 56866K, capacity 58960K, committed 59028K, reserved 1099776K
  class space    used 7834K, capacity 8397K, committed 8408K, reserved 1048576K
}
Event: 168.050 GC heap before
{Heap before GC invocations=23 (full 3):
 PSYoungGen      total 131072K, used 117248K [0x00000000e0000000, 0x00000000ea380000, 0x0000000100000000)
  eden space 117248K, 100% used [0x00000000e0000000,0x00000000e7280000,0x00000000e7280000)
  from space 13824K, 0% used [0x00000000e7280000,0x00000000e7280000,0x00000000e8000000)
  to   space 13824K, 0% used [0x00000000e9600000,0x00000000e9600000,0x00000000ea380000)
 ParOldGen       total 106496K, used 46683K [0x00000000a0000000, 0x00000000a6800000, 0x00000000e0000000)
  object space 106496K, 43% used [0x00000000a0000000,0x00000000a2d96c78,0x00000000a6800000)
 Metaspace       used 63060K, capacity 65570K, committed 65752K, reserved 1105920K
  class space    used 8462K, capacity 9113K, committed 9176K, reserved 1048576K
Event: 168.067 GC heap after
Heap after GC invocations=23 (full 3):
 PSYoungGen      total 142336K, used 8666K [0x00000000e0000000, 0x00000000e9e80000, 0x0000000100000000)
  eden space 133632K, 0% used [0x00000000e0000000,0x00000000e0000000,0x00000000e8280000)
  from space 8704K, 99% used [0x00000000e9600000,0x00000000e9e76b48,0x00000000e9e80000)
  to   space 13824K, 0% used [0x00000000e8380000,0x00000000e8380000,0x00000000e9100000)
 ParOldGen       total 106496K, used 46691K [0x00000000a0000000, 0x00000000a6800000, 0x00000000e0000000)
  object space 106496K, 43% used [0x00000000a0000000,0x00000000a2d98c78,0x00000000a6800000)
 Metaspace       used 63060K, capacity 65570K, committed 65752K, reserved 1105920K
  class space    used 8462K, capacity 9113K, committed 9176K, reserved 1048576K
}
Event: 188.894 GC heap before
{Heap before GC invocations=24 (full 3):
 PSYoungGen      total 142336K, used 142298K [0x00000000e0000000, 0x00000000e9e80000, 0x0000000100000000)
  eden space 133632K, 100% used [0x00000000e0000000,0x00000000e8280000,0x00000000e8280000)
  from space 8704K, 99% used [0x00000000e9600000,0x00000000e9e76b48,0x00000000e9e80000)
  to   space 13824K, 0% used [0x00000000e8380000,0x00000000e8380000,0x00000000e9100000)
 ParOldGen       total 106496K, used 46691K [0x00000000a0000000, 0x00000000a6800000, 0x00000000e0000000)
  object space 106496K, 43% used [0x00000000a0000000,0x00000000a2d98c78,0x00000000a6800000)
 Metaspace       used 67222K, capacity 69864K, committed 70104K, reserved 1110016K
  class space    used 8947K, capacity 9624K, committed 9688K, reserved 1048576K
Event: 188.963 GC heap after
Heap after GC invocations=24 (full 3):
 PSYoungGen      total 148480K, used 7421K [0x00000000e0000000, 0x00000000eae00000, 0x0000000100000000)
  eden space 134656K, 0% used [0x00000000e0000000,0x00000000e0000000,0x00000000e8380000)
  from space 13824K, 53% used [0x00000000e8380000,0x00000000e8abf630,0x00000000e9100000)
  to   space 13824K, 0% used [0x00000000ea080000,0x00000000ea080000,0x00000000eae00000)
 ParOldGen       total 106496K, used 46699K [0x00000000a0000000, 0x00000000a6800000, 0x00000000e0000000)
  object space 106496K, 43% used [0x00000000a0000000,0x00000000a2d9ac78,0x00000000a6800000)
 Metaspace       used 67222K, capacity 69864K, committed 70104K, reserved 1110016K
  class space    used 8947K, capacity 9624K, committed 9688K, reserved 1048576K
}
Event: 204.491 GC heap before
{Heap before GC invocations=25 (full 3):
 PSYoungGen      total 148480K, used 142077K [0x00000000e0000000, 0x00000000eae00000, 0x0000000100000000)
  eden space 134656K, 100% used [0x00000000e0000000,0x00000000e8380000,0x00000000e8380000)
  from space 13824K, 53% used [0x00000000e8380000,0x00000000e8abf630,0x00000000e9100000)
  to   space 13824K, 0% used [0x00000000ea080000,0x00000000ea080000,0x00000000eae00000)
 ParOldGen       total 106496K, used 46699K [0x00000000a0000000, 0x00000000a6800000, 0x00000000e0000000)
  object space 106496K, 43% used [0x00000000a0000000,0x00000000a2d9ac78,0x00000000a6800000)
 Metaspace       used 68784K, capacity 71564K, committed 71768K, reserved 1112064K
  class space    used 9083K, capacity 9782K, committed 9816K, reserved 1048576K
Event: 204.533 GC heap after
Heap after GC invocations=25 (full 3):
 PSYoungGen      total 159744K, used 13796K [0x00000000e0000000, 0x00000000eb600000, 0x0000000100000000)
  eden space 145920K, 0% used [0x00000000e0000000,0x00000000e0000000,0x00000000e8e80000)
  from space 13824K, 99% used [0x00000000ea080000,0x00000000eadf9158,0x00000000eae00000)
  to   space 18432K, 0% used [0x00000000e8e80000,0x00000000e8e80000,0x00000000ea080000)
 ParOldGen       total 106496K, used 54697K [0x00000000a0000000, 0x00000000a6800000, 0x00000000e0000000)
  object space 106496K, 51% used [0x00000000a0000000,0x00000000a356a708,0x00000000a6800000)
 Metaspace       used 68784K, capacity 71564K, committed 71768K, reserved 1112064K
  class space    used 9083K, capacity 9782K, committed 9816K, reserved 1048576K
}

Deoptimization events (10 events):
Event: 207.855 Thread 0x000000001d701800 Uncommon trap: reason=null_check action=make_not_entrant pc=0x00000000043a20ac method=com.sun.org.apache.xerces.internal.dom.CoreDocumentImpl.getUserData(Lorg/w3c/dom/Node;Ljava/lang/String;)Ljava/lang/Object; @ 19
Event: 207.879 Thread 0x000000001d701800 Uncommon trap: reason=class_check action=maybe_recompile pc=0x00000000042ba638 method=com.sun.org.apache.xerces.internal.dom.NodeImpl.getUserData(Ljava/lang/String;)Ljava/lang/Object; @ 1
Event: 207.879 Thread 0x000000001d701800 Uncommon trap: reason=class_check action=maybe_recompile pc=0x00000000042ba638 method=com.sun.org.apache.xerces.internal.dom.NodeImpl.getUserData(Ljava/lang/String;)Ljava/lang/Object; @ 1
Event: 210.470 Thread 0x000000001afe6000 Uncommon trap: reason=class_check action=maybe_recompile pc=0x0000000003f5e0c4 method=java.util.concurrent.ThreadPoolExecutor.getTask()Ljava/lang/Runnable; @ 134
Event: 210.470 Thread 0x000000001afe6000 Uncommon trap: reason=class_check action=maybe_recompile pc=0x0000000003f5e0c4 method=java.util.concurrent.ThreadPoolExecutor.getTask()Ljava/lang/Runnable; @ 134
Event: 210.475 Thread 0x000000001d701800 Uncommon trap: reason=class_check action=maybe_recompile pc=0x00000000042ba638 method=com.sun.org.apache.xerces.internal.dom.NodeImpl.getUserData(Ljava/lang/String;)Ljava/lang/Object; @ 1
Event: 210.475 Thread 0x000000001d701800 Uncommon trap: reason=class_check action=maybe_recompile pc=0x00000000042ba638 method=com.sun.org.apache.xerces.internal.dom.NodeImpl.getUserData(Ljava/lang/String;)Ljava/lang/Object; @ 1
Event: 210.498 Thread 0x000000001afe6000 Uncommon trap: reason=class_check action=maybe_recompile pc=0x0000000003f5e0c4 method=java.util.concurrent.ThreadPoolExecutor.getTask()Ljava/lang/Runnable; @ 134
Event: 210.522 Thread 0x000000001afe6000 Uncommon trap: reason=class_check action=maybe_recompile pc=0x0000000003f5e0c4 method=java.util.concurrent.ThreadPoolExecutor.getTask()Ljava/lang/Runnable; @ 134
Event: 210.701 Thread 0x000000001d701800 Uncommon trap: reason=null_check action=make_not_entrant pc=0x000000000412816c method=com.android.ide.common.res2.NodeUtils.processSingleNodeNamespace(Lorg/w3c/dom/Node;Lorg/w3c/dom/Document;)Z @ 8

Classes redefined (0 events):
No events

Internal exceptions (10 events):
Event: 206.067 Thread 0x000000001d701800 Exception <a 'java/lang/NoSuchMethodError': <clinit>> (0x00000000e2611670) thrown at [D:\src\AOSP-openjdk-cygwin\jdk8u\hotspot\src\share\vm\prims\jni.cpp, line 1613]
Event: 206.067 Thread 0x000000001d701800 Exception <a 'java/lang/NoSuchMethodError': <clinit>> (0x00000000e26147b0) thrown at [D:\src\AOSP-openjdk-cygwin\jdk8u\hotspot\src\share\vm\prims\jni.cpp, line 1613]
Event: 206.069 Thread 0x000000001d701800 Exception <a 'java/lang/NoSuchMethodError': <clinit>> (0x00000000e2628b68) thrown at [D:\src\AOSP-openjdk-cygwin\jdk8u\hotspot\src\share\vm\prims\jni.cpp, line 1613]
Event: 206.070 Thread 0x000000001d701800 Exception <a 'java/lang/NoSuchMethodError': <clinit>> (0x00000000e2642a70) thrown at [D:\src\AOSP-openjdk-cygwin\jdk8u\hotspot\src\share\vm\prims\jni.cpp, line 1613]
Event: 206.071 Thread 0x000000001d701800 Exception <a 'java/lang/NoSuchMethodError': <clinit>> (0x00000000e2655a10) thrown at [D:\src\AOSP-openjdk-cygwin\jdk8u\hotspot\src\share\vm\prims\jni.cpp, line 1613]
Event: 206.420 Thread 0x0000000018bee000 Exception <a 'java/io/FileNotFoundException'> (0x00000000e3366410) thrown at [D:\src\AOSP-openjdk-cygwin\jdk8u\hotspot\src\share\vm\prims\jni.cpp, line 709]
Event: 206.508 Thread 0x0000000018bee000 Exception <a 'java/lang/ClassNotFoundException': sun/dc/DuctusRenderingEngine> (0x00000000e3af2da0) thrown at [D:\src\AOSP-openjdk-cygwin\jdk8u\hotspot\src\share\vm\classfile\systemDictionary.cpp, line 210]
Event: 206.558 Thread 0x0000000018bee000 Exception <a 'java/io/FileNotFoundException'> (0x00000000e3b07888) thrown at [D:\src\AOSP-openjdk-cygwin\jdk8u\hotspot\src\share\vm\prims\jni.cpp, line 709]
Event: 207.855 Thread 0x000000001d701800 Implicit null exception at 0x00000000043a1ba2 to 0x00000000043a209c
Event: 210.701 Thread 0x000000001d701800 Implicit null exception at 0x0000000004127e17 to 0x000000000412815d

Events (10 events):
Event: 210.507 Executing VM operation: RevokeBias
Event: 210.507 Executing VM operation: RevokeBias done
Event: 210.522 Thread 0x000000001afe6000 Uncommon trap: trap_request=0xffffffde fr.pc=0x0000000003f5e0c4
Event: 210.522 Thread 0x000000001afe6000 DEOPT PACKING pc=0x0000000003f5e0c4 sp=0x0000000026aaecf0
Event: 210.522 Thread 0x000000001afe6000 DEOPT UNPACKING pc=0x00000000023d557b sp=0x0000000026aaec60 mode 2
Event: 210.531 Executing VM operation: RevokeBias
Event: 210.531 Executing VM operation: RevokeBias done
Event: 210.701 Thread 0x000000001d701800 Uncommon trap: trap_request=0xfffffff4 fr.pc=0x000000000412816c
Event: 210.701 Thread 0x000000001d701800 DEOPT PACKING pc=0x000000000412816c sp=0x00000000255ad140
Event: 210.701 Thread 0x000000001d701800 DEOPT UNPACKING pc=0x00000000023d557b sp=0x00000000255ad0d0 mode 2


Dynamic libraries:
0x00007ff74aba0000 - 0x00007ff74abd1000 	C:\Program Files (x86)\Android\Android Studio\jre\bin\java.exe
0x00007fff893f0000 - 0x00007fff895d1000 	C:\WINDOWS\SYSTEM32\ntdll.dll
0x00007fff62e30000 - 0x00007fff62e44000 	C:\Program Files\AVAST Software\Avast\x64\aswhooka.dll
0x00007fff872c0000 - 0x00007fff87372000 	C:\WINDOWS\System32\KERNEL32.DLL
0x00007fff85870000 - 0x00007fff85ae3000 	C:\WINDOWS\System32\KERNELBASE.dll
0x00007fff86950000 - 0x00007fff869f1000 	C:\WINDOWS\System32\ADVAPI32.dll
0x00007fff86a00000 - 0x00007fff86a9e000 	C:\WINDOWS\System32\msvcrt.dll
0x00007fff86c70000 - 0x00007fff86ccb000 	C:\WINDOWS\System32\sechost.dll
0x00007fff89290000 - 0x00007fff893b4000 	C:\WINDOWS\System32\RPCRT4.dll
0x00007fff88820000 - 0x00007fff889b0000 	C:\WINDOWS\System32\USER32.dll
0x00007fff86860000 - 0x00007fff86880000 	C:\WINDOWS\System32\win32u.dll
0x00007fff891c0000 - 0x00007fff891e8000 	C:\WINDOWS\System32\GDI32.dll
0x00007fff85eb0000 - 0x00007fff86042000 	C:\WINDOWS\System32\gdi32full.dll
0x00007fff867c0000 - 0x00007fff8685f000 	C:\WINDOWS\System32\msvcp_win.dll
0x00007fff85db0000 - 0x00007fff85eaa000 	C:\WINDOWS\System32\ucrtbase.dll
0x00007fff717a0000 - 0x00007fff71a09000 	C:\WINDOWS\WinSxS\amd64_microsoft.windows.common-controls_6595b64144ccf1df_6.0.17134.407_none_fb449d63306391e9\COMCTL32.dll
0x00007fff88b40000 - 0x00007fff88e62000 	C:\WINDOWS\System32\combase.dll
0x00007fff85d30000 - 0x00007fff85daa000 	C:\WINDOWS\System32\bcryptPrimitives.dll
0x00007fff88b10000 - 0x00007fff88b3d000 	C:\WINDOWS\System32\IMM32.DLL
0x0000000066cf0000 - 0x0000000066dc2000 	C:\Program Files (x86)\Android\Android Studio\jre\jre\bin\msvcr100.dll
0x0000000066eb0000 - 0x00000000676ef000 	C:\Program Files (x86)\Android\Android Studio\jre\jre\bin\server\jvm.dll
0x00007fff86c60000 - 0x00007fff86c68000 	C:\WINDOWS\System32\PSAPI.DLL
0x00007fff735a0000 - 0x00007fff735a9000 	C:\WINDOWS\SYSTEM32\WSOCK32.dll
0x00007fff87250000 - 0x00007fff872bc000 	C:\WINDOWS\System32\WS2_32.dll
0x00007fff81fd0000 - 0x00007fff81ff3000 	C:\WINDOWS\SYSTEM32\WINMM.dll
0x00007fff78ea0000 - 0x00007fff78eaa000 	C:\WINDOWS\SYSTEM32\VERSION.dll
0x00007fff81fa0000 - 0x00007fff81fca000 	C:\WINDOWS\SYSTEM32\WINMMBASE.dll
0x00007fff85af0000 - 0x00007fff85b39000 	C:\WINDOWS\System32\cfgmgr32.dll
0x00007fff7f2f0000 - 0x00007fff7f2ff000 	C:\Program Files (x86)\Android\Android Studio\jre\jre\bin\verify.dll
0x00007fff7b930000 - 0x00007fff7b959000 	C:\Program Files (x86)\Android\Android Studio\jre\jre\bin\java.dll
0x00007fff7b830000 - 0x00007fff7b846000 	C:\Program Files (x86)\Android\Android Studio\jre\jre\bin\zip.dll
0x00007fff87380000 - 0x00007fff887bf000 	C:\WINDOWS\System32\SHELL32.dll
0x00007fff86cd0000 - 0x00007fff86d79000 	C:\WINDOWS\System32\shcore.dll
0x00007fff86050000 - 0x00007fff8675d000 	C:\WINDOWS\System32\windows.storage.dll
0x00007fff890e0000 - 0x00007fff89131000 	C:\WINDOWS\System32\shlwapi.dll
0x00007fff857a0000 - 0x00007fff857b1000 	C:\WINDOWS\System32\kernel.appcore.dll
0x00007fff85760000 - 0x00007fff8577f000 	C:\WINDOWS\System32\profapi.dll
0x00007fff85700000 - 0x00007fff8574c000 	C:\WINDOWS\System32\powrprof.dll
0x00007fff85750000 - 0x00007fff8575a000 	C:\WINDOWS\System32\FLTLIB.DLL
0x00007fff7dd60000 - 0x00007fff7dd7a000 	C:\Program Files (x86)\Android\Android Studio\jre\jre\bin\net.dll
0x00007fff84f20000 - 0x00007fff84f86000 	C:\WINDOWS\system32\mswsock.dll
0x00007fff7f1b0000 - 0x00007fff7f1c1000 	C:\Program Files (x86)\Android\Android Studio\jre\jre\bin\nio.dll
0x00007fff7b520000 - 0x00007fff7b53e000 	C:\Users\HP\.gradle\native\25\windows-amd64\native-platform.dll
0x00007fff7f1a0000 - 0x00007fff7f1ad000 	C:\Program Files (x86)\Android\Android Studio\jre\jre\bin\management.dll
0x00007fff850d0000 - 0x00007fff850e7000 	C:\WINDOWS\SYSTEM32\CRYPTSP.dll
0x00007fff84b00000 - 0x00007fff84b33000 	C:\WINDOWS\system32\rsaenh.dll
0x00007fff85200000 - 0x00007fff85225000 	C:\WINDOWS\SYSTEM32\bcrypt.dll
0x00007fff85630000 - 0x00007fff85658000 	C:\WINDOWS\SYSTEM32\USERENV.dll
0x00007fff850f0000 - 0x00007fff850fb000 	C:\WINDOWS\SYSTEM32\CRYPTBASE.dll
0x00007fff84ca0000 - 0x00007fff84cd8000 	C:\WINDOWS\SYSTEM32\IPHLPAPI.DLL
0x00007fff891a0000 - 0x00007fff891a8000 	C:\WINDOWS\System32\NSI.dll
0x00007fff7d3f0000 - 0x00007fff7d406000 	C:\WINDOWS\SYSTEM32\dhcpcsvc6.DLL
0x00007fff7ce50000 - 0x00007fff7ce6a000 	C:\WINDOWS\SYSTEM32\dhcpcsvc.DLL
0x00007fff7def0000 - 0x00007fff7df14000 	C:\Program Files (x86)\Android\Android Studio\jre\jre\bin\sunec.dll
0x00007fff84cf0000 - 0x00007fff84dae000 	C:\WINDOWS\SYSTEM32\DNSAPI.dll
0x00007fff768d0000 - 0x00007fff768da000 	C:\Windows\System32\rasadhlp.dll
0x00007fff75f20000 - 0x00007fff75f92000 	C:\WINDOWS\System32\fwpuclnt.dll
0x00007fff81e10000 - 0x00007fff81e1b000 	C:\Program Files (x86)\Android\Android Studio\jre\jre\bin\sunmscapi.dll
0x00007fff85b40000 - 0x00007fff85d22000 	C:\WINDOWS\System32\CRYPT32.dll
0x00007fff85780000 - 0x00007fff85792000 	C:\WINDOWS\System32\MSASN1.dll
0x00007fff63170000 - 0x00007fff63306000 	C:\Program Files (x86)\Android\Android Studio\jre\jre\bin\awt.dll
0x00007fff86880000 - 0x00007fff86942000 	C:\WINDOWS\System32\OLEAUT32.dll
0x00007fff82800000 - 0x00007fff82dc7000 	C:\WINDOWS\SYSTEM32\d2d1.dll
0x00007fff834b0000 - 0x00007fff8353b000 	C:\WINDOWS\SYSTEM32\apphelp.dll
0x00007fff838c0000 - 0x00007fff838e9000 	C:\WINDOWS\system32\DWMAPI.DLL
0x00007fff83630000 - 0x00007fff836c8000 	C:\WINDOWS\system32\uxtheme.dll

VM Arguments:
jvm_args: -Xmx1536m -Dfile.encoding=windows-1252 -Duser.country=US -Duser.language=en -Duser.variant 
java_command: org.gradle.launcher.daemon.bootstrap.GradleDaemon 4.4
java_class_path (initial): C:\Users\HP\.gradle\wrapper\dists\gradle-4.4-all\9br9xq1tocpiv8o6njlyu5op1\gradle-4.4\lib\gradle-launcher-4.4.jar
Launcher Type: SUN_STANDARD

Environment Variables:
PATH=C:\Program Files (x86)\Common Files\Oracle\Java\javapath;C:\Program Files (x86)\Common Files\ArcSoft\Bin;C:\Program Files (x86)\Intel\iCLS Client\;C:\Program Files\Intel\iCLS Client\;C:\WINDOWS\system32;C:\WINDOWS;C:\WINDOWS\System32\Wbem;C:\WINDOWS\System32\WindowsPowerShell\v1.0\;C:\Program Files (x86)\Intel\Intel(R) Management Engine Components\DAL;C:\Program Files\Intel\Intel(R) Management Engine Components\DAL;C:\Program Files (x86)\Intel\Intel(R) Management Engine Components\IPT;C:\Program Files\Intel\Intel(R) Management Engine Components\IPT;c:\Program Files\Intel\WiFi\bin\;c:\Program Files\Common Files\Intel\WirelessCommon\;C:\Program Files (x86)\GtkSharp\2.12\bin;C:\WINDOWS\System32\OpenSSH\;C:\Users\HP\AppData\Local\Android\Sdk;C:\Program Files (x86)\Java\jdk1.6.0_18\bin;%USERPROFILE%\AppData\Local\Microsoft\WindowsApps;
USERNAME=HP
OS=Windows_NT
PROCESSOR_IDENTIFIER=Intel64 Family 6 Model 61 Stepping 4, GenuineIntel



---------------  S Y S T E M  ---------------

OS: Windows 10.0 , 64 bit Build 17134 (10.0.17134.1)

CPU:total 4 (initial active 4) (2 cores per cpu, 2 threads per core) family 6 model 61 stepping 4, cmov, cx8, fxsr, mmx, sse, sse2, sse3, ssse3, sse4.1, sse4.2, popcnt, avx, avx2, aes, clmul, erms, 3dnowpref, lzcnt, ht, tsc, tscinvbit, bmi1, bmi2, adx

Memory: 4k page, physical 4082796k(357020k free), swap 4082796k(3604k free)

vm_info: OpenJDK 64-Bit Server VM (25.152-b02) for windows-amd64 JRE (1.8.0_152-release-1024-b02), built by "builder" with MS VC++ 10.0 (VS2010)

time: Tue Dec 25 14:51:13 2018
elapsed time: 210 seconds (0d 0h 3m 30s)

