#
# There is insufficient memory for the Java Runtime Environment to continue.
# Native memory allocation (malloc) failed to allocate 32744 bytes for ChunkPool::allocate
# Possible reasons:
#   The system is out of physical RAM or swap space
#   In 32 bit mode, the process size limit was hit
# Possible solutions:
#   Reduce memory load on the system
#   Increase physical memory or swap space
#   Check if swap backing store is full
#   Use 64 bit Java on a 64 bit OS
#   Decrease Java heap size (-Xmx/-Xms)
#   Decrease number of Java threads
#   Decrease Java thread stack sizes (-Xss)
#   Set larger code cache with -XX:ReservedCodeCacheSize=
# This output file may be truncated or incomplete.
#
#  Out of Memory Error (allocation.cpp:273), pid=4280, tid=0x00000000000006c0
#
# JRE version: OpenJDK Runtime Environment (8.0_152-b02) (build 1.8.0_152-release-1024-b02)
# Java VM: OpenJDK 64-Bit Server VM (25.152-b02 mixed mode windows-amd64 compressed oops)
# Failed to write core dump. Minidumps are not enabled by default on client versions of Windows
#

---------------  T H R E A D  ---------------

Current thread (0x00000000199c3000):  JavaThread "Daemon worker" [_thread_in_vm, id=1728, stack(0x000000001af10000,0x000000001b010000)]

Stack: [0x000000001af10000,0x000000001b010000]
[error occurred during error reporting (printing stack bounds), id 0xc0000005]

Native frames: (J=compiled Java code, j=interpreted, Vv=VM code, C=native code)

Java frames: (J=compiled Java code, j=interpreted, Vv=VM code)
J 369  java.lang.Throwable.fillInStackTrace(I)Ljava/lang/Throwable; (0 bytes) @ 0x00000000032c7fbb [0x00000000032c7f80+0x3b]
J 370 C1 java.lang.Throwable.<init>(Ljava/lang/String;Ljava/lang/Throwable;)V (39 bytes) @ 0x00000000032cc4a4 [0x00000000032cc160+0x344]
J 300 C1 java.lang.ReflectiveOperationException.<init>(Ljava/lang/String;Ljava/lang/Throwable;)V (7 bytes) @ 0x00000000032a6804 [0x00000000032a6740+0xc4]
J 1387 C2 java.net.URLClassLoader.findClass(Ljava/lang/String;)Ljava/lang/Class; (47 bytes) @ 0x00000000035aa76c [0x00000000035aa660+0x10c]
J 1352 C2 java.lang.ClassLoader.loadClass(Ljava/lang/String;Z)Ljava/lang/Class; (122 bytes) @ 0x000000000359c2c4 [0x000000000359b2c0+0x1004]
J 1352 C2 java.lang.ClassLoader.loadClass(Ljava/lang/String;Z)Ljava/lang/Class; (122 bytes) @ 0x000000000359bed8 [0x000000000359b2c0+0xc18]
J 293 C1 java.lang.ClassLoader.loadClass(Ljava/lang/String;)Ljava/lang/Class; (7 bytes) @ 0x00000000032a408c [0x00000000032a3f80+0x10c]
v  ~StubRoutines::call_stub
j  org.gradle.cache.internal.DefaultCacheAccess.newCache(Lorg/gradle/cache/PersistentIndexedCacheParameters;)Lorg/gradle/cache/MultiProcessSafePersistentIndexedCache;+108
j  org.gradle.cache.internal.DefaultCacheAccess.newCache(Lorg/gradle/cache/PersistentIndexedCacheParameters;)Lorg/gradle/cache/PersistentIndexedCache;+2
j  org.gradle.cache.internal.DefaultPersistentDirectoryStore.createCache(Lorg/gradle/cache/PersistentIndexedCacheParameters;)Lorg/gradle/cache/PersistentIndexedCache;+5
j  org.gradle.cache.internal.DefaultCacheFactory$ReferenceTrackingCache.createCache(Lorg/gradle/cache/PersistentIndexedCacheParameters;)Lorg/gradle/cache/PersistentIndexedCache;+8
j  org.gradle.api.internal.changedetection.state.CrossBuildFileHashCache.createCache(Ljava/lang/String;Ljava/lang/Class;Lorg/gradle/internal/serialize/Serializer;IZ)Lorg/gradle/cache/PersistentIndexedCache;+32
j  org.gradle.api.internal.changedetection.state.CachingFileHasher.<init>(Lorg/gradle/internal/hash/FileHasher;Lorg/gradle/api/internal/changedetection/state/TaskHistoryStore;Lorg/gradle/api/internal/cache/StringInterner;Lorg/gradle/api/internal/changedetection/state/FileTimeStampInspector;Ljava/lang/String;Lorg/gradle/internal/nativeintegration/filesystem/FileSystem;)V+33
j  org.gradle.internal.service.scopes.GradleUserHomeScopeServices.createCachingFileHasher(Lorg/gradle/api/internal/cache/StringInterner;Lorg/gradle/api/internal/changedetection/state/CrossBuildFileHashCache;Lorg/gradle/internal/nativeintegration/filesystem/FileSystem;Lorg/gradle/api/internal/changedetection/state/GlobalScopeFileTimeStampInspector;Lorg/gradle/internal/hash/StreamHasher;)Lorg/gradle/internal/hash/FileHasher;+20
v  ~StubRoutines::call_stub
j  sun.reflect.NativeMethodAccessorImpl.invoke0(Ljava/lang/reflect/Method;Ljava/lang/Object;[Ljava/lang/Object;)Ljava/lang/Object;+0
j  sun.reflect.NativeMethodAccessorImpl.invoke(Ljava/lang/Object;[Ljava/lang/Object;)Ljava/lang/Object;+100
J 1059 C1 sun.reflect.DelegatingMethodAccessorImpl.invoke(Ljava/lang/Object;[Ljava/lang/Object;)Ljava/lang/Object; (10 bytes) @ 0x00000000034c8fc4 [0x00000000034c8ec0+0x104]
J 1058 C1 java.lang.reflect.Method.invoke(Ljava/lang/Object;[Ljava/lang/Object;)Ljava/lang/Object; (62 bytes) @ 0x00000000034c976c [0x00000000034c9380+0x3ec]
j  org.gradle.internal.reflect.JavaMethod.invoke(Ljava/lang/Object;[Ljava/lang/Object;)Ljava/lang/Object;+6
j  org.gradle.internal.service.ReflectionBasedServiceMethod.invoke(Ljava/lang/Object;[Ljava/lang/Object;)Ljava/lang/Object;+6
j  org.gradle.internal.service.DefaultServiceRegistry$FactoryMethodService.invokeMethod([Ljava/lang/Object;)Ljava/lang/Object;+9
j  org.gradle.internal.service.DefaultServiceRegistry$FactoryService.create()Ljava/lang/Object;+7
j  org.gradle.internal.service.DefaultServiceRegistry$ManagedObjectProvider.getInstance()Ljava/lang/Object;+9
j  org.gradle.internal.service.DefaultServiceRegistry$SingletonService.get()Ljava/lang/Object;+1
j  org.gradle.internal.service.DefaultServiceRegistry$FactoryService.assembleParameters()[Ljava/lang/Object;+44
j  org.gradle.internal.service.DefaultServiceRegistry$FactoryService.create()Ljava/lang/Object;+1
j  org.gradle.internal.service.DefaultServiceRegistry$ManagedObjectProvider.getInstance()Ljava/lang/Object;+9
j  org.gradle.internal.service.DefaultServiceRegistry$SingletonService.get()Ljava/lang/Object;+1
j  org.gradle.internal.service.DefaultServiceRegistry$FactoryService.assembleParameters()[Ljava/lang/Object;+44
j  org.gradle.internal.service.DefaultServiceRegistry$FactoryService.create()Ljava/lang/Object;+1
j  org.gradle.internal.service.DefaultServiceRegistry$ManagedObjectProvider.getInstance()Ljava/lang/Object;+9
j  org.gradle.internal.service.DefaultServiceRegistry$SingletonService.get()Ljava/lang/Object;+1
j  org.gradle.internal.service.DefaultServiceRegistry$FactoryService.assembleParameters()[Ljava/lang/Object;+44
j  org.gradle.internal.service.DefaultServiceRegistry$FactoryService.create()Ljava/lang/Object;+1
j  org.gradle.internal.service.DefaultServiceRegistry$ManagedObjectProvider.getInstance()Ljava/lang/Object;+9
j  org.gradle.internal.service.DefaultServiceRegistry$SingletonService.get()Ljava/lang/Object;+1
j  org.gradle.internal.service.DefaultServiceRegistry$FactoryService.assembleParameters()[Ljava/lang/Object;+44
j  org.gradle.internal.service.DefaultServiceRegistry$FactoryService.create()Ljava/lang/Object;+1
j  org.gradle.internal.service.DefaultServiceRegistry$ManagedObjectProvider.getInstance()Ljava/lang/Object;+9
j  org.gradle.internal.service.DefaultServiceRegistry$SingletonService.get()Ljava/lang/Object;+1
j  org.gradle.internal.service.DefaultServiceRegistry.doGet(Ljava/lang/reflect/Type;)Ljava/lang/Object;+87
j  org.gradle.internal.service.DefaultServiceRegistry.get(Ljava/lang/reflect/Type;)Ljava/lang/Object;+2
j  org.gradle.internal.service.DefaultServiceRegistry$ParentServices.getService(Lorg/gradle/internal/service/DefaultServiceRegistry$LookupContext;Lorg/gradle/internal/service/DefaultServiceRegistry$TypeSpec;)Lorg/gradle/internal/service/DefaultServiceRegistry$ServiceProvider;+10
j  org.gradle.internal.service.DefaultServiceRegistry$CachingProvider.getService(Lorg/gradle/internal/service/DefaultServiceRegistry$LookupContext;Lorg/gradle/internal/service/DefaultServiceRegistry$TypeSpec;)Lorg/gradle/internal/service/DefaultServiceRegistry$ServiceProvider;+37
j  org.gradle.internal.service.DefaultServiceRegistry$CompositeProvider.getService(Lorg/gradle/internal/service/DefaultServiceRegistry$LookupContext;Lorg/gradle/internal/service/DefaultServiceRegistry$TypeSpec;)Lorg/gradle/internal/service/DefaultServiceRegistry$ServiceProvider;+48
j  org.gradle.internal.service.DefaultServiceRegistry$DefaultLookupContext$4.apply(Lorg/gradle/internal/service/DefaultServiceRegistry$LookupContext;Lorg/gradle/internal/service/DefaultServiceRegistry$Provider;)Lorg/gradle/internal/service/DefaultServiceRegistry$ServiceProvider;+6
j  org.gradle.internal.service.DefaultServiceRegistry$DefaultLookupContext$4.apply(Ljava/lang/Object;Ljava/lang/Object;)Ljava/lang/Object;+9
j  org.gradle.internal.service.DefaultServiceRegistry$DefaultLookupContext.getServiceProvider(Ljava/lang/reflect/Type;Lorg/gradle/internal/service/DefaultServiceRegistry$Provider;)Lorg/gradle/internal/service/DefaultServiceRegistry$ServiceProvider;+36
j  org.gradle.internal.service.DefaultServiceRegistry$DefaultLookupContext.find(Ljava/lang/reflect/Type;Lorg/gradle/internal/service/DefaultServiceRegistry$Provider;)Lorg/gradle/internal/service/DefaultServiceRegistry$ServiceProvider;+40
j  org.gradle.internal.service.DefaultServiceRegistry.getServiceProvider(Ljava/lang/reflect/Type;)Lorg/gradle/internal/service/DefaultServiceRegistry$ServiceProvider;+29
j  org.gradle.internal.service.DefaultServiceRegistry.doGet(Ljava/lang/reflect/Type;)Ljava/lang/Object;+70
j  org.gradle.internal.service.DefaultServiceRegistry.get(Ljava/lang/reflect/Type;)Ljava/lang/Object;+2
j  org.gradle.internal.service.DefaultServiceRegistry$ParentServices.getService(Lorg/gradle/internal/service/DefaultServiceRegistry$LookupContext;Lorg/gradle/internal/service/DefaultServiceRegistry$TypeSpec;)Lorg/gradle/internal/service/DefaultServiceRegistry$ServiceProvider;+10
j  org.gradle.internal.service.DefaultServiceRegistry$CachingProvider.getService(Lorg/gradle/internal/service/DefaultServiceRegistry$LookupContext;Lorg/gradle/internal/service/DefaultServiceRegistry$TypeSpec;)Lorg/gradle/internal/service/DefaultServiceRegistry$ServiceProvider;+37
j  org.gradle.internal.service.DefaultServiceRegistry$CompositeProvider.getService(Lorg/gradle/internal/service/DefaultServiceRegistry$LookupContext;Lorg/gradle/internal/service/DefaultServiceRegistry$TypeSpec;)Lorg/gradle/internal/service/DefaultServiceRegistry$ServiceProvider;+48
j  org.gradle.internal.service.DefaultServiceRegistry$DefaultLookupContext$4.apply(Lorg/gradle/internal/service/DefaultServiceRegistry$LookupContext;Lorg/gradle/internal/service/DefaultServiceRegistry$Provider;)Lorg/gradle/internal/service/DefaultServiceRegistry$ServiceProvider;+6
j  org.gradle.internal.service.DefaultServiceRegistry$DefaultLookupContext$4.apply(Ljava/lang/Object;Ljava/lang/Object;)Ljava/lang/Object;+9
j  org.gradle.internal.service.DefaultServiceRegistry$DefaultLookupContext.getServiceProvider(Ljava/lang/reflect/Type;Lorg/gradle/internal/service/DefaultServiceRegistry$Provider;)Lorg/gradle/internal/service/DefaultServiceRegistry$ServiceProvider;+36
j  org.gradle.internal.service.DefaultServiceRegistry$DefaultLookupContext.find(Ljava/lang/reflect/Type;Lorg/gradle/internal/service/DefaultServiceRegistry$Provider;)Lorg/gradle/internal/service/DefaultServiceRegistry$ServiceProvider;+40
j  org.gradle.internal.service.DefaultServiceRegistry.getServiceProvider(Ljava/lang/reflect/Type;)Lorg/gradle/internal/service/DefaultServiceRegistry$ServiceProvider;+29
j  org.gradle.internal.service.DefaultServiceRegistry.doGet(Ljava/lang/reflect/Type;)Ljava/lang/Object;+70
j  org.gradle.internal.service.DefaultServiceRegistry.get(Ljava/lang/reflect/Type;)Ljava/lang/Object;+2
j  org.gradle.internal.service.DefaultServiceRegistry$ParentServices.getService(Lorg/gradle/internal/service/DefaultServiceRegistry$LookupContext;Lorg/gradle/internal/service/DefaultServiceRegistry$TypeSpec;)Lorg/gradle/internal/service/DefaultServiceRegistry$ServiceProvider;+10
j  org.gradle.internal.service.DefaultServiceRegistry$CachingProvider.getService(Lorg/gradle/internal/service/DefaultServiceRegistry$LookupContext;Lorg/gradle/internal/service/DefaultServiceRegistry$TypeSpec;)Lorg/gradle/internal/service/DefaultServiceRegistry$ServiceProvider;+37
j  org.gradle.internal.service.DefaultServiceRegistry$CompositeProvider.getService(Lorg/gradle/internal/service/DefaultServiceRegistry$LookupContext;Lorg/gradle/internal/service/DefaultServiceRegistry$TypeSpec;)Lorg/gradle/internal/service/DefaultServiceRegistry$ServiceProvider;+48
j  org.gradle.internal.service.DefaultServiceRegistry$DefaultLookupContext$4.apply(Lorg/gradle/internal/service/DefaultServiceRegistry$LookupContext;Lorg/gradle/internal/service/DefaultServiceRegistry$Provider;)Lorg/gradle/internal/service/DefaultServiceRegistry$ServiceProvider;+6
j  org.gradle.internal.service.DefaultServiceRegistry$DefaultLookupContext$4.apply(Ljava/lang/Object;Ljava/lang/Object;)Ljava/lang/Object;+9
j  org.gradle.internal.service.DefaultServiceRegistry$DefaultLookupContext.getServiceProvider(Ljava/lang/reflect/Type;Lorg/gradle/internal/service/DefaultServiceRegistry$Provider;)Lorg/gradle/internal/service/DefaultServiceRegistry$ServiceProvider;+36
j  org.gradle.internal.service.DefaultServiceRegistry$DefaultLookupContext.find(Ljava/lang/reflect/Type;Lorg/gradle/internal/service/DefaultServiceRegistry$Provider;)Lorg/gradle/internal/service/DefaultServiceRegistry$ServiceProvider;+40
j  org.gradle.internal.service.DefaultServiceRegistry$FactoryService.bind(Lorg/gradle/internal/service/DefaultServiceRegistry$LookupContext;)V+77
j  org.gradle.internal.service.DefaultServiceRegistry$SingletonService.prepare(Lorg/gradle/internal/service/DefaultServiceRegistry$LookupContext;)Lorg/gradle/internal/service/DefaultServiceRegistry$ServiceProvider;+9
J 1381 C2 org.gradle.internal.service.DefaultServiceRegistry$SingletonService.getService(Lorg/gradle/internal/service/DefaultServiceRegistry$LookupContext;Lorg/gradle/internal/service/DefaultServiceRegistry$TypeSpec;)Lorg/gradle/internal/service/DefaultServiceRegistry$ServiceProvider; (21 bytes) @ 0x0000000003598340 [0x0000000003598100+0x240]
j  org.gradle.internal.service.DefaultServiceRegistry$OwnServices.getService(Lorg/gradle/internal/service/DefaultServiceRegistry$LookupContext;Lorg/gradle/internal/service/DefaultServiceRegistry$TypeSpec;)Lorg/gradle/internal/service/DefaultServiceRegistry$ServiceProvider;+60
j  org.gradle.internal.service.DefaultServiceRegistry$CachingProvider.getService(Lorg/gradle/internal/service/DefaultServiceRegistry$LookupContext;Lorg/gradle/internal/service/DefaultServiceRegistry$TypeSpec;)Lorg/gradle/internal/service/DefaultServiceRegistry$ServiceProvider;+37
j  org.gradle.internal.service.DefaultServiceRegistry$CompositeProvider.getService(Lorg/gradle/internal/service/DefaultServiceRegistry$LookupContext;Lorg/gradle/internal/service/DefaultServiceRegistry$TypeSpec;)Lorg/gradle/internal/service/DefaultServiceRegistry$ServiceProvider;+48
j  org.gradle.internal.service.DefaultServiceRegistry$DefaultLookupContext$4.apply(Lorg/gradle/internal/service/DefaultServiceRegistry$LookupContext;Lorg/gradle/internal/service/DefaultServiceRegistry$Provider;)Lorg/gradle/internal/service/DefaultServiceRegistry$ServiceProvider;+6
j  org.gradle.internal.service.DefaultServiceRegistry$DefaultLookupContext$4.apply(Ljava/lang/Object;Ljava/lang/Object;)Ljava/lang/Object;+9
j  org.gradle.internal.service.DefaultServiceRegistry$DefaultLookupContext.getServiceProvider(Ljava/lang/reflect/Type;Lorg/gradle/internal/service/DefaultServiceRegistry$Provider;)Lorg/gradle/internal/service/DefaultServiceRegistry$ServiceProvider;+36
j  org.gradle.internal.service.DefaultServiceRegistry$DefaultLookupContext.find(Ljava/lang/reflect/Type;Lorg/gradle/internal/service/DefaultServiceRegistry$Provider;)Lorg/gradle/internal/service/DefaultServiceRegistry$ServiceProvider;+40
j  org.gradle.internal.service.DefaultServiceRegistry$FactoryService.bind(Lorg/gradle/internal/service/DefaultServiceRegistry$LookupContext;)V+77
J 798 C1 org.gradle.internal.service.DefaultServiceRegistry$SingletonService.getService(Lorg/gradle/internal/service/DefaultServiceRegistry$LookupContext;Lorg/gradle/internal/service/DefaultServiceRegistry$TypeSpec;)Lorg/gradle/internal/service/DefaultServiceRegistry$ServiceProvider; (21 bytes) @ 0x000000000343cde4 [0x000000000343cb60+0x284]
j  org.gradle.internal.service.DefaultServiceRegistry$OwnServices.getService(Lorg/gradle/internal/service/DefaultServiceRegistry$LookupContext;Lorg/gradle/internal/service/DefaultServiceRegistry$TypeSpec;)Lorg/gradle/internal/service/DefaultServiceRegistry$ServiceProvider;+60
j  org.gradle.internal.service.DefaultServiceRegistry$CachingProvider.getService(Lorg/gradle/internal/service/DefaultServiceRegistry$LookupContext;Lorg/gradle/internal/service/DefaultServiceRegistry$TypeSpec;)Lorg/gradle/internal/service/DefaultServiceRegistry$ServiceProvider;+37
j  org.gradle.internal.service.DefaultServiceRegistry$CompositeProvider.getService(Lorg/gradle/internal/service/DefaultServiceRegistry$LookupContext;Lorg/gradle/internal/service/DefaultServiceRegistry$TypeSpec;)Lorg/gradle/internal/service/DefaultServiceRegistry$ServiceProvider;+48
j  org.gradle.internal.service.DefaultServiceRegistry$DefaultLookupContext$4.apply(Lorg/gradle/internal/service/DefaultServiceRegistry$LookupContext;Lorg/gradle/internal/service/DefaultServiceRegistry$Provider;)Lorg/gradle/internal/service/DefaultServiceRegistry$ServiceProvider;+6
j  org.gradle.internal.service.DefaultServiceRegistry$DefaultLookupContext$4.apply(Ljava/lang/Object;Ljava/lang/Object;)Ljava/lang/Object;+9
j  org.gradle.internal.service.DefaultServiceRegistry$DefaultLookupContext.getServiceProvider(Ljava/lang/reflect/Type;Lorg/gradle/internal/service/DefaultServiceRegistry$Provider;)Lorg/gradle/internal/service/DefaultServiceRegistry$ServiceProvider;+36
j  org.gradle.internal.service.DefaultServiceRegistry$DefaultLookupContext.find(Ljava/lang/reflect/Type;Lorg/gradle/internal/service/DefaultServiceRegistry$Provider;)Lorg/gradle/internal/service/DefaultServiceRegistry$ServiceProvider;+40
j  org.gradle.internal.service.DefaultServiceRegistry.getServiceProvider(Ljava/lang/reflect/Type;)Lorg/gradle/internal/service/DefaultServiceRegistry$ServiceProvider;+29
j  org.gradle.internal.service.DefaultServiceRegistry.doGet(Ljava/lang/reflect/Type;)Ljava/lang/Object;+70
j  org.gradle.internal.service.DefaultServiceRegistry.get(Ljava/lang/Class;)Ljava/lang/Object;+3
j  org.gradle.initialization.DefaultGradleLauncherFactory.doNewInstance(Lorg/gradle/StartParameter;Lorg/gradle/initialization/GradleLauncher;Lorg/gradle/initialization/BuildCancellationToken;Lorg/gradle/initialization/BuildRequestMetaData;Lorg/gradle/initialization/BuildEventConsumer;Lorg/gradle/internal/service/scopes/BuildTreeScopeServices;Ljava/util/List;)Lorg/gradle/initialization/DefaultGradleLauncher;+373
j  org.gradle.initialization.DefaultGradleLauncherFactory.newInstance(Lorg/gradle/StartParameter;Lorg/gradle/initialization/BuildRequestContext;Lorg/gradle/internal/service/ServiceRegistry;)Lorg/gradle/initialization/GradleLauncher;+69
j  org.gradle.launcher.exec.InProcessBuildActionExecuter.execute(Lorg/gradle/internal/invocation/BuildAction;Lorg/gradle/initialization/BuildRequestContext;Lorg/gradle/launcher/exec/BuildActionParameters;Lorg/gradle/internal/service/ServiceRegistry;)Ljava/lang/Object;+13
j  org.gradle.launcher.exec.InProcessBuildActionExecuter.execute(Lorg/gradle/internal/invocation/BuildAction;Lorg/gradle/initialization/BuildRequestContext;Ljava/lang/Object;Lorg/gradle/internal/service/ServiceRegistry;)Ljava/lang/Object;+9
j  org.gradle.launcher.exec.BuildTreeScopeBuildActionExecuter.execute(Lorg/gradle/internal/invocation/BuildAction;Lorg/gradle/initialization/BuildRequestContext;Lorg/gradle/launcher/exec/BuildActionParameters;Lorg/gradle/internal/service/ServiceRegistry;)Ljava/lang/Object;+41
j  org.gradle.launcher.exec.BuildTreeScopeBuildActionExecuter.execute(Lorg/gradle/internal/invocation/BuildAction;Lorg/gradle/initialization/BuildRequestContext;Ljava/lang/Object;Lorg/gradle/internal/service/ServiceRegistry;)Ljava/lang/Object;+9
j  org.gradle.tooling.internal.provider.ContinuousBuildActionExecuter.execute(Lorg/gradle/internal/invocation/BuildAction;Lorg/gradle/initialization/BuildRequestContext;Lorg/gradle/launcher/exec/BuildActionParameters;Lorg/gradle/internal/service/ServiceRegistry;)Ljava/lang/Object;+63
j  org.gradle.tooling.internal.provider.ContinuousBuildActionExecuter.execute(Lorg/gradle/internal/invocation/BuildAction;Lorg/gradle/initialization/BuildRequestContext;Ljava/lang/Object;Lorg/gradle/internal/service/ServiceRegistry;)Ljava/lang/Object;+9
j  org.gradle.tooling.internal.provider.ServicesSetupBuildActionExecuter.execute(Lorg/gradle/internal/invocation/BuildAction;Lorg/gradle/initialization/BuildRequestContext;Lorg/gradle/launcher/exec/BuildActionParameters;Lorg/gradle/internal/service/ServiceRegistry;)Ljava/lang/Object;+86
j  org.gradle.tooling.internal.provider.ServicesSetupBuildActionExecuter.execute(Lorg/gradle/internal/invocation/BuildAction;Lorg/gradle/initialization/BuildRequestContext;Ljava/lang/Object;Lorg/gradle/internal/service/ServiceRegistry;)Ljava/lang/Object;+9
j  org.gradle.tooling.internal.provider.GradleThreadBuildActionExecuter.execute(Lorg/gradle/internal/invocation/BuildAction;Lorg/gradle/initialization/BuildRequestContext;Lorg/gradle/launcher/exec/BuildActionParameters;Lorg/gradle/internal/service/ServiceRegistry;)Ljava/lang/Object;+12
j  org.gradle.tooling.internal.provider.GradleThreadBuildActionExecuter.execute(Lorg/gradle/internal/invocation/BuildAction;Lorg/gradle/initialization/BuildRequestContext;Ljava/lang/Object;Lorg/gradle/internal/service/ServiceRegistry;)Ljava/lang/Object;+9
j  org.gradle.tooling.internal.provider.ParallelismConfigurationBuildActionExecuter.execute(Lorg/gradle/internal/invocation/BuildAction;Lorg/gradle/initialization/BuildRequestContext;Lorg/gradle/launcher/exec/BuildActionParameters;Lorg/gradle/internal/service/ServiceRegistry;)Ljava/lang/Object;+43
j  org.gradle.tooling.internal.provider.ParallelismConfigurationBuildActionExecuter.execute(Lorg/gradle/internal/invocation/BuildAction;Lorg/gradle/initialization/BuildRequestContext;Ljava/lang/Object;Lorg/gradle/internal/service/ServiceRegistry;)Ljava/lang/Object;+9
j  org.gradle.tooling.internal.provider.StartParamsValidatingActionExecuter.execute(Lorg/gradle/internal/invocation/BuildAction;Lorg/gradle/initialization/BuildRequestContext;Lorg/gradle/launcher/exec/BuildActionParameters;Lorg/gradle/internal/service/ServiceRegistry;)Ljava/lang/Object;+279
j  org.gradle.tooling.internal.provider.StartParamsValidatingActionExecuter.execute(Lorg/gradle/internal/invocation/BuildAction;Lorg/gradle/initialization/BuildRequestContext;Ljava/lang/Object;Lorg/gradle/internal/service/ServiceRegistry;)Ljava/lang/Object;+9
j  org.gradle.tooling.internal.provider.SessionFailureReportingActionExecuter.execute(Lorg/gradle/internal/invocation/BuildAction;Lorg/gradle/initialization/BuildRequestContext;Lorg/gradle/launcher/exec/BuildActionParameters;Lorg/gradle/internal/service/ServiceRegistry;)Ljava/lang/Object;+9
j  org.gradle.tooling.internal.provider.SessionFailureReportingActionExecuter.execute(Lorg/gradle/internal/invocation/BuildAction;Lorg/gradle/initialization/BuildRequestContext;Ljava/lang/Object;Lorg/gradle/internal/service/ServiceRegistry;)Ljava/lang/Object;+9
j  org.gradle.tooling.internal.provider.SetupLoggingActionExecuter.execute(Lorg/gradle/internal/invocation/BuildAction;Lorg/gradle/initialization/BuildRequestContext;Lorg/gradle/launcher/exec/BuildActionParameters;Lorg/gradle/internal/service/ServiceRegistry;)Ljava/lang/Object;+42
j  org.gradle.tooling.internal.provider.SetupLoggingActionExecuter.execute(Lorg/gradle/internal/invocation/BuildAction;Lorg/gradle/initialization/BuildRequestContext;Ljava/lang/Object;Lorg/gradle/internal/service/ServiceRegistry;)Ljava/lang/Object;+9
j  org.gradle.launcher.daemon.server.exec.ExecuteBuild.doBuild(Lorg/gradle/launcher/daemon/server/api/DaemonCommandExecution;Lorg/gradle/launcher/daemon/protocol/Build;)V+114
j  org.gradle.launcher.daemon.server.exec.BuildCommandOnly.execute(Lorg/gradle/launcher/daemon/server/api/DaemonCommandExecution;)V+49
j  org.gradle.launcher.daemon.server.api.DaemonCommandExecution.proceed()Z+28
j  org.gradle.launcher.daemon.server.exec.WatchForDisconnection.execute(Lorg/gradle/launcher/daemon/server/api/DaemonCommandExecution;)V+19
j  org.gradle.launcher.daemon.server.api.DaemonCommandExecution.proceed()Z+28
j  org.gradle.launcher.daemon.server.exec.ResetDeprecationLogger.execute(Lorg/gradle/launcher/daemon/server/api/DaemonCommandExecution;)V+4
j  org.gradle.launcher.daemon.server.api.DaemonCommandExecution.proceed()Z+28
j  org.gradle.launcher.daemon.server.exec.RequestStopIfSingleUsedDaemon.execute(Lorg/gradle/launcher/daemon/server/api/DaemonCommandExecution;)V+33
j  org.gradle.launcher.daemon.server.api.DaemonCommandExecution.proceed()Z+28
j  org.gradle.launcher.daemon.server.exec.ForwardClientInput$2.call()Ljava/lang/Void;+4
j  org.gradle.launcher.daemon.server.exec.ForwardClientInput$2.call()Ljava/lang/Object;+1
j  org.gradle.util.Swapper.swap(Ljava/lang/Object;Ljava/util/concurrent/Callable;)Ljava/lang/Object;+21
j  org.gradle.launcher.daemon.server.exec.ForwardClientInput.execute(Lorg/gradle/launcher/daemon/server/api/DaemonCommandExecution;)V+63
j  org.gradle.launcher.daemon.server.api.DaemonCommandExecution.proceed()Z+28
j  org.gradle.launcher.daemon.server.exec.LogAndCheckHealth.execute(Lorg/gradle/launcher/daemon/server/api/DaemonCommandExecution;)V+28
j  org.gradle.launcher.daemon.server.api.DaemonCommandExecution.proceed()Z+28
j  org.gradle.launcher.daemon.server.exec.LogToClient.doBuild(Lorg/gradle/launcher/daemon/server/api/DaemonCommandExecution;Lorg/gradle/launcher/daemon/protocol/Build;)V+87
j  org.gradle.launcher.daemon.server.exec.BuildCommandOnly.execute(Lorg/gradle/launcher/daemon/server/api/DaemonCommandExecution;)V+49
j  org.gradle.launcher.daemon.server.api.DaemonCommandExecution.proceed()Z+28
j  org.gradle.launcher.daemon.server.exec.EstablishBuildEnvironment.doBuild(Lorg/gradle/launcher/daemon/server/api/DaemonCommandExecution;Lorg/gradle/launcher/daemon/protocol/Build;)V+365
j  org.gradle.launcher.daemon.server.exec.BuildCommandOnly.execute(Lorg/gradle/launcher/daemon/server/api/DaemonCommandExecution;)V+49
j  org.gradle.launcher.daemon.server.api.DaemonCommandExecution.proceed()Z+28
j  org.gradle.launcher.daemon.server.exec.StartBuildOrRespondWithBusy$1.run()V+44
j  org.gradle.launcher.daemon.server.DaemonStateCoordinator$1.run()V+4
j  org.gradle.internal.concurrent.ExecutorPolicy$CatchAndRecordFailures.onExecute(Ljava/lang/Runnable;)V+1
j  org.gradle.internal.concurrent.ManagedExecutorImpl$1.run()V+25
j  java.util.concurrent.ThreadPoolExecutor.runWorker(Ljava/util/concurrent/ThreadPoolExecutor$Worker;)V+95
j  java.util.concurrent.ThreadPoolExecutor$Worker.run()V+5
j  org.gradle.internal.concurrent.ThreadFactoryImpl$ManagedThreadRunnable.run()V+7
j  java.lang.Thread.run()V+11
v  ~StubRoutines::call_stub

---------------  P R O C E S S  ---------------

Java Threads: ( => current thread )
  0x000000001999b000 JavaThread "Stdin handler" [_thread_blocked, id=7644, stack(0x000000001b110000,0x000000001b210000)]
  0x000000001999a800 JavaThread "Asynchronous log dispatcher for DefaultDaemonConnection: socket connection from /127.0.0.1:14993 to /127.0.0.1:14994" [_thread_blocked, id=7204, stack(0x000000001b010000,0x000000001b110000)]
=>0x00000000199c3000 JavaThread "Daemon worker" [_thread_in_vm, id=1728, stack(0x000000001af10000,0x000000001b010000)]
  0x0000000019bca000 JavaThread "Cancel handler" [_thread_blocked, id=3212, stack(0x000000001ae10000,0x000000001af10000)]
  0x000000001991b800 JavaThread "Handler for socket connection from /127.0.0.1:14993 to /127.0.0.1:14994" [_thread_in_native, id=6752, stack(0x000000001ab10000,0x000000001ac10000)]
  0x000000001992c800 JavaThread "Daemon" [_thread_blocked, id=884, stack(0x000000001aa10000,0x000000001ab10000)]
  0x0000000019a14000 JavaThread "Daemon periodic checks" [_thread_blocked, id=10424, stack(0x000000001a910000,0x000000001aa10000)]
  0x000000001988d000 JavaThread "Incoming local TCP Connector on port 14993" [_thread_in_native, id=9320, stack(0x000000001a6d0000,0x000000001a7d0000)]
  0x00000000183e8800 JavaThread "Service Thread" daemon [_thread_blocked, id=6896, stack(0x00000000187c0000,0x00000000188c0000)]
  0x0000000016a79800 JavaThread "C1 CompilerThread2" daemon [_thread_blocked, id=7384, stack(0x00000000182c0000,0x00000000183c0000)]
  0x0000000016a71800 JavaThread "C2 CompilerThread1" daemon [_thread_blocked, id=9444, stack(0x00000000181c0000,0x00000000182c0000)]
  0x0000000016a6b800 JavaThread "C2 CompilerThread0" daemon [_thread_in_native, id=5528, stack(0x00000000180c0000,0x00000000181c0000)]
  0x0000000016a6a000 JavaThread "Attach Listener" daemon [_thread_blocked, id=3620, stack(0x0000000017fc0000,0x00000000180c0000)]
  0x0000000016a68800 JavaThread "Signal Dispatcher" daemon [_thread_blocked, id=5052, stack(0x0000000017ec0000,0x0000000017fc0000)]
  0x00000000030fc800 JavaThread "Finalizer" daemon [_thread_blocked, id=472, stack(0x0000000017cd0000,0x0000000017dd0000)]
  0x00000000030f1800 JavaThread "Reference Handler" daemon [_thread_blocked, id=10536, stack(0x0000000017bd0000,0x0000000017cd0000)]
  0x0000000002ffe000 JavaThread "main" [_thread_blocked, id=8792, stack(0x0000000002e40000,0x0000000002f40000)]

Other Threads:
  0x0000000016a36800 VMThread [stack: 0x0000000017ad0000,0x0000000017bd0000] [id=9404]
  0x0000000016acd800 WatcherThread [stack: 0x00000000188c0000,0x00000000189c0000] [id=6204]

VM state:not at safepoint (normal execution)

VM Mutex/Monitor currently owned by a thread: None

Heap:
 PSYoungGen      total 18944K, used 15649K [0x00000000e0000000, 0x00000000e1500000, 0x0000000100000000)
  eden space 16384K, 79% used [0x00000000e0000000,0x00000000e0ccc5a0,0x00000000e1000000)
  from space 2560K, 99% used [0x00000000e1000000,0x00000000e127c030,0x00000000e1280000)
  to   space 2560K, 0% used [0x00000000e1280000,0x00000000e1280000,0x00000000e1500000)
 ParOldGen       total 44032K, used 4744K [0x00000000a0000000, 0x00000000a2b00000, 0x00000000e0000000)
  object space 44032K, 10% used [0x00000000a0000000,0x00000000a04a21e0,0x00000000a2b00000)
 Metaspace       used 14156K, capacity 14486K, committed 14720K, reserved 1062912K
  class space    used 1971K, capacity 2091K, committed 2176K, reserved 1048576K

Card table byte_map: [0x00000000124c0000,0x00000000127d0000] byte_map_base: 0x0000000011fc0000

Marking Bits: (ParMarkBitMap*) 0x000000005d574970
 Begin Bits: [0x0000000012dd0000, 0x00000000145d0000)
 End Bits:   [0x00000000145d0000, 0x0000000015dd0000)

Polling page: 0x0000000002df0000

CodeCache: size=245760Kb used=4793Kb max_used=4793Kb free=240966Kb
 bounds [0x0000000003100000, 0x00000000035c0000, 0x0000000012100000]
 total_blobs=1768 nmethods=1400 adapters=281
 compilation: enabled

Compilation events (10 events):
Event: 4.628 Thread 0x0000000016a79800 nmethod 1394 0x00000000035aed90 code [0x00000000035aef40, 0x00000000035af588]
Event: 4.630 Thread 0x0000000016a79800 1396       3       sun.reflect.ReflectionFactory::inflationThreshold (4 bytes)
Event: 4.630 Thread 0x0000000016a79800 nmethod 1396 0x00000000035af790 code [0x00000000035af8e0, 0x00000000035afa10]
Event: 4.648 Thread 0x0000000016a79800 1398       1       org.gradle.internal.service.DefaultServiceRegistry::access$1400 (5 bytes)
Event: 4.648 Thread 0x0000000016a79800 nmethod 1398 0x00000000035b0010 code [0x00000000035b0160, 0x00000000035b0250]
Event: 4.648 Thread 0x0000000016a79800 1399       3       org.gradle.internal.service.DefaultServiceRegistry::assertValidServiceType (35 bytes)
Event: 4.649 Thread 0x0000000016a79800 nmethod 1399 0x00000000035b02d0 code [0x00000000035b0480, 0x00000000035b0a78]
Event: 4.649 Thread 0x0000000016a79800 1400       3       java.lang.Class::isAnnotation (17 bytes)
Event: 4.649 Thread 0x0000000016a79800 nmethod 1400 0x00000000035b0c50 code [0x00000000035b0dc0, 0x00000000035b1028]
Event: 4.649 Thread 0x0000000016a6b800 1401       4       java.net.URLClassLoader$1::run (5 bytes)

GC Heap History (10 events):
Event: 1.189 GC heap before
{Heap before GC invocations=1 (full 0):
 PSYoungGen      total 18944K, used 16384K [0x00000000e0000000, 0x00000000e1500000, 0x0000000100000000)
  eden space 16384K, 100% used [0x00000000e0000000,0x00000000e1000000,0x00000000e1000000)
  from space 2560K, 0% used [0x00000000e1280000,0x00000000e1280000,0x00000000e1500000)
  to   space 2560K, 0% used [0x00000000e1000000,0x00000000e1000000,0x00000000e1280000)
 ParOldGen       total 44032K, used 0K [0x00000000a0000000, 0x00000000a2b00000, 0x00000000e0000000)
  object space 44032K, 0% used [0x00000000a0000000,0x00000000a0000000,0x00000000a2b00000)
 Metaspace       used 5729K, capacity 5854K, committed 5888K, reserved 1056768K
  class space    used 700K, capacity 747K, committed 768K, reserved 1048576K
Event: 1.196 GC heap after
Heap after GC invocations=1 (full 0):
 PSYoungGen      total 18944K, used 2556K [0x00000000e0000000, 0x00000000e1500000, 0x0000000100000000)
  eden space 16384K, 0% used [0x00000000e0000000,0x00000000e0000000,0x00000000e1000000)
  from space 2560K, 99% used [0x00000000e1000000,0x00000000e127f280,0x00000000e1280000)
  to   space 2560K, 0% used [0x00000000e1280000,0x00000000e1280000,0x00000000e1500000)
 ParOldGen       total 44032K, used 378K [0x00000000a0000000, 0x00000000a2b00000, 0x00000000e0000000)
  object space 44032K, 0% used [0x00000000a0000000,0x00000000a005e890,0x00000000a2b00000)
 Metaspace       used 5729K, capacity 5854K, committed 5888K, reserved 1056768K
  class space    used 700K, capacity 747K, committed 768K, reserved 1048576K
}
Event: 1.927 GC heap before
{Heap before GC invocations=2 (full 0):
 PSYoungGen      total 18944K, used 18940K [0x00000000e0000000, 0x00000000e1500000, 0x0000000100000000)
  eden space 16384K, 100% used [0x00000000e0000000,0x00000000e1000000,0x00000000e1000000)
  from space 2560K, 99% used [0x00000000e1000000,0x00000000e127f280,0x00000000e1280000)
  to   space 2560K, 0% used [0x00000000e1280000,0x00000000e1280000,0x00000000e1500000)
 ParOldGen       total 44032K, used 378K [0x00000000a0000000, 0x00000000a2b00000, 0x00000000e0000000)
  object space 44032K, 0% used [0x00000000a0000000,0x00000000a005e890,0x00000000a2b00000)
 Metaspace       used 6597K, capacity 6766K, committed 7040K, reserved 1056768K
  class space    used 803K, capacity 875K, committed 896K, reserved 1048576K
Event: 1.935 GC heap after
Heap after GC invocations=2 (full 0):
 PSYoungGen      total 18944K, used 2409K [0x00000000e0000000, 0x00000000e1500000, 0x0000000100000000)
  eden space 16384K, 0% used [0x00000000e0000000,0x00000000e0000000,0x00000000e1000000)
  from space 2560K, 94% used [0x00000000e1280000,0x00000000e14da650,0x00000000e1500000)
  to   space 2560K, 0% used [0x00000000e1000000,0x00000000e1000000,0x00000000e1280000)
 ParOldGen       total 44032K, used 386K [0x00000000a0000000, 0x00000000a2b00000, 0x00000000e0000000)
  object space 44032K, 0% used [0x00000000a0000000,0x00000000a0060890,0x00000000a2b00000)
 Metaspace       used 6597K, capacity 6766K, committed 7040K, reserved 1056768K
  class space    used 803K, capacity 875K, committed 896K, reserved 1048576K
}
Event: 2.268 GC heap before
{Heap before GC invocations=3 (full 0):
 PSYoungGen      total 18944K, used 18793K [0x00000000e0000000, 0x00000000e1500000, 0x0000000100000000)
  eden space 16384K, 100% used [0x00000000e0000000,0x00000000e1000000,0x00000000e1000000)
  from space 2560K, 94% used [0x00000000e1280000,0x00000000e14da650,0x00000000e1500000)
  to   space 2560K, 0% used [0x00000000e1000000,0x00000000e1000000,0x00000000e1280000)
 ParOldGen       total 44032K, used 386K [0x00000000a0000000, 0x00000000a2b00000, 0x00000000e0000000)
  object space 44032K, 0% used [0x00000000a0000000,0x00000000a0060890,0x00000000a2b00000)
 Metaspace       used 6967K, capacity 7112K, committed 7424K, reserved 1056768K
  class space    used 880K, capacity 948K, committed 1024K, reserved 1048576K
Event: 2.273 GC heap after
Heap after GC invocations=3 (full 0):
 PSYoungGen      total 18944K, used 2546K [0x00000000e0000000, 0x00000000e1500000, 0x0000000100000000)
  eden space 16384K, 0% used [0x00000000e0000000,0x00000000e0000000,0x00000000e1000000)
  from space 2560K, 99% used [0x00000000e1000000,0x00000000e127c838,0x00000000e1280000)
  to   space 2560K, 0% used [0x00000000e1280000,0x00000000e1280000,0x00000000e1500000)
 ParOldGen       total 44032K, used 680K [0x00000000a0000000, 0x00000000a2b00000, 0x00000000e0000000)
  object space 44032K, 1% used [0x00000000a0000000,0x00000000a00aa188,0x00000000a2b00000)
 Metaspace       used 6967K, capacity 7112K, committed 7424K, reserved 1056768K
  class space    used 880K, capacity 948K, committed 1024K, reserved 1048576K
}
Event: 4.056 GC heap before
{Heap before GC invocations=4 (full 0):
 PSYoungGen      total 18944K, used 18930K [0x00000000e0000000, 0x00000000e1500000, 0x0000000100000000)
  eden space 16384K, 100% used [0x00000000e0000000,0x00000000e1000000,0x00000000e1000000)
  from space 2560K, 99% used [0x00000000e1000000,0x00000000e127c838,0x00000000e1280000)
  to   space 2560K, 0% used [0x00000000e1280000,0x00000000e1280000,0x00000000e1500000)
 ParOldGen       total 44032K, used 680K [0x00000000a0000000, 0x00000000a2b00000, 0x00000000e0000000)
  object space 44032K, 1% used [0x00000000a0000000,0x00000000a00aa188,0x00000000a2b00000)
 Metaspace       used 11546K, capacity 11786K, committed 11904K, reserved 1058816K
  class space    used 1524K, capacity 1629K, committed 1664K, reserved 1048576K
Event: 4.069 GC heap after
Heap after GC invocations=4 (full 0):
 PSYoungGen      total 18944K, used 2528K [0x00000000e0000000, 0x00000000e1500000, 0x0000000100000000)
  eden space 16384K, 0% used [0x00000000e0000000,0x00000000e0000000,0x00000000e1000000)
  from space 2560K, 98% used [0x00000000e1280000,0x00000000e14f8020,0x00000000e1500000)
  to   space 2560K, 0% used [0x00000000e1000000,0x00000000e1000000,0x00000000e1280000)
 ParOldGen       total 44032K, used 2963K [0x00000000a0000000, 0x00000000a2b00000, 0x00000000e0000000)
  object space 44032K, 6% used [0x00000000a0000000,0x00000000a02e4cf8,0x00000000a2b00000)
 Metaspace       used 11546K, capacity 11786K, committed 11904K, reserved 1058816K
  class space    used 1524K, capacity 1629K, committed 1664K, reserved 1048576K
}
Event: 4.437 GC heap before
{Heap before GC invocations=5 (full 0):
 PSYoungGen      total 18944K, used 18912K [0x00000000e0000000, 0x00000000e1500000, 0x0000000100000000)
  eden space 16384K, 100% used [0x00000000e0000000,0x00000000e1000000,0x00000000e1000000)
  from space 2560K, 98% used [0x00000000e1280000,0x00000000e14f8020,0x00000000e1500000)
  to   space 2560K, 0% used [0x00000000e1000000,0x00000000e1000000,0x00000000e1280000)
 ParOldGen       total 44032K, used 2963K [0x00000000a0000000, 0x00000000a2b00000, 0x00000000e0000000)
  object space 44032K, 6% used [0x00000000a0000000,0x00000000a02e4cf8,0x00000000a2b00000)
 Metaspace       used 13038K, capacity 13362K, committed 13568K, reserved 1060864K
  class space    used 1776K, capacity 1929K, committed 2048K, reserved 1048576K
Event: 4.448 GC heap after
Heap after GC invocations=5 (full 0):
 PSYoungGen      total 18944K, used 2544K [0x00000000e0000000, 0x00000000e1500000, 0x0000000100000000)
  eden space 16384K, 0% used [0x00000000e0000000,0x00000000e0000000,0x00000000e1000000)
  from space 2560K, 99% used [0x00000000e1000000,0x00000000e127c030,0x00000000e1280000)
  to   space 2560K, 0% used [0x00000000e1280000,0x00000000e1280000,0x00000000e1500000)
 ParOldGen       total 44032K, used 4744K [0x00000000a0000000, 0x00000000a2b00000, 0x00000000e0000000)
  object space 44032K, 10% used [0x00000000a0000000,0x00000000a04a21e0,0x00000000a2b00000)
 Metaspace       used 13038K, capacity 13362K, committed 13568K, reserved 1060864K
  class space    used 1776K, capacity 1929K, committed 2048K, reserved 1048576K
}

Deoptimization events (10 events):
Event: 2.579 Thread 0x0000000002ffe000 Uncommon trap: reason=bimorphic action=maybe_recompile pc=0x0000000003435258 method=java.util.HashMap.putVal(ILjava/lang/Object;Ljava/lang/Object;ZZ)Ljava/lang/Object; @ 203
Event: 2.967 Thread 0x0000000002ffe000 Uncommon trap: reason=unstable_if action=reinterpret pc=0x00000000033cef98 method=java.io.WinNTFileSystem.normalize(Ljava/lang/String;)Ljava/lang/String; @ 128
Event: 2.967 Thread 0x0000000002ffe000 Uncommon trap: reason=unstable_if action=reinterpret pc=0x000000000342b4a8 method=java.io.WinNTFileSystem.normalize(Ljava/lang/String;II)Ljava/lang/String; @ 90
Event: 4.053 Thread 0x000000001991b800 Uncommon trap: reason=unstable_if action=reinterpret pc=0x000000000349c060 method=java.util.concurrent.ConcurrentHashMap.putVal(Ljava/lang/Object;Ljava/lang/Object;Z)Ljava/lang/Object; @ 206
Event: 4.211 Thread 0x00000000199c3000 Uncommon trap: reason=bimorphic action=maybe_recompile pc=0x0000000003434ce8 method=java.util.HashMap.putVal(ILjava/lang/Object;Ljava/lang/Object;ZZ)Ljava/lang/Object; @ 253
Event: 4.211 Thread 0x00000000199c3000 Uncommon trap: reason=bimorphic action=maybe_recompile pc=0x0000000003434ce8 method=java.util.HashMap.putVal(ILjava/lang/Object;Ljava/lang/Object;ZZ)Ljava/lang/Object; @ 253
Event: 4.211 Thread 0x00000000199c3000 Uncommon trap: reason=bimorphic action=maybe_recompile pc=0x000000000343a714 method=java.util.HashMap.putVal(ILjava/lang/Object;Ljava/lang/Object;ZZ)Ljava/lang/Object; @ 253
Event: 4.232 Thread 0x00000000199c3000 Uncommon trap: reason=class_check action=maybe_recompile pc=0x00000000033aadd8 method=java.util.regex.Matcher.match(II)Z @ 86
Event: 4.655 Thread 0x00000000199c3000 Uncommon trap: reason=class_check action=maybe_recompile pc=0x00000000033aadd8 method=java.util.regex.Matcher.match(II)Z @ 86
Event: 4.656 Thread 0x00000000199c3000 Uncommon trap: reason=class_check action=maybe_recompile pc=0x000000000337359c method=java.util.regex.Matcher.match(II)Z @ 86

Classes redefined (0 events):
No events

Internal exceptions (10 events):
Event: 4.104 Thread 0x000000001991b800 Exception <a 'java/lang/NoSuchMethodError': <clinit>> (0x00000000e00b4f50) thrown at [D:\src\AOSP-openjdk-cygwin\jdk8u\hotspot\src\share\vm\prims\jni.cpp, line 1613]
Event: 4.105 Thread 0x000000001991b800 Exception <a 'java/lang/NoSuchMethodError': <clinit>> (0x00000000e00bda18) thrown at [D:\src\AOSP-openjdk-cygwin\jdk8u\hotspot\src\share\vm\prims\jni.cpp, line 1613]
Event: 4.108 Thread 0x000000001991b800 Exception <a 'java/lang/NoSuchMethodError': <clinit>> (0x00000000e00cf058) thrown at [D:\src\AOSP-openjdk-cygwin\jdk8u\hotspot\src\share\vm\prims\jni.cpp, line 1613]
Event: 4.130 Thread 0x000000001991b800 Exception <a 'java/lang/NoSuchMethodError': <clinit>> (0x00000000e01349a0) thrown at [D:\src\AOSP-openjdk-cygwin\jdk8u\hotspot\src\share\vm\prims\jni.cpp, line 1613]
Event: 4.135 Thread 0x000000001991b800 Exception <a 'java/lang/NoSuchMethodError': <clinit>> (0x00000000e01580b8) thrown at [D:\src\AOSP-openjdk-cygwin\jdk8u\hotspot\src\share\vm\prims\jni.cpp, line 1613]
Event: 4.141 Thread 0x000000001991b800 Exception <a 'java/lang/NoSuchMethodError': <clinit>> (0x00000000e01819b0) thrown at [D:\src\AOSP-openjdk-cygwin\jdk8u\hotspot\src\share\vm\prims\jni.cpp, line 1613]
Event: 4.143 Thread 0x000000001991b800 Exception <a 'java/lang/NoSuchMethodError': <clinit>> (0x00000000e018f518) thrown at [D:\src\AOSP-openjdk-cygwin\jdk8u\hotspot\src\share\vm\prims\jni.cpp, line 1613]
Event: 4.149 Thread 0x000000001991b800 Exception <a 'java/lang/NoSuchMethodError': <clinit>> (0x00000000e01b2710) thrown at [D:\src\AOSP-openjdk-cygwin\jdk8u\hotspot\src\share\vm\prims\jni.cpp, line 1613]
Event: 4.189 Thread 0x00000000199c3000 Exception <a 'java/lang/NoSuchMethodError': <clinit>> (0x00000000e0288e00) thrown at [D:\src\AOSP-openjdk-cygwin\jdk8u\hotspot\src\share\vm\prims\jni.cpp, line 1613]
Event: 4.191 Thread 0x00000000199c3000 Exception <a 'java/lang/NoSuchMethodError': <clinit>> (0x00000000e0291088) thrown at [D:\src\AOSP-openjdk-cygwin\jdk8u\hotspot\src\share\vm\prims\jni.cpp, line 1613]

Events (10 events):
Event: 4.693 loading class org/gradle/api/internal/changedetection/state/CachingFileHasher$FileInfoSerializer
Event: 4.693 loading class org/gradle/api/internal/changedetection/state/CachingFileHasher$FileInfoSerializer done
Event: 4.694 loading class org/gradle/cache/PersistentIndexedCacheParameters
Event: 4.694 loading class org/gradle/cache/PersistentIndexedCacheParameters done
Event: 4.694 loading class org/gradle/api/internal/changedetection/state/InMemoryCacheDecoratorFactory$InMemoryCacheDecorator
Event: 4.694 loading class org/gradle/api/internal/changedetection/state/InMemoryCacheDecoratorFactory$InMemoryCacheDecorator done
Event: 4.695 loading class org/gradle/cache/internal/DefaultCacheAccess$4
Event: 4.695 loading class org/gradle/cache/internal/DefaultCacheAccess$4 done
Event: 4.696 loading class org/gradle/cache/internal/DefaultMultiProcessSafePersistentIndexedCache
Event: 4.696 loading class org/gradle/cache/internal/DefaultMultiProcessSafePersistentIndexedCache done


Dynamic libraries:
0x00007ff6678d0000 - 0x00007ff667901000 	C:\Program Files (x86)\Android\Android Studio\jre\bin\java.exe
0x00007fff3f310000 - 0x00007fff3f4f1000 	C:\WINDOWS\SYSTEM32\ntdll.dll
0x00007ffef7a40000 - 0x00007ffef7a54000 	C:\Program Files\AVAST Software\Avast\x64\aswhooka.dll
0x00007fff3c8d0000 - 0x00007fff3c982000 	C:\WINDOWS\System32\KERNEL32.DLL
0x00007fff3ba90000 - 0x00007fff3bd03000 	C:\WINDOWS\System32\KERNELBASE.dll
0x00007fff3e5e0000 - 0x00007fff3e681000 	C:\WINDOWS\System32\ADVAPI32.dll
0x00007fff3d0d0000 - 0x00007fff3d16e000 	C:\WINDOWS\System32\msvcrt.dll
0x00007fff3c7a0000 - 0x00007fff3c7fb000 	C:\WINDOWS\System32\sechost.dll
0x00007fff3ee80000 - 0x00007fff3efa4000 	C:\WINDOWS\System32\RPCRT4.dll
0x00007fff3cdf0000 - 0x00007fff3cf80000 	C:\WINDOWS\System32\USER32.dll
0x00007fff3b6e0000 - 0x00007fff3b700000 	C:\WINDOWS\System32\win32u.dll
0x00007fff3d170000 - 0x00007fff3d198000 	C:\WINDOWS\System32\GDI32.dll
0x00007fff3c4d0000 - 0x00007fff3c662000 	C:\WINDOWS\System32\gdi32full.dll
0x00007fff3b9f0000 - 0x00007fff3ba8f000 	C:\WINDOWS\System32\msvcp_win.dll
0x00007fff3b8f0000 - 0x00007fff3b9ea000 	C:\WINDOWS\System32\ucrtbase.dll
0x00007fff2abf0000 - 0x00007fff2ae59000 	C:\WINDOWS\WinSxS\amd64_microsoft.windows.common-controls_6595b64144ccf1df_6.0.17134.523_none_fb409dd930672a56\COMCTL32.dll
0x00007fff3efb0000 - 0x00007fff3f2d2000 	C:\WINDOWS\System32\combase.dll
0x00007fff3c670000 - 0x00007fff3c6ea000 	C:\WINDOWS\System32\bcryptPrimitives.dll
0x00007fff3c990000 - 0x00007fff3c9bd000 	C:\WINDOWS\System32\IMM32.DLL
0x000000005d7c0000 - 0x000000005d892000 	C:\Program Files (x86)\Android\Android Studio\jre\jre\bin\msvcr100.dll
0x000000005cdb0000 - 0x000000005d5ef000 	C:\Program Files (x86)\Android\Android Studio\jre\jre\bin\server\jvm.dll
0x00007fff3e880000 - 0x00007fff3e888000 	C:\WINDOWS\System32\PSAPI.DLL
0x00007fff14210000 - 0x00007fff14219000 	C:\WINDOWS\SYSTEM32\WSOCK32.dll
0x00007fff3e690000 - 0x00007fff3e6fc000 	C:\WINDOWS\System32\WS2_32.dll
0x00007fff37300000 - 0x00007fff37323000 	C:\WINDOWS\SYSTEM32\WINMM.dll
0x00007fff311c0000 - 0x00007fff311ca000 	C:\WINDOWS\SYSTEM32\VERSION.dll
0x00007fff372d0000 - 0x00007fff372fa000 	C:\WINDOWS\SYSTEM32\WINMMBASE.dll
0x00007fff3c6f0000 - 0x00007fff3c739000 	C:\WINDOWS\System32\cfgmgr32.dll
0x00007fff360c0000 - 0x00007fff360cf000 	C:\Program Files (x86)\Android\Android Studio\jre\jre\bin\verify.dll
0x00007fff332d0000 - 0x00007fff332f9000 	C:\Program Files (x86)\Android\Android Studio\jre\jre\bin\java.dll
0x00007fff35620000 - 0x00007fff35636000 	C:\Program Files (x86)\Android\Android Studio\jre\jre\bin\zip.dll
0x00007fff3d1a0000 - 0x00007fff3e5e0000 	C:\WINDOWS\System32\SHELL32.dll
0x00007fff3cd40000 - 0x00007fff3cde9000 	C:\WINDOWS\System32\shcore.dll
0x00007fff3bd10000 - 0x00007fff3c41d000 	C:\WINDOWS\System32\windows.storage.dll
0x00007fff3d060000 - 0x00007fff3d0b1000 	C:\WINDOWS\System32\shlwapi.dll
0x00007fff3b620000 - 0x00007fff3b631000 	C:\WINDOWS\System32\kernel.appcore.dll
0x00007fff3b640000 - 0x00007fff3b65f000 	C:\WINDOWS\System32\profapi.dll
0x00007fff3b660000 - 0x00007fff3b6ac000 	C:\WINDOWS\System32\powrprof.dll
0x00007fff3b6d0000 - 0x00007fff3b6da000 	C:\WINDOWS\System32\FLTLIB.DLL
0x00007fff35360000 - 0x00007fff3537a000 	C:\Program Files (x86)\Android\Android Studio\jre\jre\bin\net.dll
0x00007fff3aea0000 - 0x00007fff3af06000 	C:\WINDOWS\system32\mswsock.dll
0x00007fff31c00000 - 0x00007fff31c11000 	C:\Program Files (x86)\Android\Android Studio\jre\jre\bin\nio.dll
0x00007fff36350000 - 0x00007fff3636e000 	C:\Users\HP\.gradle\native\25\windows-amd64\native-platform.dll
0x00007fff35a80000 - 0x00007fff35a8d000 	C:\Program Files (x86)\Android\Android Studio\jre\jre\bin\management.dll
0x00007fff3b050000 - 0x00007fff3b067000 	C:\WINDOWS\SYSTEM32\CRYPTSP.dll
0x00007fff3aa80000 - 0x00007fff3aab3000 	C:\WINDOWS\system32\rsaenh.dll
0x00007fff3b180000 - 0x00007fff3b1a5000 	C:\WINDOWS\SYSTEM32\bcrypt.dll
0x00007fff3b520000 - 0x00007fff3b548000 	C:\WINDOWS\SYSTEM32\USERENV.dll
0x00007fff3b070000 - 0x00007fff3b07b000 	C:\WINDOWS\SYSTEM32\CRYPTBASE.dll
0x00007fff3ac20000 - 0x00007fff3ac58000 	C:\WINDOWS\SYSTEM32\IPHLPAPI.DLL
0x00007fff3d0c0000 - 0x00007fff3d0c8000 	C:\WINDOWS\System32\NSI.dll
0x00007fff31840000 - 0x00007fff31856000 	C:\WINDOWS\SYSTEM32\dhcpcsvc6.DLL
0x00007fff31b10000 - 0x00007fff31b2a000 	C:\WINDOWS\SYSTEM32\dhcpcsvc.DLL

VM Arguments:
jvm_args: -Xmx1536m -Dfile.encoding=windows-1252 -Duser.country=US -Duser.language=en -Duser.variant 
java_command: org.gradle.launcher.daemon.bootstrap.GradleDaemon 4.4
java_class_path (initial): C:\Users\HP\.gradle\wrapper\dists\gradle-4.4-all\9br9xq1tocpiv8o6njlyu5op1\gradle-4.4\lib\gradle-launcher-4.4.jar
Launcher Type: SUN_STANDARD

Environment Variables:
PATH=C:\Program Files (x86)\Common Files\Oracle\Java\javapath;C:\Program Files (x86)\Common Files\ArcSoft\Bin;C:\Program Files (x86)\Intel\iCLS Client\;C:\Program Files\Intel\iCLS Client\;C:\WINDOWS\system32;C:\WINDOWS;C:\WINDOWS\System32\Wbem;C:\WINDOWS\System32\WindowsPowerShell\v1.0\;C:\Program Files (x86)\Intel\Intel(R) Management Engine Components\DAL;C:\Program Files\Intel\Intel(R) Management Engine Components\DAL;C:\Program Files (x86)\Intel\Intel(R) Management Engine Components\IPT;C:\Program Files\Intel\Intel(R) Management Engine Components\IPT;c:\Program Files\Intel\WiFi\bin\;c:\Program Files\Common Files\Intel\WirelessCommon\;C:\Program Files (x86)\GtkSharp\2.12\bin;C:\WINDOWS\System32\OpenSSH\;C:\Users\HP\AppData\Local\Android\Sdk;C:\Program Files (x86)\Java\jdk1.6.0_18\bin;%USERPROFILE%\AppData\Local\Microsoft\WindowsApps;
USERNAME=HP
OS=Windows_NT
PROCESSOR_IDENTIFIER=Intel64 Family 6 Model 61 Stepping 4, GenuineIntel



---------------  S Y S T E M  ---------------

OS: Windows 10.0 , 64 bit Build 17134 (10.0.17134.1)

CPU:total 4 (initial active 4) (2 cores per cpu, 2 threads per core) family 6 model 61 stepping 4, cmov, cx8, fxsr, mmx, sse, sse2, sse3, ssse3, sse4.1, sse4.2, popcnt, avx, avx2, aes, clmul, erms, 3dnowpref, lzcnt, ht, tsc, tscinvbit, bmi1, bmi2, adx

Memory: 4k page, physical 4082796k(366148k free), swap 4082796k(4136k free)

vm_info: OpenJDK 64-Bit Server VM (25.152-b02) for windows-amd64 JRE (1.8.0_152-release-1024-b02), built by "builder" with MS VC++ 10.0 (VS2010)

time: Thu Jan 17 04:29:16 2019
elapsed time: 4 seconds (0d 0h 0m 4s)

