#
# There is insufficient memory for the Java Runtime Environment to continue.
# Native memory allocation (malloc) failed to allocate 898176 bytes for Chunk::new
# Possible reasons:
#   The system is out of physical RAM or swap space
#   In 32 bit mode, the process size limit was hit
# Possible solutions:
#   Reduce memory load on the system
#   Increase physical memory or swap space
#   Check if swap backing store is full
#   Use 64 bit Java on a 64 bit OS
#   Decrease Java heap size (-Xmx/-Xms)
#   Decrease number of Java threads
#   Decrease Java thread stack sizes (-Xss)
#   Set larger code cache with -XX:ReservedCodeCacheSize=
# This output file may be truncated or incomplete.
#
#  Out of Memory Error (allocation.cpp:390), pid=9724, tid=0x0000000000001e68
#
# JRE version: OpenJDK Runtime Environment (8.0_152-b02) (build 1.8.0_152-release-1024-b02)
# Java VM: OpenJDK 64-Bit Server VM (25.152-b02 mixed mode windows-amd64 compressed oops)
# Failed to write core dump. Minidumps are not enabled by default on client versions of Windows
#

---------------  T H R E A D  ---------------

Current thread (0x0000000016b19000):  JavaThread "C2 CompilerThread0" daemon [_thread_in_native, id=7784, stack(0x0000000018180000,0x0000000018280000)]

Stack: [0x0000000018180000,0x0000000018280000]
[error occurred during error reporting (printing stack bounds), id 0xc0000005]

Native frames: (J=compiled Java code, j=interpreted, Vv=VM code, C=native code)


Current CompileTask:
C2: 240604 12561       4       org.gradle.model.internal.type.ModelType::wrap (219 bytes)


---------------  P R O C E S S  ---------------

Java Threads: ( => current thread )
  0x000000001baa0800 JavaThread "Cache worker for Artifact transforms cache (C:\Users\HP\.gradle\caches\transforms-1)" [_thread_blocked, id=11356, stack(0x0000000026d30000,0x0000000026e30000)]
  0x000000001ba92000 JavaThread "Cache worker for file hash cache (H:\AndroidStudioProjects\LogInPage\.gradle\4.4\fileHashes)" [_thread_blocked, id=9864, stack(0x0000000026c30000,0x0000000026d30000)]
  0x000000001ba94800 JavaThread "Stdin handler" [_thread_blocked, id=8184, stack(0x0000000026b30000,0x0000000026c30000)]
  0x000000001ba93800 JavaThread "Asynchronous log dispatcher for DefaultDaemonConnection: socket connection from /127.0.0.1:3844 to /127.0.0.1:3931" [_thread_blocked, id=8920, stack(0x0000000026a30000,0x0000000026b30000)]
  0x000000001ba99000 JavaThread "Daemon worker Thread 2" [_thread_in_native, id=3192, stack(0x0000000026930000,0x0000000026a30000)]
  0x000000001ba96000 JavaThread "Cancel handler" [_thread_blocked, id=12000, stack(0x0000000026830000,0x0000000026930000)]
  0x000000001ba97800 JavaThread "Handler for socket connection from /127.0.0.1:3844 to /127.0.0.1:3931" [_thread_in_native, id=9496, stack(0x0000000026730000,0x0000000026830000)]
  0x000000001ba96800 JavaThread "Daemon Thread 2" [_thread_blocked, id=2696, stack(0x0000000026630000,0x0000000026730000)]
  0x000000001e4d1800 JavaThread "Memory manager" [_thread_blocked, id=12236, stack(0x0000000020cc0000,0x0000000020dc0000)]
  0x000000001bd45000 JavaThread "File lock request listener" [_thread_in_native, id=6436, stack(0x000000001d5a0000,0x000000001d6a0000)]
  0x000000001bbca000 JavaThread "Cache worker for file hash cache (C:\Users\HP\.gradle\caches\4.4\fileHashes)" [_thread_blocked, id=6508, stack(0x000000001d270000,0x000000001d370000)]
  0x00000000196b2800 JavaThread "Daemon periodic checks" [_thread_blocked, id=11812, stack(0x000000001a9d0000,0x000000001aad0000)]
  0x0000000019af3800 JavaThread "Incoming local TCP Connector on port 3844" [_thread_in_native, id=4524, stack(0x000000001a790000,0x000000001a890000)]
  0x00000000184b0800 JavaThread "Service Thread" daemon [_thread_blocked, id=9880, stack(0x0000000018880000,0x0000000018980000)]
  0x0000000016b2e000 JavaThread "C1 CompilerThread2" daemon [_thread_in_native, id=6512, stack(0x0000000018380000,0x0000000018480000)]
  0x0000000016b20000 JavaThread "C2 CompilerThread1" daemon [_thread_blocked, id=2964, stack(0x0000000018280000,0x0000000018380000)]
=>0x0000000016b19000 JavaThread "C2 CompilerThread0" daemon [_thread_in_native, id=7784, stack(0x0000000018180000,0x0000000018280000)]
  0x0000000016b18000 JavaThread "Attach Listener" daemon [_thread_blocked, id=784, stack(0x0000000018080000,0x0000000018180000)]
  0x0000000016b26800 JavaThread "Signal Dispatcher" daemon [_thread_blocked, id=12016, stack(0x0000000017f80000,0x0000000018080000)]
  0x000000000313c800 JavaThread "Finalizer" daemon [_thread_blocked, id=1952, stack(0x0000000017d90000,0x0000000017e90000)]
  0x0000000003131800 JavaThread "Reference Handler" daemon [_thread_blocked, id=11948, stack(0x0000000017c90000,0x0000000017d90000)]
  0x00000000031ad800 JavaThread "main" [_thread_blocked, id=6728, stack(0x0000000002f00000,0x0000000003000000)]

Other Threads:
  0x0000000016ae7000 VMThread [stack: 0x0000000017b90000,0x0000000017c90000] [id=1092]
  0x0000000016b7d000 WatcherThread [stack: 0x0000000018980000,0x0000000018a80000] [id=12272]

VM state:not at safepoint (normal execution)

VM Mutex/Monitor currently owned by a thread: None

Heap:
 PSYoungGen      total 224768K, used 141837K [0x00000000e0000000, 0x00000000f2580000, 0x0000000100000000)
  eden space 189952K, 67% used [0x00000000e0000000,0x00000000e7cb6118,0x00000000eb980000)
  from space 34816K, 40% used [0x00000000eb980000,0x00000000ec74d378,0x00000000edb80000)
  to   space 33280K, 0% used [0x00000000f0500000,0x00000000f0500000,0x00000000f2580000)
 ParOldGen       total 179200K, used 90531K [0x00000000a0000000, 0x00000000aaf00000, 0x00000000e0000000)
  object space 179200K, 50% used [0x00000000a0000000,0x00000000a5868fb8,0x00000000aaf00000)
 Metaspace       used 75721K, capacity 78543K, committed 79104K, reserved 1118208K
  class space    used 9942K, capacity 10580K, committed 10752K, reserved 1048576K

Card table byte_map: [0x0000000012570000,0x0000000012880000] byte_map_base: 0x0000000012070000

Marking Bits: (ParMarkBitMap*) 0x0000000064a04970
 Begin Bits: [0x0000000012e80000, 0x0000000014680000)
 End Bits:   [0x0000000014680000, 0x0000000015e80000)

Polling page: 0x00000000015d0000

CodeCache: size=245760Kb used=31223Kb max_used=32320Kb free=214536Kb
 bounds [0x00000000031b0000, 0x0000000005180000, 0x00000000121b0000]
 total_blobs=11019 nmethods=10180 adapters=751
 compilation: enabled

Compilation events (10 events):
Event: 240.546 Thread 0x0000000016b2e000 12574       3       java.io.File::<init> (113 bytes)
Event: 240.548 Thread 0x0000000016b2e000 nmethod 12574 0x0000000004e8f250 code [0x0000000004e8f4c0, 0x0000000004e90238]
Event: 240.554 Thread 0x0000000016b2e000 12575       3       org.gradle.api.internal.artifacts.ivyservice.ivyresolve.ComponentMetaDataResolveState::canMakeFurtherAttempts (13 bytes)
Event: 240.554 Thread 0x0000000016b2e000 nmethod 12575 0x000000000473c590 code [0x000000000473c6e0, 0x000000000473c890]
Event: 240.559 Thread 0x0000000016b2e000 12576       3       com.google.common.collect.ImmutableMap::copyOf (121 bytes)
Event: 240.560 Thread 0x0000000016b2e000 nmethod 12576 0x000000000440cc10 code [0x000000000440ce80, 0x000000000440dfd8]
Event: 240.561 Thread 0x0000000016b2e000 12577       3       org.gradle.api.internal.artifacts.ivyservice.resolveengine.graph.builder.DependencyGraphBuilder::allSelectorsAgreeWith (126 bytes)
Event: 240.562 Thread 0x0000000016b2e000 nmethod 12577 0x0000000003602b10 code [0x0000000003602d20, 0x0000000003603828]
Event: 240.566 Thread 0x0000000016b2e000 12578       3       org.gradle.api.internal.artifacts.ivyservice.resolveengine.graph.builder.ComponentState::resolve (75 bytes)
Event: 240.569 Thread 0x0000000016b2e000 nmethod 12578 0x0000000003dbb3d0 code [0x0000000003dbb720, 0x0000000003dbd2a8]

GC Heap History (10 events):
Event: 41.723 GC heap before
{Heap before GC invocations=19 (full 3):
 PSYoungGen      total 156672K, used 141824K [0x00000000e0000000, 0x00000000eca80000, 0x0000000100000000)
  eden space 141824K, 100% used [0x00000000e0000000,0x00000000e8a80000,0x00000000e8a80000)
  from space 14848K, 0% used [0x00000000e8a80000,0x00000000e8a80000,0x00000000e9900000)
  to   space 16384K, 0% used [0x00000000eba80000,0x00000000eba80000,0x00000000eca80000)
 ParOldGen       total 92160K, used 36872K [0x00000000a0000000, 0x00000000a5a00000, 0x00000000e0000000)
  object space 92160K, 40% used [0x00000000a0000000,0x00000000a2402298,0x00000000a5a00000)
 Metaspace       used 64511K, capacity 66579K, committed 66816K, reserved 1107968K
  class space    used 8592K, capacity 9102K, committed 9216K, reserved 1048576K
Event: 41.750 GC heap after
Heap after GC invocations=19 (full 3):
 PSYoungGen      total 182784K, used 12722K [0x00000000e0000000, 0x00000000ec780000, 0x0000000100000000)
  eden space 169472K, 0% used [0x00000000e0000000,0x00000000e0000000,0x00000000ea580000)
  from space 13312K, 95% used [0x00000000eba80000,0x00000000ec6ecb38,0x00000000ec780000)
  to   space 17408K, 0% used [0x00000000ea580000,0x00000000ea580000,0x00000000eb680000)
 ParOldGen       total 92160K, used 36888K [0x00000000a0000000, 0x00000000a5a00000, 0x00000000e0000000)
  object space 92160K, 40% used [0x00000000a0000000,0x00000000a2406298,0x00000000a5a00000)
 Metaspace       used 64511K, capacity 66579K, committed 66816K, reserved 1107968K
  class space    used 8592K, capacity 9102K, committed 9216K, reserved 1048576K
}
Event: 45.900 GC heap before
{Heap before GC invocations=20 (full 3):
 PSYoungGen      total 182784K, used 182194K [0x00000000e0000000, 0x00000000ec780000, 0x0000000100000000)
  eden space 169472K, 100% used [0x00000000e0000000,0x00000000ea580000,0x00000000ea580000)
  from space 13312K, 95% used [0x00000000eba80000,0x00000000ec6ecb38,0x00000000ec780000)
  to   space 17408K, 0% used [0x00000000ea580000,0x00000000ea580000,0x00000000eb680000)
 ParOldGen       total 92160K, used 36893K [0x00000000a0000000, 0x00000000a5a00000, 0x00000000e0000000)
  object space 92160K, 40% used [0x00000000a0000000,0x00000000a24074f0,0x00000000a5a00000)
 Metaspace       used 71135K, capacity 74237K, committed 74496K, reserved 1114112K
  class space    used 9534K, capacity 10189K, committed 10240K, reserved 1048576K
Event: 46.015 GC heap after
Heap after GC invocations=20 (full 3):
 PSYoungGen      total 186880K, used 17382K [0x00000000e0000000, 0x00000000f0700000, 0x0000000100000000)
  eden space 169472K, 0% used [0x00000000e0000000,0x00000000e0000000,0x00000000ea580000)
  from space 17408K, 99% used [0x00000000ea580000,0x00000000eb679b38,0x00000000eb680000)
  to   space 34816K, 0% used [0x00000000ee500000,0x00000000ee500000,0x00000000f0700000)
 ParOldGen       total 92160K, used 77052K [0x00000000a0000000, 0x00000000a5a00000, 0x00000000e0000000)
  object space 92160K, 83% used [0x00000000a0000000,0x00000000a4b3f200,0x00000000a5a00000)
 Metaspace       used 71135K, capacity 74237K, committed 74496K, reserved 1114112K
  class space    used 9534K, capacity 10189K, committed 10240K, reserved 1048576K
}
Event: 46.015 GC heap before
{Heap before GC invocations=21 (full 4):
 PSYoungGen      total 186880K, used 17382K [0x00000000e0000000, 0x00000000f0700000, 0x0000000100000000)
  eden space 169472K, 0% used [0x00000000e0000000,0x00000000e0000000,0x00000000ea580000)
  from space 17408K, 99% used [0x00000000ea580000,0x00000000eb679b38,0x00000000eb680000)
  to   space 34816K, 0% used [0x00000000ee500000,0x00000000ee500000,0x00000000f0700000)
 ParOldGen       total 92160K, used 77052K [0x00000000a0000000, 0x00000000a5a00000, 0x00000000e0000000)
  object space 92160K, 83% used [0x00000000a0000000,0x00000000a4b3f200,0x00000000a5a00000)
 Metaspace       used 71135K, capacity 74237K, committed 74496K, reserved 1114112K
  class space    used 9534K, capacity 10189K, committed 10240K, reserved 1048576K
Event: 46.701 GC heap after
Heap after GC invocations=21 (full 4):
 PSYoungGen      total 186880K, used 0K [0x00000000e0000000, 0x00000000f0700000, 0x0000000100000000)
  eden space 169472K, 0% used [0x00000000e0000000,0x00000000e0000000,0x00000000ea580000)
  from space 17408K, 0% used [0x00000000ea580000,0x00000000ea580000,0x00000000eb680000)
  to   space 34816K, 0% used [0x00000000ee500000,0x00000000ee500000,0x00000000f0700000)
 ParOldGen       total 179200K, used 90515K [0x00000000a0000000, 0x00000000aaf00000, 0x00000000e0000000)
  object space 179200K, 50% used [0x00000000a0000000,0x00000000a5864fb8,0x00000000aaf00000)
 Metaspace       used 70709K, capacity 73119K, committed 74496K, reserved 1114112K
  class space    used 9384K, capacity 9928K, committed 10240K, reserved 1048576K
}
Event: 50.237 GC heap before
{Heap before GC invocations=22 (full 4):
 PSYoungGen      total 186880K, used 169281K [0x00000000e0000000, 0x00000000f0700000, 0x0000000100000000)
  eden space 169472K, 99% used [0x00000000e0000000,0x00000000ea550630,0x00000000ea580000)
  from space 17408K, 0% used [0x00000000ea580000,0x00000000ea580000,0x00000000eb680000)
  to   space 34816K, 0% used [0x00000000ee500000,0x00000000ee500000,0x00000000f0700000)
 ParOldGen       total 179200K, used 90515K [0x00000000a0000000, 0x00000000aaf00000, 0x00000000e0000000)
  object space 179200K, 50% used [0x00000000a0000000,0x00000000a5864fb8,0x00000000aaf00000)
 Metaspace       used 72634K, capacity 75203K, committed 76288K, reserved 1116160K
  class space    used 9619K, capacity 10190K, committed 10496K, reserved 1048576K
Event: 50.260 GC heap after
Heap after GC invocations=22 (full 4):
 PSYoungGen      total 215040K, used 19530K [0x00000000e0000000, 0x00000000efd80000, 0x0000000100000000)
  eden space 189952K, 0% used [0x00000000e0000000,0x00000000e0000000,0x00000000eb980000)
  from space 25088K, 77% used [0x00000000ee500000,0x00000000ef812b50,0x00000000efd80000)
  to   space 34816K, 0% used [0x00000000eb980000,0x00000000eb980000,0x00000000edb80000)
 ParOldGen       total 179200K, used 90523K [0x00000000a0000000, 0x00000000aaf00000, 0x00000000e0000000)
  object space 179200K, 50% used [0x00000000a0000000,0x00000000a5866fb8,0x00000000aaf00000)
 Metaspace       used 72634K, capacity 75203K, committed 76288K, reserved 1116160K
  class space    used 9619K, capacity 10190K, committed 10496K, reserved 1048576K
}
Event: 50.321 GC heap before
{Heap before GC invocations=23 (full 4):
 PSYoungGen      total 215040K, used 209204K [0x00000000e0000000, 0x00000000efd80000, 0x0000000100000000)
  eden space 189952K, 99% used [0x00000000e0000000,0x00000000eb93a708,0x00000000eb980000)
  from space 25088K, 77% used [0x00000000ee500000,0x00000000ef812b50,0x00000000efd80000)
  to   space 34816K, 0% used [0x00000000eb980000,0x00000000eb980000,0x00000000edb80000)
 ParOldGen       total 179200K, used 90523K [0x00000000a0000000, 0x00000000aaf00000, 0x00000000e0000000)
  object space 179200K, 50% used [0x00000000a0000000,0x00000000a5866fb8,0x00000000aaf00000)
 Metaspace       used 72640K, capacity 75203K, committed 76288K, reserved 1116160K
  class space    used 9619K, capacity 10190K, committed 10496K, reserved 1048576K
Event: 50.329 GC heap after
Heap after GC invocations=23 (full 4):
 PSYoungGen      total 224768K, used 14132K [0x00000000e0000000, 0x00000000f2580000, 0x0000000100000000)
  eden space 189952K, 0% used [0x00000000e0000000,0x00000000e0000000,0x00000000eb980000)
  from space 34816K, 40% used [0x00000000eb980000,0x00000000ec74d378,0x00000000edb80000)
  to   space 33280K, 0% used [0x00000000f0500000,0x00000000f0500000,0x00000000f2580000)
 ParOldGen       total 179200K, used 90531K [0x00000000a0000000, 0x00000000aaf00000, 0x00000000e0000000)
  object space 179200K, 50% used [0x00000000a0000000,0x00000000a5868fb8,0x00000000aaf00000)
 Metaspace       used 72640K, capacity 75203K, committed 76288K, reserved 1116160K
  class space    used 9619K, capacity 10190K, committed 10496K, reserved 1048576K
}

Deoptimization events (10 events):
Event: 240.287 Thread 0x000000001ba99000 Uncommon trap: reason=bimorphic action=maybe_recompile pc=0x0000000004b86ca4 method=sun.reflect.GeneratedMethodAccessor3.invoke(Ljava/lang/Object;[Ljava/lang/Object;)Ljava/lang/Object; @ 48
Event: 240.296 Thread 0x000000001ba99000 Uncommon trap: reason=bimorphic action=maybe_recompile pc=0x0000000004b86ca4 method=sun.reflect.GeneratedMethodAccessor3.invoke(Ljava/lang/Object;[Ljava/lang/Object;)Ljava/lang/Object; @ 48
Event: 240.300 Thread 0x000000001ba99000 Uncommon trap: reason=bimorphic action=maybe_recompile pc=0x0000000004b86ca4 method=sun.reflect.GeneratedMethodAccessor3.invoke(Ljava/lang/Object;[Ljava/lang/Object;)Ljava/lang/Object; @ 48
Event: 240.303 Thread 0x000000001ba99000 Uncommon trap: reason=class_check action=maybe_recompile pc=0x0000000004b5c7b4 method=org.gradle.api.internal.changedetection.state.CachingFileHasher.snapshot(Ljava/io/File;JJ)Lorg/gradle/api/internal/changedetection/state/CachingFileHasher$FileInfo; @ 14
Event: 240.307 Thread 0x000000001ba99000 Uncommon trap: reason=class_check action=maybe_recompile pc=0x0000000004b5c7b4 method=org.gradle.api.internal.changedetection.state.CachingFileHasher.snapshot(Ljava/io/File;JJ)Lorg/gradle/api/internal/changedetection/state/CachingFileHasher$FileInfo; @ 14
Event: 240.314 Thread 0x000000001ba99000 Uncommon trap: reason=bimorphic action=maybe_recompile pc=0x0000000004b847cc method=sun.reflect.GeneratedMethodAccessor4.invoke(Ljava/lang/Object;[Ljava/lang/Object;)Ljava/lang/Object; @ 48
Event: 240.315 Thread 0x000000001ba99000 Uncommon trap: reason=bimorphic action=maybe_recompile pc=0x0000000004b847cc method=sun.reflect.GeneratedMethodAccessor4.invoke(Ljava/lang/Object;[Ljava/lang/Object;)Ljava/lang/Object; @ 48
Event: 240.317 Thread 0x000000001ba99000 Uncommon trap: reason=bimorphic action=maybe_recompile pc=0x0000000004b847cc method=sun.reflect.GeneratedMethodAccessor4.invoke(Ljava/lang/Object;[Ljava/lang/Object;)Ljava/lang/Object; @ 48
Event: 240.374 Thread 0x000000001ba99000 Uncommon trap: reason=bimorphic action=maybe_recompile pc=0x0000000004b847cc method=sun.reflect.GeneratedMethodAccessor4.invoke(Ljava/lang/Object;[Ljava/lang/Object;)Ljava/lang/Object; @ 48
Event: 240.408 Thread 0x000000001ba99000 Uncommon trap: reason=class_check action=maybe_recompile pc=0x0000000004b5c7b4 method=org.gradle.api.internal.changedetection.state.CachingFileHasher.snapshot(Ljava/io/File;JJ)Lorg/gradle/api/internal/changedetection/state/CachingFileHasher$FileInfo; @ 14

Classes redefined (0 events):
No events

Internal exceptions (10 events):
Event: 51.481 Thread 0x000000001998c000 Exception <a 'java/lang/NoSuchMethodError': <clinit>> (0x00000000e73497b8) thrown at [D:\src\AOSP-openjdk-cygwin\jdk8u\hotspot\src\share\vm\prims\jni.cpp, line 1613]
Event: 51.482 Thread 0x000000001998c000 Exception <a 'java/lang/NoSuchMethodError': <clinit>> (0x00000000e73538a0) thrown at [D:\src\AOSP-openjdk-cygwin\jdk8u\hotspot\src\share\vm\prims\jni.cpp, line 1613]
Event: 51.483 Thread 0x000000001998c000 Exception <a 'java/lang/NoSuchMethodError': <clinit>> (0x00000000e735fc40) thrown at [D:\src\AOSP-openjdk-cygwin\jdk8u\hotspot\src\share\vm\prims\jni.cpp, line 1613]
Event: 51.484 Thread 0x000000001998c000 Exception <a 'java/lang/NoSuchMethodError': <clinit>> (0x00000000e736a5a8) thrown at [D:\src\AOSP-openjdk-cygwin\jdk8u\hotspot\src\share\vm\prims\jni.cpp, line 1613]
Event: 51.488 Thread 0x000000001998c000 Exception <a 'java/lang/NoSuchMethodError': <clinit>> (0x00000000e7375f70) thrown at [D:\src\AOSP-openjdk-cygwin\jdk8u\hotspot\src\share\vm\prims\jni.cpp, line 1613]
Event: 51.493 Thread 0x000000001998c000 Exception <a 'java/lang/NoSuchMethodError': <clinit>> (0x00000000e738e860) thrown at [D:\src\AOSP-openjdk-cygwin\jdk8u\hotspot\src\share\vm\prims\jni.cpp, line 1613]
Event: 51.498 Thread 0x000000001998c000 Exception <a 'java/lang/NoSuchMethodError': <clinit>> (0x00000000e739ec10) thrown at [D:\src\AOSP-openjdk-cygwin\jdk8u\hotspot\src\share\vm\prims\jni.cpp, line 1613]
Event: 51.508 Thread 0x000000001998c000 Exception <a 'java/lang/NoSuchMethodError': <clinit>> (0x00000000e73a3740) thrown at [D:\src\AOSP-openjdk-cygwin\jdk8u\hotspot\src\share\vm\prims\jni.cpp, line 1613]
Event: 51.523 Thread 0x0000000019993800 Exception <a 'java/lang/NoSuchMethodError': <clinit>> (0x00000000e7470c08) thrown at [D:\src\AOSP-openjdk-cygwin\jdk8u\hotspot\src\share\vm\prims\jni.cpp, line 1613]
Event: 240.217 Thread 0x000000001ba99000 Implicit null exception at 0x0000000003342f26 to 0x0000000003342ffa

Events (10 events):
Event: 240.371 Thread 0x0000000016b2e000 flushing nmethod 0x0000000004b4fcd0
Event: 240.374 Thread 0x000000001ba99000 Uncommon trap: trap_request=0xffffffc6 fr.pc=0x0000000004b847cc
Event: 240.374 Thread 0x000000001ba99000 DEOPT PACKING pc=0x0000000004b847cc sp=0x0000000026a2cdc0
Event: 240.374 Thread 0x000000001ba99000 DEOPT UNPACKING pc=0x00000000031f557b sp=0x0000000026a2cd70 mode 2
Event: 240.376 Thread 0x0000000016b2e000 flushing nmethod 0x0000000004e10a10
Event: 240.377 Thread 0x0000000016b2e000 flushing nmethod 0x0000000005039250
Event: 240.408 Thread 0x000000001ba99000 Uncommon trap: trap_request=0xffffffde fr.pc=0x0000000004b5c7b4
Event: 240.408 Thread 0x000000001ba99000 DEOPT PACKING pc=0x0000000004b5c7b4 sp=0x0000000026a2c210
Event: 240.408 Thread 0x000000001ba99000 DEOPT UNPACKING pc=0x00000000031f557b sp=0x0000000026a2c1b8 mode 2
Event: 240.442 Thread 0x000000001baa0800 Thread added: 0x000000001baa0800


Dynamic libraries:
0x00007ff7cf410000 - 0x00007ff7cf441000 	C:\Program Files (x86)\Android\Android Studio\jre\bin\java.exe
0x00007ffc49700000 - 0x00007ffc498e1000 	C:\WINDOWS\SYSTEM32\ntdll.dll
0x00007ffc40fb0000 - 0x00007ffc40fc4000 	C:\Program Files\AVAST Software\Avast\x64\aswhooka.dll
0x00007ffc47f40000 - 0x00007ffc47ff2000 	C:\WINDOWS\System32\KERNEL32.DLL
0x00007ffc465c0000 - 0x00007ffc46833000 	C:\WINDOWS\System32\KERNELBASE.dll
0x00007ffc47e90000 - 0x00007ffc47f31000 	C:\WINDOWS\System32\ADVAPI32.dll
0x00007ffc47490000 - 0x00007ffc4752e000 	C:\WINDOWS\System32\msvcrt.dll
0x00007ffc46fe0000 - 0x00007ffc4703b000 	C:\WINDOWS\System32\sechost.dll
0x00007ffc494a0000 - 0x00007ffc495c4000 	C:\WINDOWS\System32\RPCRT4.dll
0x00007ffc46ba0000 - 0x00007ffc46d30000 	C:\WINDOWS\System32\USER32.dll
0x00007ffc45b50000 - 0x00007ffc45b70000 	C:\WINDOWS\System32\win32u.dll
0x00007ffc47540000 - 0x00007ffc47568000 	C:\WINDOWS\System32\GDI32.dll
0x00007ffc46940000 - 0x00007ffc46ad2000 	C:\WINDOWS\System32\gdi32full.dll
0x00007ffc45e10000 - 0x00007ffc45eaf000 	C:\WINDOWS\System32\msvcp_win.dll
0x00007ffc46840000 - 0x00007ffc4693a000 	C:\WINDOWS\System32\ucrtbase.dll
0x00007ffc31930000 - 0x00007ffc31b99000 	C:\WINDOWS\WinSxS\amd64_microsoft.windows.common-controls_6595b64144ccf1df_6.0.17134.407_none_fb449d63306391e9\COMCTL32.dll
0x00007ffc478d0000 - 0x00007ffc47bf2000 	C:\WINDOWS\System32\combase.dll
0x00007ffc45ad0000 - 0x00007ffc45b4a000 	C:\WINDOWS\System32\bcryptPrimitives.dll
0x00007ffc495d0000 - 0x00007ffc495fd000 	C:\WINDOWS\System32\IMM32.DLL
0x0000000064080000 - 0x0000000064152000 	C:\Program Files (x86)\Android\Android Studio\jre\jre\bin\msvcr100.dll
0x0000000064240000 - 0x0000000064a7f000 	C:\Program Files (x86)\Android\Android Studio\jre\jre\bin\server\jvm.dll
0x00007ffc47530000 - 0x00007ffc47538000 	C:\WINDOWS\System32\PSAPI.DLL
0x00007ffc338d0000 - 0x00007ffc338d9000 	C:\WINDOWS\SYSTEM32\WSOCK32.dll
0x00007ffc47860000 - 0x00007ffc478cc000 	C:\WINDOWS\System32\WS2_32.dll
0x00007ffc41710000 - 0x00007ffc41733000 	C:\WINDOWS\SYSTEM32\WINMM.dll
0x00007ffc3a770000 - 0x00007ffc3a77a000 	C:\WINDOWS\SYSTEM32\VERSION.dll
0x00007ffc416e0000 - 0x00007ffc4170a000 	C:\WINDOWS\SYSTEM32\WINMMBASE.dll
0x00007ffc46b40000 - 0x00007ffc46b89000 	C:\WINDOWS\System32\cfgmgr32.dll
0x00007ffc423f0000 - 0x00007ffc423ff000 	C:\Program Files (x86)\Android\Android Studio\jre\jre\bin\verify.dll
0x00007ffc423c0000 - 0x00007ffc423e9000 	C:\Program Files (x86)\Android\Android Studio\jre\jre\bin\java.dll
0x00007ffc422a0000 - 0x00007ffc422b6000 	C:\Program Files (x86)\Android\Android Studio\jre\jre\bin\zip.dll
0x00007ffc48000000 - 0x00007ffc4943f000 	C:\WINDOWS\System32\SHELL32.dll
0x00007ffc47de0000 - 0x00007ffc47e89000 	C:\WINDOWS\System32\shcore.dll
0x00007ffc45eb0000 - 0x00007ffc465bd000 	C:\WINDOWS\System32\windows.storage.dll
0x00007ffc46f80000 - 0x00007ffc46fd1000 	C:\WINDOWS\System32\shlwapi.dll
0x00007ffc45ab0000 - 0x00007ffc45ac1000 	C:\WINDOWS\System32\kernel.appcore.dll
0x00007ffc45a90000 - 0x00007ffc45aaf000 	C:\WINDOWS\System32\profapi.dll
0x00007ffc45a20000 - 0x00007ffc45a6c000 	C:\WINDOWS\System32\powrprof.dll
0x00007ffc45a10000 - 0x00007ffc45a1a000 	C:\WINDOWS\System32\FLTLIB.DLL
0x00007ffc410a0000 - 0x00007ffc410ba000 	C:\Program Files (x86)\Android\Android Studio\jre\jre\bin\net.dll
0x00007ffc45290000 - 0x00007ffc452f6000 	C:\WINDOWS\system32\mswsock.dll
0x00007ffc40ca0000 - 0x00007ffc40cb1000 	C:\Program Files (x86)\Android\Android Studio\jre\jre\bin\nio.dll
0x00007ffc43760000 - 0x00007ffc4377e000 	C:\Users\HP\.gradle\native\25\windows-amd64\native-platform.dll
0x00007ffc42390000 - 0x00007ffc4239d000 	C:\Program Files (x86)\Android\Android Studio\jre\jre\bin\management.dll
0x00007ffc45440000 - 0x00007ffc45457000 	C:\WINDOWS\SYSTEM32\CRYPTSP.dll
0x00007ffc44e10000 - 0x00007ffc44e43000 	C:\WINDOWS\system32\rsaenh.dll
0x00007ffc45570000 - 0x00007ffc45595000 	C:\WINDOWS\SYSTEM32\bcrypt.dll
0x00007ffc45910000 - 0x00007ffc45938000 	C:\WINDOWS\SYSTEM32\USERENV.dll
0x00007ffc45460000 - 0x00007ffc4546b000 	C:\WINDOWS\SYSTEM32\CRYPTBASE.dll
0x00007ffc45000000 - 0x00007ffc45038000 	C:\WINDOWS\SYSTEM32\IPHLPAPI.DLL
0x00007ffc46b90000 - 0x00007ffc46b98000 	C:\WINDOWS\System32\NSI.dll
0x00007ffc3bac0000 - 0x00007ffc3bad6000 	C:\WINDOWS\SYSTEM32\dhcpcsvc6.DLL
0x00007ffc3bb90000 - 0x00007ffc3bbaa000 	C:\WINDOWS\SYSTEM32\dhcpcsvc.DLL

VM Arguments:
jvm_args: -Xmx1536m -Dfile.encoding=windows-1252 -Duser.country=US -Duser.language=en -Duser.variant 
java_command: org.gradle.launcher.daemon.bootstrap.GradleDaemon 4.4
java_class_path (initial): C:\Users\HP\.gradle\wrapper\dists\gradle-4.4-all\9br9xq1tocpiv8o6njlyu5op1\gradle-4.4\lib\gradle-launcher-4.4.jar
Launcher Type: SUN_STANDARD

Environment Variables:
PATH=C:\Program Files (x86)\Common Files\Oracle\Java\javapath;C:\Program Files (x86)\Common Files\ArcSoft\Bin;C:\Program Files (x86)\Intel\iCLS Client\;C:\Program Files\Intel\iCLS Client\;C:\WINDOWS\system32;C:\WINDOWS;C:\WINDOWS\System32\Wbem;C:\WINDOWS\System32\WindowsPowerShell\v1.0\;C:\Program Files (x86)\Intel\Intel(R) Management Engine Components\DAL;C:\Program Files\Intel\Intel(R) Management Engine Components\DAL;C:\Program Files (x86)\Intel\Intel(R) Management Engine Components\IPT;C:\Program Files\Intel\Intel(R) Management Engine Components\IPT;c:\Program Files\Intel\WiFi\bin\;c:\Program Files\Common Files\Intel\WirelessCommon\;C:\Program Files (x86)\GtkSharp\2.12\bin;C:\WINDOWS\System32\OpenSSH\;C:\Users\HP\AppData\Local\Android\Sdk;C:\Program Files (x86)\Java\jdk1.6.0_18\bin;%USERPROFILE%\AppData\Local\Microsoft\WindowsApps;
USERNAME=HP
OS=Windows_NT
PROCESSOR_IDENTIFIER=Intel64 Family 6 Model 61 Stepping 4, GenuineIntel



---------------  S Y S T E M  ---------------

OS: Windows 10.0 , 64 bit Build 17134 (10.0.17134.1)

CPU:total 4 (initial active 4) (2 cores per cpu, 2 threads per core) family 6 model 61 stepping 4, cmov, cx8, fxsr, mmx, sse, sse2, sse3, ssse3, sse4.1, sse4.2, popcnt, avx, avx2, aes, clmul, erms, 3dnowpref, lzcnt, ht, tsc, tscinvbit, bmi1, bmi2, adx

Memory: 4k page, physical 4082796k(402864k free), swap 4082796k(5288k free)

vm_info: OpenJDK 64-Bit Server VM (25.152-b02) for windows-amd64 JRE (1.8.0_152-release-1024-b02), built by "builder" with MS VC++ 10.0 (VS2010)

time: Thu Dec 27 11:42:11 2018
elapsed time: 240 seconds (0d 0h 4m 0s)

