#
# There is insufficient memory for the Java Runtime Environment to continue.
# Native memory allocation (malloc) failed to allocate 1107920 bytes for Chunk::new
# Possible reasons:
#   The system is out of physical RAM or swap space
#   In 32 bit mode, the process size limit was hit
# Possible solutions:
#   Reduce memory load on the system
#   Increase physical memory or swap space
#   Check if swap backing store is full
#   Use 64 bit Java on a 64 bit OS
#   Decrease Java heap size (-Xmx/-Xms)
#   Decrease number of Java threads
#   Decrease Java thread stack sizes (-Xss)
#   Set larger code cache with -XX:ReservedCodeCacheSize=
# This output file may be truncated or incomplete.
#
#  Out of Memory Error (allocation.cpp:390), pid=2592, tid=0x00000000000013f0
#
# JRE version: OpenJDK Runtime Environment (8.0_152-b02) (build 1.8.0_152-release-1024-b02)
# Java VM: OpenJDK 64-Bit Server VM (25.152-b02 mixed mode windows-amd64 compressed oops)
# Failed to write core dump. Minidumps are not enabled by default on client versions of Windows
#

---------------  T H R E A D  ---------------

Current thread (0x00000000165e0000):  JavaThread "C2 CompilerThread1" daemon [_thread_in_native, id=5104, stack(0x0000000017d40000,0x0000000017e40000)]

Stack: [0x0000000017d40000,0x0000000017e40000]
[error occurred during error reporting (printing stack bounds), id 0xc0000005]

Native frames: (J=compiled Java code, j=interpreted, Vv=VM code, C=native code)


Current CompileTask:
C2:1643352 17635   !   4       java.net.URLClassLoader$1::run (63 bytes)


---------------  P R O C E S S  ---------------

Java Threads: ( => current thread )
  0x000000001d654800 JavaThread "pool-10-thread-1" [_thread_in_native, id=2228, stack(0x000000002d4d0000,0x000000002d5d0000)]
  0x000000001d655000 JavaThread "ForkJoinPool.commonPool-worker-2" daemon [_thread_blocked, id=5660, stack(0x000000002cbd0000,0x000000002ccd0000)]
  0x000000001b2de000 JavaThread "ForkJoinPool.commonPool-worker-1" daemon [_thread_blocked, id=2020, stack(0x000000002cad0000,0x000000002cbd0000)]
  0x000000001c77b000 JavaThread "ForkJoinPool.commonPool-worker-0" daemon [_thread_blocked, id=1652, stack(0x000000002c9d0000,0x000000002cad0000)]
  0x000000001c779800 JavaThread "Cache worker for Java compile cache (H:\AndroidStudioProjects\LogInPage\.gradle\4.4\javaCompile)" [_thread_blocked, id=2104, stack(0x000000002c8d0000,0x000000002c9d0000)]
  0x000000001b2d9800 JavaThread "Task worker for ':' Thread 3" [_thread_blocked, id=8608, stack(0x000000002add0000,0x000000002aed0000)]
  0x000000001b2d8000 JavaThread "Task worker for ':' Thread 2" [_thread_blocked, id=3664, stack(0x000000002acd0000,0x000000002add0000)]
  0x000000001b2d5800 JavaThread "Task worker for ':'" [_thread_blocked, id=9492, stack(0x000000002abd0000,0x000000002acd0000)]
  0x000000001b2dc800 JavaThread "Cache worker for Build Output Cleanup Cache (H:\AndroidStudioProjects\LogInPage\.gradle\buildOutputCleanup)" [_thread_blocked, id=7160, stack(0x000000002aad0000,0x000000002abd0000)]
  0x000000001b2db800 JavaThread "Cache worker for task history cache (H:\AndroidStudioProjects\LogInPage\.gradle\4.4\taskHistory)" [_thread_blocked, id=4392, stack(0x000000002a9d0000,0x000000002aad0000)]
  0x000000001b2db000 JavaThread "Cache worker for file content cache (H:\AndroidStudioProjects\LogInPage\.gradle\4.4\fileContent)" [_thread_blocked, id=5004, stack(0x000000002a8d0000,0x000000002a9d0000)]
  0x000000001b2d0800 JavaThread "build operations Thread 4" [_thread_blocked, id=2984, stack(0x000000002a7d0000,0x000000002a8d0000)]
  0x000000001b2d5000 JavaThread "build operations Thread 3" [_thread_blocked, id=7880, stack(0x000000002a6d0000,0x000000002a7d0000)]
  0x000000001b2d7000 JavaThread "build operations Thread 2" [_thread_blocked, id=5340, stack(0x000000002a5d0000,0x000000002a6d0000)]
  0x000000001c42e000 JavaThread "build operations" [_thread_blocked, id=2968, stack(0x000000002a4d0000,0x000000002a5d0000)]
  0x000000001c429800 JavaThread "Cache worker for Artifact transforms cache (C:\Users\HP\.gradle\caches\transforms-1)" [_thread_blocked, id=9240, stack(0x000000002a3d0000,0x000000002a4d0000)]
  0x000000001c42f000 JavaThread "Cache worker for file hash cache (H:\AndroidStudioProjects\LogInPage\.gradle\4.4\fileHashes)" [_thread_blocked, id=1504, stack(0x000000002a2d0000,0x000000002a3d0000)]
  0x000000001c42f800 JavaThread "Stdin handler" [_thread_blocked, id=2400, stack(0x000000002a1d0000,0x000000002a2d0000)]
  0x000000001c429000 JavaThread "Asynchronous log dispatcher for DefaultDaemonConnection: socket connection from /127.0.0.1:1641 to /127.0.0.1:2017" [_thread_blocked, id=10192, stack(0x000000002a0d0000,0x000000002a1d0000)]
  0x000000001c42d800 JavaThread "Daemon worker Thread 4" [_thread_blocked, id=5696, stack(0x0000000029fd0000,0x000000002a0d0000)]
  0x000000001c42c800 JavaThread "Cancel handler" [_thread_blocked, id=8244, stack(0x0000000029ed0000,0x0000000029fd0000)]
  0x000000001c42a800 JavaThread "Handler for socket connection from /127.0.0.1:1641 to /127.0.0.1:2017" [_thread_in_native, id=10120, stack(0x0000000029dd0000,0x0000000029ed0000)]
  0x000000001c42c000 JavaThread "Daemon Thread 4" [_thread_blocked, id=7960, stack(0x0000000029cd0000,0x0000000029dd0000)]
  0x000000001c77c800 JavaThread "Memory manager" [_thread_blocked, id=9688, stack(0x0000000020a50000,0x0000000020b50000)]
  0x00000000193ab000 JavaThread "File lock request listener" [_thread_in_native, id=5856, stack(0x000000001b090000,0x000000001b190000)]
  0x00000000194f2800 JavaThread "Cache worker for file hash cache (C:\Users\HP\.gradle\caches\4.4\fileHashes)" [_thread_blocked, id=5492, stack(0x000000001af90000,0x000000001b090000)]
  0x000000001957a000 JavaThread "Daemon periodic checks" [_thread_blocked, id=6648, stack(0x000000001a490000,0x000000001a590000)]
  0x0000000019573800 JavaThread "Incoming local TCP Connector on port 1641" [_thread_in_native, id=6332, stack(0x000000001a250000,0x000000001a350000)]
  0x0000000017f68800 JavaThread "Service Thread" daemon [_thread_blocked, id=5924, stack(0x0000000018340000,0x0000000018440000)]
  0x00000000165eb000 JavaThread "C1 CompilerThread2" daemon [_thread_blocked, id=7436, stack(0x0000000017e40000,0x0000000017f40000)]
=>0x00000000165e0000 JavaThread "C2 CompilerThread1" daemon [_thread_in_native, id=5104, stack(0x0000000017d40000,0x0000000017e40000)]
  0x00000000165d9800 JavaThread "C2 CompilerThread0" daemon [_thread_blocked, id=7652, stack(0x0000000017c40000,0x0000000017d40000)]
  0x00000000165e5800 JavaThread "Attach Listener" daemon [_thread_blocked, id=7632, stack(0x0000000017b40000,0x0000000017c40000)]
  0x00000000165e4800 JavaThread "Signal Dispatcher" daemon [_thread_blocked, id=9272, stack(0x0000000017a40000,0x0000000017b40000)]
  0x0000000002b9c800 JavaThread "Finalizer" daemon [_thread_blocked, id=10012, stack(0x0000000017850000,0x0000000017950000)]
  0x0000000002b91800 JavaThread "Reference Handler" daemon [_thread_blocked, id=10100, stack(0x0000000017750000,0x0000000017850000)]
  0x0000000002c6e000 JavaThread "main" [_thread_blocked, id=6464, stack(0x0000000002970000,0x0000000002a70000)]

Other Threads:
  0x00000000165a6800 VMThread [stack: 0x0000000017650000,0x0000000017750000] [id=8572]
  0x0000000017f72000 WatcherThread [stack: 0x0000000018440000,0x0000000018540000] [id=5956]

VM state:not at safepoint (normal execution)

VM Mutex/Monitor currently owned by a thread: None

Heap:
 PSYoungGen      total 216064K, used 213582K [0x00000000e0000000, 0x00000000eff80000, 0x0000000100000000)
  eden space 170496K, 98% used [0x00000000e0000000,0x00000000ea417b48,0x00000000ea680000)
  from space 45568K, 99% used [0x00000000ed300000,0x00000000eff7bd50,0x00000000eff80000)
  to   space 27136K, 0% used [0x00000000ead00000,0x00000000ead00000,0x00000000ec780000)
 ParOldGen       total 168448K, used 90948K [0x00000000a0000000, 0x00000000aa480000, 0x00000000e0000000)
  object space 168448K, 53% used [0x00000000a0000000,0x00000000a58d1098,0x00000000aa480000)
 Metaspace       used 96385K, capacity 101544K, committed 101836K, reserved 1136640K
  class space    used 12564K, capacity 13703K, committed 13784K, reserved 1048576K

Card table byte_map: [0x0000000012030000,0x0000000012340000] byte_map_base: 0x0000000011b30000

Marking Bits: (ParMarkBitMap*) 0x0000000070404970
 Begin Bits: [0x0000000012940000, 0x0000000014140000)
 End Bits:   [0x0000000014140000, 0x0000000015940000)

Polling page: 0x0000000000f30000

CodeCache: size=245760Kb used=48557Kb max_used=48567Kb free=197202Kb
 bounds [0x0000000002c70000, 0x0000000005c30000, 0x0000000011c70000]
 total_blobs=15399 nmethods=14557 adapters=754
 compilation: enabled

Compilation events (10 events):
Event: 1643.264 Thread 0x00000000165d9800 nmethod 17707 0x0000000005c0c990 code [0x0000000005c0cae0, 0x0000000005c0cb98]
Event: 1643.266 Thread 0x00000000165d9800 17710 % !   4       sun.nio.cs.US_ASCII$Decoder::decodeArrayLoop @ 129 (297 bytes)
Event: 1643.268 Thread 0x00000000165eb000 17712       1       java.util.zip.ZStreamRef::address (5 bytes)
Event: 1643.268 Thread 0x00000000165eb000 nmethod 17712 0x0000000005c0c6d0 code [0x0000000005c0c820, 0x0000000005c0c930]
Event: 1643.271 Thread 0x00000000165eb000 17713   !   3       java.util.zip.Deflater::needsInput (27 bytes)
Event: 1643.271 Thread 0x00000000165eb000 nmethod 17713 0x0000000005c0c150 code [0x0000000005c0c2c0, 0x0000000005c0c610]
Event: 1643.271 Thread 0x00000000165eb000 17714       3       java.util.zip.DeflaterOutputStream::deflate (36 bytes)
Event: 1643.272 Thread 0x00000000165eb000 nmethod 17714 0x0000000005c180d0 code [0x0000000005c18260, 0x0000000005c185b8]
Event: 1643.272 Thread 0x00000000165eb000 17715       3       java.util.zip.Deflater::ensureOpen (47 bytes)
Event: 1643.272 Thread 0x00000000165eb000 nmethod 17715 0x0000000005c17b50 code [0x0000000005c17cc0, 0x0000000005c17fa8]

GC Heap History (10 events):
Event: 1612.790 GC heap before
{Heap before GC invocations=24 (full 3):
 PSYoungGen      total 216576K, used 216553K [0x00000000e0000000, 0x00000000f0300000, 0x0000000100000000)
  eden space 193024K, 100% used [0x00000000e0000000,0x00000000ebc80000,0x00000000ebc80000)
  from space 23552K, 99% used [0x00000000eda00000,0x00000000ef0fa520,0x00000000ef100000)
  to   space 30208K, 0% used [0x00000000ebc80000,0x00000000ebc80000,0x00000000eda00000)
 ParOldGen       total 113152K, used 55194K [0x00000000a0000000, 0x00000000a6e80000, 0x00000000e0000000)
  object space 113152K, 48% used [0x00000000a0000000,0x00000000a35e6bd8,0x00000000a6e80000)
 Metaspace       used 80751K, capacity 84926K, committed 85208K, reserved 1122304K
  class space    used 10657K, capacity 11624K, committed 11736K, reserved 1048576K
Event: 1612.863 GC heap after
Heap after GC invocations=24 (full 3):
 PSYoungGen      total 215040K, used 28685K [0x00000000e0000000, 0x00000000ef880000, 0x0000000100000000)
  eden space 185856K, 0% used [0x00000000e0000000,0x00000000e0000000,0x00000000eb580000)
  from space 29184K, 98% used [0x00000000ebc80000,0x00000000ed8837d8,0x00000000ed900000)
  to   space 32256K, 0% used [0x00000000ed900000,0x00000000ed900000,0x00000000ef880000)
 ParOldGen       total 113152K, used 59751K [0x00000000a0000000, 0x00000000a6e80000, 0x00000000e0000000)
  object space 113152K, 52% used [0x00000000a0000000,0x00000000a3a59d58,0x00000000a6e80000)
 Metaspace       used 80751K, capacity 84926K, committed 85208K, reserved 1122304K
  class space    used 10657K, capacity 11624K, committed 11736K, reserved 1048576K
}
Event: 1628.972 GC heap before
{Heap before GC invocations=25 (full 3):
 PSYoungGen      total 215040K, used 214541K [0x00000000e0000000, 0x00000000ef880000, 0x0000000100000000)
  eden space 185856K, 100% used [0x00000000e0000000,0x00000000eb580000,0x00000000eb580000)
  from space 29184K, 98% used [0x00000000ebc80000,0x00000000ed8837d8,0x00000000ed900000)
  to   space 32256K, 0% used [0x00000000ed900000,0x00000000ed900000,0x00000000ef880000)
 ParOldGen       total 113152K, used 59751K [0x00000000a0000000, 0x00000000a6e80000, 0x00000000e0000000)
  object space 113152K, 52% used [0x00000000a0000000,0x00000000a3a59d58,0x00000000a6e80000)
 Metaspace       used 86453K, capacity 90652K, committed 90968K, reserved 1128448K
  class space    used 11301K, capacity 12311K, committed 12376K, reserved 1048576K
Event: 1629.044 GC heap after
Heap after GC invocations=25 (full 3):
 PSYoungGen      total 209408K, used 32227K [0x00000000e0000000, 0x00000000f0680000, 0x0000000100000000)
  eden space 177152K, 0% used [0x00000000e0000000,0x00000000e0000000,0x00000000ead00000)
  from space 32256K, 99% used [0x00000000ed900000,0x00000000ef878d98,0x00000000ef880000)
  to   space 45056K, 0% used [0x00000000ead00000,0x00000000ead00000,0x00000000ed900000)
 ParOldGen       total 113152K, used 74906K [0x00000000a0000000, 0x00000000a6e80000, 0x00000000e0000000)
  object space 113152K, 66% used [0x00000000a0000000,0x00000000a4926bd8,0x00000000a6e80000)
 Metaspace       used 86453K, capacity 90652K, committed 90968K, reserved 1128448K
  class space    used 11301K, capacity 12311K, committed 12376K, reserved 1048576K
}
Event: 1634.471 GC heap before
{Heap before GC invocations=26 (full 3):
 PSYoungGen      total 209408K, used 116921K [0x00000000e0000000, 0x00000000f0680000, 0x0000000100000000)
  eden space 177152K, 47% used [0x00000000e0000000,0x00000000e52b5878,0x00000000ead00000)
  from space 32256K, 99% used [0x00000000ed900000,0x00000000ef878d98,0x00000000ef880000)
  to   space 45056K, 0% used [0x00000000ead00000,0x00000000ead00000,0x00000000ed900000)
 ParOldGen       total 113152K, used 74906K [0x00000000a0000000, 0x00000000a6e80000, 0x00000000e0000000)
  object space 113152K, 66% used [0x00000000a0000000,0x00000000a4926bd8,0x00000000a6e80000)
 Metaspace       used 93358K, capacity 98328K, committed 98380K, reserved 1134592K
  class space    used 12225K, capacity 13375K, committed 13400K, reserved 1048576K
Event: 1634.531 GC heap after
Heap after GC invocations=26 (full 3):
 PSYoungGen      total 197632K, used 26818K [0x00000000e0000000, 0x00000000eff80000, 0x0000000100000000)
  eden space 170496K, 0% used [0x00000000e0000000,0x00000000e0000000,0x00000000ea680000)
  from space 27136K, 98% used [0x00000000ead00000,0x00000000ec730998,0x00000000ec780000)
  to   space 45568K, 0% used [0x00000000ed300000,0x00000000ed300000,0x00000000eff80000)
 ParOldGen       total 113152K, used 87160K [0x00000000a0000000, 0x00000000a6e80000, 0x00000000e0000000)
  object space 113152K, 77% used [0x00000000a0000000,0x00000000a551e200,0x00000000a6e80000)
 Metaspace       used 93358K, capacity 98328K, committed 98380K, reserved 1134592K
  class space    used 12225K, capacity 13375K, committed 13400K, reserved 1048576K
}
Event: 1634.531 GC heap before
{Heap before GC invocations=27 (full 4):
 PSYoungGen      total 197632K, used 26818K [0x00000000e0000000, 0x00000000eff80000, 0x0000000100000000)
  eden space 170496K, 0% used [0x00000000e0000000,0x00000000e0000000,0x00000000ea680000)
  from space 27136K, 98% used [0x00000000ead00000,0x00000000ec730998,0x00000000ec780000)
  to   space 45568K, 0% used [0x00000000ed300000,0x00000000ed300000,0x00000000eff80000)
 ParOldGen       total 113152K, used 87160K [0x00000000a0000000, 0x00000000a6e80000, 0x00000000e0000000)
  object space 113152K, 77% used [0x00000000a0000000,0x00000000a551e200,0x00000000a6e80000)
 Metaspace       used 93358K, capacity 98328K, committed 98380K, reserved 1134592K
  class space    used 12225K, capacity 13375K, committed 13400K, reserved 1048576K
Event: 1635.276 GC heap after
Heap after GC invocations=27 (full 4):
 PSYoungGen      total 197632K, used 0K [0x00000000e0000000, 0x00000000eff80000, 0x0000000100000000)
  eden space 170496K, 0% used [0x00000000e0000000,0x00000000e0000000,0x00000000ea680000)
  from space 27136K, 0% used [0x00000000ead00000,0x00000000ead00000,0x00000000ec780000)
  to   space 45568K, 0% used [0x00000000ed300000,0x00000000ed300000,0x00000000eff80000)
 ParOldGen       total 168448K, used 79449K [0x00000000a0000000, 0x00000000aa480000, 0x00000000e0000000)
  object space 168448K, 47% used [0x00000000a0000000,0x00000000a4d96740,0x00000000aa480000)
 Metaspace       used 92846K, capacity 97280K, committed 98380K, reserved 1134592K
  class space    used 12087K, capacity 13131K, committed 13400K, reserved 1048576K
}
Event: 1640.238 GC heap before
{Heap before GC invocations=28 (full 4):
 PSYoungGen      total 197632K, used 170496K [0x00000000e0000000, 0x00000000eff80000, 0x0000000100000000)
  eden space 170496K, 100% used [0x00000000e0000000,0x00000000ea680000,0x00000000ea680000)
  from space 27136K, 0% used [0x00000000ead00000,0x00000000ead00000,0x00000000ec780000)
  to   space 45568K, 0% used [0x00000000ed300000,0x00000000ed300000,0x00000000eff80000)
 ParOldGen       total 168448K, used 79449K [0x00000000a0000000, 0x00000000aa480000, 0x00000000e0000000)
  object space 168448K, 47% used [0x00000000a0000000,0x00000000a4d96740,0x00000000aa480000)
 Metaspace       used 94675K, capacity 99730K, committed 100172K, reserved 1136640K
  class space    used 12362K, capacity 13458K, committed 13656K, reserved 1048576K
Event: 1640.382 GC heap after
Heap after GC invocations=28 (full 4):
 PSYoungGen      total 216064K, used 45551K [0x00000000e0000000, 0x00000000eff80000, 0x0000000100000000)
  eden space 170496K, 0% used [0x00000000e0000000,0x00000000e0000000,0x00000000ea680000)
  from space 45568K, 99% used [0x00000000ed300000,0x00000000eff7bd50,0x00000000eff80000)
  to   space 27136K, 0% used [0x00000000ead00000,0x00000000ead00000,0x00000000ec780000)
 ParOldGen       total 168448K, used 90948K [0x00000000a0000000, 0x00000000aa480000, 0x00000000e0000000)
  object space 168448K, 53% used [0x00000000a0000000,0x00000000a58d1098,0x00000000aa480000)
 Metaspace       used 94675K, capacity 99730K, committed 100172K, reserved 1136640K
  class space    used 12362K, capacity 13458K, committed 13656K, reserved 1048576K
}

Deoptimization events (10 events):
Event: 1642.956 Thread 0x000000001c77b000 Uncommon trap: reason=unstable_if action=reinterpret pc=0x000000000507b47c method=java.nio.Bits.getInt(Ljava/nio/ByteBuffer;IZ)I @ 1
Event: 1642.972 Thread 0x000000001c77b000 Uncommon trap: reason=unstable_if action=reinterpret pc=0x0000000005be1084 method=com.android.apksig.internal.jar.ManifestParser.readLine()[B @ 8
Event: 1643.093 Thread 0x000000001c77b000 Uncommon trap: reason=speculate_class_check action=maybe_recompile pc=0x0000000005bfa5e4 method=java.nio.charset.CharsetEncoder.reset()Ljava/nio/charset/CharsetEncoder; @ 1
Event: 1643.093 Thread 0x000000001c77b000 Uncommon trap: reason=speculate_class_check action=maybe_recompile pc=0x0000000005bfa5e4 method=java.nio.charset.CharsetEncoder.reset()Ljava/nio/charset/CharsetEncoder; @ 1
Event: 1643.093 Thread 0x000000001c77b000 Uncommon trap: reason=speculate_class_check action=maybe_recompile pc=0x0000000005bfa5e4 method=java.nio.charset.CharsetEncoder.reset()Ljava/nio/charset/CharsetEncoder; @ 1
Event: 1643.093 Thread 0x000000001c77b000 Uncommon trap: reason=speculate_class_check action=maybe_recompile pc=0x0000000005bfa5e4 method=java.nio.charset.CharsetEncoder.reset()Ljava/nio/charset/CharsetEncoder; @ 1
Event: 1643.111 Thread 0x000000001c77b000 Uncommon trap: reason=speculate_class_check action=maybe_recompile pc=0x0000000005c055ac method=java.nio.charset.CharsetEncoder.reset()Ljava/nio/charset/CharsetEncoder; @ 1
Event: 1643.112 Thread 0x000000001c77b000 Uncommon trap: reason=speculate_class_check action=maybe_recompile pc=0x0000000005c055ac method=java.nio.charset.CharsetEncoder.reset()Ljava/nio/charset/CharsetEncoder; @ 1
Event: 1643.247 Thread 0x000000001d654800 Uncommon trap: reason=bimorphic action=maybe_recompile pc=0x000000000403f8fc method=java.util.concurrent.ThreadPoolExecutor.getTask()Ljava/lang/Runnable; @ 134
Event: 1643.265 Thread 0x000000001c77b000 Uncommon trap: reason=class_check action=maybe_recompile pc=0x0000000005b5778c method=com.android.apkzlib.zip.ZipField.checkVerifiesInvariants(J)V @ 25

Classes redefined (0 events):
No events

Internal exceptions (10 events):
Event: 1637.530 Thread 0x000000001c77b000 Exception <a 'sun/nio/fs/WindowsException'> (0x00000000e16ba730) thrown at [D:\src\AOSP-openjdk-cygwin\jdk8u\hotspot\src\share\vm\prims\jni.cpp, line 709]
Event: 1637.953 Thread 0x000000001d650800 Implicit null exception at 0x00000000030074ef to 0x00000000030075e1
Event: 1637.953 Thread 0x000000001d650000 Implicit null exception at 0x00000000030074ef to 0x00000000030075e1
Event: 1639.086 Thread 0x000000001c77b000 Implicit null exception at 0x00000000058dfa02 to 0x00000000058dff91
Event: 1640.024 Thread 0x000000001d650000 Implicit null exception at 0x0000000005329e4f to 0x0000000005329fbd
Event: 1640.770 Thread 0x000000001d650000 Implicit null exception at 0x0000000005a6eeec to 0x0000000005a6f159
Event: 1641.069 Thread 0x000000001d650000 Exception <a 'sun/nio/fs/WindowsException'> (0x00000000e5744be0) thrown at [D:\src\AOSP-openjdk-cygwin\jdk8u\hotspot\src\share\vm\prims\jni.cpp, line 709]
Event: 1642.496 Thread 0x000000001c77b000 Exception <a 'java/lang/NoSuchMethodError': java.lang.Object.lambda$asRunnable$0(Lcom/android/apkzlib/utils/IOExceptionRunnable;)V> (0x00000000e6c0f750) thrown at [D:\src\AOSP-openjdk-cygwin\jdk8u\hotspot\src\share\vm\interpreter\linkResolver.cpp, line 58
Event: 1642.570 Thread 0x000000001c77b000 Implicit null exception at 0x00000000040c9f39 to 0x00000000040cac1d
Event: 1643.183 Thread 0x000000001c77b000 Exception <a 'java/lang/NoSuchMethodError': java.lang.Object.lambda$comparing$ea9a8b3a$1(Ljava/util/Comparator;Ljava/util/function/Function;Ljava/lang/Object;Ljava/lang/Object;)I> (0x00000000e8b4cab8) thrown at [D:\src\AOSP-openjdk-cygwin\jdk8u\hotspot\sr

Events (10 events):
Event: 1643.261 loading class com/google/common/collect/Maps$FilteredKeyMap done
Event: 1643.262 loading class com/android/builder/internal/packaging/PackagedFileUpdates
Event: 1643.262 loading class com/android/builder/internal/packaging/PackagedFileUpdates done
Event: 1643.262 loading class com/android/builder/internal/packaging/PackagedFileUpdate
Event: 1643.262 loading class com/android/builder/internal/packaging/PackagedFileUpdate done
Event: 1643.262 loading class com/android/builder/internal/packaging/PackagedFileUpdate
Event: 1643.262 loading class com/android/builder/internal/packaging/PackagedFileUpdate done
Event: 1643.265 Thread 0x000000001c77b000 Uncommon trap: trap_request=0xffffffde fr.pc=0x0000000005b5778c
Event: 1643.265 Thread 0x000000001c77b000 DEOPT PACKING pc=0x0000000005b5778c sp=0x000000002cace9b0
Event: 1643.265 Thread 0x000000001c77b000 DEOPT UNPACKING pc=0x0000000002cb557b sp=0x000000002cace900 mode 2


Dynamic libraries:
0x00007ff7841a0000 - 0x00007ff7841d1000 	C:\Program Files (x86)\Android\Android Studio\jre\bin\java.exe
0x00007ffa477b0000 - 0x00007ffa47991000 	C:\WINDOWS\SYSTEM32\ntdll.dll
0x00007ffa018c0000 - 0x00007ffa018d4000 	C:\Program Files\AVAST Software\Avast\x64\aswhooka.dll
0x00007ffa47330000 - 0x00007ffa473e2000 	C:\WINDOWS\System32\KERNEL32.DLL
0x00007ffa43df0000 - 0x00007ffa44063000 	C:\WINDOWS\System32\KERNELBASE.dll
0x00007ffa455b0000 - 0x00007ffa45651000 	C:\WINDOWS\System32\ADVAPI32.dll
0x00007ffa46ff0000 - 0x00007ffa4708e000 	C:\WINDOWS\System32\msvcrt.dll
0x00007ffa46f90000 - 0x00007ffa46feb000 	C:\WINDOWS\System32\sechost.dll
0x00007ffa47200000 - 0x00007ffa47324000 	C:\WINDOWS\System32\RPCRT4.dll
0x00007ffa473f0000 - 0x00007ffa47580000 	C:\WINDOWS\System32\USER32.dll
0x00007ffa44310000 - 0x00007ffa44330000 	C:\WINDOWS\System32\win32u.dll
0x00007ffa44c50000 - 0x00007ffa44c78000 	C:\WINDOWS\System32\GDI32.dll
0x00007ffa44170000 - 0x00007ffa44302000 	C:\WINDOWS\System32\gdi32full.dll
0x00007ffa44330000 - 0x00007ffa443cf000 	C:\WINDOWS\System32\msvcp_win.dll
0x00007ffa443d0000 - 0x00007ffa444ca000 	C:\WINDOWS\System32\ucrtbase.dll
0x00007ffa34780000 - 0x00007ffa349e9000 	C:\WINDOWS\WinSxS\amd64_microsoft.windows.common-controls_6595b64144ccf1df_6.0.17134.407_none_fb449d63306391e9\COMCTL32.dll
0x00007ffa457c0000 - 0x00007ffa45ae2000 	C:\WINDOWS\System32\combase.dll
0x00007ffa43b80000 - 0x00007ffa43bfa000 	C:\WINDOWS\System32\bcryptPrimitives.dll
0x00007ffa44c90000 - 0x00007ffa44cbd000 	C:\WINDOWS\System32\IMM32.DLL
0x000000006fa80000 - 0x000000006fb52000 	C:\Program Files (x86)\Android\Android Studio\jre\jre\bin\msvcr100.dll
0x000000006fc40000 - 0x000000007047f000 	C:\Program Files (x86)\Android\Android Studio\jre\jre\bin\server\jvm.dll
0x00007ffa44c40000 - 0x00007ffa44c48000 	C:\WINDOWS\System32\PSAPI.DLL
0x00007ffa1b100000 - 0x00007ffa1b109000 	C:\WINDOWS\SYSTEM32\WSOCK32.dll
0x00007ffa454e0000 - 0x00007ffa4554c000 	C:\WINDOWS\System32\WS2_32.dll
0x00007ffa3f670000 - 0x00007ffa3f693000 	C:\WINDOWS\SYSTEM32\WINMM.dll
0x00007ffa35a50000 - 0x00007ffa35a5a000 	C:\WINDOWS\SYSTEM32\VERSION.dll
0x00007ffa3f640000 - 0x00007ffa3f66a000 	C:\WINDOWS\SYSTEM32\WINMMBASE.dll
0x00007ffa44070000 - 0x00007ffa440b9000 	C:\WINDOWS\System32\cfgmgr32.dll
0x00007ffa158b0000 - 0x00007ffa158bf000 	C:\Program Files (x86)\Android\Android Studio\jre\jre\bin\verify.dll
0x00007ff9fdca0000 - 0x00007ff9fdcc9000 	C:\Program Files (x86)\Android\Android Studio\jre\jre\bin\java.dll
0x00007ff9ff1a0000 - 0x00007ff9ff1b6000 	C:\Program Files (x86)\Android\Android Studio\jre\jre\bin\zip.dll
0x00007ffa45b50000 - 0x00007ffa46f8f000 	C:\WINDOWS\System32\SHELL32.dll
0x00007ffa45430000 - 0x00007ffa454d9000 	C:\WINDOWS\System32\shcore.dll
0x00007ffa444d0000 - 0x00007ffa44bdd000 	C:\WINDOWS\System32\windows.storage.dll
0x00007ffa47090000 - 0x00007ffa470e1000 	C:\WINDOWS\System32\shlwapi.dll
0x00007ffa43b40000 - 0x00007ffa43b51000 	C:\WINDOWS\System32\kernel.appcore.dll
0x00007ffa43b60000 - 0x00007ffa43b7f000 	C:\WINDOWS\System32\profapi.dll
0x00007ffa43ac0000 - 0x00007ffa43b0c000 	C:\WINDOWS\System32\powrprof.dll
0x00007ffa43b10000 - 0x00007ffa43b1a000 	C:\WINDOWS\System32\FLTLIB.DLL
0x00007ff9ff180000 - 0x00007ff9ff19a000 	C:\Program Files (x86)\Android\Android Studio\jre\jre\bin\net.dll
0x00007ffa432e0000 - 0x00007ffa43346000 	C:\WINDOWS\system32\mswsock.dll
0x00007ff9feb30000 - 0x00007ff9feb41000 	C:\Program Files (x86)\Android\Android Studio\jre\jre\bin\nio.dll
0x00007ffa3a4d0000 - 0x00007ffa3a4ee000 	C:\Users\HP\.gradle\native\25\windows-amd64\native-platform.dll
0x00007ffa3db90000 - 0x00007ffa3db9d000 	C:\Program Files (x86)\Android\Android Studio\jre\jre\bin\management.dll
0x00007ffa43490000 - 0x00007ffa434a7000 	C:\WINDOWS\SYSTEM32\CRYPTSP.dll
0x00007ffa42ec0000 - 0x00007ffa42ef3000 	C:\WINDOWS\system32\rsaenh.dll
0x00007ffa435c0000 - 0x00007ffa435e5000 	C:\WINDOWS\SYSTEM32\bcrypt.dll
0x00007ffa439f0000 - 0x00007ffa43a18000 	C:\WINDOWS\SYSTEM32\USERENV.dll
0x00007ffa434b0000 - 0x00007ffa434bb000 	C:\WINDOWS\SYSTEM32\CRYPTBASE.dll
0x00007ffa43060000 - 0x00007ffa43098000 	C:\WINDOWS\SYSTEM32\IPHLPAPI.DLL
0x00007ffa44c80000 - 0x00007ffa44c88000 	C:\WINDOWS\System32\NSI.dll
0x00007ffa39b70000 - 0x00007ffa39b86000 	C:\WINDOWS\SYSTEM32\dhcpcsvc6.DLL
0x00007ffa39d90000 - 0x00007ffa39daa000 	C:\WINDOWS\SYSTEM32\dhcpcsvc.DLL

VM Arguments:
jvm_args: -Xmx1536m -Dfile.encoding=windows-1252 -Duser.country=US -Duser.language=en -Duser.variant 
java_command: org.gradle.launcher.daemon.bootstrap.GradleDaemon 4.4
java_class_path (initial): C:\Users\HP\.gradle\wrapper\dists\gradle-4.4-all\9br9xq1tocpiv8o6njlyu5op1\gradle-4.4\lib\gradle-launcher-4.4.jar
Launcher Type: SUN_STANDARD

Environment Variables:
PATH=C:\Program Files (x86)\Common Files\Oracle\Java\javapath;C:\Program Files (x86)\Common Files\ArcSoft\Bin;C:\Program Files (x86)\Intel\iCLS Client\;C:\Program Files\Intel\iCLS Client\;C:\WINDOWS\system32;C:\WINDOWS;C:\WINDOWS\System32\Wbem;C:\WINDOWS\System32\WindowsPowerShell\v1.0\;C:\Program Files (x86)\Intel\Intel(R) Management Engine Components\DAL;C:\Program Files\Intel\Intel(R) Management Engine Components\DAL;C:\Program Files (x86)\Intel\Intel(R) Management Engine Components\IPT;C:\Program Files\Intel\Intel(R) Management Engine Components\IPT;c:\Program Files\Intel\WiFi\bin\;c:\Program Files\Common Files\Intel\WirelessCommon\;C:\Program Files (x86)\GtkSharp\2.12\bin;C:\WINDOWS\System32\OpenSSH\;C:\Users\HP\AppData\Local\Android\Sdk;C:\Program Files (x86)\Java\jdk1.6.0_18\bin;%USERPROFILE%\AppData\Local\Microsoft\WindowsApps;
USERNAME=HP
OS=Windows_NT
PROCESSOR_IDENTIFIER=Intel64 Family 6 Model 61 Stepping 4, GenuineIntel



---------------  S Y S T E M  ---------------

OS: Windows 10.0 , 64 bit Build 17134 (10.0.17134.1)

CPU:total 4 (initial active 4) (2 cores per cpu, 2 threads per core) family 6 model 61 stepping 4, cmov, cx8, fxsr, mmx, sse, sse2, sse3, ssse3, sse4.1, sse4.2, popcnt, avx, avx2, aes, clmul, erms, 3dnowpref, lzcnt, ht, tsc, tscinvbit, bmi1, bmi2, adx

Memory: 4k page, physical 4082796k(321220k free), swap 4082796k(5224k free)

vm_info: OpenJDK 64-Bit Server VM (25.152-b02) for windows-amd64 JRE (1.8.0_152-release-1024-b02), built by "builder" with MS VC++ 10.0 (VS2010)

time: Sun Dec 30 18:53:26 2018
elapsed time: 1643 seconds (0d 0h 27m 23s)

