#
# There is insufficient memory for the Java Runtime Environment to continue.
# Native memory allocation (malloc) failed to allocate 1884976 bytes for Chunk::new
# Possible reasons:
#   The system is out of physical RAM or swap space
#   In 32 bit mode, the process size limit was hit
# Possible solutions:
#   Reduce memory load on the system
#   Increase physical memory or swap space
#   Check if swap backing store is full
#   Use 64 bit Java on a 64 bit OS
#   Decrease Java heap size (-Xmx/-Xms)
#   Decrease number of Java threads
#   Decrease Java thread stack sizes (-Xss)
#   Set larger code cache with -XX:ReservedCodeCacheSize=
# This output file may be truncated or incomplete.
#
#  Out of Memory Error (allocation.cpp:390), pid=1956, tid=0x0000000000000460
#
# JRE version: OpenJDK Runtime Environment (8.0_152-b02) (build 1.8.0_152-release-1024-b02)
# Java VM: OpenJDK 64-Bit Server VM (25.152-b02 mixed mode windows-amd64 compressed oops)
# Failed to write core dump. Minidumps are not enabled by default on client versions of Windows
#

---------------  T H R E A D  ---------------

Current thread (0x0000000016769800):  JavaThread "C2 CompilerThread0" daemon [_thread_in_native, id=1120, stack(0x0000000017dd0000,0x0000000017ed0000)]

Stack: [0x0000000017dd0000,0x0000000017ed0000]
[error occurred during error reporting (printing stack bounds), id 0xc0000005]

Native frames: (J=compiled Java code, j=interpreted, Vv=VM code, C=native code)


Current CompileTask:
C2: 383306 13448       4       org.gradle.api.internal.project.taskfactory.DefaultTaskClassValidatorExtractor::mergeDeclaredAnnotations (218 bytes)


---------------  P R O C E S S  ---------------

Java Threads: ( => current thread )
  0x0000000018af2800 JavaThread "Task worker for ':' Thread 3" [_thread_blocked, id=6776, stack(0x0000000027b40000,0x0000000027c40000)]
  0x0000000018af4800 JavaThread "Task worker for ':' Thread 2" [_thread_blocked, id=4104, stack(0x0000000027a40000,0x0000000027b40000)]
  0x0000000018af3000 JavaThread "Task worker for ':'" [_thread_blocked, id=5076, stack(0x0000000027940000,0x0000000027a40000)]
  0x0000000018aea800 JavaThread "Cache worker for Build Output Cleanup Cache (H:\AndroidStudioProjects\LogInPage\.gradle\buildOutputCleanup)" [_thread_blocked, id=8392, stack(0x0000000027840000,0x0000000027940000)]
  0x0000000018af1800 JavaThread "Cache worker for task history cache (H:\AndroidStudioProjects\LogInPage\.gradle\4.4\taskHistory)" [_thread_blocked, id=8388, stack(0x0000000027740000,0x0000000027840000)]
  0x0000000018af1000 JavaThread "Cache worker for file content cache (H:\AndroidStudioProjects\LogInPage\.gradle\4.4\fileContent)" [_thread_blocked, id=9708, stack(0x0000000027640000,0x0000000027740000)]
  0x0000000018aea000 JavaThread "build operations Thread 4" [_thread_blocked, id=912, stack(0x0000000027540000,0x0000000027640000)]
  0x0000000018ae9000 JavaThread "build operations Thread 3" [_thread_blocked, id=4336, stack(0x0000000027440000,0x0000000027540000)]
  0x0000000018af0000 JavaThread "build operations Thread 2" [_thread_blocked, id=7852, stack(0x0000000027340000,0x0000000027440000)]
  0x0000000018aef000 JavaThread "build operations" [_thread_blocked, id=3604, stack(0x0000000027240000,0x0000000027340000)]
  0x0000000018ae7800 JavaThread "Cache worker for Artifact transforms cache (C:\Users\HP\.gradle\caches\transforms-1)" [_thread_blocked, id=5888, stack(0x0000000027140000,0x0000000027240000)]
  0x0000000018aee800 JavaThread "Cache worker for file hash cache (H:\AndroidStudioProjects\LogInPage\.gradle\4.4\fileHashes)" [_thread_blocked, id=4928, stack(0x0000000027040000,0x0000000027140000)]
  0x0000000018ae7000 JavaThread "Stdin handler" [_thread_blocked, id=4892, stack(0x0000000026f40000,0x0000000027040000)]
  0x0000000018aed800 JavaThread "Asynchronous log dispatcher for DefaultDaemonConnection: socket connection from /127.0.0.1:2121 to /127.0.0.1:2321" [_thread_blocked, id=372, stack(0x0000000026e40000,0x0000000026f40000)]
  0x0000000018ae8800 JavaThread "Daemon worker Thread 3" [_thread_in_vm, id=4528, stack(0x0000000026d40000,0x0000000026e40000)]
  0x0000000018aeb800 JavaThread "Cancel handler" [_thread_blocked, id=7696, stack(0x0000000026c40000,0x0000000026d40000)]
  0x0000000018ae6000 JavaThread "Handler for socket connection from /127.0.0.1:2121 to /127.0.0.1:2321" [_thread_in_native, id=4252, stack(0x0000000026b40000,0x0000000026c40000)]
  0x0000000018aed000 JavaThread "Daemon Thread 3" [_thread_blocked, id=7664, stack(0x0000000026a40000,0x0000000026b40000)]
  0x000000001c560800 JavaThread "Memory manager" [_thread_blocked, id=9192, stack(0x0000000020fb0000,0x00000000210b0000)]
  0x000000001977e800 JavaThread "File lock request listener" [_thread_in_native, id=6152, stack(0x000000001b220000,0x000000001b320000)]
  0x000000001986a000 JavaThread "Cache worker for file hash cache (C:\Users\HP\.gradle\caches\4.4\fileHashes)" [_thread_blocked, id=6192, stack(0x000000001b120000,0x000000001b220000)]
  0x0000000019618000 JavaThread "Daemon periodic checks" [_thread_blocked, id=6696, stack(0x000000001a620000,0x000000001a720000)]
  0x0000000019616800 JavaThread "Incoming local TCP Connector on port 2121" [_thread_in_native, id=7968, stack(0x000000001a3e0000,0x000000001a4e0000)]
  0x0000000018100800 JavaThread "Service Thread" daemon [_thread_blocked, id=6652, stack(0x00000000184d0000,0x00000000185d0000)]
  0x0000000016781000 JavaThread "C1 CompilerThread2" daemon [_thread_blocked, id=5472, stack(0x0000000017fd0000,0x00000000180d0000)]
  0x0000000016773000 JavaThread "C2 CompilerThread1" daemon [_thread_in_native, id=6088, stack(0x0000000017ed0000,0x0000000017fd0000)]
=>0x0000000016769800 JavaThread "C2 CompilerThread0" daemon [_thread_in_native, id=1120, stack(0x0000000017dd0000,0x0000000017ed0000)]
  0x0000000016768800 JavaThread "Attach Listener" daemon [_thread_blocked, id=1980, stack(0x0000000017cd0000,0x0000000017dd0000)]
  0x0000000016777800 JavaThread "Signal Dispatcher" daemon [_thread_blocked, id=4864, stack(0x0000000017bd0000,0x0000000017cd0000)]
  0x0000000002dfc800 JavaThread "Finalizer" daemon [_thread_blocked, id=9056, stack(0x00000000179e0000,0x0000000017ae0000)]
  0x0000000002df1800 JavaThread "Reference Handler" daemon [_thread_blocked, id=4860, stack(0x00000000178e0000,0x00000000179e0000)]
  0x0000000002c2d800 JavaThread "main" [_thread_blocked, id=1140, stack(0x0000000002b20000,0x0000000002c20000)]

Other Threads:
  0x0000000016736800 VMThread [stack: 0x00000000177e0000,0x00000000178e0000] [id=568]
  0x00000000167cc800 WatcherThread [stack: 0x00000000185d0000,0x00000000186d0000] [id=7316]

VM state:not at safepoint (normal execution)

VM Mutex/Monitor currently owned by a thread: None

Heap:
 PSYoungGen      total 262144K, used 213305K [0x00000000e0000000, 0x00000000f5880000, 0x0000000100000000)
  eden space 212480K, 95% used [0x00000000e0000000,0x00000000ec552b40,0x00000000ecf80000)
  from space 49664K, 22% used [0x00000000ecf80000,0x00000000eda7bc30,0x00000000f0000000)
  to   space 47616K, 0% used [0x00000000f2a00000,0x00000000f2a00000,0x00000000f5880000)
 ParOldGen       total 221184K, used 133354K [0x00000000a0000000, 0x00000000ad800000, 0x00000000e0000000)
  object space 221184K, 60% used [0x00000000a0000000,0x00000000a823a928,0x00000000ad800000)
 Metaspace       used 90838K, capacity 95308K, committed 95360K, reserved 1132544K
  class space    used 12128K, capacity 13166K, committed 13184K, reserved 1048576K

Card table byte_map: [0x00000000121c0000,0x00000000124d0000] byte_map_base: 0x0000000011cc0000

Marking Bits: (ParMarkBitMap*) 0x0000000070404970
 Begin Bits: [0x0000000012ad0000, 0x00000000142d0000)
 End Bits:   [0x00000000142d0000, 0x0000000015ad0000)

Polling page: 0x0000000001120000

CodeCache: size=245760Kb used=35560Kb max_used=36216Kb free=210199Kb
 bounds [0x0000000002e00000, 0x0000000005190000, 0x0000000011e00000]
 total_blobs=11841 nmethods=11004 adapters=749
 compilation: enabled

Compilation events (10 events):
Event: 383.111 Thread 0x0000000016781000 13572       3       org.gradle.api.internal.artifacts.repositories.resolver.MavenResolver::parseMetaDataFromArtifact (118 bytes)
Event: 383.114 Thread 0x0000000016781000 nmethod 13572 0x000000000493b590 code [0x000000000493b8a0, 0x000000000493cd98]
Event: 383.114 Thread 0x0000000016781000 13580       3       org.gradle.api.internal.artifacts.repositories.resolver.ExternalResourceResolver::resolveStaticDependency (139 bytes)
Event: 383.117 Thread 0x0000000016781000 nmethod 13580 0x0000000004d91290 code [0x0000000004d91660, 0x0000000004d93cb8]
Event: 383.117 Thread 0x0000000016781000 13581   !   3       org.gradle.api.internal.artifacts.repositories.resolver.DefaultExternalResourceArtifactResolver::downloadByCoords (126 bytes)
Event: 383.119 Thread 0x0000000016781000 nmethod 13581 0x0000000004ed0b50 code [0x0000000004ed0e00, 0x0000000004ed2008]
Event: 383.119 Thread 0x0000000016781000 13582   !   3       org.gradle.internal.metaobject.BeanDynamicObject$MetaClassAdapter::findSetPropertyMissingMethod (83 bytes)
Event: 383.120 Thread 0x0000000016781000 nmethod 13582 0x0000000004fd4010 code [0x0000000004fd4240, 0x0000000004fd4f28]
Event: 383.247 Thread 0x0000000016781000 13583       3       org.gradle.util.GFileUtils::mkdirs (253 bytes)
Event: 383.256 Thread 0x0000000016781000 nmethod 13583 0x0000000003a52bd0 code [0x0000000003a533c0, 0x0000000003a586c8]

GC Heap History (10 events):
Event: 173.558 GC heap before
{Heap before GC invocations=21 (full 3):
 PSYoungGen      total 195072K, used 195053K [0x00000000e0000000, 0x00000000ee480000, 0x0000000100000000)
  eden space 178176K, 100% used [0x00000000e0000000,0x00000000eae00000,0x00000000eae00000)
  from space 16896K, 99% used [0x00000000eae00000,0x00000000ebe7b4e0,0x00000000ebe80000)
  to   space 22528K, 0% used [0x00000000ece80000,0x00000000ece80000,0x00000000ee480000)
 ParOldGen       total 104960K, used 53035K [0x00000000a0000000, 0x00000000a6680000, 0x00000000e0000000)
  object space 104960K, 50% used [0x00000000a0000000,0x00000000a33cae48,0x00000000a6680000)
 Metaspace       used 78507K, capacity 82126K, committed 82176K, reserved 1120256K
  class space    used 10624K, capacity 11509K, committed 11520K, reserved 1048576K
Event: 173.624 GC heap after
Heap after GC invocations=21 (full 3):
 PSYoungGen      total 210432K, used 15954K [0x00000000e0000000, 0x00000000ef280000, 0x0000000100000000)
  eden space 187904K, 0% used [0x00000000e0000000,0x00000000e0000000,0x00000000eb780000)
  from space 22528K, 70% used [0x00000000ece80000,0x00000000ede14b20,0x00000000ee480000)
  to   space 23552K, 0% used [0x00000000eb780000,0x00000000eb780000,0x00000000ece80000)
 ParOldGen       total 104960K, used 69654K [0x00000000a0000000, 0x00000000a6680000, 0x00000000e0000000)
  object space 104960K, 66% used [0x00000000a0000000,0x00000000a4405850,0x00000000a6680000)
 Metaspace       used 78507K, capacity 82126K, committed 82176K, reserved 1120256K
  class space    used 10624K, capacity 11509K, committed 11520K, reserved 1048576K
}
Event: 180.765 GC heap before
{Heap before GC invocations=22 (full 3):
 PSYoungGen      total 210432K, used 203858K [0x00000000e0000000, 0x00000000ef280000, 0x0000000100000000)
  eden space 187904K, 100% used [0x00000000e0000000,0x00000000eb780000,0x00000000eb780000)
  from space 22528K, 70% used [0x00000000ece80000,0x00000000ede14b20,0x00000000ee480000)
  to   space 23552K, 0% used [0x00000000eb780000,0x00000000eb780000,0x00000000ece80000)
 ParOldGen       total 104960K, used 69654K [0x00000000a0000000, 0x00000000a6680000, 0x00000000e0000000)
  object space 104960K, 66% used [0x00000000a0000000,0x00000000a4405850,0x00000000a6680000)
 Metaspace       used 85829K, capacity 89970K, committed 90240K, reserved 1126400K
  class space    used 11626K, capacity 12573K, committed 12672K, reserved 1048576K
Event: 180.899 GC heap after
Heap after GC invocations=22 (full 3):
 PSYoungGen      total 211456K, used 23548K [0x00000000e0000000, 0x00000000f2e00000, 0x0000000100000000)
  eden space 187904K, 0% used [0x00000000e0000000,0x00000000e0000000,0x00000000eb780000)
  from space 23552K, 99% used [0x00000000eb780000,0x00000000ece7f060,0x00000000ece80000)
  to   space 47104K, 0% used [0x00000000f0000000,0x00000000f0000000,0x00000000f2e00000)
 ParOldGen       total 123904K, used 123160K [0x00000000a0000000, 0x00000000a7900000, 0x00000000e0000000)
  object space 123904K, 99% used [0x00000000a0000000,0x00000000a78460e0,0x00000000a7900000)
 Metaspace       used 85829K, capacity 89970K, committed 90240K, reserved 1126400K
  class space    used 11626K, capacity 12573K, committed 12672K, reserved 1048576K
}
Event: 180.899 GC heap before
{Heap before GC invocations=23 (full 4):
 PSYoungGen      total 211456K, used 23548K [0x00000000e0000000, 0x00000000f2e00000, 0x0000000100000000)
  eden space 187904K, 0% used [0x00000000e0000000,0x00000000e0000000,0x00000000eb780000)
  from space 23552K, 99% used [0x00000000eb780000,0x00000000ece7f060,0x00000000ece80000)
  to   space 47104K, 0% used [0x00000000f0000000,0x00000000f0000000,0x00000000f2e00000)
 ParOldGen       total 123904K, used 123160K [0x00000000a0000000, 0x00000000a7900000, 0x00000000e0000000)
  object space 123904K, 99% used [0x00000000a0000000,0x00000000a78460e0,0x00000000a7900000)
 Metaspace       used 85829K, capacity 89970K, committed 90240K, reserved 1126400K
  class space    used 11626K, capacity 12573K, committed 12672K, reserved 1048576K
Event: 182.052 GC heap after
Heap after GC invocations=23 (full 4):
 PSYoungGen      total 211456K, used 12750K [0x00000000e0000000, 0x00000000f2e00000, 0x0000000100000000)
  eden space 187904K, 0% used [0x00000000e0000000,0x00000000e0000000,0x00000000eb780000)
  from space 23552K, 54% used [0x00000000eb780000,0x00000000ec3f3880,0x00000000ece80000)
  to   space 47104K, 0% used [0x00000000f0000000,0x00000000f0000000,0x00000000f2e00000)
 ParOldGen       total 221184K, used 120483K [0x00000000a0000000, 0x00000000ad800000, 0x00000000e0000000)
  object space 221184K, 54% used [0x00000000a0000000,0x00000000a75a8f38,0x00000000ad800000)
 Metaspace       used 85788K, capacity 89858K, committed 90240K, reserved 1126400K
  class space    used 11611K, capacity 12547K, committed 12672K, reserved 1048576K
}
Event: 185.816 GC heap before
{Heap before GC invocations=24 (full 4):
 PSYoungGen      total 211456K, used 199173K [0x00000000e0000000, 0x00000000f2e00000, 0x0000000100000000)
  eden space 187904K, 99% used [0x00000000e0000000,0x00000000eb60dc40,0x00000000eb780000)
  from space 23552K, 54% used [0x00000000eb780000,0x00000000ec3f3880,0x00000000ece80000)
  to   space 47104K, 0% used [0x00000000f0000000,0x00000000f0000000,0x00000000f2e00000)
 ParOldGen       total 221184K, used 120483K [0x00000000a0000000, 0x00000000ad800000, 0x00000000e0000000)
  object space 221184K, 54% used [0x00000000a0000000,0x00000000a75a8f38,0x00000000ad800000)
 Metaspace       used 87872K, capacity 92150K, committed 92288K, reserved 1128448K
  class space    used 11848K, capacity 12835K, committed 12928K, reserved 1048576K
Event: 185.891 GC heap after
Heap after GC invocations=24 (full 4):
 PSYoungGen      total 259584K, used 31851K [0x00000000e0000000, 0x00000000f3700000, 0x0000000100000000)
  eden space 212480K, 0% used [0x00000000e0000000,0x00000000e0000000,0x00000000ecf80000)
  from space 47104K, 67% used [0x00000000f0000000,0x00000000f1f1ad60,0x00000000f2e00000)
  to   space 49664K, 0% used [0x00000000ecf80000,0x00000000ecf80000,0x00000000f0000000)
 ParOldGen       total 221184K, used 133346K [0x00000000a0000000, 0x00000000ad800000, 0x00000000e0000000)
  object space 221184K, 60% used [0x00000000a0000000,0x00000000a8238928,0x00000000ad800000)
 Metaspace       used 87872K, capacity 92150K, committed 92288K, reserved 1128448K
  class space    used 11848K, capacity 12835K, committed 12928K, reserved 1048576K
}
Event: 186.150 GC heap before
{Heap before GC invocations=25 (full 4):
 PSYoungGen      total 259584K, used 243566K [0x00000000e0000000, 0x00000000f3700000, 0x0000000100000000)
  eden space 212480K, 99% used [0x00000000e0000000,0x00000000ecec0d98,0x00000000ecf80000)
  from space 47104K, 67% used [0x00000000f0000000,0x00000000f1f1ad60,0x00000000f2e00000)
  to   space 49664K, 0% used [0x00000000ecf80000,0x00000000ecf80000,0x00000000f0000000)
 ParOldGen       total 221184K, used 133346K [0x00000000a0000000, 0x00000000ad800000, 0x00000000e0000000)
  object space 221184K, 60% used [0x00000000a0000000,0x00000000a8238928,0x00000000ad800000)
 Metaspace       used 88031K, capacity 92346K, committed 92544K, reserved 1128448K
  class space    used 11868K, capacity 12877K, committed 12928K, reserved 1048576K
Event: 186.162 GC heap after
Heap after GC invocations=25 (full 4):
 PSYoungGen      total 262144K, used 11247K [0x00000000e0000000, 0x00000000f5880000, 0x0000000100000000)
  eden space 212480K, 0% used [0x00000000e0000000,0x00000000e0000000,0x00000000ecf80000)
  from space 49664K, 22% used [0x00000000ecf80000,0x00000000eda7bc30,0x00000000f0000000)
  to   space 47616K, 0% used [0x00000000f2a00000,0x00000000f2a00000,0x00000000f5880000)
 ParOldGen       total 221184K, used 133354K [0x00000000a0000000, 0x00000000ad800000, 0x00000000e0000000)
  object space 221184K, 60% used [0x00000000a0000000,0x00000000a823a928,0x00000000ad800000)
 Metaspace       used 88031K, capacity 92346K, committed 92544K, reserved 1128448K
  class space    used 11868K, capacity 12877K, committed 12928K, reserved 1048576K
}

Deoptimization events (10 events):
Event: 186.270 Thread 0x000000001c563800 Uncommon trap: reason=bimorphic action=maybe_recompile pc=0x0000000004eea118 method=java.lang.Iterable.forEach(Ljava/util/function/Consumer;)V @ 6
Event: 186.340 Thread 0x000000001c563800 Uncommon trap: reason=class_check action=maybe_recompile pc=0x0000000005029bc4 method=com.android.apkzlib.zip.ZipField.checkVerifiesInvariants(J)V @ 25
Event: 186.602 Thread 0x000000001e7b1000 Uncommon trap: reason=unstable_if action=reinterpret pc=0x0000000004c2a5e0 method=org.apache.commons.lang.StringUtils.splitWorker(Ljava/lang/String;Ljava/lang/String;IZ)[Ljava/lang/String; @ 142
Event: 186.894 Thread 0x000000001e7af800 Uncommon trap: reason=unstable_if action=reinterpret pc=0x00000000044b76a8 method=com.esotericsoftware.kryo.io.Output.writeBytes([BII)V @ 61
Event: 380.928 Thread 0x0000000018ae7000 Uncommon trap: reason=unstable_if action=reinterpret pc=0x00000000038e1b38 method=org.gradle.internal.logging.sink.OutputEventRenderer.onOutput(Lorg/gradle/internal/logging/events/OutputEvent;)V @ 24
Event: 380.956 Thread 0x0000000018ae8800 Uncommon trap: reason=predicate action=maybe_recompile pc=0x0000000004983d94 method=com.google.common.collect.ImmutableSet.construct(I[Ljava/lang/Object;)Lcom/google/common/collect/ImmutableSet; @ 71
Event: 382.438 Thread 0x0000000018ae8800 Uncommon trap: reason=class_check action=maybe_recompile pc=0x0000000004a69994 method=java.util.stream.ReferencePipeline.forEachWithCancel(Ljava/util/Spliterator;Ljava/util/stream/Sink;)V @ 1
Event: 382.459 Thread 0x0000000018ae8800 Uncommon trap: reason=class_check action=maybe_recompile pc=0x0000000004a69994 method=java.util.stream.ReferencePipeline.forEachWithCancel(Ljava/util/Spliterator;Ljava/util/stream/Sink;)V @ 1
Event: 382.459 Thread 0x0000000018ae8800 Uncommon trap: reason=class_check action=maybe_recompile pc=0x0000000004a69994 method=java.util.stream.ReferencePipeline.forEachWithCancel(Ljava/util/Spliterator;Ljava/util/stream/Sink;)V @ 1
Event: 382.459 Thread 0x0000000018ae8800 Uncommon trap: reason=class_check action=maybe_recompile pc=0x0000000004a69994 method=java.util.stream.ReferencePipeline.forEachWithCancel(Ljava/util/Spliterator;Ljava/util/stream/Sink;)V @ 1

Classes redefined (0 events):
No events

Internal exceptions (10 events):
Event: 382.282 Thread 0x0000000018ae8800 Exception <a 'sun/nio/fs/WindowsException'> (0x00000000eb3a1c10) thrown at [D:\src\AOSP-openjdk-cygwin\jdk8u\hotspot\src\share\vm\prims\jni.cpp, line 709]
Event: 382.283 Thread 0x0000000018ae8800 Exception <a 'sun/nio/fs/WindowsException'> (0x00000000eb3a2768) thrown at [D:\src\AOSP-openjdk-cygwin\jdk8u\hotspot\src\share\vm\prims\jni.cpp, line 709]
Event: 382.286 Thread 0x0000000018ae8800 Exception <a 'sun/nio/fs/WindowsException'> (0x00000000eb3a5da0) thrown at [D:\src\AOSP-openjdk-cygwin\jdk8u\hotspot\src\share\vm\prims\jni.cpp, line 709]
Event: 382.287 Thread 0x0000000018ae8800 Exception <a 'sun/nio/fs/WindowsException'> (0x00000000eb3a68d0) thrown at [D:\src\AOSP-openjdk-cygwin\jdk8u\hotspot\src\share\vm\prims\jni.cpp, line 709]
Event: 382.287 Thread 0x0000000018ae8800 Exception <a 'sun/nio/fs/WindowsException'> (0x00000000eb3a8448) thrown at [D:\src\AOSP-openjdk-cygwin\jdk8u\hotspot\src\share\vm\prims\jni.cpp, line 709]
Event: 382.287 Thread 0x0000000018ae8800 Exception <a 'sun/nio/fs/WindowsException'> (0x00000000eb3a8fb0) thrown at [D:\src\AOSP-openjdk-cygwin\jdk8u\hotspot\src\share\vm\prims\jni.cpp, line 709]
Event: 382.289 Thread 0x0000000018ae8800 Exception <a 'sun/nio/fs/WindowsException'> (0x00000000eb3ac010) thrown at [D:\src\AOSP-openjdk-cygwin\jdk8u\hotspot\src\share\vm\prims\jni.cpp, line 709]
Event: 382.289 Thread 0x0000000018ae8800 Exception <a 'sun/nio/fs/WindowsException'> (0x00000000eb3acb28) thrown at [D:\src\AOSP-openjdk-cygwin\jdk8u\hotspot\src\share\vm\prims\jni.cpp, line 709]
Event: 382.289 Thread 0x0000000018ae8800 Exception <a 'sun/nio/fs/WindowsException'> (0x00000000eb3ae678) thrown at [D:\src\AOSP-openjdk-cygwin\jdk8u\hotspot\src\share\vm\prims\jni.cpp, line 709]
Event: 382.289 Thread 0x0000000018ae8800 Exception <a 'sun/nio/fs/WindowsException'> (0x00000000eb3af1d0) thrown at [D:\src\AOSP-openjdk-cygwin\jdk8u\hotspot\src\share\vm\prims\jni.cpp, line 709]

Events (10 events):
Event: 382.992 Thread 0x0000000018ae8800 DEOPT PACKING pc=0x00000000047ca580 sp=0x0000000026e39ee0
Event: 382.992 Thread 0x0000000018ae8800 DEOPT UNPACKING pc=0x0000000002e475d0 sp=0x0000000026e39dd8 mode 0
Event: 383.030 Thread 0x0000000018ae8800 DEOPT PACKING pc=0x00000000047ca580 sp=0x0000000026e3a980
Event: 383.030 Thread 0x0000000018ae8800 DEOPT UNPACKING pc=0x0000000002e475d0 sp=0x0000000026e3a878 mode 0
Event: 383.073 Thread 0x0000000018ae8800 DEOPT PACKING pc=0x00000000047ca580 sp=0x0000000026e39ee0
Event: 383.073 Thread 0x0000000018ae8800 DEOPT UNPACKING pc=0x0000000002e475d0 sp=0x0000000026e39dd8 mode 0
Event: 383.130 Thread 0x0000000018ae8800 DEOPT PACKING pc=0x00000000047ca580 sp=0x0000000026e39da0
Event: 383.130 Thread 0x0000000018ae8800 DEOPT UNPACKING pc=0x0000000002e475d0 sp=0x0000000026e39c98 mode 0
Event: 383.242 Thread 0x0000000018ae8800 DEOPT PACKING pc=0x00000000047ca580 sp=0x0000000026e3a980
Event: 383.242 Thread 0x0000000018ae8800 DEOPT UNPACKING pc=0x0000000002e475d0 sp=0x0000000026e3a878 mode 0


Dynamic libraries:
0x00007ff7841a0000 - 0x00007ff7841d1000 	C:\Program Files (x86)\Android\Android Studio\jre\bin\java.exe
0x00007ffa477b0000 - 0x00007ffa47991000 	C:\WINDOWS\SYSTEM32\ntdll.dll
0x00007ffa018c0000 - 0x00007ffa018d4000 	C:\Program Files\AVAST Software\Avast\x64\aswhooka.dll
0x00007ffa47330000 - 0x00007ffa473e2000 	C:\WINDOWS\System32\KERNEL32.DLL
0x00007ffa43df0000 - 0x00007ffa44063000 	C:\WINDOWS\System32\KERNELBASE.dll
0x00007ffa455b0000 - 0x00007ffa45651000 	C:\WINDOWS\System32\ADVAPI32.dll
0x00007ffa46ff0000 - 0x00007ffa4708e000 	C:\WINDOWS\System32\msvcrt.dll
0x00007ffa46f90000 - 0x00007ffa46feb000 	C:\WINDOWS\System32\sechost.dll
0x00007ffa47200000 - 0x00007ffa47324000 	C:\WINDOWS\System32\RPCRT4.dll
0x00007ffa473f0000 - 0x00007ffa47580000 	C:\WINDOWS\System32\USER32.dll
0x00007ffa44310000 - 0x00007ffa44330000 	C:\WINDOWS\System32\win32u.dll
0x00007ffa44c50000 - 0x00007ffa44c78000 	C:\WINDOWS\System32\GDI32.dll
0x00007ffa44170000 - 0x00007ffa44302000 	C:\WINDOWS\System32\gdi32full.dll
0x00007ffa44330000 - 0x00007ffa443cf000 	C:\WINDOWS\System32\msvcp_win.dll
0x00007ffa443d0000 - 0x00007ffa444ca000 	C:\WINDOWS\System32\ucrtbase.dll
0x00007ffa34780000 - 0x00007ffa349e9000 	C:\WINDOWS\WinSxS\amd64_microsoft.windows.common-controls_6595b64144ccf1df_6.0.17134.407_none_fb449d63306391e9\COMCTL32.dll
0x00007ffa457c0000 - 0x00007ffa45ae2000 	C:\WINDOWS\System32\combase.dll
0x00007ffa43b80000 - 0x00007ffa43bfa000 	C:\WINDOWS\System32\bcryptPrimitives.dll
0x00007ffa44c90000 - 0x00007ffa44cbd000 	C:\WINDOWS\System32\IMM32.DLL
0x000000006fa80000 - 0x000000006fb52000 	C:\Program Files (x86)\Android\Android Studio\jre\jre\bin\msvcr100.dll
0x000000006fc40000 - 0x000000007047f000 	C:\Program Files (x86)\Android\Android Studio\jre\jre\bin\server\jvm.dll
0x00007ffa44c40000 - 0x00007ffa44c48000 	C:\WINDOWS\System32\PSAPI.DLL
0x00007ffa1b100000 - 0x00007ffa1b109000 	C:\WINDOWS\SYSTEM32\WSOCK32.dll
0x00007ffa454e0000 - 0x00007ffa4554c000 	C:\WINDOWS\System32\WS2_32.dll
0x00007ffa3f670000 - 0x00007ffa3f693000 	C:\WINDOWS\SYSTEM32\WINMM.dll
0x00007ffa35a50000 - 0x00007ffa35a5a000 	C:\WINDOWS\SYSTEM32\VERSION.dll
0x00007ffa3f640000 - 0x00007ffa3f66a000 	C:\WINDOWS\SYSTEM32\WINMMBASE.dll
0x00007ffa44070000 - 0x00007ffa440b9000 	C:\WINDOWS\System32\cfgmgr32.dll
0x00007ffa3eb80000 - 0x00007ffa3eb8f000 	C:\Program Files (x86)\Android\Android Studio\jre\jre\bin\verify.dll
0x00007ffa3dac0000 - 0x00007ffa3dae9000 	C:\Program Files (x86)\Android\Android Studio\jre\jre\bin\java.dll
0x00007ffa3eb60000 - 0x00007ffa3eb76000 	C:\Program Files (x86)\Android\Android Studio\jre\jre\bin\zip.dll
0x00007ffa45b50000 - 0x00007ffa46f8f000 	C:\WINDOWS\System32\SHELL32.dll
0x00007ffa45430000 - 0x00007ffa454d9000 	C:\WINDOWS\System32\shcore.dll
0x00007ffa444d0000 - 0x00007ffa44bdd000 	C:\WINDOWS\System32\windows.storage.dll
0x00007ffa47090000 - 0x00007ffa470e1000 	C:\WINDOWS\System32\shlwapi.dll
0x00007ffa43b40000 - 0x00007ffa43b51000 	C:\WINDOWS\System32\kernel.appcore.dll
0x00007ffa43b60000 - 0x00007ffa43b7f000 	C:\WINDOWS\System32\profapi.dll
0x00007ffa43ac0000 - 0x00007ffa43b0c000 	C:\WINDOWS\System32\powrprof.dll
0x00007ffa43b10000 - 0x00007ffa43b1a000 	C:\WINDOWS\System32\FLTLIB.DLL
0x00007ffa3daa0000 - 0x00007ffa3daba000 	C:\Program Files (x86)\Android\Android Studio\jre\jre\bin\net.dll
0x00007ffa432e0000 - 0x00007ffa43346000 	C:\WINDOWS\system32\mswsock.dll
0x00007ffa3a4e0000 - 0x00007ffa3a4f1000 	C:\Program Files (x86)\Android\Android Studio\jre\jre\bin\nio.dll
0x00007ffa3e910000 - 0x00007ffa3e92e000 	C:\Users\HP\.gradle\native\25\windows-amd64\native-platform.dll
0x00007ffa3eae0000 - 0x00007ffa3eaed000 	C:\Program Files (x86)\Android\Android Studio\jre\jre\bin\management.dll
0x00007ffa43490000 - 0x00007ffa434a7000 	C:\WINDOWS\SYSTEM32\CRYPTSP.dll
0x00007ffa42ec0000 - 0x00007ffa42ef3000 	C:\WINDOWS\system32\rsaenh.dll
0x00007ffa435c0000 - 0x00007ffa435e5000 	C:\WINDOWS\SYSTEM32\bcrypt.dll
0x00007ffa439f0000 - 0x00007ffa43a18000 	C:\WINDOWS\SYSTEM32\USERENV.dll
0x00007ffa434b0000 - 0x00007ffa434bb000 	C:\WINDOWS\SYSTEM32\CRYPTBASE.dll
0x00007ffa43060000 - 0x00007ffa43098000 	C:\WINDOWS\SYSTEM32\IPHLPAPI.DLL
0x00007ffa44c80000 - 0x00007ffa44c88000 	C:\WINDOWS\System32\NSI.dll
0x00007ffa39b70000 - 0x00007ffa39b86000 	C:\WINDOWS\SYSTEM32\dhcpcsvc6.DLL
0x00007ffa39d90000 - 0x00007ffa39daa000 	C:\WINDOWS\SYSTEM32\dhcpcsvc.DLL

VM Arguments:
jvm_args: -Xmx1536m -Dfile.encoding=windows-1252 -Duser.country=US -Duser.language=en -Duser.variant 
java_command: org.gradle.launcher.daemon.bootstrap.GradleDaemon 4.4
java_class_path (initial): C:\Users\HP\.gradle\wrapper\dists\gradle-4.4-all\9br9xq1tocpiv8o6njlyu5op1\gradle-4.4\lib\gradle-launcher-4.4.jar
Launcher Type: SUN_STANDARD

Environment Variables:
PATH=C:\Program Files (x86)\Common Files\Oracle\Java\javapath;C:\Program Files (x86)\Common Files\ArcSoft\Bin;C:\Program Files (x86)\Intel\iCLS Client\;C:\Program Files\Intel\iCLS Client\;C:\WINDOWS\system32;C:\WINDOWS;C:\WINDOWS\System32\Wbem;C:\WINDOWS\System32\WindowsPowerShell\v1.0\;C:\Program Files (x86)\Intel\Intel(R) Management Engine Components\DAL;C:\Program Files\Intel\Intel(R) Management Engine Components\DAL;C:\Program Files (x86)\Intel\Intel(R) Management Engine Components\IPT;C:\Program Files\Intel\Intel(R) Management Engine Components\IPT;c:\Program Files\Intel\WiFi\bin\;c:\Program Files\Common Files\Intel\WirelessCommon\;C:\Program Files (x86)\GtkSharp\2.12\bin;C:\WINDOWS\System32\OpenSSH\;C:\Users\HP\AppData\Local\Android\Sdk;C:\Program Files (x86)\Java\jdk1.6.0_18\bin;%USERPROFILE%\AppData\Local\Microsoft\WindowsApps;
USERNAME=HP
OS=Windows_NT
PROCESSOR_IDENTIFIER=Intel64 Family 6 Model 61 Stepping 4, GenuineIntel



---------------  S Y S T E M  ---------------

OS: Windows 10.0 , 64 bit Build 17134 (10.0.17134.1)

CPU:total 4 (initial active 4) (2 cores per cpu, 2 threads per core) family 6 model 61 stepping 4, cmov, cx8, fxsr, mmx, sse, sse2, sse3, ssse3, sse4.1, sse4.2, popcnt, avx, avx2, aes, clmul, erms, 3dnowpref, lzcnt, ht, tsc, tscinvbit, bmi1, bmi2, adx

Memory: 4k page, physical 4082796k(323364k free), swap 4082796k(4500k free)

vm_info: OpenJDK 64-Bit Server VM (25.152-b02) for windows-amd64 JRE (1.8.0_152-release-1024-b02), built by "builder" with MS VC++ 10.0 (VS2010)

time: Sun Dec 30 19:06:56 2018
elapsed time: 383 seconds (0d 0h 6m 23s)

