#
# There is insufficient memory for the Java Runtime Environment to continue.
# Native memory allocation (malloc) failed to allocate 926656 bytes for Chunk::new
# Possible reasons:
#   The system is out of physical RAM or swap space
#   In 32 bit mode, the process size limit was hit
# Possible solutions:
#   Reduce memory load on the system
#   Increase physical memory or swap space
#   Check if swap backing store is full
#   Use 64 bit Java on a 64 bit OS
#   Decrease Java heap size (-Xmx/-Xms)
#   Decrease number of Java threads
#   Decrease Java thread stack sizes (-Xss)
#   Set larger code cache with -XX:ReservedCodeCacheSize=
# This output file may be truncated or incomplete.
#
#  Out of Memory Error (allocation.cpp:390), pid=4484, tid=0x0000000000001e40
#
# JRE version: OpenJDK Runtime Environment (8.0_152-b02) (build 1.8.0_152-release-1024-b02)
# Java VM: OpenJDK 64-Bit Server VM (25.152-b02 mixed mode windows-amd64 compressed oops)
# Failed to write core dump. Minidumps are not enabled by default on client versions of Windows
#

---------------  T H R E A D  ---------------

Current thread (0x0000000016902000):  JavaThread "C2 CompilerThread1" daemon [_thread_in_native, id=7744, stack(0x0000000018050000,0x0000000018150000)]

Stack: [0x0000000018050000,0x0000000018150000]
[error occurred during error reporting (printing stack bounds), id 0xc0000005]

Native frames: (J=compiled Java code, j=interpreted, Vv=VM code, C=native code)


Current CompileTask:
C2: 372707 8743       4       java.io.ObjectOutputStream::writeNonProxyDesc (109 bytes)


---------------  P R O C E S S  ---------------

Java Threads: ( => current thread )
  0x0000000018e6c800 JavaThread "Cache worker for Artifact transforms cache (C:\Users\HP\.gradle\caches\transforms-1)" [_thread_blocked, id=10152, stack(0x0000000024d90000,0x0000000024e90000)]
  0x0000000018e71000 JavaThread "Cache worker for file hash cache (H:\AndroidStudioProjects\LogInPage\.gradle\4.4\fileHashes)" [_thread_blocked, id=2508, stack(0x0000000024c90000,0x0000000024d90000)]
  0x0000000018e72000 JavaThread "Stdin handler" [_thread_blocked, id=2176, stack(0x0000000024b90000,0x0000000024c90000)]
  0x0000000018e73800 JavaThread "Asynchronous log dispatcher for DefaultDaemonConnection: socket connection from /127.0.0.1:3375 to /127.0.0.1:3511" [_thread_blocked, id=3080, stack(0x0000000024a90000,0x0000000024b90000)]
  0x0000000018e70800 JavaThread "Daemon worker Thread 2" [_thread_in_native, id=7532, stack(0x0000000024990000,0x0000000024a90000)]
  0x0000000018e6f800 JavaThread "Cancel handler" [_thread_blocked, id=7400, stack(0x0000000024890000,0x0000000024990000)]
  0x0000000018e6d800 JavaThread "Handler for socket connection from /127.0.0.1:3375 to /127.0.0.1:3511" [_thread_in_native, id=5976, stack(0x0000000024790000,0x0000000024890000)]
  0x0000000018e6f000 JavaThread "Daemon Thread 2" [_thread_blocked, id=6680, stack(0x0000000024690000,0x0000000024790000)]
  0x00000000183a8800 JavaThread "Memory manager" [_thread_blocked, id=1420, stack(0x0000000020d00000,0x0000000020e00000)]
  0x0000000019b70000 JavaThread "File lock request listener" [_thread_in_native, id=7680, stack(0x000000001b3a0000,0x000000001b4a0000)]
  0x00000000198d4000 JavaThread "Cache worker for file hash cache (C:\Users\HP\.gradle\caches\4.4\fileHashes)" [_thread_blocked, id=4292, stack(0x000000001b2a0000,0x000000001b3a0000)]
  0x0000000019702800 JavaThread "Daemon periodic checks" [_thread_blocked, id=5676, stack(0x000000001a7a0000,0x000000001a8a0000)]
  0x0000000019497000 JavaThread "Incoming local TCP Connector on port 3375" [_thread_in_native, id=8436, stack(0x000000001a560000,0x000000001a660000)]
  0x000000001695d000 JavaThread "Service Thread" daemon [_thread_blocked, id=4084, stack(0x0000000018650000,0x0000000018750000)]
  0x000000001690b000 JavaThread "C1 CompilerThread2" daemon [_thread_blocked, id=4828, stack(0x0000000018150000,0x0000000018250000)]
=>0x0000000016902000 JavaThread "C2 CompilerThread1" daemon [_thread_in_native, id=7744, stack(0x0000000018050000,0x0000000018150000)]
  0x00000000168fc000 JavaThread "C2 CompilerThread0" daemon [_thread_in_native, id=4528, stack(0x0000000017f50000,0x0000000018050000)]
  0x00000000168fa800 JavaThread "Attach Listener" daemon [_thread_blocked, id=7484, stack(0x0000000017e50000,0x0000000017f50000)]
  0x00000000168f9000 JavaThread "Signal Dispatcher" daemon [_thread_blocked, id=3084, stack(0x0000000017d50000,0x0000000017e50000)]
  0x00000000168e8800 JavaThread "Finalizer" daemon [_thread_blocked, id=8456, stack(0x0000000017b60000,0x0000000017c60000)]
  0x0000000002f81800 JavaThread "Reference Handler" daemon [_thread_blocked, id=8704, stack(0x0000000017a60000,0x0000000017b60000)]
  0x0000000002d7d800 JavaThread "main" [_thread_blocked, id=2216, stack(0x0000000002d90000,0x0000000002e90000)]

Other Threads:
  0x00000000168c6000 VMThread [stack: 0x0000000017960000,0x0000000017a60000] [id=5708]
  0x000000001828c000 WatcherThread [stack: 0x0000000018750000,0x0000000018850000] [id=6064]

VM state:not at safepoint (normal execution)

VM Mutex/Monitor currently owned by a thread: None

Heap:
 PSYoungGen      total 212480K, used 48371K [0x00000000e0000000, 0x00000000efe00000, 0x0000000100000000)
  eden space 197632K, 24% used [0x00000000e0000000,0x00000000e2e98c88,0x00000000ec100000)
  from space 14848K, 4% used [0x00000000ec100000,0x00000000ec1a4030,0x00000000ecf80000)
  to   space 15360K, 0% used [0x00000000eef00000,0x00000000eef00000,0x00000000efe00000)
 ParOldGen       total 92160K, used 40766K [0x00000000a0000000, 0x00000000a5a00000, 0x00000000e0000000)
  object space 92160K, 44% used [0x00000000a0000000,0x00000000a27cf908,0x00000000a5a00000)
 Metaspace       used 61163K, capacity 63459K, committed 63576K, reserved 1103872K
  class space    used 8222K, capacity 8793K, committed 8832K, reserved 1048576K

Card table byte_map: [0x0000000012350000,0x0000000012660000] byte_map_base: 0x0000000011e50000

Marking Bits: (ParMarkBitMap*) 0x00000000649d4970
 Begin Bits: [0x0000000012c60000, 0x0000000014460000)
 End Bits:   [0x0000000014460000, 0x0000000015c60000)

Polling page: 0x00000000014d0000

CodeCache: size=245760Kb used=24144Kb max_used=24351Kb free=221615Kb
 bounds [0x0000000002f90000, 0x0000000004780000, 0x0000000011f90000]
 total_blobs=8133 nmethods=7337 adapters=709
 compilation: enabled

Compilation events (10 events):
Event: 372.637 Thread 0x000000001690b000 8788       3       org.gradle.api.internal.artifacts.ivyservice.resolutionstrategy.DefaultCachePolicy::mustRefreshModule (77 bytes)
Event: 372.638 Thread 0x000000001690b000 nmethod 8788 0x00000000039f9150 code [0x00000000039f9340, 0x00000000039f9e38]
Event: 372.638 Thread 0x000000001690b000 8789   !   3       org.gradle.api.internal.artifacts.ivyservice.modulecache.ModuleMetadataStore::getModuleDescriptor (114 bytes)
Event: 372.641 Thread 0x000000001690b000 nmethod 8789 0x0000000003b50ed0 code [0x0000000003b51220, 0x0000000003b52b18]
Event: 372.641 Thread 0x000000001690b000 8790       3       org.gradle.api.internal.artifacts.ivyservice.modulecache.ModuleMetadataStore::getFilePath (70 bytes)
Event: 372.642 Thread 0x000000001690b000 nmethod 8790 0x0000000003faab50 code [0x0000000003faada0, 0x0000000003fabde8]
Event: 372.646 Thread 0x000000001690b000 8791       3       org.gradle.api.internal.artifacts.ivyservice.modulecache.DefaultModuleMetaDataCache$1::create (102 bytes)
Event: 372.647 Thread 0x000000001690b000 nmethod 8791 0x0000000003b17f10 code [0x0000000003b18140, 0x0000000003b18eb8]
Event: 372.648 Thread 0x000000001690b000 8792       3       org.gradle.api.internal.artifacts.ivyservice.modulecache.ModuleMetadataCacheEntrySerializer::read (121 bytes)
Event: 372.649 Thread 0x000000001690b000 nmethod 8792 0x00000000034d35d0 code [0x00000000034d38a0, 0x00000000034d4e18]

GC Heap History (10 events):
Event: 29.290 GC heap before
{Heap before GC invocations=16 (full 2):
 PSYoungGen      total 131584K, used 131576K [0x00000000e0000000, 0x00000000ebd80000, 0x0000000100000000)
  eden space 120832K, 100% used [0x00000000e0000000,0x00000000e7600000,0x00000000e7600000)
  from space 10752K, 99% used [0x00000000e7600000,0x00000000e807e088,0x00000000e8080000)
  to   space 15360K, 0% used [0x00000000eae80000,0x00000000eae80000,0x00000000ebd80000)
 ParOldGen       total 51200K, used 25325K [0x00000000a0000000, 0x00000000a3200000, 0x00000000e0000000)
  object space 51200K, 49% used [0x00000000a0000000,0x00000000a18bb500,0x00000000a3200000)
 Metaspace       used 54668K, capacity 56567K, committed 56664K, reserved 1097728K
  class space    used 7507K, capacity 7975K, committed 8064K, reserved 1048576K
Event: 29.325 GC heap after
Heap after GC invocations=16 (full 2):
 PSYoungGen      total 172544K, used 11850K [0x00000000e0000000, 0x00000000ebb80000, 0x0000000100000000)
  eden space 159232K, 0% used [0x00000000e0000000,0x00000000e0000000,0x00000000e9b80000)
  from space 13312K, 89% used [0x00000000eae80000,0x00000000eba12888,0x00000000ebb80000)
  to   space 16384K, 0% used [0x00000000e9b80000,0x00000000e9b80000,0x00000000eab80000)
 ParOldGen       total 51200K, used 32588K [0x00000000a0000000, 0x00000000a3200000, 0x00000000e0000000)
  object space 51200K, 63% used [0x00000000a0000000,0x00000000a1fd3338,0x00000000a3200000)
 Metaspace       used 54668K, capacity 56567K, committed 56664K, reserved 1097728K
  class space    used 7507K, capacity 7975K, committed 8064K, reserved 1048576K
}
Event: 45.838 GC heap before
{Heap before GC invocations=17 (full 2):
 PSYoungGen      total 172544K, used 150302K [0x00000000e0000000, 0x00000000ebb80000, 0x0000000100000000)
  eden space 159232K, 86% used [0x00000000e0000000,0x00000000e87351d8,0x00000000e9b80000)
  from space 13312K, 89% used [0x00000000eae80000,0x00000000eba12888,0x00000000ebb80000)
  to   space 16384K, 0% used [0x00000000e9b80000,0x00000000e9b80000,0x00000000eab80000)
 ParOldGen       total 51200K, used 32588K [0x00000000a0000000, 0x00000000a3200000, 0x00000000e0000000)
  object space 51200K, 63% used [0x00000000a0000000,0x00000000a1fd3338,0x00000000a3200000)
 Metaspace       used 56858K, capacity 58875K, committed 58968K, reserved 1099776K
  class space    used 7744K, capacity 8259K, committed 8320K, reserved 1048576K
Event: 45.872 GC heap after
Heap after GC invocations=17 (full 2):
 PSYoungGen      total 175616K, used 5488K [0x00000000e0000000, 0x00000000ee680000, 0x0000000100000000)
  eden space 159232K, 0% used [0x00000000e0000000,0x00000000e0000000,0x00000000e9b80000)
  from space 16384K, 33% used [0x00000000e9b80000,0x00000000ea0dc270,0x00000000eab80000)
  to   space 15872K, 0% used [0x00000000ed700000,0x00000000ed700000,0x00000000ee680000)
 ParOldGen       total 51200K, used 41626K [0x00000000a0000000, 0x00000000a3200000, 0x00000000e0000000)
  object space 51200K, 81% used [0x00000000a0000000,0x00000000a28a6848,0x00000000a3200000)
 Metaspace       used 56858K, capacity 58875K, committed 58968K, reserved 1099776K
  class space    used 7744K, capacity 8259K, committed 8320K, reserved 1048576K
}
Event: 45.872 GC heap before
{Heap before GC invocations=18 (full 3):
 PSYoungGen      total 175616K, used 5488K [0x00000000e0000000, 0x00000000ee680000, 0x0000000100000000)
  eden space 159232K, 0% used [0x00000000e0000000,0x00000000e0000000,0x00000000e9b80000)
  from space 16384K, 33% used [0x00000000e9b80000,0x00000000ea0dc270,0x00000000eab80000)
  to   space 15872K, 0% used [0x00000000ed700000,0x00000000ed700000,0x00000000ee680000)
 ParOldGen       total 51200K, used 41626K [0x00000000a0000000, 0x00000000a3200000, 0x00000000e0000000)
  object space 51200K, 81% used [0x00000000a0000000,0x00000000a28a6848,0x00000000a3200000)
 Metaspace       used 56858K, capacity 58875K, committed 58968K, reserved 1099776K
  class space    used 7744K, capacity 8259K, committed 8320K, reserved 1048576K
Event: 46.435 GC heap after
Heap after GC invocations=18 (full 3):
 PSYoungGen      total 175616K, used 0K [0x00000000e0000000, 0x00000000ee680000, 0x0000000100000000)
  eden space 159232K, 0% used [0x00000000e0000000,0x00000000e0000000,0x00000000e9b80000)
  from space 16384K, 0% used [0x00000000e9b80000,0x00000000e9b80000,0x00000000eab80000)
  to   space 15872K, 0% used [0x00000000ed700000,0x00000000ed700000,0x00000000ee680000)
 ParOldGen       total 92160K, used 40750K [0x00000000a0000000, 0x00000000a5a00000, 0x00000000e0000000)
  object space 92160K, 44% used [0x00000000a0000000,0x00000000a27cb908,0x00000000a5a00000)
 Metaspace       used 56858K, capacity 58875K, committed 58968K, reserved 1099776K
  class space    used 7744K, capacity 8259K, committed 8320K, reserved 1048576K
}
Event: 47.797 GC heap before
{Heap before GC invocations=19 (full 3):
 PSYoungGen      total 175616K, used 159209K [0x00000000e0000000, 0x00000000ee680000, 0x0000000100000000)
  eden space 159232K, 99% used [0x00000000e0000000,0x00000000e9b7a708,0x00000000e9b80000)
  from space 16384K, 0% used [0x00000000e9b80000,0x00000000e9b80000,0x00000000eab80000)
  to   space 15872K, 0% used [0x00000000ed700000,0x00000000ed700000,0x00000000ee680000)
 ParOldGen       total 92160K, used 40750K [0x00000000a0000000, 0x00000000a5a00000, 0x00000000e0000000)
  object space 92160K, 44% used [0x00000000a0000000,0x00000000a27cb908,0x00000000a5a00000)
 Metaspace       used 58039K, capacity 60211K, committed 60376K, reserved 1101824K
  class space    used 7898K, capacity 8435K, committed 8448K, reserved 1048576K
Event: 47.806 GC heap after
Heap after GC invocations=19 (full 3):
 PSYoungGen      total 203776K, used 7061K [0x00000000e0000000, 0x00000000ede00000, 0x0000000100000000)
  eden space 196608K, 0% used [0x00000000e0000000,0x00000000e0000000,0x00000000ec000000)
  from space 7168K, 98% used [0x00000000ed700000,0x00000000edde5680,0x00000000ede00000)
  to   space 14848K, 0% used [0x00000000ec100000,0x00000000ec100000,0x00000000ecf80000)
 ParOldGen       total 92160K, used 40758K [0x00000000a0000000, 0x00000000a5a00000, 0x00000000e0000000)
  object space 92160K, 44% used [0x00000000a0000000,0x00000000a27cd908,0x00000000a5a00000)
 Metaspace       used 58039K, capacity 60211K, committed 60376K, reserved 1101824K
  class space    used 7898K, capacity 8435K, committed 8448K, reserved 1048576K
}
Event: 48.067 GC heap before
{Heap before GC invocations=20 (full 3):
 PSYoungGen      total 203776K, used 203669K [0x00000000e0000000, 0x00000000ede00000, 0x0000000100000000)
  eden space 196608K, 100% used [0x00000000e0000000,0x00000000ec000000,0x00000000ec000000)
  from space 7168K, 98% used [0x00000000ed700000,0x00000000edde5680,0x00000000ede00000)
  to   space 14848K, 0% used [0x00000000ec100000,0x00000000ec100000,0x00000000ecf80000)
 ParOldGen       total 92160K, used 40758K [0x00000000a0000000, 0x00000000a5a00000, 0x00000000e0000000)
  object space 92160K, 44% used [0x00000000a0000000,0x00000000a27cd908,0x00000000a5a00000)
 Metaspace       used 58138K, capacity 60333K, committed 60376K, reserved 1101824K
  class space    used 7916K, capacity 8448K, committed 8448K, reserved 1048576K
Event: 48.070 GC heap after
Heap after GC invocations=20 (full 3):
 PSYoungGen      total 212480K, used 656K [0x00000000e0000000, 0x00000000efe00000, 0x0000000100000000)
  eden space 197632K, 0% used [0x00000000e0000000,0x00000000e0000000,0x00000000ec100000)
  from space 14848K, 4% used [0x00000000ec100000,0x00000000ec1a4030,0x00000000ecf80000)
  to   space 15360K, 0% used [0x00000000eef00000,0x00000000eef00000,0x00000000efe00000)
 ParOldGen       total 92160K, used 40766K [0x00000000a0000000, 0x00000000a5a00000, 0x00000000e0000000)
  object space 92160K, 44% used [0x00000000a0000000,0x00000000a27cf908,0x00000000a5a00000)
 Metaspace       used 58138K, capacity 60333K, committed 60376K, reserved 1101824K
  class space    used 7916K, capacity 8448K, committed 8448K, reserved 1048576K
}

Deoptimization events (10 events):
Event: 372.486 Thread 0x0000000018e70800 Uncommon trap: reason=bimorphic action=maybe_recompile pc=0x0000000003c3e59c method=sun.reflect.GeneratedMethodAccessor3.invoke(Ljava/lang/Object;[Ljava/lang/Object;)Ljava/lang/Object; @ 48
Event: 372.488 Thread 0x0000000018e70800 Uncommon trap: reason=bimorphic action=maybe_recompile pc=0x0000000003c3e59c method=sun.reflect.GeneratedMethodAccessor3.invoke(Ljava/lang/Object;[Ljava/lang/Object;)Ljava/lang/Object; @ 48
Event: 372.489 Thread 0x0000000018e70800 Uncommon trap: reason=class_check action=maybe_recompile pc=0x0000000004152ea4 method=org.gradle.api.internal.changedetection.state.CachingFileHasher.snapshot(Ljava/io/File;JJ)Lorg/gradle/api/internal/changedetection/state/CachingFileHasher$FileInfo; @ 14
Event: 372.489 Thread 0x0000000018e70800 Uncommon trap: reason=unstable_if action=reinterpret pc=0x0000000003888d68 method=org.gradle.internal.hash.HashCode.equals(Ljava/lang/Object;)Z @ 2
Event: 372.489 Thread 0x0000000018e70800 Uncommon trap: reason=class_check action=maybe_recompile pc=0x0000000004152ea4 method=org.gradle.api.internal.changedetection.state.CachingFileHasher.snapshot(Ljava/io/File;JJ)Lorg/gradle/api/internal/changedetection/state/CachingFileHasher$FileInfo; @ 14
Event: 372.492 Thread 0x0000000018e70800 Uncommon trap: reason=bimorphic action=maybe_recompile pc=0x0000000003743460 method=sun.reflect.GeneratedMethodAccessor4.invoke(Ljava/lang/Object;[Ljava/lang/Object;)Ljava/lang/Object; @ 48
Event: 372.492 Thread 0x0000000018e70800 Uncommon trap: reason=bimorphic action=maybe_recompile pc=0x0000000003743460 method=sun.reflect.GeneratedMethodAccessor4.invoke(Ljava/lang/Object;[Ljava/lang/Object;)Ljava/lang/Object; @ 48
Event: 372.493 Thread 0x0000000018e70800 Uncommon trap: reason=bimorphic action=maybe_recompile pc=0x0000000003743460 method=sun.reflect.GeneratedMethodAccessor4.invoke(Ljava/lang/Object;[Ljava/lang/Object;)Ljava/lang/Object; @ 48
Event: 372.511 Thread 0x0000000018e70800 Uncommon trap: reason=bimorphic action=maybe_recompile pc=0x0000000003743460 method=sun.reflect.GeneratedMethodAccessor4.invoke(Ljava/lang/Object;[Ljava/lang/Object;)Ljava/lang/Object; @ 48
Event: 372.567 Thread 0x0000000018e70800 Uncommon trap: reason=class_check action=maybe_recompile pc=0x0000000004152ea4 method=org.gradle.api.internal.changedetection.state.CachingFileHasher.snapshot(Ljava/io/File;JJ)Lorg/gradle/api/internal/changedetection/state/CachingFileHasher$FileInfo; @ 14

Classes redefined (0 events):
No events

Internal exceptions (10 events):
Event: 49.069 Thread 0x0000000019807000 Exception <a 'java/lang/NoSuchMethodError': <clinit>> (0x00000000e2197c80) thrown at [D:\src\AOSP-openjdk-cygwin\jdk8u\hotspot\src\share\vm\prims\jni.cpp, line 1613]
Event: 49.070 Thread 0x0000000019807000 Exception <a 'java/lang/NoSuchMethodError': <clinit>> (0x00000000e21a1da0) thrown at [D:\src\AOSP-openjdk-cygwin\jdk8u\hotspot\src\share\vm\prims\jni.cpp, line 1613]
Event: 49.070 Thread 0x0000000019807000 Exception <a 'java/lang/NoSuchMethodError': <clinit>> (0x00000000e21ae140) thrown at [D:\src\AOSP-openjdk-cygwin\jdk8u\hotspot\src\share\vm\prims\jni.cpp, line 1613]
Event: 49.071 Thread 0x0000000019807000 Exception <a 'java/lang/NoSuchMethodError': <clinit>> (0x00000000e21b8aa8) thrown at [D:\src\AOSP-openjdk-cygwin\jdk8u\hotspot\src\share\vm\prims\jni.cpp, line 1613]
Event: 49.072 Thread 0x0000000019807000 Exception <a 'java/lang/NoSuchMethodError': <clinit>> (0x00000000e21c4470) thrown at [D:\src\AOSP-openjdk-cygwin\jdk8u\hotspot\src\share\vm\prims\jni.cpp, line 1613]
Event: 49.075 Thread 0x0000000019807000 Exception <a 'java/lang/NoSuchMethodError': <clinit>> (0x00000000e21dcd60) thrown at [D:\src\AOSP-openjdk-cygwin\jdk8u\hotspot\src\share\vm\prims\jni.cpp, line 1613]
Event: 49.076 Thread 0x0000000019807000 Exception <a 'java/lang/NoSuchMethodError': <clinit>> (0x00000000e21ed110) thrown at [D:\src\AOSP-openjdk-cygwin\jdk8u\hotspot\src\share\vm\prims\jni.cpp, line 1613]
Event: 49.079 Thread 0x0000000019807000 Exception <a 'java/lang/NoSuchMethodError': <clinit>> (0x00000000e21f1c40) thrown at [D:\src\AOSP-openjdk-cygwin\jdk8u\hotspot\src\share\vm\prims\jni.cpp, line 1613]
Event: 49.108 Thread 0x0000000019808000 Exception <a 'java/lang/NoSuchMethodError': <clinit>> (0x00000000e22cb9d0) thrown at [D:\src\AOSP-openjdk-cygwin\jdk8u\hotspot\src\share\vm\prims\jni.cpp, line 1613]
Event: 372.427 Thread 0x0000000018e70800 Implicit null exception at 0x000000000443e966 to 0x000000000443ea6d

Events (10 events):
Event: 372.549 Thread 0x000000001690b000 flushing nmethod 0x000000000466b150
Event: 372.549 Thread 0x000000001690b000 flushing nmethod 0x00000000046791d0
Event: 372.549 Thread 0x000000001690b000 flushing nmethod 0x000000000467d250
Event: 372.549 Thread 0x000000001690b000 flushing nmethod 0x0000000004690750
Event: 372.567 Thread 0x0000000018e70800 Uncommon trap: trap_request=0xffffffde fr.pc=0x0000000004152ea4
Event: 372.567 Thread 0x0000000018e70800 DEOPT PACKING pc=0x0000000004152ea4 sp=0x0000000024a8bc40
Event: 372.567 Thread 0x0000000018e70800 DEOPT UNPACKING pc=0x0000000002fd557b sp=0x0000000024a8bbe8 mode 2
Event: 372.573 Thread 0x0000000018e6c800 Thread added: 0x0000000018e6c800
Event: 372.589 Executing VM operation: RevokeBias
Event: 372.590 Executing VM operation: RevokeBias done


Dynamic libraries:
0x00007ff6ec060000 - 0x00007ff6ec091000 	C:\Program Files (x86)\Android\Android Studio\jre\bin\java.exe
0x00007ff88a130000 - 0x00007ff88a311000 	C:\WINDOWS\SYSTEM32\ntdll.dll
0x00007ff875ec0000 - 0x00007ff875ed4000 	C:\Program Files\AVAST Software\Avast\x64\aswhooka.dll
0x00007ff888890000 - 0x00007ff888942000 	C:\WINDOWS\System32\KERNEL32.DLL
0x00007ff886980000 - 0x00007ff886bf3000 	C:\WINDOWS\System32\KERNELBASE.dll
0x00007ff887f50000 - 0x00007ff887ff1000 	C:\WINDOWS\System32\ADVAPI32.dll
0x00007ff88a040000 - 0x00007ff88a0de000 	C:\WINDOWS\System32\msvcrt.dll
0x00007ff887d90000 - 0x00007ff887deb000 	C:\WINDOWS\System32\sechost.dll
0x00007ff8884b0000 - 0x00007ff8885d4000 	C:\WINDOWS\System32\RPCRT4.dll
0x00007ff887a80000 - 0x00007ff887c10000 	C:\WINDOWS\System32\USER32.dll
0x00007ff886500000 - 0x00007ff886520000 	C:\WINDOWS\System32\win32u.dll
0x00007ff888950000 - 0x00007ff888978000 	C:\WINDOWS\System32\GDI32.dll
0x00007ff886520000 - 0x00007ff8866b2000 	C:\WINDOWS\System32\gdi32full.dll
0x00007ff887520000 - 0x00007ff8875bf000 	C:\WINDOWS\System32\msvcp_win.dll
0x00007ff887420000 - 0x00007ff88751a000 	C:\WINDOWS\System32\ucrtbase.dll
0x00007ff873d70000 - 0x00007ff873fd9000 	C:\WINDOWS\WinSxS\amd64_microsoft.windows.common-controls_6595b64144ccf1df_6.0.17134.523_none_fb409dd930672a56\COMCTL32.dll
0x00007ff8876b0000 - 0x00007ff8879d2000 	C:\WINDOWS\System32\combase.dll
0x00007ff886900000 - 0x00007ff88697a000 	C:\WINDOWS\System32\bcryptPrimitives.dll
0x00007ff8885e0000 - 0x00007ff88860d000 	C:\WINDOWS\System32\IMM32.DLL
0x0000000064050000 - 0x0000000064122000 	C:\Program Files (x86)\Android\Android Studio\jre\jre\bin\msvcr100.dll
0x0000000064210000 - 0x0000000064a4f000 	C:\Program Files (x86)\Android\Android Studio\jre\jre\bin\server\jvm.dll
0x00007ff889dc0000 - 0x00007ff889dc8000 	C:\WINDOWS\System32\PSAPI.DLL
0x00007ff8710a0000 - 0x00007ff8710a9000 	C:\WINDOWS\SYSTEM32\WSOCK32.dll
0x00007ff887cc0000 - 0x00007ff887d2c000 	C:\WINDOWS\System32\WS2_32.dll
0x00007ff8817d0000 - 0x00007ff8817f3000 	C:\WINDOWS\SYSTEM32\WINMM.dll
0x00007ff87ab70000 - 0x00007ff87ab7a000 	C:\WINDOWS\SYSTEM32\VERSION.dll
0x00007ff8817a0000 - 0x00007ff8817ca000 	C:\WINDOWS\SYSTEM32\WINMMBASE.dll
0x00007ff8866c0000 - 0x00007ff886709000 	C:\WINDOWS\System32\cfgmgr32.dll
0x00007ff880750000 - 0x00007ff88075f000 	C:\Program Files (x86)\Android\Android Studio\jre\jre\bin\verify.dll
0x00007ff87afa0000 - 0x00007ff87afc9000 	C:\Program Files (x86)\Android\Android Studio\jre\jre\bin\java.dll
0x00007ff880730000 - 0x00007ff880746000 	C:\Program Files (x86)\Android\Android Studio\jre\jre\bin\zip.dll
0x00007ff888980000 - 0x00007ff889dc0000 	C:\WINDOWS\System32\SHELL32.dll
0x00007ff887c10000 - 0x00007ff887cb9000 	C:\WINDOWS\System32\shcore.dll
0x00007ff886c60000 - 0x00007ff88736d000 	C:\WINDOWS\System32\windows.storage.dll
0x00007ff888610000 - 0x00007ff888661000 	C:\WINDOWS\System32\shlwapi.dll
0x00007ff886470000 - 0x00007ff886481000 	C:\WINDOWS\System32\kernel.appcore.dll
0x00007ff886490000 - 0x00007ff8864af000 	C:\WINDOWS\System32\profapi.dll
0x00007ff8864b0000 - 0x00007ff8864fc000 	C:\WINDOWS\System32\powrprof.dll
0x00007ff886460000 - 0x00007ff88646a000 	C:\WINDOWS\System32\FLTLIB.DLL
0x00007ff87de90000 - 0x00007ff87deaa000 	C:\Program Files (x86)\Android\Android Studio\jre\jre\bin\net.dll
0x00007ff885cc0000 - 0x00007ff885d26000 	C:\WINDOWS\system32\mswsock.dll
0x00007ff87b570000 - 0x00007ff87b581000 	C:\Program Files (x86)\Android\Android Studio\jre\jre\bin\nio.dll
0x00007ff875a60000 - 0x00007ff875a7e000 	C:\Users\HP\.gradle\native\25\windows-amd64\native-platform.dll
0x00007ff8802f0000 - 0x00007ff8802fd000 	C:\Program Files (x86)\Android\Android Studio\jre\jre\bin\management.dll
0x00007ff885e70000 - 0x00007ff885e87000 	C:\WINDOWS\SYSTEM32\CRYPTSP.dll
0x00007ff8858a0000 - 0x00007ff8858d3000 	C:\WINDOWS\system32\rsaenh.dll
0x00007ff885fa0000 - 0x00007ff885fc5000 	C:\WINDOWS\SYSTEM32\bcrypt.dll
0x00007ff886340000 - 0x00007ff886368000 	C:\WINDOWS\SYSTEM32\USERENV.dll
0x00007ff885e90000 - 0x00007ff885e9b000 	C:\WINDOWS\SYSTEM32\CRYPTBASE.dll
0x00007ff885a40000 - 0x00007ff885a78000 	C:\WINDOWS\SYSTEM32\IPHLPAPI.DLL
0x00007ff88a0f0000 - 0x00007ff88a0f8000 	C:\WINDOWS\System32\NSI.dll
0x00007ff87c4a0000 - 0x00007ff87c4b6000 	C:\WINDOWS\SYSTEM32\dhcpcsvc6.DLL
0x00007ff87c940000 - 0x00007ff87c95a000 	C:\WINDOWS\SYSTEM32\dhcpcsvc.DLL

VM Arguments:
jvm_args: -Xmx1536m -Dfile.encoding=windows-1252 -Duser.country=US -Duser.language=en -Duser.variant 
java_command: org.gradle.launcher.daemon.bootstrap.GradleDaemon 4.4
java_class_path (initial): C:\Users\HP\.gradle\wrapper\dists\gradle-4.4-all\9br9xq1tocpiv8o6njlyu5op1\gradle-4.4\lib\gradle-launcher-4.4.jar
Launcher Type: SUN_STANDARD

Environment Variables:
PATH=C:\Program Files (x86)\Common Files\Oracle\Java\javapath;C:\Program Files (x86)\Common Files\ArcSoft\Bin;C:\Program Files (x86)\Intel\iCLS Client\;C:\Program Files\Intel\iCLS Client\;C:\WINDOWS\system32;C:\WINDOWS;C:\WINDOWS\System32\Wbem;C:\WINDOWS\System32\WindowsPowerShell\v1.0\;C:\Program Files (x86)\Intel\Intel(R) Management Engine Components\DAL;C:\Program Files\Intel\Intel(R) Management Engine Components\DAL;C:\Program Files (x86)\Intel\Intel(R) Management Engine Components\IPT;C:\Program Files\Intel\Intel(R) Management Engine Components\IPT;c:\Program Files\Intel\WiFi\bin\;c:\Program Files\Common Files\Intel\WirelessCommon\;C:\Program Files (x86)\GtkSharp\2.12\bin;C:\WINDOWS\System32\OpenSSH\;C:\Users\HP\AppData\Local\Android\Sdk;C:\Program Files (x86)\Java\jdk1.6.0_18\bin;%USERPROFILE%\AppData\Local\Microsoft\WindowsApps;
USERNAME=HP
OS=Windows_NT
PROCESSOR_IDENTIFIER=Intel64 Family 6 Model 61 Stepping 4, GenuineIntel



---------------  S Y S T E M  ---------------

OS: Windows 10.0 , 64 bit Build 17134 (10.0.17134.1)

CPU:total 4 (initial active 4) (2 cores per cpu, 2 threads per core) family 6 model 61 stepping 4, cmov, cx8, fxsr, mmx, sse, sse2, sse3, ssse3, sse4.1, sse4.2, popcnt, avx, avx2, aes, clmul, erms, 3dnowpref, lzcnt, ht, tsc, tscinvbit, bmi1, bmi2, adx

Memory: 4k page, physical 4082796k(538944k free), swap 4082796k(4812k free)

vm_info: OpenJDK 64-Bit Server VM (25.152-b02) for windows-amd64 JRE (1.8.0_152-release-1024-b02), built by "builder" with MS VC++ 10.0 (VS2010)

time: Mon Jan 14 04:05:52 2019
elapsed time: 372 seconds (0d 0h 6m 12s)

