JvmtiExport can_access_local_variables 0
JvmtiExport can_hotswap_or_post_breakpoint 0
JvmtiExport can_post_on_exceptions 0
# 542 ciObject found
ciMethod java/lang/Object <init> ()V 4097 1 134192 0 0
ciMethod java/lang/Object hashCode ()I 2049 1 256 0 -1
ciMethod java/lang/Object equals (Ljava/lang/Object;)Z 2057 1 3757 0 -1
ciMethod java/lang/Object clone ()Ljava/lang/Object; 2049 1 256 0 -1
ciMethod java/lang/String <init> ([CII)V 2897 1 5489 0 704
ciMethod java/lang/String <init> ([BIILjava/lang/String;)V 2049 1 987 0 -1
ciMethod java/lang/String <init> ([CZ)V 2049 1 10333 0 64
ciMethod java/lang/String length ()I 3089 1 84957 0 0
ciMethod java/lang/String charAt (I)C 4097 1 879869 0 -1
ciMethod java/lang/String codePointAt (I)I 881 1 3550 0 -1
ciMethod java/lang/String getChars ([CI)V 2121 1 5383 0 0
ciMethod java/lang/String equals (Ljava/lang/Object;)Z 2049 12873 10363 0 -1
ciMethod java/lang/String equalsIgnoreCase (Ljava/lang/String;)Z 2209 1 5439 0 1472
ciMethod java/lang/String regionMatches (ZILjava/lang/String;II)Z 1721 625 3583 0 0
ciMethod java/lang/String startsWith (Ljava/lang/String;)Z 2105 1 10900 0 -1
ciMethod java/lang/String hashCode ()I 2633 32769 1014 0 288
ciMethod java/lang/String indexOf (I)I 2089 1 125428 0 -1
ciMethod java/lang/String indexOf (II)I 1233 49849 861 0 -1
ciMethod java/lang/String indexOfSupplementary (II)I 0 0 1 0 -1
ciMethod java/lang/String lastIndexOf (I)I 2049 1 13278 0 0
ciMethod java/lang/String lastIndexOf (II)I 873 50873 901 0 288
ciMethod java/lang/String lastIndexOfSupplementary (II)I 0 0 1 0 -1
ciMethod java/lang/String substring (II)Ljava/lang/String; 2633 1 5727 0 992
ciMethod java/lang/String concat (Ljava/lang/String;)Ljava/lang/String; 2097 1 5383 0 896
ciMethod java/lang/String replace (CC)Ljava/lang/String; 977 49193 860 0 1152
ciMethod java/lang/String toUpperCase (Ljava/util/Locale;)Ljava/lang/String; 713 19417 865 0 2400
ciMethod java/lang/ClassLoader preDefineClass (Ljava/lang/String;Ljava/security/ProtectionDomain;)Ljava/security/ProtectionDomain; 4097 1 1817 0 -1
ciMethod java/lang/ClassLoader defineClassSourceLocation (Ljava/security/ProtectionDomain;)Ljava/lang/String; 4097 1 1817 0 -1
ciMethod java/lang/ClassLoader postDefineClass (Ljava/lang/Class;Ljava/security/ProtectionDomain;)V 3089 1 1817 0 -1
ciMethod java/lang/ClassLoader defineClass (Ljava/lang/String;[BIILjava/security/ProtectionDomain;)Ljava/lang/Class; 3209 1 1790 0 -1
ciMethod java/lang/ClassLoader defineClass1 (Ljava/lang/String;[BIILjava/security/ProtectionDomain;Ljava/lang/String;)Ljava/lang/Class; 5129 1 641 0 -1
ciMethod java/lang/ClassLoader checkName (Ljava/lang/String;)Z 2057 1 5429 0 -1
ciMethod java/lang/ClassLoader checkCerts (Ljava/lang/String;Ljava/security/CodeSource;)V 4097 1 1817 0 -1
ciMethod java/lang/ClassLoader definePackage (Ljava/lang/String;Ljava/lang/String;Ljava/lang/String;Ljava/lang/String;Ljava/lang/String;Ljava/lang/String;Ljava/lang/String;Ljava/net/URL;)Ljava/lang/Package; 1321 1 324 0 0
ciMethod java/lang/ClassLoader getPackage (Ljava/lang/String;)Ljava/lang/Package; 2049 1 3567 0 0
ciMethod java/lang/System nanoTime ()J 3073 1 384 0 -1
ciMethod java/lang/System arraycopy (Ljava/lang/Object;ILjava/lang/Object;II)V 4097 1 512 0 -1
ciMethod java/lang/Throwable addSuppressed (Ljava/lang/Throwable;)V 0 0 1 0 0
ciMethod java/security/ProtectionDomain <init> (Ljava/security/CodeSource;Ljava/security/PermissionCollection;Ljava/lang/ClassLoader;[Ljava/security/Principal;)V 521 1 96 0 -1
ciMethod java/security/ProtectionDomain getCodeSource ()Ljava/security/CodeSource; 1033 1 129 0 -1
ciMethod java/security/SecureClassLoader defineClass (Ljava/lang/String;[BIILjava/security/CodeSource;)Ljava/lang/Class; 3217 1 1771 0 0
ciMethod java/security/SecureClassLoader defineClass (Ljava/lang/String;Ljava/nio/ByteBuffer;Ljava/security/CodeSource;)Ljava/lang/Class; 0 0 1 0 -1
ciMethod java/security/SecureClassLoader getPermissions (Ljava/security/CodeSource;)Ljava/security/PermissionCollection; 529 1 62 0 -1
ciMethod java/security/SecureClassLoader getProtectionDomain (Ljava/security/CodeSource;)Ljava/security/ProtectionDomain; 3209 1 1790 0 -1
ciMethod java/lang/NoClassDefFoundError <init> (Ljava/lang/String;)V 9 1 1 0 -1
ciMethod java/lang/ref/Reference get ()Ljava/lang/Object; 1105 1 138 0 -1
ciMethod java/lang/ref/Reference <init> (Ljava/lang/Object;)V 3073 1 3438 0 0
ciMethod java/lang/ref/Reference <init> (Ljava/lang/Object;Ljava/lang/ref/ReferenceQueue;)V 2065 1 11409 0 96
ciMethod java/lang/ref/SoftReference <init> (Ljava/lang/Object;)V 1793 1 1198 0 0
ciMethod java/lang/ref/SoftReference get ()Ljava/lang/Object; 2049 1 4609 0 0
ciMethod java/lang/Thread currentThread ()Ljava/lang/Thread; 2049 1 256 0 -1
ciMethod java/lang/Thread interrupt ()V 0 0 1 0 -1
ciMethod java/lang/Thread interrupted ()Z 4097 1 1807 0 -1
ciMethod java/util/Map get (Ljava/lang/Object;)Ljava/lang/Object; 0 0 1 0 -1
ciMethod java/util/Map put (Ljava/lang/Object;Ljava/lang/Object;)Ljava/lang/Object; 0 0 1 0 -1
ciMethod java/util/Hashtable <init> (IF)V 2065 1 550 0 0
ciMethod java/util/Hashtable <init> (I)V 1145 1 139 0 0
ciMethod java/util/Hashtable <init> ()V 2049 1 411 0 0
ciMethod java/util/Dictionary <init> ()V 2065 1 550 0 0
ciMethod java/lang/StringBuilder <init> ()V 945 1 7581 0 -1
ciMethod java/lang/StringBuilder append (Ljava/lang/Object;)Ljava/lang/StringBuilder; 785 1 399 0 -1
ciMethod java/lang/StringBuilder append (Ljava/lang/String;)Ljava/lang/StringBuilder; 2065 1 11938 0 -1
ciMethod java/lang/StringBuilder append (I)Ljava/lang/StringBuilder; 1 1 402 0 -1
ciMethod java/lang/StringBuilder append (F)Ljava/lang/StringBuilder; 0 0 1 0 -1
ciMethod java/lang/StringBuilder toString ()Ljava/lang/String; 1025 1 7631 0 -1
ciMethod java/io/ByteArrayInputStream <init> ([B)V 185 1 140 0 0
ciMethod java/io/InputStream <init> ()V 2113 1 5084 0 0
ciMethod java/io/InputStream read ([BII)I 9 1465 1 0 -1
ciMethod java/io/InputStream close ()V 0 0 1 0 -1
ciMethod java/net/URLClassLoader getAndVerifyPackage (Ljava/lang/String;Ljava/util/jar/Manifest;Ljava/net/URL;)Ljava/lang/Package; 4097 1 1779 0 0
ciMethod java/net/URLClassLoader definePackageInternal (Ljava/lang/String;Ljava/util/jar/Manifest;Ljava/net/URL;)V 3209 1 1771 0 0
ciMethod java/net/URLClassLoader defineClass (Ljava/lang/String;Lsun/misc/Resource;)Ljava/lang/Class; 1161 1 1771 0 0
ciMethod java/net/URLClassLoader definePackage (Ljava/lang/String;Ljava/util/jar/Manifest;Ljava/net/URL;)Ljava/lang/Package; 1321 1 324 0 0
ciMethod java/net/URLClassLoader isSealed (Ljava/lang/String;Ljava/util/jar/Manifest;)Z 2057 1 1455 0 0
ciMethod java/net/URLClassLoader access$000 (Ljava/net/URLClassLoader;)Lsun/misc/URLClassPath; 1129 1 141 0 0
ciMethod java/net/URLClassLoader access$100 (Ljava/net/URLClassLoader;Ljava/lang/String;Lsun/misc/Resource;)Ljava/lang/Class; 1161 1 1769 0 0
ciMethod java/net/URL getRef ()Ljava/lang/String; 1193 1 149 0 -1
ciMethod java/net/URL equals (Ljava/lang/Object;)Z 2057 1 1756 0 -1
ciMethod java/util/jar/Manifest <init> (Ljava/io/InputStream;)V 185 1 138 0 0
ciMethod java/util/jar/Manifest getMainAttributes ()Ljava/util/jar/Attributes; 1025 1 128 0 0
ciMethod java/util/jar/Manifest getEntries ()Ljava/util/Map; 1025 1 128 0 0
ciMethod java/util/jar/Manifest getAttributes (Ljava/lang/String;)Ljava/util/jar/Attributes; 2953 1 1880 0 0
ciMethod java/util/jar/Manifest read (Ljava/io/InputStream;)V 185 1 139 0 -1
ciMethod java/util/jar/Manifest parseName ([BI)Ljava/lang/String; 401 1 49 0 -1
ciMethod java/security/CodeSource <init> (Ljava/net/URL;[Ljava/security/CodeSigner;)V 3209 1 1771 0 0
ciMethod java/lang/Character charCount (I)I 1193 1 6765 0 -1
ciMethod java/lang/Character toChars (I[CI)I 0 0 1 0 -1
ciMethod java/lang/Character toChars (I)[C 0 0 1 0 -1
ciMethod java/lang/Character toLowerCase (C)C 2057 1 13503 0 0
ciMethod java/lang/Character toLowerCase (I)I 4097 1 108008 0 160
ciMethod java/lang/Character toUpperCase (C)C 2209 1 12257 0 192
ciMethod java/lang/Character toUpperCase (I)I 2209 1 12257 0 0
ciMethod java/lang/Character toUpperCaseEx (I)I 2073 1 27717 0 -1
ciMethod java/lang/Character toUpperCaseCharArray (I)[C 0 0 1 0 -1
ciMethod java/lang/Float isNaN (F)Z 2049 1 2230 0 0
ciMethod java/lang/Float floatToRawIntBits (F)I 9 1 1 0 -1
ciMethod java/lang/NullPointerException <init> (Ljava/lang/String;)V 0 0 1 0 -1
ciMethod java/util/Comparator compare (Ljava/lang/Object;Ljava/lang/Object;)I 0 0 1 0 -1
ciMethod java/security/AccessController doPrivileged (Ljava/security/PrivilegedAction;)Ljava/lang/Object; 2049 1 256 0 -1
ciMethod java/util/List add (Ljava/lang/Object;)Z 0 0 1 0 -1
ciMethod java/util/AbstractList <init> ()V 2049 1 3567 0 0
ciMethod java/util/AbstractCollection <init> ()V 425 1 6262 0 0
ciMethod java/util/ArrayList <init> (I)V 2105 1 1051 0 -1
ciMethod java/util/ArrayList <init> ()V 1145 1 1155 0 0
ciMethod java/util/ArrayList get (I)Ljava/lang/Object; 1921 1 6153 0 -1
ciMethod java/util/AbstractMap <init> ()V 521 1 2967 0 0
ciMethod java/util/HashMap hash (Ljava/lang/Object;)I 2089 1 20245 0 0
ciMethod java/util/HashMap tableSizeFor (I)I 2057 1 1181 0 -1
ciMethod java/util/HashMap <init> (IF)V 2049 1 1178 0 0
ciMethod java/util/HashMap <init> (I)V 1105 1 651 0 0
ciMethod java/util/HashMap <init> ()V 201 1 1199 0 0
ciMethod java/util/HashMap get (Ljava/lang/Object;)Ljava/lang/Object; 2049 1 11544 0 576
ciMethod java/util/HashMap getNode (ILjava/lang/Object;)Ljava/util/HashMap$Node; 2065 1 5443 0 544
ciMethod java/util/HashMap put (Ljava/lang/Object;Ljava/lang/Object;)Ljava/lang/Object; 1201 1 6488 0 224
ciMethod java/util/HashMap putVal (ILjava/lang/Object;Ljava/lang/Object;ZZ)Ljava/lang/Object; 1225 25 5915 0 1120
ciMethod java/util/HashMap resize ()[Ljava/util/HashMap$Node; 529 641 1683 0 -1
ciMethod java/util/HashMap treeifyBin ([Ljava/util/HashMap$Node;I)V 0 0 1 0 -1
ciMethod java/util/HashMap newNode (ILjava/lang/Object;Ljava/lang/Object;Ljava/util/HashMap$Node;)Ljava/util/HashMap$Node; 2073 1 5412 0 224
ciMethod java/util/HashMap afterNodeAccess (Ljava/util/HashMap$Node;)V 2049 1 1160 0 0
ciMethod java/util/HashMap afterNodeInsertion (Z)V 2073 1 1288 0 0
ciMethod java/util/HashMap$Node <init> (ILjava/lang/Object;Ljava/lang/Object;Ljava/util/HashMap$Node;)V 2097 1 13643 0 0
ciMethod sun/misc/VM allowArraySyntax ()Z 2057 1 5429 0 -1
ciMethod java/lang/Math max (II)I 617 1 44685 0 -1
ciMethod java/lang/Math min (II)I 3321 1 40767 0 -1
ciMethod java/lang/Math min (FF)F 2049 1 578 0 0
ciMethod java/io/OutputStream <init> ()V 2057 1 310 0 0
ciMethod java/util/Arrays copyOf ([BI)[B 2057 1 9323 0 -1
ciMethod java/util/Arrays copyOf ([CI)[C 985 1 14267 0 0
ciMethod java/util/Arrays copyOfRange ([CII)[C 3089 1 5878 0 512
ciMethod java/io/PrintStream println (Ljava/lang/String;)V 0 0 1 0 -1
ciMethodData java/lang/Object <init> ()V 2 134194 orig 264 56 173 138 108 0 0 0 0 128 4 140 21 0 0 0 0 32 1 0 0 0 0 0 0 0 0 0 0 0 0 0 0 0 0 0 0 0 0 0 0 0 0 0 0 0 0 0 0 0 0 0 0 0 0 0 0 0 0 0 0 0 0 0 0 0 0 0 0 0 0 0 0 0 0 0 0 0 0 0 0 77 68 79 32 101 120 116 114 97 32 100 97 116 97 32 108 111 99 107 0 0 0 0 0 0 0 0 0 0 0 0 0 0 0 0 0 0 0 0 0 0 0 0 0 0 0 0 0 0 0 0 0 0 0 0 0 0 0 0 0 0 0 0 0 0 0 0 0 0 0 0 0 0 0 0 0 0 0 0 0 0 0 0 0 0 0 0 0 0 0 0 0 0 0 0 0 0 0 0 0 0 0 0 0 1 0 0 0 0 0 0 0 1 0 0 0 0 0 0 0 1 0 0 0 0 0 0 0 0 0 0 0 0 0 0 0 0 2 0 0 145 81 16 0 1 0 0 0 0 0 0 0 0 0 0 0 2 0 0 0 0 0 3 0 1 0 0 0 0 0 0 0 255 255 255 255 0 0 0 0 0 0 0 0 data 0 oops 0
ciMethod java/lang/IllegalArgumentException <init> (Ljava/lang/String;)V 0 0 1 0 -1
ciMethod java/lang/IllegalArgumentException <init> (Ljava/lang/String;Ljava/lang/Throwable;)V 0 0 1 0 -1
ciMethod sun/security/util/Debug println (Ljava/lang/String;)V 0 0 1 0 -1
ciMethod sun/misc/MetaIndex mayContain (Ljava/lang/String;)Z 1673 2585 3177 0 -1
ciMethodData java/lang/String charAt (I)C 2 880707 orig 264 56 173 138 108 0 0 0 0 176 61 140 21 0 0 0 0 120 1 0 0 32 0 0 0 0 0 0 0 0 0 0 0 0 0 0 0 0 0 0 0 0 0 0 0 0 0 0 0 0 0 0 0 0 0 0 0 0 0 0 0 0 0 0 0 0 0 0 0 0 0 0 0 0 0 0 0 0 0 0 0 77 68 79 32 101 120 116 114 97 32 100 97 116 97 32 108 111 99 107 0 0 0 0 0 0 0 0 0 0 0 0 0 0 0 0 0 0 0 0 0 0 0 0 0 0 0 0 0 0 0 0 0 0 0 0 0 0 0 0 0 0 0 0 0 0 0 0 0 0 0 0 0 0 0 0 0 0 0 0 0 0 0 0 0 0 0 0 0 0 0 0 0 0 0 0 0 0 0 0 0 0 0 0 0 0 0 0 0 0 0 0 0 0 0 0 0 0 0 0 0 0 0 0 0 0 0 0 0 0 0 0 0 0 0 0 0 0 2 0 0 25 114 107 0 1 0 0 0 0 0 0 0 0 0 0 0 2 0 0 0 0 0 8 0 2 0 0 0 80 0 0 0 255 255 255 255 7 0 1 0 0 0 0 0 data 10 0x10007 0x0 0x40 0xd6e43 0xa0007 0xd6e43 0x30 0x0 0x120002 0x0 oops 0
ciMethod java/util/Locale getLanguage ()Ljava/lang/String; 449 1 1301 0 -1
ciMethod java/lang/CharacterData toLowerCase (I)I 0 0 1 0 -1
ciMethod java/lang/CharacterData toUpperCase (I)I 0 0 1 0 -1
ciMethod java/lang/CharacterData of (I)Ljava/lang/CharacterData; 4097 1 6467 0 96
ciMethod java/lang/CharacterDataLatin1 getProperties (I)I 4097 1 24809 0 -1
ciMethod java/lang/CharacterDataLatin1 toLowerCase (I)I 4097 1 5632 0 160
ciMethod java/lang/CharacterDataLatin1 toUpperCase (I)I 3089 1 5705 0 160
ciMethod java/util/HashMap$TreeNode getTreeNode (ILjava/lang/Object;)Ljava/util/HashMap$TreeNode; 0 0 1 0 -1
ciMethod java/util/HashMap$TreeNode putTreeVal (Ljava/util/HashMap;[Ljava/util/HashMap$Node;ILjava/lang/Object;Ljava/lang/Object;)Ljava/util/HashMap$TreeNode; 0 0 1 0 -1
ciMethod java/util/HashMap$TreeNode split (Ljava/util/HashMap;[Ljava/util/HashMap$Node;II)V 0 0 1 0 -1
ciMethodData java/lang/Character toLowerCase (I)I 2 108008 orig 264 56 173 138 108 0 0 0 0 160 178 149 21 0 0 0 0 136 1 0 0 0 0 0 0 0 0 0 0 0 0 0 0 0 0 0 0 0 0 0 0 0 0 0 0 0 0 0 0 0 0 0 0 0 0 0 0 0 0 0 0 0 0 0 0 0 0 0 0 0 0 0 0 0 0 0 0 0 0 0 0 77 68 79 32 101 120 116 114 97 32 100 97 116 97 32 108 111 99 107 0 0 0 0 0 0 0 0 0 0 0 0 0 0 0 0 0 0 0 0 0 0 0 0 0 0 0 0 0 0 0 0 0 0 0 0 0 0 0 0 0 0 0 0 0 0 0 0 0 0 0 0 0 0 0 0 0 0 0 0 0 0 0 0 0 0 0 0 0 0 0 0 0 0 0 0 0 0 0 0 0 0 0 0 0 0 0 0 0 0 0 0 0 0 0 0 0 0 0 0 0 0 0 0 0 0 0 0 0 0 0 0 0 0 0 0 0 0 2 0 0 65 31 13 0 1 0 0 0 0 0 0 0 0 0 0 0 2 0 0 0 0 0 3 0 2 0 0 0 64 0 0 0 255 255 255 255 2 0 1 0 0 0 0 0 data 8 0x10002 0x1a3e8 0x50005 0x0 0x194e92c0 0x1a3e8 0x0 0x0 oops 1